[2022-12-07T07:17:10.875+0000] {taskinstance.py:1165} INFO - Dependencies all met for <TaskInstance: dag.task_1_0 manual__2022-12-07T07:17:09.003141+00:00 [queued]>
[2022-12-07T07:17:10.918+0000] {taskinstance.py:1165} INFO - Dependencies all met for <TaskInstance: dag.task_1_0 manual__2022-12-07T07:17:09.003141+00:00 [queued]>
[2022-12-07T07:17:10.921+0000] {taskinstance.py:1362} INFO - 
--------------------------------------------------------------------------------
[2022-12-07T07:17:10.922+0000] {taskinstance.py:1363} INFO - Starting attempt 1 of 1
[2022-12-07T07:17:10.932+0000] {taskinstance.py:1364} INFO - 
--------------------------------------------------------------------------------
[2022-12-07T07:17:11.001+0000] {taskinstance.py:1383} INFO - Executing <Task(PythonOperator): task_1_0> on 2022-12-07 07:17:09.003141+00:00
[2022-12-07T07:17:11.021+0000] {standard_task_runner.py:55} INFO - Started process 27919 to run task
[2022-12-07T07:17:11.037+0000] {standard_task_runner.py:82} INFO - Running: ['***', 'tasks', 'run', 'dag', 'task_1_0', 'manual__2022-12-07T07:17:09.003141+00:00', '--job-id', '1444', '--raw', '--subdir', 'DAGS_FOLDER/dag.py', '--cfg-path', '/tmp/tmpd84kzj1j']
[2022-12-07T07:17:11.043+0000] {standard_task_runner.py:83} INFO - Job 1444: Subtask task_1_0
[2022-12-07T07:17:11.412+0000] {task_command.py:376} INFO - Running <TaskInstance: dag.task_1_0 manual__2022-12-07T07:17:09.003141+00:00 [running]> on host 505aa50095aa
[2022-12-07T07:17:11.739+0000] {taskinstance.py:1592} INFO - Exporting the following env vars:
AIRFLOW_CTX_DAG_OWNER=lofitravel
AIRFLOW_CTX_DAG_ID=dag
AIRFLOW_CTX_TASK_ID=task_1_0
AIRFLOW_CTX_EXECUTION_DATE=2022-12-07T07:17:09.003141+00:00
AIRFLOW_CTX_TRY_NUMBER=1
AIRFLOW_CTX_DAG_RUN_ID=manual__2022-12-07T07:17:09.003141+00:00
[2022-12-07T07:17:12.413+0000] {logging_mixin.py:137} INFO - курс одного EUR к RUB: 65.83580088
[2022-12-07T07:17:12.453+0000] {python.py:177} INFO - Done. Returned value was: None
[2022-12-07T07:17:12.481+0000] {taskinstance.py:1406} INFO - Marking task as SUCCESS. dag_id=dag, task_id=task_1_0, execution_date=20221207T071709, start_date=20221207T071710, end_date=20221207T071712
[2022-12-07T07:17:12.564+0000] {local_task_job.py:159} INFO - Task exited with return code 0
[2022-12-07T07:17:12.602+0000] {taskinstance.py:2623} INFO - 1 downstream tasks scheduled from follow-on schedule check
