[2022-12-04T15:36:04.047+0000] {taskinstance.py:1165} INFO - Dependencies all met for <TaskInstance: dag.task_4 scheduled__2022-12-04T15:35:00+00:00 [queued]>
[2022-12-04T15:36:04.061+0000] {taskinstance.py:1165} INFO - Dependencies all met for <TaskInstance: dag.task_4 scheduled__2022-12-04T15:35:00+00:00 [queued]>
[2022-12-04T15:36:04.061+0000] {taskinstance.py:1362} INFO - 
--------------------------------------------------------------------------------
[2022-12-04T15:36:04.062+0000] {taskinstance.py:1363} INFO - Starting attempt 1 of 1
[2022-12-04T15:36:04.062+0000] {taskinstance.py:1364} INFO - 
--------------------------------------------------------------------------------
[2022-12-04T15:36:04.079+0000] {taskinstance.py:1383} INFO - Executing <Task(BashOperator): task_4> on 2022-12-04 15:35:00+00:00
[2022-12-04T15:36:04.083+0000] {standard_task_runner.py:55} INFO - Started process 8907 to run task
[2022-12-04T15:36:04.086+0000] {standard_task_runner.py:82} INFO - Running: ['***', 'tasks', 'run', 'dag', 'task_4', 'scheduled__2022-12-04T15:35:00+00:00', '--job-id', '582', '--raw', '--subdir', 'DAGS_FOLDER/dag.py', '--cfg-path', '/tmp/tmpsnr34haz']
[2022-12-04T15:36:04.087+0000] {standard_task_runner.py:83} INFO - Job 582: Subtask task_4
[2022-12-04T15:36:04.156+0000] {task_command.py:376} INFO - Running <TaskInstance: dag.task_4 scheduled__2022-12-04T15:35:00+00:00 [running]> on host 37018d05bc9d
[2022-12-04T15:36:04.235+0000] {taskinstance.py:1592} INFO - Exporting the following env vars:
AIRFLOW_CTX_DAG_OWNER=lofitravel
AIRFLOW_CTX_DAG_ID=dag
AIRFLOW_CTX_TASK_ID=task_4
AIRFLOW_CTX_EXECUTION_DATE=2022-12-04T15:35:00+00:00
AIRFLOW_CTX_TRY_NUMBER=1
AIRFLOW_CTX_DAG_RUN_ID=scheduled__2022-12-04T15:35:00+00:00
[2022-12-04T15:36:04.236+0000] {subprocess.py:63} INFO - Tmp dir root location: 
 /tmp
[2022-12-04T15:36:04.237+0000] {subprocess.py:75} INFO - Running command: ['/bin/bash', '-c', 'echo "Hello World from Task 4"']
[2022-12-04T15:36:04.247+0000] {subprocess.py:86} INFO - Output:
[2022-12-04T15:36:04.248+0000] {subprocess.py:93} INFO - Hello World from Task 4
[2022-12-04T15:36:04.249+0000] {subprocess.py:97} INFO - Command exited with return code 0
[2022-12-04T15:36:04.276+0000] {taskinstance.py:1406} INFO - Marking task as SUCCESS. dag_id=dag, task_id=task_4, execution_date=20221204T153500, start_date=20221204T153604, end_date=20221204T153604
[2022-12-04T15:36:04.298+0000] {local_task_job.py:159} INFO - Task exited with return code 0
[2022-12-04T15:36:04.316+0000] {taskinstance.py:2623} INFO - 0 downstream tasks scheduled from follow-on schedule check
