[2022-12-07T19:06:05.274+0000] {taskinstance.py:1165} INFO - Dependencies all met for <TaskInstance: dag.encryption manual__2022-12-07T19:06:02.856866+00:00 [queued]>
[2022-12-07T19:06:05.302+0000] {taskinstance.py:1165} INFO - Dependencies all met for <TaskInstance: dag.encryption manual__2022-12-07T19:06:02.856866+00:00 [queued]>
[2022-12-07T19:06:05.303+0000] {taskinstance.py:1362} INFO - 
--------------------------------------------------------------------------------
[2022-12-07T19:06:05.303+0000] {taskinstance.py:1363} INFO - Starting attempt 1 of 1
[2022-12-07T19:06:05.304+0000] {taskinstance.py:1364} INFO - 
--------------------------------------------------------------------------------
[2022-12-07T19:06:05.333+0000] {taskinstance.py:1383} INFO - Executing <Task(PythonOperator): encryption> on 2022-12-07 19:06:02.856866+00:00
[2022-12-07T19:06:05.340+0000] {standard_task_runner.py:55} INFO - Started process 4997 to run task
[2022-12-07T19:06:05.354+0000] {standard_task_runner.py:82} INFO - Running: ['***', 'tasks', 'run', 'dag', 'encryption', 'manual__2022-12-07T19:06:02.856866+00:00', '--job-id', '1836', '--raw', '--subdir', 'DAGS_FOLDER/dag.py', '--cfg-path', '/tmp/tmpzq5w14sl']
[2022-12-07T19:06:05.355+0000] {standard_task_runner.py:83} INFO - Job 1836: Subtask encryption
[2022-12-07T19:06:05.613+0000] {task_command.py:376} INFO - Running <TaskInstance: dag.encryption manual__2022-12-07T19:06:02.856866+00:00 [running]> on host a9d6893ff63e
[2022-12-07T19:06:05.962+0000] {taskinstance.py:1592} INFO - Exporting the following env vars:
AIRFLOW_CTX_DAG_OWNER=lofitravel
AIRFLOW_CTX_DAG_ID=dag
AIRFLOW_CTX_TASK_ID=encryption
AIRFLOW_CTX_EXECUTION_DATE=2022-12-07T19:06:02.856866+00:00
AIRFLOW_CTX_TRY_NUMBER=1
AIRFLOW_CTX_DAG_RUN_ID=manual__2022-12-07T19:06:02.856866+00:00
[2022-12-07T19:06:05.990+0000] {logging_mixin.py:137} INFO - var ['82adcbbbae7a13d16e0b68fa1f50c023', '***_user', '***_ps', '***_database']
[2022-12-07T19:06:05.991+0000] {python.py:177} INFO - Done. Returned value was: ['82adcbbbae7a13d16e0b68fa1f50c023', '***_user', '***_ps', '***_database']
[2022-12-07T19:06:06.093+0000] {taskinstance.py:1406} INFO - Marking task as SUCCESS. dag_id=dag, task_id=encryption, execution_date=20221207T190602, start_date=20221207T190605, end_date=20221207T190606
[2022-12-07T19:06:06.161+0000] {local_task_job.py:159} INFO - Task exited with return code 0
[2022-12-07T19:06:06.235+0000] {taskinstance.py:2623} INFO - 1 downstream tasks scheduled from follow-on schedule check
