[2022-12-06T19:18:52.652+0000] {taskinstance.py:1165} INFO - Dependencies all met for <TaskInstance: dag.pull_data manual__2022-12-06T19:18:41.224457+00:00 [queued]>
[2022-12-06T19:18:52.681+0000] {taskinstance.py:1165} INFO - Dependencies all met for <TaskInstance: dag.pull_data manual__2022-12-06T19:18:41.224457+00:00 [queued]>
[2022-12-06T19:18:52.682+0000] {taskinstance.py:1362} INFO - 
--------------------------------------------------------------------------------
[2022-12-06T19:18:52.683+0000] {taskinstance.py:1363} INFO - Starting attempt 1 of 1
[2022-12-06T19:18:52.685+0000] {taskinstance.py:1364} INFO - 
--------------------------------------------------------------------------------
[2022-12-06T19:18:52.730+0000] {taskinstance.py:1383} INFO - Executing <Task(PythonOperator): pull_data> on 2022-12-06 19:18:41.224457+00:00
[2022-12-06T19:18:52.739+0000] {standard_task_runner.py:55} INFO - Started process 2766 to run task
[2022-12-06T19:18:52.747+0000] {standard_task_runner.py:82} INFO - Running: ['***', 'tasks', 'run', 'dag', 'pull_data', 'manual__2022-12-06T19:18:41.224457+00:00', '--job-id', '1061', '--raw', '--subdir', 'DAGS_FOLDER/dag.py', '--cfg-path', '/tmp/tmp87eszq0k']
[2022-12-06T19:18:52.748+0000] {standard_task_runner.py:83} INFO - Job 1061: Subtask pull_data
[2022-12-06T19:18:52.954+0000] {task_command.py:376} INFO - Running <TaskInstance: dag.pull_data manual__2022-12-06T19:18:41.224457+00:00 [running]> on host f1257ac346c8
[2022-12-06T19:18:53.153+0000] {taskinstance.py:1592} INFO - Exporting the following env vars:
AIRFLOW_CTX_DAG_OWNER=lofitravel
AIRFLOW_CTX_DAG_ID=dag
AIRFLOW_CTX_TASK_ID=pull_data
AIRFLOW_CTX_EXECUTION_DATE=2022-12-06T19:18:41.224457+00:00
AIRFLOW_CTX_TRY_NUMBER=1
AIRFLOW_CTX_DAG_RUN_ID=manual__2022-12-06T19:18:41.224457+00:00
[2022-12-06T19:18:53.180+0000] {logging_mixin.py:137} INFO - [0.95566488, 63.07432015, 66.00045848]
[2022-12-06T19:18:53.181+0000] {python.py:177} INFO - Done. Returned value was: None
[2022-12-06T19:18:53.209+0000] {taskinstance.py:1406} INFO - Marking task as SUCCESS. dag_id=dag, task_id=pull_data, execution_date=20221206T191841, start_date=20221206T191852, end_date=20221206T191853
[2022-12-06T19:18:53.281+0000] {local_task_job.py:159} INFO - Task exited with return code 0
[2022-12-06T19:18:53.341+0000] {taskinstance.py:2623} INFO - 0 downstream tasks scheduled from follow-on schedule check
