[2022-12-06T20:10:38.528+0000] {taskinstance.py:1165} INFO - Dependencies all met for <TaskInstance: dag.pull_data manual__2022-12-06T20:10:32.293207+00:00 [queued]>
[2022-12-06T20:10:38.544+0000] {taskinstance.py:1165} INFO - Dependencies all met for <TaskInstance: dag.pull_data manual__2022-12-06T20:10:32.293207+00:00 [queued]>
[2022-12-06T20:10:38.545+0000] {taskinstance.py:1362} INFO - 
--------------------------------------------------------------------------------
[2022-12-06T20:10:38.546+0000] {taskinstance.py:1363} INFO - Starting attempt 1 of 1
[2022-12-06T20:10:38.546+0000] {taskinstance.py:1364} INFO - 
--------------------------------------------------------------------------------
[2022-12-06T20:10:38.570+0000] {taskinstance.py:1383} INFO - Executing <Task(PythonOperator): pull_data> on 2022-12-06 20:10:32.293207+00:00
[2022-12-06T20:10:38.576+0000] {standard_task_runner.py:55} INFO - Started process 1015 to run task
[2022-12-06T20:10:38.581+0000] {standard_task_runner.py:82} INFO - Running: ['***', 'tasks', 'run', 'dag', 'pull_data', 'manual__2022-12-06T20:10:32.293207+00:00', '--job-id', '1081', '--raw', '--subdir', 'DAGS_FOLDER/dag.py', '--cfg-path', '/tmp/tmpmmdm59sy']
[2022-12-06T20:10:38.582+0000] {standard_task_runner.py:83} INFO - Job 1081: Subtask pull_data
[2022-12-06T20:10:38.685+0000] {task_command.py:376} INFO - Running <TaskInstance: dag.pull_data manual__2022-12-06T20:10:32.293207+00:00 [running]> on host 74768727baca
[2022-12-06T20:10:38.805+0000] {taskinstance.py:1592} INFO - Exporting the following env vars:
AIRFLOW_CTX_DAG_OWNER=lofitravel
AIRFLOW_CTX_DAG_ID=dag
AIRFLOW_CTX_TASK_ID=pull_data
AIRFLOW_CTX_EXECUTION_DATE=2022-12-06T20:10:32.293207+00:00
AIRFLOW_CTX_TRY_NUMBER=1
AIRFLOW_CTX_DAG_RUN_ID=manual__2022-12-06T20:10:32.293207+00:00
[2022-12-06T20:10:38.819+0000] {logging_mixin.py:137} INFO - [0.95555388, 63.38409225, 66.3323057]
[2022-12-06T20:10:38.820+0000] {python.py:177} INFO - Done. Returned value was: None
[2022-12-06T20:10:38.836+0000] {taskinstance.py:1406} INFO - Marking task as SUCCESS. dag_id=dag, task_id=pull_data, execution_date=20221206T201032, start_date=20221206T201038, end_date=20221206T201038
[2022-12-06T20:10:38.873+0000] {local_task_job.py:159} INFO - Task exited with return code 0
[2022-12-06T20:10:38.900+0000] {taskinstance.py:2623} INFO - 0 downstream tasks scheduled from follow-on schedule check
