[2022-12-04T16:11:03.170+0000] {taskinstance.py:1165} INFO - Dependencies all met for <TaskInstance: dag.task_4 scheduled__2022-12-04T16:10:00+00:00 [queued]>
[2022-12-04T16:11:03.183+0000] {taskinstance.py:1165} INFO - Dependencies all met for <TaskInstance: dag.task_4 scheduled__2022-12-04T16:10:00+00:00 [queued]>
[2022-12-04T16:11:03.184+0000] {taskinstance.py:1362} INFO - 
--------------------------------------------------------------------------------
[2022-12-04T16:11:03.184+0000] {taskinstance.py:1363} INFO - Starting attempt 1 of 1
[2022-12-04T16:11:03.185+0000] {taskinstance.py:1364} INFO - 
--------------------------------------------------------------------------------
[2022-12-04T16:11:03.203+0000] {taskinstance.py:1383} INFO - Executing <Task(BashOperator): task_4> on 2022-12-04 16:10:00+00:00
[2022-12-04T16:11:03.208+0000] {standard_task_runner.py:55} INFO - Started process 10954 to run task
[2022-12-04T16:11:03.212+0000] {standard_task_runner.py:82} INFO - Running: ['***', 'tasks', 'run', 'dag', 'task_4', 'scheduled__2022-12-04T16:10:00+00:00', '--job-id', '722', '--raw', '--subdir', 'DAGS_FOLDER/dag.py', '--cfg-path', '/tmp/tmp7ptylw1_']
[2022-12-04T16:11:03.213+0000] {standard_task_runner.py:83} INFO - Job 722: Subtask task_4
[2022-12-04T16:11:03.287+0000] {task_command.py:376} INFO - Running <TaskInstance: dag.task_4 scheduled__2022-12-04T16:10:00+00:00 [running]> on host 37018d05bc9d
[2022-12-04T16:11:03.384+0000] {taskinstance.py:1592} INFO - Exporting the following env vars:
AIRFLOW_CTX_DAG_OWNER=lofitravel
AIRFLOW_CTX_DAG_ID=dag
AIRFLOW_CTX_TASK_ID=task_4
AIRFLOW_CTX_EXECUTION_DATE=2022-12-04T16:10:00+00:00
AIRFLOW_CTX_TRY_NUMBER=1
AIRFLOW_CTX_DAG_RUN_ID=scheduled__2022-12-04T16:10:00+00:00
[2022-12-04T16:11:03.386+0000] {subprocess.py:63} INFO - Tmp dir root location: 
 /tmp
[2022-12-04T16:11:03.387+0000] {subprocess.py:75} INFO - Running command: ['/bin/bash', '-c', 'echo "Hello World from Task 4"']
[2022-12-04T16:11:03.397+0000] {subprocess.py:86} INFO - Output:
[2022-12-04T16:11:03.399+0000] {subprocess.py:93} INFO - Hello World from Task 4
[2022-12-04T16:11:03.400+0000] {subprocess.py:97} INFO - Command exited with return code 0
[2022-12-04T16:11:03.435+0000] {taskinstance.py:1406} INFO - Marking task as SUCCESS. dag_id=dag, task_id=task_4, execution_date=20221204T161000, start_date=20221204T161103, end_date=20221204T161103
[2022-12-04T16:11:03.463+0000] {local_task_job.py:159} INFO - Task exited with return code 0
[2022-12-04T16:11:03.481+0000] {taskinstance.py:2623} INFO - 0 downstream tasks scheduled from follow-on schedule check
