[2022-12-04T13:15:15.380+0000] {taskinstance.py:1165} INFO - Dependencies all met for <TaskInstance: dag.task_1 scheduled__2022-12-04T13:14:00+00:00 [queued]>
[2022-12-04T13:15:15.396+0000] {taskinstance.py:1165} INFO - Dependencies all met for <TaskInstance: dag.task_1 scheduled__2022-12-04T13:14:00+00:00 [queued]>
[2022-12-04T13:15:15.396+0000] {taskinstance.py:1362} INFO - 
--------------------------------------------------------------------------------
[2022-12-04T13:15:15.397+0000] {taskinstance.py:1363} INFO - Starting attempt 1 of 1
[2022-12-04T13:15:15.397+0000] {taskinstance.py:1364} INFO - 
--------------------------------------------------------------------------------
[2022-12-04T13:15:15.411+0000] {taskinstance.py:1383} INFO - Executing <Task(BashOperator): task_1> on 2022-12-04 13:14:00+00:00
[2022-12-04T13:15:15.423+0000] {standard_task_runner.py:55} INFO - Started process 669 to run task
[2022-12-04T13:15:15.427+0000] {standard_task_runner.py:82} INFO - Running: ['***', 'tasks', 'run', 'dag', 'task_1', 'scheduled__2022-12-04T13:14:00+00:00', '--job-id', '20', '--raw', '--subdir', 'DAGS_FOLDER/dag.py', '--cfg-path', '/tmp/tmp3z1jvytw']
[2022-12-04T13:15:15.428+0000] {standard_task_runner.py:83} INFO - Job 20: Subtask task_1
[2022-12-04T13:15:15.524+0000] {task_command.py:376} INFO - Running <TaskInstance: dag.task_1 scheduled__2022-12-04T13:14:00+00:00 [running]> on host 37018d05bc9d
[2022-12-04T13:15:15.609+0000] {taskinstance.py:1592} INFO - Exporting the following env vars:
AIRFLOW_CTX_DAG_OWNER=dimon
AIRFLOW_CTX_DAG_ID=dag
AIRFLOW_CTX_TASK_ID=task_1
AIRFLOW_CTX_EXECUTION_DATE=2022-12-04T13:14:00+00:00
AIRFLOW_CTX_TRY_NUMBER=1
AIRFLOW_CTX_DAG_RUN_ID=scheduled__2022-12-04T13:14:00+00:00
[2022-12-04T13:15:15.610+0000] {subprocess.py:63} INFO - Tmp dir root location: 
 /tmp
[2022-12-04T13:15:15.611+0000] {subprocess.py:75} INFO - Running command: ['/bin/bash', '-c', 'echo "Hello World from Task 1"']
[2022-12-04T13:15:15.621+0000] {subprocess.py:86} INFO - Output:
[2022-12-04T13:15:15.622+0000] {subprocess.py:93} INFO - Hello World from Task 1
[2022-12-04T13:15:15.623+0000] {subprocess.py:97} INFO - Command exited with return code 0
[2022-12-04T13:15:15.655+0000] {taskinstance.py:1406} INFO - Marking task as SUCCESS. dag_id=dag, task_id=task_1, execution_date=20221204T131400, start_date=20221204T131515, end_date=20221204T131515
[2022-12-04T13:15:15.682+0000] {local_task_job.py:159} INFO - Task exited with return code 0
[2022-12-04T13:15:15.721+0000] {taskinstance.py:2623} INFO - 2 downstream tasks scheduled from follow-on schedule check
