[2022-12-07T06:47:11.071+0000] {taskinstance.py:1165} INFO - Dependencies all met for <TaskInstance: dag.task_1_0 manual__2022-12-07T06:47:09.646061+00:00 [queued]>
[2022-12-07T06:47:11.089+0000] {taskinstance.py:1165} INFO - Dependencies all met for <TaskInstance: dag.task_1_0 manual__2022-12-07T06:47:09.646061+00:00 [queued]>
[2022-12-07T06:47:11.090+0000] {taskinstance.py:1362} INFO - 
--------------------------------------------------------------------------------
[2022-12-07T06:47:11.090+0000] {taskinstance.py:1363} INFO - Starting attempt 1 of 1
[2022-12-07T06:47:11.091+0000] {taskinstance.py:1364} INFO - 
--------------------------------------------------------------------------------
[2022-12-07T06:47:11.114+0000] {taskinstance.py:1383} INFO - Executing <Task(PythonOperator): task_1_0> on 2022-12-07 06:47:09.646061+00:00
[2022-12-07T06:47:11.120+0000] {standard_task_runner.py:55} INFO - Started process 26386 to run task
[2022-12-07T06:47:11.124+0000] {standard_task_runner.py:82} INFO - Running: ['***', 'tasks', 'run', 'dag', 'task_1_0', 'manual__2022-12-07T06:47:09.646061+00:00', '--job-id', '1356', '--raw', '--subdir', 'DAGS_FOLDER/dag.py', '--cfg-path', '/tmp/tmp71cesm2f']
[2022-12-07T06:47:11.125+0000] {standard_task_runner.py:83} INFO - Job 1356: Subtask task_1_0
[2022-12-07T06:47:11.214+0000] {task_command.py:376} INFO - Running <TaskInstance: dag.task_1_0 manual__2022-12-07T06:47:09.646061+00:00 [running]> on host 505aa50095aa
[2022-12-07T06:47:11.315+0000] {taskinstance.py:1592} INFO - Exporting the following env vars:
AIRFLOW_CTX_DAG_OWNER=lofitravel
AIRFLOW_CTX_DAG_ID=dag
AIRFLOW_CTX_TASK_ID=task_1_0
AIRFLOW_CTX_EXECUTION_DATE=2022-12-07T06:47:09.646061+00:00
AIRFLOW_CTX_TRY_NUMBER=1
AIRFLOW_CTX_DAG_RUN_ID=manual__2022-12-07T06:47:09.646061+00:00
[2022-12-07T06:47:11.918+0000] {logging_mixin.py:137} INFO - курс одного EUR к RUB: 66.05396727
[2022-12-07T06:47:11.949+0000] {python.py:177} INFO - Done. Returned value was: None
[2022-12-07T06:47:11.964+0000] {taskinstance.py:1406} INFO - Marking task as SUCCESS. dag_id=dag, task_id=task_1_0, execution_date=20221207T064709, start_date=20221207T064711, end_date=20221207T064711
[2022-12-07T06:47:12.018+0000] {local_task_job.py:159} INFO - Task exited with return code 0
[2022-12-07T06:47:12.074+0000] {taskinstance.py:2623} INFO - 1 downstream tasks scheduled from follow-on schedule check
