[2022-12-06T21:59:51.607+0000] {taskinstance.py:1165} INFO - Dependencies all met for <TaskInstance: dag.task_0_0 manual__2022-12-06T21:59:50.181001+00:00 [queued]>
[2022-12-06T21:59:51.622+0000] {taskinstance.py:1165} INFO - Dependencies all met for <TaskInstance: dag.task_0_0 manual__2022-12-06T21:59:50.181001+00:00 [queued]>
[2022-12-06T21:59:51.623+0000] {taskinstance.py:1362} INFO - 
--------------------------------------------------------------------------------
[2022-12-06T21:59:51.623+0000] {taskinstance.py:1363} INFO - Starting attempt 1 of 1
[2022-12-06T21:59:51.624+0000] {taskinstance.py:1364} INFO - 
--------------------------------------------------------------------------------
[2022-12-06T21:59:51.642+0000] {taskinstance.py:1383} INFO - Executing <Task(PythonOperator): task_0_0> on 2022-12-06 21:59:50.181001+00:00
[2022-12-06T21:59:51.648+0000] {standard_task_runner.py:55} INFO - Started process 1456 to run task
[2022-12-06T21:59:51.654+0000] {standard_task_runner.py:82} INFO - Running: ['***', 'tasks', 'run', 'dag', 'task_0_0', 'manual__2022-12-06T21:59:50.181001+00:00', '--job-id', '1158', '--raw', '--subdir', 'DAGS_FOLDER/dag.py', '--cfg-path', '/tmp/tmpzz3kkg3r']
[2022-12-06T21:59:51.655+0000] {standard_task_runner.py:83} INFO - Job 1158: Subtask task_0_0
[2022-12-06T21:59:51.735+0000] {task_command.py:376} INFO - Running <TaskInstance: dag.task_0_0 manual__2022-12-06T21:59:50.181001+00:00 [running]> on host 505aa50095aa
[2022-12-06T21:59:51.826+0000] {taskinstance.py:1592} INFO - Exporting the following env vars:
AIRFLOW_CTX_DAG_OWNER=lofitravel
AIRFLOW_CTX_DAG_ID=dag
AIRFLOW_CTX_TASK_ID=task_0_0
AIRFLOW_CTX_EXECUTION_DATE=2022-12-06T21:59:50.181001+00:00
AIRFLOW_CTX_TRY_NUMBER=1
AIRFLOW_CTX_DAG_RUN_ID=manual__2022-12-06T21:59:50.181001+00:00
[2022-12-06T21:59:52.840+0000] {logging_mixin.py:137} INFO - курс одного USD к EUR: 0.95540661
[2022-12-06T21:59:52.859+0000] {python.py:177} INFO - Done. Returned value was: None
[2022-12-06T21:59:52.873+0000] {taskinstance.py:1406} INFO - Marking task as SUCCESS. dag_id=dag, task_id=task_0_0, execution_date=20221206T215950, start_date=20221206T215951, end_date=20221206T215952
[2022-12-06T21:59:52.911+0000] {local_task_job.py:159} INFO - Task exited with return code 0
[2022-12-06T21:59:52.935+0000] {taskinstance.py:2623} INFO - 0 downstream tasks scheduled from follow-on schedule check
