[2022-12-07T19:15:30.422+0000] {taskinstance.py:1165} INFO - Dependencies all met for <TaskInstance: dag.insert_data manual__2022-12-07T19:15:19.388146+00:00 [queued]>
[2022-12-07T19:15:30.438+0000] {taskinstance.py:1165} INFO - Dependencies all met for <TaskInstance: dag.insert_data manual__2022-12-07T19:15:19.388146+00:00 [queued]>
[2022-12-07T19:15:30.439+0000] {taskinstance.py:1362} INFO - 
--------------------------------------------------------------------------------
[2022-12-07T19:15:30.439+0000] {taskinstance.py:1363} INFO - Starting attempt 1 of 1
[2022-12-07T19:15:30.440+0000] {taskinstance.py:1364} INFO - 
--------------------------------------------------------------------------------
[2022-12-07T19:15:30.460+0000] {taskinstance.py:1383} INFO - Executing <Task(PythonOperator): insert_data> on 2022-12-07 19:15:19.388146+00:00
[2022-12-07T19:15:30.466+0000] {standard_task_runner.py:55} INFO - Started process 5471 to run task
[2022-12-07T19:15:30.472+0000] {standard_task_runner.py:82} INFO - Running: ['***', 'tasks', 'run', 'dag', 'insert_data', 'manual__2022-12-07T19:15:19.388146+00:00', '--job-id', '1863', '--raw', '--subdir', 'DAGS_FOLDER/dag.py', '--cfg-path', '/tmp/tmp4r7uzm77']
[2022-12-07T19:15:30.473+0000] {standard_task_runner.py:83} INFO - Job 1863: Subtask insert_data
[2022-12-07T19:15:30.563+0000] {task_command.py:376} INFO - Running <TaskInstance: dag.insert_data manual__2022-12-07T19:15:19.388146+00:00 [running]> on host a9d6893ff63e
[2022-12-07T19:15:30.665+0000] {taskinstance.py:1592} INFO - Exporting the following env vars:
AIRFLOW_CTX_DAG_OWNER=lofitravel
AIRFLOW_CTX_DAG_ID=dag
AIRFLOW_CTX_TASK_ID=insert_data
AIRFLOW_CTX_EXECUTION_DATE=2022-12-07T19:15:19.388146+00:00
AIRFLOW_CTX_TRY_NUMBER=1
AIRFLOW_CTX_DAG_RUN_ID=manual__2022-12-07T19:15:19.388146+00:00
[2022-12-07T19:15:30.690+0000] {logging_mixin.py:137} INFO - var ['82adcbbbae7a13d16e0b68fa1f50c023', '***_user', '***_ps', '***_database']
[2022-12-07T19:15:30.697+0000] {logging_mixin.py:137} INFO - var ['82adcbbbae7a13d16e0b68fa1f50c023', '***_user', '***_ps', '***_database']
[2022-12-07T19:15:30.705+0000] {logging_mixin.py:137} INFO - var ['82adcbbbae7a13d16e0b68fa1f50c023', '***_user', '***_ps', '***_database']
[2022-12-07T19:15:30.715+0000] {logging_mixin.py:137} INFO - Postgresql connection created!
[2022-12-07T19:15:30.717+0000] {logging_mixin.py:137} INFO - duplicate key value violates unique constraint "pairs_pkey"
DETAIL:  Key (date, ticker_from, ticker_to)=(2022-12-07 00:00:00, USD, EUR) already exists.
[2022-12-07T19:15:30.719+0000] {python.py:177} INFO - Done. Returned value was: None
[2022-12-07T19:15:30.735+0000] {taskinstance.py:1406} INFO - Marking task as SUCCESS. dag_id=dag, task_id=insert_data, execution_date=20221207T191519, start_date=20221207T191530, end_date=20221207T191530
[2022-12-07T19:15:30.763+0000] {local_task_job.py:159} INFO - Task exited with return code 0
[2022-12-07T19:15:30.805+0000] {taskinstance.py:2623} INFO - 0 downstream tasks scheduled from follow-on schedule check
