[2022-12-07T11:20:49.082+0000] {taskinstance.py:1165} INFO - Dependencies all met for <TaskInstance: dag.task_1_0 manual__2022-12-07T11:20:46.902044+00:00 [queued]>
[2022-12-07T11:20:49.101+0000] {taskinstance.py:1165} INFO - Dependencies all met for <TaskInstance: dag.task_1_0 manual__2022-12-07T11:20:46.902044+00:00 [queued]>
[2022-12-07T11:20:49.102+0000] {taskinstance.py:1362} INFO - 
--------------------------------------------------------------------------------
[2022-12-07T11:20:49.104+0000] {taskinstance.py:1363} INFO - Starting attempt 1 of 1
[2022-12-07T11:20:49.105+0000] {taskinstance.py:1364} INFO - 
--------------------------------------------------------------------------------
[2022-12-07T11:20:49.129+0000] {taskinstance.py:1383} INFO - Executing <Task(PythonOperator): task_1_0> on 2022-12-07 11:20:46.902044+00:00
[2022-12-07T11:20:49.135+0000] {standard_task_runner.py:55} INFO - Started process 3077 to run task
[2022-12-07T11:20:49.141+0000] {standard_task_runner.py:82} INFO - Running: ['***', 'tasks', 'run', 'dag', 'task_1_0', 'manual__2022-12-07T11:20:46.902044+00:00', '--job-id', '1731', '--raw', '--subdir', 'DAGS_FOLDER/dag.py', '--cfg-path', '/tmp/tmprc5easiu']
[2022-12-07T11:20:49.142+0000] {standard_task_runner.py:83} INFO - Job 1731: Subtask task_1_0
[2022-12-07T11:20:49.260+0000] {task_command.py:376} INFO - Running <TaskInstance: dag.task_1_0 manual__2022-12-07T11:20:46.902044+00:00 [running]> on host ede3719a0239
[2022-12-07T11:20:49.452+0000] {taskinstance.py:1592} INFO - Exporting the following env vars:
AIRFLOW_CTX_DAG_OWNER=lofitravel
AIRFLOW_CTX_DAG_ID=dag
AIRFLOW_CTX_TASK_ID=task_1_0
AIRFLOW_CTX_EXECUTION_DATE=2022-12-07T11:20:46.902044+00:00
AIRFLOW_CTX_TRY_NUMBER=1
AIRFLOW_CTX_DAG_RUN_ID=manual__2022-12-07T11:20:46.902044+00:00
[2022-12-07T11:20:50.024+0000] {logging_mixin.py:137} INFO - курс одного EUR к RUB: 66.02094886
[2022-12-07T11:20:50.060+0000] {python.py:177} INFO - Done. Returned value was: None
[2022-12-07T11:20:50.078+0000] {taskinstance.py:1406} INFO - Marking task as SUCCESS. dag_id=dag, task_id=task_1_0, execution_date=20221207T112046, start_date=20221207T112049, end_date=20221207T112050
[2022-12-07T11:20:50.120+0000] {local_task_job.py:159} INFO - Task exited with return code 0
[2022-12-07T11:20:50.164+0000] {taskinstance.py:2623} INFO - 1 downstream tasks scheduled from follow-on schedule check
