[2022-12-07T20:58:57.187+0000] {taskinstance.py:1165} INFO - Dependencies all met for <TaskInstance: dag.materialized_view manual__2022-12-07T20:58:42.614214+00:00 [queued]>
[2022-12-07T20:58:57.203+0000] {taskinstance.py:1165} INFO - Dependencies all met for <TaskInstance: dag.materialized_view manual__2022-12-07T20:58:42.614214+00:00 [queued]>
[2022-12-07T20:58:57.204+0000] {taskinstance.py:1362} INFO - 
--------------------------------------------------------------------------------
[2022-12-07T20:58:57.205+0000] {taskinstance.py:1363} INFO - Starting attempt 1 of 1
[2022-12-07T20:58:57.205+0000] {taskinstance.py:1364} INFO - 
--------------------------------------------------------------------------------
[2022-12-07T20:58:57.225+0000] {taskinstance.py:1383} INFO - Executing <Task(PythonOperator): materialized_view> on 2022-12-07 20:58:42.614214+00:00
[2022-12-07T20:58:57.230+0000] {standard_task_runner.py:55} INFO - Started process 10077 to run task
[2022-12-07T20:58:57.237+0000] {standard_task_runner.py:82} INFO - Running: ['***', 'tasks', 'run', 'dag', 'materialized_view', 'manual__2022-12-07T20:58:42.614214+00:00', '--job-id', '1964', '--raw', '--subdir', 'DAGS_FOLDER/dag.py', '--cfg-path', '/tmp/tmp6rz969ed']
[2022-12-07T20:58:57.238+0000] {standard_task_runner.py:83} INFO - Job 1964: Subtask materialized_view
[2022-12-07T20:58:57.324+0000] {task_command.py:376} INFO - Running <TaskInstance: dag.materialized_view manual__2022-12-07T20:58:42.614214+00:00 [running]> on host a9d6893ff63e
[2022-12-07T20:58:57.429+0000] {taskinstance.py:1592} INFO - Exporting the following env vars:
AIRFLOW_CTX_DAG_OWNER=lofitravel
AIRFLOW_CTX_DAG_ID=dag
AIRFLOW_CTX_TASK_ID=materialized_view
AIRFLOW_CTX_EXECUTION_DATE=2022-12-07T20:58:42.614214+00:00
AIRFLOW_CTX_TRY_NUMBER=1
AIRFLOW_CTX_DAG_RUN_ID=manual__2022-12-07T20:58:42.614214+00:00
[2022-12-07T20:58:57.439+0000] {logging_mixin.py:137} INFO - var ['82adcbbbae7a13d16e0b68fa1f50c023', '***_user', '***_ps', '***_database']
[2022-12-07T20:58:57.447+0000] {logging_mixin.py:137} INFO - var ['82adcbbbae7a13d16e0b68fa1f50c023', '***_user', '***_ps', '***_database']
[2022-12-07T20:58:57.456+0000] {logging_mixin.py:137} INFO - var ['82adcbbbae7a13d16e0b68fa1f50c023', '***_user', '***_ps', '***_database']
[2022-12-07T20:58:57.467+0000] {logging_mixin.py:137} INFO - Postgresql connection created!
[2022-12-07T20:58:57.469+0000] {logging_mixin.py:137} INFO - Data successfully inserted!
[2022-12-07T20:58:57.470+0000] {python.py:177} INFO - Done. Returned value was: None
[2022-12-07T20:58:57.483+0000] {taskinstance.py:1406} INFO - Marking task as SUCCESS. dag_id=dag, task_id=materialized_view, execution_date=20221207T205842, start_date=20221207T205857, end_date=20221207T205857
[2022-12-07T20:58:57.528+0000] {local_task_job.py:159} INFO - Task exited with return code 0
[2022-12-07T20:58:57.585+0000] {taskinstance.py:2623} INFO - 1 downstream tasks scheduled from follow-on schedule check
