[2022-12-04T14:27:03.262+0000] {taskinstance.py:1165} INFO - Dependencies all met for <TaskInstance: dag.task_4 scheduled__2022-12-04T14:26:00+00:00 [queued]>
[2022-12-04T14:27:03.277+0000] {taskinstance.py:1165} INFO - Dependencies all met for <TaskInstance: dag.task_4 scheduled__2022-12-04T14:26:00+00:00 [queued]>
[2022-12-04T14:27:03.278+0000] {taskinstance.py:1362} INFO - 
--------------------------------------------------------------------------------
[2022-12-04T14:27:03.278+0000] {taskinstance.py:1363} INFO - Starting attempt 1 of 1
[2022-12-04T14:27:03.279+0000] {taskinstance.py:1364} INFO - 
--------------------------------------------------------------------------------
[2022-12-04T14:27:03.306+0000] {taskinstance.py:1383} INFO - Executing <Task(BashOperator): task_4> on 2022-12-04 14:26:00+00:00
[2022-12-04T14:27:03.312+0000] {standard_task_runner.py:55} INFO - Started process 4862 to run task
[2022-12-04T14:27:03.316+0000] {standard_task_runner.py:82} INFO - Running: ['***', 'tasks', 'run', 'dag', 'task_4', 'scheduled__2022-12-04T14:26:00+00:00', '--job-id', '306', '--raw', '--subdir', 'DAGS_FOLDER/dag.py', '--cfg-path', '/tmp/tmpabpomvun']
[2022-12-04T14:27:03.317+0000] {standard_task_runner.py:83} INFO - Job 306: Subtask task_4
[2022-12-04T14:27:03.391+0000] {task_command.py:376} INFO - Running <TaskInstance: dag.task_4 scheduled__2022-12-04T14:26:00+00:00 [running]> on host 37018d05bc9d
[2022-12-04T14:27:03.471+0000] {taskinstance.py:1592} INFO - Exporting the following env vars:
AIRFLOW_CTX_DAG_OWNER=lofitravel
AIRFLOW_CTX_DAG_ID=dag
AIRFLOW_CTX_TASK_ID=task_4
AIRFLOW_CTX_EXECUTION_DATE=2022-12-04T14:26:00+00:00
AIRFLOW_CTX_TRY_NUMBER=1
AIRFLOW_CTX_DAG_RUN_ID=scheduled__2022-12-04T14:26:00+00:00
[2022-12-04T14:27:03.472+0000] {subprocess.py:63} INFO - Tmp dir root location: 
 /tmp
[2022-12-04T14:27:03.473+0000] {subprocess.py:75} INFO - Running command: ['/bin/bash', '-c', 'echo "Hello World from Task 4"']
[2022-12-04T14:27:03.483+0000] {subprocess.py:86} INFO - Output:
[2022-12-04T14:27:03.484+0000] {subprocess.py:93} INFO - Hello World from Task 4
[2022-12-04T14:27:03.485+0000] {subprocess.py:97} INFO - Command exited with return code 0
[2022-12-04T14:27:03.512+0000] {taskinstance.py:1406} INFO - Marking task as SUCCESS. dag_id=dag, task_id=task_4, execution_date=20221204T142600, start_date=20221204T142703, end_date=20221204T142703
[2022-12-04T14:27:03.569+0000] {local_task_job.py:159} INFO - Task exited with return code 0
[2022-12-04T14:27:03.588+0000] {taskinstance.py:2623} INFO - 0 downstream tasks scheduled from follow-on schedule check
