[2022-12-06T11:19:46.208+0000] {taskinstance.py:1165} INFO - Dependencies all met for <TaskInstance: dag.task_1_0 manual__2022-12-06T11:19:43.996681+00:00 [queued]>
[2022-12-06T11:19:46.233+0000] {taskinstance.py:1165} INFO - Dependencies all met for <TaskInstance: dag.task_1_0 manual__2022-12-06T11:19:43.996681+00:00 [queued]>
[2022-12-06T11:19:46.235+0000] {taskinstance.py:1362} INFO - 
--------------------------------------------------------------------------------
[2022-12-06T11:19:46.237+0000] {taskinstance.py:1363} INFO - Starting attempt 1 of 1
[2022-12-06T11:19:46.238+0000] {taskinstance.py:1364} INFO - 
--------------------------------------------------------------------------------
[2022-12-06T11:19:46.267+0000] {taskinstance.py:1383} INFO - Executing <Task(PythonOperator): task_1_0> on 2022-12-06 11:19:43.996681+00:00
[2022-12-06T11:19:46.275+0000] {standard_task_runner.py:55} INFO - Started process 4279 to run task
[2022-12-06T11:19:46.281+0000] {standard_task_runner.py:82} INFO - Running: ['***', 'tasks', 'run', 'dag', 'task_1_0', 'manual__2022-12-06T11:19:43.996681+00:00', '--job-id', '1037', '--raw', '--subdir', 'DAGS_FOLDER/dag.py', '--cfg-path', '/tmp/tmpyougjkc2']
[2022-12-06T11:19:46.283+0000] {standard_task_runner.py:83} INFO - Job 1037: Subtask task_1_0
[2022-12-06T11:19:46.466+0000] {task_command.py:376} INFO - Running <TaskInstance: dag.task_1_0 manual__2022-12-06T11:19:43.996681+00:00 [running]> on host f1257ac346c8
[2022-12-06T11:19:46.867+0000] {taskinstance.py:1592} INFO - Exporting the following env vars:
AIRFLOW_CTX_DAG_OWNER=lofitravel
AIRFLOW_CTX_DAG_ID=dag
AIRFLOW_CTX_TASK_ID=task_1_0
AIRFLOW_CTX_EXECUTION_DATE=2022-12-06T11:19:43.996681+00:00
AIRFLOW_CTX_TRY_NUMBER=1
AIRFLOW_CTX_DAG_RUN_ID=manual__2022-12-06T11:19:43.996681+00:00
[2022-12-06T11:19:48.041+0000] {logging_mixin.py:137} INFO - курс одного EUR к RUB: 66.10798389
[2022-12-06T11:19:48.042+0000] {python.py:177} INFO - Done. Returned value was: None
[2022-12-06T11:19:48.079+0000] {taskinstance.py:1406} INFO - Marking task as SUCCESS. dag_id=dag, task_id=task_1_0, execution_date=20221206T111943, start_date=20221206T111946, end_date=20221206T111948
[2022-12-06T11:19:48.178+0000] {local_task_job.py:159} INFO - Task exited with return code 0
[2022-12-06T11:19:48.215+0000] {taskinstance.py:2623} INFO - 0 downstream tasks scheduled from follow-on schedule check
