[2022-12-05T20:55:39.509+0000] {taskinstance.py:1165} INFO - Dependencies all met for <TaskInstance: dag.task_0_0 manual__2022-12-05T20:55:37.806265+00:00 [queued]>
[2022-12-05T20:55:39.531+0000] {taskinstance.py:1165} INFO - Dependencies all met for <TaskInstance: dag.task_0_0 manual__2022-12-05T20:55:37.806265+00:00 [queued]>
[2022-12-05T20:55:39.531+0000] {taskinstance.py:1362} INFO - 
--------------------------------------------------------------------------------
[2022-12-05T20:55:39.532+0000] {taskinstance.py:1363} INFO - Starting attempt 1 of 1
[2022-12-05T20:55:39.533+0000] {taskinstance.py:1364} INFO - 
--------------------------------------------------------------------------------
[2022-12-05T20:55:39.561+0000] {taskinstance.py:1383} INFO - Executing <Task(PythonOperator): task_0_0> on 2022-12-05 20:55:37.806265+00:00
[2022-12-05T20:55:39.567+0000] {standard_task_runner.py:55} INFO - Started process 7180 to run task
[2022-12-05T20:55:39.573+0000] {standard_task_runner.py:82} INFO - Running: ['***', 'tasks', 'run', 'dag', 'task_0_0', 'manual__2022-12-05T20:55:37.806265+00:00', '--job-id', '947', '--raw', '--subdir', 'DAGS_FOLDER/dag.py', '--cfg-path', '/tmp/tmph2revcrj']
[2022-12-05T20:55:39.574+0000] {standard_task_runner.py:83} INFO - Job 947: Subtask task_0_0
[2022-12-05T20:55:39.668+0000] {task_command.py:376} INFO - Running <TaskInstance: dag.task_0_0 manual__2022-12-05T20:55:37.806265+00:00 [running]> on host 02acd0b59b6f
[2022-12-05T20:55:39.781+0000] {taskinstance.py:1592} INFO - Exporting the following env vars:
AIRFLOW_CTX_DAG_OWNER=lofitravel
AIRFLOW_CTX_DAG_ID=dag
AIRFLOW_CTX_TASK_ID=task_0_0
AIRFLOW_CTX_EXECUTION_DATE=2022-12-05T20:55:37.806265+00:00
AIRFLOW_CTX_TRY_NUMBER=1
AIRFLOW_CTX_DAG_RUN_ID=manual__2022-12-05T20:55:37.806265+00:00
[2022-12-05T20:55:40.656+0000] {logging_mixin.py:137} INFO - курс одного USD к EUR: 0.95378513
[2022-12-05T20:55:40.657+0000] {python.py:177} INFO - Done. Returned value was: None
[2022-12-05T20:55:40.668+0000] {taskinstance.py:1406} INFO - Marking task as SUCCESS. dag_id=dag, task_id=task_0_0, execution_date=20221205T205537, start_date=20221205T205539, end_date=20221205T205540
[2022-12-05T20:55:40.708+0000] {local_task_job.py:159} INFO - Task exited with return code 0
[2022-12-05T20:55:40.730+0000] {taskinstance.py:2623} INFO - 0 downstream tasks scheduled from follow-on schedule check
