[2022-12-06T20:57:58.213+0000] {taskinstance.py:1165} INFO - Dependencies all met for <TaskInstance: dag.create_table manual__2022-12-06T20:57:51.786399+00:00 [queued]>
[2022-12-06T20:57:58.243+0000] {taskinstance.py:1165} INFO - Dependencies all met for <TaskInstance: dag.create_table manual__2022-12-06T20:57:51.786399+00:00 [queued]>
[2022-12-06T20:57:58.244+0000] {taskinstance.py:1362} INFO - 
--------------------------------------------------------------------------------
[2022-12-06T20:57:58.245+0000] {taskinstance.py:1363} INFO - Starting attempt 1 of 1
[2022-12-06T20:57:58.246+0000] {taskinstance.py:1364} INFO - 
--------------------------------------------------------------------------------
[2022-12-06T20:57:58.285+0000] {taskinstance.py:1383} INFO - Executing <Task(PostgresOperator): create_table> on 2022-12-06 20:57:51.786399+00:00
[2022-12-06T20:57:58.296+0000] {standard_task_runner.py:55} INFO - Started process 3193 to run task
[2022-12-06T20:57:58.305+0000] {standard_task_runner.py:82} INFO - Running: ['***', 'tasks', 'run', 'dag', 'create_table', 'manual__2022-12-06T20:57:51.786399+00:00', '--job-id', '1125', '--raw', '--subdir', 'DAGS_FOLDER/dag.py', '--cfg-path', '/tmp/tmpk7y9007h']
[2022-12-06T20:57:58.306+0000] {standard_task_runner.py:83} INFO - Job 1125: Subtask create_table
[2022-12-06T20:57:58.529+0000] {task_command.py:376} INFO - Running <TaskInstance: dag.create_table manual__2022-12-06T20:57:51.786399+00:00 [running]> on host 74768727baca
[2022-12-06T20:57:58.898+0000] {taskinstance.py:1592} INFO - Exporting the following env vars:
AIRFLOW_CTX_DAG_OWNER=lofitravel
AIRFLOW_CTX_DAG_ID=dag
AIRFLOW_CTX_TASK_ID=create_table
AIRFLOW_CTX_EXECUTION_DATE=2022-12-06T20:57:51.786399+00:00
AIRFLOW_CTX_TRY_NUMBER=1
AIRFLOW_CTX_DAG_RUN_ID=manual__2022-12-06T20:57:51.786399+00:00
[2022-12-06T20:57:58.943+0000] {base.py:71} INFO - Using connection ID 'postgres_localhost' for task execution.
[2022-12-06T20:57:58.980+0000] {sql.py:315} INFO - Running statement: 
        CREATE TABLE IF NOT EXISTS pairs(
            date TIMESTAMP NOT NULL,
            ticker_from VARCHAR(3) NOT NULL,
            ticker_to VARCHAR(3) NOT NULL,
            amount FLOAT NOT NULL);
        , parameters: None
[2022-12-06T20:57:58.983+0000] {postgres.py:96} INFO - NOTICE:  relation "pairs" already exists, skipping

[2022-12-06T20:57:59.029+0000] {taskinstance.py:1406} INFO - Marking task as SUCCESS. dag_id=dag, task_id=create_table, execution_date=20221206T205751, start_date=20221206T205758, end_date=20221206T205759
[2022-12-06T20:57:59.131+0000] {local_task_job.py:159} INFO - Task exited with return code 0
[2022-12-06T20:57:59.267+0000] {taskinstance.py:2623} INFO - 1 downstream tasks scheduled from follow-on schedule check
