[2022-12-07T10:43:35.591+0000] {taskinstance.py:1165} INFO - Dependencies all met for <TaskInstance: dag.task_0_0 manual__2022-12-07T10:43:33.792121+00:00 [queued]>
[2022-12-07T10:43:35.616+0000] {taskinstance.py:1165} INFO - Dependencies all met for <TaskInstance: dag.task_0_0 manual__2022-12-07T10:43:33.792121+00:00 [queued]>
[2022-12-07T10:43:35.617+0000] {taskinstance.py:1362} INFO - 
--------------------------------------------------------------------------------
[2022-12-07T10:43:35.617+0000] {taskinstance.py:1363} INFO - Starting attempt 1 of 1
[2022-12-07T10:43:35.619+0000] {taskinstance.py:1364} INFO - 
--------------------------------------------------------------------------------
[2022-12-07T10:43:35.656+0000] {taskinstance.py:1383} INFO - Executing <Task(PythonOperator): task_0_0> on 2022-12-07 10:43:33.792121+00:00
[2022-12-07T10:43:35.663+0000] {standard_task_runner.py:55} INFO - Started process 1268 to run task
[2022-12-07T10:43:35.672+0000] {standard_task_runner.py:82} INFO - Running: ['***', 'tasks', 'run', 'dag', 'task_0_0', 'manual__2022-12-07T10:43:33.792121+00:00', '--job-id', '1683', '--raw', '--subdir', 'DAGS_FOLDER/dag.py', '--cfg-path', '/tmp/tmpevqozw2d']
[2022-12-07T10:43:35.673+0000] {standard_task_runner.py:83} INFO - Job 1683: Subtask task_0_0
[2022-12-07T10:43:35.802+0000] {task_command.py:376} INFO - Running <TaskInstance: dag.task_0_0 manual__2022-12-07T10:43:33.792121+00:00 [running]> on host ede3719a0239
[2022-12-07T10:43:36.093+0000] {taskinstance.py:1592} INFO - Exporting the following env vars:
AIRFLOW_CTX_DAG_OWNER=lofitravel
AIRFLOW_CTX_DAG_ID=dag
AIRFLOW_CTX_TASK_ID=task_0_0
AIRFLOW_CTX_EXECUTION_DATE=2022-12-07T10:43:33.792121+00:00
AIRFLOW_CTX_TRY_NUMBER=1
AIRFLOW_CTX_DAG_RUN_ID=manual__2022-12-07T10:43:33.792121+00:00
[2022-12-07T10:43:36.679+0000] {taskinstance.py:1851} ERROR - Task failed with exception
Traceback (most recent call last):
  File "/home/airflow/.local/lib/python3.7/site-packages/airflow/operators/python.py", line 175, in execute
    return_value = self.execute_callable()
  File "/home/airflow/.local/lib/python3.7/site-packages/airflow/operators/python.py", line 193, in execute_callable
    return self.python_callable(*self.op_args, **self.op_kwargs)
  File "/opt/airflow/dags/dag.py", line 25, in get_currencies_task
    value = obj.pair(ticker_from, ticker_to)#....#
  File "/opt/airflow/dags/dag.py", line 67, in pair
    return response.json()['response']['value']
TypeError: list indices must be integers or slices, not str
[2022-12-07T10:43:36.722+0000] {taskinstance.py:1406} INFO - Marking task as FAILED. dag_id=dag, task_id=task_0_0, execution_date=20221207T104333, start_date=20221207T104335, end_date=20221207T104336
[2022-12-07T10:43:36.798+0000] {standard_task_runner.py:105} ERROR - Failed to execute job 1683 for task task_0_0 (list indices must be integers or slices, not str; 1268)
[2022-12-07T10:43:36.862+0000] {local_task_job.py:159} INFO - Task exited with return code 1
[2022-12-07T10:43:37.071+0000] {taskinstance.py:2623} INFO - 0 downstream tasks scheduled from follow-on schedule check
