[2022-12-06T22:20:57.027+0000] {taskinstance.py:1165} INFO - Dependencies all met for <TaskInstance: dag.task_0_0 manual__2022-12-06T22:20:55.420355+00:00 [queued]>
[2022-12-06T22:20:57.044+0000] {taskinstance.py:1165} INFO - Dependencies all met for <TaskInstance: dag.task_0_0 manual__2022-12-06T22:20:55.420355+00:00 [queued]>
[2022-12-06T22:20:57.045+0000] {taskinstance.py:1362} INFO - 
--------------------------------------------------------------------------------
[2022-12-06T22:20:57.045+0000] {taskinstance.py:1363} INFO - Starting attempt 1 of 1
[2022-12-06T22:20:57.046+0000] {taskinstance.py:1364} INFO - 
--------------------------------------------------------------------------------
[2022-12-06T22:20:57.066+0000] {taskinstance.py:1383} INFO - Executing <Task(PythonOperator): task_0_0> on 2022-12-06 22:20:55.420355+00:00
[2022-12-06T22:20:57.071+0000] {standard_task_runner.py:55} INFO - Started process 2519 to run task
[2022-12-06T22:20:57.078+0000] {standard_task_runner.py:82} INFO - Running: ['***', 'tasks', 'run', 'dag', 'task_0_0', 'manual__2022-12-06T22:20:55.420355+00:00', '--job-id', '1206', '--raw', '--subdir', 'DAGS_FOLDER/dag.py', '--cfg-path', '/tmp/tmp0ma26xzd']
[2022-12-06T22:20:57.079+0000] {standard_task_runner.py:83} INFO - Job 1206: Subtask task_0_0
[2022-12-06T22:20:57.167+0000] {task_command.py:376} INFO - Running <TaskInstance: dag.task_0_0 manual__2022-12-06T22:20:55.420355+00:00 [running]> on host 505aa50095aa
[2022-12-06T22:20:57.283+0000] {taskinstance.py:1592} INFO - Exporting the following env vars:
AIRFLOW_CTX_DAG_OWNER=lofitravel
AIRFLOW_CTX_DAG_ID=dag
AIRFLOW_CTX_TASK_ID=task_0_0
AIRFLOW_CTX_EXECUTION_DATE=2022-12-06T22:20:55.420355+00:00
AIRFLOW_CTX_TRY_NUMBER=1
AIRFLOW_CTX_DAG_RUN_ID=manual__2022-12-06T22:20:55.420355+00:00
[2022-12-06T22:20:58.186+0000] {logging_mixin.py:137} INFO - курс одного USD к EUR: 0.95536234
[2022-12-06T22:20:58.206+0000] {python.py:177} INFO - Done. Returned value was: None
[2022-12-06T22:20:58.221+0000] {taskinstance.py:1406} INFO - Marking task as SUCCESS. dag_id=dag, task_id=task_0_0, execution_date=20221206T222055, start_date=20221206T222057, end_date=20221206T222058
[2022-12-06T22:20:58.293+0000] {local_task_job.py:159} INFO - Task exited with return code 0
[2022-12-06T22:20:58.322+0000] {taskinstance.py:2623} INFO - 0 downstream tasks scheduled from follow-on schedule check
