[2022-12-05T22:39:39.510+0000] {taskinstance.py:1165} INFO - Dependencies all met for <TaskInstance: dag.task_0_0 manual__2022-12-05T22:39:37.153442+00:00 [queued]>
[2022-12-05T22:39:39.541+0000] {taskinstance.py:1165} INFO - Dependencies all met for <TaskInstance: dag.task_0_0 manual__2022-12-05T22:39:37.153442+00:00 [queued]>
[2022-12-05T22:39:39.544+0000] {taskinstance.py:1362} INFO - 
--------------------------------------------------------------------------------
[2022-12-05T22:39:39.546+0000] {taskinstance.py:1363} INFO - Starting attempt 1 of 1
[2022-12-05T22:39:39.547+0000] {taskinstance.py:1364} INFO - 
--------------------------------------------------------------------------------
[2022-12-05T22:39:39.594+0000] {taskinstance.py:1383} INFO - Executing <Task(PythonOperator): task_0_0> on 2022-12-05 22:39:37.153442+00:00
[2022-12-05T22:39:39.609+0000] {standard_task_runner.py:55} INFO - Started process 1522 to run task
[2022-12-05T22:39:39.619+0000] {standard_task_runner.py:82} INFO - Running: ['***', 'tasks', 'run', 'dag', 'task_0_0', 'manual__2022-12-05T22:39:37.153442+00:00', '--job-id', '1019', '--raw', '--subdir', 'DAGS_FOLDER/dag.py', '--cfg-path', '/tmp/tmpyfpxlu87']
[2022-12-05T22:39:39.620+0000] {standard_task_runner.py:83} INFO - Job 1019: Subtask task_0_0
[2022-12-05T22:39:39.976+0000] {task_command.py:376} INFO - Running <TaskInstance: dag.task_0_0 manual__2022-12-05T22:39:37.153442+00:00 [running]> on host ac7ba1737e5d
[2022-12-05T22:39:40.553+0000] {taskinstance.py:1592} INFO - Exporting the following env vars:
AIRFLOW_CTX_DAG_OWNER=lofitravel
AIRFLOW_CTX_DAG_ID=dag
AIRFLOW_CTX_TASK_ID=task_0_0
AIRFLOW_CTX_EXECUTION_DATE=2022-12-05T22:39:37.153442+00:00
AIRFLOW_CTX_TRY_NUMBER=1
AIRFLOW_CTX_DAG_RUN_ID=manual__2022-12-05T22:39:37.153442+00:00
[2022-12-05T22:39:41.741+0000] {logging_mixin.py:137} INFO - курс одного USD к EUR: 0.95326576
[2022-12-05T22:39:41.744+0000] {python.py:177} INFO - Done. Returned value was: None
[2022-12-05T22:39:41.791+0000] {taskinstance.py:1406} INFO - Marking task as SUCCESS. dag_id=dag, task_id=task_0_0, execution_date=20221205T223937, start_date=20221205T223939, end_date=20221205T223941
[2022-12-05T22:39:41.958+0000] {local_task_job.py:159} INFO - Task exited with return code 0
[2022-12-05T22:39:42.048+0000] {taskinstance.py:2623} INFO - 0 downstream tasks scheduled from follow-on schedule check
