[2022-12-07T19:15:31.673+0000] {taskinstance.py:1165} INFO - Dependencies all met for <TaskInstance: dag.materialized_view manual__2022-12-07T19:15:19.388146+00:00 [queued]>
[2022-12-07T19:15:31.694+0000] {taskinstance.py:1165} INFO - Dependencies all met for <TaskInstance: dag.materialized_view manual__2022-12-07T19:15:19.388146+00:00 [queued]>
[2022-12-07T19:15:31.695+0000] {taskinstance.py:1362} INFO - 
--------------------------------------------------------------------------------
[2022-12-07T19:15:31.696+0000] {taskinstance.py:1363} INFO - Starting attempt 1 of 1
[2022-12-07T19:15:31.696+0000] {taskinstance.py:1364} INFO - 
--------------------------------------------------------------------------------
[2022-12-07T19:15:31.729+0000] {taskinstance.py:1383} INFO - Executing <Task(PythonOperator): materialized_view> on 2022-12-07 19:15:19.388146+00:00
[2022-12-07T19:15:31.737+0000] {standard_task_runner.py:55} INFO - Started process 5473 to run task
[2022-12-07T19:15:31.742+0000] {standard_task_runner.py:82} INFO - Running: ['***', 'tasks', 'run', 'dag', 'materialized_view', 'manual__2022-12-07T19:15:19.388146+00:00', '--job-id', '1864', '--raw', '--subdir', 'DAGS_FOLDER/dag.py', '--cfg-path', '/tmp/tmperlov65d']
[2022-12-07T19:15:31.744+0000] {standard_task_runner.py:83} INFO - Job 1864: Subtask materialized_view
[2022-12-07T19:15:31.847+0000] {task_command.py:376} INFO - Running <TaskInstance: dag.materialized_view manual__2022-12-07T19:15:19.388146+00:00 [running]> on host a9d6893ff63e
[2022-12-07T19:15:31.952+0000] {taskinstance.py:1592} INFO - Exporting the following env vars:
AIRFLOW_CTX_DAG_OWNER=lofitravel
AIRFLOW_CTX_DAG_ID=dag
AIRFLOW_CTX_TASK_ID=materialized_view
AIRFLOW_CTX_EXECUTION_DATE=2022-12-07T19:15:19.388146+00:00
AIRFLOW_CTX_TRY_NUMBER=1
AIRFLOW_CTX_DAG_RUN_ID=manual__2022-12-07T19:15:19.388146+00:00
[2022-12-07T19:15:31.962+0000] {logging_mixin.py:137} INFO - var ['82adcbbbae7a13d16e0b68fa1f50c023', '***_user', '***_ps', '***_database']
[2022-12-07T19:15:31.971+0000] {logging_mixin.py:137} INFO - var ['82adcbbbae7a13d16e0b68fa1f50c023', '***_user', '***_ps', '***_database']
[2022-12-07T19:15:31.979+0000] {logging_mixin.py:137} INFO - var ['82adcbbbae7a13d16e0b68fa1f50c023', '***_user', '***_ps', '***_database']
[2022-12-07T19:15:31.994+0000] {logging_mixin.py:137} INFO - Postgresql connection created!
[2022-12-07T19:15:31.996+0000] {logging_mixin.py:137} INFO - Data successfully inserted!
[2022-12-07T19:15:31.997+0000] {python.py:177} INFO - Done. Returned value was: None
[2022-12-07T19:15:32.010+0000] {taskinstance.py:1406} INFO - Marking task as SUCCESS. dag_id=dag, task_id=materialized_view, execution_date=20221207T191519, start_date=20221207T191531, end_date=20221207T191532
[2022-12-07T19:15:32.034+0000] {local_task_job.py:159} INFO - Task exited with return code 0
[2022-12-07T19:15:32.063+0000] {taskinstance.py:2623} INFO - 1 downstream tasks scheduled from follow-on schedule check
