[2022-12-04T15:18:01.353+0000] {taskinstance.py:1165} INFO - Dependencies all met for <TaskInstance: dag.task_1 scheduled__2022-12-04T15:17:00+00:00 [queued]>
[2022-12-04T15:18:01.364+0000] {taskinstance.py:1165} INFO - Dependencies all met for <TaskInstance: dag.task_1 scheduled__2022-12-04T15:17:00+00:00 [queued]>
[2022-12-04T15:18:01.365+0000] {taskinstance.py:1362} INFO - 
--------------------------------------------------------------------------------
[2022-12-04T15:18:01.365+0000] {taskinstance.py:1363} INFO - Starting attempt 1 of 1
[2022-12-04T15:18:01.366+0000] {taskinstance.py:1364} INFO - 
--------------------------------------------------------------------------------
[2022-12-04T15:18:01.383+0000] {taskinstance.py:1383} INFO - Executing <Task(BashOperator): task_1> on 2022-12-04 15:17:00+00:00
[2022-12-04T15:18:01.387+0000] {standard_task_runner.py:55} INFO - Started process 7839 to run task
[2022-12-04T15:18:01.390+0000] {standard_task_runner.py:82} INFO - Running: ['***', 'tasks', 'run', 'dag', 'task_1', 'scheduled__2022-12-04T15:17:00+00:00', '--job-id', '507', '--raw', '--subdir', 'DAGS_FOLDER/dag.py', '--cfg-path', '/tmp/tmpuv3z1ls7']
[2022-12-04T15:18:01.391+0000] {standard_task_runner.py:83} INFO - Job 507: Subtask task_1
[2022-12-04T15:18:01.460+0000] {task_command.py:376} INFO - Running <TaskInstance: dag.task_1 scheduled__2022-12-04T15:17:00+00:00 [running]> on host 37018d05bc9d
[2022-12-04T15:18:01.540+0000] {taskinstance.py:1592} INFO - Exporting the following env vars:
AIRFLOW_CTX_DAG_OWNER=lofitravel
AIRFLOW_CTX_DAG_ID=dag
AIRFLOW_CTX_TASK_ID=task_1
AIRFLOW_CTX_EXECUTION_DATE=2022-12-04T15:17:00+00:00
AIRFLOW_CTX_TRY_NUMBER=1
AIRFLOW_CTX_DAG_RUN_ID=scheduled__2022-12-04T15:17:00+00:00
[2022-12-04T15:18:01.541+0000] {subprocess.py:63} INFO - Tmp dir root location: 
 /tmp
[2022-12-04T15:18:01.542+0000] {subprocess.py:75} INFO - Running command: ['/bin/bash', '-c', 'echo "Hello World from Task 1"']
[2022-12-04T15:18:01.552+0000] {subprocess.py:86} INFO - Output:
[2022-12-04T15:18:01.553+0000] {subprocess.py:93} INFO - Hello World from Task 1
[2022-12-04T15:18:01.554+0000] {subprocess.py:97} INFO - Command exited with return code 0
[2022-12-04T15:18:01.580+0000] {taskinstance.py:1406} INFO - Marking task as SUCCESS. dag_id=dag, task_id=task_1, execution_date=20221204T151700, start_date=20221204T151801, end_date=20221204T151801
[2022-12-04T15:18:01.602+0000] {local_task_job.py:159} INFO - Task exited with return code 0
[2022-12-04T15:18:01.632+0000] {taskinstance.py:2623} INFO - 2 downstream tasks scheduled from follow-on schedule check
