[2022-12-07T10:35:45.857+0000] {taskinstance.py:1165} INFO - Dependencies all met for <TaskInstance: dag.encryption manual__2022-12-07T10:35:43.818555+00:00 [queued]>
[2022-12-07T10:35:45.876+0000] {taskinstance.py:1165} INFO - Dependencies all met for <TaskInstance: dag.encryption manual__2022-12-07T10:35:43.818555+00:00 [queued]>
[2022-12-07T10:35:45.877+0000] {taskinstance.py:1362} INFO - 
--------------------------------------------------------------------------------
[2022-12-07T10:35:45.877+0000] {taskinstance.py:1363} INFO - Starting attempt 1 of 1
[2022-12-07T10:35:45.878+0000] {taskinstance.py:1364} INFO - 
--------------------------------------------------------------------------------
[2022-12-07T10:35:45.925+0000] {taskinstance.py:1383} INFO - Executing <Task(PythonOperator): encryption> on 2022-12-07 10:35:43.818555+00:00
[2022-12-07T10:35:45.941+0000] {standard_task_runner.py:55} INFO - Started process 839 to run task
[2022-12-07T10:35:45.949+0000] {standard_task_runner.py:82} INFO - Running: ['***', 'tasks', 'run', 'dag', 'encryption', 'manual__2022-12-07T10:35:43.818555+00:00', '--job-id', '1640', '--raw', '--subdir', 'DAGS_FOLDER/dag.py', '--cfg-path', '/tmp/tmpq8pw50dd']
[2022-12-07T10:35:45.950+0000] {standard_task_runner.py:83} INFO - Job 1640: Subtask encryption
[2022-12-07T10:35:46.183+0000] {task_command.py:376} INFO - Running <TaskInstance: dag.encryption manual__2022-12-07T10:35:43.818555+00:00 [running]> on host ede3719a0239
[2022-12-07T10:35:46.453+0000] {taskinstance.py:1592} INFO - Exporting the following env vars:
AIRFLOW_CTX_DAG_OWNER=lofitravel
AIRFLOW_CTX_DAG_ID=dag
AIRFLOW_CTX_TASK_ID=encryption
AIRFLOW_CTX_EXECUTION_DATE=2022-12-07T10:35:43.818555+00:00
AIRFLOW_CTX_TRY_NUMBER=1
AIRFLOW_CTX_DAG_RUN_ID=manual__2022-12-07T10:35:43.818555+00:00
[2022-12-07T10:35:46.483+0000] {logging_mixin.py:137} INFO - var <function configs at 0x7f73c4396d40>
[2022-12-07T10:35:46.488+0000] {python.py:177} INFO - Done. Returned value was: ['82adcbbbae7a13d16e0b68fa1f50c023']
[2022-12-07T10:35:46.592+0000] {taskinstance.py:1406} INFO - Marking task as SUCCESS. dag_id=dag, task_id=encryption, execution_date=20221207T103543, start_date=20221207T103545, end_date=20221207T103546
[2022-12-07T10:35:46.695+0000] {local_task_job.py:159} INFO - Task exited with return code 0
[2022-12-07T10:35:46.736+0000] {taskinstance.py:2623} INFO - 0 downstream tasks scheduled from follow-on schedule check
