[2022-12-07T13:25:30.597+0000] {taskinstance.py:1165} INFO - Dependencies all met for <TaskInstance: dag.task_0_1 manual__2022-12-07T13:25:28.924101+00:00 [queued]>
[2022-12-07T13:25:30.616+0000] {taskinstance.py:1165} INFO - Dependencies all met for <TaskInstance: dag.task_0_1 manual__2022-12-07T13:25:28.924101+00:00 [queued]>
[2022-12-07T13:25:30.617+0000] {taskinstance.py:1362} INFO - 
--------------------------------------------------------------------------------
[2022-12-07T13:25:30.618+0000] {taskinstance.py:1363} INFO - Starting attempt 1 of 1
[2022-12-07T13:25:30.618+0000] {taskinstance.py:1364} INFO - 
--------------------------------------------------------------------------------
[2022-12-07T13:25:30.646+0000] {taskinstance.py:1383} INFO - Executing <Task(PythonOperator): task_0_1> on 2022-12-07 13:25:28.924101+00:00
[2022-12-07T13:25:30.654+0000] {standard_task_runner.py:55} INFO - Started process 2085 to run task
[2022-12-07T13:25:30.663+0000] {standard_task_runner.py:82} INFO - Running: ['***', 'tasks', 'run', 'dag', 'task_0_1', 'manual__2022-12-07T13:25:28.924101+00:00', '--job-id', '1769', '--raw', '--subdir', 'DAGS_FOLDER/dag.py', '--cfg-path', '/tmp/tmp_zbnad99']
[2022-12-07T13:25:30.664+0000] {standard_task_runner.py:83} INFO - Job 1769: Subtask task_0_1
[2022-12-07T13:25:30.773+0000] {task_command.py:376} INFO - Running <TaskInstance: dag.task_0_1 manual__2022-12-07T13:25:28.924101+00:00 [running]> on host 6c11163b5e64
[2022-12-07T13:25:30.993+0000] {taskinstance.py:1592} INFO - Exporting the following env vars:
AIRFLOW_CTX_DAG_OWNER=lofitravel
AIRFLOW_CTX_DAG_ID=dag
AIRFLOW_CTX_TASK_ID=task_0_1
AIRFLOW_CTX_EXECUTION_DATE=2022-12-07T13:25:28.924101+00:00
AIRFLOW_CTX_TRY_NUMBER=1
AIRFLOW_CTX_DAG_RUN_ID=manual__2022-12-07T13:25:28.924101+00:00
[2022-12-07T13:25:34.019+0000] {logging_mixin.py:137} INFO - курс одного USD к RUB: 62.98671587
[2022-12-07T13:25:34.067+0000] {python.py:177} INFO - Done. Returned value was: None
[2022-12-07T13:25:34.087+0000] {taskinstance.py:1406} INFO - Marking task as SUCCESS. dag_id=dag, task_id=task_0_1, execution_date=20221207T132528, start_date=20221207T132530, end_date=20221207T132534
[2022-12-07T13:25:34.156+0000] {local_task_job.py:159} INFO - Task exited with return code 0
[2022-12-07T13:25:34.179+0000] {taskinstance.py:2623} INFO - 0 downstream tasks scheduled from follow-on schedule check
