[2022-12-05T19:07:40.538+0000] {taskinstance.py:1165} INFO - Dependencies all met for <TaskInstance: dag.task_1_0 manual__2022-12-05T19:07:34.148749+00:00 [queued]>
[2022-12-05T19:07:40.612+0000] {taskinstance.py:1165} INFO - Dependencies all met for <TaskInstance: dag.task_1_0 manual__2022-12-05T19:07:34.148749+00:00 [queued]>
[2022-12-05T19:07:40.613+0000] {taskinstance.py:1362} INFO - 
--------------------------------------------------------------------------------
[2022-12-05T19:07:40.614+0000] {taskinstance.py:1363} INFO - Starting attempt 1 of 1
[2022-12-05T19:07:40.617+0000] {taskinstance.py:1364} INFO - 
--------------------------------------------------------------------------------
[2022-12-05T19:07:40.728+0000] {taskinstance.py:1383} INFO - Executing <Task(PythonOperator): task_1_0> on 2022-12-05 19:07:34.148749+00:00
[2022-12-05T19:07:40.751+0000] {standard_task_runner.py:55} INFO - Started process 2508 to run task
[2022-12-05T19:07:40.771+0000] {standard_task_runner.py:82} INFO - Running: ['***', 'tasks', 'run', 'dag', 'task_1_0', 'manual__2022-12-05T19:07:34.148749+00:00', '--job-id', '907', '--raw', '--subdir', 'DAGS_FOLDER/dag.py', '--cfg-path', '/tmp/tmp6vqhz7_m']
[2022-12-05T19:07:40.773+0000] {standard_task_runner.py:83} INFO - Job 907: Subtask task_1_0
[2022-12-05T19:07:41.372+0000] {task_command.py:376} INFO - Running <TaskInstance: dag.task_1_0 manual__2022-12-05T19:07:34.148749+00:00 [running]> on host 02acd0b59b6f
[2022-12-05T19:07:42.180+0000] {taskinstance.py:1592} INFO - Exporting the following env vars:
AIRFLOW_CTX_DAG_OWNER=lofitravel
AIRFLOW_CTX_DAG_ID=dag
AIRFLOW_CTX_TASK_ID=task_1_0
AIRFLOW_CTX_EXECUTION_DATE=2022-12-05T19:07:34.148749+00:00
AIRFLOW_CTX_TRY_NUMBER=1
AIRFLOW_CTX_DAG_RUN_ID=manual__2022-12-05T19:07:34.148749+00:00
[2022-12-05T19:07:43.417+0000] {logging_mixin.py:137} INFO - курс одного EUR к RUB: 65.68605417
[2022-12-05T19:07:43.501+0000] {python.py:177} INFO - Done. Returned value was: None
[2022-12-05T19:07:43.621+0000] {taskinstance.py:1406} INFO - Marking task as SUCCESS. dag_id=dag, task_id=task_1_0, execution_date=20221205T190734, start_date=20221205T190740, end_date=20221205T190743
[2022-12-05T19:07:43.883+0000] {local_task_job.py:159} INFO - Task exited with return code 0
[2022-12-05T19:07:44.079+0000] {taskinstance.py:2623} INFO - 1 downstream tasks scheduled from follow-on schedule check
