[2022-12-07T17:20:46.411+0000] {taskinstance.py:1165} INFO - Dependencies all met for <TaskInstance: dag.task_0_0 manual__2022-12-07T17:20:43.867557+00:00 [queued]>
[2022-12-07T17:20:46.424+0000] {taskinstance.py:1165} INFO - Dependencies all met for <TaskInstance: dag.task_0_0 manual__2022-12-07T17:20:43.867557+00:00 [queued]>
[2022-12-07T17:20:46.425+0000] {taskinstance.py:1362} INFO - 
--------------------------------------------------------------------------------
[2022-12-07T17:20:46.425+0000] {taskinstance.py:1363} INFO - Starting attempt 1 of 1
[2022-12-07T17:20:46.426+0000] {taskinstance.py:1364} INFO - 
--------------------------------------------------------------------------------
[2022-12-07T17:20:46.447+0000] {taskinstance.py:1383} INFO - Executing <Task(PythonOperator): task_0_0> on 2022-12-07 17:20:43.867557+00:00
[2022-12-07T17:20:46.453+0000] {standard_task_runner.py:55} INFO - Started process 131 to run task
[2022-12-07T17:20:46.458+0000] {standard_task_runner.py:82} INFO - Running: ['***', 'tasks', 'run', 'dag', 'task_0_0', 'manual__2022-12-07T17:20:43.867557+00:00', '--job-id', '1826', '--raw', '--subdir', 'DAGS_FOLDER/dag.py', '--cfg-path', '/tmp/tmp62zixklr']
[2022-12-07T17:20:46.459+0000] {standard_task_runner.py:83} INFO - Job 1826: Subtask task_0_0
[2022-12-07T17:20:46.555+0000] {task_command.py:376} INFO - Running <TaskInstance: dag.task_0_0 manual__2022-12-07T17:20:43.867557+00:00 [running]> on host a9d6893ff63e
[2022-12-07T17:20:46.664+0000] {taskinstance.py:1592} INFO - Exporting the following env vars:
AIRFLOW_CTX_DAG_OWNER=lofitravel
AIRFLOW_CTX_DAG_ID=dag
AIRFLOW_CTX_TASK_ID=task_0_0
AIRFLOW_CTX_EXECUTION_DATE=2022-12-07T17:20:43.867557+00:00
AIRFLOW_CTX_TRY_NUMBER=1
AIRFLOW_CTX_DAG_RUN_ID=manual__2022-12-07T17:20:43.867557+00:00
[2022-12-07T17:20:47.748+0000] {logging_mixin.py:137} INFO - курс одного USD к EUR: 0.95202244
[2022-12-07T17:20:47.811+0000] {python.py:177} INFO - Done. Returned value was: None
[2022-12-07T17:20:47.833+0000] {taskinstance.py:1406} INFO - Marking task as SUCCESS. dag_id=dag, task_id=task_0_0, execution_date=20221207T172043, start_date=20221207T172046, end_date=20221207T172047
[2022-12-07T17:20:47.877+0000] {local_task_job.py:159} INFO - Task exited with return code 0
[2022-12-07T17:20:47.915+0000] {taskinstance.py:2623} INFO - 0 downstream tasks scheduled from follow-on schedule check
