[2022-12-07T10:49:48.866+0000] {taskinstance.py:1165} INFO - Dependencies all met for <TaskInstance: dag.pull_data manual__2022-12-07T10:49:42.244755+00:00 [queued]>
[2022-12-07T10:49:48.880+0000] {taskinstance.py:1165} INFO - Dependencies all met for <TaskInstance: dag.pull_data manual__2022-12-07T10:49:42.244755+00:00 [queued]>
[2022-12-07T10:49:48.881+0000] {taskinstance.py:1362} INFO - 
--------------------------------------------------------------------------------
[2022-12-07T10:49:48.881+0000] {taskinstance.py:1363} INFO - Starting attempt 1 of 1
[2022-12-07T10:49:48.882+0000] {taskinstance.py:1364} INFO - 
--------------------------------------------------------------------------------
[2022-12-07T10:49:48.900+0000] {taskinstance.py:1383} INFO - Executing <Task(PythonOperator): pull_data> on 2022-12-07 10:49:42.244755+00:00
[2022-12-07T10:49:48.905+0000] {standard_task_runner.py:55} INFO - Started process 1634 to run task
[2022-12-07T10:49:48.908+0000] {standard_task_runner.py:82} INFO - Running: ['***', 'tasks', 'run', 'dag', 'pull_data', 'manual__2022-12-07T10:49:42.244755+00:00', '--job-id', '1727', '--raw', '--subdir', 'DAGS_FOLDER/dag.py', '--cfg-path', '/tmp/tmpfywxwd9k']
[2022-12-07T10:49:48.909+0000] {standard_task_runner.py:83} INFO - Job 1727: Subtask pull_data
[2022-12-07T10:49:48.986+0000] {task_command.py:376} INFO - Running <TaskInstance: dag.pull_data manual__2022-12-07T10:49:42.244755+00:00 [running]> on host ede3719a0239
[2022-12-07T10:49:49.073+0000] {taskinstance.py:1592} INFO - Exporting the following env vars:
AIRFLOW_CTX_DAG_OWNER=lofitravel
AIRFLOW_CTX_DAG_ID=dag
AIRFLOW_CTX_TASK_ID=pull_data
AIRFLOW_CTX_EXECUTION_DATE=2022-12-07T10:49:42.244755+00:00
AIRFLOW_CTX_TRY_NUMBER=1
AIRFLOW_CTX_DAG_RUN_ID=manual__2022-12-07T10:49:42.244755+00:00
[2022-12-07T10:49:49.096+0000] {logging_mixin.py:137} INFO - var ['82adcbbbae7a13d16e0b68fa1f50c023', '***_user', '***_ps', '***_database']
[2022-12-07T10:49:49.104+0000] {logging_mixin.py:137} INFO - var ['82adcbbbae7a13d16e0b68fa1f50c023', '***_user', '***_ps', '***_database']
[2022-12-07T10:49:49.112+0000] {logging_mixin.py:137} INFO - var ['82adcbbbae7a13d16e0b68fa1f50c023', '***_user', '***_ps', '***_database']
[2022-12-07T10:49:49.122+0000] {logging_mixin.py:137} INFO - Postgresql connection created!
[2022-12-07T10:49:49.126+0000] {logging_mixin.py:137} INFO - Data successfully inserted!
[2022-12-07T10:49:49.126+0000] {python.py:177} INFO - Done. Returned value was: None
[2022-12-07T10:49:49.139+0000] {taskinstance.py:1406} INFO - Marking task as SUCCESS. dag_id=dag, task_id=pull_data, execution_date=20221207T104942, start_date=20221207T104948, end_date=20221207T104949
[2022-12-07T10:49:49.161+0000] {local_task_job.py:159} INFO - Task exited with return code 0
[2022-12-07T10:49:49.183+0000] {taskinstance.py:2623} INFO - 0 downstream tasks scheduled from follow-on schedule check
