[2022-12-07T13:25:30.575+0000] {taskinstance.py:1165} INFO - Dependencies all met for <TaskInstance: dag.encryption manual__2022-12-07T13:25:28.924101+00:00 [queued]>
[2022-12-07T13:25:30.596+0000] {taskinstance.py:1165} INFO - Dependencies all met for <TaskInstance: dag.encryption manual__2022-12-07T13:25:28.924101+00:00 [queued]>
[2022-12-07T13:25:30.597+0000] {taskinstance.py:1362} INFO - 
--------------------------------------------------------------------------------
[2022-12-07T13:25:30.597+0000] {taskinstance.py:1363} INFO - Starting attempt 1 of 1
[2022-12-07T13:25:30.598+0000] {taskinstance.py:1364} INFO - 
--------------------------------------------------------------------------------
[2022-12-07T13:25:30.630+0000] {taskinstance.py:1383} INFO - Executing <Task(PythonOperator): encryption> on 2022-12-07 13:25:28.924101+00:00
[2022-12-07T13:25:30.635+0000] {standard_task_runner.py:55} INFO - Started process 2083 to run task
[2022-12-07T13:25:30.641+0000] {standard_task_runner.py:82} INFO - Running: ['***', 'tasks', 'run', 'dag', 'encryption', 'manual__2022-12-07T13:25:28.924101+00:00', '--job-id', '1768', '--raw', '--subdir', 'DAGS_FOLDER/dag.py', '--cfg-path', '/tmp/tmpsb_lllxo']
[2022-12-07T13:25:30.642+0000] {standard_task_runner.py:83} INFO - Job 1768: Subtask encryption
[2022-12-07T13:25:30.760+0000] {task_command.py:376} INFO - Running <TaskInstance: dag.encryption manual__2022-12-07T13:25:28.924101+00:00 [running]> on host 6c11163b5e64
[2022-12-07T13:25:30.997+0000] {taskinstance.py:1592} INFO - Exporting the following env vars:
AIRFLOW_CTX_DAG_OWNER=lofitravel
AIRFLOW_CTX_DAG_ID=dag
AIRFLOW_CTX_TASK_ID=encryption
AIRFLOW_CTX_EXECUTION_DATE=2022-12-07T13:25:28.924101+00:00
AIRFLOW_CTX_TRY_NUMBER=1
AIRFLOW_CTX_DAG_RUN_ID=manual__2022-12-07T13:25:28.924101+00:00
[2022-12-07T13:25:31.031+0000] {logging_mixin.py:137} INFO - var ['82adcbbbae7a13d16e0b68fa1f50c023', '***_user', '***_ps', '***_database']
[2022-12-07T13:25:31.035+0000] {python.py:177} INFO - Done. Returned value was: ['82adcbbbae7a13d16e0b68fa1f50c023', '***_user', '***_ps', '***_database']
[2022-12-07T13:25:31.100+0000] {taskinstance.py:1406} INFO - Marking task as SUCCESS. dag_id=dag, task_id=encryption, execution_date=20221207T132528, start_date=20221207T132530, end_date=20221207T132531
[2022-12-07T13:25:31.176+0000] {local_task_job.py:159} INFO - Task exited with return code 0
[2022-12-07T13:25:31.299+0000] {taskinstance.py:2623} INFO - 1 downstream tasks scheduled from follow-on schedule check
