[2022-12-07T19:17:20.928+0000] {taskinstance.py:1165} INFO - Dependencies all met for <TaskInstance: dag.materialized_view manual__2022-12-07T19:17:08.290866+00:00 [queued]>
[2022-12-07T19:17:20.947+0000] {taskinstance.py:1165} INFO - Dependencies all met for <TaskInstance: dag.materialized_view manual__2022-12-07T19:17:08.290866+00:00 [queued]>
[2022-12-07T19:17:20.948+0000] {taskinstance.py:1362} INFO - 
--------------------------------------------------------------------------------
[2022-12-07T19:17:20.949+0000] {taskinstance.py:1363} INFO - Starting attempt 1 of 1
[2022-12-07T19:17:20.949+0000] {taskinstance.py:1364} INFO - 
--------------------------------------------------------------------------------
[2022-12-07T19:17:20.978+0000] {taskinstance.py:1383} INFO - Executing <Task(PythonOperator): materialized_view> on 2022-12-07 19:17:08.290866+00:00
[2022-12-07T19:17:20.985+0000] {standard_task_runner.py:55} INFO - Started process 5570 to run task
[2022-12-07T19:17:20.991+0000] {standard_task_runner.py:82} INFO - Running: ['***', 'tasks', 'run', 'dag', 'materialized_view', 'manual__2022-12-07T19:17:08.290866+00:00', '--job-id', '1872', '--raw', '--subdir', 'DAGS_FOLDER/dag.py', '--cfg-path', '/tmp/tmprzz5xzz3']
[2022-12-07T19:17:20.992+0000] {standard_task_runner.py:83} INFO - Job 1872: Subtask materialized_view
[2022-12-07T19:17:21.083+0000] {task_command.py:376} INFO - Running <TaskInstance: dag.materialized_view manual__2022-12-07T19:17:08.290866+00:00 [running]> on host a9d6893ff63e
[2022-12-07T19:17:21.185+0000] {taskinstance.py:1592} INFO - Exporting the following env vars:
AIRFLOW_CTX_DAG_OWNER=lofitravel
AIRFLOW_CTX_DAG_ID=dag
AIRFLOW_CTX_TASK_ID=materialized_view
AIRFLOW_CTX_EXECUTION_DATE=2022-12-07T19:17:08.290866+00:00
AIRFLOW_CTX_TRY_NUMBER=1
AIRFLOW_CTX_DAG_RUN_ID=manual__2022-12-07T19:17:08.290866+00:00
[2022-12-07T19:17:21.196+0000] {logging_mixin.py:137} INFO - var ['82adcbbbae7a13d16e0b68fa1f50c023', '***_user', '***_ps', '***_database']
[2022-12-07T19:17:21.205+0000] {logging_mixin.py:137} INFO - var ['82adcbbbae7a13d16e0b68fa1f50c023', '***_user', '***_ps', '***_database']
[2022-12-07T19:17:21.215+0000] {logging_mixin.py:137} INFO - var ['82adcbbbae7a13d16e0b68fa1f50c023', '***_user', '***_ps', '***_database']
[2022-12-07T19:17:21.227+0000] {logging_mixin.py:137} INFO - Postgresql connection created!
[2022-12-07T19:17:21.228+0000] {logging_mixin.py:137} INFO - function missing required argument 'vars_list' (pos 2)
[2022-12-07T19:17:21.229+0000] {python.py:177} INFO - Done. Returned value was: None
[2022-12-07T19:17:21.252+0000] {taskinstance.py:1406} INFO - Marking task as SUCCESS. dag_id=dag, task_id=materialized_view, execution_date=20221207T191708, start_date=20221207T191720, end_date=20221207T191721
[2022-12-07T19:17:21.361+0000] {local_task_job.py:159} INFO - Task exited with return code 0
[2022-12-07T19:17:21.394+0000] {taskinstance.py:2623} INFO - 1 downstream tasks scheduled from follow-on schedule check
