[2022-12-04T17:55:07.460+0000] {taskinstance.py:1165} INFO - Dependencies all met for <TaskInstance: dag.task_0_0 manual__2022-12-04T17:55:03.600716+00:00 [queued]>
[2022-12-04T17:55:07.551+0000] {taskinstance.py:1165} INFO - Dependencies all met for <TaskInstance: dag.task_0_0 manual__2022-12-04T17:55:03.600716+00:00 [queued]>
[2022-12-04T17:55:07.588+0000] {taskinstance.py:1362} INFO - 
--------------------------------------------------------------------------------
[2022-12-04T17:55:07.607+0000] {taskinstance.py:1363} INFO - Starting attempt 1 of 1
[2022-12-04T17:55:07.630+0000] {taskinstance.py:1364} INFO - 
--------------------------------------------------------------------------------
[2022-12-04T17:55:07.811+0000] {taskinstance.py:1383} INFO - Executing <Task(PythonOperator): task_0_0> on 2022-12-04 17:55:03.600716+00:00
[2022-12-04T17:55:07.846+0000] {standard_task_runner.py:55} INFO - Started process 16015 to run task
[2022-12-04T17:55:07.867+0000] {standard_task_runner.py:82} INFO - Running: ['***', 'tasks', 'run', 'dag', 'task_0_0', 'manual__2022-12-04T17:55:03.600716+00:00', '--job-id', '891', '--raw', '--subdir', 'DAGS_FOLDER/dag.py', '--cfg-path', '/tmp/tmperzluvc6']
[2022-12-04T17:55:07.881+0000] {standard_task_runner.py:83} INFO - Job 891: Subtask task_0_0
[2022-12-04T17:55:08.647+0000] {task_command.py:376} INFO - Running <TaskInstance: dag.task_0_0 manual__2022-12-04T17:55:03.600716+00:00 [running]> on host 37018d05bc9d
[2022-12-04T17:55:09.703+0000] {taskinstance.py:1592} INFO - Exporting the following env vars:
AIRFLOW_CTX_DAG_OWNER=lofitravel
AIRFLOW_CTX_DAG_ID=dag
AIRFLOW_CTX_TASK_ID=task_0_0
AIRFLOW_CTX_EXECUTION_DATE=2022-12-04T17:55:03.600716+00:00
AIRFLOW_CTX_TRY_NUMBER=1
AIRFLOW_CTX_DAG_RUN_ID=manual__2022-12-04T17:55:03.600716+00:00
[2022-12-04T17:55:11.005+0000] {logging_mixin.py:137} INFO - курс одного USD к EUR: 0.949973
[2022-12-04T17:55:11.010+0000] {python.py:177} INFO - Done. Returned value was: None
[2022-12-04T17:55:11.066+0000] {taskinstance.py:1406} INFO - Marking task as SUCCESS. dag_id=dag, task_id=task_0_0, execution_date=20221204T175503, start_date=20221204T175507, end_date=20221204T175511
[2022-12-04T17:55:11.206+0000] {local_task_job.py:159} INFO - Task exited with return code 0
[2022-12-04T17:55:11.338+0000] {taskinstance.py:2623} INFO - 0 downstream tasks scheduled from follow-on schedule check
