[2022-12-07T14:49:08.420+0000] {taskinstance.py:1165} INFO - Dependencies all met for <TaskInstance: dag.materialized_view manual__2022-12-07T14:48:56.860060+00:00 [queued]>
[2022-12-07T14:49:08.448+0000] {taskinstance.py:1165} INFO - Dependencies all met for <TaskInstance: dag.materialized_view manual__2022-12-07T14:48:56.860060+00:00 [queued]>
[2022-12-07T14:49:08.449+0000] {taskinstance.py:1362} INFO - 
--------------------------------------------------------------------------------
[2022-12-07T14:49:08.449+0000] {taskinstance.py:1363} INFO - Starting attempt 1 of 1
[2022-12-07T14:49:08.450+0000] {taskinstance.py:1364} INFO - 
--------------------------------------------------------------------------------
[2022-12-07T14:49:08.474+0000] {taskinstance.py:1383} INFO - Executing <Task(PythonOperator): materialized_view> on 2022-12-07 14:48:56.860060+00:00
[2022-12-07T14:49:08.520+0000] {standard_task_runner.py:55} INFO - Started process 177 to run task
[2022-12-07T14:49:08.527+0000] {standard_task_runner.py:82} INFO - Running: ['***', 'tasks', 'run', 'dag', 'materialized_view', 'manual__2022-12-07T14:48:56.860060+00:00', '--job-id', '1798', '--raw', '--subdir', 'DAGS_FOLDER/dag.py', '--cfg-path', '/tmp/tmpoxixsoo0']
[2022-12-07T14:49:08.537+0000] {standard_task_runner.py:83} INFO - Job 1798: Subtask materialized_view
[2022-12-07T14:49:08.828+0000] {task_command.py:376} INFO - Running <TaskInstance: dag.materialized_view manual__2022-12-07T14:48:56.860060+00:00 [running]> on host 20d9dd97c6ff
[2022-12-07T14:49:09.220+0000] {taskinstance.py:1592} INFO - Exporting the following env vars:
AIRFLOW_CTX_DAG_OWNER=lofitravel
AIRFLOW_CTX_DAG_ID=dag
AIRFLOW_CTX_TASK_ID=materialized_view
AIRFLOW_CTX_EXECUTION_DATE=2022-12-07T14:48:56.860060+00:00
AIRFLOW_CTX_TRY_NUMBER=1
AIRFLOW_CTX_DAG_RUN_ID=manual__2022-12-07T14:48:56.860060+00:00
[2022-12-07T14:49:09.236+0000] {logging_mixin.py:137} INFO - var ['82adcbbbae7a13d16e0b68fa1f50c023', '***_user', '***_ps', '***_database']
[2022-12-07T14:49:09.249+0000] {logging_mixin.py:137} INFO - var ['82adcbbbae7a13d16e0b68fa1f50c023', '***_user', '***_ps', '***_database']
[2022-12-07T14:49:09.262+0000] {logging_mixin.py:137} INFO - var ['82adcbbbae7a13d16e0b68fa1f50c023', '***_user', '***_ps', '***_database']
[2022-12-07T14:49:09.276+0000] {logging_mixin.py:137} INFO - Postgresql connection created!
[2022-12-07T14:49:09.277+0000] {logging_mixin.py:137} INFO - name 'values_to_insert' is not defined
[2022-12-07T14:49:09.277+0000] {python.py:177} INFO - Done. Returned value was: None
[2022-12-07T14:49:09.294+0000] {taskinstance.py:1406} INFO - Marking task as SUCCESS. dag_id=dag, task_id=materialized_view, execution_date=20221207T144856, start_date=20221207T144908, end_date=20221207T144909
[2022-12-07T14:49:09.339+0000] {local_task_job.py:159} INFO - Task exited with return code 0
[2022-12-07T14:49:09.382+0000] {taskinstance.py:2623} INFO - 1 downstream tasks scheduled from follow-on schedule check
