[2022-12-07T13:20:10.714+0000] {taskinstance.py:1165} INFO - Dependencies all met for <TaskInstance: dag.materialized_view manual__2022-12-07T13:19:59.936015+00:00 [queued]>
[2022-12-07T13:20:10.745+0000] {taskinstance.py:1165} INFO - Dependencies all met for <TaskInstance: dag.materialized_view manual__2022-12-07T13:19:59.936015+00:00 [queued]>
[2022-12-07T13:20:10.746+0000] {taskinstance.py:1362} INFO - 
--------------------------------------------------------------------------------
[2022-12-07T13:20:10.747+0000] {taskinstance.py:1363} INFO - Starting attempt 1 of 1
[2022-12-07T13:20:10.748+0000] {taskinstance.py:1364} INFO - 
--------------------------------------------------------------------------------
[2022-12-07T13:20:10.784+0000] {taskinstance.py:1383} INFO - Executing <Task(PythonOperator): materialized_view> on 2022-12-07 13:19:59.936015+00:00
[2022-12-07T13:20:10.794+0000] {standard_task_runner.py:55} INFO - Started process 1845 to run task
[2022-12-07T13:20:10.800+0000] {standard_task_runner.py:82} INFO - Running: ['***', 'tasks', 'run', 'dag', 'materialized_view', 'manual__2022-12-07T13:19:59.936015+00:00', '--job-id', '1767', '--raw', '--subdir', 'DAGS_FOLDER/dag.py', '--cfg-path', '/tmp/tmpm7gl2ofy']
[2022-12-07T13:20:10.802+0000] {standard_task_runner.py:83} INFO - Job 1767: Subtask materialized_view
[2022-12-07T13:20:10.927+0000] {task_command.py:376} INFO - Running <TaskInstance: dag.materialized_view manual__2022-12-07T13:19:59.936015+00:00 [running]> on host 6c11163b5e64
[2022-12-07T13:20:11.202+0000] {taskinstance.py:1592} INFO - Exporting the following env vars:
AIRFLOW_CTX_DAG_OWNER=lofitravel
AIRFLOW_CTX_DAG_ID=dag
AIRFLOW_CTX_TASK_ID=materialized_view
AIRFLOW_CTX_EXECUTION_DATE=2022-12-07T13:19:59.936015+00:00
AIRFLOW_CTX_TRY_NUMBER=1
AIRFLOW_CTX_DAG_RUN_ID=manual__2022-12-07T13:19:59.936015+00:00
[2022-12-07T13:20:11.218+0000] {logging_mixin.py:137} INFO - var ['82adcbbbae7a13d16e0b68fa1f50c023', '***_user', '***_ps', '***_database']
[2022-12-07T13:20:11.230+0000] {logging_mixin.py:137} INFO - var ['82adcbbbae7a13d16e0b68fa1f50c023', '***_user', '***_ps', '***_database']
[2022-12-07T13:20:11.265+0000] {logging_mixin.py:137} INFO - var ['82adcbbbae7a13d16e0b68fa1f50c023', '***_user', '***_ps', '***_database']
[2022-12-07T13:20:11.286+0000] {logging_mixin.py:137} INFO - Postgresql connection created!
[2022-12-07T13:20:11.287+0000] {logging_mixin.py:137} INFO - name 'values_to_insert' is not defined
[2022-12-07T13:20:11.287+0000] {python.py:177} INFO - Done. Returned value was: None
[2022-12-07T13:20:11.308+0000] {taskinstance.py:1406} INFO - Marking task as SUCCESS. dag_id=dag, task_id=materialized_view, execution_date=20221207T131959, start_date=20221207T132010, end_date=20221207T132011
[2022-12-07T13:20:11.372+0000] {local_task_job.py:159} INFO - Task exited with return code 0
[2022-12-07T13:20:11.410+0000] {taskinstance.py:2623} INFO - 0 downstream tasks scheduled from follow-on schedule check
