[2022-12-04T14:25:02.480+0000] {taskinstance.py:1165} INFO - Dependencies all met for <TaskInstance: dag.task_2 scheduled__2022-12-04T14:24:00+00:00 [queued]>
[2022-12-04T14:25:02.493+0000] {taskinstance.py:1165} INFO - Dependencies all met for <TaskInstance: dag.task_2 scheduled__2022-12-04T14:24:00+00:00 [queued]>
[2022-12-04T14:25:02.493+0000] {taskinstance.py:1362} INFO - 
--------------------------------------------------------------------------------
[2022-12-04T14:25:02.494+0000] {taskinstance.py:1363} INFO - Starting attempt 1 of 1
[2022-12-04T14:25:02.494+0000] {taskinstance.py:1364} INFO - 
--------------------------------------------------------------------------------
[2022-12-04T14:25:02.514+0000] {taskinstance.py:1383} INFO - Executing <Task(BashOperator): task_2> on 2022-12-04 14:24:00+00:00
[2022-12-04T14:25:02.519+0000] {standard_task_runner.py:55} INFO - Started process 4744 to run task
[2022-12-04T14:25:02.524+0000] {standard_task_runner.py:82} INFO - Running: ['***', 'tasks', 'run', 'dag', 'task_2', 'scheduled__2022-12-04T14:24:00+00:00', '--job-id', '297', '--raw', '--subdir', 'DAGS_FOLDER/dag.py', '--cfg-path', '/tmp/tmphfkl2jnl']
[2022-12-04T14:25:02.525+0000] {standard_task_runner.py:83} INFO - Job 297: Subtask task_2
[2022-12-04T14:25:02.598+0000] {task_command.py:376} INFO - Running <TaskInstance: dag.task_2 scheduled__2022-12-04T14:24:00+00:00 [running]> on host 37018d05bc9d
[2022-12-04T14:25:02.712+0000] {taskinstance.py:1592} INFO - Exporting the following env vars:
AIRFLOW_CTX_DAG_OWNER=lofitravel
AIRFLOW_CTX_DAG_ID=dag
AIRFLOW_CTX_TASK_ID=task_2
AIRFLOW_CTX_EXECUTION_DATE=2022-12-04T14:24:00+00:00
AIRFLOW_CTX_TRY_NUMBER=1
AIRFLOW_CTX_DAG_RUN_ID=scheduled__2022-12-04T14:24:00+00:00
[2022-12-04T14:25:02.714+0000] {subprocess.py:63} INFO - Tmp dir root location: 
 /tmp
[2022-12-04T14:25:02.715+0000] {subprocess.py:75} INFO - Running command: ['/bin/bash', '-c', 'echo "Hello World from Task 2"']
[2022-12-04T14:25:02.727+0000] {subprocess.py:86} INFO - Output:
[2022-12-04T14:25:02.728+0000] {subprocess.py:93} INFO - Hello World from Task 2
[2022-12-04T14:25:02.729+0000] {subprocess.py:97} INFO - Command exited with return code 0
[2022-12-04T14:25:02.761+0000] {taskinstance.py:1406} INFO - Marking task as SUCCESS. dag_id=dag, task_id=task_2, execution_date=20221204T142400, start_date=20221204T142502, end_date=20221204T142502
[2022-12-04T14:25:02.816+0000] {local_task_job.py:159} INFO - Task exited with return code 0
[2022-12-04T14:25:02.842+0000] {taskinstance.py:2623} INFO - 0 downstream tasks scheduled from follow-on schedule check
