[2022-12-04T17:55:07.168+0000] {taskinstance.py:1165} INFO - Dependencies all met for <TaskInstance: dag.task_0_1 manual__2022-12-04T17:55:03.600716+00:00 [queued]>
[2022-12-04T17:55:07.281+0000] {taskinstance.py:1165} INFO - Dependencies all met for <TaskInstance: dag.task_0_1 manual__2022-12-04T17:55:03.600716+00:00 [queued]>
[2022-12-04T17:55:07.308+0000] {taskinstance.py:1362} INFO - 
--------------------------------------------------------------------------------
[2022-12-04T17:55:07.401+0000] {taskinstance.py:1363} INFO - Starting attempt 1 of 1
[2022-12-04T17:55:07.420+0000] {taskinstance.py:1364} INFO - 
--------------------------------------------------------------------------------
[2022-12-04T17:55:07.634+0000] {taskinstance.py:1383} INFO - Executing <Task(PythonOperator): task_0_1> on 2022-12-04 17:55:03.600716+00:00
[2022-12-04T17:55:07.685+0000] {standard_task_runner.py:55} INFO - Started process 16014 to run task
[2022-12-04T17:55:07.699+0000] {standard_task_runner.py:82} INFO - Running: ['***', 'tasks', 'run', 'dag', 'task_0_1', 'manual__2022-12-04T17:55:03.600716+00:00', '--job-id', '890', '--raw', '--subdir', 'DAGS_FOLDER/dag.py', '--cfg-path', '/tmp/tmpedfddxdc']
[2022-12-04T17:55:07.740+0000] {standard_task_runner.py:83} INFO - Job 890: Subtask task_0_1
[2022-12-04T17:55:08.240+0000] {task_command.py:376} INFO - Running <TaskInstance: dag.task_0_1 manual__2022-12-04T17:55:03.600716+00:00 [running]> on host 37018d05bc9d
[2022-12-04T17:55:09.058+0000] {taskinstance.py:1592} INFO - Exporting the following env vars:
AIRFLOW_CTX_DAG_OWNER=lofitravel
AIRFLOW_CTX_DAG_ID=dag
AIRFLOW_CTX_TASK_ID=task_0_1
AIRFLOW_CTX_EXECUTION_DATE=2022-12-04T17:55:03.600716+00:00
AIRFLOW_CTX_TRY_NUMBER=1
AIRFLOW_CTX_DAG_RUN_ID=manual__2022-12-04T17:55:03.600716+00:00
[2022-12-04T17:55:10.253+0000] {logging_mixin.py:137} INFO - курс одного USD к RUB: 62.57434779
[2022-12-04T17:55:10.262+0000] {python.py:177} INFO - Done. Returned value was: None
[2022-12-04T17:55:10.404+0000] {taskinstance.py:1406} INFO - Marking task as SUCCESS. dag_id=dag, task_id=task_0_1, execution_date=20221204T175503, start_date=20221204T175507, end_date=20221204T175510
[2022-12-04T17:55:10.800+0000] {local_task_job.py:159} INFO - Task exited with return code 0
[2022-12-04T17:55:10.917+0000] {taskinstance.py:2623} INFO - 0 downstream tasks scheduled from follow-on schedule check
