[2022-12-07T14:54:55.788+0000] {taskinstance.py:1165} INFO - Dependencies all met for <TaskInstance: dag.task_1_0 manual__2022-12-07T14:54:51.798487+00:00 [queued]>
[2022-12-07T14:54:55.803+0000] {taskinstance.py:1165} INFO - Dependencies all met for <TaskInstance: dag.task_1_0 manual__2022-12-07T14:54:51.798487+00:00 [queued]>
[2022-12-07T14:54:55.803+0000] {taskinstance.py:1362} INFO - 
--------------------------------------------------------------------------------
[2022-12-07T14:54:55.804+0000] {taskinstance.py:1363} INFO - Starting attempt 1 of 1
[2022-12-07T14:54:55.805+0000] {taskinstance.py:1364} INFO - 
--------------------------------------------------------------------------------
[2022-12-07T14:54:55.832+0000] {taskinstance.py:1383} INFO - Executing <Task(PythonOperator): task_1_0> on 2022-12-07 14:54:51.798487+00:00
[2022-12-07T14:54:55.920+0000] {standard_task_runner.py:55} INFO - Started process 457 to run task
[2022-12-07T14:54:55.925+0000] {standard_task_runner.py:82} INFO - Running: ['***', 'tasks', 'run', 'dag', 'task_1_0', 'manual__2022-12-07T14:54:51.798487+00:00', '--job-id', '1811', '--raw', '--subdir', 'DAGS_FOLDER/dag.py', '--cfg-path', '/tmp/tmpekh_uvq9']
[2022-12-07T14:54:55.926+0000] {standard_task_runner.py:83} INFO - Job 1811: Subtask task_1_0
[2022-12-07T14:54:56.036+0000] {task_command.py:376} INFO - Running <TaskInstance: dag.task_1_0 manual__2022-12-07T14:54:51.798487+00:00 [running]> on host 20d9dd97c6ff
[2022-12-07T14:54:56.198+0000] {taskinstance.py:1592} INFO - Exporting the following env vars:
AIRFLOW_CTX_DAG_OWNER=lofitravel
AIRFLOW_CTX_DAG_ID=dag
AIRFLOW_CTX_TASK_ID=task_1_0
AIRFLOW_CTX_EXECUTION_DATE=2022-12-07T14:54:51.798487+00:00
AIRFLOW_CTX_TRY_NUMBER=1
AIRFLOW_CTX_DAG_RUN_ID=manual__2022-12-07T14:54:51.798487+00:00
[2022-12-07T14:54:57.036+0000] {logging_mixin.py:137} INFO - курс одного EUR к RUB: 66.21210391
[2022-12-07T14:54:57.096+0000] {python.py:177} INFO - Done. Returned value was: None
[2022-12-07T14:54:57.110+0000] {taskinstance.py:1406} INFO - Marking task as SUCCESS. dag_id=dag, task_id=task_1_0, execution_date=20221207T145451, start_date=20221207T145455, end_date=20221207T145457
[2022-12-07T14:54:57.141+0000] {local_task_job.py:159} INFO - Task exited with return code 0
[2022-12-07T14:54:57.192+0000] {taskinstance.py:2623} INFO - 1 downstream tasks scheduled from follow-on schedule check
