[2022-12-07T10:35:57.506+0000] {taskinstance.py:1165} INFO - Dependencies all met for <TaskInstance: dag.encryption manual__2022-12-07T10:35:55.383013+00:00 [queued]>
[2022-12-07T10:35:57.538+0000] {taskinstance.py:1165} INFO - Dependencies all met for <TaskInstance: dag.encryption manual__2022-12-07T10:35:55.383013+00:00 [queued]>
[2022-12-07T10:35:57.541+0000] {taskinstance.py:1362} INFO - 
--------------------------------------------------------------------------------
[2022-12-07T10:35:57.543+0000] {taskinstance.py:1363} INFO - Starting attempt 1 of 1
[2022-12-07T10:35:57.545+0000] {taskinstance.py:1364} INFO - 
--------------------------------------------------------------------------------
[2022-12-07T10:35:57.585+0000] {taskinstance.py:1383} INFO - Executing <Task(PythonOperator): encryption> on 2022-12-07 10:35:55.383013+00:00
[2022-12-07T10:35:57.592+0000] {standard_task_runner.py:55} INFO - Started process 858 to run task
[2022-12-07T10:35:57.598+0000] {standard_task_runner.py:82} INFO - Running: ['***', 'tasks', 'run', 'dag', 'encryption', 'manual__2022-12-07T10:35:55.383013+00:00', '--job-id', '1646', '--raw', '--subdir', 'DAGS_FOLDER/dag.py', '--cfg-path', '/tmp/tmp3hj18ntg']
[2022-12-07T10:35:57.599+0000] {standard_task_runner.py:83} INFO - Job 1646: Subtask encryption
[2022-12-07T10:35:57.719+0000] {task_command.py:376} INFO - Running <TaskInstance: dag.encryption manual__2022-12-07T10:35:55.383013+00:00 [running]> on host ede3719a0239
[2022-12-07T10:35:57.893+0000] {taskinstance.py:1592} INFO - Exporting the following env vars:
AIRFLOW_CTX_DAG_OWNER=lofitravel
AIRFLOW_CTX_DAG_ID=dag
AIRFLOW_CTX_TASK_ID=encryption
AIRFLOW_CTX_EXECUTION_DATE=2022-12-07T10:35:55.383013+00:00
AIRFLOW_CTX_TRY_NUMBER=1
AIRFLOW_CTX_DAG_RUN_ID=manual__2022-12-07T10:35:55.383013+00:00
[2022-12-07T10:35:57.910+0000] {logging_mixin.py:137} INFO - var <function configs at 0x7f73c4396d40>
[2022-12-07T10:35:57.911+0000] {python.py:177} INFO - Done. Returned value was: ['82adcbbbae7a13d16e0b68fa1f50c023']
[2022-12-07T10:35:57.969+0000] {taskinstance.py:1406} INFO - Marking task as SUCCESS. dag_id=dag, task_id=encryption, execution_date=20221207T103555, start_date=20221207T103557, end_date=20221207T103557
[2022-12-07T10:35:58.051+0000] {local_task_job.py:159} INFO - Task exited with return code 0
[2022-12-07T10:35:58.153+0000] {taskinstance.py:2623} INFO - 0 downstream tasks scheduled from follow-on schedule check
