[2022-12-05T22:30:30.615+0000] {taskinstance.py:1165} INFO - Dependencies all met for <TaskInstance: dag.create_table manual__2022-12-05T22:30:27.533824+00:00 [queued]>
[2022-12-05T22:30:30.649+0000] {taskinstance.py:1165} INFO - Dependencies all met for <TaskInstance: dag.create_table manual__2022-12-05T22:30:27.533824+00:00 [queued]>
[2022-12-05T22:30:30.650+0000] {taskinstance.py:1362} INFO - 
--------------------------------------------------------------------------------
[2022-12-05T22:30:30.653+0000] {taskinstance.py:1363} INFO - Starting attempt 1 of 1
[2022-12-05T22:30:30.656+0000] {taskinstance.py:1364} INFO - 
--------------------------------------------------------------------------------
[2022-12-05T22:30:30.724+0000] {taskinstance.py:1383} INFO - Executing <Task(PostgresOperator): create_table> on 2022-12-05 22:30:27.533824+00:00
[2022-12-05T22:30:30.744+0000] {standard_task_runner.py:55} INFO - Started process 1103 to run task
[2022-12-05T22:30:30.751+0000] {standard_task_runner.py:82} INFO - Running: ['***', 'tasks', 'run', 'dag', 'create_table', 'manual__2022-12-05T22:30:27.533824+00:00', '--job-id', '1011', '--raw', '--subdir', 'DAGS_FOLDER/dag.py', '--cfg-path', '/tmp/tmp7wul3b3q']
[2022-12-05T22:30:30.760+0000] {standard_task_runner.py:83} INFO - Job 1011: Subtask create_table
[2022-12-05T22:30:31.045+0000] {task_command.py:376} INFO - Running <TaskInstance: dag.create_table manual__2022-12-05T22:30:27.533824+00:00 [running]> on host ac7ba1737e5d
[2022-12-05T22:30:31.498+0000] {taskinstance.py:1592} INFO - Exporting the following env vars:
AIRFLOW_CTX_DAG_OWNER=lofitravel
AIRFLOW_CTX_DAG_ID=dag
AIRFLOW_CTX_TASK_ID=create_table
AIRFLOW_CTX_EXECUTION_DATE=2022-12-05T22:30:27.533824+00:00
AIRFLOW_CTX_TRY_NUMBER=1
AIRFLOW_CTX_DAG_RUN_ID=manual__2022-12-05T22:30:27.533824+00:00
[2022-12-05T22:30:31.567+0000] {base.py:71} INFO - Using connection ID 'postgres_localhost' for task execution.
[2022-12-05T22:30:31.581+0000] {taskinstance.py:1851} ERROR - Task failed with exception
Traceback (most recent call last):
  File "/home/airflow/.local/lib/python3.7/site-packages/airflow/providers/postgres/operators/postgres.py", line 94, in execute
    self.hook.run(self.sql, self.autocommit, parameters=self.parameters)
  File "/home/airflow/.local/lib/python3.7/site-packages/airflow/providers/common/sql/hooks/sql.py", line 288, in run
    with closing(self.get_conn()) as conn:
  File "/home/airflow/.local/lib/python3.7/site-packages/airflow/providers/postgres/hooks/postgres.py", line 115, in get_conn
    self.conn = psycopg2.connect(**conn_args)
  File "/home/airflow/.local/lib/python3.7/site-packages/psycopg2/__init__.py", line 122, in connect
    conn = _connect(dsn, connection_factory=connection_factory, **kwasync)
psycopg2.OperationalError: connection to server at "localhost" (127.0.0.1), port 5423 failed: Connection refused
	Is the server running on that host and accepting TCP/IP connections?
connection to server at "localhost" (::1), port 5423 failed: Cannot assign requested address
	Is the server running on that host and accepting TCP/IP connections?

[2022-12-05T22:30:31.606+0000] {taskinstance.py:1406} INFO - Marking task as FAILED. dag_id=dag, task_id=create_table, execution_date=20221205T223027, start_date=20221205T223030, end_date=20221205T223031
[2022-12-05T22:30:31.649+0000] {standard_task_runner.py:105} ERROR - Failed to execute job 1011 for task create_table (connection to server at "localhost" (127.0.0.1), port 5423 failed: Connection refused
	Is the server running on that host and accepting TCP/IP connections?
connection to server at "localhost" (::1), port 5423 failed: Cannot assign requested address
	Is the server running on that host and accepting TCP/IP connections?
; 1103)
[2022-12-05T22:30:31.685+0000] {local_task_job.py:159} INFO - Task exited with return code 1
[2022-12-05T22:30:31.759+0000] {taskinstance.py:2623} INFO - 0 downstream tasks scheduled from follow-on schedule check
