[2022-12-07T16:00:32.661+0000] {taskinstance.py:1165} INFO - Dependencies all met for <TaskInstance: dag.task_0_1 manual__2022-12-07T16:00:30.777752+00:00 [queued]>
[2022-12-07T16:00:32.676+0000] {taskinstance.py:1165} INFO - Dependencies all met for <TaskInstance: dag.task_0_1 manual__2022-12-07T16:00:30.777752+00:00 [queued]>
[2022-12-07T16:00:32.677+0000] {taskinstance.py:1362} INFO - 
--------------------------------------------------------------------------------
[2022-12-07T16:00:32.678+0000] {taskinstance.py:1363} INFO - Starting attempt 1 of 1
[2022-12-07T16:00:32.678+0000] {taskinstance.py:1364} INFO - 
--------------------------------------------------------------------------------
[2022-12-07T16:00:32.699+0000] {taskinstance.py:1383} INFO - Executing <Task(PythonOperator): task_0_1> on 2022-12-07 16:00:30.777752+00:00
[2022-12-07T16:00:32.704+0000] {standard_task_runner.py:55} INFO - Started process 3475 to run task
[2022-12-07T16:00:32.711+0000] {standard_task_runner.py:82} INFO - Running: ['***', 'tasks', 'run', 'dag', 'task_0_1', 'manual__2022-12-07T16:00:30.777752+00:00', '--job-id', '1816', '--raw', '--subdir', 'DAGS_FOLDER/dag.py', '--cfg-path', '/tmp/tmpjgbxtzuv']
[2022-12-07T16:00:32.712+0000] {standard_task_runner.py:83} INFO - Job 1816: Subtask task_0_1
[2022-12-07T16:00:32.836+0000] {task_command.py:376} INFO - Running <TaskInstance: dag.task_0_1 manual__2022-12-07T16:00:30.777752+00:00 [running]> on host 20d9dd97c6ff
[2022-12-07T16:00:32.964+0000] {taskinstance.py:1592} INFO - Exporting the following env vars:
AIRFLOW_CTX_DAG_OWNER=lofitravel
AIRFLOW_CTX_DAG_ID=dag
AIRFLOW_CTX_TASK_ID=task_0_1
AIRFLOW_CTX_EXECUTION_DATE=2022-12-07T16:00:30.777752+00:00
AIRFLOW_CTX_TRY_NUMBER=1
AIRFLOW_CTX_DAG_RUN_ID=manual__2022-12-07T16:00:30.777752+00:00
[2022-12-07T16:00:34.051+0000] {logging_mixin.py:137} INFO - курс одного USD к RUB: 62.85942884
[2022-12-07T16:00:34.068+0000] {python.py:177} INFO - Done. Returned value was: None
[2022-12-07T16:00:34.081+0000] {taskinstance.py:1406} INFO - Marking task as SUCCESS. dag_id=dag, task_id=task_0_1, execution_date=20221207T160030, start_date=20221207T160032, end_date=20221207T160034
[2022-12-07T16:00:34.128+0000] {local_task_job.py:159} INFO - Task exited with return code 0
[2022-12-07T16:00:34.149+0000] {taskinstance.py:2623} INFO - 0 downstream tasks scheduled from follow-on schedule check
