[2022-12-05T22:11:13.871+0000] {taskinstance.py:1165} INFO - Dependencies all met for <TaskInstance: dag.task_0_0 manual__2022-12-05T22:11:10.813605+00:00 [queued]>
[2022-12-05T22:11:13.906+0000] {taskinstance.py:1165} INFO - Dependencies all met for <TaskInstance: dag.task_0_0 manual__2022-12-05T22:11:10.813605+00:00 [queued]>
[2022-12-05T22:11:13.908+0000] {taskinstance.py:1362} INFO - 
--------------------------------------------------------------------------------
[2022-12-05T22:11:13.909+0000] {taskinstance.py:1363} INFO - Starting attempt 1 of 1
[2022-12-05T22:11:13.910+0000] {taskinstance.py:1364} INFO - 
--------------------------------------------------------------------------------
[2022-12-05T22:11:13.974+0000] {taskinstance.py:1383} INFO - Executing <Task(PythonOperator): task_0_0> on 2022-12-05 22:11:10.813605+00:00
[2022-12-05T22:11:13.988+0000] {standard_task_runner.py:55} INFO - Started process 212 to run task
[2022-12-05T22:11:14.002+0000] {standard_task_runner.py:82} INFO - Running: ['***', 'tasks', 'run', 'dag', 'task_0_0', 'manual__2022-12-05T22:11:10.813605+00:00', '--job-id', '990', '--raw', '--subdir', 'DAGS_FOLDER/dag.py', '--cfg-path', '/tmp/tmprd23017i']
[2022-12-05T22:11:14.003+0000] {standard_task_runner.py:83} INFO - Job 990: Subtask task_0_0
[2022-12-05T22:11:14.320+0000] {task_command.py:376} INFO - Running <TaskInstance: dag.task_0_0 manual__2022-12-05T22:11:10.813605+00:00 [running]> on host ac7ba1737e5d
[2022-12-05T22:11:14.709+0000] {taskinstance.py:1592} INFO - Exporting the following env vars:
AIRFLOW_CTX_DAG_OWNER=lofitravel
AIRFLOW_CTX_DAG_ID=dag
AIRFLOW_CTX_TASK_ID=task_0_0
AIRFLOW_CTX_EXECUTION_DATE=2022-12-05T22:11:10.813605+00:00
AIRFLOW_CTX_TRY_NUMBER=1
AIRFLOW_CTX_DAG_RUN_ID=manual__2022-12-05T22:11:10.813605+00:00
[2022-12-05T22:11:15.914+0000] {logging_mixin.py:137} INFO - курс одного USD к EUR: 0.95293339
[2022-12-05T22:11:15.934+0000] {python.py:177} INFO - Done. Returned value was: None
[2022-12-05T22:11:16.021+0000] {taskinstance.py:1406} INFO - Marking task as SUCCESS. dag_id=dag, task_id=task_0_0, execution_date=20221205T221110, start_date=20221205T221113, end_date=20221205T221116
[2022-12-05T22:11:16.240+0000] {local_task_job.py:159} INFO - Task exited with return code 0
[2022-12-05T22:11:16.694+0000] {taskinstance.py:2623} INFO - 0 downstream tasks scheduled from follow-on schedule check
