[2022-12-04T17:55:07.497+0000] {taskinstance.py:1165} INFO - Dependencies all met for <TaskInstance: dag.task_1 manual__2022-12-04T17:55:03.600716+00:00 [queued]>
[2022-12-04T17:55:07.609+0000] {taskinstance.py:1165} INFO - Dependencies all met for <TaskInstance: dag.task_1 manual__2022-12-04T17:55:03.600716+00:00 [queued]>
[2022-12-04T17:55:07.615+0000] {taskinstance.py:1362} INFO - 
--------------------------------------------------------------------------------
[2022-12-04T17:55:07.650+0000] {taskinstance.py:1363} INFO - Starting attempt 1 of 1
[2022-12-04T17:55:07.681+0000] {taskinstance.py:1364} INFO - 
--------------------------------------------------------------------------------
[2022-12-04T17:55:07.855+0000] {taskinstance.py:1383} INFO - Executing <Task(PythonOperator): task_1> on 2022-12-04 17:55:03.600716+00:00
[2022-12-04T17:55:07.890+0000] {standard_task_runner.py:55} INFO - Started process 16017 to run task
[2022-12-04T17:55:07.914+0000] {standard_task_runner.py:82} INFO - Running: ['***', 'tasks', 'run', 'dag', 'task_1', 'manual__2022-12-04T17:55:03.600716+00:00', '--job-id', '892', '--raw', '--subdir', 'DAGS_FOLDER/dag.py', '--cfg-path', '/tmp/tmpeg4y9ejq']
[2022-12-04T17:55:07.929+0000] {standard_task_runner.py:83} INFO - Job 892: Subtask task_1
[2022-12-04T17:55:08.598+0000] {task_command.py:376} INFO - Running <TaskInstance: dag.task_1 manual__2022-12-04T17:55:03.600716+00:00 [running]> on host 37018d05bc9d
[2022-12-04T17:55:09.654+0000] {taskinstance.py:1592} INFO - Exporting the following env vars:
AIRFLOW_CTX_DAG_OWNER=lofitravel
AIRFLOW_CTX_DAG_ID=dag
AIRFLOW_CTX_TASK_ID=task_1
AIRFLOW_CTX_EXECUTION_DATE=2022-12-04T17:55:03.600716+00:00
AIRFLOW_CTX_TRY_NUMBER=1
AIRFLOW_CTX_DAG_RUN_ID=manual__2022-12-04T17:55:03.600716+00:00
[2022-12-04T17:55:09.675+0000] {taskinstance.py:1851} ERROR - Task failed with exception
Traceback (most recent call last):
  File "/home/airflow/.local/lib/python3.7/site-packages/airflow/operators/python.py", line 175, in execute
    return_value = self.execute_callable()
  File "/home/airflow/.local/lib/python3.7/site-packages/airflow/operators/python.py", line 193, in execute_callable
    return self.python_callable(*self.op_args, **self.op_kwargs)
TypeError: get_c() missing 2 required positional arguments: 'ticker_from' and 'ticker_to'
[2022-12-04T17:55:09.852+0000] {taskinstance.py:1406} INFO - Marking task as FAILED. dag_id=dag, task_id=task_1, execution_date=20221204T175503, start_date=20221204T175507, end_date=20221204T175509
[2022-12-04T17:55:10.092+0000] {standard_task_runner.py:105} ERROR - Failed to execute job 892 for task task_1 (get_c() missing 2 required positional arguments: 'ticker_from' and 'ticker_to'; 16017)
[2022-12-04T17:55:10.204+0000] {local_task_job.py:159} INFO - Task exited with return code 1
[2022-12-04T17:55:10.477+0000] {taskinstance.py:2623} INFO - 0 downstream tasks scheduled from follow-on schedule check
