[2022-12-07T10:35:45.894+0000] {taskinstance.py:1165} INFO - Dependencies all met for <TaskInstance: dag.task_1_0 manual__2022-12-07T10:35:43.818555+00:00 [queued]>
[2022-12-07T10:35:45.941+0000] {taskinstance.py:1165} INFO - Dependencies all met for <TaskInstance: dag.task_1_0 manual__2022-12-07T10:35:43.818555+00:00 [queued]>
[2022-12-07T10:35:45.947+0000] {taskinstance.py:1362} INFO - 
--------------------------------------------------------------------------------
[2022-12-07T10:35:45.948+0000] {taskinstance.py:1363} INFO - Starting attempt 1 of 1
[2022-12-07T10:35:45.949+0000] {taskinstance.py:1364} INFO - 
--------------------------------------------------------------------------------
[2022-12-07T10:35:46.051+0000] {taskinstance.py:1383} INFO - Executing <Task(PythonOperator): task_1_0> on 2022-12-07 10:35:43.818555+00:00
[2022-12-07T10:35:46.070+0000] {standard_task_runner.py:55} INFO - Started process 842 to run task
[2022-12-07T10:35:46.119+0000] {standard_task_runner.py:82} INFO - Running: ['***', 'tasks', 'run', 'dag', 'task_1_0', 'manual__2022-12-07T10:35:43.818555+00:00', '--job-id', '1643', '--raw', '--subdir', 'DAGS_FOLDER/dag.py', '--cfg-path', '/tmp/tmpgu_2b_p7']
[2022-12-07T10:35:46.125+0000] {standard_task_runner.py:83} INFO - Job 1643: Subtask task_1_0
[2022-12-07T10:35:46.356+0000] {task_command.py:376} INFO - Running <TaskInstance: dag.task_1_0 manual__2022-12-07T10:35:43.818555+00:00 [running]> on host ede3719a0239
[2022-12-07T10:35:46.584+0000] {taskinstance.py:1592} INFO - Exporting the following env vars:
AIRFLOW_CTX_DAG_OWNER=lofitravel
AIRFLOW_CTX_DAG_ID=dag
AIRFLOW_CTX_TASK_ID=task_1_0
AIRFLOW_CTX_EXECUTION_DATE=2022-12-07T10:35:43.818555+00:00
AIRFLOW_CTX_TRY_NUMBER=1
AIRFLOW_CTX_DAG_RUN_ID=manual__2022-12-07T10:35:43.818555+00:00
[2022-12-07T10:35:47.348+0000] {logging_mixin.py:137} INFO - курс одного EUR к RUB: 66.01859637
[2022-12-07T10:35:47.386+0000] {python.py:177} INFO - Done. Returned value was: None
[2022-12-07T10:35:47.411+0000] {taskinstance.py:1406} INFO - Marking task as SUCCESS. dag_id=dag, task_id=task_1_0, execution_date=20221207T103543, start_date=20221207T103545, end_date=20221207T103547
[2022-12-07T10:35:47.466+0000] {local_task_job.py:159} INFO - Task exited with return code 0
[2022-12-07T10:35:47.524+0000] {taskinstance.py:2623} INFO - 1 downstream tasks scheduled from follow-on schedule check
