[2022-12-07T11:20:51.752+0000] {taskinstance.py:1165} INFO - Dependencies all met for <TaskInstance: dag.create_table manual__2022-12-07T11:20:46.902044+00:00 [queued]>
[2022-12-07T11:20:51.770+0000] {taskinstance.py:1165} INFO - Dependencies all met for <TaskInstance: dag.create_table manual__2022-12-07T11:20:46.902044+00:00 [queued]>
[2022-12-07T11:20:51.770+0000] {taskinstance.py:1362} INFO - 
--------------------------------------------------------------------------------
[2022-12-07T11:20:51.771+0000] {taskinstance.py:1363} INFO - Starting attempt 1 of 1
[2022-12-07T11:20:51.772+0000] {taskinstance.py:1364} INFO - 
--------------------------------------------------------------------------------
[2022-12-07T11:20:51.795+0000] {taskinstance.py:1383} INFO - Executing <Task(PostgresOperator): create_table> on 2022-12-07 11:20:46.902044+00:00
[2022-12-07T11:20:51.801+0000] {standard_task_runner.py:55} INFO - Started process 3079 to run task
[2022-12-07T11:20:51.805+0000] {standard_task_runner.py:82} INFO - Running: ['***', 'tasks', 'run', 'dag', 'create_table', 'manual__2022-12-07T11:20:46.902044+00:00', '--job-id', '1732', '--raw', '--subdir', 'DAGS_FOLDER/dag.py', '--cfg-path', '/tmp/tmpa8s546kc']
[2022-12-07T11:20:51.806+0000] {standard_task_runner.py:83} INFO - Job 1732: Subtask create_table
[2022-12-07T11:20:51.891+0000] {task_command.py:376} INFO - Running <TaskInstance: dag.create_table manual__2022-12-07T11:20:46.902044+00:00 [running]> on host ede3719a0239
[2022-12-07T11:20:52.002+0000] {taskinstance.py:1592} INFO - Exporting the following env vars:
AIRFLOW_CTX_DAG_OWNER=lofitravel
AIRFLOW_CTX_DAG_ID=dag
AIRFLOW_CTX_TASK_ID=create_table
AIRFLOW_CTX_EXECUTION_DATE=2022-12-07T11:20:46.902044+00:00
AIRFLOW_CTX_TRY_NUMBER=1
AIRFLOW_CTX_DAG_RUN_ID=manual__2022-12-07T11:20:46.902044+00:00
[2022-12-07T11:20:52.020+0000] {base.py:71} INFO - Using connection ID 'postgres_localhost' for task execution.
[2022-12-07T11:20:52.038+0000] {sql.py:315} INFO - Running statement: 
        CREATE TABLE IF NOT EXISTS pairs(
            date TIMESTAMP NOT NULL,
            ticker_from VARCHAR(3) NOT NULL,
            ticker_to VARCHAR(3) NOT NULL,
            amount FLOAT NOT NULL,
        PRIMARY KEY (date, ticker_from, ticker_to));
        , parameters: None
[2022-12-07T11:20:52.039+0000] {postgres.py:96} INFO - NOTICE:  relation "pairs" already exists, skipping

[2022-12-07T11:20:52.059+0000] {taskinstance.py:1406} INFO - Marking task as SUCCESS. dag_id=dag, task_id=create_table, execution_date=20221207T112046, start_date=20221207T112051, end_date=20221207T112052
[2022-12-07T11:20:52.097+0000] {local_task_job.py:159} INFO - Task exited with return code 0
[2022-12-07T11:20:52.140+0000] {taskinstance.py:2623} INFO - 1 downstream tasks scheduled from follow-on schedule check
