[2022-12-04T15:26:00.971+0000] {taskinstance.py:1165} INFO - Dependencies all met for <TaskInstance: dag.task_1 scheduled__2022-12-04T15:25:00+00:00 [queued]>
[2022-12-04T15:26:00.981+0000] {taskinstance.py:1165} INFO - Dependencies all met for <TaskInstance: dag.task_1 scheduled__2022-12-04T15:25:00+00:00 [queued]>
[2022-12-04T15:26:00.982+0000] {taskinstance.py:1362} INFO - 
--------------------------------------------------------------------------------
[2022-12-04T15:26:00.982+0000] {taskinstance.py:1363} INFO - Starting attempt 1 of 1
[2022-12-04T15:26:00.983+0000] {taskinstance.py:1364} INFO - 
--------------------------------------------------------------------------------
[2022-12-04T15:26:00.998+0000] {taskinstance.py:1383} INFO - Executing <Task(BashOperator): task_1> on 2022-12-04 15:25:00+00:00
[2022-12-04T15:26:01.003+0000] {standard_task_runner.py:55} INFO - Started process 8307 to run task
[2022-12-04T15:26:01.006+0000] {standard_task_runner.py:82} INFO - Running: ['***', 'tasks', 'run', 'dag', 'task_1', 'scheduled__2022-12-04T15:25:00+00:00', '--job-id', '539', '--raw', '--subdir', 'DAGS_FOLDER/dag.py', '--cfg-path', '/tmp/tmppf1c8zt9']
[2022-12-04T15:26:01.007+0000] {standard_task_runner.py:83} INFO - Job 539: Subtask task_1
[2022-12-04T15:26:01.076+0000] {task_command.py:376} INFO - Running <TaskInstance: dag.task_1 scheduled__2022-12-04T15:25:00+00:00 [running]> on host 37018d05bc9d
[2022-12-04T15:26:01.178+0000] {taskinstance.py:1592} INFO - Exporting the following env vars:
AIRFLOW_CTX_DAG_OWNER=lofitravel
AIRFLOW_CTX_DAG_ID=dag
AIRFLOW_CTX_TASK_ID=task_1
AIRFLOW_CTX_EXECUTION_DATE=2022-12-04T15:25:00+00:00
AIRFLOW_CTX_TRY_NUMBER=1
AIRFLOW_CTX_DAG_RUN_ID=scheduled__2022-12-04T15:25:00+00:00
[2022-12-04T15:26:01.181+0000] {subprocess.py:63} INFO - Tmp dir root location: 
 /tmp
[2022-12-04T15:26:01.182+0000] {subprocess.py:75} INFO - Running command: ['/bin/bash', '-c', 'echo "Hello World from Task 1"']
[2022-12-04T15:26:01.193+0000] {subprocess.py:86} INFO - Output:
[2022-12-04T15:26:01.195+0000] {subprocess.py:93} INFO - Hello World from Task 1
[2022-12-04T15:26:01.196+0000] {subprocess.py:97} INFO - Command exited with return code 0
[2022-12-04T15:26:01.228+0000] {taskinstance.py:1406} INFO - Marking task as SUCCESS. dag_id=dag, task_id=task_1, execution_date=20221204T152500, start_date=20221204T152600, end_date=20221204T152601
[2022-12-04T15:26:01.258+0000] {local_task_job.py:159} INFO - Task exited with return code 0
[2022-12-04T15:26:01.291+0000] {taskinstance.py:2623} INFO - 2 downstream tasks scheduled from follow-on schedule check
