[2022-12-07T10:44:30.266+0000] {taskinstance.py:1165} INFO - Dependencies all met for <TaskInstance: dag.task_1_0 manual__2022-12-07T10:44:28.053591+00:00 [queued]>
[2022-12-07T10:44:30.285+0000] {taskinstance.py:1165} INFO - Dependencies all met for <TaskInstance: dag.task_1_0 manual__2022-12-07T10:44:28.053591+00:00 [queued]>
[2022-12-07T10:44:30.286+0000] {taskinstance.py:1362} INFO - 
--------------------------------------------------------------------------------
[2022-12-07T10:44:30.286+0000] {taskinstance.py:1363} INFO - Starting attempt 1 of 1
[2022-12-07T10:44:30.287+0000] {taskinstance.py:1364} INFO - 
--------------------------------------------------------------------------------
[2022-12-07T10:44:30.317+0000] {taskinstance.py:1383} INFO - Executing <Task(PythonOperator): task_1_0> on 2022-12-07 10:44:28.053591+00:00
[2022-12-07T10:44:30.324+0000] {standard_task_runner.py:55} INFO - Started process 1323 to run task
[2022-12-07T10:44:30.332+0000] {standard_task_runner.py:82} INFO - Running: ['***', 'tasks', 'run', 'dag', 'task_1_0', 'manual__2022-12-07T10:44:28.053591+00:00', '--job-id', '1689', '--raw', '--subdir', 'DAGS_FOLDER/dag.py', '--cfg-path', '/tmp/tmpnwp7fks2']
[2022-12-07T10:44:30.333+0000] {standard_task_runner.py:83} INFO - Job 1689: Subtask task_1_0
[2022-12-07T10:44:30.470+0000] {task_command.py:376} INFO - Running <TaskInstance: dag.task_1_0 manual__2022-12-07T10:44:28.053591+00:00 [running]> on host ede3719a0239
[2022-12-07T10:44:30.725+0000] {taskinstance.py:1592} INFO - Exporting the following env vars:
AIRFLOW_CTX_DAG_OWNER=lofitravel
AIRFLOW_CTX_DAG_ID=dag
AIRFLOW_CTX_TASK_ID=task_1_0
AIRFLOW_CTX_EXECUTION_DATE=2022-12-07T10:44:28.053591+00:00
AIRFLOW_CTX_TRY_NUMBER=1
AIRFLOW_CTX_DAG_RUN_ID=manual__2022-12-07T10:44:28.053591+00:00
[2022-12-07T10:44:31.484+0000] {logging_mixin.py:137} INFO - курс одного EUR к RUB: 66.01859637
[2022-12-07T10:44:31.500+0000] {python.py:177} INFO - Done. Returned value was: None
[2022-12-07T10:44:31.512+0000] {taskinstance.py:1406} INFO - Marking task as SUCCESS. dag_id=dag, task_id=task_1_0, execution_date=20221207T104428, start_date=20221207T104430, end_date=20221207T104431
[2022-12-07T10:44:31.570+0000] {local_task_job.py:159} INFO - Task exited with return code 0
[2022-12-07T10:44:31.619+0000] {taskinstance.py:2623} INFO - 1 downstream tasks scheduled from follow-on schedule check
