[2022-12-04T15:10:01.720+0000] {taskinstance.py:1165} INFO - Dependencies all met for <TaskInstance: dag.task_2 scheduled__2022-12-04T15:09:00+00:00 [queued]>
[2022-12-04T15:10:01.737+0000] {taskinstance.py:1165} INFO - Dependencies all met for <TaskInstance: dag.task_2 scheduled__2022-12-04T15:09:00+00:00 [queued]>
[2022-12-04T15:10:01.738+0000] {taskinstance.py:1362} INFO - 
--------------------------------------------------------------------------------
[2022-12-04T15:10:01.738+0000] {taskinstance.py:1363} INFO - Starting attempt 1 of 1
[2022-12-04T15:10:01.739+0000] {taskinstance.py:1364} INFO - 
--------------------------------------------------------------------------------
[2022-12-04T15:10:01.765+0000] {taskinstance.py:1383} INFO - Executing <Task(BashOperator): task_2> on 2022-12-04 15:09:00+00:00
[2022-12-04T15:10:01.770+0000] {standard_task_runner.py:55} INFO - Started process 7375 to run task
[2022-12-04T15:10:01.775+0000] {standard_task_runner.py:82} INFO - Running: ['***', 'tasks', 'run', 'dag', 'task_2', 'scheduled__2022-12-04T15:09:00+00:00', '--job-id', '476', '--raw', '--subdir', 'DAGS_FOLDER/dag.py', '--cfg-path', '/tmp/tmpompcyh0w']
[2022-12-04T15:10:01.776+0000] {standard_task_runner.py:83} INFO - Job 476: Subtask task_2
[2022-12-04T15:10:01.880+0000] {task_command.py:376} INFO - Running <TaskInstance: dag.task_2 scheduled__2022-12-04T15:09:00+00:00 [running]> on host 37018d05bc9d
[2022-12-04T15:10:02.020+0000] {taskinstance.py:1592} INFO - Exporting the following env vars:
AIRFLOW_CTX_DAG_OWNER=lofitravel
AIRFLOW_CTX_DAG_ID=dag
AIRFLOW_CTX_TASK_ID=task_2
AIRFLOW_CTX_EXECUTION_DATE=2022-12-04T15:09:00+00:00
AIRFLOW_CTX_TRY_NUMBER=1
AIRFLOW_CTX_DAG_RUN_ID=scheduled__2022-12-04T15:09:00+00:00
[2022-12-04T15:10:02.022+0000] {subprocess.py:63} INFO - Tmp dir root location: 
 /tmp
[2022-12-04T15:10:02.026+0000] {subprocess.py:75} INFO - Running command: ['/bin/bash', '-c', 'echo "Hello World from Task 2"']
[2022-12-04T15:10:02.042+0000] {subprocess.py:86} INFO - Output:
[2022-12-04T15:10:02.044+0000] {subprocess.py:93} INFO - Hello World from Task 2
[2022-12-04T15:10:02.045+0000] {subprocess.py:97} INFO - Command exited with return code 0
[2022-12-04T15:10:02.092+0000] {taskinstance.py:1406} INFO - Marking task as SUCCESS. dag_id=dag, task_id=task_2, execution_date=20221204T150900, start_date=20221204T151001, end_date=20221204T151002
[2022-12-04T15:10:02.147+0000] {local_task_job.py:159} INFO - Task exited with return code 0
[2022-12-04T15:10:02.187+0000] {taskinstance.py:2623} INFO - 1 downstream tasks scheduled from follow-on schedule check
