[2022-12-06T20:02:01.359+0000] {taskinstance.py:1165} INFO - Dependencies all met for <TaskInstance: dag.task_0_1 manual__2022-12-06T20:01:57.400823+00:00 [queued]>
[2022-12-06T20:02:01.400+0000] {taskinstance.py:1165} INFO - Dependencies all met for <TaskInstance: dag.task_0_1 manual__2022-12-06T20:01:57.400823+00:00 [queued]>
[2022-12-06T20:02:01.401+0000] {taskinstance.py:1362} INFO - 
--------------------------------------------------------------------------------
[2022-12-06T20:02:01.402+0000] {taskinstance.py:1363} INFO - Starting attempt 1 of 1
[2022-12-06T20:02:01.404+0000] {taskinstance.py:1364} INFO - 
--------------------------------------------------------------------------------
[2022-12-06T20:02:01.460+0000] {taskinstance.py:1383} INFO - Executing <Task(PythonOperator): task_0_1> on 2022-12-06 20:01:57.400823+00:00
[2022-12-06T20:02:01.477+0000] {standard_task_runner.py:55} INFO - Started process 603 to run task
[2022-12-06T20:02:01.495+0000] {standard_task_runner.py:82} INFO - Running: ['***', 'tasks', 'run', 'dag', 'task_0_1', 'manual__2022-12-06T20:01:57.400823+00:00', '--job-id', '1066', '--raw', '--subdir', 'DAGS_FOLDER/dag.py', '--cfg-path', '/tmp/tmpwiljydgp']
[2022-12-06T20:02:01.497+0000] {standard_task_runner.py:83} INFO - Job 1066: Subtask task_0_1
[2022-12-06T20:02:02.262+0000] {task_command.py:376} INFO - Running <TaskInstance: dag.task_0_1 manual__2022-12-06T20:01:57.400823+00:00 [running]> on host 74768727baca
[2022-12-06T20:02:02.892+0000] {taskinstance.py:1592} INFO - Exporting the following env vars:
AIRFLOW_CTX_DAG_OWNER=lofitravel
AIRFLOW_CTX_DAG_ID=dag
AIRFLOW_CTX_TASK_ID=task_0_1
AIRFLOW_CTX_EXECUTION_DATE=2022-12-06T20:01:57.400823+00:00
AIRFLOW_CTX_TRY_NUMBER=1
AIRFLOW_CTX_DAG_RUN_ID=manual__2022-12-06T20:01:57.400823+00:00
[2022-12-06T20:02:03.819+0000] {logging_mixin.py:137} INFO - курс одного USD к RUB: 63.38409225
[2022-12-06T20:02:03.862+0000] {python.py:177} INFO - Done. Returned value was: None
[2022-12-06T20:02:03.903+0000] {taskinstance.py:1406} INFO - Marking task as SUCCESS. dag_id=dag, task_id=task_0_1, execution_date=20221206T200157, start_date=20221206T200201, end_date=20221206T200203
[2022-12-06T20:02:04.005+0000] {local_task_job.py:159} INFO - Task exited with return code 0
[2022-12-06T20:02:04.061+0000] {taskinstance.py:2623} INFO - 0 downstream tasks scheduled from follow-on schedule check
