[2022-12-06T20:51:17.492+0000] {taskinstance.py:1165} INFO - Dependencies all met for <TaskInstance: dag.pull_data manual__2022-12-06T20:51:13.291456+00:00 [queued]>
[2022-12-06T20:51:17.572+0000] {taskinstance.py:1165} INFO - Dependencies all met for <TaskInstance: dag.pull_data manual__2022-12-06T20:51:13.291456+00:00 [queued]>
[2022-12-06T20:51:17.577+0000] {taskinstance.py:1362} INFO - 
--------------------------------------------------------------------------------
[2022-12-06T20:51:17.578+0000] {taskinstance.py:1363} INFO - Starting attempt 1 of 1
[2022-12-06T20:51:17.580+0000] {taskinstance.py:1364} INFO - 
--------------------------------------------------------------------------------
[2022-12-06T20:51:17.732+0000] {taskinstance.py:1383} INFO - Executing <Task(PythonOperator): pull_data> on 2022-12-06 20:51:13.291456+00:00
[2022-12-06T20:51:17.750+0000] {standard_task_runner.py:55} INFO - Started process 2860 to run task
[2022-12-06T20:51:17.768+0000] {standard_task_runner.py:82} INFO - Running: ['***', 'tasks', 'run', 'dag', 'pull_data', 'manual__2022-12-06T20:51:13.291456+00:00', '--job-id', '1099', '--raw', '--subdir', 'DAGS_FOLDER/dag.py', '--cfg-path', '/tmp/tmpi7oz6s32']
[2022-12-06T20:51:17.783+0000] {standard_task_runner.py:83} INFO - Job 1099: Subtask pull_data
[2022-12-06T20:51:18.827+0000] {task_command.py:376} INFO - Running <TaskInstance: dag.pull_data manual__2022-12-06T20:51:13.291456+00:00 [running]> on host 74768727baca
[2022-12-06T20:51:19.783+0000] {taskinstance.py:1592} INFO - Exporting the following env vars:
AIRFLOW_CTX_DAG_OWNER=lofitravel
AIRFLOW_CTX_DAG_ID=dag
AIRFLOW_CTX_TASK_ID=pull_data
AIRFLOW_CTX_EXECUTION_DATE=2022-12-06T20:51:13.291456+00:00
AIRFLOW_CTX_TRY_NUMBER=1
AIRFLOW_CTX_DAG_RUN_ID=manual__2022-12-06T20:51:13.291456+00:00
[2022-12-06T20:51:19.935+0000] {logging_mixin.py:137} INFO - []
[2022-12-06T20:51:19.950+0000] {python.py:177} INFO - Done. Returned value was: None
[2022-12-06T20:51:20.061+0000] {taskinstance.py:1406} INFO - Marking task as SUCCESS. dag_id=dag, task_id=pull_data, execution_date=20221206T205113, start_date=20221206T205117, end_date=20221206T205120
[2022-12-06T20:51:20.195+0000] {local_task_job.py:159} INFO - Task exited with return code 0
[2022-12-06T20:51:20.347+0000] {taskinstance.py:2623} INFO - 0 downstream tasks scheduled from follow-on schedule check
