[2022-12-04T17:48:29.566+0000] {taskinstance.py:1165} INFO - Dependencies all met for <TaskInstance: dag.task_1 manual__2022-12-04T17:48:25.200498+00:00 [queued]>
[2022-12-04T17:48:29.596+0000] {taskinstance.py:1165} INFO - Dependencies all met for <TaskInstance: dag.task_1 manual__2022-12-04T17:48:25.200498+00:00 [queued]>
[2022-12-04T17:48:29.599+0000] {taskinstance.py:1362} INFO - 
--------------------------------------------------------------------------------
[2022-12-04T17:48:29.600+0000] {taskinstance.py:1363} INFO - Starting attempt 1 of 1
[2022-12-04T17:48:29.601+0000] {taskinstance.py:1364} INFO - 
--------------------------------------------------------------------------------
[2022-12-04T17:48:29.665+0000] {taskinstance.py:1383} INFO - Executing <Task(PythonOperator): task_1> on 2022-12-04 17:48:25.200498+00:00
[2022-12-04T17:48:29.674+0000] {standard_task_runner.py:55} INFO - Started process 15701 to run task
[2022-12-04T17:48:29.680+0000] {standard_task_runner.py:82} INFO - Running: ['***', 'tasks', 'run', 'dag', 'task_1', 'manual__2022-12-04T17:48:25.200498+00:00', '--job-id', '878', '--raw', '--subdir', 'DAGS_FOLDER/dag.py', '--cfg-path', '/tmp/tmp7dgx1eh6']
[2022-12-04T17:48:29.683+0000] {standard_task_runner.py:83} INFO - Job 878: Subtask task_1
[2022-12-04T17:48:30.002+0000] {task_command.py:376} INFO - Running <TaskInstance: dag.task_1 manual__2022-12-04T17:48:25.200498+00:00 [running]> on host 37018d05bc9d
[2022-12-04T17:48:30.825+0000] {taskinstance.py:1592} INFO - Exporting the following env vars:
AIRFLOW_CTX_DAG_OWNER=lofitravel
AIRFLOW_CTX_DAG_ID=dag
AIRFLOW_CTX_TASK_ID=task_1
AIRFLOW_CTX_EXECUTION_DATE=2022-12-04T17:48:25.200498+00:00
AIRFLOW_CTX_TRY_NUMBER=1
AIRFLOW_CTX_DAG_RUN_ID=manual__2022-12-04T17:48:25.200498+00:00
[2022-12-04T17:48:33.080+0000] {logging_mixin.py:137} INFO - курс одного USD к EUR: 0.949973
[2022-12-04T17:48:33.930+0000] {logging_mixin.py:137} INFO - курс одного USD к RUB: 62.57434779
[2022-12-04T17:48:34.461+0000] {logging_mixin.py:137} INFO - курс одного EUR к RUB: 65.86960632
[2022-12-04T17:48:34.462+0000] {logging_mixin.py:137} INFO - None
[2022-12-04T17:48:34.463+0000] {python.py:177} INFO - Done. Returned value was: None
[2022-12-04T17:48:34.493+0000] {taskinstance.py:1406} INFO - Marking task as SUCCESS. dag_id=dag, task_id=task_1, execution_date=20221204T174825, start_date=20221204T174829, end_date=20221204T174834
[2022-12-04T17:48:34.562+0000] {local_task_job.py:159} INFO - Task exited with return code 0
[2022-12-04T17:48:34.691+0000] {taskinstance.py:2623} INFO - 2 downstream tasks scheduled from follow-on schedule check
