[2022-12-07T07:15:04.234+0000] {taskinstance.py:1165} INFO - Dependencies all met for <TaskInstance: dag.task_1_0 manual__2022-12-07T07:15:01.744957+00:00 [queued]>
[2022-12-07T07:15:04.309+0000] {taskinstance.py:1165} INFO - Dependencies all met for <TaskInstance: dag.task_1_0 manual__2022-12-07T07:15:01.744957+00:00 [queued]>
[2022-12-07T07:15:04.314+0000] {taskinstance.py:1362} INFO - 
--------------------------------------------------------------------------------
[2022-12-07T07:15:04.315+0000] {taskinstance.py:1363} INFO - Starting attempt 1 of 1
[2022-12-07T07:15:04.316+0000] {taskinstance.py:1364} INFO - 
--------------------------------------------------------------------------------
[2022-12-07T07:15:04.383+0000] {taskinstance.py:1383} INFO - Executing <Task(PythonOperator): task_1_0> on 2022-12-07 07:15:01.744957+00:00
[2022-12-07T07:15:04.406+0000] {standard_task_runner.py:82} INFO - Running: ['***', 'tasks', 'run', 'dag', 'task_1_0', 'manual__2022-12-07T07:15:01.744957+00:00', '--job-id', '1428', '--raw', '--subdir', 'DAGS_FOLDER/dag.py', '--cfg-path', '/tmp/tmpardgb6x_']
[2022-12-07T07:15:04.410+0000] {standard_task_runner.py:55} INFO - Started process 27796 to run task
[2022-12-07T07:15:04.413+0000] {standard_task_runner.py:83} INFO - Job 1428: Subtask task_1_0
[2022-12-07T07:15:04.706+0000] {task_command.py:376} INFO - Running <TaskInstance: dag.task_1_0 manual__2022-12-07T07:15:01.744957+00:00 [running]> on host 505aa50095aa
[2022-12-07T07:15:05.108+0000] {taskinstance.py:1592} INFO - Exporting the following env vars:
AIRFLOW_CTX_DAG_OWNER=lofitravel
AIRFLOW_CTX_DAG_ID=dag
AIRFLOW_CTX_TASK_ID=task_1_0
AIRFLOW_CTX_EXECUTION_DATE=2022-12-07T07:15:01.744957+00:00
AIRFLOW_CTX_TRY_NUMBER=1
AIRFLOW_CTX_DAG_RUN_ID=manual__2022-12-07T07:15:01.744957+00:00
[2022-12-07T07:15:06.049+0000] {logging_mixin.py:137} INFO - курс одного EUR к RUB: 65.83580088
[2022-12-07T07:15:06.082+0000] {python.py:177} INFO - Done. Returned value was: None
[2022-12-07T07:15:06.122+0000] {taskinstance.py:1406} INFO - Marking task as SUCCESS. dag_id=dag, task_id=task_1_0, execution_date=20221207T071501, start_date=20221207T071504, end_date=20221207T071506
[2022-12-07T07:15:06.209+0000] {local_task_job.py:159} INFO - Task exited with return code 0
[2022-12-07T07:15:06.279+0000] {taskinstance.py:2623} INFO - 1 downstream tasks scheduled from follow-on schedule check
