[2022-12-05T22:31:17.728+0000] {taskinstance.py:1165} INFO - Dependencies all met for <TaskInstance: dag.task_0_0 manual__2022-12-05T22:31:14.955896+00:00 [queued]>
[2022-12-05T22:31:17.749+0000] {taskinstance.py:1165} INFO - Dependencies all met for <TaskInstance: dag.task_0_0 manual__2022-12-05T22:31:14.955896+00:00 [queued]>
[2022-12-05T22:31:17.750+0000] {taskinstance.py:1362} INFO - 
--------------------------------------------------------------------------------
[2022-12-05T22:31:17.751+0000] {taskinstance.py:1363} INFO - Starting attempt 1 of 1
[2022-12-05T22:31:17.752+0000] {taskinstance.py:1364} INFO - 
--------------------------------------------------------------------------------
[2022-12-05T22:31:17.789+0000] {taskinstance.py:1383} INFO - Executing <Task(PythonOperator): task_0_0> on 2022-12-05 22:31:14.955896+00:00
[2022-12-05T22:31:17.797+0000] {standard_task_runner.py:55} INFO - Started process 1146 to run task
[2022-12-05T22:31:17.804+0000] {standard_task_runner.py:82} INFO - Running: ['***', 'tasks', 'run', 'dag', 'task_0_0', 'manual__2022-12-05T22:31:14.955896+00:00', '--job-id', '1017', '--raw', '--subdir', 'DAGS_FOLDER/dag.py', '--cfg-path', '/tmp/tmpdoh11m5y']
[2022-12-05T22:31:17.808+0000] {standard_task_runner.py:83} INFO - Job 1017: Subtask task_0_0
[2022-12-05T22:31:17.939+0000] {task_command.py:376} INFO - Running <TaskInstance: dag.task_0_0 manual__2022-12-05T22:31:14.955896+00:00 [running]> on host ac7ba1737e5d
[2022-12-05T22:31:18.145+0000] {taskinstance.py:1592} INFO - Exporting the following env vars:
AIRFLOW_CTX_DAG_OWNER=lofitravel
AIRFLOW_CTX_DAG_ID=dag
AIRFLOW_CTX_TASK_ID=task_0_0
AIRFLOW_CTX_EXECUTION_DATE=2022-12-05T22:31:14.955896+00:00
AIRFLOW_CTX_TRY_NUMBER=1
AIRFLOW_CTX_DAG_RUN_ID=manual__2022-12-05T22:31:14.955896+00:00
[2022-12-05T22:31:19.513+0000] {logging_mixin.py:137} INFO - курс одного USD к EUR: 0.95326576
[2022-12-05T22:31:19.514+0000] {python.py:177} INFO - Done. Returned value was: None
[2022-12-05T22:31:19.534+0000] {taskinstance.py:1406} INFO - Marking task as SUCCESS. dag_id=dag, task_id=task_0_0, execution_date=20221205T223114, start_date=20221205T223117, end_date=20221205T223119
[2022-12-05T22:31:19.585+0000] {local_task_job.py:159} INFO - Task exited with return code 0
[2022-12-05T22:31:19.618+0000] {taskinstance.py:2623} INFO - 0 downstream tasks scheduled from follow-on schedule check
