[2022-12-07T12:50:47.854+0000] {taskinstance.py:1165} INFO - Dependencies all met for <TaskInstance: dag.pull_data manual__2022-12-07T12:50:40.289691+00:00 [queued]>
[2022-12-07T12:50:47.874+0000] {taskinstance.py:1165} INFO - Dependencies all met for <TaskInstance: dag.pull_data manual__2022-12-07T12:50:40.289691+00:00 [queued]>
[2022-12-07T12:50:47.875+0000] {taskinstance.py:1362} INFO - 
--------------------------------------------------------------------------------
[2022-12-07T12:50:47.875+0000] {taskinstance.py:1363} INFO - Starting attempt 1 of 1
[2022-12-07T12:50:47.876+0000] {taskinstance.py:1364} INFO - 
--------------------------------------------------------------------------------
[2022-12-07T12:50:47.901+0000] {taskinstance.py:1383} INFO - Executing <Task(PythonOperator): pull_data> on 2022-12-07 12:50:40.289691+00:00
[2022-12-07T12:50:47.906+0000] {standard_task_runner.py:55} INFO - Started process 499 to run task
[2022-12-07T12:50:47.911+0000] {standard_task_runner.py:82} INFO - Running: ['***', 'tasks', 'run', 'dag', 'pull_data', 'manual__2022-12-07T12:50:40.289691+00:00', '--job-id', '1753', '--raw', '--subdir', 'DAGS_FOLDER/dag.py', '--cfg-path', '/tmp/tmpewhxjwr3']
[2022-12-07T12:50:47.912+0000] {standard_task_runner.py:83} INFO - Job 1753: Subtask pull_data
[2022-12-07T12:50:47.999+0000] {task_command.py:376} INFO - Running <TaskInstance: dag.pull_data manual__2022-12-07T12:50:40.289691+00:00 [running]> on host 6c11163b5e64
[2022-12-07T12:50:48.164+0000] {taskinstance.py:1592} INFO - Exporting the following env vars:
AIRFLOW_CTX_DAG_OWNER=lofitravel
AIRFLOW_CTX_DAG_ID=dag
AIRFLOW_CTX_TASK_ID=pull_data
AIRFLOW_CTX_EXECUTION_DATE=2022-12-07T12:50:40.289691+00:00
AIRFLOW_CTX_TRY_NUMBER=1
AIRFLOW_CTX_DAG_RUN_ID=manual__2022-12-07T12:50:40.289691+00:00
[2022-12-07T12:50:48.192+0000] {logging_mixin.py:137} INFO - var ['82adcbbbae7a13d16e0b68fa1f50c023', '***_user', '***_ps', '***_database']
[2022-12-07T12:50:48.201+0000] {logging_mixin.py:137} INFO - var ['82adcbbbae7a13d16e0b68fa1f50c023', '***_user', '***_ps', '***_database']
[2022-12-07T12:50:48.210+0000] {logging_mixin.py:137} INFO - var ['82adcbbbae7a13d16e0b68fa1f50c023', '***_user', '***_ps', '***_database']
[2022-12-07T12:50:48.221+0000] {logging_mixin.py:137} INFO - Postgresql connection created!
[2022-12-07T12:50:48.228+0000] {logging_mixin.py:137} INFO - Data successfully inserted!
[2022-12-07T12:50:48.228+0000] {python.py:177} INFO - Done. Returned value was: None
[2022-12-07T12:50:48.245+0000] {taskinstance.py:1406} INFO - Marking task as SUCCESS. dag_id=dag, task_id=pull_data, execution_date=20221207T125040, start_date=20221207T125047, end_date=20221207T125048
[2022-12-07T12:50:48.282+0000] {local_task_job.py:159} INFO - Task exited with return code 0
[2022-12-07T12:50:48.309+0000] {taskinstance.py:2623} INFO - 0 downstream tasks scheduled from follow-on schedule check
