[2022-12-06T20:58:01.558+0000] {taskinstance.py:1165} INFO - Dependencies all met for <TaskInstance: dag.pull_data manual__2022-12-06T20:57:51.786399+00:00 [queued]>
[2022-12-06T20:58:01.590+0000] {taskinstance.py:1165} INFO - Dependencies all met for <TaskInstance: dag.pull_data manual__2022-12-06T20:57:51.786399+00:00 [queued]>
[2022-12-06T20:58:01.591+0000] {taskinstance.py:1362} INFO - 
--------------------------------------------------------------------------------
[2022-12-06T20:58:01.591+0000] {taskinstance.py:1363} INFO - Starting attempt 1 of 1
[2022-12-06T20:58:01.593+0000] {taskinstance.py:1364} INFO - 
--------------------------------------------------------------------------------
[2022-12-06T20:58:01.629+0000] {taskinstance.py:1383} INFO - Executing <Task(PythonOperator): pull_data> on 2022-12-06 20:57:51.786399+00:00
[2022-12-06T20:58:01.636+0000] {standard_task_runner.py:55} INFO - Started process 3195 to run task
[2022-12-06T20:58:01.646+0000] {standard_task_runner.py:82} INFO - Running: ['***', 'tasks', 'run', 'dag', 'pull_data', 'manual__2022-12-06T20:57:51.786399+00:00', '--job-id', '1126', '--raw', '--subdir', 'DAGS_FOLDER/dag.py', '--cfg-path', '/tmp/tmp1elp8295']
[2022-12-06T20:58:01.647+0000] {standard_task_runner.py:83} INFO - Job 1126: Subtask pull_data
[2022-12-06T20:58:01.796+0000] {task_command.py:376} INFO - Running <TaskInstance: dag.pull_data manual__2022-12-06T20:57:51.786399+00:00 [running]> on host 74768727baca
[2022-12-06T20:58:01.936+0000] {taskinstance.py:1592} INFO - Exporting the following env vars:
AIRFLOW_CTX_DAG_OWNER=lofitravel
AIRFLOW_CTX_DAG_ID=dag
AIRFLOW_CTX_TASK_ID=pull_data
AIRFLOW_CTX_EXECUTION_DATE=2022-12-06T20:57:51.786399+00:00
AIRFLOW_CTX_TRY_NUMBER=1
AIRFLOW_CTX_DAG_RUN_ID=manual__2022-12-06T20:57:51.786399+00:00
[2022-12-06T20:58:01.962+0000] {logging_mixin.py:137} INFO - ["(datetime.datetime(2022, 12, 6, 20, 57, 56, 310475), 'USD', 'EUR', 0.95527698)", "(datetime.datetime(2022, 12, 6, 20, 57, 56, 86360), 'USD', 'RUB', 63.37860201)", "(datetime.datetime(2022, 12, 6, 20, 57, 56, 82295), 'EUR', 'RUB', 66.34578607)"]
[2022-12-06T20:58:01.962+0000] {python.py:177} INFO - Done. Returned value was: None
[2022-12-06T20:58:01.987+0000] {taskinstance.py:1406} INFO - Marking task as SUCCESS. dag_id=dag, task_id=pull_data, execution_date=20221206T205751, start_date=20221206T205801, end_date=20221206T205801
[2022-12-06T20:58:02.055+0000] {local_task_job.py:159} INFO - Task exited with return code 0
[2022-12-06T20:58:02.113+0000] {taskinstance.py:2623} INFO - 0 downstream tasks scheduled from follow-on schedule check
