[2022-12-07T13:29:26.428+0000] {taskinstance.py:1165} INFO - Dependencies all met for <TaskInstance: dag.materialized_view manual__2022-12-07T13:29:18.182798+00:00 [queued]>
[2022-12-07T13:29:26.444+0000] {taskinstance.py:1165} INFO - Dependencies all met for <TaskInstance: dag.materialized_view manual__2022-12-07T13:29:18.182798+00:00 [queued]>
[2022-12-07T13:29:26.444+0000] {taskinstance.py:1362} INFO - 
--------------------------------------------------------------------------------
[2022-12-07T13:29:26.445+0000] {taskinstance.py:1363} INFO - Starting attempt 1 of 1
[2022-12-07T13:29:26.445+0000] {taskinstance.py:1364} INFO - 
--------------------------------------------------------------------------------
[2022-12-07T13:29:26.471+0000] {taskinstance.py:1383} INFO - Executing <Task(PythonOperator): materialized_view> on 2022-12-07 13:29:18.182798+00:00
[2022-12-07T13:29:26.476+0000] {standard_task_runner.py:55} INFO - Started process 2289 to run task
[2022-12-07T13:29:26.480+0000] {standard_task_runner.py:82} INFO - Running: ['***', 'tasks', 'run', 'dag', 'materialized_view', 'manual__2022-12-07T13:29:18.182798+00:00', '--job-id', '1781', '--raw', '--subdir', 'DAGS_FOLDER/dag.py', '--cfg-path', '/tmp/tmp9v63zpo_']
[2022-12-07T13:29:26.482+0000] {standard_task_runner.py:83} INFO - Job 1781: Subtask materialized_view
[2022-12-07T13:29:26.564+0000] {task_command.py:376} INFO - Running <TaskInstance: dag.materialized_view manual__2022-12-07T13:29:18.182798+00:00 [running]> on host 6c11163b5e64
[2022-12-07T13:29:26.680+0000] {taskinstance.py:1592} INFO - Exporting the following env vars:
AIRFLOW_CTX_DAG_OWNER=lofitravel
AIRFLOW_CTX_DAG_ID=dag
AIRFLOW_CTX_TASK_ID=materialized_view
AIRFLOW_CTX_EXECUTION_DATE=2022-12-07T13:29:18.182798+00:00
AIRFLOW_CTX_TRY_NUMBER=1
AIRFLOW_CTX_DAG_RUN_ID=manual__2022-12-07T13:29:18.182798+00:00
[2022-12-07T13:29:26.693+0000] {logging_mixin.py:137} INFO - var ['82adcbbbae7a13d16e0b68fa1f50c023', '***_user', '***_ps', '***_database']
[2022-12-07T13:29:26.702+0000] {logging_mixin.py:137} INFO - var ['82adcbbbae7a13d16e0b68fa1f50c023', '***_user', '***_ps', '***_database']
[2022-12-07T13:29:26.708+0000] {logging_mixin.py:137} INFO - var ['82adcbbbae7a13d16e0b68fa1f50c023', '***_user', '***_ps', '***_database']
[2022-12-07T13:29:26.719+0000] {logging_mixin.py:137} INFO - Postgresql connection created!
[2022-12-07T13:29:26.719+0000] {logging_mixin.py:137} INFO - name 'values_to_insert' is not defined
[2022-12-07T13:29:26.720+0000] {python.py:177} INFO - Done. Returned value was: None
[2022-12-07T13:29:26.740+0000] {taskinstance.py:1406} INFO - Marking task as SUCCESS. dag_id=dag, task_id=materialized_view, execution_date=20221207T132918, start_date=20221207T132926, end_date=20221207T132926
[2022-12-07T13:29:26.852+0000] {local_task_job.py:159} INFO - Task exited with return code 0
[2022-12-07T13:29:26.877+0000] {taskinstance.py:2623} INFO - 0 downstream tasks scheduled from follow-on schedule check
