[2022-12-06T19:11:10.439+0000] {taskinstance.py:1165} INFO - Dependencies all met for <TaskInstance: dag.task_0_0 manual__2022-12-06T19:11:07.554969+00:00 [queued]>
[2022-12-06T19:11:10.469+0000] {taskinstance.py:1165} INFO - Dependencies all met for <TaskInstance: dag.task_0_0 manual__2022-12-06T19:11:07.554969+00:00 [queued]>
[2022-12-06T19:11:10.471+0000] {taskinstance.py:1362} INFO - 
--------------------------------------------------------------------------------
[2022-12-06T19:11:10.474+0000] {taskinstance.py:1363} INFO - Starting attempt 1 of 1
[2022-12-06T19:11:10.476+0000] {taskinstance.py:1364} INFO - 
--------------------------------------------------------------------------------
[2022-12-06T19:11:10.519+0000] {taskinstance.py:1383} INFO - Executing <Task(PythonOperator): task_0_0> on 2022-12-06 19:11:07.554969+00:00
[2022-12-06T19:11:10.526+0000] {standard_task_runner.py:55} INFO - Started process 2396 to run task
[2022-12-06T19:11:10.541+0000] {standard_task_runner.py:82} INFO - Running: ['***', 'tasks', 'run', 'dag', 'task_0_0', 'manual__2022-12-06T19:11:07.554969+00:00', '--job-id', '1049', '--raw', '--subdir', 'DAGS_FOLDER/dag.py', '--cfg-path', '/tmp/tmpag7ibbcm']
[2022-12-06T19:11:10.543+0000] {standard_task_runner.py:83} INFO - Job 1049: Subtask task_0_0
[2022-12-06T19:11:10.724+0000] {task_command.py:376} INFO - Running <TaskInstance: dag.task_0_0 manual__2022-12-06T19:11:07.554969+00:00 [running]> on host f1257ac346c8
[2022-12-06T19:11:10.938+0000] {taskinstance.py:1592} INFO - Exporting the following env vars:
AIRFLOW_CTX_DAG_OWNER=lofitravel
AIRFLOW_CTX_DAG_ID=dag
AIRFLOW_CTX_TASK_ID=task_0_0
AIRFLOW_CTX_EXECUTION_DATE=2022-12-06T19:11:07.554969+00:00
AIRFLOW_CTX_TRY_NUMBER=1
AIRFLOW_CTX_DAG_RUN_ID=manual__2022-12-06T19:11:07.554969+00:00
[2022-12-06T19:11:12.064+0000] {logging_mixin.py:137} INFO - курс одного USD к EUR: 0.95566488
[2022-12-06T19:11:12.110+0000] {python.py:177} INFO - Done. Returned value was: None
[2022-12-06T19:11:12.143+0000] {taskinstance.py:1406} INFO - Marking task as SUCCESS. dag_id=dag, task_id=task_0_0, execution_date=20221206T191107, start_date=20221206T191110, end_date=20221206T191112
[2022-12-06T19:11:12.183+0000] {local_task_job.py:159} INFO - Task exited with return code 0
[2022-12-06T19:11:12.221+0000] {taskinstance.py:2623} INFO - 0 downstream tasks scheduled from follow-on schedule check
