[2022-12-07T12:50:41.746+0000] {taskinstance.py:1165} INFO - Dependencies all met for <TaskInstance: dag.task_0_1 manual__2022-12-07T12:50:40.289691+00:00 [queued]>
[2022-12-07T12:50:41.762+0000] {taskinstance.py:1165} INFO - Dependencies all met for <TaskInstance: dag.task_0_1 manual__2022-12-07T12:50:40.289691+00:00 [queued]>
[2022-12-07T12:50:41.763+0000] {taskinstance.py:1362} INFO - 
--------------------------------------------------------------------------------
[2022-12-07T12:50:41.763+0000] {taskinstance.py:1363} INFO - Starting attempt 1 of 1
[2022-12-07T12:50:41.764+0000] {taskinstance.py:1364} INFO - 
--------------------------------------------------------------------------------
[2022-12-07T12:50:41.786+0000] {taskinstance.py:1383} INFO - Executing <Task(PythonOperator): task_0_1> on 2022-12-07 12:50:40.289691+00:00
[2022-12-07T12:50:41.792+0000] {standard_task_runner.py:55} INFO - Started process 482 to run task
[2022-12-07T12:50:41.798+0000] {standard_task_runner.py:82} INFO - Running: ['***', 'tasks', 'run', 'dag', 'task_0_1', 'manual__2022-12-07T12:50:40.289691+00:00', '--job-id', '1748', '--raw', '--subdir', 'DAGS_FOLDER/dag.py', '--cfg-path', '/tmp/tmprffv3rqz']
[2022-12-07T12:50:41.800+0000] {standard_task_runner.py:83} INFO - Job 1748: Subtask task_0_1
[2022-12-07T12:50:41.906+0000] {task_command.py:376} INFO - Running <TaskInstance: dag.task_0_1 manual__2022-12-07T12:50:40.289691+00:00 [running]> on host 6c11163b5e64
[2022-12-07T12:50:42.040+0000] {taskinstance.py:1592} INFO - Exporting the following env vars:
AIRFLOW_CTX_DAG_OWNER=lofitravel
AIRFLOW_CTX_DAG_ID=dag
AIRFLOW_CTX_TASK_ID=task_0_1
AIRFLOW_CTX_EXECUTION_DATE=2022-12-07T12:50:40.289691+00:00
AIRFLOW_CTX_TRY_NUMBER=1
AIRFLOW_CTX_DAG_RUN_ID=manual__2022-12-07T12:50:40.289691+00:00
[2022-12-07T12:50:42.620+0000] {logging_mixin.py:137} INFO - курс одного USD к RUB: 62.92159874
[2022-12-07T12:50:42.646+0000] {python.py:177} INFO - Done. Returned value was: None
[2022-12-07T12:50:42.666+0000] {taskinstance.py:1406} INFO - Marking task as SUCCESS. dag_id=dag, task_id=task_0_1, execution_date=20221207T125040, start_date=20221207T125041, end_date=20221207T125042
[2022-12-07T12:50:42.733+0000] {local_task_job.py:159} INFO - Task exited with return code 0
[2022-12-07T12:50:42.763+0000] {taskinstance.py:2623} INFO - 0 downstream tasks scheduled from follow-on schedule check
