[2022-12-04T13:27:02.929+0000] {taskinstance.py:1165} INFO - Dependencies all met for <TaskInstance: dag.task_2 scheduled__2022-12-04T13:26:00+00:00 [queued]>
[2022-12-04T13:27:02.949+0000] {taskinstance.py:1165} INFO - Dependencies all met for <TaskInstance: dag.task_2 scheduled__2022-12-04T13:26:00+00:00 [queued]>
[2022-12-04T13:27:02.950+0000] {taskinstance.py:1362} INFO - 
--------------------------------------------------------------------------------
[2022-12-04T13:27:02.950+0000] {taskinstance.py:1363} INFO - Starting attempt 1 of 1
[2022-12-04T13:27:02.951+0000] {taskinstance.py:1364} INFO - 
--------------------------------------------------------------------------------
[2022-12-04T13:27:02.984+0000] {taskinstance.py:1383} INFO - Executing <Task(BashOperator): task_2> on 2022-12-04 13:26:00+00:00
[2022-12-04T13:27:02.991+0000] {standard_task_runner.py:55} INFO - Started process 1352 to run task
[2022-12-04T13:27:02.995+0000] {standard_task_runner.py:82} INFO - Running: ['***', 'tasks', 'run', 'dag', 'task_2', 'scheduled__2022-12-04T13:26:00+00:00', '--job-id', '64', '--raw', '--subdir', 'DAGS_FOLDER/dag.py', '--cfg-path', '/tmp/tmp_ebgrxnb']
[2022-12-04T13:27:02.996+0000] {standard_task_runner.py:83} INFO - Job 64: Subtask task_2
[2022-12-04T13:27:03.115+0000] {task_command.py:376} INFO - Running <TaskInstance: dag.task_2 scheduled__2022-12-04T13:26:00+00:00 [running]> on host 37018d05bc9d
[2022-12-04T13:27:03.330+0000] {taskinstance.py:1592} INFO - Exporting the following env vars:
AIRFLOW_CTX_DAG_OWNER=lofitravel
AIRFLOW_CTX_DAG_ID=dag
AIRFLOW_CTX_TASK_ID=task_2
AIRFLOW_CTX_EXECUTION_DATE=2022-12-04T13:26:00+00:00
AIRFLOW_CTX_TRY_NUMBER=1
AIRFLOW_CTX_DAG_RUN_ID=scheduled__2022-12-04T13:26:00+00:00
[2022-12-04T13:27:03.333+0000] {subprocess.py:63} INFO - Tmp dir root location: 
 /tmp
[2022-12-04T13:27:03.335+0000] {subprocess.py:75} INFO - Running command: ['/bin/bash', '-c', 'echo "Hello World from Task 2"']
[2022-12-04T13:27:03.355+0000] {subprocess.py:86} INFO - Output:
[2022-12-04T13:27:03.357+0000] {subprocess.py:93} INFO - Hello World from Task 2
[2022-12-04T13:27:03.358+0000] {subprocess.py:97} INFO - Command exited with return code 0
[2022-12-04T13:27:03.411+0000] {taskinstance.py:1406} INFO - Marking task as SUCCESS. dag_id=dag, task_id=task_2, execution_date=20221204T132600, start_date=20221204T132702, end_date=20221204T132703
[2022-12-04T13:27:03.452+0000] {local_task_job.py:159} INFO - Task exited with return code 0
[2022-12-04T13:27:03.496+0000] {taskinstance.py:2623} INFO - 1 downstream tasks scheduled from follow-on schedule check
