[2022-12-07T23:52:41.969+0000] {taskinstance.py:1165} INFO - Dependencies all met for <TaskInstance: dag.task_0_0 manual__2022-12-07T23:52:40.101453+00:00 [queued]>
[2022-12-07T23:52:41.988+0000] {taskinstance.py:1165} INFO - Dependencies all met for <TaskInstance: dag.task_0_0 manual__2022-12-07T23:52:40.101453+00:00 [queued]>
[2022-12-07T23:52:41.989+0000] {taskinstance.py:1362} INFO - 
--------------------------------------------------------------------------------
[2022-12-07T23:52:41.990+0000] {taskinstance.py:1363} INFO - Starting attempt 1 of 1
[2022-12-07T23:52:41.991+0000] {taskinstance.py:1364} INFO - 
--------------------------------------------------------------------------------
[2022-12-07T23:52:42.022+0000] {taskinstance.py:1383} INFO - Executing <Task(PythonOperator): task_0_0> on 2022-12-07 23:52:40.101453+00:00
[2022-12-07T23:52:42.041+0000] {standard_task_runner.py:55} INFO - Started process 416 to run task
[2022-12-07T23:52:42.050+0000] {standard_task_runner.py:82} INFO - Running: ['***', 'tasks', 'run', 'dag', 'task_0_0', 'manual__2022-12-07T23:52:40.101453+00:00', '--job-id', '15', '--raw', '--subdir', 'DAGS_FOLDER/dag.py', '--cfg-path', '/tmp/tmpgciemn5q']
[2022-12-07T23:52:42.052+0000] {standard_task_runner.py:83} INFO - Job 15: Subtask task_0_0
[2022-12-07T23:52:42.191+0000] {task_command.py:376} INFO - Running <TaskInstance: dag.task_0_0 manual__2022-12-07T23:52:40.101453+00:00 [running]> on host 564356c68f54
[2022-12-07T23:52:42.396+0000] {taskinstance.py:1592} INFO - Exporting the following env vars:
AIRFLOW_CTX_DAG_OWNER=lofitravel
AIRFLOW_CTX_DAG_ID=dag
AIRFLOW_CTX_TASK_ID=task_0_0
AIRFLOW_CTX_EXECUTION_DATE=2022-12-07T23:52:40.101453+00:00
AIRFLOW_CTX_TRY_NUMBER=1
AIRFLOW_CTX_DAG_RUN_ID=manual__2022-12-07T23:52:40.101453+00:00
[2022-12-07T23:52:46.385+0000] {logging_mixin.py:137} INFO - курс одного USD к EUR: 0.95119139
[2022-12-07T23:52:46.410+0000] {python.py:177} INFO - Done. Returned value was: None
[2022-12-07T23:52:46.427+0000] {taskinstance.py:1406} INFO - Marking task as SUCCESS. dag_id=dag, task_id=task_0_0, execution_date=20221207T235240, start_date=20221207T235241, end_date=20221207T235246
[2022-12-07T23:52:46.481+0000] {local_task_job.py:159} INFO - Task exited with return code 0
[2022-12-07T23:52:46.510+0000] {taskinstance.py:2623} INFO - 0 downstream tasks scheduled from follow-on schedule check
