[2022-12-07T09:11:08.496+0000] {taskinstance.py:1165} INFO - Dependencies all met for <TaskInstance: dag.task_0_0 manual__2022-12-07T09:11:06.960675+00:00 [queued]>
[2022-12-07T09:11:08.514+0000] {taskinstance.py:1165} INFO - Dependencies all met for <TaskInstance: dag.task_0_0 manual__2022-12-07T09:11:06.960675+00:00 [queued]>
[2022-12-07T09:11:08.514+0000] {taskinstance.py:1362} INFO - 
--------------------------------------------------------------------------------
[2022-12-07T09:11:08.515+0000] {taskinstance.py:1363} INFO - Starting attempt 1 of 1
[2022-12-07T09:11:08.516+0000] {taskinstance.py:1364} INFO - 
--------------------------------------------------------------------------------
[2022-12-07T09:11:08.547+0000] {taskinstance.py:1383} INFO - Executing <Task(PythonOperator): task_0_0> on 2022-12-07 09:11:06.960675+00:00
[2022-12-07T09:11:08.553+0000] {standard_task_runner.py:55} INFO - Started process 930 to run task
[2022-12-07T09:11:08.558+0000] {standard_task_runner.py:82} INFO - Running: ['***', 'tasks', 'run', 'dag', 'task_0_0', 'manual__2022-12-07T09:11:06.960675+00:00', '--job-id', '1594', '--raw', '--subdir', 'DAGS_FOLDER/dag.py', '--cfg-path', '/tmp/tmpkfyrtn5z']
[2022-12-07T09:11:08.559+0000] {standard_task_runner.py:83} INFO - Job 1594: Subtask task_0_0
[2022-12-07T09:11:08.655+0000] {task_command.py:376} INFO - Running <TaskInstance: dag.task_0_0 manual__2022-12-07T09:11:06.960675+00:00 [running]> on host 505aa50095aa
[2022-12-07T09:11:08.779+0000] {taskinstance.py:1592} INFO - Exporting the following env vars:
AIRFLOW_CTX_DAG_OWNER=lofitravel
AIRFLOW_CTX_DAG_ID=dag
AIRFLOW_CTX_TASK_ID=task_0_0
AIRFLOW_CTX_EXECUTION_DATE=2022-12-07T09:11:06.960675+00:00
AIRFLOW_CTX_TRY_NUMBER=1
AIRFLOW_CTX_DAG_RUN_ID=manual__2022-12-07T09:11:06.960675+00:00
[2022-12-07T09:11:09.601+0000] {taskinstance.py:1851} ERROR - Task failed with exception
Traceback (most recent call last):
  File "/home/airflow/.local/lib/python3.7/site-packages/airflow/operators/python.py", line 175, in execute
    return_value = self.execute_callable()
  File "/home/airflow/.local/lib/python3.7/site-packages/airflow/operators/python.py", line 193, in execute_callable
    return self.python_callable(*self.op_args, **self.op_kwargs)
  File "/opt/airflow/dags/dag.py", line 24, in get_currencies_task
    value = obj.pair(ticker_from, ticker_to)#....#
  File "/opt/airflow/dags/dag.py", line 66, in pair
    return response.json()['response']['value']
TypeError: list indices must be integers or slices, not str
[2022-12-07T09:11:09.635+0000] {taskinstance.py:1406} INFO - Marking task as FAILED. dag_id=dag, task_id=task_0_0, execution_date=20221207T091106, start_date=20221207T091108, end_date=20221207T091109
[2022-12-07T09:11:09.673+0000] {standard_task_runner.py:105} ERROR - Failed to execute job 1594 for task task_0_0 (list indices must be integers or slices, not str; 930)
[2022-12-07T09:11:09.737+0000] {local_task_job.py:159} INFO - Task exited with return code 1
[2022-12-07T09:11:09.774+0000] {taskinstance.py:2623} INFO - 0 downstream tasks scheduled from follow-on schedule check
