[2022-12-06T20:54:53.246+0000] {taskinstance.py:1165} INFO - Dependencies all met for <TaskInstance: dag.task_0_0 manual__2022-12-06T20:54:50.347668+00:00 [queued]>
[2022-12-06T20:54:53.275+0000] {taskinstance.py:1165} INFO - Dependencies all met for <TaskInstance: dag.task_0_0 manual__2022-12-06T20:54:50.347668+00:00 [queued]>
[2022-12-06T20:54:53.276+0000] {taskinstance.py:1362} INFO - 
--------------------------------------------------------------------------------
[2022-12-06T20:54:53.277+0000] {taskinstance.py:1363} INFO - Starting attempt 1 of 1
[2022-12-06T20:54:53.278+0000] {taskinstance.py:1364} INFO - 
--------------------------------------------------------------------------------
[2022-12-06T20:54:53.323+0000] {taskinstance.py:1383} INFO - Executing <Task(PythonOperator): task_0_0> on 2022-12-06 20:54:50.347668+00:00
[2022-12-06T20:54:53.332+0000] {standard_task_runner.py:55} INFO - Started process 3045 to run task
[2022-12-06T20:54:53.341+0000] {standard_task_runner.py:82} INFO - Running: ['***', 'tasks', 'run', 'dag', 'task_0_0', 'manual__2022-12-06T20:54:50.347668+00:00', '--job-id', '1114', '--raw', '--subdir', 'DAGS_FOLDER/dag.py', '--cfg-path', '/tmp/tmp85mbtbsa']
[2022-12-06T20:54:53.343+0000] {standard_task_runner.py:83} INFO - Job 1114: Subtask task_0_0
[2022-12-06T20:54:53.634+0000] {task_command.py:376} INFO - Running <TaskInstance: dag.task_0_0 manual__2022-12-06T20:54:50.347668+00:00 [running]> on host 74768727baca
[2022-12-06T20:54:54.129+0000] {taskinstance.py:1592} INFO - Exporting the following env vars:
AIRFLOW_CTX_DAG_OWNER=lofitravel
AIRFLOW_CTX_DAG_ID=dag
AIRFLOW_CTX_TASK_ID=task_0_0
AIRFLOW_CTX_EXECUTION_DATE=2022-12-06T20:54:50.347668+00:00
AIRFLOW_CTX_TRY_NUMBER=1
AIRFLOW_CTX_DAG_RUN_ID=manual__2022-12-06T20:54:50.347668+00:00
[2022-12-06T20:54:55.263+0000] {logging_mixin.py:137} INFO - курс одного USD к EUR: 0.95527698
[2022-12-06T20:54:55.317+0000] {python.py:177} INFO - Done. Returned value was: None
[2022-12-06T20:54:55.366+0000] {taskinstance.py:1406} INFO - Marking task as SUCCESS. dag_id=dag, task_id=task_0_0, execution_date=20221206T205450, start_date=20221206T205453, end_date=20221206T205455
[2022-12-06T20:54:55.490+0000] {local_task_job.py:159} INFO - Task exited with return code 0
[2022-12-06T20:54:55.582+0000] {taskinstance.py:2623} INFO - 0 downstream tasks scheduled from follow-on schedule check
