[2022-12-07T10:43:06.837+0000] {taskinstance.py:1165} INFO - Dependencies all met for <TaskInstance: dag.pull_data manual__2022-12-07T10:43:01.120097+00:00 [queued]>
[2022-12-07T10:43:06.883+0000] {taskinstance.py:1165} INFO - Dependencies all met for <TaskInstance: dag.pull_data manual__2022-12-07T10:43:01.120097+00:00 [queued]>
[2022-12-07T10:43:06.887+0000] {taskinstance.py:1362} INFO - 
--------------------------------------------------------------------------------
[2022-12-07T10:43:06.889+0000] {taskinstance.py:1363} INFO - Starting attempt 1 of 1
[2022-12-07T10:43:06.891+0000] {taskinstance.py:1364} INFO - 
--------------------------------------------------------------------------------
[2022-12-07T10:43:06.921+0000] {taskinstance.py:1383} INFO - Executing <Task(PythonOperator): pull_data> on 2022-12-07 10:43:01.120097+00:00
[2022-12-07T10:43:06.927+0000] {standard_task_runner.py:55} INFO - Started process 1244 to run task
[2022-12-07T10:43:06.932+0000] {standard_task_runner.py:82} INFO - Running: ['***', 'tasks', 'run', 'dag', 'pull_data', 'manual__2022-12-07T10:43:01.120097+00:00', '--job-id', '1681', '--raw', '--subdir', 'DAGS_FOLDER/dag.py', '--cfg-path', '/tmp/tmpm9c1vugj']
[2022-12-07T10:43:06.933+0000] {standard_task_runner.py:83} INFO - Job 1681: Subtask pull_data
[2022-12-07T10:43:07.016+0000] {task_command.py:376} INFO - Running <TaskInstance: dag.pull_data manual__2022-12-07T10:43:01.120097+00:00 [running]> on host ede3719a0239
[2022-12-07T10:43:07.106+0000] {taskinstance.py:1592} INFO - Exporting the following env vars:
AIRFLOW_CTX_DAG_OWNER=lofitravel
AIRFLOW_CTX_DAG_ID=dag
AIRFLOW_CTX_TASK_ID=pull_data
AIRFLOW_CTX_EXECUTION_DATE=2022-12-07T10:43:01.120097+00:00
AIRFLOW_CTX_TRY_NUMBER=1
AIRFLOW_CTX_DAG_RUN_ID=manual__2022-12-07T10:43:01.120097+00:00
[2022-12-07T10:43:07.129+0000] {logging_mixin.py:137} INFO - Postgresql connection created!
[2022-12-07T10:43:07.133+0000] {logging_mixin.py:137} INFO - Data successfully inserted!
[2022-12-07T10:43:07.134+0000] {python.py:177} INFO - Done. Returned value was: None
[2022-12-07T10:43:07.147+0000] {taskinstance.py:1406} INFO - Marking task as SUCCESS. dag_id=dag, task_id=pull_data, execution_date=20221207T104301, start_date=20221207T104306, end_date=20221207T104307
[2022-12-07T10:43:07.185+0000] {local_task_job.py:159} INFO - Task exited with return code 0
[2022-12-07T10:43:07.215+0000] {taskinstance.py:2623} INFO - 0 downstream tasks scheduled from follow-on schedule check
