[2022-12-07T16:00:34.911+0000] {taskinstance.py:1165} INFO - Dependencies all met for <TaskInstance: dag.task_1_0 manual__2022-12-07T16:00:30.777752+00:00 [queued]>
[2022-12-07T16:00:34.925+0000] {taskinstance.py:1165} INFO - Dependencies all met for <TaskInstance: dag.task_1_0 manual__2022-12-07T16:00:30.777752+00:00 [queued]>
[2022-12-07T16:00:34.926+0000] {taskinstance.py:1362} INFO - 
--------------------------------------------------------------------------------
[2022-12-07T16:00:34.926+0000] {taskinstance.py:1363} INFO - Starting attempt 1 of 1
[2022-12-07T16:00:34.927+0000] {taskinstance.py:1364} INFO - 
--------------------------------------------------------------------------------
[2022-12-07T16:00:34.945+0000] {taskinstance.py:1383} INFO - Executing <Task(PythonOperator): task_1_0> on 2022-12-07 16:00:30.777752+00:00
[2022-12-07T16:00:34.950+0000] {standard_task_runner.py:55} INFO - Started process 3479 to run task
[2022-12-07T16:00:34.954+0000] {standard_task_runner.py:82} INFO - Running: ['***', 'tasks', 'run', 'dag', 'task_1_0', 'manual__2022-12-07T16:00:30.777752+00:00', '--job-id', '1819', '--raw', '--subdir', 'DAGS_FOLDER/dag.py', '--cfg-path', '/tmp/tmpcgfmyulx']
[2022-12-07T16:00:34.955+0000] {standard_task_runner.py:83} INFO - Job 1819: Subtask task_1_0
[2022-12-07T16:00:35.117+0000] {task_command.py:376} INFO - Running <TaskInstance: dag.task_1_0 manual__2022-12-07T16:00:30.777752+00:00 [running]> on host 20d9dd97c6ff
[2022-12-07T16:00:35.276+0000] {taskinstance.py:1592} INFO - Exporting the following env vars:
AIRFLOW_CTX_DAG_OWNER=lofitravel
AIRFLOW_CTX_DAG_ID=dag
AIRFLOW_CTX_TASK_ID=task_1_0
AIRFLOW_CTX_EXECUTION_DATE=2022-12-07T16:00:30.777752+00:00
AIRFLOW_CTX_TRY_NUMBER=1
AIRFLOW_CTX_DAG_RUN_ID=manual__2022-12-07T16:00:30.777752+00:00
[2022-12-07T16:00:36.045+0000] {logging_mixin.py:137} INFO - курс одного EUR к RUB: 66.02261939
[2022-12-07T16:00:36.077+0000] {python.py:177} INFO - Done. Returned value was: None
[2022-12-07T16:00:36.093+0000] {taskinstance.py:1406} INFO - Marking task as SUCCESS. dag_id=dag, task_id=task_1_0, execution_date=20221207T160030, start_date=20221207T160034, end_date=20221207T160036
[2022-12-07T16:00:36.132+0000] {local_task_job.py:159} INFO - Task exited with return code 0
[2022-12-07T16:00:36.236+0000] {taskinstance.py:2623} INFO - 1 downstream tasks scheduled from follow-on schedule check
