[2022-12-05T21:34:33.542+0000] {taskinstance.py:1165} INFO - Dependencies all met for <TaskInstance: dag.task_0_1 manual__2022-12-05T21:34:30.761848+00:00 [queued]>
[2022-12-05T21:34:33.565+0000] {taskinstance.py:1165} INFO - Dependencies all met for <TaskInstance: dag.task_0_1 manual__2022-12-05T21:34:30.761848+00:00 [queued]>
[2022-12-05T21:34:33.566+0000] {taskinstance.py:1362} INFO - 
--------------------------------------------------------------------------------
[2022-12-05T21:34:33.567+0000] {taskinstance.py:1363} INFO - Starting attempt 1 of 1
[2022-12-05T21:34:33.568+0000] {taskinstance.py:1364} INFO - 
--------------------------------------------------------------------------------
[2022-12-05T21:34:33.605+0000] {taskinstance.py:1383} INFO - Executing <Task(PythonOperator): task_0_1> on 2022-12-05 21:34:30.761848+00:00
[2022-12-05T21:34:33.615+0000] {standard_task_runner.py:55} INFO - Started process 1364 to run task
[2022-12-05T21:34:33.626+0000] {standard_task_runner.py:82} INFO - Running: ['***', 'tasks', 'run', 'dag', 'task_0_1', 'manual__2022-12-05T21:34:30.761848+00:00', '--job-id', '971', '--raw', '--subdir', 'DAGS_FOLDER/dag.py', '--cfg-path', '/tmp/tmpo9suwq1h']
[2022-12-05T21:34:33.628+0000] {standard_task_runner.py:83} INFO - Job 971: Subtask task_0_1
[2022-12-05T21:34:33.785+0000] {task_command.py:376} INFO - Running <TaskInstance: dag.task_0_1 manual__2022-12-05T21:34:30.761848+00:00 [running]> on host cd03d50e9713
[2022-12-05T21:34:34.001+0000] {taskinstance.py:1592} INFO - Exporting the following env vars:
AIRFLOW_CTX_DAG_OWNER=lofitravel
AIRFLOW_CTX_DAG_ID=dag
AIRFLOW_CTX_TASK_ID=task_0_1
AIRFLOW_CTX_EXECUTION_DATE=2022-12-05T21:34:30.761848+00:00
AIRFLOW_CTX_TRY_NUMBER=1
AIRFLOW_CTX_DAG_RUN_ID=manual__2022-12-05T21:34:30.761848+00:00
[2022-12-05T21:34:34.866+0000] {logging_mixin.py:137} INFO - курс одного USD к RUB: 62.5784085
[2022-12-05T21:34:34.867+0000] {python.py:177} INFO - Done. Returned value was: None
[2022-12-05T21:34:34.894+0000] {taskinstance.py:1406} INFO - Marking task as SUCCESS. dag_id=dag, task_id=task_0_1, execution_date=20221205T213430, start_date=20221205T213433, end_date=20221205T213434
[2022-12-05T21:34:34.967+0000] {local_task_job.py:159} INFO - Task exited with return code 0
[2022-12-05T21:34:35.005+0000] {taskinstance.py:2623} INFO - 0 downstream tasks scheduled from follow-on schedule check
