[2022-12-05T21:17:21.385+0000] {taskinstance.py:1165} INFO - Dependencies all met for <TaskInstance: dag.task_0_0 manual__2022-12-05T21:17:19.290109+00:00 [queued]>
[2022-12-05T21:17:21.414+0000] {taskinstance.py:1165} INFO - Dependencies all met for <TaskInstance: dag.task_0_0 manual__2022-12-05T21:17:19.290109+00:00 [queued]>
[2022-12-05T21:17:21.418+0000] {taskinstance.py:1362} INFO - 
--------------------------------------------------------------------------------
[2022-12-05T21:17:21.422+0000] {taskinstance.py:1363} INFO - Starting attempt 1 of 1
[2022-12-05T21:17:21.424+0000] {taskinstance.py:1364} INFO - 
--------------------------------------------------------------------------------
[2022-12-05T21:17:21.462+0000] {taskinstance.py:1383} INFO - Executing <Task(PythonOperator): task_0_0> on 2022-12-05 21:17:19.290109+00:00
[2022-12-05T21:17:21.474+0000] {standard_task_runner.py:55} INFO - Started process 588 to run task
[2022-12-05T21:17:21.483+0000] {standard_task_runner.py:82} INFO - Running: ['***', 'tasks', 'run', 'dag', 'task_0_0', 'manual__2022-12-05T21:17:19.290109+00:00', '--job-id', '968', '--raw', '--subdir', 'DAGS_FOLDER/dag.py', '--cfg-path', '/tmp/tmpnrpj4bt9']
[2022-12-05T21:17:21.484+0000] {standard_task_runner.py:83} INFO - Job 968: Subtask task_0_0
[2022-12-05T21:17:21.699+0000] {task_command.py:376} INFO - Running <TaskInstance: dag.task_0_0 manual__2022-12-05T21:17:19.290109+00:00 [running]> on host cd03d50e9713
[2022-12-05T21:17:21.947+0000] {taskinstance.py:1592} INFO - Exporting the following env vars:
AIRFLOW_CTX_DAG_OWNER=lofitravel
AIRFLOW_CTX_DAG_ID=dag
AIRFLOW_CTX_TASK_ID=task_0_0
AIRFLOW_CTX_EXECUTION_DATE=2022-12-05T21:17:19.290109+00:00
AIRFLOW_CTX_TRY_NUMBER=1
AIRFLOW_CTX_DAG_RUN_ID=manual__2022-12-05T21:17:19.290109+00:00
[2022-12-05T21:17:22.862+0000] {logging_mixin.py:137} INFO - курс одного USD к EUR: 0.95329803
[2022-12-05T21:17:22.872+0000] {python.py:177} INFO - Done. Returned value was: None
[2022-12-05T21:17:22.909+0000] {taskinstance.py:1406} INFO - Marking task as SUCCESS. dag_id=dag, task_id=task_0_0, execution_date=20221205T211719, start_date=20221205T211721, end_date=20221205T211722
[2022-12-05T21:17:22.986+0000] {local_task_job.py:159} INFO - Task exited with return code 0
[2022-12-05T21:17:23.075+0000] {taskinstance.py:2623} INFO - 0 downstream tasks scheduled from follow-on schedule check
