[2022-12-05T22:14:17.659+0000] {taskinstance.py:1165} INFO - Dependencies all met for <TaskInstance: dag.task_1_0 manual__2022-12-05T22:14:13.585595+00:00 [queued]>
[2022-12-05T22:14:17.744+0000] {taskinstance.py:1165} INFO - Dependencies all met for <TaskInstance: dag.task_1_0 manual__2022-12-05T22:14:13.585595+00:00 [queued]>
[2022-12-05T22:14:17.765+0000] {taskinstance.py:1362} INFO - 
--------------------------------------------------------------------------------
[2022-12-05T22:14:17.766+0000] {taskinstance.py:1363} INFO - Starting attempt 1 of 1
[2022-12-05T22:14:17.769+0000] {taskinstance.py:1364} INFO - 
--------------------------------------------------------------------------------
[2022-12-05T22:14:17.931+0000] {taskinstance.py:1383} INFO - Executing <Task(PythonOperator): task_1_0> on 2022-12-05 22:14:13.585595+00:00
[2022-12-05T22:14:17.952+0000] {standard_task_runner.py:55} INFO - Started process 363 to run task
[2022-12-05T22:14:17.990+0000] {standard_task_runner.py:82} INFO - Running: ['***', 'tasks', 'run', 'dag', 'task_1_0', 'manual__2022-12-05T22:14:13.585595+00:00', '--job-id', '996', '--raw', '--subdir', 'DAGS_FOLDER/dag.py', '--cfg-path', '/tmp/tmp46cnuw49']
[2022-12-05T22:14:18.019+0000] {standard_task_runner.py:83} INFO - Job 996: Subtask task_1_0
[2022-12-05T22:14:18.582+0000] {task_command.py:376} INFO - Running <TaskInstance: dag.task_1_0 manual__2022-12-05T22:14:13.585595+00:00 [running]> on host ac7ba1737e5d
[2022-12-05T22:14:19.280+0000] {taskinstance.py:1592} INFO - Exporting the following env vars:
AIRFLOW_CTX_DAG_OWNER=lofitravel
AIRFLOW_CTX_DAG_ID=dag
AIRFLOW_CTX_TASK_ID=task_1_0
AIRFLOW_CTX_EXECUTION_DATE=2022-12-05T22:14:13.585595+00:00
AIRFLOW_CTX_TRY_NUMBER=1
AIRFLOW_CTX_DAG_RUN_ID=manual__2022-12-05T22:14:13.585595+00:00
[2022-12-05T22:14:20.731+0000] {logging_mixin.py:137} INFO - курс одного EUR к RUB: 65.66863151
[2022-12-05T22:14:20.735+0000] {python.py:177} INFO - Done. Returned value was: None
[2022-12-05T22:14:20.775+0000] {taskinstance.py:1406} INFO - Marking task as SUCCESS. dag_id=dag, task_id=task_1_0, execution_date=20221205T221413, start_date=20221205T221417, end_date=20221205T221420
[2022-12-05T22:14:20.830+0000] {local_task_job.py:159} INFO - Task exited with return code 0
[2022-12-05T22:14:20.872+0000] {taskinstance.py:2623} INFO - 0 downstream tasks scheduled from follow-on schedule check
