[2022-12-05T20:37:44.460+0000] {taskinstance.py:1165} INFO - Dependencies all met for <TaskInstance: dag.task_0_1 manual__2022-12-05T20:37:42.810455+00:00 [queued]>
[2022-12-05T20:37:44.476+0000] {taskinstance.py:1165} INFO - Dependencies all met for <TaskInstance: dag.task_0_1 manual__2022-12-05T20:37:42.810455+00:00 [queued]>
[2022-12-05T20:37:44.476+0000] {taskinstance.py:1362} INFO - 
--------------------------------------------------------------------------------
[2022-12-05T20:37:44.477+0000] {taskinstance.py:1363} INFO - Starting attempt 1 of 1
[2022-12-05T20:37:44.478+0000] {taskinstance.py:1364} INFO - 
--------------------------------------------------------------------------------
[2022-12-05T20:37:44.497+0000] {taskinstance.py:1383} INFO - Executing <Task(PythonOperator): task_0_1> on 2022-12-05 20:37:42.810455+00:00
[2022-12-05T20:37:44.503+0000] {standard_task_runner.py:55} INFO - Started process 6359 to run task
[2022-12-05T20:37:44.510+0000] {standard_task_runner.py:82} INFO - Running: ['***', 'tasks', 'run', 'dag', 'task_0_1', 'manual__2022-12-05T20:37:42.810455+00:00', '--job-id', '937', '--raw', '--subdir', 'DAGS_FOLDER/dag.py', '--cfg-path', '/tmp/tmpp0zsxm4w']
[2022-12-05T20:37:44.511+0000] {standard_task_runner.py:83} INFO - Job 937: Subtask task_0_1
[2022-12-05T20:37:44.609+0000] {task_command.py:376} INFO - Running <TaskInstance: dag.task_0_1 manual__2022-12-05T20:37:42.810455+00:00 [running]> on host 02acd0b59b6f
[2022-12-05T20:37:44.735+0000] {taskinstance.py:1592} INFO - Exporting the following env vars:
AIRFLOW_CTX_DAG_OWNER=lofitravel
AIRFLOW_CTX_DAG_ID=dag
AIRFLOW_CTX_TASK_ID=task_0_1
AIRFLOW_CTX_EXECUTION_DATE=2022-12-05T20:37:42.810455+00:00
AIRFLOW_CTX_TRY_NUMBER=1
AIRFLOW_CTX_DAG_RUN_ID=manual__2022-12-05T20:37:42.810455+00:00
[2022-12-05T20:37:45.478+0000] {logging_mixin.py:137} INFO - курс одного USD к RUB: 62.53623591
[2022-12-05T20:37:45.479+0000] {python.py:177} INFO - Done. Returned value was: None
[2022-12-05T20:37:45.499+0000] {taskinstance.py:1406} INFO - Marking task as SUCCESS. dag_id=dag, task_id=task_0_1, execution_date=20221205T203742, start_date=20221205T203744, end_date=20221205T203745
[2022-12-05T20:37:45.566+0000] {local_task_job.py:159} INFO - Task exited with return code 0
[2022-12-05T20:37:45.681+0000] {taskinstance.py:2623} INFO - 0 downstream tasks scheduled from follow-on schedule check
