[2022-12-07T10:40:35.811+0000] {taskinstance.py:1165} INFO - Dependencies all met for <TaskInstance: dag.pull_data manual__2022-12-07T10:40:29.016957+00:00 [queued]>
[2022-12-07T10:40:35.831+0000] {taskinstance.py:1165} INFO - Dependencies all met for <TaskInstance: dag.pull_data manual__2022-12-07T10:40:29.016957+00:00 [queued]>
[2022-12-07T10:40:35.832+0000] {taskinstance.py:1362} INFO - 
--------------------------------------------------------------------------------
[2022-12-07T10:40:35.833+0000] {taskinstance.py:1363} INFO - Starting attempt 1 of 1
[2022-12-07T10:40:35.834+0000] {taskinstance.py:1364} INFO - 
--------------------------------------------------------------------------------
[2022-12-07T10:40:35.861+0000] {taskinstance.py:1383} INFO - Executing <Task(PythonOperator): pull_data> on 2022-12-07 10:40:29.016957+00:00
[2022-12-07T10:40:35.869+0000] {standard_task_runner.py:55} INFO - Started process 1122 to run task
[2022-12-07T10:40:35.874+0000] {standard_task_runner.py:82} INFO - Running: ['***', 'tasks', 'run', 'dag', 'pull_data', 'manual__2022-12-07T10:40:29.016957+00:00', '--job-id', '1675', '--raw', '--subdir', 'DAGS_FOLDER/dag.py', '--cfg-path', '/tmp/tmpiptpqsxj']
[2022-12-07T10:40:35.875+0000] {standard_task_runner.py:83} INFO - Job 1675: Subtask pull_data
[2022-12-07T10:40:35.993+0000] {task_command.py:376} INFO - Running <TaskInstance: dag.pull_data manual__2022-12-07T10:40:29.016957+00:00 [running]> on host ede3719a0239
[2022-12-07T10:40:36.142+0000] {taskinstance.py:1592} INFO - Exporting the following env vars:
AIRFLOW_CTX_DAG_OWNER=lofitravel
AIRFLOW_CTX_DAG_ID=dag
AIRFLOW_CTX_TASK_ID=pull_data
AIRFLOW_CTX_EXECUTION_DATE=2022-12-07T10:40:29.016957+00:00
AIRFLOW_CTX_TRY_NUMBER=1
AIRFLOW_CTX_DAG_RUN_ID=manual__2022-12-07T10:40:29.016957+00:00
[2022-12-07T10:40:36.185+0000] {logging_mixin.py:137} INFO - var <function configs at 0x7f73c4396b90>
[2022-12-07T10:40:36.202+0000] {logging_mixin.py:137} INFO - var <function configs at 0x7f73c4396b90>
[2022-12-07T10:40:36.221+0000] {logging_mixin.py:137} INFO - var <function configs at 0x7f73c4396b90>
[2022-12-07T10:40:36.242+0000] {logging_mixin.py:137} INFO - connection to server at "database" (172.21.0.3), port 5432 failed: FATAL:  password authentication failed for user "***_user"
[2022-12-07T10:40:36.244+0000] {python.py:177} INFO - Done. Returned value was: None
[2022-12-07T10:40:36.274+0000] {taskinstance.py:1406} INFO - Marking task as SUCCESS. dag_id=dag, task_id=pull_data, execution_date=20221207T104029, start_date=20221207T104035, end_date=20221207T104036
[2022-12-07T10:40:36.337+0000] {local_task_job.py:159} INFO - Task exited with return code 0
[2022-12-07T10:40:36.379+0000] {taskinstance.py:2623} INFO - 0 downstream tasks scheduled from follow-on schedule check
