[2022-12-07T07:15:47.230+0000] {taskinstance.py:1165} INFO - Dependencies all met for <TaskInstance: dag.pull_data manual__2022-12-07T07:15:38.593738+00:00 [queued]>
[2022-12-07T07:15:47.247+0000] {taskinstance.py:1165} INFO - Dependencies all met for <TaskInstance: dag.pull_data manual__2022-12-07T07:15:38.593738+00:00 [queued]>
[2022-12-07T07:15:47.247+0000] {taskinstance.py:1362} INFO - 
--------------------------------------------------------------------------------
[2022-12-07T07:15:47.248+0000] {taskinstance.py:1363} INFO - Starting attempt 1 of 1
[2022-12-07T07:15:47.248+0000] {taskinstance.py:1364} INFO - 
--------------------------------------------------------------------------------
[2022-12-07T07:15:47.270+0000] {taskinstance.py:1383} INFO - Executing <Task(PythonOperator): pull_data> on 2022-12-07 07:15:38.593738+00:00
[2022-12-07T07:15:47.276+0000] {standard_task_runner.py:55} INFO - Started process 27841 to run task
[2022-12-07T07:15:47.280+0000] {standard_task_runner.py:82} INFO - Running: ['***', 'tasks', 'run', 'dag', 'pull_data', 'manual__2022-12-07T07:15:38.593738+00:00', '--job-id', '1436', '--raw', '--subdir', 'DAGS_FOLDER/dag.py', '--cfg-path', '/tmp/tmprjc3jogz']
[2022-12-07T07:15:47.281+0000] {standard_task_runner.py:83} INFO - Job 1436: Subtask pull_data
[2022-12-07T07:15:47.372+0000] {task_command.py:376} INFO - Running <TaskInstance: dag.pull_data manual__2022-12-07T07:15:38.593738+00:00 [running]> on host 505aa50095aa
[2022-12-07T07:15:47.485+0000] {taskinstance.py:1592} INFO - Exporting the following env vars:
AIRFLOW_CTX_DAG_OWNER=lofitravel
AIRFLOW_CTX_DAG_ID=dag
AIRFLOW_CTX_TASK_ID=pull_data
AIRFLOW_CTX_EXECUTION_DATE=2022-12-07T07:15:38.593738+00:00
AIRFLOW_CTX_TRY_NUMBER=1
AIRFLOW_CTX_DAG_RUN_ID=manual__2022-12-07T07:15:38.593738+00:00
[2022-12-07T07:15:47.501+0000] {logging_mixin.py:137} INFO - [['2022-12-07', 'USD', 'EUR', 0.95701101], ['2022-12-07', 'USD', 'RUB', 63.0055863], ['2022-12-07', 'EUR', 'RUB', 65.83580088]]
[2022-12-07T07:15:47.515+0000] {logging_mixin.py:137} INFO - Postgresql connection created!
[2022-12-07T07:15:47.516+0000] {logging_mixin.py:137} INFO - Failed to insert into PostgreSQL
[2022-12-07T07:15:47.516+0000] {logging_mixin.py:137} INFO - not all arguments converted during string formatting
[2022-12-07T07:15:47.517+0000] {logging_mixin.py:137} INFO - CSSS
[2022-12-07T07:15:47.518+0000] {python.py:177} INFO - Done. Returned value was: None
[2022-12-07T07:15:47.536+0000] {taskinstance.py:1406} INFO - Marking task as SUCCESS. dag_id=dag, task_id=pull_data, execution_date=20221207T071538, start_date=20221207T071547, end_date=20221207T071547
[2022-12-07T07:15:47.572+0000] {local_task_job.py:159} INFO - Task exited with return code 0
[2022-12-07T07:15:47.597+0000] {taskinstance.py:2623} INFO - 0 downstream tasks scheduled from follow-on schedule check
