[2022-12-07T19:17:17.373+0000] {taskinstance.py:1165} INFO - Dependencies all met for <TaskInstance: dag.create_table manual__2022-12-07T19:17:08.290866+00:00 [queued]>
[2022-12-07T19:17:17.393+0000] {taskinstance.py:1165} INFO - Dependencies all met for <TaskInstance: dag.create_table manual__2022-12-07T19:17:08.290866+00:00 [queued]>
[2022-12-07T19:17:17.394+0000] {taskinstance.py:1362} INFO - 
--------------------------------------------------------------------------------
[2022-12-07T19:17:17.395+0000] {taskinstance.py:1363} INFO - Starting attempt 1 of 1
[2022-12-07T19:17:17.395+0000] {taskinstance.py:1364} INFO - 
--------------------------------------------------------------------------------
[2022-12-07T19:17:17.420+0000] {taskinstance.py:1383} INFO - Executing <Task(PostgresOperator): create_table> on 2022-12-07 19:17:08.290866+00:00
[2022-12-07T19:17:17.425+0000] {standard_task_runner.py:55} INFO - Started process 5564 to run task
[2022-12-07T19:17:17.430+0000] {standard_task_runner.py:82} INFO - Running: ['***', 'tasks', 'run', 'dag', 'create_table', 'manual__2022-12-07T19:17:08.290866+00:00', '--job-id', '1870', '--raw', '--subdir', 'DAGS_FOLDER/dag.py', '--cfg-path', '/tmp/tmph15gsu_y']
[2022-12-07T19:17:17.431+0000] {standard_task_runner.py:83} INFO - Job 1870: Subtask create_table
[2022-12-07T19:17:17.523+0000] {task_command.py:376} INFO - Running <TaskInstance: dag.create_table manual__2022-12-07T19:17:08.290866+00:00 [running]> on host a9d6893ff63e
[2022-12-07T19:17:17.633+0000] {taskinstance.py:1592} INFO - Exporting the following env vars:
AIRFLOW_CTX_DAG_OWNER=lofitravel
AIRFLOW_CTX_DAG_ID=dag
AIRFLOW_CTX_TASK_ID=create_table
AIRFLOW_CTX_EXECUTION_DATE=2022-12-07T19:17:08.290866+00:00
AIRFLOW_CTX_TRY_NUMBER=1
AIRFLOW_CTX_DAG_RUN_ID=manual__2022-12-07T19:17:08.290866+00:00
[2022-12-07T19:17:17.646+0000] {base.py:71} INFO - Using connection ID 'postgres_localhost' for task execution.
[2022-12-07T19:17:17.657+0000] {sql.py:315} INFO - Running statement: 
        CREATE TABLE IF NOT EXISTS pairs(
            date TIMESTAMP NOT NULL,
            ticker_from VARCHAR(3) NOT NULL,
            ticker_to VARCHAR(3) NOT NULL,
            amount FLOAT NOT NULL,
        PRIMARY KEY (date, ticker_from, ticker_to));
        , parameters: None
[2022-12-07T19:17:17.676+0000] {taskinstance.py:1406} INFO - Marking task as SUCCESS. dag_id=dag, task_id=create_table, execution_date=20221207T191708, start_date=20221207T191717, end_date=20221207T191717
[2022-12-07T19:17:17.722+0000] {local_task_job.py:159} INFO - Task exited with return code 0
[2022-12-07T19:17:17.777+0000] {taskinstance.py:2623} INFO - 1 downstream tasks scheduled from follow-on schedule check
