[2022-12-04T17:27:25.447+0000] {taskinstance.py:1165} INFO - Dependencies all met for <TaskInstance: dag.task_2 manual__2022-12-04T17:27:12.692431+00:00 [queued]>
[2022-12-04T17:27:25.499+0000] {taskinstance.py:1165} INFO - Dependencies all met for <TaskInstance: dag.task_2 manual__2022-12-04T17:27:12.692431+00:00 [queued]>
[2022-12-04T17:27:25.500+0000] {taskinstance.py:1362} INFO - 
--------------------------------------------------------------------------------
[2022-12-04T17:27:25.501+0000] {taskinstance.py:1363} INFO - Starting attempt 1 of 1
[2022-12-04T17:27:25.502+0000] {taskinstance.py:1364} INFO - 
--------------------------------------------------------------------------------
[2022-12-04T17:27:25.584+0000] {taskinstance.py:1383} INFO - Executing <Task(BashOperator): task_2> on 2022-12-04 17:27:12.692431+00:00
[2022-12-04T17:27:25.599+0000] {standard_task_runner.py:55} INFO - Started process 14756 to run task
[2022-12-04T17:27:25.607+0000] {standard_task_runner.py:82} INFO - Running: ['***', 'tasks', 'run', 'dag', 'task_2', 'manual__2022-12-04T17:27:12.692431+00:00', '--job-id', '865', '--raw', '--subdir', 'DAGS_FOLDER/dag.py', '--cfg-path', '/tmp/tmp1k6_055e']
[2022-12-04T17:27:25.610+0000] {standard_task_runner.py:83} INFO - Job 865: Subtask task_2
[2022-12-04T17:27:25.898+0000] {task_command.py:376} INFO - Running <TaskInstance: dag.task_2 manual__2022-12-04T17:27:12.692431+00:00 [running]> on host 37018d05bc9d
[2022-12-04T17:27:26.207+0000] {taskinstance.py:1592} INFO - Exporting the following env vars:
AIRFLOW_CTX_DAG_OWNER=lofitravel
AIRFLOW_CTX_DAG_ID=dag
AIRFLOW_CTX_TASK_ID=task_2
AIRFLOW_CTX_EXECUTION_DATE=2022-12-04T17:27:12.692431+00:00
AIRFLOW_CTX_TRY_NUMBER=1
AIRFLOW_CTX_DAG_RUN_ID=manual__2022-12-04T17:27:12.692431+00:00
[2022-12-04T17:27:26.215+0000] {subprocess.py:63} INFO - Tmp dir root location: 
 /tmp
[2022-12-04T17:27:26.220+0000] {subprocess.py:75} INFO - Running command: ['/bin/bash', '-c', 'echo "Hello World from Task 2"']
[2022-12-04T17:27:26.242+0000] {subprocess.py:86} INFO - Output:
[2022-12-04T17:27:26.249+0000] {subprocess.py:93} INFO - Hello World from Task 2
[2022-12-04T17:27:26.250+0000] {subprocess.py:97} INFO - Command exited with return code 0
[2022-12-04T17:27:26.330+0000] {taskinstance.py:1406} INFO - Marking task as SUCCESS. dag_id=dag, task_id=task_2, execution_date=20221204T172712, start_date=20221204T172725, end_date=20221204T172726
[2022-12-04T17:27:26.401+0000] {local_task_job.py:159} INFO - Task exited with return code 0
[2022-12-04T17:27:26.468+0000] {taskinstance.py:2623} INFO - 1 downstream tasks scheduled from follow-on schedule check
