[2022-12-07T14:54:58.847+0000] {taskinstance.py:1165} INFO - Dependencies all met for <TaskInstance: dag.create_table manual__2022-12-07T14:54:51.798487+00:00 [queued]>
[2022-12-07T14:54:58.865+0000] {taskinstance.py:1165} INFO - Dependencies all met for <TaskInstance: dag.create_table manual__2022-12-07T14:54:51.798487+00:00 [queued]>
[2022-12-07T14:54:58.866+0000] {taskinstance.py:1362} INFO - 
--------------------------------------------------------------------------------
[2022-12-07T14:54:58.867+0000] {taskinstance.py:1363} INFO - Starting attempt 1 of 1
[2022-12-07T14:54:58.867+0000] {taskinstance.py:1364} INFO - 
--------------------------------------------------------------------------------
[2022-12-07T14:54:58.889+0000] {taskinstance.py:1383} INFO - Executing <Task(PostgresOperator): create_table> on 2022-12-07 14:54:51.798487+00:00
[2022-12-07T14:54:58.896+0000] {standard_task_runner.py:55} INFO - Started process 467 to run task
[2022-12-07T14:54:58.900+0000] {standard_task_runner.py:82} INFO - Running: ['***', 'tasks', 'run', 'dag', 'create_table', 'manual__2022-12-07T14:54:51.798487+00:00', '--job-id', '1812', '--raw', '--subdir', 'DAGS_FOLDER/dag.py', '--cfg-path', '/tmp/tmp60qzi0fy']
[2022-12-07T14:54:58.901+0000] {standard_task_runner.py:83} INFO - Job 1812: Subtask create_table
[2022-12-07T14:54:59.004+0000] {task_command.py:376} INFO - Running <TaskInstance: dag.create_table manual__2022-12-07T14:54:51.798487+00:00 [running]> on host 20d9dd97c6ff
[2022-12-07T14:54:59.137+0000] {taskinstance.py:1592} INFO - Exporting the following env vars:
AIRFLOW_CTX_DAG_OWNER=lofitravel
AIRFLOW_CTX_DAG_ID=dag
AIRFLOW_CTX_TASK_ID=create_table
AIRFLOW_CTX_EXECUTION_DATE=2022-12-07T14:54:51.798487+00:00
AIRFLOW_CTX_TRY_NUMBER=1
AIRFLOW_CTX_DAG_RUN_ID=manual__2022-12-07T14:54:51.798487+00:00
[2022-12-07T14:54:59.151+0000] {base.py:71} INFO - Using connection ID 'postgres_localhost' for task execution.
[2022-12-07T14:54:59.164+0000] {sql.py:315} INFO - Running statement: 
        CREATE TABLE IF NOT EXISTS pairs(
            date TIMESTAMP NOT NULL,
            ticker_from VARCHAR(3) NOT NULL,
            ticker_to VARCHAR(3) NOT NULL,
            amount FLOAT NOT NULL,
        PRIMARY KEY (date, ticker_from, ticker_to));
        , parameters: None
[2022-12-07T14:54:59.165+0000] {postgres.py:96} INFO - NOTICE:  relation "pairs" already exists, skipping

[2022-12-07T14:54:59.176+0000] {taskinstance.py:1406} INFO - Marking task as SUCCESS. dag_id=dag, task_id=create_table, execution_date=20221207T145451, start_date=20221207T145458, end_date=20221207T145459
[2022-12-07T14:54:59.232+0000] {local_task_job.py:159} INFO - Task exited with return code 0
[2022-12-07T14:54:59.279+0000] {taskinstance.py:2623} INFO - 1 downstream tasks scheduled from follow-on schedule check
