[2022-12-07T23:54:09.938+0000] {taskinstance.py:1165} INFO - Dependencies all met for <TaskInstance: dag.insert_data manual__2022-12-07T23:53:59.845330+00:00 [queued]>
[2022-12-07T23:54:09.956+0000] {taskinstance.py:1165} INFO - Dependencies all met for <TaskInstance: dag.insert_data manual__2022-12-07T23:53:59.845330+00:00 [queued]>
[2022-12-07T23:54:09.957+0000] {taskinstance.py:1362} INFO - 
--------------------------------------------------------------------------------
[2022-12-07T23:54:09.957+0000] {taskinstance.py:1363} INFO - Starting attempt 1 of 1
[2022-12-07T23:54:09.958+0000] {taskinstance.py:1364} INFO - 
--------------------------------------------------------------------------------
[2022-12-07T23:54:09.978+0000] {taskinstance.py:1383} INFO - Executing <Task(PythonOperator): insert_data> on 2022-12-07 23:53:59.845330+00:00
[2022-12-07T23:54:09.983+0000] {standard_task_runner.py:55} INFO - Started process 495 to run task
[2022-12-07T23:54:09.988+0000] {standard_task_runner.py:82} INFO - Running: ['***', 'tasks', 'run', 'dag', 'insert_data', 'manual__2022-12-07T23:53:59.845330+00:00', '--job-id', '25', '--raw', '--subdir', 'DAGS_FOLDER/dag.py', '--cfg-path', '/tmp/tmpinscc40r']
[2022-12-07T23:54:09.989+0000] {standard_task_runner.py:83} INFO - Job 25: Subtask insert_data
[2022-12-07T23:54:10.075+0000] {task_command.py:376} INFO - Running <TaskInstance: dag.insert_data manual__2022-12-07T23:53:59.845330+00:00 [running]> on host 564356c68f54
[2022-12-07T23:54:10.175+0000] {taskinstance.py:1592} INFO - Exporting the following env vars:
AIRFLOW_CTX_DAG_OWNER=lofitravel
AIRFLOW_CTX_DAG_ID=dag
AIRFLOW_CTX_TASK_ID=insert_data
AIRFLOW_CTX_EXECUTION_DATE=2022-12-07T23:53:59.845330+00:00
AIRFLOW_CTX_TRY_NUMBER=1
AIRFLOW_CTX_DAG_RUN_ID=manual__2022-12-07T23:53:59.845330+00:00
[2022-12-07T23:54:10.198+0000] {logging_mixin.py:137} INFO - var ['82adcbbbae7a13d16e0b68fa1f50c023', '***_user', '***_ps', '***_database']
[2022-12-07T23:54:10.206+0000] {logging_mixin.py:137} INFO - var ['82adcbbbae7a13d16e0b68fa1f50c023', '***_user', '***_ps', '***_database']
[2022-12-07T23:54:10.213+0000] {logging_mixin.py:137} INFO - var ['82adcbbbae7a13d16e0b68fa1f50c023', '***_user', '***_ps', '***_database']
[2022-12-07T23:54:10.224+0000] {logging_mixin.py:137} INFO - Postgresql connection created!
[2022-12-07T23:54:10.228+0000] {logging_mixin.py:137} INFO - Data successfully inserted!
[2022-12-07T23:54:10.228+0000] {python.py:177} INFO - Done. Returned value was: None
[2022-12-07T23:54:10.242+0000] {taskinstance.py:1406} INFO - Marking task as SUCCESS. dag_id=dag, task_id=insert_data, execution_date=20221207T235359, start_date=20221207T235409, end_date=20221207T235410
[2022-12-07T23:54:10.280+0000] {local_task_job.py:159} INFO - Task exited with return code 0
[2022-12-07T23:54:10.317+0000] {taskinstance.py:2623} INFO - 1 downstream tasks scheduled from follow-on schedule check
