[2022-12-07T23:48:37.504+0000] {taskinstance.py:1165} INFO - Dependencies all met for <TaskInstance: dag.task_1_0 scheduled__2022-12-06T00:00:00+00:00 [queued]>
[2022-12-07T23:48:37.528+0000] {taskinstance.py:1165} INFO - Dependencies all met for <TaskInstance: dag.task_1_0 scheduled__2022-12-06T00:00:00+00:00 [queued]>
[2022-12-07T23:48:37.529+0000] {taskinstance.py:1362} INFO - 
--------------------------------------------------------------------------------
[2022-12-07T23:48:37.530+0000] {taskinstance.py:1363} INFO - Starting attempt 1 of 1
[2022-12-07T23:48:37.531+0000] {taskinstance.py:1364} INFO - 
--------------------------------------------------------------------------------
[2022-12-07T23:48:37.559+0000] {taskinstance.py:1383} INFO - Executing <Task(PythonOperator): task_1_0> on 2022-12-06 00:00:00+00:00
[2022-12-07T23:48:37.566+0000] {standard_task_runner.py:55} INFO - Started process 223 to run task
[2022-12-07T23:48:37.572+0000] {standard_task_runner.py:82} INFO - Running: ['***', 'tasks', 'run', 'dag', 'task_1_0', 'scheduled__2022-12-06T00:00:00+00:00', '--job-id', '11', '--raw', '--subdir', 'DAGS_FOLDER/dag.py', '--cfg-path', '/tmp/tmpkwgf79my']
[2022-12-07T23:48:37.573+0000] {standard_task_runner.py:83} INFO - Job 11: Subtask task_1_0
[2022-12-07T23:48:37.769+0000] {task_command.py:376} INFO - Running <TaskInstance: dag.task_1_0 scheduled__2022-12-06T00:00:00+00:00 [running]> on host 564356c68f54
[2022-12-07T23:48:38.008+0000] {taskinstance.py:1592} INFO - Exporting the following env vars:
AIRFLOW_CTX_DAG_OWNER=lofitravel
AIRFLOW_CTX_DAG_ID=dag
AIRFLOW_CTX_TASK_ID=task_1_0
AIRFLOW_CTX_EXECUTION_DATE=2022-12-06T00:00:00+00:00
AIRFLOW_CTX_TRY_NUMBER=1
AIRFLOW_CTX_DAG_RUN_ID=scheduled__2022-12-06T00:00:00+00:00
[2022-12-07T23:48:39.439+0000] {logging_mixin.py:137} INFO - курс одного EUR к RUB: 65.20685807
[2022-12-07T23:48:39.475+0000] {python.py:177} INFO - Done. Returned value was: None
[2022-12-07T23:48:39.496+0000] {taskinstance.py:1406} INFO - Marking task as SUCCESS. dag_id=dag, task_id=task_1_0, execution_date=20221206T000000, start_date=20221207T234837, end_date=20221207T234839
[2022-12-07T23:48:39.553+0000] {local_task_job.py:159} INFO - Task exited with return code 0
[2022-12-07T23:48:39.614+0000] {taskinstance.py:2623} INFO - 1 downstream tasks scheduled from follow-on schedule check
