[2022-12-05T22:11:13.873+0000] {taskinstance.py:1165} INFO - Dependencies all met for <TaskInstance: dag.task_1_0 manual__2022-12-05T22:11:10.813605+00:00 [queued]>
[2022-12-05T22:11:13.905+0000] {taskinstance.py:1165} INFO - Dependencies all met for <TaskInstance: dag.task_1_0 manual__2022-12-05T22:11:10.813605+00:00 [queued]>
[2022-12-05T22:11:13.908+0000] {taskinstance.py:1362} INFO - 
--------------------------------------------------------------------------------
[2022-12-05T22:11:13.910+0000] {taskinstance.py:1363} INFO - Starting attempt 1 of 1
[2022-12-05T22:11:13.913+0000] {taskinstance.py:1364} INFO - 
--------------------------------------------------------------------------------
[2022-12-05T22:11:14.011+0000] {taskinstance.py:1383} INFO - Executing <Task(PythonOperator): task_1_0> on 2022-12-05 22:11:10.813605+00:00
[2022-12-05T22:11:14.029+0000] {standard_task_runner.py:55} INFO - Started process 214 to run task
[2022-12-05T22:11:14.037+0000] {standard_task_runner.py:82} INFO - Running: ['***', 'tasks', 'run', 'dag', 'task_1_0', 'manual__2022-12-05T22:11:10.813605+00:00', '--job-id', '987', '--raw', '--subdir', 'DAGS_FOLDER/dag.py', '--cfg-path', '/tmp/tmpod08ks_p']
[2022-12-05T22:11:14.039+0000] {standard_task_runner.py:83} INFO - Job 987: Subtask task_1_0
[2022-12-05T22:11:14.398+0000] {task_command.py:376} INFO - Running <TaskInstance: dag.task_1_0 manual__2022-12-05T22:11:10.813605+00:00 [running]> on host ac7ba1737e5d
[2022-12-05T22:11:14.768+0000] {taskinstance.py:1592} INFO - Exporting the following env vars:
AIRFLOW_CTX_DAG_OWNER=lofitravel
AIRFLOW_CTX_DAG_ID=dag
AIRFLOW_CTX_TASK_ID=task_1_0
AIRFLOW_CTX_EXECUTION_DATE=2022-12-05T22:11:10.813605+00:00
AIRFLOW_CTX_TRY_NUMBER=1
AIRFLOW_CTX_DAG_RUN_ID=manual__2022-12-05T22:11:10.813605+00:00
[2022-12-05T22:11:15.749+0000] {logging_mixin.py:137} INFO - курс одного EUR к RUB: 65.66863151
[2022-12-05T22:11:15.788+0000] {python.py:177} INFO - Done. Returned value was: None
[2022-12-05T22:11:15.844+0000] {taskinstance.py:1406} INFO - Marking task as SUCCESS. dag_id=dag, task_id=task_1_0, execution_date=20221205T221110, start_date=20221205T221113, end_date=20221205T221115
[2022-12-05T22:11:16.028+0000] {local_task_job.py:159} INFO - Task exited with return code 0
[2022-12-05T22:11:16.376+0000] {taskinstance.py:2623} INFO - 0 downstream tasks scheduled from follow-on schedule check
