[2022-12-07T07:17:10.801+0000] {taskinstance.py:1165} INFO - Dependencies all met for <TaskInstance: dag.task_0_1 manual__2022-12-07T07:17:09.003141+00:00 [queued]>
[2022-12-07T07:17:10.823+0000] {taskinstance.py:1165} INFO - Dependencies all met for <TaskInstance: dag.task_0_1 manual__2022-12-07T07:17:09.003141+00:00 [queued]>
[2022-12-07T07:17:10.824+0000] {taskinstance.py:1362} INFO - 
--------------------------------------------------------------------------------
[2022-12-07T07:17:10.825+0000] {taskinstance.py:1363} INFO - Starting attempt 1 of 1
[2022-12-07T07:17:10.826+0000] {taskinstance.py:1364} INFO - 
--------------------------------------------------------------------------------
[2022-12-07T07:17:10.877+0000] {taskinstance.py:1383} INFO - Executing <Task(PythonOperator): task_0_1> on 2022-12-07 07:17:09.003141+00:00
[2022-12-07T07:17:10.890+0000] {standard_task_runner.py:55} INFO - Started process 27916 to run task
[2022-12-07T07:17:10.900+0000] {standard_task_runner.py:82} INFO - Running: ['***', 'tasks', 'run', 'dag', 'task_0_1', 'manual__2022-12-07T07:17:09.003141+00:00', '--job-id', '1442', '--raw', '--subdir', 'DAGS_FOLDER/dag.py', '--cfg-path', '/tmp/tmpk1wgxfze']
[2022-12-07T07:17:10.911+0000] {standard_task_runner.py:83} INFO - Job 1442: Subtask task_0_1
[2022-12-07T07:17:11.158+0000] {task_command.py:376} INFO - Running <TaskInstance: dag.task_0_1 manual__2022-12-07T07:17:09.003141+00:00 [running]> on host 505aa50095aa
[2022-12-07T07:17:11.524+0000] {taskinstance.py:1592} INFO - Exporting the following env vars:
AIRFLOW_CTX_DAG_OWNER=lofitravel
AIRFLOW_CTX_DAG_ID=dag
AIRFLOW_CTX_TASK_ID=task_0_1
AIRFLOW_CTX_EXECUTION_DATE=2022-12-07T07:17:09.003141+00:00
AIRFLOW_CTX_TRY_NUMBER=1
AIRFLOW_CTX_DAG_RUN_ID=manual__2022-12-07T07:17:09.003141+00:00
[2022-12-07T07:17:12.228+0000] {logging_mixin.py:137} INFO - курс одного USD к RUB: 63.0055863
[2022-12-07T07:17:12.255+0000] {python.py:177} INFO - Done. Returned value was: None
[2022-12-07T07:17:12.271+0000] {taskinstance.py:1406} INFO - Marking task as SUCCESS. dag_id=dag, task_id=task_0_1, execution_date=20221207T071709, start_date=20221207T071710, end_date=20221207T071712
[2022-12-07T07:17:12.325+0000] {local_task_job.py:159} INFO - Task exited with return code 0
[2022-12-07T07:17:12.374+0000] {taskinstance.py:2623} INFO - 0 downstream tasks scheduled from follow-on schedule check
