[2022-12-04T14:20:02.269+0000] {taskinstance.py:1165} INFO - Dependencies all met for <TaskInstance: dag.task_3 scheduled__2022-12-04T14:19:00+00:00 [queued]>
[2022-12-04T14:20:02.281+0000] {taskinstance.py:1165} INFO - Dependencies all met for <TaskInstance: dag.task_3 scheduled__2022-12-04T14:19:00+00:00 [queued]>
[2022-12-04T14:20:02.282+0000] {taskinstance.py:1362} INFO - 
--------------------------------------------------------------------------------
[2022-12-04T14:20:02.283+0000] {taskinstance.py:1363} INFO - Starting attempt 1 of 1
[2022-12-04T14:20:02.283+0000] {taskinstance.py:1364} INFO - 
--------------------------------------------------------------------------------
[2022-12-04T14:20:02.310+0000] {taskinstance.py:1383} INFO - Executing <Task(BashOperator): task_3> on 2022-12-04 14:19:00+00:00
[2022-12-04T14:20:02.314+0000] {standard_task_runner.py:55} INFO - Started process 4447 to run task
[2022-12-04T14:20:02.318+0000] {standard_task_runner.py:82} INFO - Running: ['***', 'tasks', 'run', 'dag', 'task_3', 'scheduled__2022-12-04T14:19:00+00:00', '--job-id', '277', '--raw', '--subdir', 'DAGS_FOLDER/dag.py', '--cfg-path', '/tmp/tmpfni8uekv']
[2022-12-04T14:20:02.319+0000] {standard_task_runner.py:83} INFO - Job 277: Subtask task_3
[2022-12-04T14:20:02.388+0000] {task_command.py:376} INFO - Running <TaskInstance: dag.task_3 scheduled__2022-12-04T14:19:00+00:00 [running]> on host 37018d05bc9d
[2022-12-04T14:20:02.468+0000] {taskinstance.py:1592} INFO - Exporting the following env vars:
AIRFLOW_CTX_DAG_OWNER=lofitravel
AIRFLOW_CTX_DAG_ID=dag
AIRFLOW_CTX_TASK_ID=task_3
AIRFLOW_CTX_EXECUTION_DATE=2022-12-04T14:19:00+00:00
AIRFLOW_CTX_TRY_NUMBER=1
AIRFLOW_CTX_DAG_RUN_ID=scheduled__2022-12-04T14:19:00+00:00
[2022-12-04T14:20:02.469+0000] {subprocess.py:63} INFO - Tmp dir root location: 
 /tmp
[2022-12-04T14:20:02.470+0000] {subprocess.py:75} INFO - Running command: ['/bin/bash', '-c', 'echo "Hello World from Task 3"']
[2022-12-04T14:20:02.479+0000] {subprocess.py:86} INFO - Output:
[2022-12-04T14:20:02.481+0000] {subprocess.py:93} INFO - Hello World from Task 3
[2022-12-04T14:20:02.481+0000] {subprocess.py:97} INFO - Command exited with return code 0
[2022-12-04T14:20:02.508+0000] {taskinstance.py:1406} INFO - Marking task as SUCCESS. dag_id=dag, task_id=task_3, execution_date=20221204T141900, start_date=20221204T142002, end_date=20221204T142002
[2022-12-04T14:20:02.530+0000] {local_task_job.py:159} INFO - Task exited with return code 0
[2022-12-04T14:20:02.553+0000] {taskinstance.py:2623} INFO - 1 downstream tasks scheduled from follow-on schedule check
