[2022-12-05T19:08:28.712+0000] {taskinstance.py:1165} INFO - Dependencies all met for <TaskInstance: dag.task_0_1 manual__2022-12-05T19:08:23.978180+00:00 [queued]>
[2022-12-05T19:08:28.805+0000] {taskinstance.py:1165} INFO - Dependencies all met for <TaskInstance: dag.task_0_1 manual__2022-12-05T19:08:23.978180+00:00 [queued]>
[2022-12-05T19:08:28.833+0000] {taskinstance.py:1362} INFO - 
--------------------------------------------------------------------------------
[2022-12-05T19:08:28.849+0000] {taskinstance.py:1363} INFO - Starting attempt 1 of 1
[2022-12-05T19:08:28.881+0000] {taskinstance.py:1364} INFO - 
--------------------------------------------------------------------------------
[2022-12-05T19:08:29.066+0000] {taskinstance.py:1383} INFO - Executing <Task(PythonOperator): task_0_1> on 2022-12-05 19:08:23.978180+00:00
[2022-12-05T19:08:29.080+0000] {standard_task_runner.py:55} INFO - Started process 2543 to run task
[2022-12-05T19:08:29.098+0000] {standard_task_runner.py:82} INFO - Running: ['***', 'tasks', 'run', 'dag', 'task_0_1', 'manual__2022-12-05T19:08:23.978180+00:00', '--job-id', '911', '--raw', '--subdir', 'DAGS_FOLDER/dag.py', '--cfg-path', '/tmp/tmp1iyl8g1y']
[2022-12-05T19:08:29.110+0000] {standard_task_runner.py:83} INFO - Job 911: Subtask task_0_1
[2022-12-05T19:08:29.450+0000] {task_command.py:376} INFO - Running <TaskInstance: dag.task_0_1 manual__2022-12-05T19:08:23.978180+00:00 [running]> on host 02acd0b59b6f
[2022-12-05T19:08:30.108+0000] {taskinstance.py:1592} INFO - Exporting the following env vars:
AIRFLOW_CTX_DAG_OWNER=lofitravel
AIRFLOW_CTX_DAG_ID=dag
AIRFLOW_CTX_TASK_ID=task_0_1
AIRFLOW_CTX_EXECUTION_DATE=2022-12-05T19:08:23.978180+00:00
AIRFLOW_CTX_TRY_NUMBER=1
AIRFLOW_CTX_DAG_RUN_ID=manual__2022-12-05T19:08:23.978180+00:00
[2022-12-05T19:08:31.137+0000] {logging_mixin.py:137} INFO - курс одного USD к RUB: 62.57964246
[2022-12-05T19:08:31.137+0000] {python.py:177} INFO - Done. Returned value was: None
[2022-12-05T19:08:31.156+0000] {taskinstance.py:1406} INFO - Marking task as SUCCESS. dag_id=dag, task_id=task_0_1, execution_date=20221205T190823, start_date=20221205T190828, end_date=20221205T190831
[2022-12-05T19:08:31.221+0000] {local_task_job.py:159} INFO - Task exited with return code 0
[2022-12-05T19:08:31.285+0000] {taskinstance.py:2623} INFO - 0 downstream tasks scheduled from follow-on schedule check
