[2022-12-07T17:20:46.414+0000] {taskinstance.py:1165} INFO - Dependencies all met for <TaskInstance: dag.task_0_1 manual__2022-12-07T17:20:43.867557+00:00 [queued]>
[2022-12-07T17:20:46.428+0000] {taskinstance.py:1165} INFO - Dependencies all met for <TaskInstance: dag.task_0_1 manual__2022-12-07T17:20:43.867557+00:00 [queued]>
[2022-12-07T17:20:46.429+0000] {taskinstance.py:1362} INFO - 
--------------------------------------------------------------------------------
[2022-12-07T17:20:46.429+0000] {taskinstance.py:1363} INFO - Starting attempt 1 of 1
[2022-12-07T17:20:46.430+0000] {taskinstance.py:1364} INFO - 
--------------------------------------------------------------------------------
[2022-12-07T17:20:46.451+0000] {taskinstance.py:1383} INFO - Executing <Task(PythonOperator): task_0_1> on 2022-12-07 17:20:43.867557+00:00
[2022-12-07T17:20:46.458+0000] {standard_task_runner.py:55} INFO - Started process 132 to run task
[2022-12-07T17:20:46.462+0000] {standard_task_runner.py:82} INFO - Running: ['***', 'tasks', 'run', 'dag', 'task_0_1', 'manual__2022-12-07T17:20:43.867557+00:00', '--job-id', '1828', '--raw', '--subdir', 'DAGS_FOLDER/dag.py', '--cfg-path', '/tmp/tmps76seam8']
[2022-12-07T17:20:46.463+0000] {standard_task_runner.py:83} INFO - Job 1828: Subtask task_0_1
[2022-12-07T17:20:46.559+0000] {task_command.py:376} INFO - Running <TaskInstance: dag.task_0_1 manual__2022-12-07T17:20:43.867557+00:00 [running]> on host a9d6893ff63e
[2022-12-07T17:20:46.663+0000] {taskinstance.py:1592} INFO - Exporting the following env vars:
AIRFLOW_CTX_DAG_OWNER=lofitravel
AIRFLOW_CTX_DAG_ID=dag
AIRFLOW_CTX_TASK_ID=task_0_1
AIRFLOW_CTX_EXECUTION_DATE=2022-12-07T17:20:43.867557+00:00
AIRFLOW_CTX_TRY_NUMBER=1
AIRFLOW_CTX_DAG_RUN_ID=manual__2022-12-07T17:20:43.867557+00:00
[2022-12-07T17:20:47.269+0000] {logging_mixin.py:137} INFO - курс одного USD к RUB: 62.89208573
[2022-12-07T17:20:47.290+0000] {python.py:177} INFO - Done. Returned value was: None
[2022-12-07T17:20:47.305+0000] {taskinstance.py:1406} INFO - Marking task as SUCCESS. dag_id=dag, task_id=task_0_1, execution_date=20221207T172043, start_date=20221207T172046, end_date=20221207T172047
[2022-12-07T17:20:47.356+0000] {local_task_job.py:159} INFO - Task exited with return code 0
[2022-12-07T17:20:47.381+0000] {taskinstance.py:2623} INFO - 0 downstream tasks scheduled from follow-on schedule check
