[2022-12-06T20:54:15.314+0000] {taskinstance.py:1165} INFO - Dependencies all met for <TaskInstance: dag.task_0_0 manual__2022-12-06T20:54:11.294107+00:00 [queued]>
[2022-12-06T20:54:15.359+0000] {taskinstance.py:1165} INFO - Dependencies all met for <TaskInstance: dag.task_0_0 manual__2022-12-06T20:54:11.294107+00:00 [queued]>
[2022-12-06T20:54:15.362+0000] {taskinstance.py:1362} INFO - 
--------------------------------------------------------------------------------
[2022-12-06T20:54:15.364+0000] {taskinstance.py:1363} INFO - Starting attempt 1 of 1
[2022-12-06T20:54:15.366+0000] {taskinstance.py:1364} INFO - 
--------------------------------------------------------------------------------
[2022-12-06T20:54:15.453+0000] {taskinstance.py:1383} INFO - Executing <Task(PythonOperator): task_0_0> on 2022-12-06 20:54:11.294107+00:00
[2022-12-06T20:54:15.472+0000] {standard_task_runner.py:55} INFO - Started process 3007 to run task
[2022-12-06T20:54:15.490+0000] {standard_task_runner.py:82} INFO - Running: ['***', 'tasks', 'run', 'dag', 'task_0_0', 'manual__2022-12-06T20:54:11.294107+00:00', '--job-id', '1107', '--raw', '--subdir', 'DAGS_FOLDER/dag.py', '--cfg-path', '/tmp/tmpqn47emco']
[2022-12-06T20:54:15.494+0000] {standard_task_runner.py:83} INFO - Job 1107: Subtask task_0_0
[2022-12-06T20:54:16.217+0000] {task_command.py:376} INFO - Running <TaskInstance: dag.task_0_0 manual__2022-12-06T20:54:11.294107+00:00 [running]> on host 74768727baca
[2022-12-06T20:54:16.781+0000] {taskinstance.py:1592} INFO - Exporting the following env vars:
AIRFLOW_CTX_DAG_OWNER=lofitravel
AIRFLOW_CTX_DAG_ID=dag
AIRFLOW_CTX_TASK_ID=task_0_0
AIRFLOW_CTX_EXECUTION_DATE=2022-12-06T20:54:11.294107+00:00
AIRFLOW_CTX_TRY_NUMBER=1
AIRFLOW_CTX_DAG_RUN_ID=manual__2022-12-06T20:54:11.294107+00:00
[2022-12-06T20:54:18.866+0000] {logging_mixin.py:137} INFO - курс одного USD к EUR: 0.95527698
[2022-12-06T20:54:18.999+0000] {python.py:177} INFO - Done. Returned value was: None
[2022-12-06T20:54:19.048+0000] {taskinstance.py:1406} INFO - Marking task as SUCCESS. dag_id=dag, task_id=task_0_0, execution_date=20221206T205411, start_date=20221206T205415, end_date=20221206T205419
[2022-12-06T20:54:19.210+0000] {local_task_job.py:159} INFO - Task exited with return code 0
[2022-12-06T20:54:19.320+0000] {taskinstance.py:2623} INFO - 0 downstream tasks scheduled from follow-on schedule check
