[2022-12-07T06:50:20.750+0000] {taskinstance.py:1165} INFO - Dependencies all met for <TaskInstance: dag.task_1_0 manual__2022-12-07T06:50:19.455019+00:00 [queued]>
[2022-12-07T06:50:20.766+0000] {taskinstance.py:1165} INFO - Dependencies all met for <TaskInstance: dag.task_1_0 manual__2022-12-07T06:50:19.455019+00:00 [queued]>
[2022-12-07T06:50:20.767+0000] {taskinstance.py:1362} INFO - 
--------------------------------------------------------------------------------
[2022-12-07T06:50:20.767+0000] {taskinstance.py:1363} INFO - Starting attempt 1 of 1
[2022-12-07T06:50:20.767+0000] {taskinstance.py:1364} INFO - 
--------------------------------------------------------------------------------
[2022-12-07T06:50:20.787+0000] {taskinstance.py:1383} INFO - Executing <Task(PythonOperator): task_1_0> on 2022-12-07 06:50:19.455019+00:00
[2022-12-07T06:50:20.793+0000] {standard_task_runner.py:55} INFO - Started process 26557 to run task
[2022-12-07T06:50:20.799+0000] {standard_task_runner.py:82} INFO - Running: ['***', 'tasks', 'run', 'dag', 'task_1_0', 'manual__2022-12-07T06:50:19.455019+00:00', '--job-id', '1370', '--raw', '--subdir', 'DAGS_FOLDER/dag.py', '--cfg-path', '/tmp/tmpqth4bmvq']
[2022-12-07T06:50:20.800+0000] {standard_task_runner.py:83} INFO - Job 1370: Subtask task_1_0
[2022-12-07T06:50:20.874+0000] {task_command.py:376} INFO - Running <TaskInstance: dag.task_1_0 manual__2022-12-07T06:50:19.455019+00:00 [running]> on host 505aa50095aa
[2022-12-07T06:50:20.974+0000] {taskinstance.py:1592} INFO - Exporting the following env vars:
AIRFLOW_CTX_DAG_OWNER=lofitravel
AIRFLOW_CTX_DAG_ID=dag
AIRFLOW_CTX_TASK_ID=task_1_0
AIRFLOW_CTX_EXECUTION_DATE=2022-12-07T06:50:19.455019+00:00
AIRFLOW_CTX_TRY_NUMBER=1
AIRFLOW_CTX_DAG_RUN_ID=manual__2022-12-07T06:50:19.455019+00:00
[2022-12-07T06:50:21.564+0000] {logging_mixin.py:137} INFO - курс одного EUR к RUB: 66.05396727
[2022-12-07T06:50:21.583+0000] {python.py:177} INFO - Done. Returned value was: None
[2022-12-07T06:50:21.594+0000] {taskinstance.py:1406} INFO - Marking task as SUCCESS. dag_id=dag, task_id=task_1_0, execution_date=20221207T065019, start_date=20221207T065020, end_date=20221207T065021
[2022-12-07T06:50:21.652+0000] {local_task_job.py:159} INFO - Task exited with return code 0
[2022-12-07T06:50:21.695+0000] {taskinstance.py:2623} INFO - 1 downstream tasks scheduled from follow-on schedule check
