[2022-12-07T20:58:55.353+0000] {taskinstance.py:1165} INFO - Dependencies all met for <TaskInstance: dag.insert_data manual__2022-12-07T20:58:42.614214+00:00 [queued]>
[2022-12-07T20:58:55.369+0000] {taskinstance.py:1165} INFO - Dependencies all met for <TaskInstance: dag.insert_data manual__2022-12-07T20:58:42.614214+00:00 [queued]>
[2022-12-07T20:58:55.370+0000] {taskinstance.py:1362} INFO - 
--------------------------------------------------------------------------------
[2022-12-07T20:58:55.370+0000] {taskinstance.py:1363} INFO - Starting attempt 1 of 1
[2022-12-07T20:58:55.371+0000] {taskinstance.py:1364} INFO - 
--------------------------------------------------------------------------------
[2022-12-07T20:58:55.391+0000] {taskinstance.py:1383} INFO - Executing <Task(PythonOperator): insert_data> on 2022-12-07 20:58:42.614214+00:00
[2022-12-07T20:58:55.397+0000] {standard_task_runner.py:55} INFO - Started process 10075 to run task
[2022-12-07T20:58:55.400+0000] {standard_task_runner.py:82} INFO - Running: ['***', 'tasks', 'run', 'dag', 'insert_data', 'manual__2022-12-07T20:58:42.614214+00:00', '--job-id', '1963', '--raw', '--subdir', 'DAGS_FOLDER/dag.py', '--cfg-path', '/tmp/tmpgem2atmx']
[2022-12-07T20:58:55.401+0000] {standard_task_runner.py:83} INFO - Job 1963: Subtask insert_data
[2022-12-07T20:58:55.482+0000] {task_command.py:376} INFO - Running <TaskInstance: dag.insert_data manual__2022-12-07T20:58:42.614214+00:00 [running]> on host a9d6893ff63e
[2022-12-07T20:58:55.572+0000] {taskinstance.py:1592} INFO - Exporting the following env vars:
AIRFLOW_CTX_DAG_OWNER=lofitravel
AIRFLOW_CTX_DAG_ID=dag
AIRFLOW_CTX_TASK_ID=insert_data
AIRFLOW_CTX_EXECUTION_DATE=2022-12-07T20:58:42.614214+00:00
AIRFLOW_CTX_TRY_NUMBER=1
AIRFLOW_CTX_DAG_RUN_ID=manual__2022-12-07T20:58:42.614214+00:00
[2022-12-07T20:58:55.593+0000] {logging_mixin.py:137} INFO - var ['82adcbbbae7a13d16e0b68fa1f50c023', '***_user', '***_ps', '***_database']
[2022-12-07T20:58:55.600+0000] {logging_mixin.py:137} INFO - var ['82adcbbbae7a13d16e0b68fa1f50c023', '***_user', '***_ps', '***_database']
[2022-12-07T20:58:55.608+0000] {logging_mixin.py:137} INFO - var ['82adcbbbae7a13d16e0b68fa1f50c023', '***_user', '***_ps', '***_database']
[2022-12-07T20:58:55.620+0000] {logging_mixin.py:137} INFO - Postgresql connection created!
[2022-12-07T20:58:55.622+0000] {logging_mixin.py:137} INFO - duplicate key value violates unique constraint "pairs_pkey"
DETAIL:  Key (date, ticker_from, ticker_to)=(2022-12-07 00:00:00, USD, EUR) already exists.
[2022-12-07T20:58:55.623+0000] {python.py:177} INFO - Done. Returned value was: None
[2022-12-07T20:58:55.640+0000] {taskinstance.py:1406} INFO - Marking task as SUCCESS. dag_id=dag, task_id=insert_data, execution_date=20221207T205842, start_date=20221207T205855, end_date=20221207T205855
[2022-12-07T20:58:55.693+0000] {local_task_job.py:159} INFO - Task exited with return code 0
[2022-12-07T20:58:55.740+0000] {taskinstance.py:2623} INFO - 1 downstream tasks scheduled from follow-on schedule check
