[2022-12-05T22:17:17.219+0000] {taskinstance.py:1165} INFO - Dependencies all met for <TaskInstance: dag.task_1_0 manual__2022-12-05T22:17:13.819222+00:00 [queued]>
[2022-12-05T22:17:17.296+0000] {taskinstance.py:1165} INFO - Dependencies all met for <TaskInstance: dag.task_1_0 manual__2022-12-05T22:17:13.819222+00:00 [queued]>
[2022-12-05T22:17:17.306+0000] {taskinstance.py:1362} INFO - 
--------------------------------------------------------------------------------
[2022-12-05T22:17:17.307+0000] {taskinstance.py:1363} INFO - Starting attempt 1 of 1
[2022-12-05T22:17:17.308+0000] {taskinstance.py:1364} INFO - 
--------------------------------------------------------------------------------
[2022-12-05T22:17:17.420+0000] {taskinstance.py:1383} INFO - Executing <Task(PythonOperator): task_1_0> on 2022-12-05 22:17:13.819222+00:00
[2022-12-05T22:17:17.437+0000] {standard_task_runner.py:55} INFO - Started process 492 to run task
[2022-12-05T22:17:17.453+0000] {standard_task_runner.py:82} INFO - Running: ['***', 'tasks', 'run', 'dag', 'task_1_0', 'manual__2022-12-05T22:17:13.819222+00:00', '--job-id', '1002', '--raw', '--subdir', 'DAGS_FOLDER/dag.py', '--cfg-path', '/tmp/tmpt2a1tvnz']
[2022-12-05T22:17:17.459+0000] {standard_task_runner.py:83} INFO - Job 1002: Subtask task_1_0
[2022-12-05T22:17:18.220+0000] {task_command.py:376} INFO - Running <TaskInstance: dag.task_1_0 manual__2022-12-05T22:17:13.819222+00:00 [running]> on host ac7ba1737e5d
[2022-12-05T22:17:18.766+0000] {taskinstance.py:1592} INFO - Exporting the following env vars:
AIRFLOW_CTX_DAG_OWNER=lofitravel
AIRFLOW_CTX_DAG_ID=dag
AIRFLOW_CTX_TASK_ID=task_1_0
AIRFLOW_CTX_EXECUTION_DATE=2022-12-05T22:17:13.819222+00:00
AIRFLOW_CTX_TRY_NUMBER=1
AIRFLOW_CTX_DAG_RUN_ID=manual__2022-12-05T22:17:13.819222+00:00
[2022-12-05T22:17:19.479+0000] {logging_mixin.py:137} INFO - курс одного EUR к RUB: 65.66863151
[2022-12-05T22:17:19.482+0000] {python.py:177} INFO - Done. Returned value was: None
[2022-12-05T22:17:19.524+0000] {taskinstance.py:1406} INFO - Marking task as SUCCESS. dag_id=dag, task_id=task_1_0, execution_date=20221205T221713, start_date=20221205T221717, end_date=20221205T221719
[2022-12-05T22:17:19.630+0000] {local_task_job.py:159} INFO - Task exited with return code 0
[2022-12-05T22:17:19.688+0000] {taskinstance.py:2623} INFO - 0 downstream tasks scheduled from follow-on schedule check
