[2022-12-04T13:19:09.363+0000] {taskinstance.py:1165} INFO - Dependencies all met for <TaskInstance: dag.task_1 scheduled__2022-12-04T13:18:00+00:00 [queued]>
[2022-12-04T13:19:09.384+0000] {taskinstance.py:1165} INFO - Dependencies all met for <TaskInstance: dag.task_1 scheduled__2022-12-04T13:18:00+00:00 [queued]>
[2022-12-04T13:19:09.384+0000] {taskinstance.py:1362} INFO - 
--------------------------------------------------------------------------------
[2022-12-04T13:19:09.385+0000] {taskinstance.py:1363} INFO - Starting attempt 1 of 1
[2022-12-04T13:19:09.386+0000] {taskinstance.py:1364} INFO - 
--------------------------------------------------------------------------------
[2022-12-04T13:19:09.420+0000] {taskinstance.py:1383} INFO - Executing <Task(BashOperator): task_1> on 2022-12-04 13:18:00+00:00
[2022-12-04T13:19:09.428+0000] {standard_task_runner.py:55} INFO - Started process 867 to run task
[2022-12-04T13:19:09.432+0000] {standard_task_runner.py:82} INFO - Running: ['***', 'tasks', 'run', 'dag', 'task_1', 'scheduled__2022-12-04T13:18:00+00:00', '--job-id', '26', '--raw', '--subdir', 'DAGS_FOLDER/dag.py', '--cfg-path', '/tmp/tmp4eza58ro']
[2022-12-04T13:19:09.434+0000] {standard_task_runner.py:83} INFO - Job 26: Subtask task_1
[2022-12-04T13:19:09.566+0000] {task_command.py:376} INFO - Running <TaskInstance: dag.task_1 scheduled__2022-12-04T13:18:00+00:00 [running]> on host 37018d05bc9d
[2022-12-04T13:19:09.697+0000] {taskinstance.py:1592} INFO - Exporting the following env vars:
AIRFLOW_CTX_DAG_OWNER=lofitravel
AIRFLOW_CTX_DAG_ID=dag
AIRFLOW_CTX_TASK_ID=task_1
AIRFLOW_CTX_EXECUTION_DATE=2022-12-04T13:18:00+00:00
AIRFLOW_CTX_TRY_NUMBER=1
AIRFLOW_CTX_DAG_RUN_ID=scheduled__2022-12-04T13:18:00+00:00
[2022-12-04T13:19:09.704+0000] {subprocess.py:63} INFO - Tmp dir root location: 
 /tmp
[2022-12-04T13:19:09.706+0000] {subprocess.py:75} INFO - Running command: ['/bin/bash', '-c', 'echo "Hello World from Task 1"']
[2022-12-04T13:19:09.748+0000] {subprocess.py:86} INFO - Output:
[2022-12-04T13:19:09.749+0000] {subprocess.py:93} INFO - Hello World from Task 1
[2022-12-04T13:19:09.751+0000] {subprocess.py:97} INFO - Command exited with return code 0
[2022-12-04T13:19:09.864+0000] {taskinstance.py:1406} INFO - Marking task as SUCCESS. dag_id=dag, task_id=task_1, execution_date=20221204T131800, start_date=20221204T131909, end_date=20221204T131909
[2022-12-04T13:19:09.932+0000] {local_task_job.py:159} INFO - Task exited with return code 0
[2022-12-04T13:19:10.021+0000] {taskinstance.py:2623} INFO - 2 downstream tasks scheduled from follow-on schedule check
