[2022-12-04T16:03:00.725+0000] {taskinstance.py:1165} INFO - Dependencies all met for <TaskInstance: dag.task_1 scheduled__2022-12-04T16:02:00+00:00 [queued]>
[2022-12-04T16:03:00.737+0000] {taskinstance.py:1165} INFO - Dependencies all met for <TaskInstance: dag.task_1 scheduled__2022-12-04T16:02:00+00:00 [queued]>
[2022-12-04T16:03:00.737+0000] {taskinstance.py:1362} INFO - 
--------------------------------------------------------------------------------
[2022-12-04T16:03:00.738+0000] {taskinstance.py:1363} INFO - Starting attempt 1 of 1
[2022-12-04T16:03:00.738+0000] {taskinstance.py:1364} INFO - 
--------------------------------------------------------------------------------
[2022-12-04T16:03:00.754+0000] {taskinstance.py:1383} INFO - Executing <Task(BashOperator): task_1> on 2022-12-04 16:02:00+00:00
[2022-12-04T16:03:00.759+0000] {standard_task_runner.py:55} INFO - Started process 10469 to run task
[2022-12-04T16:03:00.762+0000] {standard_task_runner.py:82} INFO - Running: ['***', 'tasks', 'run', 'dag', 'task_1', 'scheduled__2022-12-04T16:02:00+00:00', '--job-id', '687', '--raw', '--subdir', 'DAGS_FOLDER/dag.py', '--cfg-path', '/tmp/tmpx9al4389']
[2022-12-04T16:03:00.763+0000] {standard_task_runner.py:83} INFO - Job 687: Subtask task_1
[2022-12-04T16:03:00.834+0000] {task_command.py:376} INFO - Running <TaskInstance: dag.task_1 scheduled__2022-12-04T16:02:00+00:00 [running]> on host 37018d05bc9d
[2022-12-04T16:03:00.911+0000] {taskinstance.py:1592} INFO - Exporting the following env vars:
AIRFLOW_CTX_DAG_OWNER=lofitravel
AIRFLOW_CTX_DAG_ID=dag
AIRFLOW_CTX_TASK_ID=task_1
AIRFLOW_CTX_EXECUTION_DATE=2022-12-04T16:02:00+00:00
AIRFLOW_CTX_TRY_NUMBER=1
AIRFLOW_CTX_DAG_RUN_ID=scheduled__2022-12-04T16:02:00+00:00
[2022-12-04T16:03:00.913+0000] {subprocess.py:63} INFO - Tmp dir root location: 
 /tmp
[2022-12-04T16:03:00.914+0000] {subprocess.py:75} INFO - Running command: ['/bin/bash', '-c', 'echo "Hello World from Task 1"']
[2022-12-04T16:03:00.922+0000] {subprocess.py:86} INFO - Output:
[2022-12-04T16:03:00.924+0000] {subprocess.py:93} INFO - Hello World from Task 1
[2022-12-04T16:03:00.925+0000] {subprocess.py:97} INFO - Command exited with return code 0
[2022-12-04T16:03:00.950+0000] {taskinstance.py:1406} INFO - Marking task as SUCCESS. dag_id=dag, task_id=task_1, execution_date=20221204T160200, start_date=20221204T160300, end_date=20221204T160300
[2022-12-04T16:03:00.974+0000] {local_task_job.py:159} INFO - Task exited with return code 0
[2022-12-04T16:03:01.005+0000] {taskinstance.py:2623} INFO - 2 downstream tasks scheduled from follow-on schedule check
