[2022-12-07T21:20:49.632+0000] {taskinstance.py:1165} INFO - Dependencies all met for <TaskInstance: dag.create_prediction_table manual__2022-12-07T21:20:26.754158+00:00 [queued]>
[2022-12-07T21:20:49.651+0000] {taskinstance.py:1165} INFO - Dependencies all met for <TaskInstance: dag.create_prediction_table manual__2022-12-07T21:20:26.754158+00:00 [queued]>
[2022-12-07T21:20:49.651+0000] {taskinstance.py:1362} INFO - 
--------------------------------------------------------------------------------
[2022-12-07T21:20:49.652+0000] {taskinstance.py:1363} INFO - Starting attempt 1 of 1
[2022-12-07T21:20:49.652+0000] {taskinstance.py:1364} INFO - 
--------------------------------------------------------------------------------
[2022-12-07T21:20:49.677+0000] {taskinstance.py:1383} INFO - Executing <Task(PostgresOperator): create_prediction_table> on 2022-12-07 21:20:26.754158+00:00
[2022-12-07T21:20:49.684+0000] {standard_task_runner.py:55} INFO - Started process 11057 to run task
[2022-12-07T21:20:49.689+0000] {standard_task_runner.py:82} INFO - Running: ['***', 'tasks', 'run', 'dag', 'create_prediction_table', 'manual__2022-12-07T21:20:26.754158+00:00', '--job-id', '2006', '--raw', '--subdir', 'DAGS_FOLDER/dag.py', '--cfg-path', '/tmp/tmpkz7v3p4h']
[2022-12-07T21:20:49.690+0000] {standard_task_runner.py:83} INFO - Job 2006: Subtask create_prediction_table
[2022-12-07T21:20:49.833+0000] {task_command.py:376} INFO - Running <TaskInstance: dag.create_prediction_table manual__2022-12-07T21:20:26.754158+00:00 [running]> on host a9d6893ff63e
[2022-12-07T21:20:50.028+0000] {taskinstance.py:1592} INFO - Exporting the following env vars:
AIRFLOW_CTX_DAG_OWNER=lofitravel
AIRFLOW_CTX_DAG_ID=dag
AIRFLOW_CTX_TASK_ID=create_prediction_table
AIRFLOW_CTX_EXECUTION_DATE=2022-12-07T21:20:26.754158+00:00
AIRFLOW_CTX_TRY_NUMBER=1
AIRFLOW_CTX_DAG_RUN_ID=manual__2022-12-07T21:20:26.754158+00:00
[2022-12-07T21:20:50.046+0000] {base.py:71} INFO - Using connection ID 'postgres_localhost' for task execution.
[2022-12-07T21:20:50.061+0000] {sql.py:315} INFO - Running statement: 
        CREATE TABLE IF NOT EXISTS prediction_table(
            date TIMESTAMP NOT NULL,
            ticker_from VARCHAR(3) NOT NULL,
            ticker_to VARCHAR(3) NOT NULL,
            amount FLOAT NOT NULL,
        PRIMARY KEY (date, ticker_from, ticker_to));
        , parameters: None
[2022-12-07T21:20:50.063+0000] {postgres.py:96} INFO - NOTICE:  relation "prediction_table" already exists, skipping

[2022-12-07T21:20:50.078+0000] {taskinstance.py:1406} INFO - Marking task as SUCCESS. dag_id=dag, task_id=create_prediction_table, execution_date=20221207T212026, start_date=20221207T212049, end_date=20221207T212050
[2022-12-07T21:20:50.143+0000] {local_task_job.py:159} INFO - Task exited with return code 0
[2022-12-07T21:20:50.195+0000] {taskinstance.py:2623} INFO - 0 downstream tasks scheduled from follow-on schedule check
