[2022-12-06T21:57:50.136+0000] {taskinstance.py:1165} INFO - Dependencies all met for <TaskInstance: dag.task_0_0 manual__2022-12-06T21:57:48.253327+00:00 [queued]>
[2022-12-06T21:57:50.162+0000] {taskinstance.py:1165} INFO - Dependencies all met for <TaskInstance: dag.task_0_0 manual__2022-12-06T21:57:48.253327+00:00 [queued]>
[2022-12-06T21:57:50.163+0000] {taskinstance.py:1362} INFO - 
--------------------------------------------------------------------------------
[2022-12-06T21:57:50.164+0000] {taskinstance.py:1363} INFO - Starting attempt 1 of 1
[2022-12-06T21:57:50.165+0000] {taskinstance.py:1364} INFO - 
--------------------------------------------------------------------------------
[2022-12-06T21:57:50.204+0000] {taskinstance.py:1383} INFO - Executing <Task(PythonOperator): task_0_0> on 2022-12-06 21:57:48.253327+00:00
[2022-12-06T21:57:50.211+0000] {standard_task_runner.py:55} INFO - Started process 1343 to run task
[2022-12-06T21:57:50.219+0000] {standard_task_runner.py:82} INFO - Running: ['***', 'tasks', 'run', 'dag', 'task_0_0', 'manual__2022-12-06T21:57:48.253327+00:00', '--job-id', '1146', '--raw', '--subdir', 'DAGS_FOLDER/dag.py', '--cfg-path', '/tmp/tmpyj6h1bb0']
[2022-12-06T21:57:50.220+0000] {standard_task_runner.py:83} INFO - Job 1146: Subtask task_0_0
[2022-12-06T21:57:50.372+0000] {task_command.py:376} INFO - Running <TaskInstance: dag.task_0_0 manual__2022-12-06T21:57:48.253327+00:00 [running]> on host 505aa50095aa
[2022-12-06T21:57:50.542+0000] {taskinstance.py:1592} INFO - Exporting the following env vars:
AIRFLOW_CTX_DAG_OWNER=lofitravel
AIRFLOW_CTX_DAG_ID=dag
AIRFLOW_CTX_TASK_ID=task_0_0
AIRFLOW_CTX_EXECUTION_DATE=2022-12-06T21:57:48.253327+00:00
AIRFLOW_CTX_TRY_NUMBER=1
AIRFLOW_CTX_DAG_RUN_ID=manual__2022-12-06T21:57:48.253327+00:00
[2022-12-06T21:57:51.701+0000] {logging_mixin.py:137} INFO - курс одного USD к EUR: 0.95540661
[2022-12-06T21:57:51.733+0000] {python.py:177} INFO - Done. Returned value was: None
[2022-12-06T21:57:51.752+0000] {taskinstance.py:1406} INFO - Marking task as SUCCESS. dag_id=dag, task_id=task_0_0, execution_date=20221206T215748, start_date=20221206T215750, end_date=20221206T215751
[2022-12-06T21:57:51.801+0000] {local_task_job.py:159} INFO - Task exited with return code 0
[2022-12-06T21:57:51.830+0000] {taskinstance.py:2623} INFO - 0 downstream tasks scheduled from follow-on schedule check
