[2022-12-07T13:29:19.991+0000] {taskinstance.py:1165} INFO - Dependencies all met for <TaskInstance: dag.encryption manual__2022-12-07T13:29:18.182798+00:00 [queued]>
[2022-12-07T13:29:20.006+0000] {taskinstance.py:1165} INFO - Dependencies all met for <TaskInstance: dag.encryption manual__2022-12-07T13:29:18.182798+00:00 [queued]>
[2022-12-07T13:29:20.007+0000] {taskinstance.py:1362} INFO - 
--------------------------------------------------------------------------------
[2022-12-07T13:29:20.007+0000] {taskinstance.py:1363} INFO - Starting attempt 1 of 1
[2022-12-07T13:29:20.008+0000] {taskinstance.py:1364} INFO - 
--------------------------------------------------------------------------------
[2022-12-07T13:29:20.031+0000] {taskinstance.py:1383} INFO - Executing <Task(PythonOperator): encryption> on 2022-12-07 13:29:18.182798+00:00
[2022-12-07T13:29:20.037+0000] {standard_task_runner.py:55} INFO - Started process 2277 to run task
[2022-12-07T13:29:20.044+0000] {standard_task_runner.py:82} INFO - Running: ['***', 'tasks', 'run', 'dag', 'encryption', 'manual__2022-12-07T13:29:18.182798+00:00', '--job-id', '1777', '--raw', '--subdir', 'DAGS_FOLDER/dag.py', '--cfg-path', '/tmp/tmpzlrcw33g']
[2022-12-07T13:29:20.045+0000] {standard_task_runner.py:83} INFO - Job 1777: Subtask encryption
[2022-12-07T13:29:20.142+0000] {task_command.py:376} INFO - Running <TaskInstance: dag.encryption manual__2022-12-07T13:29:18.182798+00:00 [running]> on host 6c11163b5e64
[2022-12-07T13:29:20.240+0000] {taskinstance.py:1592} INFO - Exporting the following env vars:
AIRFLOW_CTX_DAG_OWNER=lofitravel
AIRFLOW_CTX_DAG_ID=dag
AIRFLOW_CTX_TASK_ID=encryption
AIRFLOW_CTX_EXECUTION_DATE=2022-12-07T13:29:18.182798+00:00
AIRFLOW_CTX_TRY_NUMBER=1
AIRFLOW_CTX_DAG_RUN_ID=manual__2022-12-07T13:29:18.182798+00:00
[2022-12-07T13:29:20.252+0000] {logging_mixin.py:137} INFO - var ['82adcbbbae7a13d16e0b68fa1f50c023', '***_user', '***_ps', '***_database']
[2022-12-07T13:29:20.253+0000] {python.py:177} INFO - Done. Returned value was: ['82adcbbbae7a13d16e0b68fa1f50c023', '***_user', '***_ps', '***_database']
[2022-12-07T13:29:20.293+0000] {taskinstance.py:1406} INFO - Marking task as SUCCESS. dag_id=dag, task_id=encryption, execution_date=20221207T132918, start_date=20221207T132919, end_date=20221207T132920
[2022-12-07T13:29:20.335+0000] {local_task_job.py:159} INFO - Task exited with return code 0
[2022-12-07T13:29:20.381+0000] {taskinstance.py:2623} INFO - 1 downstream tasks scheduled from follow-on schedule check
