[2022-12-04T17:53:23.536+0000] {taskinstance.py:1165} INFO - Dependencies all met for <TaskInstance: dag.task_1_0 manual__2022-12-04T17:53:19.128795+00:00 [queued]>
[2022-12-04T17:53:23.609+0000] {taskinstance.py:1165} INFO - Dependencies all met for <TaskInstance: dag.task_1_0 manual__2022-12-04T17:53:19.128795+00:00 [queued]>
[2022-12-04T17:53:23.616+0000] {taskinstance.py:1362} INFO - 
--------------------------------------------------------------------------------
[2022-12-04T17:53:23.623+0000] {taskinstance.py:1363} INFO - Starting attempt 1 of 1
[2022-12-04T17:53:23.663+0000] {taskinstance.py:1364} INFO - 
--------------------------------------------------------------------------------
[2022-12-04T17:53:23.757+0000] {taskinstance.py:1383} INFO - Executing <Task(PythonOperator): task_1_0> on 2022-12-04 17:53:19.128795+00:00
[2022-12-04T17:53:23.785+0000] {standard_task_runner.py:55} INFO - Started process 15934 to run task
[2022-12-04T17:53:23.797+0000] {standard_task_runner.py:82} INFO - Running: ['***', 'tasks', 'run', 'dag', 'task_1_0', 'manual__2022-12-04T17:53:19.128795+00:00', '--job-id', '888', '--raw', '--subdir', 'DAGS_FOLDER/dag.py', '--cfg-path', '/tmp/tmp_17ickix']
[2022-12-04T17:53:23.801+0000] {standard_task_runner.py:83} INFO - Job 888: Subtask task_1_0
[2022-12-04T17:53:24.557+0000] {task_command.py:376} INFO - Running <TaskInstance: dag.task_1_0 manual__2022-12-04T17:53:19.128795+00:00 [running]> on host 37018d05bc9d
[2022-12-04T17:53:25.404+0000] {taskinstance.py:1592} INFO - Exporting the following env vars:
AIRFLOW_CTX_DAG_OWNER=lofitravel
AIRFLOW_CTX_DAG_ID=dag
AIRFLOW_CTX_TASK_ID=task_1_0
AIRFLOW_CTX_EXECUTION_DATE=2022-12-04T17:53:19.128795+00:00
AIRFLOW_CTX_TRY_NUMBER=1
AIRFLOW_CTX_DAG_RUN_ID=manual__2022-12-04T17:53:19.128795+00:00
[2022-12-04T17:53:26.532+0000] {logging_mixin.py:137} INFO - курс одного EUR к RUB: 65.86960632
[2022-12-04T17:53:26.533+0000] {python.py:177} INFO - Done. Returned value was: None
[2022-12-04T17:53:26.568+0000] {taskinstance.py:1406} INFO - Marking task as SUCCESS. dag_id=dag, task_id=task_1_0, execution_date=20221204T175319, start_date=20221204T175323, end_date=20221204T175326
[2022-12-04T17:53:26.628+0000] {local_task_job.py:159} INFO - Task exited with return code 0
[2022-12-04T17:53:26.726+0000] {taskinstance.py:2623} INFO - 0 downstream tasks scheduled from follow-on schedule check
