[2022-12-07T19:49:38.003+0000] {taskinstance.py:1165} INFO - Dependencies all met for <TaskInstance: dag.create_prediction_table manual__2022-12-07T19:49:07.708876+00:00 [queued]>
[2022-12-07T19:49:38.038+0000] {taskinstance.py:1165} INFO - Dependencies all met for <TaskInstance: dag.create_prediction_table manual__2022-12-07T19:49:07.708876+00:00 [queued]>
[2022-12-07T19:49:38.038+0000] {taskinstance.py:1362} INFO - 
--------------------------------------------------------------------------------
[2022-12-07T19:49:38.039+0000] {taskinstance.py:1363} INFO - Starting attempt 1 of 1
[2022-12-07T19:49:38.040+0000] {taskinstance.py:1364} INFO - 
--------------------------------------------------------------------------------
[2022-12-07T19:49:38.092+0000] {taskinstance.py:1383} INFO - Executing <Task(PostgresOperator): create_prediction_table> on 2022-12-07 19:49:07.708876+00:00
[2022-12-07T19:49:38.100+0000] {standard_task_runner.py:55} INFO - Started process 7003 to run task
[2022-12-07T19:49:38.107+0000] {standard_task_runner.py:82} INFO - Running: ['***', 'tasks', 'run', 'dag', 'create_prediction_table', 'manual__2022-12-07T19:49:07.708876+00:00', '--job-id', '1937', '--raw', '--subdir', 'DAGS_FOLDER/dag.py', '--cfg-path', '/tmp/tmpjgc_51aw']
[2022-12-07T19:49:38.116+0000] {standard_task_runner.py:83} INFO - Job 1937: Subtask create_prediction_table
[2022-12-07T19:49:38.446+0000] {task_command.py:376} INFO - Running <TaskInstance: dag.create_prediction_table manual__2022-12-07T19:49:07.708876+00:00 [running]> on host a9d6893ff63e
[2022-12-07T19:49:38.975+0000] {taskinstance.py:1592} INFO - Exporting the following env vars:
AIRFLOW_CTX_DAG_OWNER=lofitravel
AIRFLOW_CTX_DAG_ID=dag
AIRFLOW_CTX_TASK_ID=create_prediction_table
AIRFLOW_CTX_EXECUTION_DATE=2022-12-07T19:49:07.708876+00:00
AIRFLOW_CTX_TRY_NUMBER=1
AIRFLOW_CTX_DAG_RUN_ID=manual__2022-12-07T19:49:07.708876+00:00
[2022-12-07T19:49:39.037+0000] {base.py:71} INFO - Using connection ID 'postgres_localhost' for task execution.
[2022-12-07T19:49:39.093+0000] {sql.py:315} INFO - Running statement: 
        CREATE TABLE IF NOT EXISTS prediction_table(
            date TIMESTAMP NOT NULL,
            ticker_from VARCHAR(3) NOT NULL,
            ticker_to VARCHAR(3) NOT NULL,
            amount FLOAT NOT NULL,
        PRIMARY KEY (date, ticker_from, ticker_to));
        , parameters: None
[2022-12-07T19:49:39.173+0000] {taskinstance.py:1406} INFO - Marking task as SUCCESS. dag_id=dag, task_id=create_prediction_table, execution_date=20221207T194907, start_date=20221207T194938, end_date=20221207T194939
[2022-12-07T19:49:39.244+0000] {local_task_job.py:159} INFO - Task exited with return code 0
[2022-12-07T19:49:39.322+0000] {taskinstance.py:2623} INFO - 0 downstream tasks scheduled from follow-on schedule check
