[2022-12-07T14:48:28.166+0000] {taskinstance.py:1165} INFO - Dependencies all met for <TaskInstance: dag.materialized_view manual__2022-12-07T14:48:09.054107+00:00 [queued]>
[2022-12-07T14:48:28.195+0000] {taskinstance.py:1165} INFO - Dependencies all met for <TaskInstance: dag.materialized_view manual__2022-12-07T14:48:09.054107+00:00 [queued]>
[2022-12-07T14:48:28.199+0000] {taskinstance.py:1362} INFO - 
--------------------------------------------------------------------------------
[2022-12-07T14:48:28.201+0000] {taskinstance.py:1363} INFO - Starting attempt 1 of 1
[2022-12-07T14:48:28.202+0000] {taskinstance.py:1364} INFO - 
--------------------------------------------------------------------------------
[2022-12-07T14:48:28.239+0000] {taskinstance.py:1383} INFO - Executing <Task(PythonOperator): materialized_view> on 2022-12-07 14:48:09.054107+00:00
[2022-12-07T14:48:28.321+0000] {standard_task_runner.py:55} INFO - Started process 134 to run task
[2022-12-07T14:48:28.328+0000] {standard_task_runner.py:82} INFO - Running: ['***', 'tasks', 'run', 'dag', 'materialized_view', 'manual__2022-12-07T14:48:09.054107+00:00', '--job-id', '1790', '--raw', '--subdir', 'DAGS_FOLDER/dag.py', '--cfg-path', '/tmp/tmp2pomw836']
[2022-12-07T14:48:28.338+0000] {standard_task_runner.py:83} INFO - Job 1790: Subtask materialized_view
[2022-12-07T14:48:28.513+0000] {task_command.py:376} INFO - Running <TaskInstance: dag.materialized_view manual__2022-12-07T14:48:09.054107+00:00 [running]> on host 20d9dd97c6ff
[2022-12-07T14:48:28.646+0000] {taskinstance.py:1592} INFO - Exporting the following env vars:
AIRFLOW_CTX_DAG_OWNER=lofitravel
AIRFLOW_CTX_DAG_ID=dag
AIRFLOW_CTX_TASK_ID=materialized_view
AIRFLOW_CTX_EXECUTION_DATE=2022-12-07T14:48:09.054107+00:00
AIRFLOW_CTX_TRY_NUMBER=1
AIRFLOW_CTX_DAG_RUN_ID=manual__2022-12-07T14:48:09.054107+00:00
[2022-12-07T14:48:28.658+0000] {logging_mixin.py:137} INFO - var ['82adcbbbae7a13d16e0b68fa1f50c023', '***_user', '***_ps', '***_database']
[2022-12-07T14:48:28.668+0000] {logging_mixin.py:137} INFO - var ['82adcbbbae7a13d16e0b68fa1f50c023', '***_user', '***_ps', '***_database']
[2022-12-07T14:48:28.678+0000] {logging_mixin.py:137} INFO - var ['82adcbbbae7a13d16e0b68fa1f50c023', '***_user', '***_ps', '***_database']
[2022-12-07T14:48:28.691+0000] {logging_mixin.py:137} INFO - Postgresql connection created!
[2022-12-07T14:48:28.691+0000] {logging_mixin.py:137} INFO - name 'values_to_insert' is not defined
[2022-12-07T14:48:28.692+0000] {python.py:177} INFO - Done. Returned value was: None
[2022-12-07T14:48:28.712+0000] {taskinstance.py:1406} INFO - Marking task as SUCCESS. dag_id=dag, task_id=materialized_view, execution_date=20221207T144809, start_date=20221207T144828, end_date=20221207T144828
[2022-12-07T14:48:28.753+0000] {local_task_job.py:159} INFO - Task exited with return code 0
[2022-12-07T14:48:28.795+0000] {taskinstance.py:2623} INFO - 1 downstream tasks scheduled from follow-on schedule check
