[2022-12-04T15:31:03.821+0000] {taskinstance.py:1165} INFO - Dependencies all met for <TaskInstance: dag.task_4 scheduled__2022-12-04T15:30:00+00:00 [queued]>
[2022-12-04T15:31:03.834+0000] {taskinstance.py:1165} INFO - Dependencies all met for <TaskInstance: dag.task_4 scheduled__2022-12-04T15:30:00+00:00 [queued]>
[2022-12-04T15:31:03.834+0000] {taskinstance.py:1362} INFO - 
--------------------------------------------------------------------------------
[2022-12-04T15:31:03.835+0000] {taskinstance.py:1363} INFO - Starting attempt 1 of 1
[2022-12-04T15:31:03.835+0000] {taskinstance.py:1364} INFO - 
--------------------------------------------------------------------------------
[2022-12-04T15:31:03.851+0000] {taskinstance.py:1383} INFO - Executing <Task(BashOperator): task_4> on 2022-12-04 15:30:00+00:00
[2022-12-04T15:31:03.855+0000] {standard_task_runner.py:55} INFO - Started process 8611 to run task
[2022-12-04T15:31:03.859+0000] {standard_task_runner.py:82} INFO - Running: ['***', 'tasks', 'run', 'dag', 'task_4', 'scheduled__2022-12-04T15:30:00+00:00', '--job-id', '562', '--raw', '--subdir', 'DAGS_FOLDER/dag.py', '--cfg-path', '/tmp/tmpl73gyhmf']
[2022-12-04T15:31:03.860+0000] {standard_task_runner.py:83} INFO - Job 562: Subtask task_4
[2022-12-04T15:31:03.934+0000] {task_command.py:376} INFO - Running <TaskInstance: dag.task_4 scheduled__2022-12-04T15:30:00+00:00 [running]> on host 37018d05bc9d
[2022-12-04T15:31:04.124+0000] {taskinstance.py:1592} INFO - Exporting the following env vars:
AIRFLOW_CTX_DAG_OWNER=lofitravel
AIRFLOW_CTX_DAG_ID=dag
AIRFLOW_CTX_TASK_ID=task_4
AIRFLOW_CTX_EXECUTION_DATE=2022-12-04T15:30:00+00:00
AIRFLOW_CTX_TRY_NUMBER=1
AIRFLOW_CTX_DAG_RUN_ID=scheduled__2022-12-04T15:30:00+00:00
[2022-12-04T15:31:04.126+0000] {subprocess.py:63} INFO - Tmp dir root location: 
 /tmp
[2022-12-04T15:31:04.127+0000] {subprocess.py:75} INFO - Running command: ['/bin/bash', '-c', 'echo "Hello World from Task 4"']
[2022-12-04T15:31:04.139+0000] {subprocess.py:86} INFO - Output:
[2022-12-04T15:31:04.140+0000] {subprocess.py:93} INFO - Hello World from Task 4
[2022-12-04T15:31:04.141+0000] {subprocess.py:97} INFO - Command exited with return code 0
[2022-12-04T15:31:04.174+0000] {taskinstance.py:1406} INFO - Marking task as SUCCESS. dag_id=dag, task_id=task_4, execution_date=20221204T153000, start_date=20221204T153103, end_date=20221204T153104
[2022-12-04T15:31:04.232+0000] {local_task_job.py:159} INFO - Task exited with return code 0
[2022-12-04T15:31:04.252+0000] {taskinstance.py:2623} INFO - 0 downstream tasks scheduled from follow-on schedule check
