[2022-12-07T21:08:43.244+0000] {taskinstance.py:1165} INFO - Dependencies all met for <TaskInstance: dag.materialized_view manual__2022-12-07T21:08:29.175373+00:00 [queued]>
[2022-12-07T21:08:43.275+0000] {taskinstance.py:1165} INFO - Dependencies all met for <TaskInstance: dag.materialized_view manual__2022-12-07T21:08:29.175373+00:00 [queued]>
[2022-12-07T21:08:43.276+0000] {taskinstance.py:1362} INFO - 
--------------------------------------------------------------------------------
[2022-12-07T21:08:43.277+0000] {taskinstance.py:1363} INFO - Starting attempt 1 of 1
[2022-12-07T21:08:43.277+0000] {taskinstance.py:1364} INFO - 
--------------------------------------------------------------------------------
[2022-12-07T21:08:43.308+0000] {taskinstance.py:1383} INFO - Executing <Task(PythonOperator): materialized_view> on 2022-12-07 21:08:29.175373+00:00
[2022-12-07T21:08:43.314+0000] {standard_task_runner.py:55} INFO - Started process 10532 to run task
[2022-12-07T21:08:43.321+0000] {standard_task_runner.py:82} INFO - Running: ['***', 'tasks', 'run', 'dag', 'materialized_view', 'manual__2022-12-07T21:08:29.175373+00:00', '--job-id', '1974', '--raw', '--subdir', 'DAGS_FOLDER/dag.py', '--cfg-path', '/tmp/tmpswcv5jc8']
[2022-12-07T21:08:43.322+0000] {standard_task_runner.py:83} INFO - Job 1974: Subtask materialized_view
[2022-12-07T21:08:43.458+0000] {task_command.py:376} INFO - Running <TaskInstance: dag.materialized_view manual__2022-12-07T21:08:29.175373+00:00 [running]> on host a9d6893ff63e
[2022-12-07T21:08:43.626+0000] {taskinstance.py:1592} INFO - Exporting the following env vars:
AIRFLOW_CTX_DAG_OWNER=lofitravel
AIRFLOW_CTX_DAG_ID=dag
AIRFLOW_CTX_TASK_ID=materialized_view
AIRFLOW_CTX_EXECUTION_DATE=2022-12-07T21:08:29.175373+00:00
AIRFLOW_CTX_TRY_NUMBER=1
AIRFLOW_CTX_DAG_RUN_ID=manual__2022-12-07T21:08:29.175373+00:00
[2022-12-07T21:08:43.640+0000] {logging_mixin.py:137} INFO - var ['82adcbbbae7a13d16e0b68fa1f50c023', '***_user', '***_ps', '***_database']
[2022-12-07T21:08:43.657+0000] {logging_mixin.py:137} INFO - var ['82adcbbbae7a13d16e0b68fa1f50c023', '***_user', '***_ps', '***_database']
[2022-12-07T21:08:43.676+0000] {logging_mixin.py:137} INFO - var ['82adcbbbae7a13d16e0b68fa1f50c023', '***_user', '***_ps', '***_database']
[2022-12-07T21:08:43.704+0000] {logging_mixin.py:137} INFO - Postgresql connection created!
[2022-12-07T21:08:43.706+0000] {logging_mixin.py:137} INFO - Data successfully inserted!
[2022-12-07T21:08:43.707+0000] {python.py:177} INFO - Done. Returned value was: None
[2022-12-07T21:08:43.725+0000] {taskinstance.py:1406} INFO - Marking task as SUCCESS. dag_id=dag, task_id=materialized_view, execution_date=20221207T210829, start_date=20221207T210843, end_date=20221207T210843
[2022-12-07T21:08:43.773+0000] {local_task_job.py:159} INFO - Task exited with return code 0
[2022-12-07T21:08:43.825+0000] {taskinstance.py:2623} INFO - 1 downstream tasks scheduled from follow-on schedule check
