[2022-12-04T14:30:02.176+0000] {taskinstance.py:1165} INFO - Dependencies all met for <TaskInstance: dag.task_3 scheduled__2022-12-04T14:29:00+00:00 [queued]>
[2022-12-04T14:30:02.196+0000] {taskinstance.py:1165} INFO - Dependencies all met for <TaskInstance: dag.task_3 scheduled__2022-12-04T14:29:00+00:00 [queued]>
[2022-12-04T14:30:02.196+0000] {taskinstance.py:1362} INFO - 
--------------------------------------------------------------------------------
[2022-12-04T14:30:02.197+0000] {taskinstance.py:1363} INFO - Starting attempt 1 of 1
[2022-12-04T14:30:02.197+0000] {taskinstance.py:1364} INFO - 
--------------------------------------------------------------------------------
[2022-12-04T14:30:02.227+0000] {taskinstance.py:1383} INFO - Executing <Task(BashOperator): task_3> on 2022-12-04 14:29:00+00:00
[2022-12-04T14:30:02.233+0000] {standard_task_runner.py:55} INFO - Started process 5030 to run task
[2022-12-04T14:30:02.238+0000] {standard_task_runner.py:82} INFO - Running: ['***', 'tasks', 'run', 'dag', 'task_3', 'scheduled__2022-12-04T14:29:00+00:00', '--job-id', '316', '--raw', '--subdir', 'DAGS_FOLDER/dag.py', '--cfg-path', '/tmp/tmpzjus8lxl']
[2022-12-04T14:30:02.239+0000] {standard_task_runner.py:83} INFO - Job 316: Subtask task_3
[2022-12-04T14:30:02.323+0000] {task_command.py:376} INFO - Running <TaskInstance: dag.task_3 scheduled__2022-12-04T14:29:00+00:00 [running]> on host 37018d05bc9d
[2022-12-04T14:30:02.411+0000] {taskinstance.py:1592} INFO - Exporting the following env vars:
AIRFLOW_CTX_DAG_OWNER=lofitravel
AIRFLOW_CTX_DAG_ID=dag
AIRFLOW_CTX_TASK_ID=task_3
AIRFLOW_CTX_EXECUTION_DATE=2022-12-04T14:29:00+00:00
AIRFLOW_CTX_TRY_NUMBER=1
AIRFLOW_CTX_DAG_RUN_ID=scheduled__2022-12-04T14:29:00+00:00
[2022-12-04T14:30:02.412+0000] {subprocess.py:63} INFO - Tmp dir root location: 
 /tmp
[2022-12-04T14:30:02.413+0000] {subprocess.py:75} INFO - Running command: ['/bin/bash', '-c', 'echo "Hello World from Task 3"']
[2022-12-04T14:30:02.424+0000] {subprocess.py:86} INFO - Output:
[2022-12-04T14:30:02.426+0000] {subprocess.py:93} INFO - Hello World from Task 3
[2022-12-04T14:30:02.426+0000] {subprocess.py:97} INFO - Command exited with return code 0
[2022-12-04T14:30:02.458+0000] {taskinstance.py:1406} INFO - Marking task as SUCCESS. dag_id=dag, task_id=task_3, execution_date=20221204T142900, start_date=20221204T143002, end_date=20221204T143002
[2022-12-04T14:30:02.489+0000] {local_task_job.py:159} INFO - Task exited with return code 0
[2022-12-04T14:30:02.519+0000] {taskinstance.py:2623} INFO - 1 downstream tasks scheduled from follow-on schedule check
