[2022-12-07T19:27:05.654+0000] {taskinstance.py:1165} INFO - Dependencies all met for <TaskInstance: dag.insert_data manual__2022-12-07T19:26:36.766866+00:00 [queued]>
[2022-12-07T19:27:05.715+0000] {taskinstance.py:1165} INFO - Dependencies all met for <TaskInstance: dag.insert_data manual__2022-12-07T19:26:36.766866+00:00 [queued]>
[2022-12-07T19:27:05.718+0000] {taskinstance.py:1362} INFO - 
--------------------------------------------------------------------------------
[2022-12-07T19:27:05.719+0000] {taskinstance.py:1363} INFO - Starting attempt 1 of 1
[2022-12-07T19:27:05.721+0000] {taskinstance.py:1364} INFO - 
--------------------------------------------------------------------------------
[2022-12-07T19:27:05.797+0000] {taskinstance.py:1383} INFO - Executing <Task(PythonOperator): insert_data> on 2022-12-07 19:26:36.766866+00:00
[2022-12-07T19:27:05.816+0000] {standard_task_runner.py:55} INFO - Started process 6025 to run task
[2022-12-07T19:27:05.836+0000] {standard_task_runner.py:82} INFO - Running: ['***', 'tasks', 'run', 'dag', 'insert_data', 'manual__2022-12-07T19:26:36.766866+00:00', '--job-id', '1895', '--raw', '--subdir', 'DAGS_FOLDER/dag.py', '--cfg-path', '/tmp/tmpjevnlsth']
[2022-12-07T19:27:05.838+0000] {standard_task_runner.py:83} INFO - Job 1895: Subtask insert_data
[2022-12-07T19:27:06.081+0000] {task_command.py:376} INFO - Running <TaskInstance: dag.insert_data manual__2022-12-07T19:26:36.766866+00:00 [running]> on host a9d6893ff63e
[2022-12-07T19:27:06.320+0000] {taskinstance.py:1592} INFO - Exporting the following env vars:
AIRFLOW_CTX_DAG_OWNER=lofitravel
AIRFLOW_CTX_DAG_ID=dag
AIRFLOW_CTX_TASK_ID=insert_data
AIRFLOW_CTX_EXECUTION_DATE=2022-12-07T19:26:36.766866+00:00
AIRFLOW_CTX_TRY_NUMBER=1
AIRFLOW_CTX_DAG_RUN_ID=manual__2022-12-07T19:26:36.766866+00:00
[2022-12-07T19:27:06.370+0000] {logging_mixin.py:137} INFO - var ['82adcbbbae7a13d16e0b68fa1f50c023', '***_user', '***_ps', '***_database']
[2022-12-07T19:27:06.385+0000] {logging_mixin.py:137} INFO - var ['82adcbbbae7a13d16e0b68fa1f50c023', '***_user', '***_ps', '***_database']
[2022-12-07T19:27:06.407+0000] {logging_mixin.py:137} INFO - var ['82adcbbbae7a13d16e0b68fa1f50c023', '***_user', '***_ps', '***_database']
[2022-12-07T19:27:06.425+0000] {logging_mixin.py:137} INFO - Postgresql connection created!
[2022-12-07T19:27:06.431+0000] {logging_mixin.py:137} INFO - Data successfully inserted!
[2022-12-07T19:27:06.432+0000] {python.py:177} INFO - Done. Returned value was: None
[2022-12-07T19:27:06.469+0000] {taskinstance.py:1406} INFO - Marking task as SUCCESS. dag_id=dag, task_id=insert_data, execution_date=20221207T192636, start_date=20221207T192705, end_date=20221207T192706
[2022-12-07T19:27:06.529+0000] {local_task_job.py:159} INFO - Task exited with return code 0
[2022-12-07T19:27:06.616+0000] {taskinstance.py:2623} INFO - 1 downstream tasks scheduled from follow-on schedule check
