[2022-12-07T09:10:16.840+0000] {taskinstance.py:1165} INFO - Dependencies all met for <TaskInstance: dag.encryption manual__2022-12-07T09:10:15.103692+00:00 [queued]>
[2022-12-07T09:10:16.868+0000] {taskinstance.py:1165} INFO - Dependencies all met for <TaskInstance: dag.encryption manual__2022-12-07T09:10:15.103692+00:00 [queued]>
[2022-12-07T09:10:16.869+0000] {taskinstance.py:1362} INFO - 
--------------------------------------------------------------------------------
[2022-12-07T09:10:16.870+0000] {taskinstance.py:1363} INFO - Starting attempt 1 of 1
[2022-12-07T09:10:16.871+0000] {taskinstance.py:1364} INFO - 
--------------------------------------------------------------------------------
[2022-12-07T09:10:16.898+0000] {taskinstance.py:1383} INFO - Executing <Task(PythonOperator): encryption> on 2022-12-07 09:10:15.103692+00:00
[2022-12-07T09:10:16.943+0000] {standard_task_runner.py:55} INFO - Started process 881 to run task
[2022-12-07T09:10:16.955+0000] {standard_task_runner.py:82} INFO - Running: ['***', 'tasks', 'run', 'dag', 'encryption', 'manual__2022-12-07T09:10:15.103692+00:00', '--job-id', '1588', '--raw', '--subdir', 'DAGS_FOLDER/dag.py', '--cfg-path', '/tmp/tmpel0jyudn']
[2022-12-07T09:10:16.956+0000] {standard_task_runner.py:83} INFO - Job 1588: Subtask encryption
[2022-12-07T09:10:17.153+0000] {task_command.py:376} INFO - Running <TaskInstance: dag.encryption manual__2022-12-07T09:10:15.103692+00:00 [running]> on host 505aa50095aa
[2022-12-07T09:10:17.284+0000] {taskinstance.py:1592} INFO - Exporting the following env vars:
AIRFLOW_CTX_DAG_OWNER=lofitravel
AIRFLOW_CTX_DAG_ID=dag
AIRFLOW_CTX_TASK_ID=encryption
AIRFLOW_CTX_EXECUTION_DATE=2022-12-07T09:10:15.103692+00:00
AIRFLOW_CTX_TRY_NUMBER=1
AIRFLOW_CTX_DAG_RUN_ID=manual__2022-12-07T09:10:15.103692+00:00
[2022-12-07T09:10:17.307+0000] {logging_mixin.py:137} INFO - var ***
[2022-12-07T09:10:17.308+0000] {python.py:177} INFO - Done. Returned value was: ***
[2022-12-07T09:10:17.348+0000] {taskinstance.py:1406} INFO - Marking task as SUCCESS. dag_id=dag, task_id=encryption, execution_date=20221207T091015, start_date=20221207T091016, end_date=20221207T091017
[2022-12-07T09:10:17.411+0000] {local_task_job.py:159} INFO - Task exited with return code 0
[2022-12-07T09:10:17.432+0000] {taskinstance.py:2623} INFO - 0 downstream tasks scheduled from follow-on schedule check
