[2022-12-05T20:16:32.759+0000] {taskinstance.py:1165} INFO - Dependencies all met for <TaskInstance: dag.task_1_0 manual__2022-12-05T20:16:31.498796+00:00 [queued]>
[2022-12-05T20:16:32.785+0000] {taskinstance.py:1165} INFO - Dependencies all met for <TaskInstance: dag.task_1_0 manual__2022-12-05T20:16:31.498796+00:00 [queued]>
[2022-12-05T20:16:32.786+0000] {taskinstance.py:1362} INFO - 
--------------------------------------------------------------------------------
[2022-12-05T20:16:32.787+0000] {taskinstance.py:1363} INFO - Starting attempt 1 of 1
[2022-12-05T20:16:32.788+0000] {taskinstance.py:1364} INFO - 
--------------------------------------------------------------------------------
[2022-12-05T20:16:32.823+0000] {taskinstance.py:1383} INFO - Executing <Task(PythonOperator): task_1_0> on 2022-12-05 20:16:31.498796+00:00
[2022-12-05T20:16:32.831+0000] {standard_task_runner.py:55} INFO - Started process 5391 to run task
[2022-12-05T20:16:32.838+0000] {standard_task_runner.py:82} INFO - Running: ['***', 'tasks', 'run', 'dag', 'task_1_0', 'manual__2022-12-05T20:16:31.498796+00:00', '--job-id', '925', '--raw', '--subdir', 'DAGS_FOLDER/dag.py', '--cfg-path', '/tmp/tmpi5fue900']
[2022-12-05T20:16:32.840+0000] {standard_task_runner.py:83} INFO - Job 925: Subtask task_1_0
[2022-12-05T20:16:33.008+0000] {task_command.py:376} INFO - Running <TaskInstance: dag.task_1_0 manual__2022-12-05T20:16:31.498796+00:00 [running]> on host 02acd0b59b6f
[2022-12-05T20:16:33.341+0000] {taskinstance.py:1592} INFO - Exporting the following env vars:
AIRFLOW_CTX_DAG_OWNER=lofitravel
AIRFLOW_CTX_DAG_ID=dag
AIRFLOW_CTX_TASK_ID=task_1_0
AIRFLOW_CTX_EXECUTION_DATE=2022-12-05T20:16:31.498796+00:00
AIRFLOW_CTX_TRY_NUMBER=1
AIRFLOW_CTX_DAG_RUN_ID=manual__2022-12-05T20:16:31.498796+00:00
[2022-12-05T20:16:34.512+0000] {logging_mixin.py:137} INFO - курс одного EUR к RUB: 65.6595971
[2022-12-05T20:16:34.513+0000] {python.py:177} INFO - Done. Returned value was: None
[2022-12-05T20:16:34.529+0000] {taskinstance.py:1406} INFO - Marking task as SUCCESS. dag_id=dag, task_id=task_1_0, execution_date=20221205T201631, start_date=20221205T201632, end_date=20221205T201634
[2022-12-05T20:16:34.592+0000] {local_task_job.py:159} INFO - Task exited with return code 0
[2022-12-05T20:16:34.629+0000] {taskinstance.py:2623} INFO - 0 downstream tasks scheduled from follow-on schedule check
