[2022-12-07T20:53:56.312+0000] {taskinstance.py:1165} INFO - Dependencies all met for <TaskInstance: dag.task_0_0 manual__2022-12-07T20:53:53.396680+00:00 [queued]>
[2022-12-07T20:53:56.337+0000] {taskinstance.py:1165} INFO - Dependencies all met for <TaskInstance: dag.task_0_0 manual__2022-12-07T20:53:53.396680+00:00 [queued]>
[2022-12-07T20:53:56.338+0000] {taskinstance.py:1362} INFO - 
--------------------------------------------------------------------------------
[2022-12-07T20:53:56.339+0000] {taskinstance.py:1363} INFO - Starting attempt 1 of 1
[2022-12-07T20:53:56.339+0000] {taskinstance.py:1364} INFO - 
--------------------------------------------------------------------------------
[2022-12-07T20:53:56.385+0000] {taskinstance.py:1383} INFO - Executing <Task(PythonOperator): task_0_0> on 2022-12-07 20:53:53.396680+00:00
[2022-12-07T20:53:56.394+0000] {standard_task_runner.py:55} INFO - Started process 9811 to run task
[2022-12-07T20:53:56.404+0000] {standard_task_runner.py:82} INFO - Running: ['***', 'tasks', 'run', 'dag', 'task_0_0', 'manual__2022-12-07T20:53:53.396680+00:00', '--job-id', '1938', '--raw', '--subdir', 'DAGS_FOLDER/dag.py', '--cfg-path', '/tmp/tmpz0duhepj']
[2022-12-07T20:53:56.405+0000] {standard_task_runner.py:83} INFO - Job 1938: Subtask task_0_0
[2022-12-07T20:53:56.555+0000] {task_command.py:376} INFO - Running <TaskInstance: dag.task_0_0 manual__2022-12-07T20:53:53.396680+00:00 [running]> on host a9d6893ff63e
[2022-12-07T20:53:56.869+0000] {taskinstance.py:1592} INFO - Exporting the following env vars:
AIRFLOW_CTX_DAG_OWNER=lofitravel
AIRFLOW_CTX_DAG_ID=dag
AIRFLOW_CTX_TASK_ID=task_0_0
AIRFLOW_CTX_EXECUTION_DATE=2022-12-07T20:53:53.396680+00:00
AIRFLOW_CTX_TRY_NUMBER=1
AIRFLOW_CTX_DAG_RUN_ID=manual__2022-12-07T20:53:53.396680+00:00
[2022-12-07T20:54:00.760+0000] {logging_mixin.py:137} INFO - курс одного USD к EUR: 0.95182095
[2022-12-07T20:54:00.785+0000] {python.py:177} INFO - Done. Returned value was: None
[2022-12-07T20:54:00.804+0000] {taskinstance.py:1406} INFO - Marking task as SUCCESS. dag_id=dag, task_id=task_0_0, execution_date=20221207T205353, start_date=20221207T205356, end_date=20221207T205400
[2022-12-07T20:54:00.888+0000] {local_task_job.py:159} INFO - Task exited with return code 0
[2022-12-07T20:54:00.955+0000] {taskinstance.py:2623} INFO - 0 downstream tasks scheduled from follow-on schedule check
