[2022-12-04T15:59:02.780+0000] {taskinstance.py:1165} INFO - Dependencies all met for <TaskInstance: dag.task_2 scheduled__2022-12-04T15:58:00+00:00 [queued]>
[2022-12-04T15:59:02.801+0000] {taskinstance.py:1165} INFO - Dependencies all met for <TaskInstance: dag.task_2 scheduled__2022-12-04T15:58:00+00:00 [queued]>
[2022-12-04T15:59:02.801+0000] {taskinstance.py:1362} INFO - 
--------------------------------------------------------------------------------
[2022-12-04T15:59:02.802+0000] {taskinstance.py:1363} INFO - Starting attempt 1 of 1
[2022-12-04T15:59:02.802+0000] {taskinstance.py:1364} INFO - 
--------------------------------------------------------------------------------
[2022-12-04T15:59:02.820+0000] {taskinstance.py:1383} INFO - Executing <Task(BashOperator): task_2> on 2022-12-04 15:58:00+00:00
[2022-12-04T15:59:02.864+0000] {standard_task_runner.py:55} INFO - Started process 10246 to run task
[2022-12-04T15:59:02.869+0000] {standard_task_runner.py:82} INFO - Running: ['***', 'tasks', 'run', 'dag', 'task_2', 'scheduled__2022-12-04T15:58:00+00:00', '--job-id', '673', '--raw', '--subdir', 'DAGS_FOLDER/dag.py', '--cfg-path', '/tmp/tmpnc27kfo0']
[2022-12-04T15:59:02.870+0000] {standard_task_runner.py:83} INFO - Job 673: Subtask task_2
[2022-12-04T15:59:02.957+0000] {task_command.py:376} INFO - Running <TaskInstance: dag.task_2 scheduled__2022-12-04T15:58:00+00:00 [running]> on host 37018d05bc9d
[2022-12-04T15:59:03.048+0000] {taskinstance.py:1592} INFO - Exporting the following env vars:
AIRFLOW_CTX_DAG_OWNER=lofitravel
AIRFLOW_CTX_DAG_ID=dag
AIRFLOW_CTX_TASK_ID=task_2
AIRFLOW_CTX_EXECUTION_DATE=2022-12-04T15:58:00+00:00
AIRFLOW_CTX_TRY_NUMBER=1
AIRFLOW_CTX_DAG_RUN_ID=scheduled__2022-12-04T15:58:00+00:00
[2022-12-04T15:59:03.049+0000] {subprocess.py:63} INFO - Tmp dir root location: 
 /tmp
[2022-12-04T15:59:03.050+0000] {subprocess.py:75} INFO - Running command: ['/bin/bash', '-c', 'echo "Hello World from Task 2"']
[2022-12-04T15:59:03.062+0000] {subprocess.py:86} INFO - Output:
[2022-12-04T15:59:03.063+0000] {subprocess.py:93} INFO - Hello World from Task 2
[2022-12-04T15:59:03.064+0000] {subprocess.py:97} INFO - Command exited with return code 0
[2022-12-04T15:59:03.097+0000] {taskinstance.py:1406} INFO - Marking task as SUCCESS. dag_id=dag, task_id=task_2, execution_date=20221204T155800, start_date=20221204T155902, end_date=20221204T155903
[2022-12-04T15:59:03.120+0000] {local_task_job.py:159} INFO - Task exited with return code 0
[2022-12-04T15:59:03.145+0000] {taskinstance.py:2623} INFO - 1 downstream tasks scheduled from follow-on schedule check
