[2022-12-07T12:50:41.761+0000] {taskinstance.py:1165} INFO - Dependencies all met for <TaskInstance: dag.encryption manual__2022-12-07T12:50:40.289691+00:00 [queued]>
[2022-12-07T12:50:41.776+0000] {taskinstance.py:1165} INFO - Dependencies all met for <TaskInstance: dag.encryption manual__2022-12-07T12:50:40.289691+00:00 [queued]>
[2022-12-07T12:50:41.777+0000] {taskinstance.py:1362} INFO - 
--------------------------------------------------------------------------------
[2022-12-07T12:50:41.777+0000] {taskinstance.py:1363} INFO - Starting attempt 1 of 1
[2022-12-07T12:50:41.778+0000] {taskinstance.py:1364} INFO - 
--------------------------------------------------------------------------------
[2022-12-07T12:50:41.805+0000] {taskinstance.py:1383} INFO - Executing <Task(PythonOperator): encryption> on 2022-12-07 12:50:40.289691+00:00
[2022-12-07T12:50:41.811+0000] {standard_task_runner.py:55} INFO - Started process 483 to run task
[2022-12-07T12:50:41.817+0000] {standard_task_runner.py:82} INFO - Running: ['***', 'tasks', 'run', 'dag', 'encryption', 'manual__2022-12-07T12:50:40.289691+00:00', '--job-id', '1749', '--raw', '--subdir', 'DAGS_FOLDER/dag.py', '--cfg-path', '/tmp/tmpb0tvgiqs']
[2022-12-07T12:50:41.818+0000] {standard_task_runner.py:83} INFO - Job 1749: Subtask encryption
[2022-12-07T12:50:41.925+0000] {task_command.py:376} INFO - Running <TaskInstance: dag.encryption manual__2022-12-07T12:50:40.289691+00:00 [running]> on host 6c11163b5e64
[2022-12-07T12:50:42.056+0000] {taskinstance.py:1592} INFO - Exporting the following env vars:
AIRFLOW_CTX_DAG_OWNER=lofitravel
AIRFLOW_CTX_DAG_ID=dag
AIRFLOW_CTX_TASK_ID=encryption
AIRFLOW_CTX_EXECUTION_DATE=2022-12-07T12:50:40.289691+00:00
AIRFLOW_CTX_TRY_NUMBER=1
AIRFLOW_CTX_DAG_RUN_ID=manual__2022-12-07T12:50:40.289691+00:00
[2022-12-07T12:50:42.069+0000] {logging_mixin.py:137} INFO - var ['82adcbbbae7a13d16e0b68fa1f50c023', '***_user', '***_ps', '***_database']
[2022-12-07T12:50:42.070+0000] {python.py:177} INFO - Done. Returned value was: ['82adcbbbae7a13d16e0b68fa1f50c023', '***_user', '***_ps', '***_database']
[2022-12-07T12:50:42.106+0000] {taskinstance.py:1406} INFO - Marking task as SUCCESS. dag_id=dag, task_id=encryption, execution_date=20221207T125040, start_date=20221207T125041, end_date=20221207T125042
[2022-12-07T12:50:42.150+0000] {local_task_job.py:159} INFO - Task exited with return code 0
[2022-12-07T12:50:42.195+0000] {taskinstance.py:2623} INFO - 1 downstream tasks scheduled from follow-on schedule check
