[2022-12-07T12:50:43.316+0000] {taskinstance.py:1165} INFO - Dependencies all met for <TaskInstance: dag.task_1_0 manual__2022-12-07T12:50:40.289691+00:00 [queued]>
[2022-12-07T12:50:43.344+0000] {taskinstance.py:1165} INFO - Dependencies all met for <TaskInstance: dag.task_1_0 manual__2022-12-07T12:50:40.289691+00:00 [queued]>
[2022-12-07T12:50:43.344+0000] {taskinstance.py:1362} INFO - 
--------------------------------------------------------------------------------
[2022-12-07T12:50:43.345+0000] {taskinstance.py:1363} INFO - Starting attempt 1 of 1
[2022-12-07T12:50:43.346+0000] {taskinstance.py:1364} INFO - 
--------------------------------------------------------------------------------
[2022-12-07T12:50:43.371+0000] {taskinstance.py:1383} INFO - Executing <Task(PythonOperator): task_1_0> on 2022-12-07 12:50:40.289691+00:00
[2022-12-07T12:50:43.377+0000] {standard_task_runner.py:55} INFO - Started process 486 to run task
[2022-12-07T12:50:43.383+0000] {standard_task_runner.py:82} INFO - Running: ['***', 'tasks', 'run', 'dag', 'task_1_0', 'manual__2022-12-07T12:50:40.289691+00:00', '--job-id', '1751', '--raw', '--subdir', 'DAGS_FOLDER/dag.py', '--cfg-path', '/tmp/tmpwjpwv_g_']
[2022-12-07T12:50:43.383+0000] {standard_task_runner.py:83} INFO - Job 1751: Subtask task_1_0
[2022-12-07T12:50:43.536+0000] {task_command.py:376} INFO - Running <TaskInstance: dag.task_1_0 manual__2022-12-07T12:50:40.289691+00:00 [running]> on host 6c11163b5e64
[2022-12-07T12:50:43.638+0000] {taskinstance.py:1592} INFO - Exporting the following env vars:
AIRFLOW_CTX_DAG_OWNER=lofitravel
AIRFLOW_CTX_DAG_ID=dag
AIRFLOW_CTX_TASK_ID=task_1_0
AIRFLOW_CTX_EXECUTION_DATE=2022-12-07T12:50:40.289691+00:00
AIRFLOW_CTX_TRY_NUMBER=1
AIRFLOW_CTX_DAG_RUN_ID=manual__2022-12-07T12:50:40.289691+00:00
[2022-12-07T12:50:45.374+0000] {logging_mixin.py:137} INFO - курс одного EUR к RUB: 66.09894168
[2022-12-07T12:50:45.399+0000] {python.py:177} INFO - Done. Returned value was: None
[2022-12-07T12:50:45.413+0000] {taskinstance.py:1406} INFO - Marking task as SUCCESS. dag_id=dag, task_id=task_1_0, execution_date=20221207T125040, start_date=20221207T125043, end_date=20221207T125045
[2022-12-07T12:50:45.441+0000] {local_task_job.py:159} INFO - Task exited with return code 0
[2022-12-07T12:50:45.484+0000] {taskinstance.py:2623} INFO - 1 downstream tasks scheduled from follow-on schedule check
