[2022-12-04T14:26:04.068+0000] {taskinstance.py:1165} INFO - Dependencies all met for <TaskInstance: dag.task_4 scheduled__2022-12-04T14:25:00+00:00 [queued]>
[2022-12-04T14:26:04.079+0000] {taskinstance.py:1165} INFO - Dependencies all met for <TaskInstance: dag.task_4 scheduled__2022-12-04T14:25:00+00:00 [queued]>
[2022-12-04T14:26:04.080+0000] {taskinstance.py:1362} INFO - 
--------------------------------------------------------------------------------
[2022-12-04T14:26:04.080+0000] {taskinstance.py:1363} INFO - Starting attempt 1 of 1
[2022-12-04T14:26:04.081+0000] {taskinstance.py:1364} INFO - 
--------------------------------------------------------------------------------
[2022-12-04T14:26:04.098+0000] {taskinstance.py:1383} INFO - Executing <Task(BashOperator): task_4> on 2022-12-04 14:25:00+00:00
[2022-12-04T14:26:04.102+0000] {standard_task_runner.py:55} INFO - Started process 4805 to run task
[2022-12-04T14:26:04.113+0000] {standard_task_runner.py:82} INFO - Running: ['***', 'tasks', 'run', 'dag', 'task_4', 'scheduled__2022-12-04T14:25:00+00:00', '--job-id', '302', '--raw', '--subdir', 'DAGS_FOLDER/dag.py', '--cfg-path', '/tmp/tmpb61tncf9']
[2022-12-04T14:26:04.114+0000] {standard_task_runner.py:83} INFO - Job 302: Subtask task_4
[2022-12-04T14:26:04.189+0000] {task_command.py:376} INFO - Running <TaskInstance: dag.task_4 scheduled__2022-12-04T14:25:00+00:00 [running]> on host 37018d05bc9d
[2022-12-04T14:26:04.278+0000] {taskinstance.py:1592} INFO - Exporting the following env vars:
AIRFLOW_CTX_DAG_OWNER=lofitravel
AIRFLOW_CTX_DAG_ID=dag
AIRFLOW_CTX_TASK_ID=task_4
AIRFLOW_CTX_EXECUTION_DATE=2022-12-04T14:25:00+00:00
AIRFLOW_CTX_TRY_NUMBER=1
AIRFLOW_CTX_DAG_RUN_ID=scheduled__2022-12-04T14:25:00+00:00
[2022-12-04T14:26:04.282+0000] {subprocess.py:63} INFO - Tmp dir root location: 
 /tmp
[2022-12-04T14:26:04.284+0000] {subprocess.py:75} INFO - Running command: ['/bin/bash', '-c', 'echo "Hello World from Task 4"']
[2022-12-04T14:26:04.294+0000] {subprocess.py:86} INFO - Output:
[2022-12-04T14:26:04.296+0000] {subprocess.py:93} INFO - Hello World from Task 4
[2022-12-04T14:26:04.297+0000] {subprocess.py:97} INFO - Command exited with return code 0
[2022-12-04T14:26:04.326+0000] {taskinstance.py:1406} INFO - Marking task as SUCCESS. dag_id=dag, task_id=task_4, execution_date=20221204T142500, start_date=20221204T142604, end_date=20221204T142604
[2022-12-04T14:26:04.361+0000] {local_task_job.py:159} INFO - Task exited with return code 0
[2022-12-04T14:26:04.379+0000] {taskinstance.py:2623} INFO - 0 downstream tasks scheduled from follow-on schedule check
