[2022-12-07T07:05:09.473+0000] {taskinstance.py:1165} INFO - Dependencies all met for <TaskInstance: dag.task_0_1 manual__2022-12-07T07:05:07.752311+00:00 [queued]>
[2022-12-07T07:05:09.487+0000] {taskinstance.py:1165} INFO - Dependencies all met for <TaskInstance: dag.task_0_1 manual__2022-12-07T07:05:07.752311+00:00 [queued]>
[2022-12-07T07:05:09.488+0000] {taskinstance.py:1362} INFO - 
--------------------------------------------------------------------------------
[2022-12-07T07:05:09.488+0000] {taskinstance.py:1363} INFO - Starting attempt 1 of 1
[2022-12-07T07:05:09.489+0000] {taskinstance.py:1364} INFO - 
--------------------------------------------------------------------------------
[2022-12-07T07:05:09.510+0000] {taskinstance.py:1383} INFO - Executing <Task(PythonOperator): task_0_1> on 2022-12-07 07:05:07.752311+00:00
[2022-12-07T07:05:09.517+0000] {standard_task_runner.py:55} INFO - Started process 27298 to run task
[2022-12-07T07:05:09.522+0000] {standard_task_runner.py:82} INFO - Running: ['***', 'tasks', 'run', 'dag', 'task_0_1', 'manual__2022-12-07T07:05:07.752311+00:00', '--job-id', '1404', '--raw', '--subdir', 'DAGS_FOLDER/dag.py', '--cfg-path', '/tmp/tmp4fxmsnpj']
[2022-12-07T07:05:09.523+0000] {standard_task_runner.py:83} INFO - Job 1404: Subtask task_0_1
[2022-12-07T07:05:09.626+0000] {task_command.py:376} INFO - Running <TaskInstance: dag.task_0_1 manual__2022-12-07T07:05:07.752311+00:00 [running]> on host 505aa50095aa
[2022-12-07T07:05:09.774+0000] {taskinstance.py:1592} INFO - Exporting the following env vars:
AIRFLOW_CTX_DAG_OWNER=lofitravel
AIRFLOW_CTX_DAG_ID=dag
AIRFLOW_CTX_TASK_ID=task_0_1
AIRFLOW_CTX_EXECUTION_DATE=2022-12-07T07:05:07.752311+00:00
AIRFLOW_CTX_TRY_NUMBER=1
AIRFLOW_CTX_DAG_RUN_ID=manual__2022-12-07T07:05:07.752311+00:00
[2022-12-07T07:05:10.416+0000] {logging_mixin.py:137} INFO - курс одного USD к RUB: 63.0055863
[2022-12-07T07:05:10.433+0000] {python.py:177} INFO - Done. Returned value was: None
[2022-12-07T07:05:10.446+0000] {taskinstance.py:1406} INFO - Marking task as SUCCESS. dag_id=dag, task_id=task_0_1, execution_date=20221207T070507, start_date=20221207T070509, end_date=20221207T070510
[2022-12-07T07:05:10.496+0000] {local_task_job.py:159} INFO - Task exited with return code 0
[2022-12-07T07:05:10.520+0000] {taskinstance.py:2623} INFO - 0 downstream tasks scheduled from follow-on schedule check
