[2022-12-07T10:38:18.384+0000] {taskinstance.py:1165} INFO - Dependencies all met for <TaskInstance: dag.pull_data manual__2022-12-07T10:38:11.320546+00:00 [queued]>
[2022-12-07T10:38:18.403+0000] {taskinstance.py:1165} INFO - Dependencies all met for <TaskInstance: dag.pull_data manual__2022-12-07T10:38:11.320546+00:00 [queued]>
[2022-12-07T10:38:18.404+0000] {taskinstance.py:1362} INFO - 
--------------------------------------------------------------------------------
[2022-12-07T10:38:18.404+0000] {taskinstance.py:1363} INFO - Starting attempt 1 of 1
[2022-12-07T10:38:18.405+0000] {taskinstance.py:1364} INFO - 
--------------------------------------------------------------------------------
[2022-12-07T10:38:18.428+0000] {taskinstance.py:1383} INFO - Executing <Task(PythonOperator): pull_data> on 2022-12-07 10:38:11.320546+00:00
[2022-12-07T10:38:18.436+0000] {standard_task_runner.py:55} INFO - Started process 990 to run task
[2022-12-07T10:38:18.442+0000] {standard_task_runner.py:82} INFO - Running: ['***', 'tasks', 'run', 'dag', 'pull_data', 'manual__2022-12-07T10:38:11.320546+00:00', '--job-id', '1663', '--raw', '--subdir', 'DAGS_FOLDER/dag.py', '--cfg-path', '/tmp/tmprjgfucyq']
[2022-12-07T10:38:18.443+0000] {standard_task_runner.py:83} INFO - Job 1663: Subtask pull_data
[2022-12-07T10:38:18.542+0000] {task_command.py:376} INFO - Running <TaskInstance: dag.pull_data manual__2022-12-07T10:38:11.320546+00:00 [running]> on host ede3719a0239
[2022-12-07T10:38:18.666+0000] {taskinstance.py:1592} INFO - Exporting the following env vars:
AIRFLOW_CTX_DAG_OWNER=lofitravel
AIRFLOW_CTX_DAG_ID=dag
AIRFLOW_CTX_TASK_ID=pull_data
AIRFLOW_CTX_EXECUTION_DATE=2022-12-07T10:38:11.320546+00:00
AIRFLOW_CTX_TRY_NUMBER=1
AIRFLOW_CTX_DAG_RUN_ID=manual__2022-12-07T10:38:11.320546+00:00
[2022-12-07T10:38:18.689+0000] {logging_mixin.py:137} INFO - var <function configs at 0x7f73c4396b90>
[2022-12-07T10:38:18.696+0000] {logging_mixin.py:137} INFO - var <function configs at 0x7f73c4396b90>
[2022-12-07T10:38:18.704+0000] {logging_mixin.py:137} INFO - var <function configs at 0x7f73c4396b90>
[2022-12-07T10:38:18.714+0000] {logging_mixin.py:137} INFO - connection to server at "database" (172.21.0.3), port 5432 failed: FATAL:  password authentication failed for user "***_user"
[2022-12-07T10:38:18.715+0000] {python.py:177} INFO - Done. Returned value was: None
[2022-12-07T10:38:18.730+0000] {taskinstance.py:1406} INFO - Marking task as SUCCESS. dag_id=dag, task_id=pull_data, execution_date=20221207T103811, start_date=20221207T103818, end_date=20221207T103818
[2022-12-07T10:38:18.773+0000] {local_task_job.py:159} INFO - Task exited with return code 0
[2022-12-07T10:38:18.802+0000] {taskinstance.py:2623} INFO - 0 downstream tasks scheduled from follow-on schedule check
