[2022-12-07T23:54:18.735+0000] {taskinstance.py:1165} INFO - Dependencies all met for <TaskInstance: dag.procedure_insert manual__2022-12-07T23:53:59.845330+00:00 [queued]>
[2022-12-07T23:54:18.752+0000] {taskinstance.py:1165} INFO - Dependencies all met for <TaskInstance: dag.procedure_insert manual__2022-12-07T23:53:59.845330+00:00 [queued]>
[2022-12-07T23:54:18.753+0000] {taskinstance.py:1362} INFO - 
--------------------------------------------------------------------------------
[2022-12-07T23:54:18.753+0000] {taskinstance.py:1363} INFO - Starting attempt 1 of 1
[2022-12-07T23:54:18.754+0000] {taskinstance.py:1364} INFO - 
--------------------------------------------------------------------------------
[2022-12-07T23:54:18.774+0000] {taskinstance.py:1383} INFO - Executing <Task(PostgresOperator): procedure_insert> on 2022-12-07 23:53:59.845330+00:00
[2022-12-07T23:54:18.780+0000] {standard_task_runner.py:55} INFO - Started process 512 to run task
[2022-12-07T23:54:18.784+0000] {standard_task_runner.py:82} INFO - Running: ['***', 'tasks', 'run', 'dag', 'procedure_insert', 'manual__2022-12-07T23:53:59.845330+00:00', '--job-id', '29', '--raw', '--subdir', 'DAGS_FOLDER/dag.py', '--cfg-path', '/tmp/tmpeec6acqp']
[2022-12-07T23:54:18.785+0000] {standard_task_runner.py:83} INFO - Job 29: Subtask procedure_insert
[2022-12-07T23:54:18.862+0000] {task_command.py:376} INFO - Running <TaskInstance: dag.procedure_insert manual__2022-12-07T23:53:59.845330+00:00 [running]> on host 564356c68f54
[2022-12-07T23:54:18.955+0000] {taskinstance.py:1592} INFO - Exporting the following env vars:
AIRFLOW_CTX_DAG_OWNER=lofitravel
AIRFLOW_CTX_DAG_ID=dag
AIRFLOW_CTX_TASK_ID=procedure_insert
AIRFLOW_CTX_EXECUTION_DATE=2022-12-07T23:53:59.845330+00:00
AIRFLOW_CTX_TRY_NUMBER=1
AIRFLOW_CTX_DAG_RUN_ID=manual__2022-12-07T23:53:59.845330+00:00
[2022-12-07T23:54:18.967+0000] {base.py:71} INFO - Using connection ID 'postgres_localhost' for task execution.
[2022-12-07T23:54:18.979+0000] {sql.py:315} INFO - Running statement: 
            CREATE OR REPLACE PROCEDURE insert_data()
            LANGUAGE SQL
            AS $$
            INSERT INTO prediction_table
            SELECT date + interval '1 day', ticker_from, ticker_to, amount_prediction from predictions
            WHERE date = CURRENT_DATE 
            $$;
            CALL insert_data(); , parameters: None
[2022-12-07T23:54:18.995+0000] {taskinstance.py:1406} INFO - Marking task as SUCCESS. dag_id=dag, task_id=procedure_insert, execution_date=20221207T235359, start_date=20221207T235418, end_date=20221207T235418
[2022-12-07T23:54:19.035+0000] {local_task_job.py:159} INFO - Task exited with return code 0
[2022-12-07T23:54:19.069+0000] {taskinstance.py:2623} INFO - 0 downstream tasks scheduled from follow-on schedule check
