[2022-12-06T20:09:38.066+0000] {taskinstance.py:1165} INFO - Dependencies all met for <TaskInstance: dag.task_1_0 manual__2022-12-06T20:09:35.860113+00:00 [queued]>
[2022-12-06T20:09:38.087+0000] {taskinstance.py:1165} INFO - Dependencies all met for <TaskInstance: dag.task_1_0 manual__2022-12-06T20:09:35.860113+00:00 [queued]>
[2022-12-06T20:09:38.088+0000] {taskinstance.py:1362} INFO - 
--------------------------------------------------------------------------------
[2022-12-06T20:09:38.089+0000] {taskinstance.py:1363} INFO - Starting attempt 1 of 1
[2022-12-06T20:09:38.090+0000] {taskinstance.py:1364} INFO - 
--------------------------------------------------------------------------------
[2022-12-06T20:09:38.115+0000] {taskinstance.py:1383} INFO - Executing <Task(PythonOperator): task_1_0> on 2022-12-06 20:09:35.860113+00:00
[2022-12-06T20:09:38.125+0000] {standard_task_runner.py:55} INFO - Started process 956 to run task
[2022-12-06T20:09:38.133+0000] {standard_task_runner.py:82} INFO - Running: ['***', 'tasks', 'run', 'dag', 'task_1_0', 'manual__2022-12-06T20:09:35.860113+00:00', '--job-id', '1072', '--raw', '--subdir', 'DAGS_FOLDER/dag.py', '--cfg-path', '/tmp/tmpefc5wgih']
[2022-12-06T20:09:38.133+0000] {standard_task_runner.py:83} INFO - Job 1072: Subtask task_1_0
[2022-12-06T20:09:38.417+0000] {task_command.py:376} INFO - Running <TaskInstance: dag.task_1_0 manual__2022-12-06T20:09:35.860113+00:00 [running]> on host 74768727baca
[2022-12-06T20:09:38.755+0000] {taskinstance.py:1592} INFO - Exporting the following env vars:
AIRFLOW_CTX_DAG_OWNER=lofitravel
AIRFLOW_CTX_DAG_ID=dag
AIRFLOW_CTX_TASK_ID=task_1_0
AIRFLOW_CTX_EXECUTION_DATE=2022-12-06T20:09:35.860113+00:00
AIRFLOW_CTX_TRY_NUMBER=1
AIRFLOW_CTX_DAG_RUN_ID=manual__2022-12-06T20:09:35.860113+00:00
[2022-12-06T20:09:40.996+0000] {logging_mixin.py:137} INFO - курс одного EUR к RUB: 66.3323057
[2022-12-06T20:09:41.024+0000] {python.py:177} INFO - Done. Returned value was: None
[2022-12-06T20:09:41.048+0000] {taskinstance.py:1406} INFO - Marking task as SUCCESS. dag_id=dag, task_id=task_1_0, execution_date=20221206T200935, start_date=20221206T200938, end_date=20221206T200941
[2022-12-06T20:09:41.120+0000] {local_task_job.py:159} INFO - Task exited with return code 0
[2022-12-06T20:09:41.162+0000] {taskinstance.py:2623} INFO - 1 downstream tasks scheduled from follow-on schedule check
