[2022-12-07T19:47:23.979+0000] {taskinstance.py:1165} INFO - Dependencies all met for <TaskInstance: dag.refresh_materialized manual__2022-12-07T19:46:45.034769+00:00 [queued]>
[2022-12-07T19:47:24.065+0000] {taskinstance.py:1165} INFO - Dependencies all met for <TaskInstance: dag.refresh_materialized manual__2022-12-07T19:46:45.034769+00:00 [queued]>
[2022-12-07T19:47:24.096+0000] {taskinstance.py:1362} INFO - 
--------------------------------------------------------------------------------
[2022-12-07T19:47:24.146+0000] {taskinstance.py:1363} INFO - Starting attempt 1 of 1
[2022-12-07T19:47:24.182+0000] {taskinstance.py:1364} INFO - 
--------------------------------------------------------------------------------
[2022-12-07T19:47:24.329+0000] {taskinstance.py:1383} INFO - Executing <Task(PostgresOperator): refresh_materialized> on 2022-12-07 19:46:45.034769+00:00
[2022-12-07T19:47:24.362+0000] {standard_task_runner.py:55} INFO - Started process 6900 to run task
[2022-12-07T19:47:24.388+0000] {standard_task_runner.py:82} INFO - Running: ['***', 'tasks', 'run', 'dag', 'refresh_materialized', 'manual__2022-12-07T19:46:45.034769+00:00', '--job-id', '1927', '--raw', '--subdir', 'DAGS_FOLDER/dag.py', '--cfg-path', '/tmp/tmpurcaal9r']
[2022-12-07T19:47:24.403+0000] {standard_task_runner.py:83} INFO - Job 1927: Subtask refresh_materialized
[2022-12-07T19:47:24.821+0000] {task_command.py:376} INFO - Running <TaskInstance: dag.refresh_materialized manual__2022-12-07T19:46:45.034769+00:00 [running]> on host a9d6893ff63e
[2022-12-07T19:47:25.283+0000] {taskinstance.py:1592} INFO - Exporting the following env vars:
AIRFLOW_CTX_DAG_OWNER=lofitravel
AIRFLOW_CTX_DAG_ID=dag
AIRFLOW_CTX_TASK_ID=refresh_materialized
AIRFLOW_CTX_EXECUTION_DATE=2022-12-07T19:46:45.034769+00:00
AIRFLOW_CTX_TRY_NUMBER=1
AIRFLOW_CTX_DAG_RUN_ID=manual__2022-12-07T19:46:45.034769+00:00
[2022-12-07T19:47:25.334+0000] {base.py:71} INFO - Using connection ID 'postgres_localhost' for task execution.
[2022-12-07T19:47:25.392+0000] {sql.py:315} INFO - Running statement: REFRESH MATERIALIZED VIEW predictions
        , parameters: None
[2022-12-07T19:47:25.498+0000] {taskinstance.py:1406} INFO - Marking task as SUCCESS. dag_id=dag, task_id=refresh_materialized, execution_date=20221207T194645, start_date=20221207T194724, end_date=20221207T194725
[2022-12-07T19:47:25.604+0000] {local_task_job.py:159} INFO - Task exited with return code 0
[2022-12-07T19:47:25.720+0000] {taskinstance.py:2623} INFO - 1 downstream tasks scheduled from follow-on schedule check
