[2022-12-07T10:38:13.359+0000] {taskinstance.py:1165} INFO - Dependencies all met for <TaskInstance: dag.encryption manual__2022-12-07T10:38:11.320546+00:00 [queued]>
[2022-12-07T10:38:13.388+0000] {taskinstance.py:1165} INFO - Dependencies all met for <TaskInstance: dag.encryption manual__2022-12-07T10:38:11.320546+00:00 [queued]>
[2022-12-07T10:38:13.389+0000] {taskinstance.py:1362} INFO - 
--------------------------------------------------------------------------------
[2022-12-07T10:38:13.390+0000] {taskinstance.py:1363} INFO - Starting attempt 1 of 1
[2022-12-07T10:38:13.391+0000] {taskinstance.py:1364} INFO - 
--------------------------------------------------------------------------------
[2022-12-07T10:38:13.426+0000] {taskinstance.py:1383} INFO - Executing <Task(PythonOperator): encryption> on 2022-12-07 10:38:11.320546+00:00
[2022-12-07T10:38:13.436+0000] {standard_task_runner.py:55} INFO - Started process 985 to run task
[2022-12-07T10:38:13.442+0000] {standard_task_runner.py:82} INFO - Running: ['***', 'tasks', 'run', 'dag', 'encryption', 'manual__2022-12-07T10:38:11.320546+00:00', '--job-id', '1659', '--raw', '--subdir', 'DAGS_FOLDER/dag.py', '--cfg-path', '/tmp/tmpk0n8ash3']
[2022-12-07T10:38:13.443+0000] {standard_task_runner.py:83} INFO - Job 1659: Subtask encryption
[2022-12-07T10:38:13.606+0000] {task_command.py:376} INFO - Running <TaskInstance: dag.encryption manual__2022-12-07T10:38:11.320546+00:00 [running]> on host ede3719a0239
[2022-12-07T10:38:13.955+0000] {taskinstance.py:1592} INFO - Exporting the following env vars:
AIRFLOW_CTX_DAG_OWNER=lofitravel
AIRFLOW_CTX_DAG_ID=dag
AIRFLOW_CTX_TASK_ID=encryption
AIRFLOW_CTX_EXECUTION_DATE=2022-12-07T10:38:11.320546+00:00
AIRFLOW_CTX_TRY_NUMBER=1
AIRFLOW_CTX_DAG_RUN_ID=manual__2022-12-07T10:38:11.320546+00:00
[2022-12-07T10:38:13.997+0000] {logging_mixin.py:137} INFO - var <function configs at 0x7f73c4396b90>
[2022-12-07T10:38:14.005+0000] {python.py:177} INFO - Done. Returned value was: ['82adcbbbae7a13d16e0b68fa1f50c023', '***_user', '***_pss', '***_database']
[2022-12-07T10:38:14.068+0000] {taskinstance.py:1406} INFO - Marking task as SUCCESS. dag_id=dag, task_id=encryption, execution_date=20221207T103811, start_date=20221207T103813, end_date=20221207T103814
[2022-12-07T10:38:14.131+0000] {local_task_job.py:159} INFO - Task exited with return code 0
[2022-12-07T10:38:14.161+0000] {taskinstance.py:2623} INFO - 0 downstream tasks scheduled from follow-on schedule check
