[2022-12-07T13:29:19.999+0000] {taskinstance.py:1165} INFO - Dependencies all met for <TaskInstance: dag.task_0_0 manual__2022-12-07T13:29:18.182798+00:00 [queued]>
[2022-12-07T13:29:20.015+0000] {taskinstance.py:1165} INFO - Dependencies all met for <TaskInstance: dag.task_0_0 manual__2022-12-07T13:29:18.182798+00:00 [queued]>
[2022-12-07T13:29:20.015+0000] {taskinstance.py:1362} INFO - 
--------------------------------------------------------------------------------
[2022-12-07T13:29:20.016+0000] {taskinstance.py:1363} INFO - Starting attempt 1 of 1
[2022-12-07T13:29:20.016+0000] {taskinstance.py:1364} INFO - 
--------------------------------------------------------------------------------
[2022-12-07T13:29:20.043+0000] {taskinstance.py:1383} INFO - Executing <Task(PythonOperator): task_0_0> on 2022-12-07 13:29:18.182798+00:00
[2022-12-07T13:29:20.050+0000] {standard_task_runner.py:55} INFO - Started process 2279 to run task
[2022-12-07T13:29:20.056+0000] {standard_task_runner.py:82} INFO - Running: ['***', 'tasks', 'run', 'dag', 'task_0_0', 'manual__2022-12-07T13:29:18.182798+00:00', '--job-id', '1776', '--raw', '--subdir', 'DAGS_FOLDER/dag.py', '--cfg-path', '/tmp/tmpubninu8j']
[2022-12-07T13:29:20.057+0000] {standard_task_runner.py:83} INFO - Job 1776: Subtask task_0_0
[2022-12-07T13:29:20.149+0000] {task_command.py:376} INFO - Running <TaskInstance: dag.task_0_0 manual__2022-12-07T13:29:18.182798+00:00 [running]> on host 6c11163b5e64
[2022-12-07T13:29:20.254+0000] {taskinstance.py:1592} INFO - Exporting the following env vars:
AIRFLOW_CTX_DAG_OWNER=lofitravel
AIRFLOW_CTX_DAG_ID=dag
AIRFLOW_CTX_TASK_ID=task_0_0
AIRFLOW_CTX_EXECUTION_DATE=2022-12-07T13:29:18.182798+00:00
AIRFLOW_CTX_TRY_NUMBER=1
AIRFLOW_CTX_DAG_RUN_ID=manual__2022-12-07T13:29:18.182798+00:00
[2022-12-07T13:29:21.124+0000] {logging_mixin.py:137} INFO - курс одного USD к EUR: 0.94941908
[2022-12-07T13:29:21.178+0000] {python.py:177} INFO - Done. Returned value was: None
[2022-12-07T13:29:21.196+0000] {taskinstance.py:1406} INFO - Marking task as SUCCESS. dag_id=dag, task_id=task_0_0, execution_date=20221207T132918, start_date=20221207T132920, end_date=20221207T132921
[2022-12-07T13:29:21.271+0000] {local_task_job.py:159} INFO - Task exited with return code 0
[2022-12-07T13:29:21.315+0000] {taskinstance.py:2623} INFO - 0 downstream tasks scheduled from follow-on schedule check
