[2022-12-07T19:18:47.211+0000] {taskinstance.py:1165} INFO - Dependencies all met for <TaskInstance: dag.task_1_0 manual__2022-12-07T19:18:43.937325+00:00 [queued]>
[2022-12-07T19:18:47.232+0000] {taskinstance.py:1165} INFO - Dependencies all met for <TaskInstance: dag.task_1_0 manual__2022-12-07T19:18:43.937325+00:00 [queued]>
[2022-12-07T19:18:47.234+0000] {taskinstance.py:1362} INFO - 
--------------------------------------------------------------------------------
[2022-12-07T19:18:47.235+0000] {taskinstance.py:1363} INFO - Starting attempt 1 of 1
[2022-12-07T19:18:47.236+0000] {taskinstance.py:1364} INFO - 
--------------------------------------------------------------------------------
[2022-12-07T19:18:47.257+0000] {taskinstance.py:1383} INFO - Executing <Task(PythonOperator): task_1_0> on 2022-12-07 19:18:43.937325+00:00
[2022-12-07T19:18:47.262+0000] {standard_task_runner.py:55} INFO - Started process 5644 to run task
[2022-12-07T19:18:47.266+0000] {standard_task_runner.py:82} INFO - Running: ['***', 'tasks', 'run', 'dag', 'task_1_0', 'manual__2022-12-07T19:18:43.937325+00:00', '--job-id', '1877', '--raw', '--subdir', 'DAGS_FOLDER/dag.py', '--cfg-path', '/tmp/tmpjqppny9l']
[2022-12-07T19:18:47.267+0000] {standard_task_runner.py:83} INFO - Job 1877: Subtask task_1_0
[2022-12-07T19:18:47.368+0000] {task_command.py:376} INFO - Running <TaskInstance: dag.task_1_0 manual__2022-12-07T19:18:43.937325+00:00 [running]> on host a9d6893ff63e
[2022-12-07T19:18:47.492+0000] {taskinstance.py:1592} INFO - Exporting the following env vars:
AIRFLOW_CTX_DAG_OWNER=lofitravel
AIRFLOW_CTX_DAG_ID=dag
AIRFLOW_CTX_TASK_ID=task_1_0
AIRFLOW_CTX_EXECUTION_DATE=2022-12-07T19:18:43.937325+00:00
AIRFLOW_CTX_TRY_NUMBER=1
AIRFLOW_CTX_DAG_RUN_ID=manual__2022-12-07T19:18:43.937325+00:00
[2022-12-07T19:18:50.258+0000] {logging_mixin.py:137} INFO - курс одного EUR к RUB: 66.73681665
[2022-12-07T19:18:50.284+0000] {python.py:177} INFO - Done. Returned value was: None
[2022-12-07T19:18:50.299+0000] {taskinstance.py:1406} INFO - Marking task as SUCCESS. dag_id=dag, task_id=task_1_0, execution_date=20221207T191843, start_date=20221207T191847, end_date=20221207T191850
[2022-12-07T19:18:50.330+0000] {local_task_job.py:159} INFO - Task exited with return code 0
[2022-12-07T19:18:50.373+0000] {taskinstance.py:2623} INFO - 1 downstream tasks scheduled from follow-on schedule check
