[2022-12-07T07:36:33.809+0000] {taskinstance.py:1165} INFO - Dependencies all met for <TaskInstance: dag.task_0_0 manual__2022-12-07T07:36:32.031775+00:00 [queued]>
[2022-12-07T07:36:33.830+0000] {taskinstance.py:1165} INFO - Dependencies all met for <TaskInstance: dag.task_0_0 manual__2022-12-07T07:36:32.031775+00:00 [queued]>
[2022-12-07T07:36:33.831+0000] {taskinstance.py:1362} INFO - 
--------------------------------------------------------------------------------
[2022-12-07T07:36:33.832+0000] {taskinstance.py:1363} INFO - Starting attempt 1 of 1
[2022-12-07T07:36:33.832+0000] {taskinstance.py:1364} INFO - 
--------------------------------------------------------------------------------
[2022-12-07T07:36:33.860+0000] {taskinstance.py:1383} INFO - Executing <Task(PythonOperator): task_0_0> on 2022-12-07 07:36:32.031775+00:00
[2022-12-07T07:36:33.868+0000] {standard_task_runner.py:55} INFO - Started process 28919 to run task
[2022-12-07T07:36:33.874+0000] {standard_task_runner.py:82} INFO - Running: ['***', 'tasks', 'run', 'dag', 'task_0_0', 'manual__2022-12-07T07:36:32.031775+00:00', '--job-id', '1497', '--raw', '--subdir', 'DAGS_FOLDER/dag.py', '--cfg-path', '/tmp/tmp2dochryz']
[2022-12-07T07:36:33.875+0000] {standard_task_runner.py:83} INFO - Job 1497: Subtask task_0_0
[2022-12-07T07:36:33.976+0000] {task_command.py:376} INFO - Running <TaskInstance: dag.task_0_0 manual__2022-12-07T07:36:32.031775+00:00 [running]> on host 505aa50095aa
[2022-12-07T07:36:34.232+0000] {taskinstance.py:1592} INFO - Exporting the following env vars:
AIRFLOW_CTX_DAG_OWNER=lofitravel
AIRFLOW_CTX_DAG_ID=dag
AIRFLOW_CTX_TASK_ID=task_0_0
AIRFLOW_CTX_EXECUTION_DATE=2022-12-07T07:36:32.031775+00:00
AIRFLOW_CTX_TRY_NUMBER=1
AIRFLOW_CTX_DAG_RUN_ID=manual__2022-12-07T07:36:32.031775+00:00
[2022-12-07T07:36:35.126+0000] {logging_mixin.py:137} INFO - курс одного USD к EUR: 0.95633956
[2022-12-07T07:36:35.155+0000] {python.py:177} INFO - Done. Returned value was: None
[2022-12-07T07:36:35.173+0000] {taskinstance.py:1406} INFO - Marking task as SUCCESS. dag_id=dag, task_id=task_0_0, execution_date=20221207T073632, start_date=20221207T073633, end_date=20221207T073635
[2022-12-07T07:36:35.214+0000] {local_task_job.py:159} INFO - Task exited with return code 0
[2022-12-07T07:36:35.241+0000] {taskinstance.py:2623} INFO - 0 downstream tasks scheduled from follow-on schedule check
