[2022-12-06T22:40:10.874+0000] {taskinstance.py:1165} INFO - Dependencies all met for <TaskInstance: dag.pull_data manual__2022-12-06T22:40:06.278637+00:00 [queued]>
[2022-12-06T22:40:10.892+0000] {taskinstance.py:1165} INFO - Dependencies all met for <TaskInstance: dag.pull_data manual__2022-12-06T22:40:06.278637+00:00 [queued]>
[2022-12-06T22:40:10.893+0000] {taskinstance.py:1362} INFO - 
--------------------------------------------------------------------------------
[2022-12-06T22:40:10.896+0000] {taskinstance.py:1363} INFO - Starting attempt 1 of 1
[2022-12-06T22:40:10.897+0000] {taskinstance.py:1364} INFO - 
--------------------------------------------------------------------------------
[2022-12-06T22:40:10.922+0000] {taskinstance.py:1383} INFO - Executing <Task(PythonOperator): pull_data> on 2022-12-06 22:40:06.278637+00:00
[2022-12-06T22:40:10.928+0000] {standard_task_runner.py:55} INFO - Started process 3525 to run task
[2022-12-06T22:40:10.933+0000] {standard_task_runner.py:82} INFO - Running: ['***', 'tasks', 'run', 'dag', 'pull_data', 'manual__2022-12-06T22:40:06.278637+00:00', '--job-id', '1274', '--raw', '--subdir', 'DAGS_FOLDER/dag.py', '--cfg-path', '/tmp/tmpd1lyk0vt']
[2022-12-06T22:40:10.934+0000] {standard_task_runner.py:83} INFO - Job 1274: Subtask pull_data
[2022-12-06T22:40:11.015+0000] {task_command.py:376} INFO - Running <TaskInstance: dag.pull_data manual__2022-12-06T22:40:06.278637+00:00 [running]> on host 505aa50095aa
[2022-12-06T22:40:11.106+0000] {taskinstance.py:1592} INFO - Exporting the following env vars:
AIRFLOW_CTX_DAG_OWNER=lofitravel
AIRFLOW_CTX_DAG_ID=dag
AIRFLOW_CTX_TASK_ID=pull_data
AIRFLOW_CTX_EXECUTION_DATE=2022-12-06T22:40:06.278637+00:00
AIRFLOW_CTX_TRY_NUMBER=1
AIRFLOW_CTX_DAG_RUN_ID=manual__2022-12-06T22:40:06.278637+00:00
[2022-12-06T22:40:11.120+0000] {logging_mixin.py:137} INFO - [['2022-12-06', 'USD', 'EUR', 0.95530319], ['2022-12-06', 'USD', 'RUB', 63.38344107], ['2022-12-06', 'EUR', 'RUB', 66.34903103]]
[2022-12-06T22:40:11.131+0000] {taskinstance.py:1851} ERROR - Task failed with exception
Traceback (most recent call last):
  File "/home/airflow/.local/lib/python3.7/site-packages/airflow/operators/python.py", line 175, in execute
    return_value = self.execute_callable()
  File "/home/airflow/.local/lib/python3.7/site-packages/airflow/operators/python.py", line 193, in execute_callable
    return self.python_callable(*self.op_args, **self.op_kwargs)
  File "/opt/airflow/dags/dag.py", line 36, in insert_data
    cur.executemany(query, values_to_insert)
TypeError: not all arguments converted during string formatting
[2022-12-06T22:40:11.149+0000] {taskinstance.py:1406} INFO - Marking task as FAILED. dag_id=dag, task_id=pull_data, execution_date=20221206T224006, start_date=20221206T224010, end_date=20221206T224011
[2022-12-06T22:40:11.172+0000] {standard_task_runner.py:105} ERROR - Failed to execute job 1274 for task pull_data (not all arguments converted during string formatting; 3525)
[2022-12-06T22:40:11.224+0000] {local_task_job.py:159} INFO - Task exited with return code 1
[2022-12-06T22:40:11.260+0000] {taskinstance.py:2623} INFO - 0 downstream tasks scheduled from follow-on schedule check
