[2022-12-07T14:54:53.828+0000] {taskinstance.py:1165} INFO - Dependencies all met for <TaskInstance: dag.task_0_1 manual__2022-12-07T14:54:51.798487+00:00 [queued]>
[2022-12-07T14:54:53.852+0000] {taskinstance.py:1165} INFO - Dependencies all met for <TaskInstance: dag.task_0_1 manual__2022-12-07T14:54:51.798487+00:00 [queued]>
[2022-12-07T14:54:53.853+0000] {taskinstance.py:1362} INFO - 
--------------------------------------------------------------------------------
[2022-12-07T14:54:53.854+0000] {taskinstance.py:1363} INFO - Starting attempt 1 of 1
[2022-12-07T14:54:53.855+0000] {taskinstance.py:1364} INFO - 
--------------------------------------------------------------------------------
[2022-12-07T14:54:53.891+0000] {taskinstance.py:1383} INFO - Executing <Task(PythonOperator): task_0_1> on 2022-12-07 14:54:51.798487+00:00
[2022-12-07T14:54:53.897+0000] {standard_task_runner.py:55} INFO - Started process 452 to run task
[2022-12-07T14:54:53.905+0000] {standard_task_runner.py:82} INFO - Running: ['***', 'tasks', 'run', 'dag', 'task_0_1', 'manual__2022-12-07T14:54:51.798487+00:00', '--job-id', '1809', '--raw', '--subdir', 'DAGS_FOLDER/dag.py', '--cfg-path', '/tmp/tmpp12fytn5']
[2022-12-07T14:54:53.906+0000] {standard_task_runner.py:83} INFO - Job 1809: Subtask task_0_1
[2022-12-07T14:54:54.077+0000] {task_command.py:376} INFO - Running <TaskInstance: dag.task_0_1 manual__2022-12-07T14:54:51.798487+00:00 [running]> on host 20d9dd97c6ff
[2022-12-07T14:54:54.337+0000] {taskinstance.py:1592} INFO - Exporting the following env vars:
AIRFLOW_CTX_DAG_OWNER=lofitravel
AIRFLOW_CTX_DAG_ID=dag
AIRFLOW_CTX_TASK_ID=task_0_1
AIRFLOW_CTX_EXECUTION_DATE=2022-12-07T14:54:51.798487+00:00
AIRFLOW_CTX_TRY_NUMBER=1
AIRFLOW_CTX_DAG_RUN_ID=manual__2022-12-07T14:54:51.798487+00:00
[2022-12-07T14:54:54.991+0000] {logging_mixin.py:137} INFO - курс одного USD к RUB: 62.91401998
[2022-12-07T14:54:55.021+0000] {python.py:177} INFO - Done. Returned value was: None
[2022-12-07T14:54:55.036+0000] {taskinstance.py:1406} INFO - Marking task as SUCCESS. dag_id=dag, task_id=task_0_1, execution_date=20221207T145451, start_date=20221207T145453, end_date=20221207T145455
[2022-12-07T14:54:55.082+0000] {local_task_job.py:159} INFO - Task exited with return code 0
[2022-12-07T14:54:55.138+0000] {taskinstance.py:2623} INFO - 0 downstream tasks scheduled from follow-on schedule check
