[2022-12-07T06:55:19.941+0000] {taskinstance.py:1165} INFO - Dependencies all met for <TaskInstance: dag.task_0_1 manual__2022-12-07T06:55:18.467862+00:00 [queued]>
[2022-12-07T06:55:19.960+0000] {taskinstance.py:1165} INFO - Dependencies all met for <TaskInstance: dag.task_0_1 manual__2022-12-07T06:55:18.467862+00:00 [queued]>
[2022-12-07T06:55:19.961+0000] {taskinstance.py:1362} INFO - 
--------------------------------------------------------------------------------
[2022-12-07T06:55:19.961+0000] {taskinstance.py:1363} INFO - Starting attempt 1 of 1
[2022-12-07T06:55:19.962+0000] {taskinstance.py:1364} INFO - 
--------------------------------------------------------------------------------
[2022-12-07T06:55:19.996+0000] {taskinstance.py:1383} INFO - Executing <Task(PythonOperator): task_0_1> on 2022-12-07 06:55:18.467862+00:00
[2022-12-07T06:55:20.004+0000] {standard_task_runner.py:55} INFO - Started process 26812 to run task
[2022-12-07T06:55:20.009+0000] {standard_task_runner.py:82} INFO - Running: ['***', 'tasks', 'run', 'dag', 'task_0_1', 'manual__2022-12-07T06:55:18.467862+00:00', '--job-id', '1384', '--raw', '--subdir', 'DAGS_FOLDER/dag.py', '--cfg-path', '/tmp/tmpb3vc1gqe']
[2022-12-07T06:55:20.011+0000] {standard_task_runner.py:83} INFO - Job 1384: Subtask task_0_1
[2022-12-07T06:55:20.144+0000] {task_command.py:376} INFO - Running <TaskInstance: dag.task_0_1 manual__2022-12-07T06:55:18.467862+00:00 [running]> on host 505aa50095aa
[2022-12-07T06:55:20.360+0000] {taskinstance.py:1592} INFO - Exporting the following env vars:
AIRFLOW_CTX_DAG_OWNER=lofitravel
AIRFLOW_CTX_DAG_ID=dag
AIRFLOW_CTX_TASK_ID=task_0_1
AIRFLOW_CTX_EXECUTION_DATE=2022-12-07T06:55:18.467862+00:00
AIRFLOW_CTX_TRY_NUMBER=1
AIRFLOW_CTX_DAG_RUN_ID=manual__2022-12-07T06:55:18.467862+00:00
[2022-12-07T06:55:21.979+0000] {logging_mixin.py:137} INFO - курс одного USD к RUB: 63.20365348
[2022-12-07T06:55:21.999+0000] {python.py:177} INFO - Done. Returned value was: None
[2022-12-07T06:55:22.011+0000] {taskinstance.py:1406} INFO - Marking task as SUCCESS. dag_id=dag, task_id=task_0_1, execution_date=20221207T065518, start_date=20221207T065519, end_date=20221207T065522
[2022-12-07T06:55:22.067+0000] {local_task_job.py:159} INFO - Task exited with return code 0
[2022-12-07T06:55:22.110+0000] {taskinstance.py:2623} INFO - 0 downstream tasks scheduled from follow-on schedule check
