[2022-12-04T17:48:28.572+0000] {taskinstance.py:1165} INFO - Dependencies all met for <TaskInstance: dag.task_0_1 manual__2022-12-04T17:48:25.200498+00:00 [queued]>
[2022-12-04T17:48:28.626+0000] {taskinstance.py:1165} INFO - Dependencies all met for <TaskInstance: dag.task_0_1 manual__2022-12-04T17:48:25.200498+00:00 [queued]>
[2022-12-04T17:48:28.628+0000] {taskinstance.py:1362} INFO - 
--------------------------------------------------------------------------------
[2022-12-04T17:48:28.629+0000] {taskinstance.py:1363} INFO - Starting attempt 1 of 1
[2022-12-04T17:48:28.631+0000] {taskinstance.py:1364} INFO - 
--------------------------------------------------------------------------------
[2022-12-04T17:48:28.692+0000] {taskinstance.py:1383} INFO - Executing <Task(PythonOperator): task_0_1> on 2022-12-04 17:48:25.200498+00:00
[2022-12-04T17:48:28.708+0000] {standard_task_runner.py:55} INFO - Started process 15700 to run task
[2022-12-04T17:48:28.714+0000] {standard_task_runner.py:82} INFO - Running: ['***', 'tasks', 'run', 'dag', 'task_0_1', 'manual__2022-12-04T17:48:25.200498+00:00', '--job-id', '876', '--raw', '--subdir', 'DAGS_FOLDER/dag.py', '--cfg-path', '/tmp/tmp7zltz2_i']
[2022-12-04T17:48:28.717+0000] {standard_task_runner.py:83} INFO - Job 876: Subtask task_0_1
[2022-12-04T17:48:28.985+0000] {task_command.py:376} INFO - Running <TaskInstance: dag.task_0_1 manual__2022-12-04T17:48:25.200498+00:00 [running]> on host 37018d05bc9d
[2022-12-04T17:48:29.328+0000] {taskinstance.py:1592} INFO - Exporting the following env vars:
AIRFLOW_CTX_DAG_OWNER=lofitravel
AIRFLOW_CTX_DAG_ID=dag
AIRFLOW_CTX_TASK_ID=task_0_1
AIRFLOW_CTX_EXECUTION_DATE=2022-12-04T17:48:25.200498+00:00
AIRFLOW_CTX_TRY_NUMBER=1
AIRFLOW_CTX_DAG_RUN_ID=manual__2022-12-04T17:48:25.200498+00:00
[2022-12-04T17:48:31.265+0000] {logging_mixin.py:137} INFO - курс одного USD к EUR: 0.949973
[2022-12-04T17:48:31.875+0000] {logging_mixin.py:137} INFO - курс одного USD к RUB: 62.57434779
[2022-12-04T17:48:32.581+0000] {logging_mixin.py:137} INFO - курс одного EUR к RUB: 65.86960632
[2022-12-04T17:48:32.632+0000] {logging_mixin.py:137} INFO - None
[2022-12-04T17:48:32.688+0000] {python.py:177} INFO - Done. Returned value was: None
[2022-12-04T17:48:32.736+0000] {taskinstance.py:1406} INFO - Marking task as SUCCESS. dag_id=dag, task_id=task_0_1, execution_date=20221204T174825, start_date=20221204T174828, end_date=20221204T174832
[2022-12-04T17:48:32.897+0000] {local_task_job.py:159} INFO - Task exited with return code 0
[2022-12-04T17:48:33.027+0000] {taskinstance.py:2623} INFO - 0 downstream tasks scheduled from follow-on schedule check
