[2022-12-07T07:39:20.477+0000] {taskinstance.py:1165} INFO - Dependencies all met for <TaskInstance: dag.task_1_0 manual__2022-12-07T07:39:19.089532+00:00 [queued]>
[2022-12-07T07:39:20.496+0000] {taskinstance.py:1165} INFO - Dependencies all met for <TaskInstance: dag.task_1_0 manual__2022-12-07T07:39:19.089532+00:00 [queued]>
[2022-12-07T07:39:20.496+0000] {taskinstance.py:1362} INFO - 
--------------------------------------------------------------------------------
[2022-12-07T07:39:20.497+0000] {taskinstance.py:1363} INFO - Starting attempt 1 of 1
[2022-12-07T07:39:20.498+0000] {taskinstance.py:1364} INFO - 
--------------------------------------------------------------------------------
[2022-12-07T07:39:20.528+0000] {taskinstance.py:1383} INFO - Executing <Task(PythonOperator): task_1_0> on 2022-12-07 07:39:19.089532+00:00
[2022-12-07T07:39:20.533+0000] {standard_task_runner.py:55} INFO - Started process 29075 to run task
[2022-12-07T07:39:20.538+0000] {standard_task_runner.py:82} INFO - Running: ['***', 'tasks', 'run', 'dag', 'task_1_0', 'manual__2022-12-07T07:39:19.089532+00:00', '--job-id', '1512', '--raw', '--subdir', 'DAGS_FOLDER/dag.py', '--cfg-path', '/tmp/tmpxhu717xt']
[2022-12-07T07:39:20.539+0000] {standard_task_runner.py:83} INFO - Job 1512: Subtask task_1_0
[2022-12-07T07:39:20.631+0000] {task_command.py:376} INFO - Running <TaskInstance: dag.task_1_0 manual__2022-12-07T07:39:19.089532+00:00 [running]> on host 505aa50095aa
[2022-12-07T07:39:20.753+0000] {taskinstance.py:1592} INFO - Exporting the following env vars:
AIRFLOW_CTX_DAG_OWNER=lofitravel
AIRFLOW_CTX_DAG_ID=dag
AIRFLOW_CTX_TASK_ID=task_1_0
AIRFLOW_CTX_EXECUTION_DATE=2022-12-07T07:39:19.089532+00:00
AIRFLOW_CTX_TRY_NUMBER=1
AIRFLOW_CTX_DAG_RUN_ID=manual__2022-12-07T07:39:19.089532+00:00
[2022-12-07T07:39:21.385+0000] {logging_mixin.py:137} INFO - курс одного EUR к RUB: 65.92683611
[2022-12-07T07:39:21.408+0000] {python.py:177} INFO - Done. Returned value was: None
[2022-12-07T07:39:21.424+0000] {taskinstance.py:1406} INFO - Marking task as SUCCESS. dag_id=dag, task_id=task_1_0, execution_date=20221207T073919, start_date=20221207T073920, end_date=20221207T073921
[2022-12-07T07:39:21.482+0000] {local_task_job.py:159} INFO - Task exited with return code 0
[2022-12-07T07:39:21.551+0000] {taskinstance.py:2623} INFO - 0 downstream tasks scheduled from follow-on schedule check
