[2022-12-07T23:52:41.989+0000] {taskinstance.py:1165} INFO - Dependencies all met for <TaskInstance: dag.encryption manual__2022-12-07T23:52:40.101453+00:00 [queued]>
[2022-12-07T23:52:42.008+0000] {taskinstance.py:1165} INFO - Dependencies all met for <TaskInstance: dag.encryption manual__2022-12-07T23:52:40.101453+00:00 [queued]>
[2022-12-07T23:52:42.009+0000] {taskinstance.py:1362} INFO - 
--------------------------------------------------------------------------------
[2022-12-07T23:52:42.009+0000] {taskinstance.py:1363} INFO - Starting attempt 1 of 1
[2022-12-07T23:52:42.010+0000] {taskinstance.py:1364} INFO - 
--------------------------------------------------------------------------------
[2022-12-07T23:52:42.036+0000] {taskinstance.py:1383} INFO - Executing <Task(PythonOperator): encryption> on 2022-12-07 23:52:40.101453+00:00
[2022-12-07T23:52:42.044+0000] {standard_task_runner.py:55} INFO - Started process 421 to run task
[2022-12-07T23:52:42.053+0000] {standard_task_runner.py:82} INFO - Running: ['***', 'tasks', 'run', 'dag', 'encryption', 'manual__2022-12-07T23:52:40.101453+00:00', '--job-id', '17', '--raw', '--subdir', 'DAGS_FOLDER/dag.py', '--cfg-path', '/tmp/tmp17_dj2st']
[2022-12-07T23:52:42.055+0000] {standard_task_runner.py:83} INFO - Job 17: Subtask encryption
[2022-12-07T23:52:42.192+0000] {task_command.py:376} INFO - Running <TaskInstance: dag.encryption manual__2022-12-07T23:52:40.101453+00:00 [running]> on host 564356c68f54
[2022-12-07T23:52:42.379+0000] {taskinstance.py:1592} INFO - Exporting the following env vars:
AIRFLOW_CTX_DAG_OWNER=lofitravel
AIRFLOW_CTX_DAG_ID=dag
AIRFLOW_CTX_TASK_ID=encryption
AIRFLOW_CTX_EXECUTION_DATE=2022-12-07T23:52:40.101453+00:00
AIRFLOW_CTX_TRY_NUMBER=1
AIRFLOW_CTX_DAG_RUN_ID=manual__2022-12-07T23:52:40.101453+00:00
[2022-12-07T23:52:42.401+0000] {logging_mixin.py:137} INFO - var ['82adcbbbae7a13d16e0b68fa1f50c023', '***_user', '***_ps', '***_database']
[2022-12-07T23:52:42.404+0000] {python.py:177} INFO - Done. Returned value was: ['82adcbbbae7a13d16e0b68fa1f50c023', '***_user', '***_ps', '***_database']
[2022-12-07T23:52:42.471+0000] {taskinstance.py:1406} INFO - Marking task as SUCCESS. dag_id=dag, task_id=encryption, execution_date=20221207T235240, start_date=20221207T235241, end_date=20221207T235242
[2022-12-07T23:52:42.546+0000] {local_task_job.py:159} INFO - Task exited with return code 0
[2022-12-07T23:52:42.658+0000] {taskinstance.py:2623} INFO - 1 downstream tasks scheduled from follow-on schedule check
