[2022-12-07T13:25:36.789+0000] {taskinstance.py:1165} INFO - Dependencies all met for <TaskInstance: dag.pull_data manual__2022-12-07T13:25:28.924101+00:00 [queued]>
[2022-12-07T13:25:36.805+0000] {taskinstance.py:1165} INFO - Dependencies all met for <TaskInstance: dag.pull_data manual__2022-12-07T13:25:28.924101+00:00 [queued]>
[2022-12-07T13:25:36.805+0000] {taskinstance.py:1362} INFO - 
--------------------------------------------------------------------------------
[2022-12-07T13:25:36.806+0000] {taskinstance.py:1363} INFO - Starting attempt 1 of 1
[2022-12-07T13:25:36.807+0000] {taskinstance.py:1364} INFO - 
--------------------------------------------------------------------------------
[2022-12-07T13:25:36.826+0000] {taskinstance.py:1383} INFO - Executing <Task(PythonOperator): pull_data> on 2022-12-07 13:25:28.924101+00:00
[2022-12-07T13:25:36.831+0000] {standard_task_runner.py:55} INFO - Started process 2101 to run task
[2022-12-07T13:25:36.837+0000] {standard_task_runner.py:82} INFO - Running: ['***', 'tasks', 'run', 'dag', 'pull_data', 'manual__2022-12-07T13:25:28.924101+00:00', '--job-id', '1773', '--raw', '--subdir', 'DAGS_FOLDER/dag.py', '--cfg-path', '/tmp/tmpug2l_jtt']
[2022-12-07T13:25:36.839+0000] {standard_task_runner.py:83} INFO - Job 1773: Subtask pull_data
[2022-12-07T13:25:36.921+0000] {task_command.py:376} INFO - Running <TaskInstance: dag.pull_data manual__2022-12-07T13:25:28.924101+00:00 [running]> on host 6c11163b5e64
[2022-12-07T13:25:37.032+0000] {taskinstance.py:1592} INFO - Exporting the following env vars:
AIRFLOW_CTX_DAG_OWNER=lofitravel
AIRFLOW_CTX_DAG_ID=dag
AIRFLOW_CTX_TASK_ID=pull_data
AIRFLOW_CTX_EXECUTION_DATE=2022-12-07T13:25:28.924101+00:00
AIRFLOW_CTX_TRY_NUMBER=1
AIRFLOW_CTX_DAG_RUN_ID=manual__2022-12-07T13:25:28.924101+00:00
[2022-12-07T13:25:37.059+0000] {logging_mixin.py:137} INFO - var ['82adcbbbae7a13d16e0b68fa1f50c023', '***_user', '***_ps', '***_database']
[2022-12-07T13:25:37.069+0000] {logging_mixin.py:137} INFO - var ['82adcbbbae7a13d16e0b68fa1f50c023', '***_user', '***_ps', '***_database']
[2022-12-07T13:25:37.079+0000] {logging_mixin.py:137} INFO - var ['82adcbbbae7a13d16e0b68fa1f50c023', '***_user', '***_ps', '***_database']
[2022-12-07T13:25:37.092+0000] {logging_mixin.py:137} INFO - Postgresql connection created!
[2022-12-07T13:25:37.097+0000] {logging_mixin.py:137} INFO - Data successfully inserted!
[2022-12-07T13:25:37.098+0000] {python.py:177} INFO - Done. Returned value was: None
[2022-12-07T13:25:37.114+0000] {taskinstance.py:1406} INFO - Marking task as SUCCESS. dag_id=dag, task_id=pull_data, execution_date=20221207T132528, start_date=20221207T132536, end_date=20221207T132537
[2022-12-07T13:25:37.168+0000] {local_task_job.py:159} INFO - Task exited with return code 0
[2022-12-07T13:25:37.204+0000] {taskinstance.py:2623} INFO - 1 downstream tasks scheduled from follow-on schedule check
