[2022-12-06T23:02:26.384+0000] {taskinstance.py:1165} INFO - Dependencies all met for <TaskInstance: dag.task_0_1 manual__2022-12-06T23:02:24.856971+00:00 [queued]>
[2022-12-06T23:02:26.406+0000] {taskinstance.py:1165} INFO - Dependencies all met for <TaskInstance: dag.task_0_1 manual__2022-12-06T23:02:24.856971+00:00 [queued]>
[2022-12-06T23:02:26.407+0000] {taskinstance.py:1362} INFO - 
--------------------------------------------------------------------------------
[2022-12-06T23:02:26.408+0000] {taskinstance.py:1363} INFO - Starting attempt 1 of 1
[2022-12-06T23:02:26.411+0000] {taskinstance.py:1364} INFO - 
--------------------------------------------------------------------------------
[2022-12-06T23:02:26.437+0000] {taskinstance.py:1383} INFO - Executing <Task(PythonOperator): task_0_1> on 2022-12-06 23:02:24.856971+00:00
[2022-12-06T23:02:26.443+0000] {standard_task_runner.py:55} INFO - Started process 4663 to run task
[2022-12-06T23:02:26.449+0000] {standard_task_runner.py:82} INFO - Running: ['***', 'tasks', 'run', 'dag', 'task_0_1', 'manual__2022-12-06T23:02:24.856971+00:00', '--job-id', '1331', '--raw', '--subdir', 'DAGS_FOLDER/dag.py', '--cfg-path', '/tmp/tmpj9ix8dl9']
[2022-12-06T23:02:26.450+0000] {standard_task_runner.py:83} INFO - Job 1331: Subtask task_0_1
[2022-12-06T23:02:26.603+0000] {task_command.py:376} INFO - Running <TaskInstance: dag.task_0_1 manual__2022-12-06T23:02:24.856971+00:00 [running]> on host 505aa50095aa
[2022-12-06T23:02:26.768+0000] {taskinstance.py:1592} INFO - Exporting the following env vars:
AIRFLOW_CTX_DAG_OWNER=lofitravel
AIRFLOW_CTX_DAG_ID=dag
AIRFLOW_CTX_TASK_ID=task_0_1
AIRFLOW_CTX_EXECUTION_DATE=2022-12-06T23:02:24.856971+00:00
AIRFLOW_CTX_TRY_NUMBER=1
AIRFLOW_CTX_DAG_RUN_ID=manual__2022-12-06T23:02:24.856971+00:00
[2022-12-06T23:02:27.556+0000] {logging_mixin.py:137} INFO - курс одного USD к RUB: 61.63817356
[2022-12-06T23:02:27.582+0000] {python.py:177} INFO - Done. Returned value was: None
[2022-12-06T23:02:27.601+0000] {taskinstance.py:1406} INFO - Marking task as SUCCESS. dag_id=dag, task_id=task_0_1, execution_date=20221206T230224, start_date=20221206T230226, end_date=20221206T230227
[2022-12-06T23:02:27.635+0000] {local_task_job.py:159} INFO - Task exited with return code 0
[2022-12-06T23:02:27.671+0000] {taskinstance.py:2623} INFO - 0 downstream tasks scheduled from follow-on schedule check
