[2022-12-06T20:39:59.366+0000] {taskinstance.py:1165} INFO - Dependencies all met for <TaskInstance: dag.task_0_0 manual__2022-12-06T20:39:55.902281+00:00 [queued]>
[2022-12-06T20:39:59.441+0000] {taskinstance.py:1165} INFO - Dependencies all met for <TaskInstance: dag.task_0_0 manual__2022-12-06T20:39:55.902281+00:00 [queued]>
[2022-12-06T20:39:59.471+0000] {taskinstance.py:1362} INFO - 
--------------------------------------------------------------------------------
[2022-12-06T20:39:59.505+0000] {taskinstance.py:1363} INFO - Starting attempt 1 of 1
[2022-12-06T20:39:59.530+0000] {taskinstance.py:1364} INFO - 
--------------------------------------------------------------------------------
[2022-12-06T20:39:59.696+0000] {taskinstance.py:1383} INFO - Executing <Task(PythonOperator): task_0_0> on 2022-12-06 20:39:55.902281+00:00
[2022-12-06T20:39:59.718+0000] {standard_task_runner.py:55} INFO - Started process 2354 to run task
[2022-12-06T20:39:59.811+0000] {standard_task_runner.py:82} INFO - Running: ['***', 'tasks', 'run', 'dag', 'task_0_0', 'manual__2022-12-06T20:39:55.902281+00:00', '--job-id', '1095', '--raw', '--subdir', 'DAGS_FOLDER/dag.py', '--cfg-path', '/tmp/tmpu07v2m32']
[2022-12-06T20:39:59.840+0000] {standard_task_runner.py:83} INFO - Job 1095: Subtask task_0_0
[2022-12-06T20:40:00.315+0000] {task_command.py:376} INFO - Running <TaskInstance: dag.task_0_0 manual__2022-12-06T20:39:55.902281+00:00 [running]> on host 74768727baca
[2022-12-06T20:40:00.886+0000] {taskinstance.py:1592} INFO - Exporting the following env vars:
AIRFLOW_CTX_DAG_OWNER=lofitravel
AIRFLOW_CTX_DAG_ID=dag
AIRFLOW_CTX_TASK_ID=task_0_0
AIRFLOW_CTX_EXECUTION_DATE=2022-12-06T20:39:55.902281+00:00
AIRFLOW_CTX_TRY_NUMBER=1
AIRFLOW_CTX_DAG_RUN_ID=manual__2022-12-06T20:39:55.902281+00:00
[2022-12-06T20:40:02.204+0000] {logging_mixin.py:137} INFO - курс одного USD к EUR: 0.95527698
[2022-12-06T20:40:02.253+0000] {python.py:177} INFO - Done. Returned value was: None
[2022-12-06T20:40:02.276+0000] {taskinstance.py:1406} INFO - Marking task as SUCCESS. dag_id=dag, task_id=task_0_0, execution_date=20221206T203955, start_date=20221206T203959, end_date=20221206T204002
[2022-12-06T20:40:02.357+0000] {local_task_job.py:159} INFO - Task exited with return code 0
[2022-12-06T20:40:02.407+0000] {taskinstance.py:2623} INFO - 0 downstream tasks scheduled from follow-on schedule check
