[2022-12-06T20:38:02.772+0000] {taskinstance.py:1165} INFO - Dependencies all met for <TaskInstance: dag.create_table manual__2022-12-06T20:37:50.022823+00:00 [queued]>
[2022-12-06T20:38:02.850+0000] {taskinstance.py:1165} INFO - Dependencies all met for <TaskInstance: dag.create_table manual__2022-12-06T20:37:50.022823+00:00 [queued]>
[2022-12-06T20:38:02.852+0000] {taskinstance.py:1362} INFO - 
--------------------------------------------------------------------------------
[2022-12-06T20:38:02.862+0000] {taskinstance.py:1363} INFO - Starting attempt 1 of 1
[2022-12-06T20:38:02.872+0000] {taskinstance.py:1364} INFO - 
--------------------------------------------------------------------------------
[2022-12-06T20:38:03.033+0000] {taskinstance.py:1383} INFO - Executing <Task(PostgresOperator): create_table> on 2022-12-06 20:37:50.022823+00:00
[2022-12-06T20:38:03.052+0000] {standard_task_runner.py:55} INFO - Started process 2264 to run task
[2022-12-06T20:38:03.062+0000] {standard_task_runner.py:82} INFO - Running: ['***', 'tasks', 'run', 'dag', 'create_table', 'manual__2022-12-06T20:37:50.022823+00:00', '--job-id', '1091', '--raw', '--subdir', 'DAGS_FOLDER/dag.py', '--cfg-path', '/tmp/tmp8uornzxh']
[2022-12-06T20:38:03.090+0000] {standard_task_runner.py:83} INFO - Job 1091: Subtask create_table
[2022-12-06T20:38:03.584+0000] {task_command.py:376} INFO - Running <TaskInstance: dag.create_table manual__2022-12-06T20:37:50.022823+00:00 [running]> on host 74768727baca
[2022-12-06T20:38:04.012+0000] {taskinstance.py:1592} INFO - Exporting the following env vars:
AIRFLOW_CTX_DAG_OWNER=lofitravel
AIRFLOW_CTX_DAG_ID=dag
AIRFLOW_CTX_TASK_ID=create_table
AIRFLOW_CTX_EXECUTION_DATE=2022-12-06T20:37:50.022823+00:00
AIRFLOW_CTX_TRY_NUMBER=1
AIRFLOW_CTX_DAG_RUN_ID=manual__2022-12-06T20:37:50.022823+00:00
[2022-12-06T20:38:04.050+0000] {base.py:71} INFO - Using connection ID 'postgres_localhost' for task execution.
[2022-12-06T20:38:04.114+0000] {sql.py:315} INFO - Running statement: 
        CREATE TABLE IF NOT EXISTS pairs(
            date TIMESTAMP NOT NULL,
            ticker_from VARCHAR(3) NOT NULL,
            ticker_to VARCHAR(3) NOT NULL,
            amount FLOAT NOT NULL);
        , parameters: None
[2022-12-06T20:38:04.136+0000] {postgres.py:96} INFO - NOTICE:  relation "pairs" already exists, skipping

[2022-12-06T20:38:04.192+0000] {taskinstance.py:1406} INFO - Marking task as SUCCESS. dag_id=dag, task_id=create_table, execution_date=20221206T203750, start_date=20221206T203802, end_date=20221206T203804
[2022-12-06T20:38:04.324+0000] {local_task_job.py:159} INFO - Task exited with return code 0
[2022-12-06T20:38:04.424+0000] {taskinstance.py:2623} INFO - 0 downstream tasks scheduled from follow-on schedule check
