[2022-12-07T06:47:11.048+0000] {taskinstance.py:1165} INFO - Dependencies all met for <TaskInstance: dag.task_0_0 manual__2022-12-07T06:47:09.646061+00:00 [queued]>
[2022-12-07T06:47:11.068+0000] {taskinstance.py:1165} INFO - Dependencies all met for <TaskInstance: dag.task_0_0 manual__2022-12-07T06:47:09.646061+00:00 [queued]>
[2022-12-07T06:47:11.069+0000] {taskinstance.py:1362} INFO - 
--------------------------------------------------------------------------------
[2022-12-07T06:47:11.070+0000] {taskinstance.py:1363} INFO - Starting attempt 1 of 1
[2022-12-07T06:47:11.070+0000] {taskinstance.py:1364} INFO - 
--------------------------------------------------------------------------------
[2022-12-07T06:47:11.092+0000] {taskinstance.py:1383} INFO - Executing <Task(PythonOperator): task_0_0> on 2022-12-07 06:47:09.646061+00:00
[2022-12-07T06:47:11.098+0000] {standard_task_runner.py:55} INFO - Started process 26384 to run task
[2022-12-07T06:47:11.103+0000] {standard_task_runner.py:82} INFO - Running: ['***', 'tasks', 'run', 'dag', 'task_0_0', 'manual__2022-12-07T06:47:09.646061+00:00', '--job-id', '1355', '--raw', '--subdir', 'DAGS_FOLDER/dag.py', '--cfg-path', '/tmp/tmpikl4nbjt']
[2022-12-07T06:47:11.104+0000] {standard_task_runner.py:83} INFO - Job 1355: Subtask task_0_0
[2022-12-07T06:47:11.196+0000] {task_command.py:376} INFO - Running <TaskInstance: dag.task_0_0 manual__2022-12-07T06:47:09.646061+00:00 [running]> on host 505aa50095aa
[2022-12-07T06:47:11.289+0000] {taskinstance.py:1592} INFO - Exporting the following env vars:
AIRFLOW_CTX_DAG_OWNER=lofitravel
AIRFLOW_CTX_DAG_ID=dag
AIRFLOW_CTX_TASK_ID=task_0_0
AIRFLOW_CTX_EXECUTION_DATE=2022-12-07T06:47:09.646061+00:00
AIRFLOW_CTX_TRY_NUMBER=1
AIRFLOW_CTX_DAG_RUN_ID=manual__2022-12-07T06:47:09.646061+00:00
[2022-12-07T06:47:12.119+0000] {logging_mixin.py:137} INFO - курс одного USD к EUR: 0.95684871
[2022-12-07T06:47:12.170+0000] {python.py:177} INFO - Done. Returned value was: None
[2022-12-07T06:47:12.197+0000] {taskinstance.py:1406} INFO - Marking task as SUCCESS. dag_id=dag, task_id=task_0_0, execution_date=20221207T064709, start_date=20221207T064711, end_date=20221207T064712
[2022-12-07T06:47:12.237+0000] {local_task_job.py:159} INFO - Task exited with return code 0
[2022-12-07T06:47:12.272+0000] {taskinstance.py:2623} INFO - 0 downstream tasks scheduled from follow-on schedule check
