[2022-12-07T16:00:41.791+0000] {taskinstance.py:1165} INFO - Dependencies all met for <TaskInstance: dag.refresh_materialized manual__2022-12-07T16:00:30.777752+00:00 [queued]>
[2022-12-07T16:00:41.815+0000] {taskinstance.py:1165} INFO - Dependencies all met for <TaskInstance: dag.refresh_materialized manual__2022-12-07T16:00:30.777752+00:00 [queued]>
[2022-12-07T16:00:41.816+0000] {taskinstance.py:1362} INFO - 
--------------------------------------------------------------------------------
[2022-12-07T16:00:41.817+0000] {taskinstance.py:1363} INFO - Starting attempt 1 of 1
[2022-12-07T16:00:41.818+0000] {taskinstance.py:1364} INFO - 
--------------------------------------------------------------------------------
[2022-12-07T16:00:41.850+0000] {taskinstance.py:1383} INFO - Executing <Task(PostgresOperator): refresh_materialized> on 2022-12-07 16:00:30.777752+00:00
[2022-12-07T16:00:41.858+0000] {standard_task_runner.py:55} INFO - Started process 3496 to run task
[2022-12-07T16:00:41.864+0000] {standard_task_runner.py:82} INFO - Running: ['***', 'tasks', 'run', 'dag', 'refresh_materialized', 'manual__2022-12-07T16:00:30.777752+00:00', '--job-id', '1823', '--raw', '--subdir', 'DAGS_FOLDER/dag.py', '--cfg-path', '/tmp/tmpxp9ayd6h']
[2022-12-07T16:00:41.865+0000] {standard_task_runner.py:83} INFO - Job 1823: Subtask refresh_materialized
[2022-12-07T16:00:41.988+0000] {task_command.py:376} INFO - Running <TaskInstance: dag.refresh_materialized manual__2022-12-07T16:00:30.777752+00:00 [running]> on host 20d9dd97c6ff
[2022-12-07T16:00:42.137+0000] {taskinstance.py:1592} INFO - Exporting the following env vars:
AIRFLOW_CTX_DAG_OWNER=lofitravel
AIRFLOW_CTX_DAG_ID=dag
AIRFLOW_CTX_TASK_ID=refresh_materialized
AIRFLOW_CTX_EXECUTION_DATE=2022-12-07T16:00:30.777752+00:00
AIRFLOW_CTX_TRY_NUMBER=1
AIRFLOW_CTX_DAG_RUN_ID=manual__2022-12-07T16:00:30.777752+00:00
[2022-12-07T16:00:42.150+0000] {base.py:71} INFO - Using connection ID 'postgres_localhost' for task execution.
[2022-12-07T16:00:42.163+0000] {sql.py:315} INFO - Running statement: REFRESH MATERIALIZED VIEW predictions
        , parameters: None
[2022-12-07T16:00:42.194+0000] {taskinstance.py:1406} INFO - Marking task as SUCCESS. dag_id=dag, task_id=refresh_materialized, execution_date=20221207T160030, start_date=20221207T160041, end_date=20221207T160042
[2022-12-07T16:00:42.236+0000] {local_task_job.py:159} INFO - Task exited with return code 0
[2022-12-07T16:00:42.262+0000] {taskinstance.py:2623} INFO - 0 downstream tasks scheduled from follow-on schedule check
