[2022-12-06T09:43:20.678+0000] {taskinstance.py:1165} INFO - Dependencies all met for <TaskInstance: dag.task_1_0 scheduled__2022-12-05T00:00:00+00:00 [queued]>
[2022-12-06T09:43:20.752+0000] {taskinstance.py:1165} INFO - Dependencies all met for <TaskInstance: dag.task_1_0 scheduled__2022-12-05T00:00:00+00:00 [queued]>
[2022-12-06T09:43:20.766+0000] {taskinstance.py:1362} INFO - 
--------------------------------------------------------------------------------
[2022-12-06T09:43:20.779+0000] {taskinstance.py:1363} INFO - Starting attempt 1 of 1
[2022-12-06T09:43:20.786+0000] {taskinstance.py:1364} INFO - 
--------------------------------------------------------------------------------
[2022-12-06T09:43:20.874+0000] {taskinstance.py:1383} INFO - Executing <Task(PythonOperator): task_1_0> on 2022-12-05 00:00:00+00:00
[2022-12-06T09:43:20.896+0000] {standard_task_runner.py:55} INFO - Started process 71 to run task
[2022-12-06T09:43:20.903+0000] {standard_task_runner.py:82} INFO - Running: ['***', 'tasks', 'run', 'dag', 'task_1_0', 'scheduled__2022-12-05T00:00:00+00:00', '--job-id', '1031', '--raw', '--subdir', 'DAGS_FOLDER/dag.py', '--cfg-path', '/tmp/tmp20cojir_']
[2022-12-06T09:43:20.907+0000] {standard_task_runner.py:83} INFO - Job 1031: Subtask task_1_0
[2022-12-06T09:43:21.249+0000] {task_command.py:376} INFO - Running <TaskInstance: dag.task_1_0 scheduled__2022-12-05T00:00:00+00:00 [running]> on host ac7ba1737e5d
[2022-12-06T09:43:21.751+0000] {taskinstance.py:1592} INFO - Exporting the following env vars:
AIRFLOW_CTX_DAG_OWNER=lofitravel
AIRFLOW_CTX_DAG_ID=dag
AIRFLOW_CTX_TASK_ID=task_1_0
AIRFLOW_CTX_EXECUTION_DATE=2022-12-05T00:00:00+00:00
AIRFLOW_CTX_TRY_NUMBER=1
AIRFLOW_CTX_DAG_RUN_ID=scheduled__2022-12-05T00:00:00+00:00
[2022-12-06T09:43:24.103+0000] {logging_mixin.py:137} INFO - курс одного EUR к RUB: 66.25647977
[2022-12-06T09:43:24.105+0000] {python.py:177} INFO - Done. Returned value was: None
[2022-12-06T09:43:24.138+0000] {taskinstance.py:1406} INFO - Marking task as SUCCESS. dag_id=dag, task_id=task_1_0, execution_date=20221205T000000, start_date=20221206T094320, end_date=20221206T094324
[2022-12-06T09:43:24.184+0000] {local_task_job.py:159} INFO - Task exited with return code 0
[2022-12-06T09:43:24.247+0000] {taskinstance.py:2623} INFO - 0 downstream tasks scheduled from follow-on schedule check
