[2022-12-07T21:08:32.373+0000] {taskinstance.py:1165} INFO - Dependencies all met for <TaskInstance: dag.task_0_1 manual__2022-12-07T21:08:29.175373+00:00 [queued]>
[2022-12-07T21:08:32.434+0000] {taskinstance.py:1165} INFO - Dependencies all met for <TaskInstance: dag.task_0_1 manual__2022-12-07T21:08:29.175373+00:00 [queued]>
[2022-12-07T21:08:32.435+0000] {taskinstance.py:1362} INFO - 
--------------------------------------------------------------------------------
[2022-12-07T21:08:32.436+0000] {taskinstance.py:1363} INFO - Starting attempt 1 of 1
[2022-12-07T21:08:32.440+0000] {taskinstance.py:1364} INFO - 
--------------------------------------------------------------------------------
[2022-12-07T21:08:32.565+0000] {taskinstance.py:1383} INFO - Executing <Task(PythonOperator): task_0_1> on 2022-12-07 21:08:29.175373+00:00
[2022-12-07T21:08:32.602+0000] {standard_task_runner.py:55} INFO - Started process 10523 to run task
[2022-12-07T21:08:32.604+0000] {standard_task_runner.py:82} INFO - Running: ['***', 'tasks', 'run', 'dag', 'task_0_1', 'manual__2022-12-07T21:08:29.175373+00:00', '--job-id', '1969', '--raw', '--subdir', 'DAGS_FOLDER/dag.py', '--cfg-path', '/tmp/tmpz71o0zid']
[2022-12-07T21:08:32.614+0000] {standard_task_runner.py:83} INFO - Job 1969: Subtask task_0_1
[2022-12-07T21:08:33.188+0000] {task_command.py:376} INFO - Running <TaskInstance: dag.task_0_1 manual__2022-12-07T21:08:29.175373+00:00 [running]> on host a9d6893ff63e
[2022-12-07T21:08:33.713+0000] {taskinstance.py:1592} INFO - Exporting the following env vars:
AIRFLOW_CTX_DAG_OWNER=lofitravel
AIRFLOW_CTX_DAG_ID=dag
AIRFLOW_CTX_TASK_ID=task_0_1
AIRFLOW_CTX_EXECUTION_DATE=2022-12-07T21:08:29.175373+00:00
AIRFLOW_CTX_TRY_NUMBER=1
AIRFLOW_CTX_DAG_RUN_ID=manual__2022-12-07T21:08:29.175373+00:00
[2022-12-07T21:08:37.079+0000] {logging_mixin.py:137} INFO - курс одного USD к RUB: 63.47774689
[2022-12-07T21:08:37.138+0000] {python.py:177} INFO - Done. Returned value was: None
[2022-12-07T21:08:37.157+0000] {taskinstance.py:1406} INFO - Marking task as SUCCESS. dag_id=dag, task_id=task_0_1, execution_date=20221207T210829, start_date=20221207T210832, end_date=20221207T210837
[2022-12-07T21:08:37.211+0000] {local_task_job.py:159} INFO - Task exited with return code 0
[2022-12-07T21:08:37.262+0000] {taskinstance.py:2623} INFO - 0 downstream tasks scheduled from follow-on schedule check
