[2022-12-07T19:15:22.561+0000] {taskinstance.py:1165} INFO - Dependencies all met for <TaskInstance: dag.task_1_0 manual__2022-12-07T19:15:19.388146+00:00 [queued]>
[2022-12-07T19:15:22.576+0000] {taskinstance.py:1165} INFO - Dependencies all met for <TaskInstance: dag.task_1_0 manual__2022-12-07T19:15:19.388146+00:00 [queued]>
[2022-12-07T19:15:22.577+0000] {taskinstance.py:1362} INFO - 
--------------------------------------------------------------------------------
[2022-12-07T19:15:22.577+0000] {taskinstance.py:1363} INFO - Starting attempt 1 of 1
[2022-12-07T19:15:22.578+0000] {taskinstance.py:1364} INFO - 
--------------------------------------------------------------------------------
[2022-12-07T19:15:22.594+0000] {taskinstance.py:1383} INFO - Executing <Task(PythonOperator): task_1_0> on 2022-12-07 19:15:19.388146+00:00
[2022-12-07T19:15:22.598+0000] {standard_task_runner.py:55} INFO - Started process 5457 to run task
[2022-12-07T19:15:22.602+0000] {standard_task_runner.py:82} INFO - Running: ['***', 'tasks', 'run', 'dag', 'task_1_0', 'manual__2022-12-07T19:15:19.388146+00:00', '--job-id', '1861', '--raw', '--subdir', 'DAGS_FOLDER/dag.py', '--cfg-path', '/tmp/tmph9qnykgq']
[2022-12-07T19:15:22.603+0000] {standard_task_runner.py:83} INFO - Job 1861: Subtask task_1_0
[2022-12-07T19:15:22.685+0000] {task_command.py:376} INFO - Running <TaskInstance: dag.task_1_0 manual__2022-12-07T19:15:19.388146+00:00 [running]> on host a9d6893ff63e
[2022-12-07T19:15:22.890+0000] {taskinstance.py:1592} INFO - Exporting the following env vars:
AIRFLOW_CTX_DAG_OWNER=lofitravel
AIRFLOW_CTX_DAG_ID=dag
AIRFLOW_CTX_TASK_ID=task_1_0
AIRFLOW_CTX_EXECUTION_DATE=2022-12-07T19:15:19.388146+00:00
AIRFLOW_CTX_TRY_NUMBER=1
AIRFLOW_CTX_DAG_RUN_ID=manual__2022-12-07T19:15:19.388146+00:00
[2022-12-07T19:15:25.478+0000] {logging_mixin.py:137} INFO - курс одного EUR к RUB: 66.73681665
[2022-12-07T19:15:25.594+0000] {python.py:177} INFO - Done. Returned value was: None
[2022-12-07T19:15:25.620+0000] {taskinstance.py:1406} INFO - Marking task as SUCCESS. dag_id=dag, task_id=task_1_0, execution_date=20221207T191519, start_date=20221207T191522, end_date=20221207T191525
[2022-12-07T19:15:25.721+0000] {local_task_job.py:159} INFO - Task exited with return code 0
[2022-12-07T19:15:25.853+0000] {taskinstance.py:2623} INFO - 0 downstream tasks scheduled from follow-on schedule check
