[2022-12-05T21:13:35.348+0000] {taskinstance.py:1165} INFO - Dependencies all met for <TaskInstance: dag.task_0_0 manual__2022-12-05T21:13:33.573012+00:00 [queued]>
[2022-12-05T21:13:35.368+0000] {taskinstance.py:1165} INFO - Dependencies all met for <TaskInstance: dag.task_0_0 manual__2022-12-05T21:13:33.573012+00:00 [queued]>
[2022-12-05T21:13:35.369+0000] {taskinstance.py:1362} INFO - 
--------------------------------------------------------------------------------
[2022-12-05T21:13:35.369+0000] {taskinstance.py:1363} INFO - Starting attempt 1 of 1
[2022-12-05T21:13:35.370+0000] {taskinstance.py:1364} INFO - 
--------------------------------------------------------------------------------
[2022-12-05T21:13:35.392+0000] {taskinstance.py:1383} INFO - Executing <Task(PythonOperator): task_0_0> on 2022-12-05 21:13:33.573012+00:00
[2022-12-05T21:13:35.399+0000] {standard_task_runner.py:55} INFO - Started process 408 to run task
[2022-12-05T21:13:35.405+0000] {standard_task_runner.py:82} INFO - Running: ['***', 'tasks', 'run', 'dag', 'task_0_0', 'manual__2022-12-05T21:13:33.573012+00:00', '--job-id', '964', '--raw', '--subdir', 'DAGS_FOLDER/dag.py', '--cfg-path', '/tmp/tmpv0ku_9ox']
[2022-12-05T21:13:35.407+0000] {standard_task_runner.py:83} INFO - Job 964: Subtask task_0_0
[2022-12-05T21:13:35.535+0000] {task_command.py:376} INFO - Running <TaskInstance: dag.task_0_0 manual__2022-12-05T21:13:33.573012+00:00 [running]> on host cd03d50e9713
[2022-12-05T21:13:35.685+0000] {taskinstance.py:1592} INFO - Exporting the following env vars:
AIRFLOW_CTX_DAG_OWNER=lofitravel
AIRFLOW_CTX_DAG_ID=dag
AIRFLOW_CTX_TASK_ID=task_0_0
AIRFLOW_CTX_EXECUTION_DATE=2022-12-05T21:13:33.573012+00:00
AIRFLOW_CTX_TRY_NUMBER=1
AIRFLOW_CTX_DAG_RUN_ID=manual__2022-12-05T21:13:33.573012+00:00
[2022-12-05T21:13:36.624+0000] {logging_mixin.py:137} INFO - курс одного USD к EUR: 0.95329803
[2022-12-05T21:13:36.625+0000] {python.py:177} INFO - Done. Returned value was: None
[2022-12-05T21:13:36.638+0000] {taskinstance.py:1406} INFO - Marking task as SUCCESS. dag_id=dag, task_id=task_0_0, execution_date=20221205T211333, start_date=20221205T211335, end_date=20221205T211336
[2022-12-05T21:13:36.664+0000] {local_task_job.py:159} INFO - Task exited with return code 0
[2022-12-05T21:13:36.686+0000] {taskinstance.py:2623} INFO - 0 downstream tasks scheduled from follow-on schedule check
