[2022-12-05T20:33:42.170+0000] {taskinstance.py:1165} INFO - Dependencies all met for <TaskInstance: dag.task_1_0 manual__2022-12-05T20:33:39.741629+00:00 [queued]>
[2022-12-05T20:33:42.199+0000] {taskinstance.py:1165} INFO - Dependencies all met for <TaskInstance: dag.task_1_0 manual__2022-12-05T20:33:39.741629+00:00 [queued]>
[2022-12-05T20:33:42.201+0000] {taskinstance.py:1362} INFO - 
--------------------------------------------------------------------------------
[2022-12-05T20:33:42.203+0000] {taskinstance.py:1363} INFO - Starting attempt 1 of 1
[2022-12-05T20:33:42.205+0000] {taskinstance.py:1364} INFO - 
--------------------------------------------------------------------------------
[2022-12-05T20:33:42.267+0000] {taskinstance.py:1383} INFO - Executing <Task(PythonOperator): task_1_0> on 2022-12-05 20:33:39.741629+00:00
[2022-12-05T20:33:42.279+0000] {standard_task_runner.py:55} INFO - Started process 6169 to run task
[2022-12-05T20:33:42.289+0000] {standard_task_runner.py:82} INFO - Running: ['***', 'tasks', 'run', 'dag', 'task_1_0', 'manual__2022-12-05T20:33:39.741629+00:00', '--job-id', '936', '--raw', '--subdir', 'DAGS_FOLDER/dag.py', '--cfg-path', '/tmp/tmp4xjmj9k7']
[2022-12-05T20:33:42.291+0000] {standard_task_runner.py:83} INFO - Job 936: Subtask task_1_0
[2022-12-05T20:33:42.437+0000] {task_command.py:376} INFO - Running <TaskInstance: dag.task_1_0 manual__2022-12-05T20:33:39.741629+00:00 [running]> on host 02acd0b59b6f
[2022-12-05T20:33:42.582+0000] {taskinstance.py:1592} INFO - Exporting the following env vars:
AIRFLOW_CTX_DAG_OWNER=lofitravel
AIRFLOW_CTX_DAG_ID=dag
AIRFLOW_CTX_TASK_ID=task_1_0
AIRFLOW_CTX_EXECUTION_DATE=2022-12-05T20:33:39.741629+00:00
AIRFLOW_CTX_TRY_NUMBER=1
AIRFLOW_CTX_DAG_RUN_ID=manual__2022-12-05T20:33:39.741629+00:00
[2022-12-05T20:33:43.969+0000] {logging_mixin.py:137} INFO - курс одного EUR к RUB: 65.56637764
[2022-12-05T20:33:43.970+0000] {python.py:177} INFO - Done. Returned value was: None
[2022-12-05T20:33:43.983+0000] {taskinstance.py:1406} INFO - Marking task as SUCCESS. dag_id=dag, task_id=task_1_0, execution_date=20221205T203339, start_date=20221205T203342, end_date=20221205T203343
[2022-12-05T20:33:44.039+0000] {local_task_job.py:159} INFO - Task exited with return code 0
[2022-12-05T20:33:44.067+0000] {taskinstance.py:2623} INFO - 0 downstream tasks scheduled from follow-on schedule check
