[2022-12-07T10:37:11.036+0000] {taskinstance.py:1165} INFO - Dependencies all met for <TaskInstance: dag.task_0_0 manual__2022-12-07T10:37:09.171786+00:00 [queued]>
[2022-12-07T10:37:11.061+0000] {taskinstance.py:1165} INFO - Dependencies all met for <TaskInstance: dag.task_0_0 manual__2022-12-07T10:37:09.171786+00:00 [queued]>
[2022-12-07T10:37:11.062+0000] {taskinstance.py:1362} INFO - 
--------------------------------------------------------------------------------
[2022-12-07T10:37:11.062+0000] {taskinstance.py:1363} INFO - Starting attempt 1 of 1
[2022-12-07T10:37:11.063+0000] {taskinstance.py:1364} INFO - 
--------------------------------------------------------------------------------
[2022-12-07T10:37:11.093+0000] {taskinstance.py:1383} INFO - Executing <Task(PythonOperator): task_0_0> on 2022-12-07 10:37:09.171786+00:00
[2022-12-07T10:37:11.101+0000] {standard_task_runner.py:55} INFO - Started process 926 to run task
[2022-12-07T10:37:11.110+0000] {standard_task_runner.py:82} INFO - Running: ['***', 'tasks', 'run', 'dag', 'task_0_0', 'manual__2022-12-07T10:37:09.171786+00:00', '--job-id', '1652', '--raw', '--subdir', 'DAGS_FOLDER/dag.py', '--cfg-path', '/tmp/tmp1kzqxj25']
[2022-12-07T10:37:11.111+0000] {standard_task_runner.py:83} INFO - Job 1652: Subtask task_0_0
[2022-12-07T10:37:11.264+0000] {task_command.py:376} INFO - Running <TaskInstance: dag.task_0_0 manual__2022-12-07T10:37:09.171786+00:00 [running]> on host ede3719a0239
[2022-12-07T10:37:11.444+0000] {taskinstance.py:1592} INFO - Exporting the following env vars:
AIRFLOW_CTX_DAG_OWNER=lofitravel
AIRFLOW_CTX_DAG_ID=dag
AIRFLOW_CTX_TASK_ID=task_0_0
AIRFLOW_CTX_EXECUTION_DATE=2022-12-07T10:37:09.171786+00:00
AIRFLOW_CTX_TRY_NUMBER=1
AIRFLOW_CTX_DAG_RUN_ID=manual__2022-12-07T10:37:09.171786+00:00
[2022-12-07T10:37:12.415+0000] {logging_mixin.py:137} INFO - курс одного USD к EUR: 0.95338988
[2022-12-07T10:37:12.458+0000] {python.py:177} INFO - Done. Returned value was: None
[2022-12-07T10:37:12.482+0000] {taskinstance.py:1406} INFO - Marking task as SUCCESS. dag_id=dag, task_id=task_0_0, execution_date=20221207T103709, start_date=20221207T103711, end_date=20221207T103712
[2022-12-07T10:37:12.562+0000] {local_task_job.py:159} INFO - Task exited with return code 0
[2022-12-07T10:37:12.608+0000] {taskinstance.py:2623} INFO - 0 downstream tasks scheduled from follow-on schedule check
