[2022-12-06T20:04:32.680+0000] {taskinstance.py:1165} INFO - Dependencies all met for <TaskInstance: dag.task_1_0 manual__2022-12-06T20:04:30.829311+00:00 [queued]>
[2022-12-06T20:04:32.704+0000] {taskinstance.py:1165} INFO - Dependencies all met for <TaskInstance: dag.task_1_0 manual__2022-12-06T20:04:30.829311+00:00 [queued]>
[2022-12-06T20:04:32.705+0000] {taskinstance.py:1362} INFO - 
--------------------------------------------------------------------------------
[2022-12-06T20:04:32.706+0000] {taskinstance.py:1363} INFO - Starting attempt 1 of 1
[2022-12-06T20:04:32.707+0000] {taskinstance.py:1364} INFO - 
--------------------------------------------------------------------------------
[2022-12-06T20:04:32.735+0000] {taskinstance.py:1383} INFO - Executing <Task(PythonOperator): task_1_0> on 2022-12-06 20:04:30.829311+00:00
[2022-12-06T20:04:32.743+0000] {standard_task_runner.py:55} INFO - Started process 717 to run task
[2022-12-06T20:04:32.748+0000] {standard_task_runner.py:82} INFO - Running: ['***', 'tasks', 'run', 'dag', 'task_1_0', 'manual__2022-12-06T20:04:30.829311+00:00', '--job-id', '1068', '--raw', '--subdir', 'DAGS_FOLDER/dag.py', '--cfg-path', '/tmp/tmpflu8sof0']
[2022-12-06T20:04:32.749+0000] {standard_task_runner.py:83} INFO - Job 1068: Subtask task_1_0
[2022-12-06T20:04:32.855+0000] {task_command.py:376} INFO - Running <TaskInstance: dag.task_1_0 manual__2022-12-06T20:04:30.829311+00:00 [running]> on host 74768727baca
[2022-12-06T20:04:32.963+0000] {taskinstance.py:1592} INFO - Exporting the following env vars:
AIRFLOW_CTX_DAG_OWNER=lofitravel
AIRFLOW_CTX_DAG_ID=dag
AIRFLOW_CTX_TASK_ID=task_1_0
AIRFLOW_CTX_EXECUTION_DATE=2022-12-06T20:04:30.829311+00:00
AIRFLOW_CTX_TRY_NUMBER=1
AIRFLOW_CTX_DAG_RUN_ID=manual__2022-12-06T20:04:30.829311+00:00
[2022-12-06T20:04:33.773+0000] {logging_mixin.py:137} INFO - курс одного EUR к RUB: 66.3323057
[2022-12-06T20:04:33.817+0000] {python.py:177} INFO - Done. Returned value was: None
[2022-12-06T20:04:33.848+0000] {taskinstance.py:1406} INFO - Marking task as SUCCESS. dag_id=dag, task_id=task_1_0, execution_date=20221206T200430, start_date=20221206T200432, end_date=20221206T200433
[2022-12-06T20:04:33.925+0000] {local_task_job.py:159} INFO - Task exited with return code 0
[2022-12-06T20:04:34.083+0000] {taskinstance.py:2623} INFO - 1 downstream tasks scheduled from follow-on schedule check
