[2022-12-04T15:34:02.644+0000] {taskinstance.py:1165} INFO - Dependencies all met for <TaskInstance: dag.task_3 scheduled__2022-12-04T15:33:00+00:00 [queued]>
[2022-12-04T15:34:02.656+0000] {taskinstance.py:1165} INFO - Dependencies all met for <TaskInstance: dag.task_3 scheduled__2022-12-04T15:33:00+00:00 [queued]>
[2022-12-04T15:34:02.656+0000] {taskinstance.py:1362} INFO - 
--------------------------------------------------------------------------------
[2022-12-04T15:34:02.657+0000] {taskinstance.py:1363} INFO - Starting attempt 1 of 1
[2022-12-04T15:34:02.657+0000] {taskinstance.py:1364} INFO - 
--------------------------------------------------------------------------------
[2022-12-04T15:34:02.678+0000] {taskinstance.py:1383} INFO - Executing <Task(BashOperator): task_3> on 2022-12-04 15:33:00+00:00
[2022-12-04T15:34:02.683+0000] {standard_task_runner.py:55} INFO - Started process 8789 to run task
[2022-12-04T15:34:02.686+0000] {standard_task_runner.py:82} INFO - Running: ['***', 'tasks', 'run', 'dag', 'task_3', 'scheduled__2022-12-04T15:33:00+00:00', '--job-id', '573', '--raw', '--subdir', 'DAGS_FOLDER/dag.py', '--cfg-path', '/tmp/tmpidklwirj']
[2022-12-04T15:34:02.687+0000] {standard_task_runner.py:83} INFO - Job 573: Subtask task_3
[2022-12-04T15:34:02.777+0000] {task_command.py:376} INFO - Running <TaskInstance: dag.task_3 scheduled__2022-12-04T15:33:00+00:00 [running]> on host 37018d05bc9d
[2022-12-04T15:34:02.877+0000] {taskinstance.py:1592} INFO - Exporting the following env vars:
AIRFLOW_CTX_DAG_OWNER=lofitravel
AIRFLOW_CTX_DAG_ID=dag
AIRFLOW_CTX_TASK_ID=task_3
AIRFLOW_CTX_EXECUTION_DATE=2022-12-04T15:33:00+00:00
AIRFLOW_CTX_TRY_NUMBER=1
AIRFLOW_CTX_DAG_RUN_ID=scheduled__2022-12-04T15:33:00+00:00
[2022-12-04T15:34:02.878+0000] {subprocess.py:63} INFO - Tmp dir root location: 
 /tmp
[2022-12-04T15:34:02.879+0000] {subprocess.py:75} INFO - Running command: ['/bin/bash', '-c', 'echo "Hello World from Task 3"']
[2022-12-04T15:34:02.890+0000] {subprocess.py:86} INFO - Output:
[2022-12-04T15:34:02.891+0000] {subprocess.py:93} INFO - Hello World from Task 3
[2022-12-04T15:34:02.892+0000] {subprocess.py:97} INFO - Command exited with return code 0
[2022-12-04T15:34:02.920+0000] {taskinstance.py:1406} INFO - Marking task as SUCCESS. dag_id=dag, task_id=task_3, execution_date=20221204T153300, start_date=20221204T153402, end_date=20221204T153402
[2022-12-04T15:34:02.979+0000] {local_task_job.py:159} INFO - Task exited with return code 0
[2022-12-04T15:34:03.002+0000] {taskinstance.py:2623} INFO - 0 downstream tasks scheduled from follow-on schedule check
