[2022-12-04T13:49:04.024+0000] {taskinstance.py:1165} INFO - Dependencies all met for <TaskInstance: dag.task_4 scheduled__2022-12-04T13:48:00+00:00 [queued]>
[2022-12-04T13:49:04.046+0000] {taskinstance.py:1165} INFO - Dependencies all met for <TaskInstance: dag.task_4 scheduled__2022-12-04T13:48:00+00:00 [queued]>
[2022-12-04T13:49:04.047+0000] {taskinstance.py:1362} INFO - 
--------------------------------------------------------------------------------
[2022-12-04T13:49:04.048+0000] {taskinstance.py:1363} INFO - Starting attempt 1 of 1
[2022-12-04T13:49:04.050+0000] {taskinstance.py:1364} INFO - 
--------------------------------------------------------------------------------
[2022-12-04T13:49:04.078+0000] {taskinstance.py:1383} INFO - Executing <Task(BashOperator): task_4> on 2022-12-04 13:48:00+00:00
[2022-12-04T13:49:04.084+0000] {standard_task_runner.py:55} INFO - Started process 2635 to run task
[2022-12-04T13:49:04.088+0000] {standard_task_runner.py:82} INFO - Running: ['***', 'tasks', 'run', 'dag', 'task_4', 'scheduled__2022-12-04T13:48:00+00:00', '--job-id', '154', '--raw', '--subdir', 'DAGS_FOLDER/dag.py', '--cfg-path', '/tmp/tmph4bc_sn6']
[2022-12-04T13:49:04.089+0000] {standard_task_runner.py:83} INFO - Job 154: Subtask task_4
[2022-12-04T13:49:04.172+0000] {task_command.py:376} INFO - Running <TaskInstance: dag.task_4 scheduled__2022-12-04T13:48:00+00:00 [running]> on host 37018d05bc9d
[2022-12-04T13:49:04.273+0000] {taskinstance.py:1592} INFO - Exporting the following env vars:
AIRFLOW_CTX_DAG_OWNER=lofitravel
AIRFLOW_CTX_DAG_ID=dag
AIRFLOW_CTX_TASK_ID=task_4
AIRFLOW_CTX_EXECUTION_DATE=2022-12-04T13:48:00+00:00
AIRFLOW_CTX_TRY_NUMBER=1
AIRFLOW_CTX_DAG_RUN_ID=scheduled__2022-12-04T13:48:00+00:00
[2022-12-04T13:49:04.275+0000] {subprocess.py:63} INFO - Tmp dir root location: 
 /tmp
[2022-12-04T13:49:04.276+0000] {subprocess.py:75} INFO - Running command: ['/bin/bash', '-c', 'echo "Hello World from Task 4"']
[2022-12-04T13:49:04.290+0000] {subprocess.py:86} INFO - Output:
[2022-12-04T13:49:04.292+0000] {subprocess.py:93} INFO - Hello World from Task 4
[2022-12-04T13:49:04.294+0000] {subprocess.py:97} INFO - Command exited with return code 0
[2022-12-04T13:49:04.384+0000] {taskinstance.py:1406} INFO - Marking task as SUCCESS. dag_id=dag, task_id=task_4, execution_date=20221204T134800, start_date=20221204T134904, end_date=20221204T134904
[2022-12-04T13:49:04.421+0000] {local_task_job.py:159} INFO - Task exited with return code 0
[2022-12-04T13:49:04.442+0000] {taskinstance.py:2623} INFO - 0 downstream tasks scheduled from follow-on schedule check
