[2022-12-07T20:59:04.510+0000] {taskinstance.py:1165} INFO - Dependencies all met for <TaskInstance: dag.procedure_insert manual__2022-12-07T20:58:42.614214+00:00 [queued]>
[2022-12-07T20:59:04.538+0000] {taskinstance.py:1165} INFO - Dependencies all met for <TaskInstance: dag.procedure_insert manual__2022-12-07T20:58:42.614214+00:00 [queued]>
[2022-12-07T20:59:04.539+0000] {taskinstance.py:1362} INFO - 
--------------------------------------------------------------------------------
[2022-12-07T20:59:04.540+0000] {taskinstance.py:1363} INFO - Starting attempt 1 of 1
[2022-12-07T20:59:04.541+0000] {taskinstance.py:1364} INFO - 
--------------------------------------------------------------------------------
[2022-12-07T20:59:04.574+0000] {taskinstance.py:1383} INFO - Executing <Task(PostgresOperator): procedure_insert> on 2022-12-07 20:58:42.614214+00:00
[2022-12-07T20:59:04.584+0000] {standard_task_runner.py:55} INFO - Started process 10092 to run task
[2022-12-07T20:59:04.598+0000] {standard_task_runner.py:82} INFO - Running: ['***', 'tasks', 'run', 'dag', 'procedure_insert', 'manual__2022-12-07T20:58:42.614214+00:00', '--job-id', '1967', '--raw', '--subdir', 'DAGS_FOLDER/dag.py', '--cfg-path', '/tmp/tmph3xm9xhp']
[2022-12-07T20:59:04.599+0000] {standard_task_runner.py:83} INFO - Job 1967: Subtask procedure_insert
[2022-12-07T20:59:04.733+0000] {task_command.py:376} INFO - Running <TaskInstance: dag.procedure_insert manual__2022-12-07T20:58:42.614214+00:00 [running]> on host a9d6893ff63e
[2022-12-07T20:59:04.861+0000] {taskinstance.py:1592} INFO - Exporting the following env vars:
AIRFLOW_CTX_DAG_OWNER=lofitravel
AIRFLOW_CTX_DAG_ID=dag
AIRFLOW_CTX_TASK_ID=procedure_insert
AIRFLOW_CTX_EXECUTION_DATE=2022-12-07T20:58:42.614214+00:00
AIRFLOW_CTX_TRY_NUMBER=1
AIRFLOW_CTX_DAG_RUN_ID=manual__2022-12-07T20:58:42.614214+00:00
[2022-12-07T20:59:04.877+0000] {base.py:71} INFO - Using connection ID 'postgres_localhost' for task execution.
[2022-12-07T20:59:04.894+0000] {sql.py:315} INFO - Running statement: 
            CREATE OR REPLACE PROCEDURE insert_data()
            LANGUAGE SQL
            AS $$
            INSERT INTO prediction_table
            SELECT date + interval '1 day', ticker_from, ticker_to, amount from pairs 
            WHERE date = CURRENT_DATE 
            $$;
            CALL insert_data(); , parameters: None
[2022-12-07T20:59:04.918+0000] {taskinstance.py:1406} INFO - Marking task as SUCCESS. dag_id=dag, task_id=procedure_insert, execution_date=20221207T205842, start_date=20221207T205904, end_date=20221207T205904
[2022-12-07T20:59:04.967+0000] {local_task_job.py:159} INFO - Task exited with return code 0
[2022-12-07T20:59:05.000+0000] {taskinstance.py:2623} INFO - 0 downstream tasks scheduled from follow-on schedule check
