[2022-12-07T12:43:19.471+0000] {taskinstance.py:1165} INFO - Dependencies all met for <TaskInstance: dag.task_1_0 manual__2022-12-07T12:43:15.623447+00:00 [queued]>
[2022-12-07T12:43:19.532+0000] {taskinstance.py:1165} INFO - Dependencies all met for <TaskInstance: dag.task_1_0 manual__2022-12-07T12:43:15.623447+00:00 [queued]>
[2022-12-07T12:43:19.539+0000] {taskinstance.py:1362} INFO - 
--------------------------------------------------------------------------------
[2022-12-07T12:43:19.545+0000] {taskinstance.py:1363} INFO - Starting attempt 1 of 1
[2022-12-07T12:43:19.547+0000] {taskinstance.py:1364} INFO - 
--------------------------------------------------------------------------------
[2022-12-07T12:43:19.599+0000] {taskinstance.py:1383} INFO - Executing <Task(PythonOperator): task_1_0> on 2022-12-07 12:43:15.623447+00:00
[2022-12-07T12:43:19.609+0000] {standard_task_runner.py:55} INFO - Started process 128 to run task
[2022-12-07T12:43:19.618+0000] {standard_task_runner.py:82} INFO - Running: ['***', 'tasks', 'run', 'dag', 'task_1_0', 'manual__2022-12-07T12:43:15.623447+00:00', '--job-id', '1739', '--raw', '--subdir', 'DAGS_FOLDER/dag.py', '--cfg-path', '/tmp/tmpxdi7laec']
[2022-12-07T12:43:19.620+0000] {standard_task_runner.py:83} INFO - Job 1739: Subtask task_1_0
[2022-12-07T12:43:19.822+0000] {task_command.py:376} INFO - Running <TaskInstance: dag.task_1_0 manual__2022-12-07T12:43:15.623447+00:00 [running]> on host 6c11163b5e64
[2022-12-07T12:43:19.978+0000] {taskinstance.py:1592} INFO - Exporting the following env vars:
AIRFLOW_CTX_DAG_OWNER=lofitravel
AIRFLOW_CTX_DAG_ID=dag
AIRFLOW_CTX_TASK_ID=task_1_0
AIRFLOW_CTX_EXECUTION_DATE=2022-12-07T12:43:15.623447+00:00
AIRFLOW_CTX_TRY_NUMBER=1
AIRFLOW_CTX_DAG_RUN_ID=manual__2022-12-07T12:43:15.623447+00:00
[2022-12-07T12:43:20.800+0000] {logging_mixin.py:137} INFO - курс одного EUR к RUB: 66.09894168
[2022-12-07T12:43:20.831+0000] {python.py:177} INFO - Done. Returned value was: None
[2022-12-07T12:43:20.850+0000] {taskinstance.py:1406} INFO - Marking task as SUCCESS. dag_id=dag, task_id=task_1_0, execution_date=20221207T124315, start_date=20221207T124319, end_date=20221207T124320
[2022-12-07T12:43:20.916+0000] {local_task_job.py:159} INFO - Task exited with return code 0
[2022-12-07T12:43:21.002+0000] {taskinstance.py:2623} INFO - 1 downstream tasks scheduled from follow-on schedule check
