[2022-12-06T21:03:50.965+0000] {taskinstance.py:1165} INFO - Dependencies all met for <TaskInstance: dag.create_table manual__2022-12-06T21:03:43.430505+00:00 [queued]>
[2022-12-06T21:03:50.989+0000] {taskinstance.py:1165} INFO - Dependencies all met for <TaskInstance: dag.create_table manual__2022-12-06T21:03:43.430505+00:00 [queued]>
[2022-12-06T21:03:50.990+0000] {taskinstance.py:1362} INFO - 
--------------------------------------------------------------------------------
[2022-12-06T21:03:50.992+0000] {taskinstance.py:1363} INFO - Starting attempt 1 of 1
[2022-12-06T21:03:50.993+0000] {taskinstance.py:1364} INFO - 
--------------------------------------------------------------------------------
[2022-12-06T21:03:51.034+0000] {taskinstance.py:1383} INFO - Executing <Task(PostgresOperator): create_table> on 2022-12-06 21:03:43.430505+00:00
[2022-12-06T21:03:51.044+0000] {standard_task_runner.py:55} INFO - Started process 3464 to run task
[2022-12-06T21:03:51.053+0000] {standard_task_runner.py:82} INFO - Running: ['***', 'tasks', 'run', 'dag', 'create_table', 'manual__2022-12-06T21:03:43.430505+00:00', '--job-id', '1130', '--raw', '--subdir', 'DAGS_FOLDER/dag.py', '--cfg-path', '/tmp/tmpidhuflxm']
[2022-12-06T21:03:51.054+0000] {standard_task_runner.py:83} INFO - Job 1130: Subtask create_table
[2022-12-06T21:03:51.295+0000] {task_command.py:376} INFO - Running <TaskInstance: dag.create_table manual__2022-12-06T21:03:43.430505+00:00 [running]> on host 74768727baca
[2022-12-06T21:03:51.472+0000] {taskinstance.py:1592} INFO - Exporting the following env vars:
AIRFLOW_CTX_DAG_OWNER=lofitravel
AIRFLOW_CTX_DAG_ID=dag
AIRFLOW_CTX_TASK_ID=create_table
AIRFLOW_CTX_EXECUTION_DATE=2022-12-06T21:03:43.430505+00:00
AIRFLOW_CTX_TRY_NUMBER=1
AIRFLOW_CTX_DAG_RUN_ID=manual__2022-12-06T21:03:43.430505+00:00
[2022-12-06T21:03:51.547+0000] {base.py:71} INFO - Using connection ID 'postgres_localhost' for task execution.
[2022-12-06T21:03:51.566+0000] {sql.py:315} INFO - Running statement: 
        CREATE TABLE IF NOT EXISTS pairs(
            date TIMESTAMP NOT NULL,
            ticker_from VARCHAR(3) NOT NULL,
            ticker_to VARCHAR(3) NOT NULL,
            amount FLOAT NOT NULL);
        , parameters: None
[2022-12-06T21:03:51.569+0000] {postgres.py:96} INFO - NOTICE:  relation "pairs" already exists, skipping

[2022-12-06T21:03:51.598+0000] {taskinstance.py:1406} INFO - Marking task as SUCCESS. dag_id=dag, task_id=create_table, execution_date=20221206T210343, start_date=20221206T210350, end_date=20221206T210351
[2022-12-06T21:03:51.638+0000] {local_task_job.py:159} INFO - Task exited with return code 0
[2022-12-06T21:03:51.711+0000] {taskinstance.py:2623} INFO - 1 downstream tasks scheduled from follow-on schedule check
