[2022-12-06T22:43:47.507+0000] {taskinstance.py:1165} INFO - Dependencies all met for <TaskInstance: dag.task_1_0 manual__2022-12-06T22:43:46.318095+00:00 [queued]>
[2022-12-06T22:43:47.521+0000] {taskinstance.py:1165} INFO - Dependencies all met for <TaskInstance: dag.task_1_0 manual__2022-12-06T22:43:46.318095+00:00 [queued]>
[2022-12-06T22:43:47.521+0000] {taskinstance.py:1362} INFO - 
--------------------------------------------------------------------------------
[2022-12-06T22:43:47.522+0000] {taskinstance.py:1363} INFO - Starting attempt 1 of 1
[2022-12-06T22:43:47.523+0000] {taskinstance.py:1364} INFO - 
--------------------------------------------------------------------------------
[2022-12-06T22:43:47.546+0000] {taskinstance.py:1383} INFO - Executing <Task(PythonOperator): task_1_0> on 2022-12-06 22:43:46.318095+00:00
[2022-12-06T22:43:47.551+0000] {standard_task_runner.py:55} INFO - Started process 3692 to run task
[2022-12-06T22:43:47.560+0000] {standard_task_runner.py:82} INFO - Running: ['***', 'tasks', 'run', 'dag', 'task_1_0', 'manual__2022-12-06T22:43:46.318095+00:00', '--job-id', '1275', '--raw', '--subdir', 'DAGS_FOLDER/dag.py', '--cfg-path', '/tmp/tmpupia60aw']
[2022-12-06T22:43:47.561+0000] {standard_task_runner.py:83} INFO - Job 1275: Subtask task_1_0
[2022-12-06T22:43:47.649+0000] {task_command.py:376} INFO - Running <TaskInstance: dag.task_1_0 manual__2022-12-06T22:43:46.318095+00:00 [running]> on host 505aa50095aa
[2022-12-06T22:43:47.747+0000] {taskinstance.py:1592} INFO - Exporting the following env vars:
AIRFLOW_CTX_DAG_OWNER=lofitravel
AIRFLOW_CTX_DAG_ID=dag
AIRFLOW_CTX_TASK_ID=task_1_0
AIRFLOW_CTX_EXECUTION_DATE=2022-12-06T22:43:46.318095+00:00
AIRFLOW_CTX_TRY_NUMBER=1
AIRFLOW_CTX_DAG_RUN_ID=manual__2022-12-06T22:43:46.318095+00:00
[2022-12-06T22:43:48.614+0000] {logging_mixin.py:137} INFO - курс одного EUR к RUB: 66.34903103
[2022-12-06T22:43:48.678+0000] {python.py:177} INFO - Done. Returned value was: None
[2022-12-06T22:43:48.728+0000] {taskinstance.py:1406} INFO - Marking task as SUCCESS. dag_id=dag, task_id=task_1_0, execution_date=20221206T224346, start_date=20221206T224347, end_date=20221206T224348
[2022-12-06T22:43:48.813+0000] {local_task_job.py:159} INFO - Task exited with return code 0
[2022-12-06T22:43:48.907+0000] {taskinstance.py:2623} INFO - 1 downstream tasks scheduled from follow-on schedule check
