[2022-12-07T12:43:17.683+0000] {taskinstance.py:1165} INFO - Dependencies all met for <TaskInstance: dag.task_0_1 manual__2022-12-07T12:43:15.623447+00:00 [queued]>
[2022-12-07T12:43:17.697+0000] {taskinstance.py:1165} INFO - Dependencies all met for <TaskInstance: dag.task_0_1 manual__2022-12-07T12:43:15.623447+00:00 [queued]>
[2022-12-07T12:43:17.698+0000] {taskinstance.py:1362} INFO - 
--------------------------------------------------------------------------------
[2022-12-07T12:43:17.699+0000] {taskinstance.py:1363} INFO - Starting attempt 1 of 1
[2022-12-07T12:43:17.700+0000] {taskinstance.py:1364} INFO - 
--------------------------------------------------------------------------------
[2022-12-07T12:43:17.722+0000] {taskinstance.py:1383} INFO - Executing <Task(PythonOperator): task_0_1> on 2022-12-07 12:43:15.623447+00:00
[2022-12-07T12:43:17.728+0000] {standard_task_runner.py:55} INFO - Started process 126 to run task
[2022-12-07T12:43:17.733+0000] {standard_task_runner.py:82} INFO - Running: ['***', 'tasks', 'run', 'dag', 'task_0_1', 'manual__2022-12-07T12:43:15.623447+00:00', '--job-id', '1738', '--raw', '--subdir', 'DAGS_FOLDER/dag.py', '--cfg-path', '/tmp/tmp8jkp8t7t']
[2022-12-07T12:43:17.734+0000] {standard_task_runner.py:83} INFO - Job 1738: Subtask task_0_1
[2022-12-07T12:43:17.823+0000] {task_command.py:376} INFO - Running <TaskInstance: dag.task_0_1 manual__2022-12-07T12:43:15.623447+00:00 [running]> on host 6c11163b5e64
[2022-12-07T12:43:17.931+0000] {taskinstance.py:1592} INFO - Exporting the following env vars:
AIRFLOW_CTX_DAG_OWNER=lofitravel
AIRFLOW_CTX_DAG_ID=dag
AIRFLOW_CTX_TASK_ID=task_0_1
AIRFLOW_CTX_EXECUTION_DATE=2022-12-07T12:43:15.623447+00:00
AIRFLOW_CTX_TRY_NUMBER=1
AIRFLOW_CTX_DAG_RUN_ID=manual__2022-12-07T12:43:15.623447+00:00
[2022-12-07T12:43:18.681+0000] {logging_mixin.py:137} INFO - курс одного USD к RUB: 62.92159874
[2022-12-07T12:43:18.705+0000] {python.py:177} INFO - Done. Returned value was: None
[2022-12-07T12:43:18.721+0000] {taskinstance.py:1406} INFO - Marking task as SUCCESS. dag_id=dag, task_id=task_0_1, execution_date=20221207T124315, start_date=20221207T124317, end_date=20221207T124318
[2022-12-07T12:43:18.757+0000] {local_task_job.py:159} INFO - Task exited with return code 0
[2022-12-07T12:43:18.779+0000] {taskinstance.py:2623} INFO - 0 downstream tasks scheduled from follow-on schedule check
