[2022-12-07T20:57:55.490+0000] {taskinstance.py:1165} INFO - Dependencies all met for <TaskInstance: dag.task_0_0 manual__2022-12-07T20:57:53.858338+00:00 [queued]>
[2022-12-07T20:57:55.516+0000] {taskinstance.py:1165} INFO - Dependencies all met for <TaskInstance: dag.task_0_0 manual__2022-12-07T20:57:53.858338+00:00 [queued]>
[2022-12-07T20:57:55.517+0000] {taskinstance.py:1362} INFO - 
--------------------------------------------------------------------------------
[2022-12-07T20:57:55.517+0000] {taskinstance.py:1363} INFO - Starting attempt 1 of 1
[2022-12-07T20:57:55.518+0000] {taskinstance.py:1364} INFO - 
--------------------------------------------------------------------------------
[2022-12-07T20:57:55.555+0000] {taskinstance.py:1383} INFO - Executing <Task(PythonOperator): task_0_0> on 2022-12-07 20:57:53.858338+00:00
[2022-12-07T20:57:55.563+0000] {standard_task_runner.py:55} INFO - Started process 10005 to run task
[2022-12-07T20:57:55.570+0000] {standard_task_runner.py:82} INFO - Running: ['***', 'tasks', 'run', 'dag', 'task_0_0', 'manual__2022-12-07T20:57:53.858338+00:00', '--job-id', '1950', '--raw', '--subdir', 'DAGS_FOLDER/dag.py', '--cfg-path', '/tmp/tmp096hs918']
[2022-12-07T20:57:55.572+0000] {standard_task_runner.py:83} INFO - Job 1950: Subtask task_0_0
[2022-12-07T20:57:55.719+0000] {task_command.py:376} INFO - Running <TaskInstance: dag.task_0_0 manual__2022-12-07T20:57:53.858338+00:00 [running]> on host a9d6893ff63e
[2022-12-07T20:57:55.985+0000] {taskinstance.py:1592} INFO - Exporting the following env vars:
AIRFLOW_CTX_DAG_OWNER=lofitravel
AIRFLOW_CTX_DAG_ID=dag
AIRFLOW_CTX_TASK_ID=task_0_0
AIRFLOW_CTX_EXECUTION_DATE=2022-12-07T20:57:53.858338+00:00
AIRFLOW_CTX_TRY_NUMBER=1
AIRFLOW_CTX_DAG_RUN_ID=manual__2022-12-07T20:57:53.858338+00:00
[2022-12-07T20:57:59.076+0000] {logging_mixin.py:137} INFO - курс одного USD к EUR: 0.95182095
[2022-12-07T20:57:59.114+0000] {python.py:177} INFO - Done. Returned value was: None
[2022-12-07T20:57:59.138+0000] {taskinstance.py:1406} INFO - Marking task as SUCCESS. dag_id=dag, task_id=task_0_0, execution_date=20221207T205753, start_date=20221207T205755, end_date=20221207T205759
[2022-12-07T20:57:59.203+0000] {local_task_job.py:159} INFO - Task exited with return code 0
[2022-12-07T20:57:59.241+0000] {taskinstance.py:2623} INFO - 0 downstream tasks scheduled from follow-on schedule check
