[2022-12-06T22:23:12.476+0000] {taskinstance.py:1165} INFO - Dependencies all met for <TaskInstance: dag.pull_data manual__2022-12-06T22:23:03.733113+00:00 [queued]>
[2022-12-06T22:23:12.492+0000] {taskinstance.py:1165} INFO - Dependencies all met for <TaskInstance: dag.pull_data manual__2022-12-06T22:23:03.733113+00:00 [queued]>
[2022-12-06T22:23:12.492+0000] {taskinstance.py:1362} INFO - 
--------------------------------------------------------------------------------
[2022-12-06T22:23:12.493+0000] {taskinstance.py:1363} INFO - Starting attempt 1 of 1
[2022-12-06T22:23:12.493+0000] {taskinstance.py:1364} INFO - 
--------------------------------------------------------------------------------
[2022-12-06T22:23:12.513+0000] {taskinstance.py:1383} INFO - Executing <Task(PythonOperator): pull_data> on 2022-12-06 22:23:03.733113+00:00
[2022-12-06T22:23:12.521+0000] {standard_task_runner.py:55} INFO - Started process 2634 to run task
[2022-12-06T22:23:12.530+0000] {standard_task_runner.py:82} INFO - Running: ['***', 'tasks', 'run', 'dag', 'pull_data', 'manual__2022-12-06T22:23:03.733113+00:00', '--job-id', '1214', '--raw', '--subdir', 'DAGS_FOLDER/dag.py', '--cfg-path', '/tmp/tmp0ydxmu3b']
[2022-12-06T22:23:12.531+0000] {standard_task_runner.py:83} INFO - Job 1214: Subtask pull_data
[2022-12-06T22:23:12.646+0000] {task_command.py:376} INFO - Running <TaskInstance: dag.pull_data manual__2022-12-06T22:23:03.733113+00:00 [running]> on host 505aa50095aa
[2022-12-06T22:23:12.769+0000] {taskinstance.py:1592} INFO - Exporting the following env vars:
AIRFLOW_CTX_DAG_OWNER=lofitravel
AIRFLOW_CTX_DAG_ID=dag
AIRFLOW_CTX_TASK_ID=pull_data
AIRFLOW_CTX_EXECUTION_DATE=2022-12-06T22:23:03.733113+00:00
AIRFLOW_CTX_TRY_NUMBER=1
AIRFLOW_CTX_DAG_RUN_ID=manual__2022-12-06T22:23:03.733113+00:00
[2022-12-06T22:23:12.799+0000] {logging_mixin.py:137} INFO - not all arguments converted during string formatting
[2022-12-06T22:23:12.800+0000] {python.py:177} INFO - Done. Returned value was: None
[2022-12-06T22:23:12.818+0000] {taskinstance.py:1406} INFO - Marking task as SUCCESS. dag_id=dag, task_id=pull_data, execution_date=20221206T222303, start_date=20221206T222312, end_date=20221206T222312
[2022-12-06T22:23:12.860+0000] {local_task_job.py:159} INFO - Task exited with return code 0
[2022-12-06T22:23:12.886+0000] {taskinstance.py:2623} INFO - 0 downstream tasks scheduled from follow-on schedule check
