[2022-12-07T06:47:48.145+0000] {taskinstance.py:1165} INFO - Dependencies all met for <TaskInstance: dag.task_0_1 manual__2022-12-07T06:47:46.995375+00:00 [queued]>
[2022-12-07T06:47:48.175+0000] {taskinstance.py:1165} INFO - Dependencies all met for <TaskInstance: dag.task_0_1 manual__2022-12-07T06:47:46.995375+00:00 [queued]>
[2022-12-07T06:47:48.176+0000] {taskinstance.py:1362} INFO - 
--------------------------------------------------------------------------------
[2022-12-07T06:47:48.176+0000] {taskinstance.py:1363} INFO - Starting attempt 1 of 1
[2022-12-07T06:47:48.177+0000] {taskinstance.py:1364} INFO - 
--------------------------------------------------------------------------------
[2022-12-07T06:47:48.216+0000] {taskinstance.py:1383} INFO - Executing <Task(PythonOperator): task_0_1> on 2022-12-07 06:47:46.995375+00:00
[2022-12-07T06:47:48.224+0000] {standard_task_runner.py:55} INFO - Started process 26419 to run task
[2022-12-07T06:47:48.229+0000] {standard_task_runner.py:82} INFO - Running: ['***', 'tasks', 'run', 'dag', 'task_0_1', 'manual__2022-12-07T06:47:46.995375+00:00', '--job-id', '1358', '--raw', '--subdir', 'DAGS_FOLDER/dag.py', '--cfg-path', '/tmp/tmp61i8w9il']
[2022-12-07T06:47:48.230+0000] {standard_task_runner.py:83} INFO - Job 1358: Subtask task_0_1
[2022-12-07T06:47:48.375+0000] {task_command.py:376} INFO - Running <TaskInstance: dag.task_0_1 manual__2022-12-07T06:47:46.995375+00:00 [running]> on host 505aa50095aa
[2022-12-07T06:47:48.574+0000] {taskinstance.py:1592} INFO - Exporting the following env vars:
AIRFLOW_CTX_DAG_OWNER=lofitravel
AIRFLOW_CTX_DAG_ID=dag
AIRFLOW_CTX_TASK_ID=task_0_1
AIRFLOW_CTX_EXECUTION_DATE=2022-12-07T06:47:46.995375+00:00
AIRFLOW_CTX_TRY_NUMBER=1
AIRFLOW_CTX_DAG_RUN_ID=manual__2022-12-07T06:47:46.995375+00:00
[2022-12-07T06:47:49.166+0000] {logging_mixin.py:137} INFO - курс одного USD к RUB: 63.20365348
[2022-12-07T06:47:49.199+0000] {python.py:177} INFO - Done. Returned value was: None
[2022-12-07T06:47:49.223+0000] {taskinstance.py:1406} INFO - Marking task as SUCCESS. dag_id=dag, task_id=task_0_1, execution_date=20221207T064746, start_date=20221207T064748, end_date=20221207T064749
[2022-12-07T06:47:49.290+0000] {local_task_job.py:159} INFO - Task exited with return code 0
[2022-12-07T06:47:49.338+0000] {taskinstance.py:2623} INFO - 0 downstream tasks scheduled from follow-on schedule check
