[2022-12-07T11:20:53.207+0000] {taskinstance.py:1165} INFO - Dependencies all met for <TaskInstance: dag.pull_data manual__2022-12-07T11:20:46.902044+00:00 [queued]>
[2022-12-07T11:20:53.223+0000] {taskinstance.py:1165} INFO - Dependencies all met for <TaskInstance: dag.pull_data manual__2022-12-07T11:20:46.902044+00:00 [queued]>
[2022-12-07T11:20:53.223+0000] {taskinstance.py:1362} INFO - 
--------------------------------------------------------------------------------
[2022-12-07T11:20:53.224+0000] {taskinstance.py:1363} INFO - Starting attempt 1 of 1
[2022-12-07T11:20:53.224+0000] {taskinstance.py:1364} INFO - 
--------------------------------------------------------------------------------
[2022-12-07T11:20:53.242+0000] {taskinstance.py:1383} INFO - Executing <Task(PythonOperator): pull_data> on 2022-12-07 11:20:46.902044+00:00
[2022-12-07T11:20:53.247+0000] {standard_task_runner.py:55} INFO - Started process 3081 to run task
[2022-12-07T11:20:53.251+0000] {standard_task_runner.py:82} INFO - Running: ['***', 'tasks', 'run', 'dag', 'pull_data', 'manual__2022-12-07T11:20:46.902044+00:00', '--job-id', '1733', '--raw', '--subdir', 'DAGS_FOLDER/dag.py', '--cfg-path', '/tmp/tmprab20go4']
[2022-12-07T11:20:53.252+0000] {standard_task_runner.py:83} INFO - Job 1733: Subtask pull_data
[2022-12-07T11:20:53.336+0000] {task_command.py:376} INFO - Running <TaskInstance: dag.pull_data manual__2022-12-07T11:20:46.902044+00:00 [running]> on host ede3719a0239
[2022-12-07T11:20:53.438+0000] {taskinstance.py:1592} INFO - Exporting the following env vars:
AIRFLOW_CTX_DAG_OWNER=lofitravel
AIRFLOW_CTX_DAG_ID=dag
AIRFLOW_CTX_TASK_ID=pull_data
AIRFLOW_CTX_EXECUTION_DATE=2022-12-07T11:20:46.902044+00:00
AIRFLOW_CTX_TRY_NUMBER=1
AIRFLOW_CTX_DAG_RUN_ID=manual__2022-12-07T11:20:46.902044+00:00
[2022-12-07T11:20:53.463+0000] {logging_mixin.py:137} INFO - var ['82adcbbbae7a13d16e0b68fa1f50c023', '***_user', '***_ps', '***_database']
[2022-12-07T11:20:53.472+0000] {logging_mixin.py:137} INFO - var ['82adcbbbae7a13d16e0b68fa1f50c023', '***_user', '***_ps', '***_database']
[2022-12-07T11:20:53.479+0000] {logging_mixin.py:137} INFO - var ['82adcbbbae7a13d16e0b68fa1f50c023', '***_user', '***_ps', '***_database']
[2022-12-07T11:20:53.493+0000] {logging_mixin.py:137} INFO - Postgresql connection created!
[2022-12-07T11:20:53.495+0000] {logging_mixin.py:137} INFO - duplicate key value violates unique constraint "pairs_pkey"
DETAIL:  Key (date, ticker_from, ticker_to)=(2022-12-07 00:00:00, USD, EUR) already exists.
[2022-12-07T11:20:53.496+0000] {python.py:177} INFO - Done. Returned value was: None
[2022-12-07T11:20:53.513+0000] {taskinstance.py:1406} INFO - Marking task as SUCCESS. dag_id=dag, task_id=pull_data, execution_date=20221207T112046, start_date=20221207T112053, end_date=20221207T112053
[2022-12-07T11:20:53.544+0000] {local_task_job.py:159} INFO - Task exited with return code 0
[2022-12-07T11:20:53.571+0000] {taskinstance.py:2623} INFO - 0 downstream tasks scheduled from follow-on schedule check
