[2022-12-06T20:09:42.071+0000] {taskinstance.py:1165} INFO - Dependencies all met for <TaskInstance: dag.create_table manual__2022-12-06T20:09:35.860113+00:00 [queued]>
[2022-12-06T20:09:42.085+0000] {taskinstance.py:1165} INFO - Dependencies all met for <TaskInstance: dag.create_table manual__2022-12-06T20:09:35.860113+00:00 [queued]>
[2022-12-06T20:09:42.085+0000] {taskinstance.py:1362} INFO - 
--------------------------------------------------------------------------------
[2022-12-06T20:09:42.086+0000] {taskinstance.py:1363} INFO - Starting attempt 1 of 1
[2022-12-06T20:09:42.087+0000] {taskinstance.py:1364} INFO - 
--------------------------------------------------------------------------------
[2022-12-06T20:09:42.104+0000] {taskinstance.py:1383} INFO - Executing <Task(PostgresOperator): create_table> on 2022-12-06 20:09:35.860113+00:00
[2022-12-06T20:09:42.109+0000] {standard_task_runner.py:55} INFO - Started process 958 to run task
[2022-12-06T20:09:42.113+0000] {standard_task_runner.py:82} INFO - Running: ['***', 'tasks', 'run', 'dag', 'create_table', 'manual__2022-12-06T20:09:35.860113+00:00', '--job-id', '1075', '--raw', '--subdir', 'DAGS_FOLDER/dag.py', '--cfg-path', '/tmp/tmp3li9yjoz']
[2022-12-06T20:09:42.114+0000] {standard_task_runner.py:83} INFO - Job 1075: Subtask create_table
[2022-12-06T20:09:42.191+0000] {task_command.py:376} INFO - Running <TaskInstance: dag.create_table manual__2022-12-06T20:09:35.860113+00:00 [running]> on host 74768727baca
[2022-12-06T20:09:42.274+0000] {taskinstance.py:1592} INFO - Exporting the following env vars:
AIRFLOW_CTX_DAG_OWNER=lofitravel
AIRFLOW_CTX_DAG_ID=dag
AIRFLOW_CTX_TASK_ID=create_table
AIRFLOW_CTX_EXECUTION_DATE=2022-12-06T20:09:35.860113+00:00
AIRFLOW_CTX_TRY_NUMBER=1
AIRFLOW_CTX_DAG_RUN_ID=manual__2022-12-06T20:09:35.860113+00:00
[2022-12-06T20:09:42.288+0000] {base.py:71} INFO - Using connection ID 'postgres_localhost' for task execution.
[2022-12-06T20:09:42.304+0000] {sql.py:315} INFO - Running statement: 
        CREATE TABLE IF NOT EXISTS pairs(
            date TIMESTAMP NOT NULL,
            ticker_from VARCHAR(3) NOT NULL,
            ticker_to VARCHAR(3) NOT NULL,
            amount FLOAT NOT NULL);
        , parameters: None
[2022-12-06T20:09:42.321+0000] {taskinstance.py:1406} INFO - Marking task as SUCCESS. dag_id=dag, task_id=create_table, execution_date=20221206T200935, start_date=20221206T200942, end_date=20221206T200942
[2022-12-06T20:09:42.365+0000] {local_task_job.py:159} INFO - Task exited with return code 0
[2022-12-06T20:09:42.391+0000] {taskinstance.py:2623} INFO - 1 downstream tasks scheduled from follow-on schedule check
