[2022-12-06T20:54:15.558+0000] {taskinstance.py:1165} INFO - Dependencies all met for <TaskInstance: dag.pull_data manual__2022-12-06T20:54:11.294107+00:00 [queued]>
[2022-12-06T20:54:15.628+0000] {taskinstance.py:1165} INFO - Dependencies all met for <TaskInstance: dag.pull_data manual__2022-12-06T20:54:11.294107+00:00 [queued]>
[2022-12-06T20:54:15.633+0000] {taskinstance.py:1362} INFO - 
--------------------------------------------------------------------------------
[2022-12-06T20:54:15.636+0000] {taskinstance.py:1363} INFO - Starting attempt 1 of 1
[2022-12-06T20:54:15.637+0000] {taskinstance.py:1364} INFO - 
--------------------------------------------------------------------------------
[2022-12-06T20:54:15.768+0000] {taskinstance.py:1383} INFO - Executing <Task(PythonOperator): pull_data> on 2022-12-06 20:54:11.294107+00:00
[2022-12-06T20:54:15.849+0000] {standard_task_runner.py:55} INFO - Started process 3010 to run task
[2022-12-06T20:54:15.881+0000] {standard_task_runner.py:82} INFO - Running: ['***', 'tasks', 'run', 'dag', 'pull_data', 'manual__2022-12-06T20:54:11.294107+00:00', '--job-id', '1110', '--raw', '--subdir', 'DAGS_FOLDER/dag.py', '--cfg-path', '/tmp/tmpp2nj3p6w']
[2022-12-06T20:54:16.071+0000] {standard_task_runner.py:83} INFO - Job 1110: Subtask pull_data
[2022-12-06T20:54:16.597+0000] {task_command.py:376} INFO - Running <TaskInstance: dag.pull_data manual__2022-12-06T20:54:11.294107+00:00 [running]> on host 74768727baca
[2022-12-06T20:54:17.159+0000] {taskinstance.py:1592} INFO - Exporting the following env vars:
AIRFLOW_CTX_DAG_OWNER=lofitravel
AIRFLOW_CTX_DAG_ID=dag
AIRFLOW_CTX_TASK_ID=pull_data
AIRFLOW_CTX_EXECUTION_DATE=2022-12-06T20:54:11.294107+00:00
AIRFLOW_CTX_TRY_NUMBER=1
AIRFLOW_CTX_DAG_RUN_ID=manual__2022-12-06T20:54:11.294107+00:00
[2022-12-06T20:54:17.224+0000] {logging_mixin.py:137} INFO - []
[2022-12-06T20:54:17.228+0000] {python.py:177} INFO - Done. Returned value was: None
[2022-12-06T20:54:17.306+0000] {taskinstance.py:1406} INFO - Marking task as SUCCESS. dag_id=dag, task_id=pull_data, execution_date=20221206T205411, start_date=20221206T205415, end_date=20221206T205417
[2022-12-06T20:54:17.455+0000] {local_task_job.py:159} INFO - Task exited with return code 0
[2022-12-06T20:54:17.523+0000] {taskinstance.py:2623} INFO - 0 downstream tasks scheduled from follow-on schedule check
