[2022-12-07T06:42:54.118+0000] {taskinstance.py:1165} INFO - Dependencies all met for <TaskInstance: dag.create_table manual__2022-12-07T06:42:50.069288+00:00 [queued]>
[2022-12-07T06:42:54.141+0000] {taskinstance.py:1165} INFO - Dependencies all met for <TaskInstance: dag.create_table manual__2022-12-07T06:42:50.069288+00:00 [queued]>
[2022-12-07T06:42:54.141+0000] {taskinstance.py:1362} INFO - 
--------------------------------------------------------------------------------
[2022-12-07T06:42:54.142+0000] {taskinstance.py:1363} INFO - Starting attempt 1 of 1
[2022-12-07T06:42:54.143+0000] {taskinstance.py:1364} INFO - 
--------------------------------------------------------------------------------
[2022-12-07T06:42:54.174+0000] {taskinstance.py:1383} INFO - Executing <Task(PostgresOperator): create_table> on 2022-12-07 06:42:50.069288+00:00
[2022-12-07T06:42:54.182+0000] {standard_task_runner.py:55} INFO - Started process 26179 to run task
[2022-12-07T06:42:54.187+0000] {standard_task_runner.py:82} INFO - Running: ['***', 'tasks', 'run', 'dag', 'create_table', 'manual__2022-12-07T06:42:50.069288+00:00', '--job-id', '1348', '--raw', '--subdir', 'DAGS_FOLDER/dag.py', '--cfg-path', '/tmp/tmpgcpwo93e']
[2022-12-07T06:42:54.189+0000] {standard_task_runner.py:83} INFO - Job 1348: Subtask create_table
[2022-12-07T06:42:54.330+0000] {task_command.py:376} INFO - Running <TaskInstance: dag.create_table manual__2022-12-07T06:42:50.069288+00:00 [running]> on host 505aa50095aa
[2022-12-07T06:42:54.475+0000] {taskinstance.py:1592} INFO - Exporting the following env vars:
AIRFLOW_CTX_DAG_OWNER=lofitravel
AIRFLOW_CTX_DAG_ID=dag
AIRFLOW_CTX_TASK_ID=create_table
AIRFLOW_CTX_EXECUTION_DATE=2022-12-07T06:42:50.069288+00:00
AIRFLOW_CTX_TRY_NUMBER=1
AIRFLOW_CTX_DAG_RUN_ID=manual__2022-12-07T06:42:50.069288+00:00
[2022-12-07T06:42:54.494+0000] {base.py:71} INFO - Using connection ID 'postgres_localhost' for task execution.
[2022-12-07T06:42:54.509+0000] {sql.py:315} INFO - Running statement: 
        CREATE TABLE IF NOT EXISTS pairs(
            date TIMESTAMP NOT NULL,
            ticker_from VARCHAR(3) NOT NULL,
            ticker_to VARCHAR(3) NOT NULL,
            amount FLOAT NOT NULL);
        , parameters: None
[2022-12-07T06:42:54.511+0000] {postgres.py:96} INFO - NOTICE:  relation "pairs" already exists, skipping

[2022-12-07T06:42:54.530+0000] {taskinstance.py:1406} INFO - Marking task as SUCCESS. dag_id=dag, task_id=create_table, execution_date=20221207T064250, start_date=20221207T064254, end_date=20221207T064254
[2022-12-07T06:42:54.565+0000] {local_task_job.py:159} INFO - Task exited with return code 0
[2022-12-07T06:42:54.605+0000] {taskinstance.py:2623} INFO - 1 downstream tasks scheduled from follow-on schedule check
