[2022-12-07T10:32:44.689+0000] {taskinstance.py:1165} INFO - Dependencies all met for <TaskInstance: dag.task_0_1 manual__2022-12-07T10:32:42.527073+00:00 [queued]>
[2022-12-07T10:32:44.717+0000] {taskinstance.py:1165} INFO - Dependencies all met for <TaskInstance: dag.task_0_1 manual__2022-12-07T10:32:42.527073+00:00 [queued]>
[2022-12-07T10:32:44.718+0000] {taskinstance.py:1362} INFO - 
--------------------------------------------------------------------------------
[2022-12-07T10:32:44.719+0000] {taskinstance.py:1363} INFO - Starting attempt 1 of 1
[2022-12-07T10:32:44.720+0000] {taskinstance.py:1364} INFO - 
--------------------------------------------------------------------------------
[2022-12-07T10:32:44.765+0000] {taskinstance.py:1383} INFO - Executing <Task(PythonOperator): task_0_1> on 2022-12-07 10:32:42.527073+00:00
[2022-12-07T10:32:44.835+0000] {standard_task_runner.py:55} INFO - Started process 659 to run task
[2022-12-07T10:32:44.846+0000] {standard_task_runner.py:82} INFO - Running: ['***', 'tasks', 'run', 'dag', 'task_0_1', 'manual__2022-12-07T10:32:42.527073+00:00', '--job-id', '1619', '--raw', '--subdir', 'DAGS_FOLDER/dag.py', '--cfg-path', '/tmp/tmplzqu_hve']
[2022-12-07T10:32:44.847+0000] {standard_task_runner.py:83} INFO - Job 1619: Subtask task_0_1
[2022-12-07T10:32:45.067+0000] {task_command.py:376} INFO - Running <TaskInstance: dag.task_0_1 manual__2022-12-07T10:32:42.527073+00:00 [running]> on host ede3719a0239
[2022-12-07T10:32:45.512+0000] {taskinstance.py:1592} INFO - Exporting the following env vars:
AIRFLOW_CTX_DAG_OWNER=lofitravel
AIRFLOW_CTX_DAG_ID=dag
AIRFLOW_CTX_TASK_ID=task_0_1
AIRFLOW_CTX_EXECUTION_DATE=2022-12-07T10:32:42.527073+00:00
AIRFLOW_CTX_TRY_NUMBER=1
AIRFLOW_CTX_DAG_RUN_ID=manual__2022-12-07T10:32:42.527073+00:00
[2022-12-07T10:32:46.105+0000] {logging_mixin.py:137} INFO - курс одного USD к RUB: 62.94146178
[2022-12-07T10:32:46.143+0000] {python.py:177} INFO - Done. Returned value was: None
[2022-12-07T10:32:46.175+0000] {taskinstance.py:1406} INFO - Marking task as SUCCESS. dag_id=dag, task_id=task_0_1, execution_date=20221207T103242, start_date=20221207T103244, end_date=20221207T103246
[2022-12-07T10:32:46.265+0000] {local_task_job.py:159} INFO - Task exited with return code 0
[2022-12-07T10:32:46.319+0000] {taskinstance.py:2623} INFO - 0 downstream tasks scheduled from follow-on schedule check
