[2022-12-07T23:48:34.241+0000] {taskinstance.py:1165} INFO - Dependencies all met for <TaskInstance: dag.encryption scheduled__2022-12-06T00:00:00+00:00 [queued]>
[2022-12-07T23:48:34.273+0000] {taskinstance.py:1165} INFO - Dependencies all met for <TaskInstance: dag.encryption scheduled__2022-12-06T00:00:00+00:00 [queued]>
[2022-12-07T23:48:34.274+0000] {taskinstance.py:1362} INFO - 
--------------------------------------------------------------------------------
[2022-12-07T23:48:34.275+0000] {taskinstance.py:1363} INFO - Starting attempt 1 of 1
[2022-12-07T23:48:34.276+0000] {taskinstance.py:1364} INFO - 
--------------------------------------------------------------------------------
[2022-12-07T23:48:34.330+0000] {taskinstance.py:1383} INFO - Executing <Task(PythonOperator): encryption> on 2022-12-06 00:00:00+00:00
[2022-12-07T23:48:34.339+0000] {standard_task_runner.py:55} INFO - Started process 215 to run task
[2022-12-07T23:48:34.347+0000] {standard_task_runner.py:82} INFO - Running: ['***', 'tasks', 'run', 'dag', 'encryption', 'scheduled__2022-12-06T00:00:00+00:00', '--job-id', '5', '--raw', '--subdir', 'DAGS_FOLDER/dag.py', '--cfg-path', '/tmp/tmplm7c9_qg']
[2022-12-07T23:48:34.350+0000] {standard_task_runner.py:83} INFO - Job 5: Subtask encryption
[2022-12-07T23:48:34.723+0000] {task_command.py:376} INFO - Running <TaskInstance: dag.encryption scheduled__2022-12-06T00:00:00+00:00 [running]> on host 564356c68f54
[2022-12-07T23:48:35.148+0000] {taskinstance.py:1592} INFO - Exporting the following env vars:
AIRFLOW_CTX_DAG_OWNER=lofitravel
AIRFLOW_CTX_DAG_ID=dag
AIRFLOW_CTX_TASK_ID=encryption
AIRFLOW_CTX_EXECUTION_DATE=2022-12-06T00:00:00+00:00
AIRFLOW_CTX_TRY_NUMBER=1
AIRFLOW_CTX_DAG_RUN_ID=scheduled__2022-12-06T00:00:00+00:00
[2022-12-07T23:48:35.192+0000] {logging_mixin.py:137} INFO - var ['82adcbbbae7a13d16e0b68fa1f50c023', '***_user', '***_ps', '***_database']
[2022-12-07T23:48:35.196+0000] {python.py:177} INFO - Done. Returned value was: ['82adcbbbae7a13d16e0b68fa1f50c023', '***_user', '***_ps', '***_database']
[2022-12-07T23:48:35.303+0000] {taskinstance.py:1406} INFO - Marking task as SUCCESS. dag_id=dag, task_id=encryption, execution_date=20221206T000000, start_date=20221207T234834, end_date=20221207T234835
[2022-12-07T23:48:35.408+0000] {local_task_job.py:159} INFO - Task exited with return code 0
[2022-12-07T23:48:35.558+0000] {taskinstance.py:2623} INFO - 1 downstream tasks scheduled from follow-on schedule check
