[2022-12-04T14:33:02.411+0000] {taskinstance.py:1165} INFO - Dependencies all met for <TaskInstance: dag.task_2 scheduled__2022-12-04T14:32:00+00:00 [queued]>
[2022-12-04T14:33:02.424+0000] {taskinstance.py:1165} INFO - Dependencies all met for <TaskInstance: dag.task_2 scheduled__2022-12-04T14:32:00+00:00 [queued]>
[2022-12-04T14:33:02.424+0000] {taskinstance.py:1362} INFO - 
--------------------------------------------------------------------------------
[2022-12-04T14:33:02.425+0000] {taskinstance.py:1363} INFO - Starting attempt 1 of 1
[2022-12-04T14:33:02.426+0000] {taskinstance.py:1364} INFO - 
--------------------------------------------------------------------------------
[2022-12-04T14:33:02.449+0000] {taskinstance.py:1383} INFO - Executing <Task(BashOperator): task_2> on 2022-12-04 14:32:00+00:00
[2022-12-04T14:33:02.475+0000] {standard_task_runner.py:55} INFO - Started process 5211 to run task
[2022-12-04T14:33:02.491+0000] {standard_task_runner.py:82} INFO - Running: ['***', 'tasks', 'run', 'dag', 'task_2', 'scheduled__2022-12-04T14:32:00+00:00', '--job-id', '328', '--raw', '--subdir', 'DAGS_FOLDER/dag.py', '--cfg-path', '/tmp/tmpbp4we9sd']
[2022-12-04T14:33:02.493+0000] {standard_task_runner.py:83} INFO - Job 328: Subtask task_2
[2022-12-04T14:33:02.594+0000] {task_command.py:376} INFO - Running <TaskInstance: dag.task_2 scheduled__2022-12-04T14:32:00+00:00 [running]> on host 37018d05bc9d
[2022-12-04T14:33:02.677+0000] {taskinstance.py:1592} INFO - Exporting the following env vars:
AIRFLOW_CTX_DAG_OWNER=lofitravel
AIRFLOW_CTX_DAG_ID=dag
AIRFLOW_CTX_TASK_ID=task_2
AIRFLOW_CTX_EXECUTION_DATE=2022-12-04T14:32:00+00:00
AIRFLOW_CTX_TRY_NUMBER=1
AIRFLOW_CTX_DAG_RUN_ID=scheduled__2022-12-04T14:32:00+00:00
[2022-12-04T14:33:02.678+0000] {subprocess.py:63} INFO - Tmp dir root location: 
 /tmp
[2022-12-04T14:33:02.679+0000] {subprocess.py:75} INFO - Running command: ['/bin/bash', '-c', 'echo "Hello World from Task 2"']
[2022-12-04T14:33:02.688+0000] {subprocess.py:86} INFO - Output:
[2022-12-04T14:33:02.689+0000] {subprocess.py:93} INFO - Hello World from Task 2
[2022-12-04T14:33:02.690+0000] {subprocess.py:97} INFO - Command exited with return code 0
[2022-12-04T14:33:02.715+0000] {taskinstance.py:1406} INFO - Marking task as SUCCESS. dag_id=dag, task_id=task_2, execution_date=20221204T143200, start_date=20221204T143302, end_date=20221204T143302
[2022-12-04T14:33:02.739+0000] {local_task_job.py:159} INFO - Task exited with return code 0
[2022-12-04T14:33:02.762+0000] {taskinstance.py:2623} INFO - 1 downstream tasks scheduled from follow-on schedule check
