[2022-12-07T22:25:14.557+0000] {processor.py:154} INFO - Started process (PID=79) to work on /home/airflow/.local/lib/python3.7/site-packages/airflow/example_dags/example_nested_branch_dag.py
[2022-12-07T22:25:14.559+0000] {processor.py:756} INFO - Processing file /home/airflow/.local/lib/python3.7/site-packages/airflow/example_dags/example_nested_branch_dag.py for tasks to queue
[2022-12-07T22:25:14.560+0000] {logging_mixin.py:137} INFO - [2022-12-07T22:25:14.560+0000] {dagbag.py:537} INFO - Filling up the DagBag from /home/airflow/.local/lib/python3.7/site-packages/airflow/example_dags/example_nested_branch_dag.py
[2022-12-07T22:25:14.616+0000] {processor.py:766} INFO - DAG(s) dict_keys(['example_nested_branch_dag']) retrieved from /home/airflow/.local/lib/python3.7/site-packages/airflow/example_dags/example_nested_branch_dag.py
[2022-12-07T22:25:14.733+0000] {logging_mixin.py:137} INFO - [2022-12-07T22:25:14.732+0000] {dag.py:2585} INFO - Sync 1 DAGs
[2022-12-07T22:25:14.821+0000] {logging_mixin.py:137} INFO - [2022-12-07T22:25:14.821+0000] {dag.py:3340} INFO - Setting next_dagrun for example_nested_branch_dag to 2022-12-06T00:00:00+00:00, run_after=2022-12-07T00:00:00+00:00
[2022-12-07T22:25:14.874+0000] {processor.py:176} INFO - Processing /home/airflow/.local/lib/python3.7/site-packages/airflow/example_dags/example_nested_branch_dag.py took 0.326 seconds
[2022-12-07T22:25:45.461+0000] {processor.py:154} INFO - Started process (PID=134) to work on /home/airflow/.local/lib/python3.7/site-packages/airflow/example_dags/example_nested_branch_dag.py
[2022-12-07T22:25:45.462+0000] {processor.py:756} INFO - Processing file /home/airflow/.local/lib/python3.7/site-packages/airflow/example_dags/example_nested_branch_dag.py for tasks to queue
[2022-12-07T22:25:45.463+0000] {logging_mixin.py:137} INFO - [2022-12-07T22:25:45.463+0000] {dagbag.py:537} INFO - Filling up the DagBag from /home/airflow/.local/lib/python3.7/site-packages/airflow/example_dags/example_nested_branch_dag.py
[2022-12-07T22:25:45.490+0000] {processor.py:766} INFO - DAG(s) dict_keys(['example_nested_branch_dag']) retrieved from /home/airflow/.local/lib/python3.7/site-packages/airflow/example_dags/example_nested_branch_dag.py
[2022-12-07T22:25:45.539+0000] {logging_mixin.py:137} INFO - [2022-12-07T22:25:45.538+0000] {dag.py:2585} INFO - Sync 1 DAGs
[2022-12-07T22:25:45.574+0000] {logging_mixin.py:137} INFO - [2022-12-07T22:25:45.574+0000] {dag.py:3340} INFO - Setting next_dagrun for example_nested_branch_dag to 2022-12-06T00:00:00+00:00, run_after=2022-12-07T00:00:00+00:00
[2022-12-07T22:25:45.598+0000] {processor.py:176} INFO - Processing /home/airflow/.local/lib/python3.7/site-packages/airflow/example_dags/example_nested_branch_dag.py took 0.140 seconds
[2022-12-07T22:26:16.073+0000] {processor.py:154} INFO - Started process (PID=190) to work on /home/airflow/.local/lib/python3.7/site-packages/airflow/example_dags/example_nested_branch_dag.py
[2022-12-07T22:26:16.074+0000] {processor.py:756} INFO - Processing file /home/airflow/.local/lib/python3.7/site-packages/airflow/example_dags/example_nested_branch_dag.py for tasks to queue
[2022-12-07T22:26:16.076+0000] {logging_mixin.py:137} INFO - [2022-12-07T22:26:16.076+0000] {dagbag.py:537} INFO - Filling up the DagBag from /home/airflow/.local/lib/python3.7/site-packages/airflow/example_dags/example_nested_branch_dag.py
[2022-12-07T22:26:16.119+0000] {processor.py:766} INFO - DAG(s) dict_keys(['example_nested_branch_dag']) retrieved from /home/airflow/.local/lib/python3.7/site-packages/airflow/example_dags/example_nested_branch_dag.py
[2022-12-07T22:26:16.281+0000] {logging_mixin.py:137} INFO - [2022-12-07T22:26:16.280+0000] {dag.py:2585} INFO - Sync 1 DAGs
[2022-12-07T22:26:16.328+0000] {logging_mixin.py:137} INFO - [2022-12-07T22:26:16.328+0000] {dag.py:3340} INFO - Setting next_dagrun for example_nested_branch_dag to 2022-12-06T00:00:00+00:00, run_after=2022-12-07T00:00:00+00:00
[2022-12-07T22:26:16.371+0000] {processor.py:176} INFO - Processing /home/airflow/.local/lib/python3.7/site-packages/airflow/example_dags/example_nested_branch_dag.py took 0.306 seconds
[2022-12-07T22:26:46.507+0000] {processor.py:154} INFO - Started process (PID=254) to work on /home/airflow/.local/lib/python3.7/site-packages/airflow/example_dags/example_nested_branch_dag.py
[2022-12-07T22:26:46.508+0000] {processor.py:756} INFO - Processing file /home/airflow/.local/lib/python3.7/site-packages/airflow/example_dags/example_nested_branch_dag.py for tasks to queue
[2022-12-07T22:26:46.509+0000] {logging_mixin.py:137} INFO - [2022-12-07T22:26:46.508+0000] {dagbag.py:537} INFO - Filling up the DagBag from /home/airflow/.local/lib/python3.7/site-packages/airflow/example_dags/example_nested_branch_dag.py
[2022-12-07T22:26:46.541+0000] {processor.py:766} INFO - DAG(s) dict_keys(['example_nested_branch_dag']) retrieved from /home/airflow/.local/lib/python3.7/site-packages/airflow/example_dags/example_nested_branch_dag.py
[2022-12-07T22:26:46.586+0000] {logging_mixin.py:137} INFO - [2022-12-07T22:26:46.586+0000] {dag.py:2585} INFO - Sync 1 DAGs
[2022-12-07T22:26:46.618+0000] {logging_mixin.py:137} INFO - [2022-12-07T22:26:46.618+0000] {dag.py:3340} INFO - Setting next_dagrun for example_nested_branch_dag to 2022-12-06T00:00:00+00:00, run_after=2022-12-07T00:00:00+00:00
[2022-12-07T22:26:46.642+0000] {processor.py:176} INFO - Processing /home/airflow/.local/lib/python3.7/site-packages/airflow/example_dags/example_nested_branch_dag.py took 0.139 seconds
[2022-12-07T22:27:16.765+0000] {processor.py:154} INFO - Started process (PID=309) to work on /home/airflow/.local/lib/python3.7/site-packages/airflow/example_dags/example_nested_branch_dag.py
[2022-12-07T22:27:16.767+0000] {processor.py:756} INFO - Processing file /home/airflow/.local/lib/python3.7/site-packages/airflow/example_dags/example_nested_branch_dag.py for tasks to queue
[2022-12-07T22:27:16.768+0000] {logging_mixin.py:137} INFO - [2022-12-07T22:27:16.767+0000] {dagbag.py:537} INFO - Filling up the DagBag from /home/airflow/.local/lib/python3.7/site-packages/airflow/example_dags/example_nested_branch_dag.py
[2022-12-07T22:27:16.797+0000] {processor.py:766} INFO - DAG(s) dict_keys(['example_nested_branch_dag']) retrieved from /home/airflow/.local/lib/python3.7/site-packages/airflow/example_dags/example_nested_branch_dag.py
[2022-12-07T22:27:16.848+0000] {logging_mixin.py:137} INFO - [2022-12-07T22:27:16.848+0000] {dag.py:2585} INFO - Sync 1 DAGs
[2022-12-07T22:27:16.882+0000] {logging_mixin.py:137} INFO - [2022-12-07T22:27:16.881+0000] {dag.py:3340} INFO - Setting next_dagrun for example_nested_branch_dag to 2022-12-06T00:00:00+00:00, run_after=2022-12-07T00:00:00+00:00
[2022-12-07T22:27:16.906+0000] {processor.py:176} INFO - Processing /home/airflow/.local/lib/python3.7/site-packages/airflow/example_dags/example_nested_branch_dag.py took 0.145 seconds
[2022-12-07T22:27:48.130+0000] {processor.py:154} INFO - Started process (PID=374) to work on /home/airflow/.local/lib/python3.7/site-packages/airflow/example_dags/example_nested_branch_dag.py
[2022-12-07T22:27:48.131+0000] {processor.py:756} INFO - Processing file /home/airflow/.local/lib/python3.7/site-packages/airflow/example_dags/example_nested_branch_dag.py for tasks to queue
[2022-12-07T22:27:48.132+0000] {logging_mixin.py:137} INFO - [2022-12-07T22:27:48.132+0000] {dagbag.py:537} INFO - Filling up the DagBag from /home/airflow/.local/lib/python3.7/site-packages/airflow/example_dags/example_nested_branch_dag.py
[2022-12-07T22:27:48.206+0000] {processor.py:766} INFO - DAG(s) dict_keys(['example_nested_branch_dag']) retrieved from /home/airflow/.local/lib/python3.7/site-packages/airflow/example_dags/example_nested_branch_dag.py
[2022-12-07T22:27:48.345+0000] {logging_mixin.py:137} INFO - [2022-12-07T22:27:48.345+0000] {dag.py:2585} INFO - Sync 1 DAGs
[2022-12-07T22:27:48.420+0000] {logging_mixin.py:137} INFO - [2022-12-07T22:27:48.419+0000] {dag.py:3340} INFO - Setting next_dagrun for example_nested_branch_dag to 2022-12-06T00:00:00+00:00, run_after=2022-12-07T00:00:00+00:00
[2022-12-07T22:27:48.457+0000] {processor.py:176} INFO - Processing /home/airflow/.local/lib/python3.7/site-packages/airflow/example_dags/example_nested_branch_dag.py took 0.331 seconds
[2022-12-07T22:28:19.243+0000] {processor.py:154} INFO - Started process (PID=429) to work on /home/airflow/.local/lib/python3.7/site-packages/airflow/example_dags/example_nested_branch_dag.py
[2022-12-07T22:28:19.244+0000] {processor.py:756} INFO - Processing file /home/airflow/.local/lib/python3.7/site-packages/airflow/example_dags/example_nested_branch_dag.py for tasks to queue
[2022-12-07T22:28:19.246+0000] {logging_mixin.py:137} INFO - [2022-12-07T22:28:19.245+0000] {dagbag.py:537} INFO - Filling up the DagBag from /home/airflow/.local/lib/python3.7/site-packages/airflow/example_dags/example_nested_branch_dag.py
[2022-12-07T22:28:19.284+0000] {processor.py:766} INFO - DAG(s) dict_keys(['example_nested_branch_dag']) retrieved from /home/airflow/.local/lib/python3.7/site-packages/airflow/example_dags/example_nested_branch_dag.py
[2022-12-07T22:28:19.339+0000] {logging_mixin.py:137} INFO - [2022-12-07T22:28:19.339+0000] {dag.py:2585} INFO - Sync 1 DAGs
[2022-12-07T22:28:19.375+0000] {logging_mixin.py:137} INFO - [2022-12-07T22:28:19.375+0000] {dag.py:3340} INFO - Setting next_dagrun for example_nested_branch_dag to 2022-12-06T00:00:00+00:00, run_after=2022-12-07T00:00:00+00:00
[2022-12-07T22:28:19.401+0000] {processor.py:176} INFO - Processing /home/airflow/.local/lib/python3.7/site-packages/airflow/example_dags/example_nested_branch_dag.py took 0.162 seconds
[2022-12-07T22:28:49.923+0000] {processor.py:154} INFO - Started process (PID=493) to work on /home/airflow/.local/lib/python3.7/site-packages/airflow/example_dags/example_nested_branch_dag.py
[2022-12-07T22:28:49.924+0000] {processor.py:756} INFO - Processing file /home/airflow/.local/lib/python3.7/site-packages/airflow/example_dags/example_nested_branch_dag.py for tasks to queue
[2022-12-07T22:28:49.926+0000] {logging_mixin.py:137} INFO - [2022-12-07T22:28:49.926+0000] {dagbag.py:537} INFO - Filling up the DagBag from /home/airflow/.local/lib/python3.7/site-packages/airflow/example_dags/example_nested_branch_dag.py
[2022-12-07T22:28:49.965+0000] {processor.py:766} INFO - DAG(s) dict_keys(['example_nested_branch_dag']) retrieved from /home/airflow/.local/lib/python3.7/site-packages/airflow/example_dags/example_nested_branch_dag.py
[2022-12-07T22:28:50.058+0000] {logging_mixin.py:137} INFO - [2022-12-07T22:28:50.057+0000] {dag.py:2585} INFO - Sync 1 DAGs
[2022-12-07T22:28:50.135+0000] {logging_mixin.py:137} INFO - [2022-12-07T22:28:50.134+0000] {dag.py:3340} INFO - Setting next_dagrun for example_nested_branch_dag to 2022-12-06T00:00:00+00:00, run_after=2022-12-07T00:00:00+00:00
[2022-12-07T22:28:50.176+0000] {processor.py:176} INFO - Processing /home/airflow/.local/lib/python3.7/site-packages/airflow/example_dags/example_nested_branch_dag.py took 0.257 seconds
[2022-12-07T22:29:20.211+0000] {processor.py:154} INFO - Started process (PID=548) to work on /home/airflow/.local/lib/python3.7/site-packages/airflow/example_dags/example_nested_branch_dag.py
[2022-12-07T22:29:20.212+0000] {processor.py:756} INFO - Processing file /home/airflow/.local/lib/python3.7/site-packages/airflow/example_dags/example_nested_branch_dag.py for tasks to queue
[2022-12-07T22:29:20.213+0000] {logging_mixin.py:137} INFO - [2022-12-07T22:29:20.213+0000] {dagbag.py:537} INFO - Filling up the DagBag from /home/airflow/.local/lib/python3.7/site-packages/airflow/example_dags/example_nested_branch_dag.py
[2022-12-07T22:29:20.245+0000] {processor.py:766} INFO - DAG(s) dict_keys(['example_nested_branch_dag']) retrieved from /home/airflow/.local/lib/python3.7/site-packages/airflow/example_dags/example_nested_branch_dag.py
[2022-12-07T22:29:20.290+0000] {logging_mixin.py:137} INFO - [2022-12-07T22:29:20.290+0000] {dag.py:2585} INFO - Sync 1 DAGs
[2022-12-07T22:29:20.321+0000] {logging_mixin.py:137} INFO - [2022-12-07T22:29:20.321+0000] {dag.py:3340} INFO - Setting next_dagrun for example_nested_branch_dag to 2022-12-06T00:00:00+00:00, run_after=2022-12-07T00:00:00+00:00
[2022-12-07T22:29:20.343+0000] {processor.py:176} INFO - Processing /home/airflow/.local/lib/python3.7/site-packages/airflow/example_dags/example_nested_branch_dag.py took 0.135 seconds
[2022-12-07T22:29:51.098+0000] {processor.py:154} INFO - Started process (PID=612) to work on /home/airflow/.local/lib/python3.7/site-packages/airflow/example_dags/example_nested_branch_dag.py
[2022-12-07T22:29:51.099+0000] {processor.py:756} INFO - Processing file /home/airflow/.local/lib/python3.7/site-packages/airflow/example_dags/example_nested_branch_dag.py for tasks to queue
[2022-12-07T22:29:51.100+0000] {logging_mixin.py:137} INFO - [2022-12-07T22:29:51.100+0000] {dagbag.py:537} INFO - Filling up the DagBag from /home/airflow/.local/lib/python3.7/site-packages/airflow/example_dags/example_nested_branch_dag.py
[2022-12-07T22:29:51.134+0000] {processor.py:766} INFO - DAG(s) dict_keys(['example_nested_branch_dag']) retrieved from /home/airflow/.local/lib/python3.7/site-packages/airflow/example_dags/example_nested_branch_dag.py
[2022-12-07T22:29:51.184+0000] {logging_mixin.py:137} INFO - [2022-12-07T22:29:51.184+0000] {dag.py:2585} INFO - Sync 1 DAGs
[2022-12-07T22:29:51.224+0000] {logging_mixin.py:137} INFO - [2022-12-07T22:29:51.224+0000] {dag.py:3340} INFO - Setting next_dagrun for example_nested_branch_dag to 2022-12-06T00:00:00+00:00, run_after=2022-12-07T00:00:00+00:00
[2022-12-07T22:29:51.268+0000] {processor.py:176} INFO - Processing /home/airflow/.local/lib/python3.7/site-packages/airflow/example_dags/example_nested_branch_dag.py took 0.174 seconds
[2022-12-07T22:30:21.364+0000] {processor.py:154} INFO - Started process (PID=667) to work on /home/airflow/.local/lib/python3.7/site-packages/airflow/example_dags/example_nested_branch_dag.py
[2022-12-07T22:30:21.366+0000] {processor.py:756} INFO - Processing file /home/airflow/.local/lib/python3.7/site-packages/airflow/example_dags/example_nested_branch_dag.py for tasks to queue
[2022-12-07T22:30:21.367+0000] {logging_mixin.py:137} INFO - [2022-12-07T22:30:21.366+0000] {dagbag.py:537} INFO - Filling up the DagBag from /home/airflow/.local/lib/python3.7/site-packages/airflow/example_dags/example_nested_branch_dag.py
[2022-12-07T22:30:21.396+0000] {processor.py:766} INFO - DAG(s) dict_keys(['example_nested_branch_dag']) retrieved from /home/airflow/.local/lib/python3.7/site-packages/airflow/example_dags/example_nested_branch_dag.py
[2022-12-07T22:30:21.448+0000] {logging_mixin.py:137} INFO - [2022-12-07T22:30:21.447+0000] {dag.py:2585} INFO - Sync 1 DAGs
[2022-12-07T22:30:21.489+0000] {logging_mixin.py:137} INFO - [2022-12-07T22:30:21.489+0000] {dag.py:3340} INFO - Setting next_dagrun for example_nested_branch_dag to 2022-12-06T00:00:00+00:00, run_after=2022-12-07T00:00:00+00:00
[2022-12-07T22:30:21.522+0000] {processor.py:176} INFO - Processing /home/airflow/.local/lib/python3.7/site-packages/airflow/example_dags/example_nested_branch_dag.py took 0.161 seconds
[2022-12-07T22:30:51.666+0000] {processor.py:154} INFO - Started process (PID=731) to work on /home/airflow/.local/lib/python3.7/site-packages/airflow/example_dags/example_nested_branch_dag.py
[2022-12-07T22:30:51.668+0000] {processor.py:756} INFO - Processing file /home/airflow/.local/lib/python3.7/site-packages/airflow/example_dags/example_nested_branch_dag.py for tasks to queue
[2022-12-07T22:30:51.670+0000] {logging_mixin.py:137} INFO - [2022-12-07T22:30:51.669+0000] {dagbag.py:537} INFO - Filling up the DagBag from /home/airflow/.local/lib/python3.7/site-packages/airflow/example_dags/example_nested_branch_dag.py
[2022-12-07T22:30:51.704+0000] {processor.py:766} INFO - DAG(s) dict_keys(['example_nested_branch_dag']) retrieved from /home/airflow/.local/lib/python3.7/site-packages/airflow/example_dags/example_nested_branch_dag.py
[2022-12-07T22:30:51.758+0000] {logging_mixin.py:137} INFO - [2022-12-07T22:30:51.758+0000] {dag.py:2585} INFO - Sync 1 DAGs
[2022-12-07T22:30:51.791+0000] {logging_mixin.py:137} INFO - [2022-12-07T22:30:51.791+0000] {dag.py:3340} INFO - Setting next_dagrun for example_nested_branch_dag to 2022-12-06T00:00:00+00:00, run_after=2022-12-07T00:00:00+00:00
[2022-12-07T22:30:51.823+0000] {processor.py:176} INFO - Processing /home/airflow/.local/lib/python3.7/site-packages/airflow/example_dags/example_nested_branch_dag.py took 0.160 seconds
[2022-12-07T22:31:22.241+0000] {processor.py:154} INFO - Started process (PID=796) to work on /home/airflow/.local/lib/python3.7/site-packages/airflow/example_dags/example_nested_branch_dag.py
[2022-12-07T22:31:22.243+0000] {processor.py:756} INFO - Processing file /home/airflow/.local/lib/python3.7/site-packages/airflow/example_dags/example_nested_branch_dag.py for tasks to queue
[2022-12-07T22:31:22.247+0000] {logging_mixin.py:137} INFO - [2022-12-07T22:31:22.247+0000] {dagbag.py:537} INFO - Filling up the DagBag from /home/airflow/.local/lib/python3.7/site-packages/airflow/example_dags/example_nested_branch_dag.py
[2022-12-07T22:31:22.305+0000] {processor.py:766} INFO - DAG(s) dict_keys(['example_nested_branch_dag']) retrieved from /home/airflow/.local/lib/python3.7/site-packages/airflow/example_dags/example_nested_branch_dag.py
[2022-12-07T22:31:22.383+0000] {logging_mixin.py:137} INFO - [2022-12-07T22:31:22.382+0000] {dag.py:2585} INFO - Sync 1 DAGs
[2022-12-07T22:31:22.428+0000] {logging_mixin.py:137} INFO - [2022-12-07T22:31:22.428+0000] {dag.py:3340} INFO - Setting next_dagrun for example_nested_branch_dag to 2022-12-06T00:00:00+00:00, run_after=2022-12-07T00:00:00+00:00
[2022-12-07T22:31:22.459+0000] {processor.py:176} INFO - Processing /home/airflow/.local/lib/python3.7/site-packages/airflow/example_dags/example_nested_branch_dag.py took 0.223 seconds
[2022-12-07T22:31:53.028+0000] {processor.py:154} INFO - Started process (PID=851) to work on /home/airflow/.local/lib/python3.7/site-packages/airflow/example_dags/example_nested_branch_dag.py
[2022-12-07T22:31:53.030+0000] {processor.py:756} INFO - Processing file /home/airflow/.local/lib/python3.7/site-packages/airflow/example_dags/example_nested_branch_dag.py for tasks to queue
[2022-12-07T22:31:53.031+0000] {logging_mixin.py:137} INFO - [2022-12-07T22:31:53.031+0000] {dagbag.py:537} INFO - Filling up the DagBag from /home/airflow/.local/lib/python3.7/site-packages/airflow/example_dags/example_nested_branch_dag.py
[2022-12-07T22:31:53.072+0000] {processor.py:766} INFO - DAG(s) dict_keys(['example_nested_branch_dag']) retrieved from /home/airflow/.local/lib/python3.7/site-packages/airflow/example_dags/example_nested_branch_dag.py
[2022-12-07T22:31:53.121+0000] {logging_mixin.py:137} INFO - [2022-12-07T22:31:53.121+0000] {dag.py:2585} INFO - Sync 1 DAGs
[2022-12-07T22:31:53.152+0000] {logging_mixin.py:137} INFO - [2022-12-07T22:31:53.152+0000] {dag.py:3340} INFO - Setting next_dagrun for example_nested_branch_dag to 2022-12-06T00:00:00+00:00, run_after=2022-12-07T00:00:00+00:00
[2022-12-07T22:31:53.179+0000] {processor.py:176} INFO - Processing /home/airflow/.local/lib/python3.7/site-packages/airflow/example_dags/example_nested_branch_dag.py took 0.155 seconds
[2022-12-07T22:32:24.143+0000] {processor.py:154} INFO - Started process (PID=915) to work on /home/airflow/.local/lib/python3.7/site-packages/airflow/example_dags/example_nested_branch_dag.py
[2022-12-07T22:32:24.144+0000] {processor.py:756} INFO - Processing file /home/airflow/.local/lib/python3.7/site-packages/airflow/example_dags/example_nested_branch_dag.py for tasks to queue
[2022-12-07T22:32:24.146+0000] {logging_mixin.py:137} INFO - [2022-12-07T22:32:24.145+0000] {dagbag.py:537} INFO - Filling up the DagBag from /home/airflow/.local/lib/python3.7/site-packages/airflow/example_dags/example_nested_branch_dag.py
[2022-12-07T22:32:24.174+0000] {processor.py:766} INFO - DAG(s) dict_keys(['example_nested_branch_dag']) retrieved from /home/airflow/.local/lib/python3.7/site-packages/airflow/example_dags/example_nested_branch_dag.py
[2022-12-07T22:32:24.225+0000] {logging_mixin.py:137} INFO - [2022-12-07T22:32:24.225+0000] {dag.py:2585} INFO - Sync 1 DAGs
[2022-12-07T22:32:24.264+0000] {logging_mixin.py:137} INFO - [2022-12-07T22:32:24.264+0000] {dag.py:3340} INFO - Setting next_dagrun for example_nested_branch_dag to 2022-12-06T00:00:00+00:00, run_after=2022-12-07T00:00:00+00:00
[2022-12-07T22:32:24.291+0000] {processor.py:176} INFO - Processing /home/airflow/.local/lib/python3.7/site-packages/airflow/example_dags/example_nested_branch_dag.py took 0.153 seconds
[2022-12-07T23:36:47.183+0000] {processor.py:154} INFO - Started process (PID=77) to work on /home/airflow/.local/lib/python3.7/site-packages/airflow/example_dags/example_nested_branch_dag.py
[2022-12-07T23:36:47.185+0000] {processor.py:756} INFO - Processing file /home/airflow/.local/lib/python3.7/site-packages/airflow/example_dags/example_nested_branch_dag.py for tasks to queue
[2022-12-07T23:36:47.187+0000] {logging_mixin.py:137} INFO - [2022-12-07T23:36:47.186+0000] {dagbag.py:537} INFO - Filling up the DagBag from /home/airflow/.local/lib/python3.7/site-packages/airflow/example_dags/example_nested_branch_dag.py
[2022-12-07T23:36:47.232+0000] {processor.py:766} INFO - DAG(s) dict_keys(['example_nested_branch_dag']) retrieved from /home/airflow/.local/lib/python3.7/site-packages/airflow/example_dags/example_nested_branch_dag.py
[2022-12-07T23:36:47.498+0000] {logging_mixin.py:137} INFO - [2022-12-07T23:36:47.498+0000] {manager.py:507} INFO - Created Permission View: can read on DAG:example_nested_branch_dag
[2022-12-07T23:36:47.516+0000] {logging_mixin.py:137} INFO - [2022-12-07T23:36:47.516+0000] {manager.py:507} INFO - Created Permission View: can delete on DAG:example_nested_branch_dag
[2022-12-07T23:36:47.531+0000] {logging_mixin.py:137} INFO - [2022-12-07T23:36:47.530+0000] {manager.py:507} INFO - Created Permission View: can edit on DAG:example_nested_branch_dag
[2022-12-07T23:36:47.532+0000] {logging_mixin.py:137} INFO - [2022-12-07T23:36:47.531+0000] {dag.py:2585} INFO - Sync 1 DAGs
[2022-12-07T23:36:47.554+0000] {logging_mixin.py:137} INFO - [2022-12-07T23:36:47.554+0000] {dag.py:2606} INFO - Creating ORM DAG for example_nested_branch_dag
[2022-12-07T23:36:47.578+0000] {logging_mixin.py:137} INFO - [2022-12-07T23:36:47.577+0000] {dag.py:3340} INFO - Setting next_dagrun for example_nested_branch_dag to 2022-12-06T00:00:00+00:00, run_after=2022-12-07T00:00:00+00:00
[2022-12-07T23:36:47.615+0000] {processor.py:176} INFO - Processing /home/airflow/.local/lib/python3.7/site-packages/airflow/example_dags/example_nested_branch_dag.py took 0.437 seconds
[2022-12-07T23:37:17.963+0000] {processor.py:154} INFO - Started process (PID=132) to work on /home/airflow/.local/lib/python3.7/site-packages/airflow/example_dags/example_nested_branch_dag.py
[2022-12-07T23:37:17.964+0000] {processor.py:756} INFO - Processing file /home/airflow/.local/lib/python3.7/site-packages/airflow/example_dags/example_nested_branch_dag.py for tasks to queue
[2022-12-07T23:37:17.965+0000] {logging_mixin.py:137} INFO - [2022-12-07T23:37:17.965+0000] {dagbag.py:537} INFO - Filling up the DagBag from /home/airflow/.local/lib/python3.7/site-packages/airflow/example_dags/example_nested_branch_dag.py
[2022-12-07T23:37:17.997+0000] {processor.py:766} INFO - DAG(s) dict_keys(['example_nested_branch_dag']) retrieved from /home/airflow/.local/lib/python3.7/site-packages/airflow/example_dags/example_nested_branch_dag.py
[2022-12-07T23:37:18.044+0000] {logging_mixin.py:137} INFO - [2022-12-07T23:37:18.044+0000] {dag.py:2585} INFO - Sync 1 DAGs
[2022-12-07T23:37:18.076+0000] {logging_mixin.py:137} INFO - [2022-12-07T23:37:18.076+0000] {dag.py:3340} INFO - Setting next_dagrun for example_nested_branch_dag to 2022-12-06T00:00:00+00:00, run_after=2022-12-07T00:00:00+00:00
[2022-12-07T23:37:18.098+0000] {processor.py:176} INFO - Processing /home/airflow/.local/lib/python3.7/site-packages/airflow/example_dags/example_nested_branch_dag.py took 0.138 seconds
[2022-12-07T23:37:49.011+0000] {processor.py:154} INFO - Started process (PID=198) to work on /home/airflow/.local/lib/python3.7/site-packages/airflow/example_dags/example_nested_branch_dag.py
[2022-12-07T23:37:49.013+0000] {processor.py:756} INFO - Processing file /home/airflow/.local/lib/python3.7/site-packages/airflow/example_dags/example_nested_branch_dag.py for tasks to queue
[2022-12-07T23:37:49.014+0000] {logging_mixin.py:137} INFO - [2022-12-07T23:37:49.014+0000] {dagbag.py:537} INFO - Filling up the DagBag from /home/airflow/.local/lib/python3.7/site-packages/airflow/example_dags/example_nested_branch_dag.py
[2022-12-07T23:37:49.053+0000] {processor.py:766} INFO - DAG(s) dict_keys(['example_nested_branch_dag']) retrieved from /home/airflow/.local/lib/python3.7/site-packages/airflow/example_dags/example_nested_branch_dag.py
[2022-12-07T23:37:49.126+0000] {logging_mixin.py:137} INFO - [2022-12-07T23:37:49.126+0000] {dag.py:2585} INFO - Sync 1 DAGs
[2022-12-07T23:37:49.170+0000] {logging_mixin.py:137} INFO - [2022-12-07T23:37:49.170+0000] {dag.py:3340} INFO - Setting next_dagrun for example_nested_branch_dag to 2022-12-06T00:00:00+00:00, run_after=2022-12-07T00:00:00+00:00
[2022-12-07T23:37:49.201+0000] {processor.py:176} INFO - Processing /home/airflow/.local/lib/python3.7/site-packages/airflow/example_dags/example_nested_branch_dag.py took 0.195 seconds
[2022-12-07T23:38:19.584+0000] {processor.py:154} INFO - Started process (PID=253) to work on /home/airflow/.local/lib/python3.7/site-packages/airflow/example_dags/example_nested_branch_dag.py
[2022-12-07T23:38:19.585+0000] {processor.py:756} INFO - Processing file /home/airflow/.local/lib/python3.7/site-packages/airflow/example_dags/example_nested_branch_dag.py for tasks to queue
[2022-12-07T23:38:19.586+0000] {logging_mixin.py:137} INFO - [2022-12-07T23:38:19.586+0000] {dagbag.py:537} INFO - Filling up the DagBag from /home/airflow/.local/lib/python3.7/site-packages/airflow/example_dags/example_nested_branch_dag.py
[2022-12-07T23:38:19.635+0000] {processor.py:766} INFO - DAG(s) dict_keys(['example_nested_branch_dag']) retrieved from /home/airflow/.local/lib/python3.7/site-packages/airflow/example_dags/example_nested_branch_dag.py
[2022-12-07T23:38:19.716+0000] {logging_mixin.py:137} INFO - [2022-12-07T23:38:19.715+0000] {dag.py:2585} INFO - Sync 1 DAGs
[2022-12-07T23:38:19.801+0000] {logging_mixin.py:137} INFO - [2022-12-07T23:38:19.801+0000] {dag.py:3340} INFO - Setting next_dagrun for example_nested_branch_dag to 2022-12-06T00:00:00+00:00, run_after=2022-12-07T00:00:00+00:00
[2022-12-07T23:38:19.859+0000] {processor.py:176} INFO - Processing /home/airflow/.local/lib/python3.7/site-packages/airflow/example_dags/example_nested_branch_dag.py took 0.280 seconds
[2022-12-07T23:38:50.056+0000] {processor.py:154} INFO - Started process (PID=317) to work on /home/airflow/.local/lib/python3.7/site-packages/airflow/example_dags/example_nested_branch_dag.py
[2022-12-07T23:38:50.057+0000] {processor.py:756} INFO - Processing file /home/airflow/.local/lib/python3.7/site-packages/airflow/example_dags/example_nested_branch_dag.py for tasks to queue
[2022-12-07T23:38:50.058+0000] {logging_mixin.py:137} INFO - [2022-12-07T23:38:50.058+0000] {dagbag.py:537} INFO - Filling up the DagBag from /home/airflow/.local/lib/python3.7/site-packages/airflow/example_dags/example_nested_branch_dag.py
[2022-12-07T23:38:50.097+0000] {processor.py:766} INFO - DAG(s) dict_keys(['example_nested_branch_dag']) retrieved from /home/airflow/.local/lib/python3.7/site-packages/airflow/example_dags/example_nested_branch_dag.py
[2022-12-07T23:38:50.156+0000] {logging_mixin.py:137} INFO - [2022-12-07T23:38:50.155+0000] {dag.py:2585} INFO - Sync 1 DAGs
[2022-12-07T23:38:50.202+0000] {logging_mixin.py:137} INFO - [2022-12-07T23:38:50.201+0000] {dag.py:3340} INFO - Setting next_dagrun for example_nested_branch_dag to 2022-12-06T00:00:00+00:00, run_after=2022-12-07T00:00:00+00:00
[2022-12-07T23:38:50.233+0000] {processor.py:176} INFO - Processing /home/airflow/.local/lib/python3.7/site-packages/airflow/example_dags/example_nested_branch_dag.py took 0.181 seconds
[2022-12-07T23:39:20.314+0000] {processor.py:154} INFO - Started process (PID=372) to work on /home/airflow/.local/lib/python3.7/site-packages/airflow/example_dags/example_nested_branch_dag.py
[2022-12-07T23:39:20.315+0000] {processor.py:756} INFO - Processing file /home/airflow/.local/lib/python3.7/site-packages/airflow/example_dags/example_nested_branch_dag.py for tasks to queue
[2022-12-07T23:39:20.317+0000] {logging_mixin.py:137} INFO - [2022-12-07T23:39:20.317+0000] {dagbag.py:537} INFO - Filling up the DagBag from /home/airflow/.local/lib/python3.7/site-packages/airflow/example_dags/example_nested_branch_dag.py
[2022-12-07T23:39:20.368+0000] {processor.py:766} INFO - DAG(s) dict_keys(['example_nested_branch_dag']) retrieved from /home/airflow/.local/lib/python3.7/site-packages/airflow/example_dags/example_nested_branch_dag.py
[2022-12-07T23:39:20.435+0000] {logging_mixin.py:137} INFO - [2022-12-07T23:39:20.435+0000] {dag.py:2585} INFO - Sync 1 DAGs
[2022-12-07T23:39:20.480+0000] {logging_mixin.py:137} INFO - [2022-12-07T23:39:20.480+0000] {dag.py:3340} INFO - Setting next_dagrun for example_nested_branch_dag to 2022-12-06T00:00:00+00:00, run_after=2022-12-07T00:00:00+00:00
[2022-12-07T23:39:20.514+0000] {processor.py:176} INFO - Processing /home/airflow/.local/lib/python3.7/site-packages/airflow/example_dags/example_nested_branch_dag.py took 0.208 seconds
[2022-12-07T23:39:50.946+0000] {processor.py:154} INFO - Started process (PID=436) to work on /home/airflow/.local/lib/python3.7/site-packages/airflow/example_dags/example_nested_branch_dag.py
[2022-12-07T23:39:50.948+0000] {processor.py:756} INFO - Processing file /home/airflow/.local/lib/python3.7/site-packages/airflow/example_dags/example_nested_branch_dag.py for tasks to queue
[2022-12-07T23:39:50.950+0000] {logging_mixin.py:137} INFO - [2022-12-07T23:39:50.949+0000] {dagbag.py:537} INFO - Filling up the DagBag from /home/airflow/.local/lib/python3.7/site-packages/airflow/example_dags/example_nested_branch_dag.py
[2022-12-07T23:39:50.998+0000] {processor.py:766} INFO - DAG(s) dict_keys(['example_nested_branch_dag']) retrieved from /home/airflow/.local/lib/python3.7/site-packages/airflow/example_dags/example_nested_branch_dag.py
[2022-12-07T23:39:51.070+0000] {logging_mixin.py:137} INFO - [2022-12-07T23:39:51.070+0000] {dag.py:2585} INFO - Sync 1 DAGs
[2022-12-07T23:39:51.129+0000] {logging_mixin.py:137} INFO - [2022-12-07T23:39:51.129+0000] {dag.py:3340} INFO - Setting next_dagrun for example_nested_branch_dag to 2022-12-06T00:00:00+00:00, run_after=2022-12-07T00:00:00+00:00
[2022-12-07T23:39:51.164+0000] {processor.py:176} INFO - Processing /home/airflow/.local/lib/python3.7/site-packages/airflow/example_dags/example_nested_branch_dag.py took 0.224 seconds
[2022-12-07T23:40:21.207+0000] {processor.py:154} INFO - Started process (PID=491) to work on /home/airflow/.local/lib/python3.7/site-packages/airflow/example_dags/example_nested_branch_dag.py
[2022-12-07T23:40:21.209+0000] {processor.py:756} INFO - Processing file /home/airflow/.local/lib/python3.7/site-packages/airflow/example_dags/example_nested_branch_dag.py for tasks to queue
[2022-12-07T23:40:21.210+0000] {logging_mixin.py:137} INFO - [2022-12-07T23:40:21.209+0000] {dagbag.py:537} INFO - Filling up the DagBag from /home/airflow/.local/lib/python3.7/site-packages/airflow/example_dags/example_nested_branch_dag.py
[2022-12-07T23:40:21.241+0000] {processor.py:766} INFO - DAG(s) dict_keys(['example_nested_branch_dag']) retrieved from /home/airflow/.local/lib/python3.7/site-packages/airflow/example_dags/example_nested_branch_dag.py
[2022-12-07T23:40:21.293+0000] {logging_mixin.py:137} INFO - [2022-12-07T23:40:21.293+0000] {dag.py:2585} INFO - Sync 1 DAGs
[2022-12-07T23:40:21.328+0000] {logging_mixin.py:137} INFO - [2022-12-07T23:40:21.328+0000] {dag.py:3340} INFO - Setting next_dagrun for example_nested_branch_dag to 2022-12-06T00:00:00+00:00, run_after=2022-12-07T00:00:00+00:00
[2022-12-07T23:40:21.353+0000] {processor.py:176} INFO - Processing /home/airflow/.local/lib/python3.7/site-packages/airflow/example_dags/example_nested_branch_dag.py took 0.149 seconds
[2022-12-07T23:40:52.102+0000] {processor.py:154} INFO - Started process (PID=555) to work on /home/airflow/.local/lib/python3.7/site-packages/airflow/example_dags/example_nested_branch_dag.py
[2022-12-07T23:40:52.104+0000] {processor.py:756} INFO - Processing file /home/airflow/.local/lib/python3.7/site-packages/airflow/example_dags/example_nested_branch_dag.py for tasks to queue
[2022-12-07T23:40:52.105+0000] {logging_mixin.py:137} INFO - [2022-12-07T23:40:52.105+0000] {dagbag.py:537} INFO - Filling up the DagBag from /home/airflow/.local/lib/python3.7/site-packages/airflow/example_dags/example_nested_branch_dag.py
[2022-12-07T23:40:52.146+0000] {processor.py:766} INFO - DAG(s) dict_keys(['example_nested_branch_dag']) retrieved from /home/airflow/.local/lib/python3.7/site-packages/airflow/example_dags/example_nested_branch_dag.py
[2022-12-07T23:40:52.214+0000] {logging_mixin.py:137} INFO - [2022-12-07T23:40:52.214+0000] {dag.py:2585} INFO - Sync 1 DAGs
[2022-12-07T23:40:52.272+0000] {logging_mixin.py:137} INFO - [2022-12-07T23:40:52.271+0000] {dag.py:3340} INFO - Setting next_dagrun for example_nested_branch_dag to 2022-12-06T00:00:00+00:00, run_after=2022-12-07T00:00:00+00:00
[2022-12-07T23:40:52.323+0000] {processor.py:176} INFO - Processing /home/airflow/.local/lib/python3.7/site-packages/airflow/example_dags/example_nested_branch_dag.py took 0.226 seconds
[2022-12-07T23:45:20.321+0000] {processor.py:154} INFO - Started process (PID=76) to work on /home/airflow/.local/lib/python3.7/site-packages/airflow/example_dags/example_nested_branch_dag.py
[2022-12-07T23:45:20.323+0000] {processor.py:756} INFO - Processing file /home/airflow/.local/lib/python3.7/site-packages/airflow/example_dags/example_nested_branch_dag.py for tasks to queue
[2022-12-07T23:45:20.326+0000] {logging_mixin.py:137} INFO - [2022-12-07T23:45:20.325+0000] {dagbag.py:537} INFO - Filling up the DagBag from /home/airflow/.local/lib/python3.7/site-packages/airflow/example_dags/example_nested_branch_dag.py
[2022-12-07T23:45:20.435+0000] {processor.py:766} INFO - DAG(s) dict_keys(['example_nested_branch_dag']) retrieved from /home/airflow/.local/lib/python3.7/site-packages/airflow/example_dags/example_nested_branch_dag.py
[2022-12-07T23:45:20.598+0000] {logging_mixin.py:137} INFO - [2022-12-07T23:45:20.598+0000] {dag.py:2585} INFO - Sync 1 DAGs
[2022-12-07T23:45:20.710+0000] {logging_mixin.py:137} INFO - [2022-12-07T23:45:20.709+0000] {dag.py:3340} INFO - Setting next_dagrun for example_nested_branch_dag to 2022-12-06T00:00:00+00:00, run_after=2022-12-07T00:00:00+00:00
[2022-12-07T23:45:20.790+0000] {processor.py:176} INFO - Processing /home/airflow/.local/lib/python3.7/site-packages/airflow/example_dags/example_nested_branch_dag.py took 0.486 seconds
[2022-12-07T23:45:51.190+0000] {processor.py:154} INFO - Started process (PID=134) to work on /home/airflow/.local/lib/python3.7/site-packages/airflow/example_dags/example_nested_branch_dag.py
[2022-12-07T23:45:51.191+0000] {processor.py:756} INFO - Processing file /home/airflow/.local/lib/python3.7/site-packages/airflow/example_dags/example_nested_branch_dag.py for tasks to queue
[2022-12-07T23:45:51.193+0000] {logging_mixin.py:137} INFO - [2022-12-07T23:45:51.193+0000] {dagbag.py:537} INFO - Filling up the DagBag from /home/airflow/.local/lib/python3.7/site-packages/airflow/example_dags/example_nested_branch_dag.py
[2022-12-07T23:45:51.233+0000] {processor.py:766} INFO - DAG(s) dict_keys(['example_nested_branch_dag']) retrieved from /home/airflow/.local/lib/python3.7/site-packages/airflow/example_dags/example_nested_branch_dag.py
[2022-12-07T23:45:51.297+0000] {logging_mixin.py:137} INFO - [2022-12-07T23:45:51.297+0000] {dag.py:2585} INFO - Sync 1 DAGs
[2022-12-07T23:45:51.347+0000] {logging_mixin.py:137} INFO - [2022-12-07T23:45:51.346+0000] {dag.py:3340} INFO - Setting next_dagrun for example_nested_branch_dag to 2022-12-06T00:00:00+00:00, run_after=2022-12-07T00:00:00+00:00
[2022-12-07T23:45:51.386+0000] {processor.py:176} INFO - Processing /home/airflow/.local/lib/python3.7/site-packages/airflow/example_dags/example_nested_branch_dag.py took 0.200 seconds
[2022-12-07T23:46:21.474+0000] {processor.py:154} INFO - Started process (PID=191) to work on /home/airflow/.local/lib/python3.7/site-packages/airflow/example_dags/example_nested_branch_dag.py
[2022-12-07T23:46:21.475+0000] {processor.py:756} INFO - Processing file /home/airflow/.local/lib/python3.7/site-packages/airflow/example_dags/example_nested_branch_dag.py for tasks to queue
[2022-12-07T23:46:21.477+0000] {logging_mixin.py:137} INFO - [2022-12-07T23:46:21.476+0000] {dagbag.py:537} INFO - Filling up the DagBag from /home/airflow/.local/lib/python3.7/site-packages/airflow/example_dags/example_nested_branch_dag.py
[2022-12-07T23:46:21.510+0000] {processor.py:766} INFO - DAG(s) dict_keys(['example_nested_branch_dag']) retrieved from /home/airflow/.local/lib/python3.7/site-packages/airflow/example_dags/example_nested_branch_dag.py
[2022-12-07T23:46:21.566+0000] {logging_mixin.py:137} INFO - [2022-12-07T23:46:21.566+0000] {dag.py:2585} INFO - Sync 1 DAGs
[2022-12-07T23:46:21.603+0000] {logging_mixin.py:137} INFO - [2022-12-07T23:46:21.603+0000] {dag.py:3340} INFO - Setting next_dagrun for example_nested_branch_dag to 2022-12-06T00:00:00+00:00, run_after=2022-12-07T00:00:00+00:00
[2022-12-07T23:46:21.634+0000] {processor.py:176} INFO - Processing /home/airflow/.local/lib/python3.7/site-packages/airflow/example_dags/example_nested_branch_dag.py took 0.164 seconds
[2022-12-07T23:46:52.349+0000] {processor.py:154} INFO - Started process (PID=255) to work on /home/airflow/.local/lib/python3.7/site-packages/airflow/example_dags/example_nested_branch_dag.py
[2022-12-07T23:46:52.350+0000] {processor.py:756} INFO - Processing file /home/airflow/.local/lib/python3.7/site-packages/airflow/example_dags/example_nested_branch_dag.py for tasks to queue
[2022-12-07T23:46:52.351+0000] {logging_mixin.py:137} INFO - [2022-12-07T23:46:52.351+0000] {dagbag.py:537} INFO - Filling up the DagBag from /home/airflow/.local/lib/python3.7/site-packages/airflow/example_dags/example_nested_branch_dag.py
[2022-12-07T23:46:52.384+0000] {processor.py:766} INFO - DAG(s) dict_keys(['example_nested_branch_dag']) retrieved from /home/airflow/.local/lib/python3.7/site-packages/airflow/example_dags/example_nested_branch_dag.py
[2022-12-07T23:46:52.441+0000] {logging_mixin.py:137} INFO - [2022-12-07T23:46:52.441+0000] {dag.py:2585} INFO - Sync 1 DAGs
[2022-12-07T23:46:52.479+0000] {logging_mixin.py:137} INFO - [2022-12-07T23:46:52.479+0000] {dag.py:3340} INFO - Setting next_dagrun for example_nested_branch_dag to 2022-12-06T00:00:00+00:00, run_after=2022-12-07T00:00:00+00:00
[2022-12-07T23:46:52.507+0000] {processor.py:176} INFO - Processing /home/airflow/.local/lib/python3.7/site-packages/airflow/example_dags/example_nested_branch_dag.py took 0.163 seconds
[2022-12-07T23:47:23.023+0000] {processor.py:154} INFO - Started process (PID=319) to work on /home/airflow/.local/lib/python3.7/site-packages/airflow/example_dags/example_nested_branch_dag.py
[2022-12-07T23:47:23.025+0000] {processor.py:756} INFO - Processing file /home/airflow/.local/lib/python3.7/site-packages/airflow/example_dags/example_nested_branch_dag.py for tasks to queue
[2022-12-07T23:47:23.026+0000] {logging_mixin.py:137} INFO - [2022-12-07T23:47:23.026+0000] {dagbag.py:537} INFO - Filling up the DagBag from /home/airflow/.local/lib/python3.7/site-packages/airflow/example_dags/example_nested_branch_dag.py
[2022-12-07T23:47:23.068+0000] {processor.py:766} INFO - DAG(s) dict_keys(['example_nested_branch_dag']) retrieved from /home/airflow/.local/lib/python3.7/site-packages/airflow/example_dags/example_nested_branch_dag.py
[2022-12-07T23:47:23.147+0000] {logging_mixin.py:137} INFO - [2022-12-07T23:47:23.147+0000] {dag.py:2585} INFO - Sync 1 DAGs
[2022-12-07T23:47:23.196+0000] {logging_mixin.py:137} INFO - [2022-12-07T23:47:23.195+0000] {dag.py:3340} INFO - Setting next_dagrun for example_nested_branch_dag to 2022-12-06T00:00:00+00:00, run_after=2022-12-07T00:00:00+00:00
[2022-12-07T23:47:23.244+0000] {processor.py:176} INFO - Processing /home/airflow/.local/lib/python3.7/site-packages/airflow/example_dags/example_nested_branch_dag.py took 0.230 seconds
[2022-12-07T23:47:54.190+0000] {processor.py:154} INFO - Started process (PID=374) to work on /home/airflow/.local/lib/python3.7/site-packages/airflow/example_dags/example_nested_branch_dag.py
[2022-12-07T23:47:54.191+0000] {processor.py:756} INFO - Processing file /home/airflow/.local/lib/python3.7/site-packages/airflow/example_dags/example_nested_branch_dag.py for tasks to queue
[2022-12-07T23:47:54.192+0000] {logging_mixin.py:137} INFO - [2022-12-07T23:47:54.192+0000] {dagbag.py:537} INFO - Filling up the DagBag from /home/airflow/.local/lib/python3.7/site-packages/airflow/example_dags/example_nested_branch_dag.py
[2022-12-07T23:47:54.228+0000] {processor.py:766} INFO - DAG(s) dict_keys(['example_nested_branch_dag']) retrieved from /home/airflow/.local/lib/python3.7/site-packages/airflow/example_dags/example_nested_branch_dag.py
[2022-12-07T23:47:54.281+0000] {logging_mixin.py:137} INFO - [2022-12-07T23:47:54.281+0000] {dag.py:2585} INFO - Sync 1 DAGs
[2022-12-07T23:47:54.323+0000] {logging_mixin.py:137} INFO - [2022-12-07T23:47:54.323+0000] {dag.py:3340} INFO - Setting next_dagrun for example_nested_branch_dag to 2022-12-06T00:00:00+00:00, run_after=2022-12-07T00:00:00+00:00
[2022-12-07T23:47:54.351+0000] {processor.py:176} INFO - Processing /home/airflow/.local/lib/python3.7/site-packages/airflow/example_dags/example_nested_branch_dag.py took 0.166 seconds
[2022-12-07T23:48:24.560+0000] {processor.py:154} INFO - Started process (PID=438) to work on /home/airflow/.local/lib/python3.7/site-packages/airflow/example_dags/example_nested_branch_dag.py
[2022-12-07T23:48:24.563+0000] {processor.py:756} INFO - Processing file /home/airflow/.local/lib/python3.7/site-packages/airflow/example_dags/example_nested_branch_dag.py for tasks to queue
[2022-12-07T23:48:24.567+0000] {logging_mixin.py:137} INFO - [2022-12-07T23:48:24.567+0000] {dagbag.py:537} INFO - Filling up the DagBag from /home/airflow/.local/lib/python3.7/site-packages/airflow/example_dags/example_nested_branch_dag.py
[2022-12-07T23:48:24.689+0000] {processor.py:766} INFO - DAG(s) dict_keys(['example_nested_branch_dag']) retrieved from /home/airflow/.local/lib/python3.7/site-packages/airflow/example_dags/example_nested_branch_dag.py
[2022-12-07T23:48:24.811+0000] {logging_mixin.py:137} INFO - [2022-12-07T23:48:24.810+0000] {dag.py:2585} INFO - Sync 1 DAGs
[2022-12-07T23:48:24.938+0000] {logging_mixin.py:137} INFO - [2022-12-07T23:48:24.938+0000] {dag.py:3340} INFO - Setting next_dagrun for example_nested_branch_dag to 2022-12-06T00:00:00+00:00, run_after=2022-12-07T00:00:00+00:00
[2022-12-07T23:48:25.053+0000] {processor.py:176} INFO - Processing /home/airflow/.local/lib/python3.7/site-packages/airflow/example_dags/example_nested_branch_dag.py took 0.506 seconds
[2022-12-07T23:48:55.891+0000] {processor.py:154} INFO - Started process (PID=505) to work on /home/airflow/.local/lib/python3.7/site-packages/airflow/example_dags/example_nested_branch_dag.py
[2022-12-07T23:48:55.892+0000] {processor.py:756} INFO - Processing file /home/airflow/.local/lib/python3.7/site-packages/airflow/example_dags/example_nested_branch_dag.py for tasks to queue
[2022-12-07T23:48:55.894+0000] {logging_mixin.py:137} INFO - [2022-12-07T23:48:55.893+0000] {dagbag.py:537} INFO - Filling up the DagBag from /home/airflow/.local/lib/python3.7/site-packages/airflow/example_dags/example_nested_branch_dag.py
[2022-12-07T23:48:55.923+0000] {processor.py:766} INFO - DAG(s) dict_keys(['example_nested_branch_dag']) retrieved from /home/airflow/.local/lib/python3.7/site-packages/airflow/example_dags/example_nested_branch_dag.py
[2022-12-07T23:48:55.977+0000] {logging_mixin.py:137} INFO - [2022-12-07T23:48:55.977+0000] {dag.py:2585} INFO - Sync 1 DAGs
[2022-12-07T23:48:56.012+0000] {logging_mixin.py:137} INFO - [2022-12-07T23:48:56.011+0000] {dag.py:3340} INFO - Setting next_dagrun for example_nested_branch_dag to 2022-12-06T00:00:00+00:00, run_after=2022-12-07T00:00:00+00:00
[2022-12-07T23:48:56.038+0000] {processor.py:176} INFO - Processing /home/airflow/.local/lib/python3.7/site-packages/airflow/example_dags/example_nested_branch_dag.py took 0.151 seconds
[2022-12-07T23:49:26.153+0000] {processor.py:154} INFO - Started process (PID=569) to work on /home/airflow/.local/lib/python3.7/site-packages/airflow/example_dags/example_nested_branch_dag.py
[2022-12-07T23:49:26.154+0000] {processor.py:756} INFO - Processing file /home/airflow/.local/lib/python3.7/site-packages/airflow/example_dags/example_nested_branch_dag.py for tasks to queue
[2022-12-07T23:49:26.156+0000] {logging_mixin.py:137} INFO - [2022-12-07T23:49:26.155+0000] {dagbag.py:537} INFO - Filling up the DagBag from /home/airflow/.local/lib/python3.7/site-packages/airflow/example_dags/example_nested_branch_dag.py
[2022-12-07T23:49:26.206+0000] {processor.py:766} INFO - DAG(s) dict_keys(['example_nested_branch_dag']) retrieved from /home/airflow/.local/lib/python3.7/site-packages/airflow/example_dags/example_nested_branch_dag.py
[2022-12-07T23:49:26.291+0000] {logging_mixin.py:137} INFO - [2022-12-07T23:49:26.290+0000] {dag.py:2585} INFO - Sync 1 DAGs
[2022-12-07T23:49:26.341+0000] {logging_mixin.py:137} INFO - [2022-12-07T23:49:26.341+0000] {dag.py:3340} INFO - Setting next_dagrun for example_nested_branch_dag to 2022-12-06T00:00:00+00:00, run_after=2022-12-07T00:00:00+00:00
[2022-12-07T23:49:26.374+0000] {processor.py:176} INFO - Processing /home/airflow/.local/lib/python3.7/site-packages/airflow/example_dags/example_nested_branch_dag.py took 0.227 seconds
[2022-12-07T23:49:56.452+0000] {processor.py:154} INFO - Started process (PID=624) to work on /home/airflow/.local/lib/python3.7/site-packages/airflow/example_dags/example_nested_branch_dag.py
[2022-12-07T23:49:56.454+0000] {processor.py:756} INFO - Processing file /home/airflow/.local/lib/python3.7/site-packages/airflow/example_dags/example_nested_branch_dag.py for tasks to queue
[2022-12-07T23:49:56.455+0000] {logging_mixin.py:137} INFO - [2022-12-07T23:49:56.455+0000] {dagbag.py:537} INFO - Filling up the DagBag from /home/airflow/.local/lib/python3.7/site-packages/airflow/example_dags/example_nested_branch_dag.py
[2022-12-07T23:49:56.489+0000] {processor.py:766} INFO - DAG(s) dict_keys(['example_nested_branch_dag']) retrieved from /home/airflow/.local/lib/python3.7/site-packages/airflow/example_dags/example_nested_branch_dag.py
[2022-12-07T23:49:56.548+0000] {logging_mixin.py:137} INFO - [2022-12-07T23:49:56.548+0000] {dag.py:2585} INFO - Sync 1 DAGs
[2022-12-07T23:49:56.586+0000] {logging_mixin.py:137} INFO - [2022-12-07T23:49:56.586+0000] {dag.py:3340} INFO - Setting next_dagrun for example_nested_branch_dag to 2022-12-06T00:00:00+00:00, run_after=2022-12-07T00:00:00+00:00
[2022-12-07T23:49:56.613+0000] {processor.py:176} INFO - Processing /home/airflow/.local/lib/python3.7/site-packages/airflow/example_dags/example_nested_branch_dag.py took 0.164 seconds
[2022-12-07T23:50:26.772+0000] {processor.py:154} INFO - Started process (PID=688) to work on /home/airflow/.local/lib/python3.7/site-packages/airflow/example_dags/example_nested_branch_dag.py
[2022-12-07T23:50:26.773+0000] {processor.py:756} INFO - Processing file /home/airflow/.local/lib/python3.7/site-packages/airflow/example_dags/example_nested_branch_dag.py for tasks to queue
[2022-12-07T23:50:26.774+0000] {logging_mixin.py:137} INFO - [2022-12-07T23:50:26.774+0000] {dagbag.py:537} INFO - Filling up the DagBag from /home/airflow/.local/lib/python3.7/site-packages/airflow/example_dags/example_nested_branch_dag.py
[2022-12-07T23:50:26.820+0000] {processor.py:766} INFO - DAG(s) dict_keys(['example_nested_branch_dag']) retrieved from /home/airflow/.local/lib/python3.7/site-packages/airflow/example_dags/example_nested_branch_dag.py
[2022-12-07T23:50:26.881+0000] {logging_mixin.py:137} INFO - [2022-12-07T23:50:26.881+0000] {dag.py:2585} INFO - Sync 1 DAGs
[2022-12-07T23:50:26.927+0000] {logging_mixin.py:137} INFO - [2022-12-07T23:50:26.926+0000] {dag.py:3340} INFO - Setting next_dagrun for example_nested_branch_dag to 2022-12-06T00:00:00+00:00, run_after=2022-12-07T00:00:00+00:00
[2022-12-07T23:50:26.957+0000] {processor.py:176} INFO - Processing /home/airflow/.local/lib/python3.7/site-packages/airflow/example_dags/example_nested_branch_dag.py took 0.191 seconds
[2022-12-07T23:50:57.679+0000] {processor.py:154} INFO - Started process (PID=749) to work on /home/airflow/.local/lib/python3.7/site-packages/airflow/example_dags/example_nested_branch_dag.py
[2022-12-07T23:50:57.680+0000] {processor.py:756} INFO - Processing file /home/airflow/.local/lib/python3.7/site-packages/airflow/example_dags/example_nested_branch_dag.py for tasks to queue
[2022-12-07T23:50:57.682+0000] {logging_mixin.py:137} INFO - [2022-12-07T23:50:57.682+0000] {dagbag.py:537} INFO - Filling up the DagBag from /home/airflow/.local/lib/python3.7/site-packages/airflow/example_dags/example_nested_branch_dag.py
[2022-12-07T23:50:57.723+0000] {processor.py:766} INFO - DAG(s) dict_keys(['example_nested_branch_dag']) retrieved from /home/airflow/.local/lib/python3.7/site-packages/airflow/example_dags/example_nested_branch_dag.py
[2022-12-07T23:50:57.785+0000] {logging_mixin.py:137} INFO - [2022-12-07T23:50:57.784+0000] {dag.py:2585} INFO - Sync 1 DAGs
[2022-12-07T23:50:57.837+0000] {logging_mixin.py:137} INFO - [2022-12-07T23:50:57.837+0000] {dag.py:3340} INFO - Setting next_dagrun for example_nested_branch_dag to 2022-12-06T00:00:00+00:00, run_after=2022-12-07T00:00:00+00:00
[2022-12-07T23:50:57.867+0000] {processor.py:176} INFO - Processing /home/airflow/.local/lib/python3.7/site-packages/airflow/example_dags/example_nested_branch_dag.py took 0.193 seconds
[2022-12-07T23:51:28.265+0000] {processor.py:154} INFO - Started process (PID=807) to work on /home/airflow/.local/lib/python3.7/site-packages/airflow/example_dags/example_nested_branch_dag.py
[2022-12-07T23:51:28.266+0000] {processor.py:756} INFO - Processing file /home/airflow/.local/lib/python3.7/site-packages/airflow/example_dags/example_nested_branch_dag.py for tasks to queue
[2022-12-07T23:51:28.267+0000] {logging_mixin.py:137} INFO - [2022-12-07T23:51:28.267+0000] {dagbag.py:537} INFO - Filling up the DagBag from /home/airflow/.local/lib/python3.7/site-packages/airflow/example_dags/example_nested_branch_dag.py
[2022-12-07T23:51:28.307+0000] {processor.py:766} INFO - DAG(s) dict_keys(['example_nested_branch_dag']) retrieved from /home/airflow/.local/lib/python3.7/site-packages/airflow/example_dags/example_nested_branch_dag.py
[2022-12-07T23:51:28.367+0000] {logging_mixin.py:137} INFO - [2022-12-07T23:51:28.367+0000] {dag.py:2585} INFO - Sync 1 DAGs
[2022-12-07T23:51:28.413+0000] {logging_mixin.py:137} INFO - [2022-12-07T23:51:28.413+0000] {dag.py:3340} INFO - Setting next_dagrun for example_nested_branch_dag to 2022-12-06T00:00:00+00:00, run_after=2022-12-07T00:00:00+00:00
[2022-12-07T23:51:28.453+0000] {processor.py:176} INFO - Processing /home/airflow/.local/lib/python3.7/site-packages/airflow/example_dags/example_nested_branch_dag.py took 0.193 seconds
[2022-12-07T23:51:59.554+0000] {processor.py:154} INFO - Started process (PID=871) to work on /home/airflow/.local/lib/python3.7/site-packages/airflow/example_dags/example_nested_branch_dag.py
[2022-12-07T23:51:59.556+0000] {processor.py:756} INFO - Processing file /home/airflow/.local/lib/python3.7/site-packages/airflow/example_dags/example_nested_branch_dag.py for tasks to queue
[2022-12-07T23:51:59.559+0000] {logging_mixin.py:137} INFO - [2022-12-07T23:51:59.559+0000] {dagbag.py:537} INFO - Filling up the DagBag from /home/airflow/.local/lib/python3.7/site-packages/airflow/example_dags/example_nested_branch_dag.py
[2022-12-07T23:51:59.628+0000] {processor.py:766} INFO - DAG(s) dict_keys(['example_nested_branch_dag']) retrieved from /home/airflow/.local/lib/python3.7/site-packages/airflow/example_dags/example_nested_branch_dag.py
[2022-12-07T23:51:59.722+0000] {logging_mixin.py:137} INFO - [2022-12-07T23:51:59.721+0000] {dag.py:2585} INFO - Sync 1 DAGs
[2022-12-07T23:51:59.781+0000] {logging_mixin.py:137} INFO - [2022-12-07T23:51:59.780+0000] {dag.py:3340} INFO - Setting next_dagrun for example_nested_branch_dag to 2022-12-06T00:00:00+00:00, run_after=2022-12-07T00:00:00+00:00
[2022-12-07T23:51:59.834+0000] {processor.py:176} INFO - Processing /home/airflow/.local/lib/python3.7/site-packages/airflow/example_dags/example_nested_branch_dag.py took 0.286 seconds
[2022-12-07T23:52:30.066+0000] {processor.py:154} INFO - Started process (PID=926) to work on /home/airflow/.local/lib/python3.7/site-packages/airflow/example_dags/example_nested_branch_dag.py
[2022-12-07T23:52:30.068+0000] {processor.py:756} INFO - Processing file /home/airflow/.local/lib/python3.7/site-packages/airflow/example_dags/example_nested_branch_dag.py for tasks to queue
[2022-12-07T23:52:30.070+0000] {logging_mixin.py:137} INFO - [2022-12-07T23:52:30.069+0000] {dagbag.py:537} INFO - Filling up the DagBag from /home/airflow/.local/lib/python3.7/site-packages/airflow/example_dags/example_nested_branch_dag.py
[2022-12-07T23:52:30.129+0000] {processor.py:766} INFO - DAG(s) dict_keys(['example_nested_branch_dag']) retrieved from /home/airflow/.local/lib/python3.7/site-packages/airflow/example_dags/example_nested_branch_dag.py
[2022-12-07T23:52:30.202+0000] {logging_mixin.py:137} INFO - [2022-12-07T23:52:30.202+0000] {dag.py:2585} INFO - Sync 1 DAGs
[2022-12-07T23:52:30.256+0000] {logging_mixin.py:137} INFO - [2022-12-07T23:52:30.256+0000] {dag.py:3340} INFO - Setting next_dagrun for example_nested_branch_dag to 2022-12-06T00:00:00+00:00, run_after=2022-12-07T00:00:00+00:00
[2022-12-07T23:52:30.299+0000] {processor.py:176} INFO - Processing /home/airflow/.local/lib/python3.7/site-packages/airflow/example_dags/example_nested_branch_dag.py took 0.242 seconds
[2022-12-07T23:53:00.474+0000] {processor.py:154} INFO - Started process (PID=995) to work on /home/airflow/.local/lib/python3.7/site-packages/airflow/example_dags/example_nested_branch_dag.py
[2022-12-07T23:53:00.475+0000] {processor.py:756} INFO - Processing file /home/airflow/.local/lib/python3.7/site-packages/airflow/example_dags/example_nested_branch_dag.py for tasks to queue
[2022-12-07T23:53:00.476+0000] {logging_mixin.py:137} INFO - [2022-12-07T23:53:00.476+0000] {dagbag.py:537} INFO - Filling up the DagBag from /home/airflow/.local/lib/python3.7/site-packages/airflow/example_dags/example_nested_branch_dag.py
[2022-12-07T23:53:00.514+0000] {processor.py:766} INFO - DAG(s) dict_keys(['example_nested_branch_dag']) retrieved from /home/airflow/.local/lib/python3.7/site-packages/airflow/example_dags/example_nested_branch_dag.py
[2022-12-07T23:53:00.571+0000] {logging_mixin.py:137} INFO - [2022-12-07T23:53:00.571+0000] {dag.py:2585} INFO - Sync 1 DAGs
[2022-12-07T23:53:00.617+0000] {logging_mixin.py:137} INFO - [2022-12-07T23:53:00.617+0000] {dag.py:3340} INFO - Setting next_dagrun for example_nested_branch_dag to 2022-12-06T00:00:00+00:00, run_after=2022-12-07T00:00:00+00:00
[2022-12-07T23:53:00.655+0000] {processor.py:176} INFO - Processing /home/airflow/.local/lib/python3.7/site-packages/airflow/example_dags/example_nested_branch_dag.py took 0.187 seconds
[2022-12-07T23:53:31.195+0000] {processor.py:154} INFO - Started process (PID=1050) to work on /home/airflow/.local/lib/python3.7/site-packages/airflow/example_dags/example_nested_branch_dag.py
[2022-12-07T23:53:31.196+0000] {processor.py:756} INFO - Processing file /home/airflow/.local/lib/python3.7/site-packages/airflow/example_dags/example_nested_branch_dag.py for tasks to queue
[2022-12-07T23:53:31.197+0000] {logging_mixin.py:137} INFO - [2022-12-07T23:53:31.197+0000] {dagbag.py:537} INFO - Filling up the DagBag from /home/airflow/.local/lib/python3.7/site-packages/airflow/example_dags/example_nested_branch_dag.py
[2022-12-07T23:53:31.234+0000] {processor.py:766} INFO - DAG(s) dict_keys(['example_nested_branch_dag']) retrieved from /home/airflow/.local/lib/python3.7/site-packages/airflow/example_dags/example_nested_branch_dag.py
[2022-12-07T23:53:31.294+0000] {logging_mixin.py:137} INFO - [2022-12-07T23:53:31.294+0000] {dag.py:2585} INFO - Sync 1 DAGs
[2022-12-07T23:53:31.333+0000] {logging_mixin.py:137} INFO - [2022-12-07T23:53:31.333+0000] {dag.py:3340} INFO - Setting next_dagrun for example_nested_branch_dag to 2022-12-06T00:00:00+00:00, run_after=2022-12-07T00:00:00+00:00
[2022-12-07T23:53:31.369+0000] {processor.py:176} INFO - Processing /home/airflow/.local/lib/python3.7/site-packages/airflow/example_dags/example_nested_branch_dag.py took 0.179 seconds
[2022-12-07T23:54:03.936+0000] {processor.py:154} INFO - Started process (PID=1120) to work on /home/airflow/.local/lib/python3.7/site-packages/airflow/example_dags/example_nested_branch_dag.py
[2022-12-07T23:54:03.944+0000] {processor.py:756} INFO - Processing file /home/airflow/.local/lib/python3.7/site-packages/airflow/example_dags/example_nested_branch_dag.py for tasks to queue
[2022-12-07T23:54:03.946+0000] {logging_mixin.py:137} INFO - [2022-12-07T23:54:03.945+0000] {dagbag.py:537} INFO - Filling up the DagBag from /home/airflow/.local/lib/python3.7/site-packages/airflow/example_dags/example_nested_branch_dag.py
[2022-12-07T23:54:04.092+0000] {processor.py:766} INFO - DAG(s) dict_keys(['example_nested_branch_dag']) retrieved from /home/airflow/.local/lib/python3.7/site-packages/airflow/example_dags/example_nested_branch_dag.py
[2022-12-07T23:54:04.272+0000] {logging_mixin.py:137} INFO - [2022-12-07T23:54:04.271+0000] {dag.py:2585} INFO - Sync 1 DAGs
[2022-12-07T23:54:04.359+0000] {logging_mixin.py:137} INFO - [2022-12-07T23:54:04.358+0000] {dag.py:3340} INFO - Setting next_dagrun for example_nested_branch_dag to 2022-12-06T00:00:00+00:00, run_after=2022-12-07T00:00:00+00:00
[2022-12-07T23:54:04.435+0000] {processor.py:176} INFO - Processing /home/airflow/.local/lib/python3.7/site-packages/airflow/example_dags/example_nested_branch_dag.py took 0.513 seconds
[2022-12-07T23:54:34.811+0000] {processor.py:154} INFO - Started process (PID=1175) to work on /home/airflow/.local/lib/python3.7/site-packages/airflow/example_dags/example_nested_branch_dag.py
[2022-12-07T23:54:34.812+0000] {processor.py:756} INFO - Processing file /home/airflow/.local/lib/python3.7/site-packages/airflow/example_dags/example_nested_branch_dag.py for tasks to queue
[2022-12-07T23:54:34.813+0000] {logging_mixin.py:137} INFO - [2022-12-07T23:54:34.813+0000] {dagbag.py:537} INFO - Filling up the DagBag from /home/airflow/.local/lib/python3.7/site-packages/airflow/example_dags/example_nested_branch_dag.py
[2022-12-07T23:54:34.849+0000] {processor.py:766} INFO - DAG(s) dict_keys(['example_nested_branch_dag']) retrieved from /home/airflow/.local/lib/python3.7/site-packages/airflow/example_dags/example_nested_branch_dag.py
[2022-12-07T23:54:34.902+0000] {logging_mixin.py:137} INFO - [2022-12-07T23:54:34.902+0000] {dag.py:2585} INFO - Sync 1 DAGs
[2022-12-07T23:54:34.942+0000] {logging_mixin.py:137} INFO - [2022-12-07T23:54:34.941+0000] {dag.py:3340} INFO - Setting next_dagrun for example_nested_branch_dag to 2022-12-06T00:00:00+00:00, run_after=2022-12-07T00:00:00+00:00
[2022-12-07T23:54:34.973+0000] {processor.py:176} INFO - Processing /home/airflow/.local/lib/python3.7/site-packages/airflow/example_dags/example_nested_branch_dag.py took 0.166 seconds
