[2022-12-07T21:19:55.304+0000] {processor.py:154} INFO - Started process (PID=28224) to work on /home/airflow/.local/lib/python3.7/site-packages/airflow/example_dags/example_trigger_target_dag.py
[2022-12-07T21:19:55.306+0000] {processor.py:756} INFO - Processing file /home/airflow/.local/lib/python3.7/site-packages/airflow/example_dags/example_trigger_target_dag.py for tasks to queue
[2022-12-07T21:19:55.308+0000] {logging_mixin.py:137} INFO - [2022-12-07T21:19:55.308+0000] {dagbag.py:537} INFO - Filling up the DagBag from /home/airflow/.local/lib/python3.7/site-packages/airflow/example_dags/example_trigger_target_dag.py
[2022-12-07T21:19:55.374+0000] {processor.py:766} INFO - DAG(s) dict_keys(['example_trigger_target_dag']) retrieved from /home/airflow/.local/lib/python3.7/site-packages/airflow/example_dags/example_trigger_target_dag.py
[2022-12-07T21:19:55.471+0000] {logging_mixin.py:137} INFO - [2022-12-07T21:19:55.470+0000] {dag.py:2585} INFO - Sync 1 DAGs
[2022-12-07T21:19:55.539+0000] {logging_mixin.py:137} INFO - [2022-12-07T21:19:55.539+0000] {dag.py:3340} INFO - Setting next_dagrun for example_trigger_target_dag to None, run_after=None
[2022-12-07T21:19:55.588+0000] {processor.py:176} INFO - Processing /home/airflow/.local/lib/python3.7/site-packages/airflow/example_dags/example_trigger_target_dag.py took 0.295 seconds
[2022-12-07T21:20:25.741+0000] {processor.py:154} INFO - Started process (PID=28287) to work on /home/airflow/.local/lib/python3.7/site-packages/airflow/example_dags/example_trigger_target_dag.py
[2022-12-07T21:20:25.742+0000] {processor.py:756} INFO - Processing file /home/airflow/.local/lib/python3.7/site-packages/airflow/example_dags/example_trigger_target_dag.py for tasks to queue
[2022-12-07T21:20:25.745+0000] {logging_mixin.py:137} INFO - [2022-12-07T21:20:25.745+0000] {dagbag.py:537} INFO - Filling up the DagBag from /home/airflow/.local/lib/python3.7/site-packages/airflow/example_dags/example_trigger_target_dag.py
[2022-12-07T21:20:25.794+0000] {processor.py:766} INFO - DAG(s) dict_keys(['example_trigger_target_dag']) retrieved from /home/airflow/.local/lib/python3.7/site-packages/airflow/example_dags/example_trigger_target_dag.py
[2022-12-07T21:20:25.938+0000] {logging_mixin.py:137} INFO - [2022-12-07T21:20:25.937+0000] {dag.py:2585} INFO - Sync 1 DAGs
[2022-12-07T21:20:26.043+0000] {logging_mixin.py:137} INFO - [2022-12-07T21:20:26.043+0000] {dag.py:3340} INFO - Setting next_dagrun for example_trigger_target_dag to None, run_after=None
[2022-12-07T21:20:26.131+0000] {processor.py:176} INFO - Processing /home/airflow/.local/lib/python3.7/site-packages/airflow/example_dags/example_trigger_target_dag.py took 0.396 seconds
[2022-12-07T21:20:57.111+0000] {processor.py:154} INFO - Started process (PID=28347) to work on /home/airflow/.local/lib/python3.7/site-packages/airflow/example_dags/example_trigger_target_dag.py
[2022-12-07T21:20:57.113+0000] {processor.py:756} INFO - Processing file /home/airflow/.local/lib/python3.7/site-packages/airflow/example_dags/example_trigger_target_dag.py for tasks to queue
[2022-12-07T21:20:57.114+0000] {logging_mixin.py:137} INFO - [2022-12-07T21:20:57.114+0000] {dagbag.py:537} INFO - Filling up the DagBag from /home/airflow/.local/lib/python3.7/site-packages/airflow/example_dags/example_trigger_target_dag.py
[2022-12-07T21:20:57.162+0000] {processor.py:766} INFO - DAG(s) dict_keys(['example_trigger_target_dag']) retrieved from /home/airflow/.local/lib/python3.7/site-packages/airflow/example_dags/example_trigger_target_dag.py
[2022-12-07T21:20:57.253+0000] {logging_mixin.py:137} INFO - [2022-12-07T21:20:57.253+0000] {dag.py:2585} INFO - Sync 1 DAGs
[2022-12-07T21:20:57.526+0000] {logging_mixin.py:137} INFO - [2022-12-07T21:20:57.525+0000] {dag.py:3340} INFO - Setting next_dagrun for example_trigger_target_dag to None, run_after=None
[2022-12-07T21:20:57.566+0000] {processor.py:176} INFO - Processing /home/airflow/.local/lib/python3.7/site-packages/airflow/example_dags/example_trigger_target_dag.py took 0.461 seconds
[2022-12-07T21:21:29.336+0000] {processor.py:154} INFO - Started process (PID=28403) to work on /home/airflow/.local/lib/python3.7/site-packages/airflow/example_dags/example_trigger_target_dag.py
[2022-12-07T21:21:29.340+0000] {processor.py:756} INFO - Processing file /home/airflow/.local/lib/python3.7/site-packages/airflow/example_dags/example_trigger_target_dag.py for tasks to queue
[2022-12-07T21:21:29.343+0000] {logging_mixin.py:137} INFO - [2022-12-07T21:21:29.342+0000] {dagbag.py:537} INFO - Filling up the DagBag from /home/airflow/.local/lib/python3.7/site-packages/airflow/example_dags/example_trigger_target_dag.py
[2022-12-07T21:21:29.438+0000] {processor.py:766} INFO - DAG(s) dict_keys(['example_trigger_target_dag']) retrieved from /home/airflow/.local/lib/python3.7/site-packages/airflow/example_dags/example_trigger_target_dag.py
[2022-12-07T21:21:29.569+0000] {logging_mixin.py:137} INFO - [2022-12-07T21:21:29.569+0000] {dag.py:2585} INFO - Sync 1 DAGs
[2022-12-07T21:21:30.064+0000] {logging_mixin.py:137} INFO - [2022-12-07T21:21:30.064+0000] {dag.py:3340} INFO - Setting next_dagrun for example_trigger_target_dag to None, run_after=None
[2022-12-07T21:21:30.105+0000] {processor.py:176} INFO - Processing /home/airflow/.local/lib/python3.7/site-packages/airflow/example_dags/example_trigger_target_dag.py took 0.788 seconds
[2022-12-07T21:22:00.420+0000] {processor.py:154} INFO - Started process (PID=28467) to work on /home/airflow/.local/lib/python3.7/site-packages/airflow/example_dags/example_trigger_target_dag.py
[2022-12-07T21:22:00.432+0000] {processor.py:756} INFO - Processing file /home/airflow/.local/lib/python3.7/site-packages/airflow/example_dags/example_trigger_target_dag.py for tasks to queue
[2022-12-07T21:22:00.435+0000] {logging_mixin.py:137} INFO - [2022-12-07T21:22:00.435+0000] {dagbag.py:537} INFO - Filling up the DagBag from /home/airflow/.local/lib/python3.7/site-packages/airflow/example_dags/example_trigger_target_dag.py
[2022-12-07T21:22:00.509+0000] {processor.py:766} INFO - DAG(s) dict_keys(['example_trigger_target_dag']) retrieved from /home/airflow/.local/lib/python3.7/site-packages/airflow/example_dags/example_trigger_target_dag.py
[2022-12-07T21:22:00.896+0000] {logging_mixin.py:137} INFO - [2022-12-07T21:22:00.896+0000] {dag.py:2585} INFO - Sync 1 DAGs
[2022-12-07T21:22:00.947+0000] {logging_mixin.py:137} INFO - [2022-12-07T21:22:00.947+0000] {dag.py:3340} INFO - Setting next_dagrun for example_trigger_target_dag to None, run_after=None
[2022-12-07T21:22:00.997+0000] {processor.py:176} INFO - Processing /home/airflow/.local/lib/python3.7/site-packages/airflow/example_dags/example_trigger_target_dag.py took 0.584 seconds
[2022-12-07T21:22:31.337+0000] {processor.py:154} INFO - Started process (PID=28522) to work on /home/airflow/.local/lib/python3.7/site-packages/airflow/example_dags/example_trigger_target_dag.py
[2022-12-07T21:22:31.346+0000] {processor.py:756} INFO - Processing file /home/airflow/.local/lib/python3.7/site-packages/airflow/example_dags/example_trigger_target_dag.py for tasks to queue
[2022-12-07T21:22:31.349+0000] {logging_mixin.py:137} INFO - [2022-12-07T21:22:31.349+0000] {dagbag.py:537} INFO - Filling up the DagBag from /home/airflow/.local/lib/python3.7/site-packages/airflow/example_dags/example_trigger_target_dag.py
[2022-12-07T21:22:31.413+0000] {processor.py:766} INFO - DAG(s) dict_keys(['example_trigger_target_dag']) retrieved from /home/airflow/.local/lib/python3.7/site-packages/airflow/example_dags/example_trigger_target_dag.py
[2022-12-07T21:22:31.576+0000] {logging_mixin.py:137} INFO - [2022-12-07T21:22:31.572+0000] {dag.py:2585} INFO - Sync 1 DAGs
[2022-12-07T21:22:31.683+0000] {logging_mixin.py:137} INFO - [2022-12-07T21:22:31.683+0000] {dag.py:3340} INFO - Setting next_dagrun for example_trigger_target_dag to None, run_after=None
[2022-12-07T21:22:31.735+0000] {processor.py:176} INFO - Processing /home/airflow/.local/lib/python3.7/site-packages/airflow/example_dags/example_trigger_target_dag.py took 0.406 seconds
[2022-12-07T21:23:02.503+0000] {processor.py:154} INFO - Started process (PID=28585) to work on /home/airflow/.local/lib/python3.7/site-packages/airflow/example_dags/example_trigger_target_dag.py
[2022-12-07T21:23:02.504+0000] {processor.py:756} INFO - Processing file /home/airflow/.local/lib/python3.7/site-packages/airflow/example_dags/example_trigger_target_dag.py for tasks to queue
[2022-12-07T21:23:02.506+0000] {logging_mixin.py:137} INFO - [2022-12-07T21:23:02.506+0000] {dagbag.py:537} INFO - Filling up the DagBag from /home/airflow/.local/lib/python3.7/site-packages/airflow/example_dags/example_trigger_target_dag.py
[2022-12-07T21:23:02.585+0000] {processor.py:766} INFO - DAG(s) dict_keys(['example_trigger_target_dag']) retrieved from /home/airflow/.local/lib/python3.7/site-packages/airflow/example_dags/example_trigger_target_dag.py
[2022-12-07T21:23:02.705+0000] {logging_mixin.py:137} INFO - [2022-12-07T21:23:02.704+0000] {dag.py:2585} INFO - Sync 1 DAGs
[2022-12-07T21:23:02.780+0000] {logging_mixin.py:137} INFO - [2022-12-07T21:23:02.779+0000] {dag.py:3340} INFO - Setting next_dagrun for example_trigger_target_dag to None, run_after=None
[2022-12-07T21:23:03.153+0000] {processor.py:176} INFO - Processing /home/airflow/.local/lib/python3.7/site-packages/airflow/example_dags/example_trigger_target_dag.py took 0.657 seconds
