[2022-12-07T22:25:11.387+0000] {processor.py:154} INFO - Started process (PID=58) to work on /home/airflow/.local/lib/python3.7/site-packages/airflow/example_dags/example_complex.py
[2022-12-07T22:25:11.389+0000] {processor.py:756} INFO - Processing file /home/airflow/.local/lib/python3.7/site-packages/airflow/example_dags/example_complex.py for tasks to queue
[2022-12-07T22:25:11.392+0000] {logging_mixin.py:137} INFO - [2022-12-07T22:25:11.391+0000] {dagbag.py:537} INFO - Filling up the DagBag from /home/airflow/.local/lib/python3.7/site-packages/airflow/example_dags/example_complex.py
[2022-12-07T22:25:11.429+0000] {logging_mixin.py:137} INFO - [2022-12-07T22:25:11.429+0000] {taskmixin.py:205} WARNING - Dependency <Task(BashOperator): create_entry_group>, delete_entry_group already registered for DAG: example_complex
[2022-12-07T22:25:11.431+0000] {logging_mixin.py:137} INFO - [2022-12-07T22:25:11.430+0000] {taskmixin.py:205} WARNING - Dependency <Task(BashOperator): delete_entry_group>, create_entry_group already registered for DAG: example_complex
[2022-12-07T22:25:11.432+0000] {logging_mixin.py:137} INFO - [2022-12-07T22:25:11.432+0000] {taskmixin.py:205} WARNING - Dependency <Task(BashOperator): create_entry_gcs>, delete_entry already registered for DAG: example_complex
[2022-12-07T22:25:11.433+0000] {logging_mixin.py:137} INFO - [2022-12-07T22:25:11.433+0000] {taskmixin.py:205} WARNING - Dependency <Task(BashOperator): delete_entry>, create_entry_gcs already registered for DAG: example_complex
[2022-12-07T22:25:11.434+0000] {logging_mixin.py:137} INFO - [2022-12-07T22:25:11.434+0000] {taskmixin.py:205} WARNING - Dependency <Task(BashOperator): create_tag>, delete_tag already registered for DAG: example_complex
[2022-12-07T22:25:11.435+0000] {logging_mixin.py:137} INFO - [2022-12-07T22:25:11.435+0000] {taskmixin.py:205} WARNING - Dependency <Task(BashOperator): delete_tag>, create_tag already registered for DAG: example_complex
[2022-12-07T22:25:11.458+0000] {processor.py:766} INFO - DAG(s) dict_keys(['example_complex']) retrieved from /home/airflow/.local/lib/python3.7/site-packages/airflow/example_dags/example_complex.py
[2022-12-07T22:25:11.582+0000] {logging_mixin.py:137} INFO - [2022-12-07T22:25:11.581+0000] {dag.py:2585} INFO - Sync 1 DAGs
[2022-12-07T22:25:11.648+0000] {logging_mixin.py:137} INFO - [2022-12-07T22:25:11.648+0000] {dag.py:3340} INFO - Setting next_dagrun for example_complex to None, run_after=None
[2022-12-07T22:25:11.719+0000] {processor.py:176} INFO - Processing /home/airflow/.local/lib/python3.7/site-packages/airflow/example_dags/example_complex.py took 0.341 seconds
[2022-12-07T22:25:41.857+0000] {processor.py:154} INFO - Started process (PID=122) to work on /home/airflow/.local/lib/python3.7/site-packages/airflow/example_dags/example_complex.py
[2022-12-07T22:25:41.860+0000] {processor.py:756} INFO - Processing file /home/airflow/.local/lib/python3.7/site-packages/airflow/example_dags/example_complex.py for tasks to queue
[2022-12-07T22:25:41.862+0000] {logging_mixin.py:137} INFO - [2022-12-07T22:25:41.862+0000] {dagbag.py:537} INFO - Filling up the DagBag from /home/airflow/.local/lib/python3.7/site-packages/airflow/example_dags/example_complex.py
[2022-12-07T22:25:41.890+0000] {logging_mixin.py:137} INFO - [2022-12-07T22:25:41.890+0000] {taskmixin.py:205} WARNING - Dependency <Task(BashOperator): create_entry_group>, delete_entry_group already registered for DAG: example_complex
[2022-12-07T22:25:41.891+0000] {logging_mixin.py:137} INFO - [2022-12-07T22:25:41.891+0000] {taskmixin.py:205} WARNING - Dependency <Task(BashOperator): delete_entry_group>, create_entry_group already registered for DAG: example_complex
[2022-12-07T22:25:41.892+0000] {logging_mixin.py:137} INFO - [2022-12-07T22:25:41.892+0000] {taskmixin.py:205} WARNING - Dependency <Task(BashOperator): create_entry_gcs>, delete_entry already registered for DAG: example_complex
[2022-12-07T22:25:41.893+0000] {logging_mixin.py:137} INFO - [2022-12-07T22:25:41.893+0000] {taskmixin.py:205} WARNING - Dependency <Task(BashOperator): delete_entry>, create_entry_gcs already registered for DAG: example_complex
[2022-12-07T22:25:41.896+0000] {logging_mixin.py:137} INFO - [2022-12-07T22:25:41.895+0000] {taskmixin.py:205} WARNING - Dependency <Task(BashOperator): create_tag>, delete_tag already registered for DAG: example_complex
[2022-12-07T22:25:41.898+0000] {logging_mixin.py:137} INFO - [2022-12-07T22:25:41.897+0000] {taskmixin.py:205} WARNING - Dependency <Task(BashOperator): delete_tag>, create_tag already registered for DAG: example_complex
[2022-12-07T22:25:41.921+0000] {processor.py:766} INFO - DAG(s) dict_keys(['example_complex']) retrieved from /home/airflow/.local/lib/python3.7/site-packages/airflow/example_dags/example_complex.py
[2022-12-07T22:25:42.044+0000] {logging_mixin.py:137} INFO - [2022-12-07T22:25:42.043+0000] {dag.py:2585} INFO - Sync 1 DAGs
[2022-12-07T22:25:42.116+0000] {logging_mixin.py:137} INFO - [2022-12-07T22:25:42.115+0000] {dag.py:3340} INFO - Setting next_dagrun for example_complex to None, run_after=None
[2022-12-07T22:25:42.145+0000] {processor.py:176} INFO - Processing /home/airflow/.local/lib/python3.7/site-packages/airflow/example_dags/example_complex.py took 0.294 seconds
[2022-12-07T22:26:12.327+0000] {processor.py:154} INFO - Started process (PID=178) to work on /home/airflow/.local/lib/python3.7/site-packages/airflow/example_dags/example_complex.py
[2022-12-07T22:26:12.328+0000] {processor.py:756} INFO - Processing file /home/airflow/.local/lib/python3.7/site-packages/airflow/example_dags/example_complex.py for tasks to queue
[2022-12-07T22:26:12.329+0000] {logging_mixin.py:137} INFO - [2022-12-07T22:26:12.329+0000] {dagbag.py:537} INFO - Filling up the DagBag from /home/airflow/.local/lib/python3.7/site-packages/airflow/example_dags/example_complex.py
[2022-12-07T22:26:12.345+0000] {logging_mixin.py:137} INFO - [2022-12-07T22:26:12.345+0000] {taskmixin.py:205} WARNING - Dependency <Task(BashOperator): create_entry_group>, delete_entry_group already registered for DAG: example_complex
[2022-12-07T22:26:12.346+0000] {logging_mixin.py:137} INFO - [2022-12-07T22:26:12.345+0000] {taskmixin.py:205} WARNING - Dependency <Task(BashOperator): delete_entry_group>, create_entry_group already registered for DAG: example_complex
[2022-12-07T22:26:12.346+0000] {logging_mixin.py:137} INFO - [2022-12-07T22:26:12.346+0000] {taskmixin.py:205} WARNING - Dependency <Task(BashOperator): create_entry_gcs>, delete_entry already registered for DAG: example_complex
[2022-12-07T22:26:12.347+0000] {logging_mixin.py:137} INFO - [2022-12-07T22:26:12.347+0000] {taskmixin.py:205} WARNING - Dependency <Task(BashOperator): delete_entry>, create_entry_gcs already registered for DAG: example_complex
[2022-12-07T22:26:12.348+0000] {logging_mixin.py:137} INFO - [2022-12-07T22:26:12.347+0000] {taskmixin.py:205} WARNING - Dependency <Task(BashOperator): create_tag>, delete_tag already registered for DAG: example_complex
[2022-12-07T22:26:12.348+0000] {logging_mixin.py:137} INFO - [2022-12-07T22:26:12.348+0000] {taskmixin.py:205} WARNING - Dependency <Task(BashOperator): delete_tag>, create_tag already registered for DAG: example_complex
[2022-12-07T22:26:12.358+0000] {processor.py:766} INFO - DAG(s) dict_keys(['example_complex']) retrieved from /home/airflow/.local/lib/python3.7/site-packages/airflow/example_dags/example_complex.py
[2022-12-07T22:26:12.419+0000] {logging_mixin.py:137} INFO - [2022-12-07T22:26:12.419+0000] {dag.py:2585} INFO - Sync 1 DAGs
[2022-12-07T22:26:12.456+0000] {logging_mixin.py:137} INFO - [2022-12-07T22:26:12.456+0000] {dag.py:3340} INFO - Setting next_dagrun for example_complex to None, run_after=None
[2022-12-07T22:26:12.487+0000] {processor.py:176} INFO - Processing /home/airflow/.local/lib/python3.7/site-packages/airflow/example_dags/example_complex.py took 0.165 seconds
[2022-12-07T22:26:42.985+0000] {processor.py:154} INFO - Started process (PID=243) to work on /home/airflow/.local/lib/python3.7/site-packages/airflow/example_dags/example_complex.py
[2022-12-07T22:26:42.988+0000] {processor.py:756} INFO - Processing file /home/airflow/.local/lib/python3.7/site-packages/airflow/example_dags/example_complex.py for tasks to queue
[2022-12-07T22:26:42.992+0000] {logging_mixin.py:137} INFO - [2022-12-07T22:26:42.992+0000] {dagbag.py:537} INFO - Filling up the DagBag from /home/airflow/.local/lib/python3.7/site-packages/airflow/example_dags/example_complex.py
[2022-12-07T22:26:43.034+0000] {logging_mixin.py:137} INFO - [2022-12-07T22:26:43.033+0000] {taskmixin.py:205} WARNING - Dependency <Task(BashOperator): create_entry_group>, delete_entry_group already registered for DAG: example_complex
[2022-12-07T22:26:43.034+0000] {logging_mixin.py:137} INFO - [2022-12-07T22:26:43.034+0000] {taskmixin.py:205} WARNING - Dependency <Task(BashOperator): delete_entry_group>, create_entry_group already registered for DAG: example_complex
[2022-12-07T22:26:43.036+0000] {logging_mixin.py:137} INFO - [2022-12-07T22:26:43.035+0000] {taskmixin.py:205} WARNING - Dependency <Task(BashOperator): create_entry_gcs>, delete_entry already registered for DAG: example_complex
[2022-12-07T22:26:43.037+0000] {logging_mixin.py:137} INFO - [2022-12-07T22:26:43.036+0000] {taskmixin.py:205} WARNING - Dependency <Task(BashOperator): delete_entry>, create_entry_gcs already registered for DAG: example_complex
[2022-12-07T22:26:43.038+0000] {logging_mixin.py:137} INFO - [2022-12-07T22:26:43.038+0000] {taskmixin.py:205} WARNING - Dependency <Task(BashOperator): create_tag>, delete_tag already registered for DAG: example_complex
[2022-12-07T22:26:43.039+0000] {logging_mixin.py:137} INFO - [2022-12-07T22:26:43.039+0000] {taskmixin.py:205} WARNING - Dependency <Task(BashOperator): delete_tag>, create_tag already registered for DAG: example_complex
[2022-12-07T22:26:43.055+0000] {processor.py:766} INFO - DAG(s) dict_keys(['example_complex']) retrieved from /home/airflow/.local/lib/python3.7/site-packages/airflow/example_dags/example_complex.py
[2022-12-07T22:26:43.167+0000] {logging_mixin.py:137} INFO - [2022-12-07T22:26:43.167+0000] {dag.py:2585} INFO - Sync 1 DAGs
[2022-12-07T22:26:43.235+0000] {logging_mixin.py:137} INFO - [2022-12-07T22:26:43.234+0000] {dag.py:3340} INFO - Setting next_dagrun for example_complex to None, run_after=None
[2022-12-07T22:26:43.291+0000] {processor.py:176} INFO - Processing /home/airflow/.local/lib/python3.7/site-packages/airflow/example_dags/example_complex.py took 0.310 seconds
[2022-12-07T22:27:13.576+0000] {processor.py:154} INFO - Started process (PID=298) to work on /home/airflow/.local/lib/python3.7/site-packages/airflow/example_dags/example_complex.py
[2022-12-07T22:27:13.577+0000] {processor.py:756} INFO - Processing file /home/airflow/.local/lib/python3.7/site-packages/airflow/example_dags/example_complex.py for tasks to queue
[2022-12-07T22:27:13.578+0000] {logging_mixin.py:137} INFO - [2022-12-07T22:27:13.578+0000] {dagbag.py:537} INFO - Filling up the DagBag from /home/airflow/.local/lib/python3.7/site-packages/airflow/example_dags/example_complex.py
[2022-12-07T22:27:13.593+0000] {logging_mixin.py:137} INFO - [2022-12-07T22:27:13.592+0000] {taskmixin.py:205} WARNING - Dependency <Task(BashOperator): create_entry_group>, delete_entry_group already registered for DAG: example_complex
[2022-12-07T22:27:13.593+0000] {logging_mixin.py:137} INFO - [2022-12-07T22:27:13.593+0000] {taskmixin.py:205} WARNING - Dependency <Task(BashOperator): delete_entry_group>, create_entry_group already registered for DAG: example_complex
[2022-12-07T22:27:13.594+0000] {logging_mixin.py:137} INFO - [2022-12-07T22:27:13.593+0000] {taskmixin.py:205} WARNING - Dependency <Task(BashOperator): create_entry_gcs>, delete_entry already registered for DAG: example_complex
[2022-12-07T22:27:13.594+0000] {logging_mixin.py:137} INFO - [2022-12-07T22:27:13.594+0000] {taskmixin.py:205} WARNING - Dependency <Task(BashOperator): delete_entry>, create_entry_gcs already registered for DAG: example_complex
[2022-12-07T22:27:13.595+0000] {logging_mixin.py:137} INFO - [2022-12-07T22:27:13.594+0000] {taskmixin.py:205} WARNING - Dependency <Task(BashOperator): create_tag>, delete_tag already registered for DAG: example_complex
[2022-12-07T22:27:13.595+0000] {logging_mixin.py:137} INFO - [2022-12-07T22:27:13.595+0000] {taskmixin.py:205} WARNING - Dependency <Task(BashOperator): delete_tag>, create_tag already registered for DAG: example_complex
[2022-12-07T22:27:13.604+0000] {processor.py:766} INFO - DAG(s) dict_keys(['example_complex']) retrieved from /home/airflow/.local/lib/python3.7/site-packages/airflow/example_dags/example_complex.py
[2022-12-07T22:27:13.659+0000] {logging_mixin.py:137} INFO - [2022-12-07T22:27:13.659+0000] {dag.py:2585} INFO - Sync 1 DAGs
[2022-12-07T22:27:13.691+0000] {logging_mixin.py:137} INFO - [2022-12-07T22:27:13.691+0000] {dag.py:3340} INFO - Setting next_dagrun for example_complex to None, run_after=None
[2022-12-07T22:27:13.714+0000] {processor.py:176} INFO - Processing /home/airflow/.local/lib/python3.7/site-packages/airflow/example_dags/example_complex.py took 0.142 seconds
[2022-12-07T22:27:44.541+0000] {processor.py:154} INFO - Started process (PID=354) to work on /home/airflow/.local/lib/python3.7/site-packages/airflow/example_dags/example_complex.py
[2022-12-07T22:27:44.543+0000] {processor.py:756} INFO - Processing file /home/airflow/.local/lib/python3.7/site-packages/airflow/example_dags/example_complex.py for tasks to queue
[2022-12-07T22:27:44.547+0000] {logging_mixin.py:137} INFO - [2022-12-07T22:27:44.546+0000] {dagbag.py:537} INFO - Filling up the DagBag from /home/airflow/.local/lib/python3.7/site-packages/airflow/example_dags/example_complex.py
[2022-12-07T22:27:44.569+0000] {logging_mixin.py:137} INFO - [2022-12-07T22:27:44.568+0000] {taskmixin.py:205} WARNING - Dependency <Task(BashOperator): create_entry_group>, delete_entry_group already registered for DAG: example_complex
[2022-12-07T22:27:44.570+0000] {logging_mixin.py:137} INFO - [2022-12-07T22:27:44.569+0000] {taskmixin.py:205} WARNING - Dependency <Task(BashOperator): delete_entry_group>, create_entry_group already registered for DAG: example_complex
[2022-12-07T22:27:44.571+0000] {logging_mixin.py:137} INFO - [2022-12-07T22:27:44.570+0000] {taskmixin.py:205} WARNING - Dependency <Task(BashOperator): create_entry_gcs>, delete_entry already registered for DAG: example_complex
[2022-12-07T22:27:44.571+0000] {logging_mixin.py:137} INFO - [2022-12-07T22:27:44.571+0000] {taskmixin.py:205} WARNING - Dependency <Task(BashOperator): delete_entry>, create_entry_gcs already registered for DAG: example_complex
[2022-12-07T22:27:44.573+0000] {logging_mixin.py:137} INFO - [2022-12-07T22:27:44.573+0000] {taskmixin.py:205} WARNING - Dependency <Task(BashOperator): create_tag>, delete_tag already registered for DAG: example_complex
[2022-12-07T22:27:44.575+0000] {logging_mixin.py:137} INFO - [2022-12-07T22:27:44.574+0000] {taskmixin.py:205} WARNING - Dependency <Task(BashOperator): delete_tag>, create_tag already registered for DAG: example_complex
[2022-12-07T22:27:44.596+0000] {processor.py:766} INFO - DAG(s) dict_keys(['example_complex']) retrieved from /home/airflow/.local/lib/python3.7/site-packages/airflow/example_dags/example_complex.py
[2022-12-07T22:27:44.693+0000] {logging_mixin.py:137} INFO - [2022-12-07T22:27:44.693+0000] {dag.py:2585} INFO - Sync 1 DAGs
[2022-12-07T22:27:44.756+0000] {logging_mixin.py:137} INFO - [2022-12-07T22:27:44.754+0000] {dag.py:3340} INFO - Setting next_dagrun for example_complex to None, run_after=None
[2022-12-07T22:27:44.797+0000] {processor.py:176} INFO - Processing /home/airflow/.local/lib/python3.7/site-packages/airflow/example_dags/example_complex.py took 0.262 seconds
[2022-12-07T22:28:15.303+0000] {processor.py:154} INFO - Started process (PID=418) to work on /home/airflow/.local/lib/python3.7/site-packages/airflow/example_dags/example_complex.py
[2022-12-07T22:28:15.304+0000] {processor.py:756} INFO - Processing file /home/airflow/.local/lib/python3.7/site-packages/airflow/example_dags/example_complex.py for tasks to queue
[2022-12-07T22:28:15.305+0000] {logging_mixin.py:137} INFO - [2022-12-07T22:28:15.305+0000] {dagbag.py:537} INFO - Filling up the DagBag from /home/airflow/.local/lib/python3.7/site-packages/airflow/example_dags/example_complex.py
[2022-12-07T22:28:15.322+0000] {logging_mixin.py:137} INFO - [2022-12-07T22:28:15.321+0000] {taskmixin.py:205} WARNING - Dependency <Task(BashOperator): create_entry_group>, delete_entry_group already registered for DAG: example_complex
[2022-12-07T22:28:15.322+0000] {logging_mixin.py:137} INFO - [2022-12-07T22:28:15.322+0000] {taskmixin.py:205} WARNING - Dependency <Task(BashOperator): delete_entry_group>, create_entry_group already registered for DAG: example_complex
[2022-12-07T22:28:15.323+0000] {logging_mixin.py:137} INFO - [2022-12-07T22:28:15.323+0000] {taskmixin.py:205} WARNING - Dependency <Task(BashOperator): create_entry_gcs>, delete_entry already registered for DAG: example_complex
[2022-12-07T22:28:15.324+0000] {logging_mixin.py:137} INFO - [2022-12-07T22:28:15.324+0000] {taskmixin.py:205} WARNING - Dependency <Task(BashOperator): delete_entry>, create_entry_gcs already registered for DAG: example_complex
[2022-12-07T22:28:15.325+0000] {logging_mixin.py:137} INFO - [2022-12-07T22:28:15.325+0000] {taskmixin.py:205} WARNING - Dependency <Task(BashOperator): create_tag>, delete_tag already registered for DAG: example_complex
[2022-12-07T22:28:15.326+0000] {logging_mixin.py:137} INFO - [2022-12-07T22:28:15.326+0000] {taskmixin.py:205} WARNING - Dependency <Task(BashOperator): delete_tag>, create_tag already registered for DAG: example_complex
[2022-12-07T22:28:15.340+0000] {processor.py:766} INFO - DAG(s) dict_keys(['example_complex']) retrieved from /home/airflow/.local/lib/python3.7/site-packages/airflow/example_dags/example_complex.py
[2022-12-07T22:28:15.402+0000] {logging_mixin.py:137} INFO - [2022-12-07T22:28:15.402+0000] {dag.py:2585} INFO - Sync 1 DAGs
[2022-12-07T22:28:15.442+0000] {logging_mixin.py:137} INFO - [2022-12-07T22:28:15.441+0000] {dag.py:3340} INFO - Setting next_dagrun for example_complex to None, run_after=None
[2022-12-07T22:28:15.472+0000] {processor.py:176} INFO - Processing /home/airflow/.local/lib/python3.7/site-packages/airflow/example_dags/example_complex.py took 0.173 seconds
[2022-12-07T22:28:46.380+0000] {processor.py:154} INFO - Started process (PID=482) to work on /home/airflow/.local/lib/python3.7/site-packages/airflow/example_dags/example_complex.py
[2022-12-07T22:28:46.382+0000] {processor.py:756} INFO - Processing file /home/airflow/.local/lib/python3.7/site-packages/airflow/example_dags/example_complex.py for tasks to queue
[2022-12-07T22:28:46.384+0000] {logging_mixin.py:137} INFO - [2022-12-07T22:28:46.383+0000] {dagbag.py:537} INFO - Filling up the DagBag from /home/airflow/.local/lib/python3.7/site-packages/airflow/example_dags/example_complex.py
[2022-12-07T22:28:46.402+0000] {logging_mixin.py:137} INFO - [2022-12-07T22:28:46.402+0000] {taskmixin.py:205} WARNING - Dependency <Task(BashOperator): create_entry_group>, delete_entry_group already registered for DAG: example_complex
[2022-12-07T22:28:46.403+0000] {logging_mixin.py:137} INFO - [2022-12-07T22:28:46.403+0000] {taskmixin.py:205} WARNING - Dependency <Task(BashOperator): delete_entry_group>, create_entry_group already registered for DAG: example_complex
[2022-12-07T22:28:46.403+0000] {logging_mixin.py:137} INFO - [2022-12-07T22:28:46.403+0000] {taskmixin.py:205} WARNING - Dependency <Task(BashOperator): create_entry_gcs>, delete_entry already registered for DAG: example_complex
[2022-12-07T22:28:46.404+0000] {logging_mixin.py:137} INFO - [2022-12-07T22:28:46.404+0000] {taskmixin.py:205} WARNING - Dependency <Task(BashOperator): delete_entry>, create_entry_gcs already registered for DAG: example_complex
[2022-12-07T22:28:46.405+0000] {logging_mixin.py:137} INFO - [2022-12-07T22:28:46.405+0000] {taskmixin.py:205} WARNING - Dependency <Task(BashOperator): create_tag>, delete_tag already registered for DAG: example_complex
[2022-12-07T22:28:46.405+0000] {logging_mixin.py:137} INFO - [2022-12-07T22:28:46.405+0000] {taskmixin.py:205} WARNING - Dependency <Task(BashOperator): delete_tag>, create_tag already registered for DAG: example_complex
[2022-12-07T22:28:46.421+0000] {processor.py:766} INFO - DAG(s) dict_keys(['example_complex']) retrieved from /home/airflow/.local/lib/python3.7/site-packages/airflow/example_dags/example_complex.py
[2022-12-07T22:28:46.556+0000] {logging_mixin.py:137} INFO - [2022-12-07T22:28:46.556+0000] {dag.py:2585} INFO - Sync 1 DAGs
[2022-12-07T22:28:46.609+0000] {logging_mixin.py:137} INFO - [2022-12-07T22:28:46.609+0000] {dag.py:3340} INFO - Setting next_dagrun for example_complex to None, run_after=None
[2022-12-07T22:28:46.647+0000] {processor.py:176} INFO - Processing /home/airflow/.local/lib/python3.7/site-packages/airflow/example_dags/example_complex.py took 0.273 seconds
[2022-12-07T22:29:16.909+0000] {processor.py:154} INFO - Started process (PID=537) to work on /home/airflow/.local/lib/python3.7/site-packages/airflow/example_dags/example_complex.py
[2022-12-07T22:29:16.911+0000] {processor.py:756} INFO - Processing file /home/airflow/.local/lib/python3.7/site-packages/airflow/example_dags/example_complex.py for tasks to queue
[2022-12-07T22:29:16.912+0000] {logging_mixin.py:137} INFO - [2022-12-07T22:29:16.912+0000] {dagbag.py:537} INFO - Filling up the DagBag from /home/airflow/.local/lib/python3.7/site-packages/airflow/example_dags/example_complex.py
[2022-12-07T22:29:16.929+0000] {logging_mixin.py:137} INFO - [2022-12-07T22:29:16.929+0000] {taskmixin.py:205} WARNING - Dependency <Task(BashOperator): create_entry_group>, delete_entry_group already registered for DAG: example_complex
[2022-12-07T22:29:16.930+0000] {logging_mixin.py:137} INFO - [2022-12-07T22:29:16.930+0000] {taskmixin.py:205} WARNING - Dependency <Task(BashOperator): delete_entry_group>, create_entry_group already registered for DAG: example_complex
[2022-12-07T22:29:16.930+0000] {logging_mixin.py:137} INFO - [2022-12-07T22:29:16.930+0000] {taskmixin.py:205} WARNING - Dependency <Task(BashOperator): create_entry_gcs>, delete_entry already registered for DAG: example_complex
[2022-12-07T22:29:16.931+0000] {logging_mixin.py:137} INFO - [2022-12-07T22:29:16.931+0000] {taskmixin.py:205} WARNING - Dependency <Task(BashOperator): delete_entry>, create_entry_gcs already registered for DAG: example_complex
[2022-12-07T22:29:16.932+0000] {logging_mixin.py:137} INFO - [2022-12-07T22:29:16.932+0000] {taskmixin.py:205} WARNING - Dependency <Task(BashOperator): create_tag>, delete_tag already registered for DAG: example_complex
[2022-12-07T22:29:16.932+0000] {logging_mixin.py:137} INFO - [2022-12-07T22:29:16.932+0000] {taskmixin.py:205} WARNING - Dependency <Task(BashOperator): delete_tag>, create_tag already registered for DAG: example_complex
[2022-12-07T22:29:16.949+0000] {processor.py:766} INFO - DAG(s) dict_keys(['example_complex']) retrieved from /home/airflow/.local/lib/python3.7/site-packages/airflow/example_dags/example_complex.py
[2022-12-07T22:29:17.082+0000] {logging_mixin.py:137} INFO - [2022-12-07T22:29:17.081+0000] {dag.py:2585} INFO - Sync 1 DAGs
[2022-12-07T22:29:17.147+0000] {logging_mixin.py:137} INFO - [2022-12-07T22:29:17.146+0000] {dag.py:3340} INFO - Setting next_dagrun for example_complex to None, run_after=None
[2022-12-07T22:29:17.181+0000] {processor.py:176} INFO - Processing /home/airflow/.local/lib/python3.7/site-packages/airflow/example_dags/example_complex.py took 0.275 seconds
[2022-12-07T22:29:47.884+0000] {processor.py:154} INFO - Started process (PID=601) to work on /home/airflow/.local/lib/python3.7/site-packages/airflow/example_dags/example_complex.py
[2022-12-07T22:29:47.885+0000] {processor.py:756} INFO - Processing file /home/airflow/.local/lib/python3.7/site-packages/airflow/example_dags/example_complex.py for tasks to queue
[2022-12-07T22:29:47.886+0000] {logging_mixin.py:137} INFO - [2022-12-07T22:29:47.886+0000] {dagbag.py:537} INFO - Filling up the DagBag from /home/airflow/.local/lib/python3.7/site-packages/airflow/example_dags/example_complex.py
[2022-12-07T22:29:47.905+0000] {logging_mixin.py:137} INFO - [2022-12-07T22:29:47.905+0000] {taskmixin.py:205} WARNING - Dependency <Task(BashOperator): create_entry_group>, delete_entry_group already registered for DAG: example_complex
[2022-12-07T22:29:47.906+0000] {logging_mixin.py:137} INFO - [2022-12-07T22:29:47.906+0000] {taskmixin.py:205} WARNING - Dependency <Task(BashOperator): delete_entry_group>, create_entry_group already registered for DAG: example_complex
[2022-12-07T22:29:47.908+0000] {logging_mixin.py:137} INFO - [2022-12-07T22:29:47.908+0000] {taskmixin.py:205} WARNING - Dependency <Task(BashOperator): create_entry_gcs>, delete_entry already registered for DAG: example_complex
[2022-12-07T22:29:47.909+0000] {logging_mixin.py:137} INFO - [2022-12-07T22:29:47.908+0000] {taskmixin.py:205} WARNING - Dependency <Task(BashOperator): delete_entry>, create_entry_gcs already registered for DAG: example_complex
[2022-12-07T22:29:47.910+0000] {logging_mixin.py:137} INFO - [2022-12-07T22:29:47.910+0000] {taskmixin.py:205} WARNING - Dependency <Task(BashOperator): create_tag>, delete_tag already registered for DAG: example_complex
[2022-12-07T22:29:47.910+0000] {logging_mixin.py:137} INFO - [2022-12-07T22:29:47.910+0000] {taskmixin.py:205} WARNING - Dependency <Task(BashOperator): delete_tag>, create_tag already registered for DAG: example_complex
[2022-12-07T22:29:47.921+0000] {processor.py:766} INFO - DAG(s) dict_keys(['example_complex']) retrieved from /home/airflow/.local/lib/python3.7/site-packages/airflow/example_dags/example_complex.py
[2022-12-07T22:29:48.001+0000] {logging_mixin.py:137} INFO - [2022-12-07T22:29:48.000+0000] {dag.py:2585} INFO - Sync 1 DAGs
[2022-12-07T22:29:48.039+0000] {logging_mixin.py:137} INFO - [2022-12-07T22:29:48.039+0000] {dag.py:3340} INFO - Setting next_dagrun for example_complex to None, run_after=None
[2022-12-07T22:29:48.071+0000] {processor.py:176} INFO - Processing /home/airflow/.local/lib/python3.7/site-packages/airflow/example_dags/example_complex.py took 0.191 seconds
[2022-12-07T22:30:18.162+0000] {processor.py:154} INFO - Started process (PID=656) to work on /home/airflow/.local/lib/python3.7/site-packages/airflow/example_dags/example_complex.py
[2022-12-07T22:30:18.163+0000] {processor.py:756} INFO - Processing file /home/airflow/.local/lib/python3.7/site-packages/airflow/example_dags/example_complex.py for tasks to queue
[2022-12-07T22:30:18.164+0000] {logging_mixin.py:137} INFO - [2022-12-07T22:30:18.164+0000] {dagbag.py:537} INFO - Filling up the DagBag from /home/airflow/.local/lib/python3.7/site-packages/airflow/example_dags/example_complex.py
[2022-12-07T22:30:18.178+0000] {logging_mixin.py:137} INFO - [2022-12-07T22:30:18.177+0000] {taskmixin.py:205} WARNING - Dependency <Task(BashOperator): create_entry_group>, delete_entry_group already registered for DAG: example_complex
[2022-12-07T22:30:18.178+0000] {logging_mixin.py:137} INFO - [2022-12-07T22:30:18.178+0000] {taskmixin.py:205} WARNING - Dependency <Task(BashOperator): delete_entry_group>, create_entry_group already registered for DAG: example_complex
[2022-12-07T22:30:18.179+0000] {logging_mixin.py:137} INFO - [2022-12-07T22:30:18.179+0000] {taskmixin.py:205} WARNING - Dependency <Task(BashOperator): create_entry_gcs>, delete_entry already registered for DAG: example_complex
[2022-12-07T22:30:18.179+0000] {logging_mixin.py:137} INFO - [2022-12-07T22:30:18.179+0000] {taskmixin.py:205} WARNING - Dependency <Task(BashOperator): delete_entry>, create_entry_gcs already registered for DAG: example_complex
[2022-12-07T22:30:18.180+0000] {logging_mixin.py:137} INFO - [2022-12-07T22:30:18.180+0000] {taskmixin.py:205} WARNING - Dependency <Task(BashOperator): create_tag>, delete_tag already registered for DAG: example_complex
[2022-12-07T22:30:18.181+0000] {logging_mixin.py:137} INFO - [2022-12-07T22:30:18.181+0000] {taskmixin.py:205} WARNING - Dependency <Task(BashOperator): delete_tag>, create_tag already registered for DAG: example_complex
[2022-12-07T22:30:18.190+0000] {processor.py:766} INFO - DAG(s) dict_keys(['example_complex']) retrieved from /home/airflow/.local/lib/python3.7/site-packages/airflow/example_dags/example_complex.py
[2022-12-07T22:30:18.260+0000] {logging_mixin.py:137} INFO - [2022-12-07T22:30:18.259+0000] {dag.py:2585} INFO - Sync 1 DAGs
[2022-12-07T22:30:18.315+0000] {logging_mixin.py:137} INFO - [2022-12-07T22:30:18.315+0000] {dag.py:3340} INFO - Setting next_dagrun for example_complex to None, run_after=None
[2022-12-07T22:30:18.350+0000] {processor.py:176} INFO - Processing /home/airflow/.local/lib/python3.7/site-packages/airflow/example_dags/example_complex.py took 0.192 seconds
[2022-12-07T22:30:48.641+0000] {processor.py:154} INFO - Started process (PID=720) to work on /home/airflow/.local/lib/python3.7/site-packages/airflow/example_dags/example_complex.py
[2022-12-07T22:30:48.642+0000] {processor.py:756} INFO - Processing file /home/airflow/.local/lib/python3.7/site-packages/airflow/example_dags/example_complex.py for tasks to queue
[2022-12-07T22:30:48.643+0000] {logging_mixin.py:137} INFO - [2022-12-07T22:30:48.643+0000] {dagbag.py:537} INFO - Filling up the DagBag from /home/airflow/.local/lib/python3.7/site-packages/airflow/example_dags/example_complex.py
[2022-12-07T22:30:48.659+0000] {logging_mixin.py:137} INFO - [2022-12-07T22:30:48.659+0000] {taskmixin.py:205} WARNING - Dependency <Task(BashOperator): create_entry_group>, delete_entry_group already registered for DAG: example_complex
[2022-12-07T22:30:48.660+0000] {logging_mixin.py:137} INFO - [2022-12-07T22:30:48.659+0000] {taskmixin.py:205} WARNING - Dependency <Task(BashOperator): delete_entry_group>, create_entry_group already registered for DAG: example_complex
[2022-12-07T22:30:48.660+0000] {logging_mixin.py:137} INFO - [2022-12-07T22:30:48.660+0000] {taskmixin.py:205} WARNING - Dependency <Task(BashOperator): create_entry_gcs>, delete_entry already registered for DAG: example_complex
[2022-12-07T22:30:48.661+0000] {logging_mixin.py:137} INFO - [2022-12-07T22:30:48.660+0000] {taskmixin.py:205} WARNING - Dependency <Task(BashOperator): delete_entry>, create_entry_gcs already registered for DAG: example_complex
[2022-12-07T22:30:48.661+0000] {logging_mixin.py:137} INFO - [2022-12-07T22:30:48.661+0000] {taskmixin.py:205} WARNING - Dependency <Task(BashOperator): create_tag>, delete_tag already registered for DAG: example_complex
[2022-12-07T22:30:48.662+0000] {logging_mixin.py:137} INFO - [2022-12-07T22:30:48.662+0000] {taskmixin.py:205} WARNING - Dependency <Task(BashOperator): delete_tag>, create_tag already registered for DAG: example_complex
[2022-12-07T22:30:48.674+0000] {processor.py:766} INFO - DAG(s) dict_keys(['example_complex']) retrieved from /home/airflow/.local/lib/python3.7/site-packages/airflow/example_dags/example_complex.py
[2022-12-07T22:30:48.733+0000] {logging_mixin.py:137} INFO - [2022-12-07T22:30:48.733+0000] {dag.py:2585} INFO - Sync 1 DAGs
[2022-12-07T22:30:48.783+0000] {logging_mixin.py:137} INFO - [2022-12-07T22:30:48.782+0000] {dag.py:3340} INFO - Setting next_dagrun for example_complex to None, run_after=None
[2022-12-07T22:30:48.819+0000] {processor.py:176} INFO - Processing /home/airflow/.local/lib/python3.7/site-packages/airflow/example_dags/example_complex.py took 0.181 seconds
[2022-12-07T22:31:19.845+0000] {processor.py:154} INFO - Started process (PID=775) to work on /home/airflow/.local/lib/python3.7/site-packages/airflow/example_dags/example_complex.py
[2022-12-07T22:31:19.847+0000] {processor.py:756} INFO - Processing file /home/airflow/.local/lib/python3.7/site-packages/airflow/example_dags/example_complex.py for tasks to queue
[2022-12-07T22:31:19.848+0000] {logging_mixin.py:137} INFO - [2022-12-07T22:31:19.848+0000] {dagbag.py:537} INFO - Filling up the DagBag from /home/airflow/.local/lib/python3.7/site-packages/airflow/example_dags/example_complex.py
[2022-12-07T22:31:19.863+0000] {logging_mixin.py:137} INFO - [2022-12-07T22:31:19.862+0000] {taskmixin.py:205} WARNING - Dependency <Task(BashOperator): create_entry_group>, delete_entry_group already registered for DAG: example_complex
[2022-12-07T22:31:19.863+0000] {logging_mixin.py:137} INFO - [2022-12-07T22:31:19.863+0000] {taskmixin.py:205} WARNING - Dependency <Task(BashOperator): delete_entry_group>, create_entry_group already registered for DAG: example_complex
[2022-12-07T22:31:19.864+0000] {logging_mixin.py:137} INFO - [2022-12-07T22:31:19.864+0000] {taskmixin.py:205} WARNING - Dependency <Task(BashOperator): create_entry_gcs>, delete_entry already registered for DAG: example_complex
[2022-12-07T22:31:19.864+0000] {logging_mixin.py:137} INFO - [2022-12-07T22:31:19.864+0000] {taskmixin.py:205} WARNING - Dependency <Task(BashOperator): delete_entry>, create_entry_gcs already registered for DAG: example_complex
[2022-12-07T22:31:19.865+0000] {logging_mixin.py:137} INFO - [2022-12-07T22:31:19.865+0000] {taskmixin.py:205} WARNING - Dependency <Task(BashOperator): create_tag>, delete_tag already registered for DAG: example_complex
[2022-12-07T22:31:19.865+0000] {logging_mixin.py:137} INFO - [2022-12-07T22:31:19.865+0000] {taskmixin.py:205} WARNING - Dependency <Task(BashOperator): delete_tag>, create_tag already registered for DAG: example_complex
[2022-12-07T22:31:19.876+0000] {processor.py:766} INFO - DAG(s) dict_keys(['example_complex']) retrieved from /home/airflow/.local/lib/python3.7/site-packages/airflow/example_dags/example_complex.py
[2022-12-07T22:31:19.932+0000] {logging_mixin.py:137} INFO - [2022-12-07T22:31:19.932+0000] {dag.py:2585} INFO - Sync 1 DAGs
[2022-12-07T22:31:19.974+0000] {logging_mixin.py:137} INFO - [2022-12-07T22:31:19.974+0000] {dag.py:3340} INFO - Setting next_dagrun for example_complex to None, run_after=None
[2022-12-07T22:31:20.004+0000] {processor.py:176} INFO - Processing /home/airflow/.local/lib/python3.7/site-packages/airflow/example_dags/example_complex.py took 0.162 seconds
[2022-12-07T22:31:50.119+0000] {processor.py:154} INFO - Started process (PID=840) to work on /home/airflow/.local/lib/python3.7/site-packages/airflow/example_dags/example_complex.py
[2022-12-07T22:31:50.120+0000] {processor.py:756} INFO - Processing file /home/airflow/.local/lib/python3.7/site-packages/airflow/example_dags/example_complex.py for tasks to queue
[2022-12-07T22:31:50.122+0000] {logging_mixin.py:137} INFO - [2022-12-07T22:31:50.121+0000] {dagbag.py:537} INFO - Filling up the DagBag from /home/airflow/.local/lib/python3.7/site-packages/airflow/example_dags/example_complex.py
[2022-12-07T22:31:50.139+0000] {logging_mixin.py:137} INFO - [2022-12-07T22:31:50.139+0000] {taskmixin.py:205} WARNING - Dependency <Task(BashOperator): create_entry_group>, delete_entry_group already registered for DAG: example_complex
[2022-12-07T22:31:50.139+0000] {logging_mixin.py:137} INFO - [2022-12-07T22:31:50.139+0000] {taskmixin.py:205} WARNING - Dependency <Task(BashOperator): delete_entry_group>, create_entry_group already registered for DAG: example_complex
[2022-12-07T22:31:50.140+0000] {logging_mixin.py:137} INFO - [2022-12-07T22:31:50.140+0000] {taskmixin.py:205} WARNING - Dependency <Task(BashOperator): create_entry_gcs>, delete_entry already registered for DAG: example_complex
[2022-12-07T22:31:50.141+0000] {logging_mixin.py:137} INFO - [2022-12-07T22:31:50.141+0000] {taskmixin.py:205} WARNING - Dependency <Task(BashOperator): delete_entry>, create_entry_gcs already registered for DAG: example_complex
[2022-12-07T22:31:50.143+0000] {logging_mixin.py:137} INFO - [2022-12-07T22:31:50.143+0000] {taskmixin.py:205} WARNING - Dependency <Task(BashOperator): create_tag>, delete_tag already registered for DAG: example_complex
[2022-12-07T22:31:50.144+0000] {logging_mixin.py:137} INFO - [2022-12-07T22:31:50.144+0000] {taskmixin.py:205} WARNING - Dependency <Task(BashOperator): delete_tag>, create_tag already registered for DAG: example_complex
[2022-12-07T22:31:50.153+0000] {processor.py:766} INFO - DAG(s) dict_keys(['example_complex']) retrieved from /home/airflow/.local/lib/python3.7/site-packages/airflow/example_dags/example_complex.py
[2022-12-07T22:31:50.209+0000] {logging_mixin.py:137} INFO - [2022-12-07T22:31:50.209+0000] {dag.py:2585} INFO - Sync 1 DAGs
[2022-12-07T22:31:50.238+0000] {logging_mixin.py:137} INFO - [2022-12-07T22:31:50.238+0000] {dag.py:3340} INFO - Setting next_dagrun for example_complex to None, run_after=None
[2022-12-07T22:31:50.264+0000] {processor.py:176} INFO - Processing /home/airflow/.local/lib/python3.7/site-packages/airflow/example_dags/example_complex.py took 0.149 seconds
[2022-12-07T22:32:21.068+0000] {processor.py:154} INFO - Started process (PID=902) to work on /home/airflow/.local/lib/python3.7/site-packages/airflow/example_dags/example_complex.py
[2022-12-07T22:32:21.069+0000] {processor.py:756} INFO - Processing file /home/airflow/.local/lib/python3.7/site-packages/airflow/example_dags/example_complex.py for tasks to queue
[2022-12-07T22:32:21.070+0000] {logging_mixin.py:137} INFO - [2022-12-07T22:32:21.070+0000] {dagbag.py:537} INFO - Filling up the DagBag from /home/airflow/.local/lib/python3.7/site-packages/airflow/example_dags/example_complex.py
[2022-12-07T22:32:21.096+0000] {logging_mixin.py:137} INFO - [2022-12-07T22:32:21.096+0000] {taskmixin.py:205} WARNING - Dependency <Task(BashOperator): create_entry_group>, delete_entry_group already registered for DAG: example_complex
[2022-12-07T22:32:21.125+0000] {logging_mixin.py:137} INFO - [2022-12-07T22:32:21.125+0000] {taskmixin.py:205} WARNING - Dependency <Task(BashOperator): delete_entry_group>, create_entry_group already registered for DAG: example_complex
[2022-12-07T22:32:21.135+0000] {logging_mixin.py:137} INFO - [2022-12-07T22:32:21.135+0000] {taskmixin.py:205} WARNING - Dependency <Task(BashOperator): create_entry_gcs>, delete_entry already registered for DAG: example_complex
[2022-12-07T22:32:21.136+0000] {logging_mixin.py:137} INFO - [2022-12-07T22:32:21.136+0000] {taskmixin.py:205} WARNING - Dependency <Task(BashOperator): delete_entry>, create_entry_gcs already registered for DAG: example_complex
[2022-12-07T22:32:21.137+0000] {logging_mixin.py:137} INFO - [2022-12-07T22:32:21.136+0000] {taskmixin.py:205} WARNING - Dependency <Task(BashOperator): create_tag>, delete_tag already registered for DAG: example_complex
[2022-12-07T22:32:21.138+0000] {logging_mixin.py:137} INFO - [2022-12-07T22:32:21.138+0000] {taskmixin.py:205} WARNING - Dependency <Task(BashOperator): delete_tag>, create_tag already registered for DAG: example_complex
[2022-12-07T22:32:21.156+0000] {processor.py:766} INFO - DAG(s) dict_keys(['example_complex']) retrieved from /home/airflow/.local/lib/python3.7/site-packages/airflow/example_dags/example_complex.py
[2022-12-07T22:32:21.236+0000] {logging_mixin.py:137} INFO - [2022-12-07T22:32:21.236+0000] {dag.py:2585} INFO - Sync 1 DAGs
[2022-12-07T22:32:21.278+0000] {logging_mixin.py:137} INFO - [2022-12-07T22:32:21.277+0000] {dag.py:3340} INFO - Setting next_dagrun for example_complex to None, run_after=None
[2022-12-07T22:32:21.310+0000] {processor.py:176} INFO - Processing /home/airflow/.local/lib/python3.7/site-packages/airflow/example_dags/example_complex.py took 0.247 seconds
