[2022-12-07T22:25:11.774+0000] {processor.py:154} INFO - Started process (PID=59) to work on /home/airflow/.local/lib/python3.7/site-packages/airflow/example_dags/example_skip_dag.py
[2022-12-07T22:25:11.778+0000] {processor.py:756} INFO - Processing file /home/airflow/.local/lib/python3.7/site-packages/airflow/example_dags/example_skip_dag.py for tasks to queue
[2022-12-07T22:25:11.781+0000] {logging_mixin.py:137} INFO - [2022-12-07T22:25:11.781+0000] {dagbag.py:537} INFO - Filling up the DagBag from /home/airflow/.local/lib/python3.7/site-packages/airflow/example_dags/example_skip_dag.py
[2022-12-07T22:25:11.841+0000] {processor.py:766} INFO - DAG(s) dict_keys(['example_skip_dag']) retrieved from /home/airflow/.local/lib/python3.7/site-packages/airflow/example_dags/example_skip_dag.py
[2022-12-07T22:25:11.950+0000] {logging_mixin.py:137} INFO - [2022-12-07T22:25:11.949+0000] {dag.py:2585} INFO - Sync 1 DAGs
[2022-12-07T22:25:12.046+0000] {logging_mixin.py:137} INFO - [2022-12-07T22:25:12.046+0000] {dag.py:3340} INFO - Setting next_dagrun for example_skip_dag to 2022-12-06T22:25:12.045928+00:00, run_after=2022-12-07T22:25:12.045928+00:00
[2022-12-07T22:25:12.103+0000] {processor.py:176} INFO - Processing /home/airflow/.local/lib/python3.7/site-packages/airflow/example_dags/example_skip_dag.py took 0.342 seconds
[2022-12-07T22:25:42.175+0000] {processor.py:154} INFO - Started process (PID=124) to work on /home/airflow/.local/lib/python3.7/site-packages/airflow/example_dags/example_skip_dag.py
[2022-12-07T22:25:42.176+0000] {processor.py:756} INFO - Processing file /home/airflow/.local/lib/python3.7/site-packages/airflow/example_dags/example_skip_dag.py for tasks to queue
[2022-12-07T22:25:42.178+0000] {logging_mixin.py:137} INFO - [2022-12-07T22:25:42.178+0000] {dagbag.py:537} INFO - Filling up the DagBag from /home/airflow/.local/lib/python3.7/site-packages/airflow/example_dags/example_skip_dag.py
[2022-12-07T22:25:42.197+0000] {processor.py:766} INFO - DAG(s) dict_keys(['example_skip_dag']) retrieved from /home/airflow/.local/lib/python3.7/site-packages/airflow/example_dags/example_skip_dag.py
[2022-12-07T22:25:42.245+0000] {logging_mixin.py:137} INFO - [2022-12-07T22:25:42.245+0000] {dag.py:2585} INFO - Sync 1 DAGs
[2022-12-07T22:25:42.279+0000] {logging_mixin.py:137} INFO - [2022-12-07T22:25:42.279+0000] {dag.py:3340} INFO - Setting next_dagrun for example_skip_dag to 2022-12-06T22:25:42.279456+00:00, run_after=2022-12-07T22:25:42.279456+00:00
[2022-12-07T22:25:42.308+0000] {processor.py:176} INFO - Processing /home/airflow/.local/lib/python3.7/site-packages/airflow/example_dags/example_skip_dag.py took 0.137 seconds
[2022-12-07T22:26:12.519+0000] {processor.py:154} INFO - Started process (PID=180) to work on /home/airflow/.local/lib/python3.7/site-packages/airflow/example_dags/example_skip_dag.py
[2022-12-07T22:26:12.520+0000] {processor.py:756} INFO - Processing file /home/airflow/.local/lib/python3.7/site-packages/airflow/example_dags/example_skip_dag.py for tasks to queue
[2022-12-07T22:26:12.521+0000] {logging_mixin.py:137} INFO - [2022-12-07T22:26:12.521+0000] {dagbag.py:537} INFO - Filling up the DagBag from /home/airflow/.local/lib/python3.7/site-packages/airflow/example_dags/example_skip_dag.py
[2022-12-07T22:26:12.542+0000] {processor.py:766} INFO - DAG(s) dict_keys(['example_skip_dag']) retrieved from /home/airflow/.local/lib/python3.7/site-packages/airflow/example_dags/example_skip_dag.py
[2022-12-07T22:26:12.594+0000] {logging_mixin.py:137} INFO - [2022-12-07T22:26:12.594+0000] {dag.py:2585} INFO - Sync 1 DAGs
[2022-12-07T22:26:12.632+0000] {logging_mixin.py:137} INFO - [2022-12-07T22:26:12.632+0000] {dag.py:3340} INFO - Setting next_dagrun for example_skip_dag to 2022-12-06T22:26:12.631980+00:00, run_after=2022-12-07T22:26:12.631980+00:00
[2022-12-07T22:26:12.661+0000] {processor.py:176} INFO - Processing /home/airflow/.local/lib/python3.7/site-packages/airflow/example_dags/example_skip_dag.py took 0.147 seconds
[2022-12-07T22:26:43.121+0000] {processor.py:154} INFO - Started process (PID=244) to work on /home/airflow/.local/lib/python3.7/site-packages/airflow/example_dags/example_skip_dag.py
[2022-12-07T22:26:43.123+0000] {processor.py:756} INFO - Processing file /home/airflow/.local/lib/python3.7/site-packages/airflow/example_dags/example_skip_dag.py for tasks to queue
[2022-12-07T22:26:43.125+0000] {logging_mixin.py:137} INFO - [2022-12-07T22:26:43.125+0000] {dagbag.py:537} INFO - Filling up the DagBag from /home/airflow/.local/lib/python3.7/site-packages/airflow/example_dags/example_skip_dag.py
[2022-12-07T22:26:43.170+0000] {processor.py:766} INFO - DAG(s) dict_keys(['example_skip_dag']) retrieved from /home/airflow/.local/lib/python3.7/site-packages/airflow/example_dags/example_skip_dag.py
[2022-12-07T22:26:43.260+0000] {logging_mixin.py:137} INFO - [2022-12-07T22:26:43.260+0000] {dag.py:2585} INFO - Sync 1 DAGs
[2022-12-07T22:26:43.323+0000] {logging_mixin.py:137} INFO - [2022-12-07T22:26:43.323+0000] {dag.py:3340} INFO - Setting next_dagrun for example_skip_dag to 2022-12-06T22:26:43.322794+00:00, run_after=2022-12-07T22:26:43.322794+00:00
[2022-12-07T22:26:43.358+0000] {processor.py:176} INFO - Processing /home/airflow/.local/lib/python3.7/site-packages/airflow/example_dags/example_skip_dag.py took 0.243 seconds
[2022-12-07T22:27:13.678+0000] {processor.py:154} INFO - Started process (PID=299) to work on /home/airflow/.local/lib/python3.7/site-packages/airflow/example_dags/example_skip_dag.py
[2022-12-07T22:27:13.679+0000] {processor.py:756} INFO - Processing file /home/airflow/.local/lib/python3.7/site-packages/airflow/example_dags/example_skip_dag.py for tasks to queue
[2022-12-07T22:27:13.680+0000] {logging_mixin.py:137} INFO - [2022-12-07T22:27:13.680+0000] {dagbag.py:537} INFO - Filling up the DagBag from /home/airflow/.local/lib/python3.7/site-packages/airflow/example_dags/example_skip_dag.py
[2022-12-07T22:27:13.697+0000] {processor.py:766} INFO - DAG(s) dict_keys(['example_skip_dag']) retrieved from /home/airflow/.local/lib/python3.7/site-packages/airflow/example_dags/example_skip_dag.py
[2022-12-07T22:27:13.749+0000] {logging_mixin.py:137} INFO - [2022-12-07T22:27:13.749+0000] {dag.py:2585} INFO - Sync 1 DAGs
[2022-12-07T22:27:13.779+0000] {logging_mixin.py:137} INFO - [2022-12-07T22:27:13.779+0000] {dag.py:3340} INFO - Setting next_dagrun for example_skip_dag to 2022-12-06T22:27:13.779183+00:00, run_after=2022-12-07T22:27:13.779183+00:00
[2022-12-07T22:27:13.803+0000] {processor.py:176} INFO - Processing /home/airflow/.local/lib/python3.7/site-packages/airflow/example_dags/example_skip_dag.py took 0.129 seconds
[2022-12-07T22:27:44.632+0000] {processor.py:154} INFO - Started process (PID=355) to work on /home/airflow/.local/lib/python3.7/site-packages/airflow/example_dags/example_skip_dag.py
[2022-12-07T22:27:44.633+0000] {processor.py:756} INFO - Processing file /home/airflow/.local/lib/python3.7/site-packages/airflow/example_dags/example_skip_dag.py for tasks to queue
[2022-12-07T22:27:44.635+0000] {logging_mixin.py:137} INFO - [2022-12-07T22:27:44.635+0000] {dagbag.py:537} INFO - Filling up the DagBag from /home/airflow/.local/lib/python3.7/site-packages/airflow/example_dags/example_skip_dag.py
[2022-12-07T22:27:44.659+0000] {processor.py:766} INFO - DAG(s) dict_keys(['example_skip_dag']) retrieved from /home/airflow/.local/lib/python3.7/site-packages/airflow/example_dags/example_skip_dag.py
[2022-12-07T22:27:44.741+0000] {logging_mixin.py:137} INFO - [2022-12-07T22:27:44.740+0000] {dag.py:2585} INFO - Sync 1 DAGs
[2022-12-07T22:27:44.799+0000] {logging_mixin.py:137} INFO - [2022-12-07T22:27:44.799+0000] {dag.py:3340} INFO - Setting next_dagrun for example_skip_dag to 2022-12-06T22:27:44.798568+00:00, run_after=2022-12-07T22:27:44.798568+00:00
[2022-12-07T22:27:44.860+0000] {processor.py:176} INFO - Processing /home/airflow/.local/lib/python3.7/site-packages/airflow/example_dags/example_skip_dag.py took 0.232 seconds
[2022-12-07T22:28:15.433+0000] {processor.py:154} INFO - Started process (PID=419) to work on /home/airflow/.local/lib/python3.7/site-packages/airflow/example_dags/example_skip_dag.py
[2022-12-07T22:28:15.435+0000] {processor.py:756} INFO - Processing file /home/airflow/.local/lib/python3.7/site-packages/airflow/example_dags/example_skip_dag.py for tasks to queue
[2022-12-07T22:28:15.437+0000] {logging_mixin.py:137} INFO - [2022-12-07T22:28:15.436+0000] {dagbag.py:537} INFO - Filling up the DagBag from /home/airflow/.local/lib/python3.7/site-packages/airflow/example_dags/example_skip_dag.py
[2022-12-07T22:28:15.462+0000] {processor.py:766} INFO - DAG(s) dict_keys(['example_skip_dag']) retrieved from /home/airflow/.local/lib/python3.7/site-packages/airflow/example_dags/example_skip_dag.py
[2022-12-07T22:28:15.528+0000] {logging_mixin.py:137} INFO - [2022-12-07T22:28:15.527+0000] {dag.py:2585} INFO - Sync 1 DAGs
[2022-12-07T22:28:15.568+0000] {logging_mixin.py:137} INFO - [2022-12-07T22:28:15.567+0000] {dag.py:3340} INFO - Setting next_dagrun for example_skip_dag to 2022-12-06T22:28:15.567504+00:00, run_after=2022-12-07T22:28:15.567504+00:00
[2022-12-07T22:28:15.592+0000] {processor.py:176} INFO - Processing /home/airflow/.local/lib/python3.7/site-packages/airflow/example_dags/example_skip_dag.py took 0.163 seconds
[2022-12-07T22:28:46.536+0000] {processor.py:154} INFO - Started process (PID=483) to work on /home/airflow/.local/lib/python3.7/site-packages/airflow/example_dags/example_skip_dag.py
[2022-12-07T22:28:46.539+0000] {processor.py:756} INFO - Processing file /home/airflow/.local/lib/python3.7/site-packages/airflow/example_dags/example_skip_dag.py for tasks to queue
[2022-12-07T22:28:46.541+0000] {logging_mixin.py:137} INFO - [2022-12-07T22:28:46.540+0000] {dagbag.py:537} INFO - Filling up the DagBag from /home/airflow/.local/lib/python3.7/site-packages/airflow/example_dags/example_skip_dag.py
[2022-12-07T22:28:46.565+0000] {processor.py:766} INFO - DAG(s) dict_keys(['example_skip_dag']) retrieved from /home/airflow/.local/lib/python3.7/site-packages/airflow/example_dags/example_skip_dag.py
[2022-12-07T22:28:46.627+0000] {logging_mixin.py:137} INFO - [2022-12-07T22:28:46.626+0000] {dag.py:2585} INFO - Sync 1 DAGs
[2022-12-07T22:28:46.668+0000] {logging_mixin.py:137} INFO - [2022-12-07T22:28:46.668+0000] {dag.py:3340} INFO - Setting next_dagrun for example_skip_dag to 2022-12-06T22:28:46.668458+00:00, run_after=2022-12-07T22:28:46.668458+00:00
[2022-12-07T22:28:46.694+0000] {processor.py:176} INFO - Processing /home/airflow/.local/lib/python3.7/site-packages/airflow/example_dags/example_skip_dag.py took 0.166 seconds
[2022-12-07T22:29:17.143+0000] {processor.py:154} INFO - Started process (PID=538) to work on /home/airflow/.local/lib/python3.7/site-packages/airflow/example_dags/example_skip_dag.py
[2022-12-07T22:29:17.144+0000] {processor.py:756} INFO - Processing file /home/airflow/.local/lib/python3.7/site-packages/airflow/example_dags/example_skip_dag.py for tasks to queue
[2022-12-07T22:29:17.145+0000] {logging_mixin.py:137} INFO - [2022-12-07T22:29:17.145+0000] {dagbag.py:537} INFO - Filling up the DagBag from /home/airflow/.local/lib/python3.7/site-packages/airflow/example_dags/example_skip_dag.py
[2022-12-07T22:29:17.166+0000] {processor.py:766} INFO - DAG(s) dict_keys(['example_skip_dag']) retrieved from /home/airflow/.local/lib/python3.7/site-packages/airflow/example_dags/example_skip_dag.py
[2022-12-07T22:29:17.238+0000] {logging_mixin.py:137} INFO - [2022-12-07T22:29:17.237+0000] {dag.py:2585} INFO - Sync 1 DAGs
[2022-12-07T22:29:17.273+0000] {logging_mixin.py:137} INFO - [2022-12-07T22:29:17.273+0000] {dag.py:3340} INFO - Setting next_dagrun for example_skip_dag to 2022-12-06T22:29:17.273294+00:00, run_after=2022-12-07T22:29:17.273294+00:00
[2022-12-07T22:29:17.298+0000] {processor.py:176} INFO - Processing /home/airflow/.local/lib/python3.7/site-packages/airflow/example_dags/example_skip_dag.py took 0.159 seconds
[2022-12-07T22:29:48.016+0000] {processor.py:154} INFO - Started process (PID=602) to work on /home/airflow/.local/lib/python3.7/site-packages/airflow/example_dags/example_skip_dag.py
[2022-12-07T22:29:48.017+0000] {processor.py:756} INFO - Processing file /home/airflow/.local/lib/python3.7/site-packages/airflow/example_dags/example_skip_dag.py for tasks to queue
[2022-12-07T22:29:48.019+0000] {logging_mixin.py:137} INFO - [2022-12-07T22:29:48.018+0000] {dagbag.py:537} INFO - Filling up the DagBag from /home/airflow/.local/lib/python3.7/site-packages/airflow/example_dags/example_skip_dag.py
[2022-12-07T22:29:48.037+0000] {processor.py:766} INFO - DAG(s) dict_keys(['example_skip_dag']) retrieved from /home/airflow/.local/lib/python3.7/site-packages/airflow/example_dags/example_skip_dag.py
[2022-12-07T22:29:48.100+0000] {logging_mixin.py:137} INFO - [2022-12-07T22:29:48.099+0000] {dag.py:2585} INFO - Sync 1 DAGs
[2022-12-07T22:29:48.138+0000] {logging_mixin.py:137} INFO - [2022-12-07T22:29:48.138+0000] {dag.py:3340} INFO - Setting next_dagrun for example_skip_dag to 2022-12-06T22:29:48.137803+00:00, run_after=2022-12-07T22:29:48.137803+00:00
[2022-12-07T22:29:48.173+0000] {processor.py:176} INFO - Processing /home/airflow/.local/lib/python3.7/site-packages/airflow/example_dags/example_skip_dag.py took 0.162 seconds
[2022-12-07T22:30:18.340+0000] {processor.py:154} INFO - Started process (PID=657) to work on /home/airflow/.local/lib/python3.7/site-packages/airflow/example_dags/example_skip_dag.py
[2022-12-07T22:30:18.341+0000] {processor.py:756} INFO - Processing file /home/airflow/.local/lib/python3.7/site-packages/airflow/example_dags/example_skip_dag.py for tasks to queue
[2022-12-07T22:30:18.343+0000] {logging_mixin.py:137} INFO - [2022-12-07T22:30:18.343+0000] {dagbag.py:537} INFO - Filling up the DagBag from /home/airflow/.local/lib/python3.7/site-packages/airflow/example_dags/example_skip_dag.py
[2022-12-07T22:30:18.366+0000] {processor.py:766} INFO - DAG(s) dict_keys(['example_skip_dag']) retrieved from /home/airflow/.local/lib/python3.7/site-packages/airflow/example_dags/example_skip_dag.py
[2022-12-07T22:30:18.427+0000] {logging_mixin.py:137} INFO - [2022-12-07T22:30:18.427+0000] {dag.py:2585} INFO - Sync 1 DAGs
[2022-12-07T22:30:18.469+0000] {logging_mixin.py:137} INFO - [2022-12-07T22:30:18.469+0000] {dag.py:3340} INFO - Setting next_dagrun for example_skip_dag to 2022-12-06T22:30:18.469239+00:00, run_after=2022-12-07T22:30:18.469239+00:00
[2022-12-07T22:30:18.499+0000] {processor.py:176} INFO - Processing /home/airflow/.local/lib/python3.7/site-packages/airflow/example_dags/example_skip_dag.py took 0.163 seconds
[2022-12-07T22:30:48.696+0000] {processor.py:154} INFO - Started process (PID=721) to work on /home/airflow/.local/lib/python3.7/site-packages/airflow/example_dags/example_skip_dag.py
[2022-12-07T22:30:48.697+0000] {processor.py:756} INFO - Processing file /home/airflow/.local/lib/python3.7/site-packages/airflow/example_dags/example_skip_dag.py for tasks to queue
[2022-12-07T22:30:48.698+0000] {logging_mixin.py:137} INFO - [2022-12-07T22:30:48.698+0000] {dagbag.py:537} INFO - Filling up the DagBag from /home/airflow/.local/lib/python3.7/site-packages/airflow/example_dags/example_skip_dag.py
[2022-12-07T22:30:48.716+0000] {processor.py:766} INFO - DAG(s) dict_keys(['example_skip_dag']) retrieved from /home/airflow/.local/lib/python3.7/site-packages/airflow/example_dags/example_skip_dag.py
[2022-12-07T22:30:48.781+0000] {logging_mixin.py:137} INFO - [2022-12-07T22:30:48.780+0000] {dag.py:2585} INFO - Sync 1 DAGs
[2022-12-07T22:30:48.836+0000] {logging_mixin.py:137} INFO - [2022-12-07T22:30:48.836+0000] {dag.py:3340} INFO - Setting next_dagrun for example_skip_dag to 2022-12-06T22:30:48.835943+00:00, run_after=2022-12-07T22:30:48.835943+00:00
[2022-12-07T22:30:48.867+0000] {processor.py:176} INFO - Processing /home/airflow/.local/lib/python3.7/site-packages/airflow/example_dags/example_skip_dag.py took 0.176 seconds
[2022-12-07T22:31:19.867+0000] {processor.py:154} INFO - Started process (PID=776) to work on /home/airflow/.local/lib/python3.7/site-packages/airflow/example_dags/example_skip_dag.py
[2022-12-07T22:31:19.868+0000] {processor.py:756} INFO - Processing file /home/airflow/.local/lib/python3.7/site-packages/airflow/example_dags/example_skip_dag.py for tasks to queue
[2022-12-07T22:31:19.870+0000] {logging_mixin.py:137} INFO - [2022-12-07T22:31:19.869+0000] {dagbag.py:537} INFO - Filling up the DagBag from /home/airflow/.local/lib/python3.7/site-packages/airflow/example_dags/example_skip_dag.py
[2022-12-07T22:31:19.887+0000] {processor.py:766} INFO - DAG(s) dict_keys(['example_skip_dag']) retrieved from /home/airflow/.local/lib/python3.7/site-packages/airflow/example_dags/example_skip_dag.py
[2022-12-07T22:31:19.939+0000] {logging_mixin.py:137} INFO - [2022-12-07T22:31:19.938+0000] {dag.py:2585} INFO - Sync 1 DAGs
[2022-12-07T22:31:19.977+0000] {logging_mixin.py:137} INFO - [2022-12-07T22:31:19.977+0000] {dag.py:3340} INFO - Setting next_dagrun for example_skip_dag to 2022-12-06T22:31:19.977253+00:00, run_after=2022-12-07T22:31:19.977253+00:00
[2022-12-07T22:31:20.007+0000] {processor.py:176} INFO - Processing /home/airflow/.local/lib/python3.7/site-packages/airflow/example_dags/example_skip_dag.py took 0.143 seconds
[2022-12-07T22:31:50.139+0000] {processor.py:154} INFO - Started process (PID=841) to work on /home/airflow/.local/lib/python3.7/site-packages/airflow/example_dags/example_skip_dag.py
[2022-12-07T22:31:50.140+0000] {processor.py:756} INFO - Processing file /home/airflow/.local/lib/python3.7/site-packages/airflow/example_dags/example_skip_dag.py for tasks to queue
[2022-12-07T22:31:50.142+0000] {logging_mixin.py:137} INFO - [2022-12-07T22:31:50.142+0000] {dagbag.py:537} INFO - Filling up the DagBag from /home/airflow/.local/lib/python3.7/site-packages/airflow/example_dags/example_skip_dag.py
[2022-12-07T22:31:50.160+0000] {processor.py:766} INFO - DAG(s) dict_keys(['example_skip_dag']) retrieved from /home/airflow/.local/lib/python3.7/site-packages/airflow/example_dags/example_skip_dag.py
[2022-12-07T22:31:50.212+0000] {logging_mixin.py:137} INFO - [2022-12-07T22:31:50.212+0000] {dag.py:2585} INFO - Sync 1 DAGs
[2022-12-07T22:31:50.245+0000] {logging_mixin.py:137} INFO - [2022-12-07T22:31:50.245+0000] {dag.py:3340} INFO - Setting next_dagrun for example_skip_dag to 2022-12-06T22:31:50.244915+00:00, run_after=2022-12-07T22:31:50.244915+00:00
[2022-12-07T22:31:50.273+0000] {processor.py:176} INFO - Processing /home/airflow/.local/lib/python3.7/site-packages/airflow/example_dags/example_skip_dag.py took 0.137 seconds
[2022-12-07T22:32:21.146+0000] {processor.py:154} INFO - Started process (PID=903) to work on /home/airflow/.local/lib/python3.7/site-packages/airflow/example_dags/example_skip_dag.py
[2022-12-07T22:32:21.150+0000] {processor.py:756} INFO - Processing file /home/airflow/.local/lib/python3.7/site-packages/airflow/example_dags/example_skip_dag.py for tasks to queue
[2022-12-07T22:32:21.153+0000] {logging_mixin.py:137} INFO - [2022-12-07T22:32:21.152+0000] {dagbag.py:537} INFO - Filling up the DagBag from /home/airflow/.local/lib/python3.7/site-packages/airflow/example_dags/example_skip_dag.py
[2022-12-07T22:32:21.189+0000] {processor.py:766} INFO - DAG(s) dict_keys(['example_skip_dag']) retrieved from /home/airflow/.local/lib/python3.7/site-packages/airflow/example_dags/example_skip_dag.py
[2022-12-07T22:32:21.256+0000] {logging_mixin.py:137} INFO - [2022-12-07T22:32:21.255+0000] {dag.py:2585} INFO - Sync 1 DAGs
[2022-12-07T22:32:21.295+0000] {logging_mixin.py:137} INFO - [2022-12-07T22:32:21.295+0000] {dag.py:3340} INFO - Setting next_dagrun for example_skip_dag to 2022-12-06T22:32:21.295090+00:00, run_after=2022-12-07T22:32:21.295090+00:00
[2022-12-07T22:32:21.330+0000] {processor.py:176} INFO - Processing /home/airflow/.local/lib/python3.7/site-packages/airflow/example_dags/example_skip_dag.py took 0.189 seconds
[2022-12-07T23:36:43.594+0000] {processor.py:154} INFO - Started process (PID=67) to work on /home/airflow/.local/lib/python3.7/site-packages/airflow/example_dags/example_skip_dag.py
[2022-12-07T23:36:43.605+0000] {processor.py:756} INFO - Processing file /home/airflow/.local/lib/python3.7/site-packages/airflow/example_dags/example_skip_dag.py for tasks to queue
[2022-12-07T23:36:43.607+0000] {logging_mixin.py:137} INFO - [2022-12-07T23:36:43.607+0000] {dagbag.py:537} INFO - Filling up the DagBag from /home/airflow/.local/lib/python3.7/site-packages/airflow/example_dags/example_skip_dag.py
[2022-12-07T23:36:43.672+0000] {processor.py:766} INFO - DAG(s) dict_keys(['example_skip_dag']) retrieved from /home/airflow/.local/lib/python3.7/site-packages/airflow/example_dags/example_skip_dag.py
[2022-12-07T23:36:44.078+0000] {logging_mixin.py:137} INFO - [2022-12-07T23:36:44.078+0000] {manager.py:507} INFO - Created Permission View: can read on DAG:example_skip_dag
[2022-12-07T23:36:44.109+0000] {logging_mixin.py:137} INFO - [2022-12-07T23:36:44.109+0000] {manager.py:507} INFO - Created Permission View: can delete on DAG:example_skip_dag
[2022-12-07T23:36:44.127+0000] {logging_mixin.py:137} INFO - [2022-12-07T23:36:44.126+0000] {manager.py:507} INFO - Created Permission View: can edit on DAG:example_skip_dag
[2022-12-07T23:36:44.128+0000] {logging_mixin.py:137} INFO - [2022-12-07T23:36:44.127+0000] {dag.py:2585} INFO - Sync 1 DAGs
[2022-12-07T23:36:44.171+0000] {logging_mixin.py:137} INFO - [2022-12-07T23:36:44.171+0000] {dag.py:2606} INFO - Creating ORM DAG for example_skip_dag
[2022-12-07T23:36:44.206+0000] {logging_mixin.py:137} INFO - [2022-12-07T23:36:44.205+0000] {dag.py:3340} INFO - Setting next_dagrun for example_skip_dag to 2022-12-06T23:36:44.205335+00:00, run_after=2022-12-07T23:36:44.205335+00:00
[2022-12-07T23:36:44.270+0000] {processor.py:176} INFO - Processing /home/airflow/.local/lib/python3.7/site-packages/airflow/example_dags/example_skip_dag.py took 0.683 seconds
[2022-12-07T23:37:15.025+0000] {processor.py:154} INFO - Started process (PID=122) to work on /home/airflow/.local/lib/python3.7/site-packages/airflow/example_dags/example_skip_dag.py
[2022-12-07T23:37:15.026+0000] {processor.py:756} INFO - Processing file /home/airflow/.local/lib/python3.7/site-packages/airflow/example_dags/example_skip_dag.py for tasks to queue
[2022-12-07T23:37:15.028+0000] {logging_mixin.py:137} INFO - [2022-12-07T23:37:15.027+0000] {dagbag.py:537} INFO - Filling up the DagBag from /home/airflow/.local/lib/python3.7/site-packages/airflow/example_dags/example_skip_dag.py
[2022-12-07T23:37:15.050+0000] {processor.py:766} INFO - DAG(s) dict_keys(['example_skip_dag']) retrieved from /home/airflow/.local/lib/python3.7/site-packages/airflow/example_dags/example_skip_dag.py
[2022-12-07T23:37:15.142+0000] {logging_mixin.py:137} INFO - [2022-12-07T23:37:15.142+0000] {dag.py:2585} INFO - Sync 1 DAGs
[2022-12-07T23:37:15.174+0000] {logging_mixin.py:137} INFO - [2022-12-07T23:37:15.174+0000] {dag.py:3340} INFO - Setting next_dagrun for example_skip_dag to 2022-12-06T23:37:15.174217+00:00, run_after=2022-12-07T23:37:15.174217+00:00
[2022-12-07T23:37:15.199+0000] {processor.py:176} INFO - Processing /home/airflow/.local/lib/python3.7/site-packages/airflow/example_dags/example_skip_dag.py took 0.180 seconds
[2022-12-07T23:37:45.881+0000] {processor.py:154} INFO - Started process (PID=188) to work on /home/airflow/.local/lib/python3.7/site-packages/airflow/example_dags/example_skip_dag.py
[2022-12-07T23:37:45.882+0000] {processor.py:756} INFO - Processing file /home/airflow/.local/lib/python3.7/site-packages/airflow/example_dags/example_skip_dag.py for tasks to queue
[2022-12-07T23:37:45.884+0000] {logging_mixin.py:137} INFO - [2022-12-07T23:37:45.883+0000] {dagbag.py:537} INFO - Filling up the DagBag from /home/airflow/.local/lib/python3.7/site-packages/airflow/example_dags/example_skip_dag.py
[2022-12-07T23:37:45.919+0000] {processor.py:766} INFO - DAG(s) dict_keys(['example_skip_dag']) retrieved from /home/airflow/.local/lib/python3.7/site-packages/airflow/example_dags/example_skip_dag.py
[2022-12-07T23:37:46.038+0000] {logging_mixin.py:137} INFO - [2022-12-07T23:37:46.037+0000] {dag.py:2585} INFO - Sync 1 DAGs
[2022-12-07T23:37:46.095+0000] {logging_mixin.py:137} INFO - [2022-12-07T23:37:46.095+0000] {dag.py:3340} INFO - Setting next_dagrun for example_skip_dag to 2022-12-06T23:37:46.094736+00:00, run_after=2022-12-07T23:37:46.094736+00:00
[2022-12-07T23:37:46.145+0000] {processor.py:176} INFO - Processing /home/airflow/.local/lib/python3.7/site-packages/airflow/example_dags/example_skip_dag.py took 0.270 seconds
[2022-12-07T23:38:16.551+0000] {processor.py:154} INFO - Started process (PID=243) to work on /home/airflow/.local/lib/python3.7/site-packages/airflow/example_dags/example_skip_dag.py
[2022-12-07T23:38:16.553+0000] {processor.py:756} INFO - Processing file /home/airflow/.local/lib/python3.7/site-packages/airflow/example_dags/example_skip_dag.py for tasks to queue
[2022-12-07T23:38:16.562+0000] {logging_mixin.py:137} INFO - [2022-12-07T23:38:16.561+0000] {dagbag.py:537} INFO - Filling up the DagBag from /home/airflow/.local/lib/python3.7/site-packages/airflow/example_dags/example_skip_dag.py
[2022-12-07T23:38:16.604+0000] {processor.py:766} INFO - DAG(s) dict_keys(['example_skip_dag']) retrieved from /home/airflow/.local/lib/python3.7/site-packages/airflow/example_dags/example_skip_dag.py
[2022-12-07T23:38:16.792+0000] {logging_mixin.py:137} INFO - [2022-12-07T23:38:16.791+0000] {dag.py:2585} INFO - Sync 1 DAGs
[2022-12-07T23:38:16.886+0000] {logging_mixin.py:137} INFO - [2022-12-07T23:38:16.886+0000] {dag.py:3340} INFO - Setting next_dagrun for example_skip_dag to 2022-12-06T23:38:16.885908+00:00, run_after=2022-12-07T23:38:16.885908+00:00
[2022-12-07T23:38:16.957+0000] {processor.py:176} INFO - Processing /home/airflow/.local/lib/python3.7/site-packages/airflow/example_dags/example_skip_dag.py took 0.413 seconds
[2022-12-07T23:38:47.923+0000] {processor.py:154} INFO - Started process (PID=307) to work on /home/airflow/.local/lib/python3.7/site-packages/airflow/example_dags/example_skip_dag.py
[2022-12-07T23:38:47.924+0000] {processor.py:756} INFO - Processing file /home/airflow/.local/lib/python3.7/site-packages/airflow/example_dags/example_skip_dag.py for tasks to queue
[2022-12-07T23:38:47.925+0000] {logging_mixin.py:137} INFO - [2022-12-07T23:38:47.925+0000] {dagbag.py:537} INFO - Filling up the DagBag from /home/airflow/.local/lib/python3.7/site-packages/airflow/example_dags/example_skip_dag.py
[2022-12-07T23:38:47.948+0000] {processor.py:766} INFO - DAG(s) dict_keys(['example_skip_dag']) retrieved from /home/airflow/.local/lib/python3.7/site-packages/airflow/example_dags/example_skip_dag.py
[2022-12-07T23:38:48.009+0000] {logging_mixin.py:137} INFO - [2022-12-07T23:38:48.008+0000] {dag.py:2585} INFO - Sync 1 DAGs
[2022-12-07T23:38:48.046+0000] {logging_mixin.py:137} INFO - [2022-12-07T23:38:48.045+0000] {dag.py:3340} INFO - Setting next_dagrun for example_skip_dag to 2022-12-06T23:38:48.045435+00:00, run_after=2022-12-07T23:38:48.045435+00:00
[2022-12-07T23:38:48.076+0000] {processor.py:176} INFO - Processing /home/airflow/.local/lib/python3.7/site-packages/airflow/example_dags/example_skip_dag.py took 0.157 seconds
[2022-12-07T23:39:18.345+0000] {processor.py:154} INFO - Started process (PID=362) to work on /home/airflow/.local/lib/python3.7/site-packages/airflow/example_dags/example_skip_dag.py
[2022-12-07T23:39:18.346+0000] {processor.py:756} INFO - Processing file /home/airflow/.local/lib/python3.7/site-packages/airflow/example_dags/example_skip_dag.py for tasks to queue
[2022-12-07T23:39:18.347+0000] {logging_mixin.py:137} INFO - [2022-12-07T23:39:18.347+0000] {dagbag.py:537} INFO - Filling up the DagBag from /home/airflow/.local/lib/python3.7/site-packages/airflow/example_dags/example_skip_dag.py
[2022-12-07T23:39:18.364+0000] {processor.py:766} INFO - DAG(s) dict_keys(['example_skip_dag']) retrieved from /home/airflow/.local/lib/python3.7/site-packages/airflow/example_dags/example_skip_dag.py
[2022-12-07T23:39:18.416+0000] {logging_mixin.py:137} INFO - [2022-12-07T23:39:18.416+0000] {dag.py:2585} INFO - Sync 1 DAGs
[2022-12-07T23:39:18.464+0000] {logging_mixin.py:137} INFO - [2022-12-07T23:39:18.464+0000] {dag.py:3340} INFO - Setting next_dagrun for example_skip_dag to 2022-12-06T23:39:18.463955+00:00, run_after=2022-12-07T23:39:18.463955+00:00
[2022-12-07T23:39:18.504+0000] {processor.py:176} INFO - Processing /home/airflow/.local/lib/python3.7/site-packages/airflow/example_dags/example_skip_dag.py took 0.165 seconds
[2022-12-07T23:39:48.622+0000] {processor.py:154} INFO - Started process (PID=426) to work on /home/airflow/.local/lib/python3.7/site-packages/airflow/example_dags/example_skip_dag.py
[2022-12-07T23:39:48.624+0000] {processor.py:756} INFO - Processing file /home/airflow/.local/lib/python3.7/site-packages/airflow/example_dags/example_skip_dag.py for tasks to queue
[2022-12-07T23:39:48.625+0000] {logging_mixin.py:137} INFO - [2022-12-07T23:39:48.625+0000] {dagbag.py:537} INFO - Filling up the DagBag from /home/airflow/.local/lib/python3.7/site-packages/airflow/example_dags/example_skip_dag.py
[2022-12-07T23:39:48.662+0000] {processor.py:766} INFO - DAG(s) dict_keys(['example_skip_dag']) retrieved from /home/airflow/.local/lib/python3.7/site-packages/airflow/example_dags/example_skip_dag.py
[2022-12-07T23:39:48.750+0000] {logging_mixin.py:137} INFO - [2022-12-07T23:39:48.749+0000] {dag.py:2585} INFO - Sync 1 DAGs
[2022-12-07T23:39:48.805+0000] {logging_mixin.py:137} INFO - [2022-12-07T23:39:48.804+0000] {dag.py:3340} INFO - Setting next_dagrun for example_skip_dag to 2022-12-06T23:39:48.804441+00:00, run_after=2022-12-07T23:39:48.804441+00:00
[2022-12-07T23:39:48.849+0000] {processor.py:176} INFO - Processing /home/airflow/.local/lib/python3.7/site-packages/airflow/example_dags/example_skip_dag.py took 0.235 seconds
[2022-12-07T23:40:19.263+0000] {processor.py:154} INFO - Started process (PID=481) to work on /home/airflow/.local/lib/python3.7/site-packages/airflow/example_dags/example_skip_dag.py
[2022-12-07T23:40:19.264+0000] {processor.py:756} INFO - Processing file /home/airflow/.local/lib/python3.7/site-packages/airflow/example_dags/example_skip_dag.py for tasks to queue
[2022-12-07T23:40:19.266+0000] {logging_mixin.py:137} INFO - [2022-12-07T23:40:19.265+0000] {dagbag.py:537} INFO - Filling up the DagBag from /home/airflow/.local/lib/python3.7/site-packages/airflow/example_dags/example_skip_dag.py
[2022-12-07T23:40:19.283+0000] {processor.py:766} INFO - DAG(s) dict_keys(['example_skip_dag']) retrieved from /home/airflow/.local/lib/python3.7/site-packages/airflow/example_dags/example_skip_dag.py
[2022-12-07T23:40:19.331+0000] {logging_mixin.py:137} INFO - [2022-12-07T23:40:19.331+0000] {dag.py:2585} INFO - Sync 1 DAGs
[2022-12-07T23:40:19.364+0000] {logging_mixin.py:137} INFO - [2022-12-07T23:40:19.363+0000] {dag.py:3340} INFO - Setting next_dagrun for example_skip_dag to 2022-12-06T23:40:19.363390+00:00, run_after=2022-12-07T23:40:19.363390+00:00
[2022-12-07T23:40:19.390+0000] {processor.py:176} INFO - Processing /home/airflow/.local/lib/python3.7/site-packages/airflow/example_dags/example_skip_dag.py took 0.131 seconds
[2022-12-07T23:40:50.118+0000] {processor.py:154} INFO - Started process (PID=545) to work on /home/airflow/.local/lib/python3.7/site-packages/airflow/example_dags/example_skip_dag.py
[2022-12-07T23:40:50.120+0000] {processor.py:756} INFO - Processing file /home/airflow/.local/lib/python3.7/site-packages/airflow/example_dags/example_skip_dag.py for tasks to queue
[2022-12-07T23:40:50.121+0000] {logging_mixin.py:137} INFO - [2022-12-07T23:40:50.120+0000] {dagbag.py:537} INFO - Filling up the DagBag from /home/airflow/.local/lib/python3.7/site-packages/airflow/example_dags/example_skip_dag.py
[2022-12-07T23:40:50.138+0000] {processor.py:766} INFO - DAG(s) dict_keys(['example_skip_dag']) retrieved from /home/airflow/.local/lib/python3.7/site-packages/airflow/example_dags/example_skip_dag.py
[2022-12-07T23:40:50.196+0000] {logging_mixin.py:137} INFO - [2022-12-07T23:40:50.196+0000] {dag.py:2585} INFO - Sync 1 DAGs
[2022-12-07T23:40:50.228+0000] {logging_mixin.py:137} INFO - [2022-12-07T23:40:50.228+0000] {dag.py:3340} INFO - Setting next_dagrun for example_skip_dag to 2022-12-06T23:40:50.227953+00:00, run_after=2022-12-07T23:40:50.227953+00:00
[2022-12-07T23:40:50.269+0000] {processor.py:176} INFO - Processing /home/airflow/.local/lib/python3.7/site-packages/airflow/example_dags/example_skip_dag.py took 0.155 seconds
[2022-12-07T23:45:17.851+0000] {processor.py:154} INFO - Started process (PID=59) to work on /home/airflow/.local/lib/python3.7/site-packages/airflow/example_dags/example_skip_dag.py
[2022-12-07T23:45:17.854+0000] {processor.py:756} INFO - Processing file /home/airflow/.local/lib/python3.7/site-packages/airflow/example_dags/example_skip_dag.py for tasks to queue
[2022-12-07T23:45:17.856+0000] {logging_mixin.py:137} INFO - [2022-12-07T23:45:17.856+0000] {dagbag.py:537} INFO - Filling up the DagBag from /home/airflow/.local/lib/python3.7/site-packages/airflow/example_dags/example_skip_dag.py
[2022-12-07T23:45:17.902+0000] {processor.py:766} INFO - DAG(s) dict_keys(['example_skip_dag']) retrieved from /home/airflow/.local/lib/python3.7/site-packages/airflow/example_dags/example_skip_dag.py
[2022-12-07T23:45:18.020+0000] {logging_mixin.py:137} INFO - [2022-12-07T23:45:18.020+0000] {dag.py:2585} INFO - Sync 1 DAGs
[2022-12-07T23:45:18.105+0000] {logging_mixin.py:137} INFO - [2022-12-07T23:45:18.105+0000] {dag.py:3340} INFO - Setting next_dagrun for example_skip_dag to 2022-12-06T23:45:18.104212+00:00, run_after=2022-12-07T23:45:18.104212+00:00
[2022-12-07T23:45:18.161+0000] {processor.py:176} INFO - Processing /home/airflow/.local/lib/python3.7/site-packages/airflow/example_dags/example_skip_dag.py took 0.319 seconds
[2022-12-07T23:45:48.939+0000] {processor.py:154} INFO - Started process (PID=124) to work on /home/airflow/.local/lib/python3.7/site-packages/airflow/example_dags/example_skip_dag.py
[2022-12-07T23:45:48.940+0000] {processor.py:756} INFO - Processing file /home/airflow/.local/lib/python3.7/site-packages/airflow/example_dags/example_skip_dag.py for tasks to queue
[2022-12-07T23:45:48.942+0000] {logging_mixin.py:137} INFO - [2022-12-07T23:45:48.941+0000] {dagbag.py:537} INFO - Filling up the DagBag from /home/airflow/.local/lib/python3.7/site-packages/airflow/example_dags/example_skip_dag.py
[2022-12-07T23:45:48.965+0000] {processor.py:766} INFO - DAG(s) dict_keys(['example_skip_dag']) retrieved from /home/airflow/.local/lib/python3.7/site-packages/airflow/example_dags/example_skip_dag.py
[2022-12-07T23:45:49.033+0000] {logging_mixin.py:137} INFO - [2022-12-07T23:45:49.033+0000] {dag.py:2585} INFO - Sync 1 DAGs
[2022-12-07T23:45:49.081+0000] {logging_mixin.py:137} INFO - [2022-12-07T23:45:49.081+0000] {dag.py:3340} INFO - Setting next_dagrun for example_skip_dag to 2022-12-06T23:45:49.081156+00:00, run_after=2022-12-07T23:45:49.081156+00:00
[2022-12-07T23:45:49.121+0000] {processor.py:176} INFO - Processing /home/airflow/.local/lib/python3.7/site-packages/airflow/example_dags/example_skip_dag.py took 0.187 seconds
[2022-12-07T23:46:19.333+0000] {processor.py:154} INFO - Started process (PID=181) to work on /home/airflow/.local/lib/python3.7/site-packages/airflow/example_dags/example_skip_dag.py
[2022-12-07T23:46:19.335+0000] {processor.py:756} INFO - Processing file /home/airflow/.local/lib/python3.7/site-packages/airflow/example_dags/example_skip_dag.py for tasks to queue
[2022-12-07T23:46:19.337+0000] {logging_mixin.py:137} INFO - [2022-12-07T23:46:19.336+0000] {dagbag.py:537} INFO - Filling up the DagBag from /home/airflow/.local/lib/python3.7/site-packages/airflow/example_dags/example_skip_dag.py
[2022-12-07T23:46:19.364+0000] {processor.py:766} INFO - DAG(s) dict_keys(['example_skip_dag']) retrieved from /home/airflow/.local/lib/python3.7/site-packages/airflow/example_dags/example_skip_dag.py
[2022-12-07T23:46:19.432+0000] {logging_mixin.py:137} INFO - [2022-12-07T23:46:19.432+0000] {dag.py:2585} INFO - Sync 1 DAGs
[2022-12-07T23:46:19.479+0000] {logging_mixin.py:137} INFO - [2022-12-07T23:46:19.478+0000] {dag.py:3340} INFO - Setting next_dagrun for example_skip_dag to 2022-12-06T23:46:19.478452+00:00, run_after=2022-12-07T23:46:19.478452+00:00
[2022-12-07T23:46:19.511+0000] {processor.py:176} INFO - Processing /home/airflow/.local/lib/python3.7/site-packages/airflow/example_dags/example_skip_dag.py took 0.183 seconds
[2022-12-07T23:46:50.132+0000] {processor.py:154} INFO - Started process (PID=245) to work on /home/airflow/.local/lib/python3.7/site-packages/airflow/example_dags/example_skip_dag.py
[2022-12-07T23:46:50.134+0000] {processor.py:756} INFO - Processing file /home/airflow/.local/lib/python3.7/site-packages/airflow/example_dags/example_skip_dag.py for tasks to queue
[2022-12-07T23:46:50.138+0000] {logging_mixin.py:137} INFO - [2022-12-07T23:46:50.138+0000] {dagbag.py:537} INFO - Filling up the DagBag from /home/airflow/.local/lib/python3.7/site-packages/airflow/example_dags/example_skip_dag.py
[2022-12-07T23:46:50.165+0000] {processor.py:766} INFO - DAG(s) dict_keys(['example_skip_dag']) retrieved from /home/airflow/.local/lib/python3.7/site-packages/airflow/example_dags/example_skip_dag.py
[2022-12-07T23:46:50.244+0000] {logging_mixin.py:137} INFO - [2022-12-07T23:46:50.244+0000] {dag.py:2585} INFO - Sync 1 DAGs
[2022-12-07T23:46:50.297+0000] {logging_mixin.py:137} INFO - [2022-12-07T23:46:50.297+0000] {dag.py:3340} INFO - Setting next_dagrun for example_skip_dag to 2022-12-06T23:46:50.297277+00:00, run_after=2022-12-07T23:46:50.297277+00:00
[2022-12-07T23:46:50.334+0000] {processor.py:176} INFO - Processing /home/airflow/.local/lib/python3.7/site-packages/airflow/example_dags/example_skip_dag.py took 0.208 seconds
[2022-12-07T23:47:20.723+0000] {processor.py:154} INFO - Started process (PID=300) to work on /home/airflow/.local/lib/python3.7/site-packages/airflow/example_dags/example_skip_dag.py
[2022-12-07T23:47:20.724+0000] {processor.py:756} INFO - Processing file /home/airflow/.local/lib/python3.7/site-packages/airflow/example_dags/example_skip_dag.py for tasks to queue
[2022-12-07T23:47:20.726+0000] {logging_mixin.py:137} INFO - [2022-12-07T23:47:20.725+0000] {dagbag.py:537} INFO - Filling up the DagBag from /home/airflow/.local/lib/python3.7/site-packages/airflow/example_dags/example_skip_dag.py
[2022-12-07T23:47:20.748+0000] {processor.py:766} INFO - DAG(s) dict_keys(['example_skip_dag']) retrieved from /home/airflow/.local/lib/python3.7/site-packages/airflow/example_dags/example_skip_dag.py
[2022-12-07T23:47:20.805+0000] {logging_mixin.py:137} INFO - [2022-12-07T23:47:20.805+0000] {dag.py:2585} INFO - Sync 1 DAGs
[2022-12-07T23:47:20.843+0000] {logging_mixin.py:137} INFO - [2022-12-07T23:47:20.843+0000] {dag.py:3340} INFO - Setting next_dagrun for example_skip_dag to 2022-12-06T23:47:20.843398+00:00, run_after=2022-12-07T23:47:20.843398+00:00
[2022-12-07T23:47:20.871+0000] {processor.py:176} INFO - Processing /home/airflow/.local/lib/python3.7/site-packages/airflow/example_dags/example_skip_dag.py took 0.154 seconds
[2022-12-07T23:47:51.926+0000] {processor.py:154} INFO - Started process (PID=364) to work on /home/airflow/.local/lib/python3.7/site-packages/airflow/example_dags/example_skip_dag.py
[2022-12-07T23:47:51.927+0000] {processor.py:756} INFO - Processing file /home/airflow/.local/lib/python3.7/site-packages/airflow/example_dags/example_skip_dag.py for tasks to queue
[2022-12-07T23:47:51.929+0000] {logging_mixin.py:137} INFO - [2022-12-07T23:47:51.928+0000] {dagbag.py:537} INFO - Filling up the DagBag from /home/airflow/.local/lib/python3.7/site-packages/airflow/example_dags/example_skip_dag.py
[2022-12-07T23:47:51.956+0000] {processor.py:766} INFO - DAG(s) dict_keys(['example_skip_dag']) retrieved from /home/airflow/.local/lib/python3.7/site-packages/airflow/example_dags/example_skip_dag.py
[2022-12-07T23:47:52.027+0000] {logging_mixin.py:137} INFO - [2022-12-07T23:47:52.027+0000] {dag.py:2585} INFO - Sync 1 DAGs
[2022-12-07T23:47:52.075+0000] {logging_mixin.py:137} INFO - [2022-12-07T23:47:52.075+0000] {dag.py:3340} INFO - Setting next_dagrun for example_skip_dag to 2022-12-06T23:47:52.075145+00:00, run_after=2022-12-07T23:47:52.075145+00:00
[2022-12-07T23:47:52.116+0000] {processor.py:176} INFO - Processing /home/airflow/.local/lib/python3.7/site-packages/airflow/example_dags/example_skip_dag.py took 0.195 seconds
[2022-12-07T23:48:22.574+0000] {processor.py:154} INFO - Started process (PID=428) to work on /home/airflow/.local/lib/python3.7/site-packages/airflow/example_dags/example_skip_dag.py
[2022-12-07T23:48:22.576+0000] {processor.py:756} INFO - Processing file /home/airflow/.local/lib/python3.7/site-packages/airflow/example_dags/example_skip_dag.py for tasks to queue
[2022-12-07T23:48:22.578+0000] {logging_mixin.py:137} INFO - [2022-12-07T23:48:22.577+0000] {dagbag.py:537} INFO - Filling up the DagBag from /home/airflow/.local/lib/python3.7/site-packages/airflow/example_dags/example_skip_dag.py
[2022-12-07T23:48:22.607+0000] {processor.py:766} INFO - DAG(s) dict_keys(['example_skip_dag']) retrieved from /home/airflow/.local/lib/python3.7/site-packages/airflow/example_dags/example_skip_dag.py
[2022-12-07T23:48:22.679+0000] {logging_mixin.py:137} INFO - [2022-12-07T23:48:22.679+0000] {dag.py:2585} INFO - Sync 1 DAGs
[2022-12-07T23:48:22.728+0000] {logging_mixin.py:137} INFO - [2022-12-07T23:48:22.728+0000] {dag.py:3340} INFO - Setting next_dagrun for example_skip_dag to 2022-12-06T23:48:22.727783+00:00, run_after=2022-12-07T23:48:22.727783+00:00
[2022-12-07T23:48:22.766+0000] {processor.py:176} INFO - Processing /home/airflow/.local/lib/python3.7/site-packages/airflow/example_dags/example_skip_dag.py took 0.196 seconds
[2022-12-07T23:48:53.742+0000] {processor.py:154} INFO - Started process (PID=495) to work on /home/airflow/.local/lib/python3.7/site-packages/airflow/example_dags/example_skip_dag.py
[2022-12-07T23:48:53.743+0000] {processor.py:756} INFO - Processing file /home/airflow/.local/lib/python3.7/site-packages/airflow/example_dags/example_skip_dag.py for tasks to queue
[2022-12-07T23:48:53.745+0000] {logging_mixin.py:137} INFO - [2022-12-07T23:48:53.744+0000] {dagbag.py:537} INFO - Filling up the DagBag from /home/airflow/.local/lib/python3.7/site-packages/airflow/example_dags/example_skip_dag.py
[2022-12-07T23:48:53.767+0000] {processor.py:766} INFO - DAG(s) dict_keys(['example_skip_dag']) retrieved from /home/airflow/.local/lib/python3.7/site-packages/airflow/example_dags/example_skip_dag.py
[2022-12-07T23:48:53.833+0000] {logging_mixin.py:137} INFO - [2022-12-07T23:48:53.833+0000] {dag.py:2585} INFO - Sync 1 DAGs
[2022-12-07T23:48:53.883+0000] {logging_mixin.py:137} INFO - [2022-12-07T23:48:53.883+0000] {dag.py:3340} INFO - Setting next_dagrun for example_skip_dag to 2022-12-06T23:48:53.883046+00:00, run_after=2022-12-07T23:48:53.883046+00:00
[2022-12-07T23:48:53.917+0000] {processor.py:176} INFO - Processing /home/airflow/.local/lib/python3.7/site-packages/airflow/example_dags/example_skip_dag.py took 0.181 seconds
[2022-12-07T23:49:24.043+0000] {processor.py:154} INFO - Started process (PID=559) to work on /home/airflow/.local/lib/python3.7/site-packages/airflow/example_dags/example_skip_dag.py
[2022-12-07T23:49:24.044+0000] {processor.py:756} INFO - Processing file /home/airflow/.local/lib/python3.7/site-packages/airflow/example_dags/example_skip_dag.py for tasks to queue
[2022-12-07T23:49:24.045+0000] {logging_mixin.py:137} INFO - [2022-12-07T23:49:24.045+0000] {dagbag.py:537} INFO - Filling up the DagBag from /home/airflow/.local/lib/python3.7/site-packages/airflow/example_dags/example_skip_dag.py
[2022-12-07T23:49:24.064+0000] {processor.py:766} INFO - DAG(s) dict_keys(['example_skip_dag']) retrieved from /home/airflow/.local/lib/python3.7/site-packages/airflow/example_dags/example_skip_dag.py
[2022-12-07T23:49:24.121+0000] {logging_mixin.py:137} INFO - [2022-12-07T23:49:24.121+0000] {dag.py:2585} INFO - Sync 1 DAGs
[2022-12-07T23:49:24.157+0000] {logging_mixin.py:137} INFO - [2022-12-07T23:49:24.157+0000] {dag.py:3340} INFO - Setting next_dagrun for example_skip_dag to 2022-12-06T23:49:24.157171+00:00, run_after=2022-12-07T23:49:24.157171+00:00
[2022-12-07T23:49:24.185+0000] {processor.py:176} INFO - Processing /home/airflow/.local/lib/python3.7/site-packages/airflow/example_dags/example_skip_dag.py took 0.147 seconds
[2022-12-07T23:49:54.301+0000] {processor.py:154} INFO - Started process (PID=614) to work on /home/airflow/.local/lib/python3.7/site-packages/airflow/example_dags/example_skip_dag.py
[2022-12-07T23:49:54.302+0000] {processor.py:756} INFO - Processing file /home/airflow/.local/lib/python3.7/site-packages/airflow/example_dags/example_skip_dag.py for tasks to queue
[2022-12-07T23:49:54.304+0000] {logging_mixin.py:137} INFO - [2022-12-07T23:49:54.303+0000] {dagbag.py:537} INFO - Filling up the DagBag from /home/airflow/.local/lib/python3.7/site-packages/airflow/example_dags/example_skip_dag.py
[2022-12-07T23:49:54.326+0000] {processor.py:766} INFO - DAG(s) dict_keys(['example_skip_dag']) retrieved from /home/airflow/.local/lib/python3.7/site-packages/airflow/example_dags/example_skip_dag.py
[2022-12-07T23:49:54.393+0000] {logging_mixin.py:137} INFO - [2022-12-07T23:49:54.393+0000] {dag.py:2585} INFO - Sync 1 DAGs
[2022-12-07T23:49:54.442+0000] {logging_mixin.py:137} INFO - [2022-12-07T23:49:54.442+0000] {dag.py:3340} INFO - Setting next_dagrun for example_skip_dag to 2022-12-06T23:49:54.441934+00:00, run_after=2022-12-07T23:49:54.441934+00:00
[2022-12-07T23:49:54.478+0000] {processor.py:176} INFO - Processing /home/airflow/.local/lib/python3.7/site-packages/airflow/example_dags/example_skip_dag.py took 0.182 seconds
[2022-12-07T23:50:25.213+0000] {processor.py:154} INFO - Started process (PID=678) to work on /home/airflow/.local/lib/python3.7/site-packages/airflow/example_dags/example_skip_dag.py
[2022-12-07T23:50:25.215+0000] {processor.py:756} INFO - Processing file /home/airflow/.local/lib/python3.7/site-packages/airflow/example_dags/example_skip_dag.py for tasks to queue
[2022-12-07T23:50:25.217+0000] {logging_mixin.py:137} INFO - [2022-12-07T23:50:25.216+0000] {dagbag.py:537} INFO - Filling up the DagBag from /home/airflow/.local/lib/python3.7/site-packages/airflow/example_dags/example_skip_dag.py
[2022-12-07T23:50:25.242+0000] {processor.py:766} INFO - DAG(s) dict_keys(['example_skip_dag']) retrieved from /home/airflow/.local/lib/python3.7/site-packages/airflow/example_dags/example_skip_dag.py
[2022-12-07T23:50:25.370+0000] {logging_mixin.py:137} INFO - [2022-12-07T23:50:25.369+0000] {dag.py:2585} INFO - Sync 1 DAGs
[2022-12-07T23:50:25.420+0000] {logging_mixin.py:137} INFO - [2022-12-07T23:50:25.419+0000] {dag.py:3340} INFO - Setting next_dagrun for example_skip_dag to 2022-12-06T23:50:25.419432+00:00, run_after=2022-12-07T23:50:25.419432+00:00
[2022-12-07T23:50:25.464+0000] {processor.py:176} INFO - Processing /home/airflow/.local/lib/python3.7/site-packages/airflow/example_dags/example_skip_dag.py took 0.256 seconds
[2022-12-07T23:50:55.741+0000] {processor.py:154} INFO - Started process (PID=734) to work on /home/airflow/.local/lib/python3.7/site-packages/airflow/example_dags/example_skip_dag.py
[2022-12-07T23:50:55.743+0000] {processor.py:756} INFO - Processing file /home/airflow/.local/lib/python3.7/site-packages/airflow/example_dags/example_skip_dag.py for tasks to queue
[2022-12-07T23:50:55.744+0000] {logging_mixin.py:137} INFO - [2022-12-07T23:50:55.744+0000] {dagbag.py:537} INFO - Filling up the DagBag from /home/airflow/.local/lib/python3.7/site-packages/airflow/example_dags/example_skip_dag.py
[2022-12-07T23:50:55.763+0000] {processor.py:766} INFO - DAG(s) dict_keys(['example_skip_dag']) retrieved from /home/airflow/.local/lib/python3.7/site-packages/airflow/example_dags/example_skip_dag.py
[2022-12-07T23:50:55.818+0000] {logging_mixin.py:137} INFO - [2022-12-07T23:50:55.818+0000] {dag.py:2585} INFO - Sync 1 DAGs
[2022-12-07T23:50:55.860+0000] {logging_mixin.py:137} INFO - [2022-12-07T23:50:55.860+0000] {dag.py:3340} INFO - Setting next_dagrun for example_skip_dag to 2022-12-06T23:50:55.859674+00:00, run_after=2022-12-07T23:50:55.859674+00:00
[2022-12-07T23:50:55.891+0000] {processor.py:176} INFO - Processing /home/airflow/.local/lib/python3.7/site-packages/airflow/example_dags/example_skip_dag.py took 0.156 seconds
[2022-12-07T23:51:26.363+0000] {processor.py:154} INFO - Started process (PID=797) to work on /home/airflow/.local/lib/python3.7/site-packages/airflow/example_dags/example_skip_dag.py
[2022-12-07T23:51:26.364+0000] {processor.py:756} INFO - Processing file /home/airflow/.local/lib/python3.7/site-packages/airflow/example_dags/example_skip_dag.py for tasks to queue
[2022-12-07T23:51:26.365+0000] {logging_mixin.py:137} INFO - [2022-12-07T23:51:26.365+0000] {dagbag.py:537} INFO - Filling up the DagBag from /home/airflow/.local/lib/python3.7/site-packages/airflow/example_dags/example_skip_dag.py
[2022-12-07T23:51:26.391+0000] {processor.py:766} INFO - DAG(s) dict_keys(['example_skip_dag']) retrieved from /home/airflow/.local/lib/python3.7/site-packages/airflow/example_dags/example_skip_dag.py
[2022-12-07T23:51:26.456+0000] {logging_mixin.py:137} INFO - [2022-12-07T23:51:26.456+0000] {dag.py:2585} INFO - Sync 1 DAGs
[2022-12-07T23:51:26.491+0000] {logging_mixin.py:137} INFO - [2022-12-07T23:51:26.491+0000] {dag.py:3340} INFO - Setting next_dagrun for example_skip_dag to 2022-12-06T23:51:26.490921+00:00, run_after=2022-12-07T23:51:26.490921+00:00
[2022-12-07T23:51:26.517+0000] {processor.py:176} INFO - Processing /home/airflow/.local/lib/python3.7/site-packages/airflow/example_dags/example_skip_dag.py took 0.164 seconds
[2022-12-07T23:51:56.677+0000] {processor.py:154} INFO - Started process (PID=852) to work on /home/airflow/.local/lib/python3.7/site-packages/airflow/example_dags/example_skip_dag.py
[2022-12-07T23:51:56.679+0000] {processor.py:756} INFO - Processing file /home/airflow/.local/lib/python3.7/site-packages/airflow/example_dags/example_skip_dag.py for tasks to queue
[2022-12-07T23:51:56.680+0000] {logging_mixin.py:137} INFO - [2022-12-07T23:51:56.680+0000] {dagbag.py:537} INFO - Filling up the DagBag from /home/airflow/.local/lib/python3.7/site-packages/airflow/example_dags/example_skip_dag.py
[2022-12-07T23:51:56.705+0000] {processor.py:766} INFO - DAG(s) dict_keys(['example_skip_dag']) retrieved from /home/airflow/.local/lib/python3.7/site-packages/airflow/example_dags/example_skip_dag.py
[2022-12-07T23:51:56.838+0000] {logging_mixin.py:137} INFO - [2022-12-07T23:51:56.838+0000] {dag.py:2585} INFO - Sync 1 DAGs
[2022-12-07T23:51:56.888+0000] {logging_mixin.py:137} INFO - [2022-12-07T23:51:56.888+0000] {dag.py:3340} INFO - Setting next_dagrun for example_skip_dag to 2022-12-06T23:51:56.887945+00:00, run_after=2022-12-07T23:51:56.887945+00:00
[2022-12-07T23:51:56.916+0000] {processor.py:176} INFO - Processing /home/airflow/.local/lib/python3.7/site-packages/airflow/example_dags/example_skip_dag.py took 0.243 seconds
[2022-12-07T23:52:27.729+0000] {processor.py:154} INFO - Started process (PID=916) to work on /home/airflow/.local/lib/python3.7/site-packages/airflow/example_dags/example_skip_dag.py
[2022-12-07T23:52:27.731+0000] {processor.py:756} INFO - Processing file /home/airflow/.local/lib/python3.7/site-packages/airflow/example_dags/example_skip_dag.py for tasks to queue
[2022-12-07T23:52:27.733+0000] {logging_mixin.py:137} INFO - [2022-12-07T23:52:27.733+0000] {dagbag.py:537} INFO - Filling up the DagBag from /home/airflow/.local/lib/python3.7/site-packages/airflow/example_dags/example_skip_dag.py
[2022-12-07T23:52:27.761+0000] {processor.py:766} INFO - DAG(s) dict_keys(['example_skip_dag']) retrieved from /home/airflow/.local/lib/python3.7/site-packages/airflow/example_dags/example_skip_dag.py
[2022-12-07T23:52:27.831+0000] {logging_mixin.py:137} INFO - [2022-12-07T23:52:27.831+0000] {dag.py:2585} INFO - Sync 1 DAGs
[2022-12-07T23:52:27.874+0000] {logging_mixin.py:137} INFO - [2022-12-07T23:52:27.874+0000] {dag.py:3340} INFO - Setting next_dagrun for example_skip_dag to 2022-12-06T23:52:27.873846+00:00, run_after=2022-12-07T23:52:27.873846+00:00
[2022-12-07T23:52:27.910+0000] {processor.py:176} INFO - Processing /home/airflow/.local/lib/python3.7/site-packages/airflow/example_dags/example_skip_dag.py took 0.188 seconds
[2022-12-07T23:52:58.455+0000] {processor.py:154} INFO - Started process (PID=985) to work on /home/airflow/.local/lib/python3.7/site-packages/airflow/example_dags/example_skip_dag.py
[2022-12-07T23:52:58.457+0000] {processor.py:756} INFO - Processing file /home/airflow/.local/lib/python3.7/site-packages/airflow/example_dags/example_skip_dag.py for tasks to queue
[2022-12-07T23:52:58.459+0000] {logging_mixin.py:137} INFO - [2022-12-07T23:52:58.458+0000] {dagbag.py:537} INFO - Filling up the DagBag from /home/airflow/.local/lib/python3.7/site-packages/airflow/example_dags/example_skip_dag.py
[2022-12-07T23:52:58.488+0000] {processor.py:766} INFO - DAG(s) dict_keys(['example_skip_dag']) retrieved from /home/airflow/.local/lib/python3.7/site-packages/airflow/example_dags/example_skip_dag.py
[2022-12-07T23:52:58.563+0000] {logging_mixin.py:137} INFO - [2022-12-07T23:52:58.562+0000] {dag.py:2585} INFO - Sync 1 DAGs
[2022-12-07T23:52:58.626+0000] {logging_mixin.py:137} INFO - [2022-12-07T23:52:58.626+0000] {dag.py:3340} INFO - Setting next_dagrun for example_skip_dag to 2022-12-06T23:52:58.625772+00:00, run_after=2022-12-07T23:52:58.625772+00:00
[2022-12-07T23:52:58.667+0000] {processor.py:176} INFO - Processing /home/airflow/.local/lib/python3.7/site-packages/airflow/example_dags/example_skip_dag.py took 0.220 seconds
[2022-12-07T23:53:28.891+0000] {processor.py:154} INFO - Started process (PID=1040) to work on /home/airflow/.local/lib/python3.7/site-packages/airflow/example_dags/example_skip_dag.py
[2022-12-07T23:53:28.892+0000] {processor.py:756} INFO - Processing file /home/airflow/.local/lib/python3.7/site-packages/airflow/example_dags/example_skip_dag.py for tasks to queue
[2022-12-07T23:53:28.893+0000] {logging_mixin.py:137} INFO - [2022-12-07T23:53:28.893+0000] {dagbag.py:537} INFO - Filling up the DagBag from /home/airflow/.local/lib/python3.7/site-packages/airflow/example_dags/example_skip_dag.py
[2022-12-07T23:53:28.918+0000] {processor.py:766} INFO - DAG(s) dict_keys(['example_skip_dag']) retrieved from /home/airflow/.local/lib/python3.7/site-packages/airflow/example_dags/example_skip_dag.py
[2022-12-07T23:53:28.986+0000] {logging_mixin.py:137} INFO - [2022-12-07T23:53:28.986+0000] {dag.py:2585} INFO - Sync 1 DAGs
[2022-12-07T23:53:29.039+0000] {logging_mixin.py:137} INFO - [2022-12-07T23:53:29.039+0000] {dag.py:3340} INFO - Setting next_dagrun for example_skip_dag to 2022-12-06T23:53:29.038661+00:00, run_after=2022-12-07T23:53:29.038661+00:00
[2022-12-07T23:53:29.075+0000] {processor.py:176} INFO - Processing /home/airflow/.local/lib/python3.7/site-packages/airflow/example_dags/example_skip_dag.py took 0.189 seconds
[2022-12-07T23:54:00.865+0000] {processor.py:154} INFO - Started process (PID=1110) to work on /home/airflow/.local/lib/python3.7/site-packages/airflow/example_dags/example_skip_dag.py
[2022-12-07T23:54:00.871+0000] {processor.py:756} INFO - Processing file /home/airflow/.local/lib/python3.7/site-packages/airflow/example_dags/example_skip_dag.py for tasks to queue
[2022-12-07T23:54:00.882+0000] {logging_mixin.py:137} INFO - [2022-12-07T23:54:00.875+0000] {dagbag.py:537} INFO - Filling up the DagBag from /home/airflow/.local/lib/python3.7/site-packages/airflow/example_dags/example_skip_dag.py
[2022-12-07T23:54:01.083+0000] {processor.py:766} INFO - DAG(s) dict_keys(['example_skip_dag']) retrieved from /home/airflow/.local/lib/python3.7/site-packages/airflow/example_dags/example_skip_dag.py
[2022-12-07T23:54:01.288+0000] {logging_mixin.py:137} INFO - [2022-12-07T23:54:01.286+0000] {dag.py:2585} INFO - Sync 1 DAGs
[2022-12-07T23:54:01.508+0000] {logging_mixin.py:137} INFO - [2022-12-07T23:54:01.508+0000] {dag.py:3340} INFO - Setting next_dagrun for example_skip_dag to 2022-12-06T23:54:01.506072+00:00, run_after=2022-12-07T23:54:01.506072+00:00
[2022-12-07T23:54:01.643+0000] {processor.py:176} INFO - Processing /home/airflow/.local/lib/python3.7/site-packages/airflow/example_dags/example_skip_dag.py took 0.815 seconds
[2022-12-07T23:54:32.597+0000] {processor.py:154} INFO - Started process (PID=1165) to work on /home/airflow/.local/lib/python3.7/site-packages/airflow/example_dags/example_skip_dag.py
[2022-12-07T23:54:32.599+0000] {processor.py:756} INFO - Processing file /home/airflow/.local/lib/python3.7/site-packages/airflow/example_dags/example_skip_dag.py for tasks to queue
[2022-12-07T23:54:32.600+0000] {logging_mixin.py:137} INFO - [2022-12-07T23:54:32.600+0000] {dagbag.py:537} INFO - Filling up the DagBag from /home/airflow/.local/lib/python3.7/site-packages/airflow/example_dags/example_skip_dag.py
[2022-12-07T23:54:32.619+0000] {processor.py:766} INFO - DAG(s) dict_keys(['example_skip_dag']) retrieved from /home/airflow/.local/lib/python3.7/site-packages/airflow/example_dags/example_skip_dag.py
[2022-12-07T23:54:32.664+0000] {logging_mixin.py:137} INFO - [2022-12-07T23:54:32.663+0000] {dag.py:2585} INFO - Sync 1 DAGs
[2022-12-07T23:54:32.699+0000] {logging_mixin.py:137} INFO - [2022-12-07T23:54:32.699+0000] {dag.py:3340} INFO - Setting next_dagrun for example_skip_dag to 2022-12-06T23:54:32.699199+00:00, run_after=2022-12-07T23:54:32.699199+00:00
[2022-12-07T23:54:32.725+0000] {processor.py:176} INFO - Processing /home/airflow/.local/lib/python3.7/site-packages/airflow/example_dags/example_skip_dag.py took 0.131 seconds
[2022-12-07T23:55:02.928+0000] {processor.py:154} INFO - Started process (PID=1229) to work on /home/airflow/.local/lib/python3.7/site-packages/airflow/example_dags/example_skip_dag.py
[2022-12-07T23:55:02.930+0000] {processor.py:756} INFO - Processing file /home/airflow/.local/lib/python3.7/site-packages/airflow/example_dags/example_skip_dag.py for tasks to queue
[2022-12-07T23:55:02.934+0000] {logging_mixin.py:137} INFO - [2022-12-07T23:55:02.934+0000] {dagbag.py:537} INFO - Filling up the DagBag from /home/airflow/.local/lib/python3.7/site-packages/airflow/example_dags/example_skip_dag.py
[2022-12-07T23:55:02.969+0000] {processor.py:766} INFO - DAG(s) dict_keys(['example_skip_dag']) retrieved from /home/airflow/.local/lib/python3.7/site-packages/airflow/example_dags/example_skip_dag.py
[2022-12-07T23:55:03.101+0000] {logging_mixin.py:137} INFO - [2022-12-07T23:55:03.100+0000] {dag.py:2585} INFO - Sync 1 DAGs
[2022-12-07T23:55:03.251+0000] {logging_mixin.py:137} INFO - [2022-12-07T23:55:03.250+0000] {dag.py:3340} INFO - Setting next_dagrun for example_skip_dag to 2022-12-06T23:55:03.250167+00:00, run_after=2022-12-07T23:55:03.250167+00:00
[2022-12-07T23:55:03.341+0000] {processor.py:176} INFO - Processing /home/airflow/.local/lib/python3.7/site-packages/airflow/example_dags/example_skip_dag.py took 0.421 seconds
