[2022-12-07T22:25:10.591+0000] {processor.py:154} INFO - Started process (PID=55) to work on /home/airflow/.local/lib/python3.7/site-packages/airflow/example_dags/example_dag_decorator.py
[2022-12-07T22:25:10.595+0000] {processor.py:756} INFO - Processing file /home/airflow/.local/lib/python3.7/site-packages/airflow/example_dags/example_dag_decorator.py for tasks to queue
[2022-12-07T22:25:10.606+0000] {logging_mixin.py:137} INFO - [2022-12-07T22:25:10.605+0000] {dagbag.py:537} INFO - Filling up the DagBag from /home/airflow/.local/lib/python3.7/site-packages/airflow/example_dags/example_dag_decorator.py
[2022-12-07T22:25:10.708+0000] {logging_mixin.py:137} INFO - [2022-12-07T22:25:10.708+0000] {taskmixin.py:205} WARNING - Dependency <Task(_PythonDecoratedOperator): prepare_email>, send_email already registered for DAG: example_dag_decorator
[2022-12-07T22:25:10.715+0000] {logging_mixin.py:137} INFO - [2022-12-07T22:25:10.712+0000] {taskmixin.py:205} WARNING - Dependency <Task(EmailOperator): send_email>, prepare_email already registered for DAG: example_dag_decorator
[2022-12-07T22:25:10.809+0000] {processor.py:766} INFO - DAG(s) dict_keys(['example_dag_decorator']) retrieved from /home/airflow/.local/lib/python3.7/site-packages/airflow/example_dags/example_dag_decorator.py
[2022-12-07T22:25:11.134+0000] {logging_mixin.py:137} INFO - [2022-12-07T22:25:11.133+0000] {dag.py:2585} INFO - Sync 1 DAGs
[2022-12-07T22:25:11.195+0000] {logging_mixin.py:137} INFO - [2022-12-07T22:25:11.195+0000] {dag.py:3340} INFO - Setting next_dagrun for example_dag_decorator to None, run_after=None
[2022-12-07T22:25:11.249+0000] {processor.py:176} INFO - Processing /home/airflow/.local/lib/python3.7/site-packages/airflow/example_dags/example_dag_decorator.py took 0.685 seconds
[2022-12-07T22:25:41.511+0000] {processor.py:154} INFO - Started process (PID=120) to work on /home/airflow/.local/lib/python3.7/site-packages/airflow/example_dags/example_dag_decorator.py
[2022-12-07T22:25:41.512+0000] {processor.py:756} INFO - Processing file /home/airflow/.local/lib/python3.7/site-packages/airflow/example_dags/example_dag_decorator.py for tasks to queue
[2022-12-07T22:25:41.514+0000] {logging_mixin.py:137} INFO - [2022-12-07T22:25:41.513+0000] {dagbag.py:537} INFO - Filling up the DagBag from /home/airflow/.local/lib/python3.7/site-packages/airflow/example_dags/example_dag_decorator.py
[2022-12-07T22:25:41.544+0000] {logging_mixin.py:137} INFO - [2022-12-07T22:25:41.543+0000] {taskmixin.py:205} WARNING - Dependency <Task(_PythonDecoratedOperator): prepare_email>, send_email already registered for DAG: example_dag_decorator
[2022-12-07T22:25:41.544+0000] {logging_mixin.py:137} INFO - [2022-12-07T22:25:41.544+0000] {taskmixin.py:205} WARNING - Dependency <Task(EmailOperator): send_email>, prepare_email already registered for DAG: example_dag_decorator
[2022-12-07T22:25:41.567+0000] {processor.py:766} INFO - DAG(s) dict_keys(['example_dag_decorator']) retrieved from /home/airflow/.local/lib/python3.7/site-packages/airflow/example_dags/example_dag_decorator.py
[2022-12-07T22:25:41.722+0000] {logging_mixin.py:137} INFO - [2022-12-07T22:25:41.722+0000] {dag.py:2585} INFO - Sync 1 DAGs
[2022-12-07T22:25:41.774+0000] {logging_mixin.py:137} INFO - [2022-12-07T22:25:41.773+0000] {dag.py:3340} INFO - Setting next_dagrun for example_dag_decorator to None, run_after=None
[2022-12-07T22:25:41.811+0000] {processor.py:176} INFO - Processing /home/airflow/.local/lib/python3.7/site-packages/airflow/example_dags/example_dag_decorator.py took 0.306 seconds
[2022-12-07T22:26:12.025+0000] {processor.py:154} INFO - Started process (PID=176) to work on /home/airflow/.local/lib/python3.7/site-packages/airflow/example_dags/example_dag_decorator.py
[2022-12-07T22:26:12.027+0000] {processor.py:756} INFO - Processing file /home/airflow/.local/lib/python3.7/site-packages/airflow/example_dags/example_dag_decorator.py for tasks to queue
[2022-12-07T22:26:12.029+0000] {logging_mixin.py:137} INFO - [2022-12-07T22:26:12.029+0000] {dagbag.py:537} INFO - Filling up the DagBag from /home/airflow/.local/lib/python3.7/site-packages/airflow/example_dags/example_dag_decorator.py
[2022-12-07T22:26:12.064+0000] {logging_mixin.py:137} INFO - [2022-12-07T22:26:12.064+0000] {taskmixin.py:205} WARNING - Dependency <Task(_PythonDecoratedOperator): prepare_email>, send_email already registered for DAG: example_dag_decorator
[2022-12-07T22:26:12.065+0000] {logging_mixin.py:137} INFO - [2022-12-07T22:26:12.064+0000] {taskmixin.py:205} WARNING - Dependency <Task(EmailOperator): send_email>, prepare_email already registered for DAG: example_dag_decorator
[2022-12-07T22:26:12.092+0000] {processor.py:766} INFO - DAG(s) dict_keys(['example_dag_decorator']) retrieved from /home/airflow/.local/lib/python3.7/site-packages/airflow/example_dags/example_dag_decorator.py
[2022-12-07T22:26:12.223+0000] {logging_mixin.py:137} INFO - [2022-12-07T22:26:12.223+0000] {dag.py:2585} INFO - Sync 1 DAGs
[2022-12-07T22:26:12.260+0000] {logging_mixin.py:137} INFO - [2022-12-07T22:26:12.260+0000] {dag.py:3340} INFO - Setting next_dagrun for example_dag_decorator to None, run_after=None
[2022-12-07T22:26:12.299+0000] {processor.py:176} INFO - Processing /home/airflow/.local/lib/python3.7/site-packages/airflow/example_dags/example_dag_decorator.py took 0.278 seconds
[2022-12-07T22:26:42.451+0000] {processor.py:154} INFO - Started process (PID=240) to work on /home/airflow/.local/lib/python3.7/site-packages/airflow/example_dags/example_dag_decorator.py
[2022-12-07T22:26:42.453+0000] {processor.py:756} INFO - Processing file /home/airflow/.local/lib/python3.7/site-packages/airflow/example_dags/example_dag_decorator.py for tasks to queue
[2022-12-07T22:26:42.455+0000] {logging_mixin.py:137} INFO - [2022-12-07T22:26:42.454+0000] {dagbag.py:537} INFO - Filling up the DagBag from /home/airflow/.local/lib/python3.7/site-packages/airflow/example_dags/example_dag_decorator.py
[2022-12-07T22:26:42.483+0000] {logging_mixin.py:137} INFO - [2022-12-07T22:26:42.483+0000] {taskmixin.py:205} WARNING - Dependency <Task(_PythonDecoratedOperator): prepare_email>, send_email already registered for DAG: example_dag_decorator
[2022-12-07T22:26:42.485+0000] {logging_mixin.py:137} INFO - [2022-12-07T22:26:42.484+0000] {taskmixin.py:205} WARNING - Dependency <Task(EmailOperator): send_email>, prepare_email already registered for DAG: example_dag_decorator
[2022-12-07T22:26:42.511+0000] {processor.py:766} INFO - DAG(s) dict_keys(['example_dag_decorator']) retrieved from /home/airflow/.local/lib/python3.7/site-packages/airflow/example_dags/example_dag_decorator.py
[2022-12-07T22:26:42.652+0000] {logging_mixin.py:137} INFO - [2022-12-07T22:26:42.652+0000] {dag.py:2585} INFO - Sync 1 DAGs
[2022-12-07T22:26:42.699+0000] {logging_mixin.py:137} INFO - [2022-12-07T22:26:42.698+0000] {dag.py:3340} INFO - Setting next_dagrun for example_dag_decorator to None, run_after=None
[2022-12-07T22:26:42.738+0000] {processor.py:176} INFO - Processing /home/airflow/.local/lib/python3.7/site-packages/airflow/example_dags/example_dag_decorator.py took 0.291 seconds
[2022-12-07T22:27:13.133+0000] {processor.py:154} INFO - Started process (PID=295) to work on /home/airflow/.local/lib/python3.7/site-packages/airflow/example_dags/example_dag_decorator.py
[2022-12-07T22:27:13.134+0000] {processor.py:756} INFO - Processing file /home/airflow/.local/lib/python3.7/site-packages/airflow/example_dags/example_dag_decorator.py for tasks to queue
[2022-12-07T22:27:13.136+0000] {logging_mixin.py:137} INFO - [2022-12-07T22:27:13.136+0000] {dagbag.py:537} INFO - Filling up the DagBag from /home/airflow/.local/lib/python3.7/site-packages/airflow/example_dags/example_dag_decorator.py
[2022-12-07T22:27:13.155+0000] {logging_mixin.py:137} INFO - [2022-12-07T22:27:13.154+0000] {taskmixin.py:205} WARNING - Dependency <Task(_PythonDecoratedOperator): prepare_email>, send_email already registered for DAG: example_dag_decorator
[2022-12-07T22:27:13.155+0000] {logging_mixin.py:137} INFO - [2022-12-07T22:27:13.155+0000] {taskmixin.py:205} WARNING - Dependency <Task(EmailOperator): send_email>, prepare_email already registered for DAG: example_dag_decorator
[2022-12-07T22:27:13.170+0000] {processor.py:766} INFO - DAG(s) dict_keys(['example_dag_decorator']) retrieved from /home/airflow/.local/lib/python3.7/site-packages/airflow/example_dags/example_dag_decorator.py
[2022-12-07T22:27:13.292+0000] {logging_mixin.py:137} INFO - [2022-12-07T22:27:13.292+0000] {dag.py:2585} INFO - Sync 1 DAGs
[2022-12-07T22:27:13.344+0000] {logging_mixin.py:137} INFO - [2022-12-07T22:27:13.344+0000] {dag.py:3340} INFO - Setting next_dagrun for example_dag_decorator to None, run_after=None
[2022-12-07T22:27:13.382+0000] {processor.py:176} INFO - Processing /home/airflow/.local/lib/python3.7/site-packages/airflow/example_dags/example_dag_decorator.py took 0.252 seconds
[2022-12-07T22:27:44.043+0000] {processor.py:154} INFO - Started process (PID=351) to work on /home/airflow/.local/lib/python3.7/site-packages/airflow/example_dags/example_dag_decorator.py
[2022-12-07T22:27:44.044+0000] {processor.py:756} INFO - Processing file /home/airflow/.local/lib/python3.7/site-packages/airflow/example_dags/example_dag_decorator.py for tasks to queue
[2022-12-07T22:27:44.045+0000] {logging_mixin.py:137} INFO - [2022-12-07T22:27:44.045+0000] {dagbag.py:537} INFO - Filling up the DagBag from /home/airflow/.local/lib/python3.7/site-packages/airflow/example_dags/example_dag_decorator.py
[2022-12-07T22:27:44.065+0000] {logging_mixin.py:137} INFO - [2022-12-07T22:27:44.065+0000] {taskmixin.py:205} WARNING - Dependency <Task(_PythonDecoratedOperator): prepare_email>, send_email already registered for DAG: example_dag_decorator
[2022-12-07T22:27:44.066+0000] {logging_mixin.py:137} INFO - [2022-12-07T22:27:44.066+0000] {taskmixin.py:205} WARNING - Dependency <Task(EmailOperator): send_email>, prepare_email already registered for DAG: example_dag_decorator
[2022-12-07T22:27:44.095+0000] {processor.py:766} INFO - DAG(s) dict_keys(['example_dag_decorator']) retrieved from /home/airflow/.local/lib/python3.7/site-packages/airflow/example_dags/example_dag_decorator.py
[2022-12-07T22:27:44.228+0000] {logging_mixin.py:137} INFO - [2022-12-07T22:27:44.228+0000] {dag.py:2585} INFO - Sync 1 DAGs
[2022-12-07T22:27:44.267+0000] {logging_mixin.py:137} INFO - [2022-12-07T22:27:44.266+0000] {dag.py:3340} INFO - Setting next_dagrun for example_dag_decorator to None, run_after=None
[2022-12-07T22:27:44.299+0000] {processor.py:176} INFO - Processing /home/airflow/.local/lib/python3.7/site-packages/airflow/example_dags/example_dag_decorator.py took 0.261 seconds
[2022-12-07T22:28:14.858+0000] {processor.py:154} INFO - Started process (PID=415) to work on /home/airflow/.local/lib/python3.7/site-packages/airflow/example_dags/example_dag_decorator.py
[2022-12-07T22:28:14.859+0000] {processor.py:756} INFO - Processing file /home/airflow/.local/lib/python3.7/site-packages/airflow/example_dags/example_dag_decorator.py for tasks to queue
[2022-12-07T22:28:14.860+0000] {logging_mixin.py:137} INFO - [2022-12-07T22:28:14.859+0000] {dagbag.py:537} INFO - Filling up the DagBag from /home/airflow/.local/lib/python3.7/site-packages/airflow/example_dags/example_dag_decorator.py
[2022-12-07T22:28:14.878+0000] {logging_mixin.py:137} INFO - [2022-12-07T22:28:14.878+0000] {taskmixin.py:205} WARNING - Dependency <Task(_PythonDecoratedOperator): prepare_email>, send_email already registered for DAG: example_dag_decorator
[2022-12-07T22:28:14.879+0000] {logging_mixin.py:137} INFO - [2022-12-07T22:28:14.879+0000] {taskmixin.py:205} WARNING - Dependency <Task(EmailOperator): send_email>, prepare_email already registered for DAG: example_dag_decorator
[2022-12-07T22:28:14.894+0000] {processor.py:766} INFO - DAG(s) dict_keys(['example_dag_decorator']) retrieved from /home/airflow/.local/lib/python3.7/site-packages/airflow/example_dags/example_dag_decorator.py
[2022-12-07T22:28:15.031+0000] {logging_mixin.py:137} INFO - [2022-12-07T22:28:15.031+0000] {dag.py:2585} INFO - Sync 1 DAGs
[2022-12-07T22:28:15.106+0000] {logging_mixin.py:137} INFO - [2022-12-07T22:28:15.096+0000] {dag.py:3340} INFO - Setting next_dagrun for example_dag_decorator to None, run_after=None
[2022-12-07T22:28:15.169+0000] {processor.py:176} INFO - Processing /home/airflow/.local/lib/python3.7/site-packages/airflow/example_dags/example_dag_decorator.py took 0.316 seconds
[2022-12-07T22:28:45.809+0000] {processor.py:154} INFO - Started process (PID=477) to work on /home/airflow/.local/lib/python3.7/site-packages/airflow/example_dags/example_dag_decorator.py
[2022-12-07T22:28:45.811+0000] {processor.py:756} INFO - Processing file /home/airflow/.local/lib/python3.7/site-packages/airflow/example_dags/example_dag_decorator.py for tasks to queue
[2022-12-07T22:28:45.812+0000] {logging_mixin.py:137} INFO - [2022-12-07T22:28:45.812+0000] {dagbag.py:537} INFO - Filling up the DagBag from /home/airflow/.local/lib/python3.7/site-packages/airflow/example_dags/example_dag_decorator.py
[2022-12-07T22:28:45.836+0000] {logging_mixin.py:137} INFO - [2022-12-07T22:28:45.836+0000] {taskmixin.py:205} WARNING - Dependency <Task(_PythonDecoratedOperator): prepare_email>, send_email already registered for DAG: example_dag_decorator
[2022-12-07T22:28:45.837+0000] {logging_mixin.py:137} INFO - [2022-12-07T22:28:45.837+0000] {taskmixin.py:205} WARNING - Dependency <Task(EmailOperator): send_email>, prepare_email already registered for DAG: example_dag_decorator
[2022-12-07T22:28:45.857+0000] {processor.py:766} INFO - DAG(s) dict_keys(['example_dag_decorator']) retrieved from /home/airflow/.local/lib/python3.7/site-packages/airflow/example_dags/example_dag_decorator.py
[2022-12-07T22:28:46.036+0000] {logging_mixin.py:137} INFO - [2022-12-07T22:28:46.036+0000] {dag.py:2585} INFO - Sync 1 DAGs
[2022-12-07T22:28:46.124+0000] {logging_mixin.py:137} INFO - [2022-12-07T22:28:46.124+0000] {dag.py:3340} INFO - Setting next_dagrun for example_dag_decorator to None, run_after=None
[2022-12-07T22:28:46.194+0000] {processor.py:176} INFO - Processing /home/airflow/.local/lib/python3.7/site-packages/airflow/example_dags/example_dag_decorator.py took 0.389 seconds
[2022-12-07T22:29:16.472+0000] {processor.py:154} INFO - Started process (PID=534) to work on /home/airflow/.local/lib/python3.7/site-packages/airflow/example_dags/example_dag_decorator.py
[2022-12-07T22:29:16.474+0000] {processor.py:756} INFO - Processing file /home/airflow/.local/lib/python3.7/site-packages/airflow/example_dags/example_dag_decorator.py for tasks to queue
[2022-12-07T22:29:16.475+0000] {logging_mixin.py:137} INFO - [2022-12-07T22:29:16.475+0000] {dagbag.py:537} INFO - Filling up the DagBag from /home/airflow/.local/lib/python3.7/site-packages/airflow/example_dags/example_dag_decorator.py
[2022-12-07T22:29:16.492+0000] {logging_mixin.py:137} INFO - [2022-12-07T22:29:16.492+0000] {taskmixin.py:205} WARNING - Dependency <Task(_PythonDecoratedOperator): prepare_email>, send_email already registered for DAG: example_dag_decorator
[2022-12-07T22:29:16.493+0000] {logging_mixin.py:137} INFO - [2022-12-07T22:29:16.493+0000] {taskmixin.py:205} WARNING - Dependency <Task(EmailOperator): send_email>, prepare_email already registered for DAG: example_dag_decorator
[2022-12-07T22:29:16.507+0000] {processor.py:766} INFO - DAG(s) dict_keys(['example_dag_decorator']) retrieved from /home/airflow/.local/lib/python3.7/site-packages/airflow/example_dags/example_dag_decorator.py
[2022-12-07T22:29:16.619+0000] {logging_mixin.py:137} INFO - [2022-12-07T22:29:16.619+0000] {dag.py:2585} INFO - Sync 1 DAGs
[2022-12-07T22:29:16.678+0000] {logging_mixin.py:137} INFO - [2022-12-07T22:29:16.678+0000] {dag.py:3340} INFO - Setting next_dagrun for example_dag_decorator to None, run_after=None
[2022-12-07T22:29:16.725+0000] {processor.py:176} INFO - Processing /home/airflow/.local/lib/python3.7/site-packages/airflow/example_dags/example_dag_decorator.py took 0.256 seconds
[2022-12-07T22:29:47.387+0000] {processor.py:154} INFO - Started process (PID=598) to work on /home/airflow/.local/lib/python3.7/site-packages/airflow/example_dags/example_dag_decorator.py
[2022-12-07T22:29:47.388+0000] {processor.py:756} INFO - Processing file /home/airflow/.local/lib/python3.7/site-packages/airflow/example_dags/example_dag_decorator.py for tasks to queue
[2022-12-07T22:29:47.390+0000] {logging_mixin.py:137} INFO - [2022-12-07T22:29:47.389+0000] {dagbag.py:537} INFO - Filling up the DagBag from /home/airflow/.local/lib/python3.7/site-packages/airflow/example_dags/example_dag_decorator.py
[2022-12-07T22:29:47.418+0000] {logging_mixin.py:137} INFO - [2022-12-07T22:29:47.418+0000] {taskmixin.py:205} WARNING - Dependency <Task(_PythonDecoratedOperator): prepare_email>, send_email already registered for DAG: example_dag_decorator
[2022-12-07T22:29:47.419+0000] {logging_mixin.py:137} INFO - [2022-12-07T22:29:47.419+0000] {taskmixin.py:205} WARNING - Dependency <Task(EmailOperator): send_email>, prepare_email already registered for DAG: example_dag_decorator
[2022-12-07T22:29:47.444+0000] {processor.py:766} INFO - DAG(s) dict_keys(['example_dag_decorator']) retrieved from /home/airflow/.local/lib/python3.7/site-packages/airflow/example_dags/example_dag_decorator.py
[2022-12-07T22:29:47.635+0000] {logging_mixin.py:137} INFO - [2022-12-07T22:29:47.635+0000] {dag.py:2585} INFO - Sync 1 DAGs
[2022-12-07T22:29:47.682+0000] {logging_mixin.py:137} INFO - [2022-12-07T22:29:47.682+0000] {dag.py:3340} INFO - Setting next_dagrun for example_dag_decorator to None, run_after=None
[2022-12-07T22:29:47.723+0000] {processor.py:176} INFO - Processing /home/airflow/.local/lib/python3.7/site-packages/airflow/example_dags/example_dag_decorator.py took 0.341 seconds
[2022-12-07T22:30:17.916+0000] {processor.py:154} INFO - Started process (PID=653) to work on /home/airflow/.local/lib/python3.7/site-packages/airflow/example_dags/example_dag_decorator.py
[2022-12-07T22:30:17.918+0000] {processor.py:756} INFO - Processing file /home/airflow/.local/lib/python3.7/site-packages/airflow/example_dags/example_dag_decorator.py for tasks to queue
[2022-12-07T22:30:17.919+0000] {logging_mixin.py:137} INFO - [2022-12-07T22:30:17.919+0000] {dagbag.py:537} INFO - Filling up the DagBag from /home/airflow/.local/lib/python3.7/site-packages/airflow/example_dags/example_dag_decorator.py
[2022-12-07T22:30:17.939+0000] {logging_mixin.py:137} INFO - [2022-12-07T22:30:17.939+0000] {taskmixin.py:205} WARNING - Dependency <Task(_PythonDecoratedOperator): prepare_email>, send_email already registered for DAG: example_dag_decorator
[2022-12-07T22:30:17.941+0000] {logging_mixin.py:137} INFO - [2022-12-07T22:30:17.941+0000] {taskmixin.py:205} WARNING - Dependency <Task(EmailOperator): send_email>, prepare_email already registered for DAG: example_dag_decorator
[2022-12-07T22:30:17.962+0000] {processor.py:766} INFO - DAG(s) dict_keys(['example_dag_decorator']) retrieved from /home/airflow/.local/lib/python3.7/site-packages/airflow/example_dags/example_dag_decorator.py
[2022-12-07T22:30:18.076+0000] {logging_mixin.py:137} INFO - [2022-12-07T22:30:18.076+0000] {dag.py:2585} INFO - Sync 1 DAGs
[2022-12-07T22:30:18.105+0000] {logging_mixin.py:137} INFO - [2022-12-07T22:30:18.105+0000] {dag.py:3340} INFO - Setting next_dagrun for example_dag_decorator to None, run_after=None
[2022-12-07T22:30:18.132+0000] {processor.py:176} INFO - Processing /home/airflow/.local/lib/python3.7/site-packages/airflow/example_dags/example_dag_decorator.py took 0.221 seconds
[2022-12-07T22:30:48.241+0000] {processor.py:154} INFO - Started process (PID=718) to work on /home/airflow/.local/lib/python3.7/site-packages/airflow/example_dags/example_dag_decorator.py
[2022-12-07T22:30:48.243+0000] {processor.py:756} INFO - Processing file /home/airflow/.local/lib/python3.7/site-packages/airflow/example_dags/example_dag_decorator.py for tasks to queue
[2022-12-07T22:30:48.245+0000] {logging_mixin.py:137} INFO - [2022-12-07T22:30:48.245+0000] {dagbag.py:537} INFO - Filling up the DagBag from /home/airflow/.local/lib/python3.7/site-packages/airflow/example_dags/example_dag_decorator.py
[2022-12-07T22:30:48.291+0000] {logging_mixin.py:137} INFO - [2022-12-07T22:30:48.290+0000] {taskmixin.py:205} WARNING - Dependency <Task(_PythonDecoratedOperator): prepare_email>, send_email already registered for DAG: example_dag_decorator
[2022-12-07T22:30:48.292+0000] {logging_mixin.py:137} INFO - [2022-12-07T22:30:48.291+0000] {taskmixin.py:205} WARNING - Dependency <Task(EmailOperator): send_email>, prepare_email already registered for DAG: example_dag_decorator
[2022-12-07T22:30:48.338+0000] {processor.py:766} INFO - DAG(s) dict_keys(['example_dag_decorator']) retrieved from /home/airflow/.local/lib/python3.7/site-packages/airflow/example_dags/example_dag_decorator.py
[2022-12-07T22:30:48.532+0000] {logging_mixin.py:137} INFO - [2022-12-07T22:30:48.531+0000] {dag.py:2585} INFO - Sync 1 DAGs
[2022-12-07T22:30:48.577+0000] {logging_mixin.py:137} INFO - [2022-12-07T22:30:48.577+0000] {dag.py:3340} INFO - Setting next_dagrun for example_dag_decorator to None, run_after=None
[2022-12-07T22:30:48.612+0000] {processor.py:176} INFO - Processing /home/airflow/.local/lib/python3.7/site-packages/airflow/example_dags/example_dag_decorator.py took 0.377 seconds
[2022-12-07T22:31:19.606+0000] {processor.py:154} INFO - Started process (PID=773) to work on /home/airflow/.local/lib/python3.7/site-packages/airflow/example_dags/example_dag_decorator.py
[2022-12-07T22:31:19.608+0000] {processor.py:756} INFO - Processing file /home/airflow/.local/lib/python3.7/site-packages/airflow/example_dags/example_dag_decorator.py for tasks to queue
[2022-12-07T22:31:19.609+0000] {logging_mixin.py:137} INFO - [2022-12-07T22:31:19.609+0000] {dagbag.py:537} INFO - Filling up the DagBag from /home/airflow/.local/lib/python3.7/site-packages/airflow/example_dags/example_dag_decorator.py
[2022-12-07T22:31:19.636+0000] {logging_mixin.py:137} INFO - [2022-12-07T22:31:19.636+0000] {taskmixin.py:205} WARNING - Dependency <Task(_PythonDecoratedOperator): prepare_email>, send_email already registered for DAG: example_dag_decorator
[2022-12-07T22:31:19.637+0000] {logging_mixin.py:137} INFO - [2022-12-07T22:31:19.637+0000] {taskmixin.py:205} WARNING - Dependency <Task(EmailOperator): send_email>, prepare_email already registered for DAG: example_dag_decorator
[2022-12-07T22:31:19.666+0000] {processor.py:766} INFO - DAG(s) dict_keys(['example_dag_decorator']) retrieved from /home/airflow/.local/lib/python3.7/site-packages/airflow/example_dags/example_dag_decorator.py
[2022-12-07T22:31:19.782+0000] {logging_mixin.py:137} INFO - [2022-12-07T22:31:19.782+0000] {dag.py:2585} INFO - Sync 1 DAGs
[2022-12-07T22:31:19.812+0000] {logging_mixin.py:137} INFO - [2022-12-07T22:31:19.812+0000] {dag.py:3340} INFO - Setting next_dagrun for example_dag_decorator to None, run_after=None
[2022-12-07T22:31:19.841+0000] {processor.py:176} INFO - Processing /home/airflow/.local/lib/python3.7/site-packages/airflow/example_dags/example_dag_decorator.py took 0.239 seconds
[2022-12-07T22:31:49.896+0000] {processor.py:154} INFO - Started process (PID=838) to work on /home/airflow/.local/lib/python3.7/site-packages/airflow/example_dags/example_dag_decorator.py
[2022-12-07T22:31:49.897+0000] {processor.py:756} INFO - Processing file /home/airflow/.local/lib/python3.7/site-packages/airflow/example_dags/example_dag_decorator.py for tasks to queue
[2022-12-07T22:31:49.899+0000] {logging_mixin.py:137} INFO - [2022-12-07T22:31:49.898+0000] {dagbag.py:537} INFO - Filling up the DagBag from /home/airflow/.local/lib/python3.7/site-packages/airflow/example_dags/example_dag_decorator.py
[2022-12-07T22:31:49.916+0000] {logging_mixin.py:137} INFO - [2022-12-07T22:31:49.916+0000] {taskmixin.py:205} WARNING - Dependency <Task(_PythonDecoratedOperator): prepare_email>, send_email already registered for DAG: example_dag_decorator
[2022-12-07T22:31:49.917+0000] {logging_mixin.py:137} INFO - [2022-12-07T22:31:49.917+0000] {taskmixin.py:205} WARNING - Dependency <Task(EmailOperator): send_email>, prepare_email already registered for DAG: example_dag_decorator
[2022-12-07T22:31:49.932+0000] {processor.py:766} INFO - DAG(s) dict_keys(['example_dag_decorator']) retrieved from /home/airflow/.local/lib/python3.7/site-packages/airflow/example_dags/example_dag_decorator.py
[2022-12-07T22:31:50.049+0000] {logging_mixin.py:137} INFO - [2022-12-07T22:31:50.049+0000] {dag.py:2585} INFO - Sync 1 DAGs
[2022-12-07T22:31:50.076+0000] {logging_mixin.py:137} INFO - [2022-12-07T22:31:50.076+0000] {dag.py:3340} INFO - Setting next_dagrun for example_dag_decorator to None, run_after=None
[2022-12-07T22:31:50.107+0000] {processor.py:176} INFO - Processing /home/airflow/.local/lib/python3.7/site-packages/airflow/example_dags/example_dag_decorator.py took 0.215 seconds
[2022-12-07T22:32:20.800+0000] {processor.py:154} INFO - Started process (PID=900) to work on /home/airflow/.local/lib/python3.7/site-packages/airflow/example_dags/example_dag_decorator.py
[2022-12-07T22:32:20.801+0000] {processor.py:756} INFO - Processing file /home/airflow/.local/lib/python3.7/site-packages/airflow/example_dags/example_dag_decorator.py for tasks to queue
[2022-12-07T22:32:20.802+0000] {logging_mixin.py:137} INFO - [2022-12-07T22:32:20.802+0000] {dagbag.py:537} INFO - Filling up the DagBag from /home/airflow/.local/lib/python3.7/site-packages/airflow/example_dags/example_dag_decorator.py
[2022-12-07T22:32:20.823+0000] {logging_mixin.py:137} INFO - [2022-12-07T22:32:20.823+0000] {taskmixin.py:205} WARNING - Dependency <Task(_PythonDecoratedOperator): prepare_email>, send_email already registered for DAG: example_dag_decorator
[2022-12-07T22:32:20.824+0000] {logging_mixin.py:137} INFO - [2022-12-07T22:32:20.824+0000] {taskmixin.py:205} WARNING - Dependency <Task(EmailOperator): send_email>, prepare_email already registered for DAG: example_dag_decorator
[2022-12-07T22:32:20.841+0000] {processor.py:766} INFO - DAG(s) dict_keys(['example_dag_decorator']) retrieved from /home/airflow/.local/lib/python3.7/site-packages/airflow/example_dags/example_dag_decorator.py
[2022-12-07T22:32:20.975+0000] {logging_mixin.py:137} INFO - [2022-12-07T22:32:20.975+0000] {dag.py:2585} INFO - Sync 1 DAGs
[2022-12-07T22:32:21.025+0000] {logging_mixin.py:137} INFO - [2022-12-07T22:32:21.025+0000] {dag.py:3340} INFO - Setting next_dagrun for example_dag_decorator to None, run_after=None
[2022-12-07T22:32:21.067+0000] {processor.py:176} INFO - Processing /home/airflow/.local/lib/python3.7/site-packages/airflow/example_dags/example_dag_decorator.py took 0.274 seconds
[2022-12-07T23:36:41.924+0000] {processor.py:154} INFO - Started process (PID=54) to work on /home/airflow/.local/lib/python3.7/site-packages/airflow/example_dags/example_dag_decorator.py
[2022-12-07T23:36:41.926+0000] {processor.py:756} INFO - Processing file /home/airflow/.local/lib/python3.7/site-packages/airflow/example_dags/example_dag_decorator.py for tasks to queue
[2022-12-07T23:36:41.929+0000] {logging_mixin.py:137} INFO - [2022-12-07T23:36:41.928+0000] {dagbag.py:537} INFO - Filling up the DagBag from /home/airflow/.local/lib/python3.7/site-packages/airflow/example_dags/example_dag_decorator.py
[2022-12-07T23:36:41.972+0000] {logging_mixin.py:137} INFO - [2022-12-07T23:36:41.971+0000] {taskmixin.py:205} WARNING - Dependency <Task(_PythonDecoratedOperator): prepare_email>, send_email already registered for DAG: example_dag_decorator
[2022-12-07T23:36:41.972+0000] {logging_mixin.py:137} INFO - [2022-12-07T23:36:41.972+0000] {taskmixin.py:205} WARNING - Dependency <Task(EmailOperator): send_email>, prepare_email already registered for DAG: example_dag_decorator
[2022-12-07T23:36:42.013+0000] {processor.py:766} INFO - DAG(s) dict_keys(['example_dag_decorator']) retrieved from /home/airflow/.local/lib/python3.7/site-packages/airflow/example_dags/example_dag_decorator.py
[2022-12-07T23:36:42.381+0000] {logging_mixin.py:137} INFO - [2022-12-07T23:36:42.381+0000] {manager.py:507} INFO - Created Permission View: can read on DAG:example_dag_decorator
[2022-12-07T23:36:42.410+0000] {logging_mixin.py:137} INFO - [2022-12-07T23:36:42.410+0000] {manager.py:507} INFO - Created Permission View: can delete on DAG:example_dag_decorator
[2022-12-07T23:36:42.438+0000] {logging_mixin.py:137} INFO - [2022-12-07T23:36:42.438+0000] {manager.py:507} INFO - Created Permission View: can edit on DAG:example_dag_decorator
[2022-12-07T23:36:42.439+0000] {logging_mixin.py:137} INFO - [2022-12-07T23:36:42.439+0000] {dag.py:2585} INFO - Sync 1 DAGs
[2022-12-07T23:36:42.480+0000] {logging_mixin.py:137} INFO - [2022-12-07T23:36:42.479+0000] {dag.py:2606} INFO - Creating ORM DAG for example_dag_decorator
[2022-12-07T23:36:42.508+0000] {logging_mixin.py:137} INFO - [2022-12-07T23:36:42.508+0000] {dag.py:3340} INFO - Setting next_dagrun for example_dag_decorator to None, run_after=None
[2022-12-07T23:36:42.547+0000] {processor.py:176} INFO - Processing /home/airflow/.local/lib/python3.7/site-packages/airflow/example_dags/example_dag_decorator.py took 0.632 seconds
[2022-12-07T23:37:12.607+0000] {processor.py:154} INFO - Started process (PID=118) to work on /home/airflow/.local/lib/python3.7/site-packages/airflow/example_dags/example_dag_decorator.py
[2022-12-07T23:37:12.608+0000] {processor.py:756} INFO - Processing file /home/airflow/.local/lib/python3.7/site-packages/airflow/example_dags/example_dag_decorator.py for tasks to queue
[2022-12-07T23:37:12.609+0000] {logging_mixin.py:137} INFO - [2022-12-07T23:37:12.609+0000] {dagbag.py:537} INFO - Filling up the DagBag from /home/airflow/.local/lib/python3.7/site-packages/airflow/example_dags/example_dag_decorator.py
[2022-12-07T23:37:12.630+0000] {logging_mixin.py:137} INFO - [2022-12-07T23:37:12.630+0000] {taskmixin.py:205} WARNING - Dependency <Task(_PythonDecoratedOperator): prepare_email>, send_email already registered for DAG: example_dag_decorator
[2022-12-07T23:37:12.631+0000] {logging_mixin.py:137} INFO - [2022-12-07T23:37:12.631+0000] {taskmixin.py:205} WARNING - Dependency <Task(EmailOperator): send_email>, prepare_email already registered for DAG: example_dag_decorator
[2022-12-07T23:37:12.650+0000] {processor.py:766} INFO - DAG(s) dict_keys(['example_dag_decorator']) retrieved from /home/airflow/.local/lib/python3.7/site-packages/airflow/example_dags/example_dag_decorator.py
[2022-12-07T23:37:12.757+0000] {logging_mixin.py:137} INFO - [2022-12-07T23:37:12.756+0000] {dag.py:2585} INFO - Sync 1 DAGs
[2022-12-07T23:37:12.787+0000] {logging_mixin.py:137} INFO - [2022-12-07T23:37:12.786+0000] {dag.py:3340} INFO - Setting next_dagrun for example_dag_decorator to None, run_after=None
[2022-12-07T23:37:12.813+0000] {processor.py:176} INFO - Processing /home/airflow/.local/lib/python3.7/site-packages/airflow/example_dags/example_dag_decorator.py took 0.210 seconds
[2022-12-07T23:37:43.460+0000] {processor.py:154} INFO - Started process (PID=174) to work on /home/airflow/.local/lib/python3.7/site-packages/airflow/example_dags/example_dag_decorator.py
[2022-12-07T23:37:43.462+0000] {processor.py:756} INFO - Processing file /home/airflow/.local/lib/python3.7/site-packages/airflow/example_dags/example_dag_decorator.py for tasks to queue
[2022-12-07T23:37:43.464+0000] {logging_mixin.py:137} INFO - [2022-12-07T23:37:43.463+0000] {dagbag.py:537} INFO - Filling up the DagBag from /home/airflow/.local/lib/python3.7/site-packages/airflow/example_dags/example_dag_decorator.py
[2022-12-07T23:37:43.501+0000] {logging_mixin.py:137} INFO - [2022-12-07T23:37:43.501+0000] {taskmixin.py:205} WARNING - Dependency <Task(_PythonDecoratedOperator): prepare_email>, send_email already registered for DAG: example_dag_decorator
[2022-12-07T23:37:43.502+0000] {logging_mixin.py:137} INFO - [2022-12-07T23:37:43.502+0000] {taskmixin.py:205} WARNING - Dependency <Task(EmailOperator): send_email>, prepare_email already registered for DAG: example_dag_decorator
[2022-12-07T23:37:43.527+0000] {processor.py:766} INFO - DAG(s) dict_keys(['example_dag_decorator']) retrieved from /home/airflow/.local/lib/python3.7/site-packages/airflow/example_dags/example_dag_decorator.py
[2022-12-07T23:37:43.736+0000] {logging_mixin.py:137} INFO - [2022-12-07T23:37:43.735+0000] {dag.py:2585} INFO - Sync 1 DAGs
[2022-12-07T23:37:43.783+0000] {logging_mixin.py:137} INFO - [2022-12-07T23:37:43.783+0000] {dag.py:3340} INFO - Setting next_dagrun for example_dag_decorator to None, run_after=None
[2022-12-07T23:37:43.829+0000] {processor.py:176} INFO - Processing /home/airflow/.local/lib/python3.7/site-packages/airflow/example_dags/example_dag_decorator.py took 0.377 seconds
[2022-12-07T23:38:14.089+0000] {processor.py:154} INFO - Started process (PID=239) to work on /home/airflow/.local/lib/python3.7/site-packages/airflow/example_dags/example_dag_decorator.py
[2022-12-07T23:38:14.090+0000] {processor.py:756} INFO - Processing file /home/airflow/.local/lib/python3.7/site-packages/airflow/example_dags/example_dag_decorator.py for tasks to queue
[2022-12-07T23:38:14.091+0000] {logging_mixin.py:137} INFO - [2022-12-07T23:38:14.091+0000] {dagbag.py:537} INFO - Filling up the DagBag from /home/airflow/.local/lib/python3.7/site-packages/airflow/example_dags/example_dag_decorator.py
[2022-12-07T23:38:14.115+0000] {logging_mixin.py:137} INFO - [2022-12-07T23:38:14.114+0000] {taskmixin.py:205} WARNING - Dependency <Task(_PythonDecoratedOperator): prepare_email>, send_email already registered for DAG: example_dag_decorator
[2022-12-07T23:38:14.115+0000] {logging_mixin.py:137} INFO - [2022-12-07T23:38:14.115+0000] {taskmixin.py:205} WARNING - Dependency <Task(EmailOperator): send_email>, prepare_email already registered for DAG: example_dag_decorator
[2022-12-07T23:38:14.135+0000] {processor.py:766} INFO - DAG(s) dict_keys(['example_dag_decorator']) retrieved from /home/airflow/.local/lib/python3.7/site-packages/airflow/example_dags/example_dag_decorator.py
[2022-12-07T23:38:14.276+0000] {logging_mixin.py:137} INFO - [2022-12-07T23:38:14.276+0000] {dag.py:2585} INFO - Sync 1 DAGs
[2022-12-07T23:38:14.311+0000] {logging_mixin.py:137} INFO - [2022-12-07T23:38:14.310+0000] {dag.py:3340} INFO - Setting next_dagrun for example_dag_decorator to None, run_after=None
[2022-12-07T23:38:14.339+0000] {processor.py:176} INFO - Processing /home/airflow/.local/lib/python3.7/site-packages/airflow/example_dags/example_dag_decorator.py took 0.255 seconds
[2022-12-07T23:38:44.411+0000] {processor.py:154} INFO - Started process (PID=294) to work on /home/airflow/.local/lib/python3.7/site-packages/airflow/example_dags/example_dag_decorator.py
[2022-12-07T23:38:44.412+0000] {processor.py:756} INFO - Processing file /home/airflow/.local/lib/python3.7/site-packages/airflow/example_dags/example_dag_decorator.py for tasks to queue
[2022-12-07T23:38:44.413+0000] {logging_mixin.py:137} INFO - [2022-12-07T23:38:44.413+0000] {dagbag.py:537} INFO - Filling up the DagBag from /home/airflow/.local/lib/python3.7/site-packages/airflow/example_dags/example_dag_decorator.py
[2022-12-07T23:38:44.432+0000] {logging_mixin.py:137} INFO - [2022-12-07T23:38:44.432+0000] {taskmixin.py:205} WARNING - Dependency <Task(_PythonDecoratedOperator): prepare_email>, send_email already registered for DAG: example_dag_decorator
[2022-12-07T23:38:44.433+0000] {logging_mixin.py:137} INFO - [2022-12-07T23:38:44.433+0000] {taskmixin.py:205} WARNING - Dependency <Task(EmailOperator): send_email>, prepare_email already registered for DAG: example_dag_decorator
[2022-12-07T23:38:44.448+0000] {processor.py:766} INFO - DAG(s) dict_keys(['example_dag_decorator']) retrieved from /home/airflow/.local/lib/python3.7/site-packages/airflow/example_dags/example_dag_decorator.py
[2022-12-07T23:38:44.557+0000] {logging_mixin.py:137} INFO - [2022-12-07T23:38:44.557+0000] {dag.py:2585} INFO - Sync 1 DAGs
[2022-12-07T23:38:44.587+0000] {logging_mixin.py:137} INFO - [2022-12-07T23:38:44.587+0000] {dag.py:3340} INFO - Setting next_dagrun for example_dag_decorator to None, run_after=None
[2022-12-07T23:38:44.613+0000] {processor.py:176} INFO - Processing /home/airflow/.local/lib/python3.7/site-packages/airflow/example_dags/example_dag_decorator.py took 0.205 seconds
[2022-12-07T23:39:14.877+0000] {processor.py:154} INFO - Started process (PID=358) to work on /home/airflow/.local/lib/python3.7/site-packages/airflow/example_dags/example_dag_decorator.py
[2022-12-07T23:39:14.878+0000] {processor.py:756} INFO - Processing file /home/airflow/.local/lib/python3.7/site-packages/airflow/example_dags/example_dag_decorator.py for tasks to queue
[2022-12-07T23:39:14.882+0000] {logging_mixin.py:137} INFO - [2022-12-07T23:39:14.882+0000] {dagbag.py:537} INFO - Filling up the DagBag from /home/airflow/.local/lib/python3.7/site-packages/airflow/example_dags/example_dag_decorator.py
[2022-12-07T23:39:14.920+0000] {logging_mixin.py:137} INFO - [2022-12-07T23:39:14.920+0000] {taskmixin.py:205} WARNING - Dependency <Task(_PythonDecoratedOperator): prepare_email>, send_email already registered for DAG: example_dag_decorator
[2022-12-07T23:39:14.922+0000] {logging_mixin.py:137} INFO - [2022-12-07T23:39:14.921+0000] {taskmixin.py:205} WARNING - Dependency <Task(EmailOperator): send_email>, prepare_email already registered for DAG: example_dag_decorator
[2022-12-07T23:39:14.970+0000] {processor.py:766} INFO - DAG(s) dict_keys(['example_dag_decorator']) retrieved from /home/airflow/.local/lib/python3.7/site-packages/airflow/example_dags/example_dag_decorator.py
[2022-12-07T23:39:15.224+0000] {logging_mixin.py:137} INFO - [2022-12-07T23:39:15.224+0000] {dag.py:2585} INFO - Sync 1 DAGs
[2022-12-07T23:39:15.258+0000] {logging_mixin.py:137} INFO - [2022-12-07T23:39:15.258+0000] {dag.py:3340} INFO - Setting next_dagrun for example_dag_decorator to None, run_after=None
[2022-12-07T23:39:15.287+0000] {processor.py:176} INFO - Processing /home/airflow/.local/lib/python3.7/site-packages/airflow/example_dags/example_dag_decorator.py took 0.419 seconds
[2022-12-07T23:39:45.403+0000] {processor.py:154} INFO - Started process (PID=414) to work on /home/airflow/.local/lib/python3.7/site-packages/airflow/example_dags/example_dag_decorator.py
[2022-12-07T23:39:45.404+0000] {processor.py:756} INFO - Processing file /home/airflow/.local/lib/python3.7/site-packages/airflow/example_dags/example_dag_decorator.py for tasks to queue
[2022-12-07T23:39:45.405+0000] {logging_mixin.py:137} INFO - [2022-12-07T23:39:45.405+0000] {dagbag.py:537} INFO - Filling up the DagBag from /home/airflow/.local/lib/python3.7/site-packages/airflow/example_dags/example_dag_decorator.py
[2022-12-07T23:39:45.424+0000] {logging_mixin.py:137} INFO - [2022-12-07T23:39:45.423+0000] {taskmixin.py:205} WARNING - Dependency <Task(_PythonDecoratedOperator): prepare_email>, send_email already registered for DAG: example_dag_decorator
[2022-12-07T23:39:45.424+0000] {logging_mixin.py:137} INFO - [2022-12-07T23:39:45.424+0000] {taskmixin.py:205} WARNING - Dependency <Task(EmailOperator): send_email>, prepare_email already registered for DAG: example_dag_decorator
[2022-12-07T23:39:45.439+0000] {processor.py:766} INFO - DAG(s) dict_keys(['example_dag_decorator']) retrieved from /home/airflow/.local/lib/python3.7/site-packages/airflow/example_dags/example_dag_decorator.py
[2022-12-07T23:39:45.546+0000] {logging_mixin.py:137} INFO - [2022-12-07T23:39:45.546+0000] {dag.py:2585} INFO - Sync 1 DAGs
[2022-12-07T23:39:45.575+0000] {logging_mixin.py:137} INFO - [2022-12-07T23:39:45.575+0000] {dag.py:3340} INFO - Setting next_dagrun for example_dag_decorator to None, run_after=None
[2022-12-07T23:39:45.601+0000] {processor.py:176} INFO - Processing /home/airflow/.local/lib/python3.7/site-packages/airflow/example_dags/example_dag_decorator.py took 0.202 seconds
[2022-12-07T23:40:15.845+0000] {processor.py:154} INFO - Started process (PID=478) to work on /home/airflow/.local/lib/python3.7/site-packages/airflow/example_dags/example_dag_decorator.py
[2022-12-07T23:40:15.847+0000] {processor.py:756} INFO - Processing file /home/airflow/.local/lib/python3.7/site-packages/airflow/example_dags/example_dag_decorator.py for tasks to queue
[2022-12-07T23:40:15.848+0000] {logging_mixin.py:137} INFO - [2022-12-07T23:40:15.848+0000] {dagbag.py:537} INFO - Filling up the DagBag from /home/airflow/.local/lib/python3.7/site-packages/airflow/example_dags/example_dag_decorator.py
[2022-12-07T23:40:15.876+0000] {logging_mixin.py:137} INFO - [2022-12-07T23:40:15.876+0000] {taskmixin.py:205} WARNING - Dependency <Task(_PythonDecoratedOperator): prepare_email>, send_email already registered for DAG: example_dag_decorator
[2022-12-07T23:40:15.877+0000] {logging_mixin.py:137} INFO - [2022-12-07T23:40:15.877+0000] {taskmixin.py:205} WARNING - Dependency <Task(EmailOperator): send_email>, prepare_email already registered for DAG: example_dag_decorator
[2022-12-07T23:40:15.901+0000] {processor.py:766} INFO - DAG(s) dict_keys(['example_dag_decorator']) retrieved from /home/airflow/.local/lib/python3.7/site-packages/airflow/example_dags/example_dag_decorator.py
[2022-12-07T23:40:16.048+0000] {logging_mixin.py:137} INFO - [2022-12-07T23:40:16.048+0000] {dag.py:2585} INFO - Sync 1 DAGs
[2022-12-07T23:40:16.083+0000] {logging_mixin.py:137} INFO - [2022-12-07T23:40:16.083+0000] {dag.py:3340} INFO - Setting next_dagrun for example_dag_decorator to None, run_after=None
[2022-12-07T23:40:16.114+0000] {processor.py:176} INFO - Processing /home/airflow/.local/lib/python3.7/site-packages/airflow/example_dags/example_dag_decorator.py took 0.274 seconds
[2022-12-07T23:40:46.665+0000] {processor.py:154} INFO - Started process (PID=532) to work on /home/airflow/.local/lib/python3.7/site-packages/airflow/example_dags/example_dag_decorator.py
[2022-12-07T23:40:46.666+0000] {processor.py:756} INFO - Processing file /home/airflow/.local/lib/python3.7/site-packages/airflow/example_dags/example_dag_decorator.py for tasks to queue
[2022-12-07T23:40:46.667+0000] {logging_mixin.py:137} INFO - [2022-12-07T23:40:46.667+0000] {dagbag.py:537} INFO - Filling up the DagBag from /home/airflow/.local/lib/python3.7/site-packages/airflow/example_dags/example_dag_decorator.py
[2022-12-07T23:40:46.688+0000] {logging_mixin.py:137} INFO - [2022-12-07T23:40:46.687+0000] {taskmixin.py:205} WARNING - Dependency <Task(_PythonDecoratedOperator): prepare_email>, send_email already registered for DAG: example_dag_decorator
[2022-12-07T23:40:46.688+0000] {logging_mixin.py:137} INFO - [2022-12-07T23:40:46.688+0000] {taskmixin.py:205} WARNING - Dependency <Task(EmailOperator): send_email>, prepare_email already registered for DAG: example_dag_decorator
[2022-12-07T23:40:46.704+0000] {processor.py:766} INFO - DAG(s) dict_keys(['example_dag_decorator']) retrieved from /home/airflow/.local/lib/python3.7/site-packages/airflow/example_dags/example_dag_decorator.py
[2022-12-07T23:40:46.822+0000] {logging_mixin.py:137} INFO - [2022-12-07T23:40:46.822+0000] {dag.py:2585} INFO - Sync 1 DAGs
[2022-12-07T23:40:46.863+0000] {logging_mixin.py:137} INFO - [2022-12-07T23:40:46.863+0000] {dag.py:3340} INFO - Setting next_dagrun for example_dag_decorator to None, run_after=None
[2022-12-07T23:40:46.889+0000] {processor.py:176} INFO - Processing /home/airflow/.local/lib/python3.7/site-packages/airflow/example_dags/example_dag_decorator.py took 0.228 seconds
[2022-12-07T23:45:16.642+0000] {processor.py:154} INFO - Started process (PID=55) to work on /home/airflow/.local/lib/python3.7/site-packages/airflow/example_dags/example_dag_decorator.py
[2022-12-07T23:45:16.644+0000] {processor.py:756} INFO - Processing file /home/airflow/.local/lib/python3.7/site-packages/airflow/example_dags/example_dag_decorator.py for tasks to queue
[2022-12-07T23:45:16.646+0000] {logging_mixin.py:137} INFO - [2022-12-07T23:45:16.646+0000] {dagbag.py:537} INFO - Filling up the DagBag from /home/airflow/.local/lib/python3.7/site-packages/airflow/example_dags/example_dag_decorator.py
[2022-12-07T23:45:16.705+0000] {logging_mixin.py:137} INFO - [2022-12-07T23:45:16.705+0000] {taskmixin.py:205} WARNING - Dependency <Task(_PythonDecoratedOperator): prepare_email>, send_email already registered for DAG: example_dag_decorator
[2022-12-07T23:45:16.706+0000] {logging_mixin.py:137} INFO - [2022-12-07T23:45:16.706+0000] {taskmixin.py:205} WARNING - Dependency <Task(EmailOperator): send_email>, prepare_email already registered for DAG: example_dag_decorator
[2022-12-07T23:45:16.771+0000] {processor.py:766} INFO - DAG(s) dict_keys(['example_dag_decorator']) retrieved from /home/airflow/.local/lib/python3.7/site-packages/airflow/example_dags/example_dag_decorator.py
[2022-12-07T23:45:17.051+0000] {logging_mixin.py:137} INFO - [2022-12-07T23:45:17.050+0000] {dag.py:2585} INFO - Sync 1 DAGs
[2022-12-07T23:45:17.136+0000] {logging_mixin.py:137} INFO - [2022-12-07T23:45:17.136+0000] {dag.py:3340} INFO - Setting next_dagrun for example_dag_decorator to None, run_after=None
[2022-12-07T23:45:17.207+0000] {processor.py:176} INFO - Processing /home/airflow/.local/lib/python3.7/site-packages/airflow/example_dags/example_dag_decorator.py took 0.574 seconds
[2022-12-07T23:45:47.417+0000] {processor.py:154} INFO - Started process (PID=120) to work on /home/airflow/.local/lib/python3.7/site-packages/airflow/example_dags/example_dag_decorator.py
[2022-12-07T23:45:47.418+0000] {processor.py:756} INFO - Processing file /home/airflow/.local/lib/python3.7/site-packages/airflow/example_dags/example_dag_decorator.py for tasks to queue
[2022-12-07T23:45:47.419+0000] {logging_mixin.py:137} INFO - [2022-12-07T23:45:47.419+0000] {dagbag.py:537} INFO - Filling up the DagBag from /home/airflow/.local/lib/python3.7/site-packages/airflow/example_dags/example_dag_decorator.py
[2022-12-07T23:45:47.444+0000] {logging_mixin.py:137} INFO - [2022-12-07T23:45:47.444+0000] {taskmixin.py:205} WARNING - Dependency <Task(_PythonDecoratedOperator): prepare_email>, send_email already registered for DAG: example_dag_decorator
[2022-12-07T23:45:47.445+0000] {logging_mixin.py:137} INFO - [2022-12-07T23:45:47.445+0000] {taskmixin.py:205} WARNING - Dependency <Task(EmailOperator): send_email>, prepare_email already registered for DAG: example_dag_decorator
[2022-12-07T23:45:47.466+0000] {processor.py:766} INFO - DAG(s) dict_keys(['example_dag_decorator']) retrieved from /home/airflow/.local/lib/python3.7/site-packages/airflow/example_dags/example_dag_decorator.py
[2022-12-07T23:45:47.590+0000] {logging_mixin.py:137} INFO - [2022-12-07T23:45:47.590+0000] {dag.py:2585} INFO - Sync 1 DAGs
[2022-12-07T23:45:47.638+0000] {logging_mixin.py:137} INFO - [2022-12-07T23:45:47.638+0000] {dag.py:3340} INFO - Setting next_dagrun for example_dag_decorator to None, run_after=None
[2022-12-07T23:45:47.672+0000] {processor.py:176} INFO - Processing /home/airflow/.local/lib/python3.7/site-packages/airflow/example_dags/example_dag_decorator.py took 0.260 seconds
[2022-12-07T23:46:17.789+0000] {processor.py:154} INFO - Started process (PID=177) to work on /home/airflow/.local/lib/python3.7/site-packages/airflow/example_dags/example_dag_decorator.py
[2022-12-07T23:46:17.791+0000] {processor.py:756} INFO - Processing file /home/airflow/.local/lib/python3.7/site-packages/airflow/example_dags/example_dag_decorator.py for tasks to queue
[2022-12-07T23:46:17.792+0000] {logging_mixin.py:137} INFO - [2022-12-07T23:46:17.792+0000] {dagbag.py:537} INFO - Filling up the DagBag from /home/airflow/.local/lib/python3.7/site-packages/airflow/example_dags/example_dag_decorator.py
[2022-12-07T23:46:17.817+0000] {logging_mixin.py:137} INFO - [2022-12-07T23:46:17.817+0000] {taskmixin.py:205} WARNING - Dependency <Task(_PythonDecoratedOperator): prepare_email>, send_email already registered for DAG: example_dag_decorator
[2022-12-07T23:46:17.818+0000] {logging_mixin.py:137} INFO - [2022-12-07T23:46:17.818+0000] {taskmixin.py:205} WARNING - Dependency <Task(EmailOperator): send_email>, prepare_email already registered for DAG: example_dag_decorator
[2022-12-07T23:46:17.834+0000] {processor.py:766} INFO - DAG(s) dict_keys(['example_dag_decorator']) retrieved from /home/airflow/.local/lib/python3.7/site-packages/airflow/example_dags/example_dag_decorator.py
[2022-12-07T23:46:17.959+0000] {logging_mixin.py:137} INFO - [2022-12-07T23:46:17.959+0000] {dag.py:2585} INFO - Sync 1 DAGs
[2022-12-07T23:46:17.995+0000] {logging_mixin.py:137} INFO - [2022-12-07T23:46:17.995+0000] {dag.py:3340} INFO - Setting next_dagrun for example_dag_decorator to None, run_after=None
[2022-12-07T23:46:18.027+0000] {processor.py:176} INFO - Processing /home/airflow/.local/lib/python3.7/site-packages/airflow/example_dags/example_dag_decorator.py took 0.242 seconds
[2022-12-07T23:46:48.994+0000] {processor.py:154} INFO - Started process (PID=241) to work on /home/airflow/.local/lib/python3.7/site-packages/airflow/example_dags/example_dag_decorator.py
[2022-12-07T23:46:48.995+0000] {processor.py:756} INFO - Processing file /home/airflow/.local/lib/python3.7/site-packages/airflow/example_dags/example_dag_decorator.py for tasks to queue
[2022-12-07T23:46:48.996+0000] {logging_mixin.py:137} INFO - [2022-12-07T23:46:48.996+0000] {dagbag.py:537} INFO - Filling up the DagBag from /home/airflow/.local/lib/python3.7/site-packages/airflow/example_dags/example_dag_decorator.py
[2022-12-07T23:46:49.027+0000] {logging_mixin.py:137} INFO - [2022-12-07T23:46:49.026+0000] {taskmixin.py:205} WARNING - Dependency <Task(_PythonDecoratedOperator): prepare_email>, send_email already registered for DAG: example_dag_decorator
[2022-12-07T23:46:49.027+0000] {logging_mixin.py:137} INFO - [2022-12-07T23:46:49.027+0000] {taskmixin.py:205} WARNING - Dependency <Task(EmailOperator): send_email>, prepare_email already registered for DAG: example_dag_decorator
[2022-12-07T23:46:49.053+0000] {processor.py:766} INFO - DAG(s) dict_keys(['example_dag_decorator']) retrieved from /home/airflow/.local/lib/python3.7/site-packages/airflow/example_dags/example_dag_decorator.py
[2022-12-07T23:46:49.274+0000] {logging_mixin.py:137} INFO - [2022-12-07T23:46:49.274+0000] {dag.py:2585} INFO - Sync 1 DAGs
[2022-12-07T23:46:49.329+0000] {logging_mixin.py:137} INFO - [2022-12-07T23:46:49.328+0000] {dag.py:3340} INFO - Setting next_dagrun for example_dag_decorator to None, run_after=None
[2022-12-07T23:46:49.384+0000] {processor.py:176} INFO - Processing /home/airflow/.local/lib/python3.7/site-packages/airflow/example_dags/example_dag_decorator.py took 0.395 seconds
[2022-12-07T23:47:20.225+0000] {processor.py:154} INFO - Started process (PID=296) to work on /home/airflow/.local/lib/python3.7/site-packages/airflow/example_dags/example_dag_decorator.py
[2022-12-07T23:47:20.226+0000] {processor.py:756} INFO - Processing file /home/airflow/.local/lib/python3.7/site-packages/airflow/example_dags/example_dag_decorator.py for tasks to queue
[2022-12-07T23:47:20.228+0000] {logging_mixin.py:137} INFO - [2022-12-07T23:47:20.228+0000] {dagbag.py:537} INFO - Filling up the DagBag from /home/airflow/.local/lib/python3.7/site-packages/airflow/example_dags/example_dag_decorator.py
[2022-12-07T23:47:20.260+0000] {logging_mixin.py:137} INFO - [2022-12-07T23:47:20.260+0000] {taskmixin.py:205} WARNING - Dependency <Task(_PythonDecoratedOperator): prepare_email>, send_email already registered for DAG: example_dag_decorator
[2022-12-07T23:47:20.262+0000] {logging_mixin.py:137} INFO - [2022-12-07T23:47:20.262+0000] {taskmixin.py:205} WARNING - Dependency <Task(EmailOperator): send_email>, prepare_email already registered for DAG: example_dag_decorator
[2022-12-07T23:47:20.289+0000] {processor.py:766} INFO - DAG(s) dict_keys(['example_dag_decorator']) retrieved from /home/airflow/.local/lib/python3.7/site-packages/airflow/example_dags/example_dag_decorator.py
[2022-12-07T23:47:20.456+0000] {logging_mixin.py:137} INFO - [2022-12-07T23:47:20.455+0000] {dag.py:2585} INFO - Sync 1 DAGs
[2022-12-07T23:47:20.494+0000] {logging_mixin.py:137} INFO - [2022-12-07T23:47:20.494+0000] {dag.py:3340} INFO - Setting next_dagrun for example_dag_decorator to None, run_after=None
[2022-12-07T23:47:20.525+0000] {processor.py:176} INFO - Processing /home/airflow/.local/lib/python3.7/site-packages/airflow/example_dags/example_dag_decorator.py took 0.305 seconds
[2022-12-07T23:47:51.407+0000] {processor.py:154} INFO - Started process (PID=360) to work on /home/airflow/.local/lib/python3.7/site-packages/airflow/example_dags/example_dag_decorator.py
[2022-12-07T23:47:51.409+0000] {processor.py:756} INFO - Processing file /home/airflow/.local/lib/python3.7/site-packages/airflow/example_dags/example_dag_decorator.py for tasks to queue
[2022-12-07T23:47:51.410+0000] {logging_mixin.py:137} INFO - [2022-12-07T23:47:51.410+0000] {dagbag.py:537} INFO - Filling up the DagBag from /home/airflow/.local/lib/python3.7/site-packages/airflow/example_dags/example_dag_decorator.py
[2022-12-07T23:47:51.448+0000] {logging_mixin.py:137} INFO - [2022-12-07T23:47:51.448+0000] {taskmixin.py:205} WARNING - Dependency <Task(_PythonDecoratedOperator): prepare_email>, send_email already registered for DAG: example_dag_decorator
[2022-12-07T23:47:51.449+0000] {logging_mixin.py:137} INFO - [2022-12-07T23:47:51.449+0000] {taskmixin.py:205} WARNING - Dependency <Task(EmailOperator): send_email>, prepare_email already registered for DAG: example_dag_decorator
[2022-12-07T23:47:51.473+0000] {processor.py:766} INFO - DAG(s) dict_keys(['example_dag_decorator']) retrieved from /home/airflow/.local/lib/python3.7/site-packages/airflow/example_dags/example_dag_decorator.py
[2022-12-07T23:47:51.621+0000] {logging_mixin.py:137} INFO - [2022-12-07T23:47:51.621+0000] {dag.py:2585} INFO - Sync 1 DAGs
[2022-12-07T23:47:51.671+0000] {logging_mixin.py:137} INFO - [2022-12-07T23:47:51.671+0000] {dag.py:3340} INFO - Setting next_dagrun for example_dag_decorator to None, run_after=None
[2022-12-07T23:47:51.709+0000] {processor.py:176} INFO - Processing /home/airflow/.local/lib/python3.7/site-packages/airflow/example_dags/example_dag_decorator.py took 0.308 seconds
[2022-12-07T23:48:21.852+0000] {processor.py:154} INFO - Started process (PID=424) to work on /home/airflow/.local/lib/python3.7/site-packages/airflow/example_dags/example_dag_decorator.py
[2022-12-07T23:48:21.854+0000] {processor.py:756} INFO - Processing file /home/airflow/.local/lib/python3.7/site-packages/airflow/example_dags/example_dag_decorator.py for tasks to queue
[2022-12-07T23:48:21.855+0000] {logging_mixin.py:137} INFO - [2022-12-07T23:48:21.855+0000] {dagbag.py:537} INFO - Filling up the DagBag from /home/airflow/.local/lib/python3.7/site-packages/airflow/example_dags/example_dag_decorator.py
[2022-12-07T23:48:21.889+0000] {logging_mixin.py:137} INFO - [2022-12-07T23:48:21.888+0000] {taskmixin.py:205} WARNING - Dependency <Task(_PythonDecoratedOperator): prepare_email>, send_email already registered for DAG: example_dag_decorator
[2022-12-07T23:48:21.889+0000] {logging_mixin.py:137} INFO - [2022-12-07T23:48:21.889+0000] {taskmixin.py:205} WARNING - Dependency <Task(EmailOperator): send_email>, prepare_email already registered for DAG: example_dag_decorator
[2022-12-07T23:48:21.915+0000] {processor.py:766} INFO - DAG(s) dict_keys(['example_dag_decorator']) retrieved from /home/airflow/.local/lib/python3.7/site-packages/airflow/example_dags/example_dag_decorator.py
[2022-12-07T23:48:22.085+0000] {logging_mixin.py:137} INFO - [2022-12-07T23:48:22.084+0000] {dag.py:2585} INFO - Sync 1 DAGs
[2022-12-07T23:48:22.148+0000] {logging_mixin.py:137} INFO - [2022-12-07T23:48:22.148+0000] {dag.py:3340} INFO - Setting next_dagrun for example_dag_decorator to None, run_after=None
[2022-12-07T23:48:22.189+0000] {processor.py:176} INFO - Processing /home/airflow/.local/lib/python3.7/site-packages/airflow/example_dags/example_dag_decorator.py took 0.342 seconds
[2022-12-07T23:48:52.293+0000] {processor.py:154} INFO - Started process (PID=491) to work on /home/airflow/.local/lib/python3.7/site-packages/airflow/example_dags/example_dag_decorator.py
[2022-12-07T23:48:52.294+0000] {processor.py:756} INFO - Processing file /home/airflow/.local/lib/python3.7/site-packages/airflow/example_dags/example_dag_decorator.py for tasks to queue
[2022-12-07T23:48:52.295+0000] {logging_mixin.py:137} INFO - [2022-12-07T23:48:52.295+0000] {dagbag.py:537} INFO - Filling up the DagBag from /home/airflow/.local/lib/python3.7/site-packages/airflow/example_dags/example_dag_decorator.py
[2022-12-07T23:48:52.315+0000] {logging_mixin.py:137} INFO - [2022-12-07T23:48:52.315+0000] {taskmixin.py:205} WARNING - Dependency <Task(_PythonDecoratedOperator): prepare_email>, send_email already registered for DAG: example_dag_decorator
[2022-12-07T23:48:52.316+0000] {logging_mixin.py:137} INFO - [2022-12-07T23:48:52.315+0000] {taskmixin.py:205} WARNING - Dependency <Task(EmailOperator): send_email>, prepare_email already registered for DAG: example_dag_decorator
[2022-12-07T23:48:52.333+0000] {processor.py:766} INFO - DAG(s) dict_keys(['example_dag_decorator']) retrieved from /home/airflow/.local/lib/python3.7/site-packages/airflow/example_dags/example_dag_decorator.py
[2022-12-07T23:48:52.440+0000] {logging_mixin.py:137} INFO - [2022-12-07T23:48:52.440+0000] {dag.py:2585} INFO - Sync 1 DAGs
[2022-12-07T23:48:52.472+0000] {logging_mixin.py:137} INFO - [2022-12-07T23:48:52.472+0000] {dag.py:3340} INFO - Setting next_dagrun for example_dag_decorator to None, run_after=None
[2022-12-07T23:48:52.498+0000] {processor.py:176} INFO - Processing /home/airflow/.local/lib/python3.7/site-packages/airflow/example_dags/example_dag_decorator.py took 0.210 seconds
[2022-12-07T23:49:22.538+0000] {processor.py:154} INFO - Started process (PID=546) to work on /home/airflow/.local/lib/python3.7/site-packages/airflow/example_dags/example_dag_decorator.py
[2022-12-07T23:49:22.539+0000] {processor.py:756} INFO - Processing file /home/airflow/.local/lib/python3.7/site-packages/airflow/example_dags/example_dag_decorator.py for tasks to queue
[2022-12-07T23:49:22.541+0000] {logging_mixin.py:137} INFO - [2022-12-07T23:49:22.540+0000] {dagbag.py:537} INFO - Filling up the DagBag from /home/airflow/.local/lib/python3.7/site-packages/airflow/example_dags/example_dag_decorator.py
[2022-12-07T23:49:22.562+0000] {logging_mixin.py:137} INFO - [2022-12-07T23:49:22.562+0000] {taskmixin.py:205} WARNING - Dependency <Task(_PythonDecoratedOperator): prepare_email>, send_email already registered for DAG: example_dag_decorator
[2022-12-07T23:49:22.563+0000] {logging_mixin.py:137} INFO - [2022-12-07T23:49:22.563+0000] {taskmixin.py:205} WARNING - Dependency <Task(EmailOperator): send_email>, prepare_email already registered for DAG: example_dag_decorator
[2022-12-07T23:49:22.578+0000] {processor.py:766} INFO - DAG(s) dict_keys(['example_dag_decorator']) retrieved from /home/airflow/.local/lib/python3.7/site-packages/airflow/example_dags/example_dag_decorator.py
[2022-12-07T23:49:22.689+0000] {logging_mixin.py:137} INFO - [2022-12-07T23:49:22.688+0000] {dag.py:2585} INFO - Sync 1 DAGs
[2022-12-07T23:49:22.718+0000] {logging_mixin.py:137} INFO - [2022-12-07T23:49:22.717+0000] {dag.py:3340} INFO - Setting next_dagrun for example_dag_decorator to None, run_after=None
[2022-12-07T23:49:22.746+0000] {processor.py:176} INFO - Processing /home/airflow/.local/lib/python3.7/site-packages/airflow/example_dags/example_dag_decorator.py took 0.212 seconds
[2022-12-07T23:49:52.789+0000] {processor.py:154} INFO - Started process (PID=610) to work on /home/airflow/.local/lib/python3.7/site-packages/airflow/example_dags/example_dag_decorator.py
[2022-12-07T23:49:52.790+0000] {processor.py:756} INFO - Processing file /home/airflow/.local/lib/python3.7/site-packages/airflow/example_dags/example_dag_decorator.py for tasks to queue
[2022-12-07T23:49:52.792+0000] {logging_mixin.py:137} INFO - [2022-12-07T23:49:52.791+0000] {dagbag.py:537} INFO - Filling up the DagBag from /home/airflow/.local/lib/python3.7/site-packages/airflow/example_dags/example_dag_decorator.py
[2022-12-07T23:49:52.812+0000] {logging_mixin.py:137} INFO - [2022-12-07T23:49:52.811+0000] {taskmixin.py:205} WARNING - Dependency <Task(_PythonDecoratedOperator): prepare_email>, send_email already registered for DAG: example_dag_decorator
[2022-12-07T23:49:52.812+0000] {logging_mixin.py:137} INFO - [2022-12-07T23:49:52.812+0000] {taskmixin.py:205} WARNING - Dependency <Task(EmailOperator): send_email>, prepare_email already registered for DAG: example_dag_decorator
[2022-12-07T23:49:52.831+0000] {processor.py:766} INFO - DAG(s) dict_keys(['example_dag_decorator']) retrieved from /home/airflow/.local/lib/python3.7/site-packages/airflow/example_dags/example_dag_decorator.py
[2022-12-07T23:49:52.969+0000] {logging_mixin.py:137} INFO - [2022-12-07T23:49:52.969+0000] {dag.py:2585} INFO - Sync 1 DAGs
[2022-12-07T23:49:53.009+0000] {logging_mixin.py:137} INFO - [2022-12-07T23:49:53.009+0000] {dag.py:3340} INFO - Setting next_dagrun for example_dag_decorator to None, run_after=None
[2022-12-07T23:49:53.046+0000] {processor.py:176} INFO - Processing /home/airflow/.local/lib/python3.7/site-packages/airflow/example_dags/example_dag_decorator.py took 0.261 seconds
[2022-12-07T23:50:23.548+0000] {processor.py:154} INFO - Started process (PID=674) to work on /home/airflow/.local/lib/python3.7/site-packages/airflow/example_dags/example_dag_decorator.py
[2022-12-07T23:50:23.551+0000] {processor.py:756} INFO - Processing file /home/airflow/.local/lib/python3.7/site-packages/airflow/example_dags/example_dag_decorator.py for tasks to queue
[2022-12-07T23:50:23.553+0000] {logging_mixin.py:137} INFO - [2022-12-07T23:50:23.552+0000] {dagbag.py:537} INFO - Filling up the DagBag from /home/airflow/.local/lib/python3.7/site-packages/airflow/example_dags/example_dag_decorator.py
[2022-12-07T23:50:23.593+0000] {logging_mixin.py:137} INFO - [2022-12-07T23:50:23.592+0000] {taskmixin.py:205} WARNING - Dependency <Task(_PythonDecoratedOperator): prepare_email>, send_email already registered for DAG: example_dag_decorator
[2022-12-07T23:50:23.594+0000] {logging_mixin.py:137} INFO - [2022-12-07T23:50:23.594+0000] {taskmixin.py:205} WARNING - Dependency <Task(EmailOperator): send_email>, prepare_email already registered for DAG: example_dag_decorator
[2022-12-07T23:50:23.633+0000] {processor.py:766} INFO - DAG(s) dict_keys(['example_dag_decorator']) retrieved from /home/airflow/.local/lib/python3.7/site-packages/airflow/example_dags/example_dag_decorator.py
[2022-12-07T23:50:23.828+0000] {logging_mixin.py:137} INFO - [2022-12-07T23:50:23.827+0000] {dag.py:2585} INFO - Sync 1 DAGs
[2022-12-07T23:50:23.875+0000] {logging_mixin.py:137} INFO - [2022-12-07T23:50:23.874+0000] {dag.py:3340} INFO - Setting next_dagrun for example_dag_decorator to None, run_after=None
[2022-12-07T23:50:23.911+0000] {processor.py:176} INFO - Processing /home/airflow/.local/lib/python3.7/site-packages/airflow/example_dags/example_dag_decorator.py took 0.374 seconds
[2022-12-07T23:50:54.076+0000] {processor.py:154} INFO - Started process (PID=729) to work on /home/airflow/.local/lib/python3.7/site-packages/airflow/example_dags/example_dag_decorator.py
[2022-12-07T23:50:54.078+0000] {processor.py:756} INFO - Processing file /home/airflow/.local/lib/python3.7/site-packages/airflow/example_dags/example_dag_decorator.py for tasks to queue
[2022-12-07T23:50:54.079+0000] {logging_mixin.py:137} INFO - [2022-12-07T23:50:54.079+0000] {dagbag.py:537} INFO - Filling up the DagBag from /home/airflow/.local/lib/python3.7/site-packages/airflow/example_dags/example_dag_decorator.py
[2022-12-07T23:50:54.109+0000] {logging_mixin.py:137} INFO - [2022-12-07T23:50:54.108+0000] {taskmixin.py:205} WARNING - Dependency <Task(_PythonDecoratedOperator): prepare_email>, send_email already registered for DAG: example_dag_decorator
[2022-12-07T23:50:54.110+0000] {logging_mixin.py:137} INFO - [2022-12-07T23:50:54.110+0000] {taskmixin.py:205} WARNING - Dependency <Task(EmailOperator): send_email>, prepare_email already registered for DAG: example_dag_decorator
[2022-12-07T23:50:54.137+0000] {processor.py:766} INFO - DAG(s) dict_keys(['example_dag_decorator']) retrieved from /home/airflow/.local/lib/python3.7/site-packages/airflow/example_dags/example_dag_decorator.py
[2022-12-07T23:50:54.347+0000] {logging_mixin.py:137} INFO - [2022-12-07T23:50:54.347+0000] {dag.py:2585} INFO - Sync 1 DAGs
[2022-12-07T23:50:54.413+0000] {logging_mixin.py:137} INFO - [2022-12-07T23:50:54.412+0000] {dag.py:3340} INFO - Setting next_dagrun for example_dag_decorator to None, run_after=None
[2022-12-07T23:50:54.454+0000] {processor.py:176} INFO - Processing /home/airflow/.local/lib/python3.7/site-packages/airflow/example_dags/example_dag_decorator.py took 0.382 seconds
[2022-12-07T23:51:24.648+0000] {processor.py:154} INFO - Started process (PID=793) to work on /home/airflow/.local/lib/python3.7/site-packages/airflow/example_dags/example_dag_decorator.py
[2022-12-07T23:51:24.650+0000] {processor.py:756} INFO - Processing file /home/airflow/.local/lib/python3.7/site-packages/airflow/example_dags/example_dag_decorator.py for tasks to queue
[2022-12-07T23:51:24.652+0000] {logging_mixin.py:137} INFO - [2022-12-07T23:51:24.651+0000] {dagbag.py:537} INFO - Filling up the DagBag from /home/airflow/.local/lib/python3.7/site-packages/airflow/example_dags/example_dag_decorator.py
[2022-12-07T23:51:24.696+0000] {logging_mixin.py:137} INFO - [2022-12-07T23:51:24.695+0000] {taskmixin.py:205} WARNING - Dependency <Task(_PythonDecoratedOperator): prepare_email>, send_email already registered for DAG: example_dag_decorator
[2022-12-07T23:51:24.696+0000] {logging_mixin.py:137} INFO - [2022-12-07T23:51:24.696+0000] {taskmixin.py:205} WARNING - Dependency <Task(EmailOperator): send_email>, prepare_email already registered for DAG: example_dag_decorator
[2022-12-07T23:51:24.729+0000] {processor.py:766} INFO - DAG(s) dict_keys(['example_dag_decorator']) retrieved from /home/airflow/.local/lib/python3.7/site-packages/airflow/example_dags/example_dag_decorator.py
[2022-12-07T23:51:24.923+0000] {logging_mixin.py:137} INFO - [2022-12-07T23:51:24.923+0000] {dag.py:2585} INFO - Sync 1 DAGs
[2022-12-07T23:51:24.978+0000] {logging_mixin.py:137} INFO - [2022-12-07T23:51:24.978+0000] {dag.py:3340} INFO - Setting next_dagrun for example_dag_decorator to None, run_after=None
[2022-12-07T23:51:25.029+0000] {processor.py:176} INFO - Processing /home/airflow/.local/lib/python3.7/site-packages/airflow/example_dags/example_dag_decorator.py took 0.386 seconds
[2022-12-07T23:51:55.366+0000] {processor.py:154} INFO - Started process (PID=848) to work on /home/airflow/.local/lib/python3.7/site-packages/airflow/example_dags/example_dag_decorator.py
[2022-12-07T23:51:55.367+0000] {processor.py:756} INFO - Processing file /home/airflow/.local/lib/python3.7/site-packages/airflow/example_dags/example_dag_decorator.py for tasks to queue
[2022-12-07T23:51:55.369+0000] {logging_mixin.py:137} INFO - [2022-12-07T23:51:55.369+0000] {dagbag.py:537} INFO - Filling up the DagBag from /home/airflow/.local/lib/python3.7/site-packages/airflow/example_dags/example_dag_decorator.py
[2022-12-07T23:51:55.396+0000] {logging_mixin.py:137} INFO - [2022-12-07T23:51:55.396+0000] {taskmixin.py:205} WARNING - Dependency <Task(_PythonDecoratedOperator): prepare_email>, send_email already registered for DAG: example_dag_decorator
[2022-12-07T23:51:55.397+0000] {logging_mixin.py:137} INFO - [2022-12-07T23:51:55.397+0000] {taskmixin.py:205} WARNING - Dependency <Task(EmailOperator): send_email>, prepare_email already registered for DAG: example_dag_decorator
[2022-12-07T23:51:55.415+0000] {processor.py:766} INFO - DAG(s) dict_keys(['example_dag_decorator']) retrieved from /home/airflow/.local/lib/python3.7/site-packages/airflow/example_dags/example_dag_decorator.py
[2022-12-07T23:51:55.555+0000] {logging_mixin.py:137} INFO - [2022-12-07T23:51:55.554+0000] {dag.py:2585} INFO - Sync 1 DAGs
[2022-12-07T23:51:55.595+0000] {logging_mixin.py:137} INFO - [2022-12-07T23:51:55.595+0000] {dag.py:3340} INFO - Setting next_dagrun for example_dag_decorator to None, run_after=None
[2022-12-07T23:51:55.633+0000] {processor.py:176} INFO - Processing /home/airflow/.local/lib/python3.7/site-packages/airflow/example_dags/example_dag_decorator.py took 0.272 seconds
[2022-12-07T23:52:26.227+0000] {processor.py:154} INFO - Started process (PID=912) to work on /home/airflow/.local/lib/python3.7/site-packages/airflow/example_dags/example_dag_decorator.py
[2022-12-07T23:52:26.229+0000] {processor.py:756} INFO - Processing file /home/airflow/.local/lib/python3.7/site-packages/airflow/example_dags/example_dag_decorator.py for tasks to queue
[2022-12-07T23:52:26.230+0000] {logging_mixin.py:137} INFO - [2022-12-07T23:52:26.230+0000] {dagbag.py:537} INFO - Filling up the DagBag from /home/airflow/.local/lib/python3.7/site-packages/airflow/example_dags/example_dag_decorator.py
[2022-12-07T23:52:26.262+0000] {logging_mixin.py:137} INFO - [2022-12-07T23:52:26.262+0000] {taskmixin.py:205} WARNING - Dependency <Task(_PythonDecoratedOperator): prepare_email>, send_email already registered for DAG: example_dag_decorator
[2022-12-07T23:52:26.263+0000] {logging_mixin.py:137} INFO - [2022-12-07T23:52:26.263+0000] {taskmixin.py:205} WARNING - Dependency <Task(EmailOperator): send_email>, prepare_email already registered for DAG: example_dag_decorator
[2022-12-07T23:52:26.287+0000] {processor.py:766} INFO - DAG(s) dict_keys(['example_dag_decorator']) retrieved from /home/airflow/.local/lib/python3.7/site-packages/airflow/example_dags/example_dag_decorator.py
[2022-12-07T23:52:26.425+0000] {logging_mixin.py:137} INFO - [2022-12-07T23:52:26.425+0000] {dag.py:2585} INFO - Sync 1 DAGs
[2022-12-07T23:52:26.461+0000] {logging_mixin.py:137} INFO - [2022-12-07T23:52:26.461+0000] {dag.py:3340} INFO - Setting next_dagrun for example_dag_decorator to None, run_after=None
[2022-12-07T23:52:26.492+0000] {processor.py:176} INFO - Processing /home/airflow/.local/lib/python3.7/site-packages/airflow/example_dags/example_dag_decorator.py took 0.269 seconds
[2022-12-07T23:52:56.864+0000] {processor.py:154} INFO - Started process (PID=972) to work on /home/airflow/.local/lib/python3.7/site-packages/airflow/example_dags/example_dag_decorator.py
[2022-12-07T23:52:56.866+0000] {processor.py:756} INFO - Processing file /home/airflow/.local/lib/python3.7/site-packages/airflow/example_dags/example_dag_decorator.py for tasks to queue
[2022-12-07T23:52:56.867+0000] {logging_mixin.py:137} INFO - [2022-12-07T23:52:56.867+0000] {dagbag.py:537} INFO - Filling up the DagBag from /home/airflow/.local/lib/python3.7/site-packages/airflow/example_dags/example_dag_decorator.py
[2022-12-07T23:52:56.896+0000] {logging_mixin.py:137} INFO - [2022-12-07T23:52:56.895+0000] {taskmixin.py:205} WARNING - Dependency <Task(_PythonDecoratedOperator): prepare_email>, send_email already registered for DAG: example_dag_decorator
[2022-12-07T23:52:56.896+0000] {logging_mixin.py:137} INFO - [2022-12-07T23:52:56.896+0000] {taskmixin.py:205} WARNING - Dependency <Task(EmailOperator): send_email>, prepare_email already registered for DAG: example_dag_decorator
[2022-12-07T23:52:56.918+0000] {processor.py:766} INFO - DAG(s) dict_keys(['example_dag_decorator']) retrieved from /home/airflow/.local/lib/python3.7/site-packages/airflow/example_dags/example_dag_decorator.py
[2022-12-07T23:52:57.085+0000] {logging_mixin.py:137} INFO - [2022-12-07T23:52:57.085+0000] {dag.py:2585} INFO - Sync 1 DAGs
[2022-12-07T23:52:57.135+0000] {logging_mixin.py:137} INFO - [2022-12-07T23:52:57.134+0000] {dag.py:3340} INFO - Setting next_dagrun for example_dag_decorator to None, run_after=None
[2022-12-07T23:52:57.173+0000] {processor.py:176} INFO - Processing /home/airflow/.local/lib/python3.7/site-packages/airflow/example_dags/example_dag_decorator.py took 0.314 seconds
[2022-12-07T23:53:27.327+0000] {processor.py:154} INFO - Started process (PID=1036) to work on /home/airflow/.local/lib/python3.7/site-packages/airflow/example_dags/example_dag_decorator.py
[2022-12-07T23:53:27.329+0000] {processor.py:756} INFO - Processing file /home/airflow/.local/lib/python3.7/site-packages/airflow/example_dags/example_dag_decorator.py for tasks to queue
[2022-12-07T23:53:27.331+0000] {logging_mixin.py:137} INFO - [2022-12-07T23:53:27.330+0000] {dagbag.py:537} INFO - Filling up the DagBag from /home/airflow/.local/lib/python3.7/site-packages/airflow/example_dags/example_dag_decorator.py
[2022-12-07T23:53:27.368+0000] {logging_mixin.py:137} INFO - [2022-12-07T23:53:27.368+0000] {taskmixin.py:205} WARNING - Dependency <Task(_PythonDecoratedOperator): prepare_email>, send_email already registered for DAG: example_dag_decorator
[2022-12-07T23:53:27.369+0000] {logging_mixin.py:137} INFO - [2022-12-07T23:53:27.369+0000] {taskmixin.py:205} WARNING - Dependency <Task(EmailOperator): send_email>, prepare_email already registered for DAG: example_dag_decorator
[2022-12-07T23:53:27.394+0000] {processor.py:766} INFO - DAG(s) dict_keys(['example_dag_decorator']) retrieved from /home/airflow/.local/lib/python3.7/site-packages/airflow/example_dags/example_dag_decorator.py
[2022-12-07T23:53:27.615+0000] {logging_mixin.py:137} INFO - [2022-12-07T23:53:27.613+0000] {dag.py:2585} INFO - Sync 1 DAGs
[2022-12-07T23:53:27.678+0000] {logging_mixin.py:137} INFO - [2022-12-07T23:53:27.678+0000] {dag.py:3340} INFO - Setting next_dagrun for example_dag_decorator to None, run_after=None
[2022-12-07T23:53:27.742+0000] {processor.py:176} INFO - Processing /home/airflow/.local/lib/python3.7/site-packages/airflow/example_dags/example_dag_decorator.py took 0.421 seconds
[2022-12-07T23:53:58.309+0000] {processor.py:154} INFO - Started process (PID=1099) to work on /home/airflow/.local/lib/python3.7/site-packages/airflow/example_dags/example_dag_decorator.py
[2022-12-07T23:53:58.311+0000] {processor.py:756} INFO - Processing file /home/airflow/.local/lib/python3.7/site-packages/airflow/example_dags/example_dag_decorator.py for tasks to queue
[2022-12-07T23:53:58.312+0000] {logging_mixin.py:137} INFO - [2022-12-07T23:53:58.312+0000] {dagbag.py:537} INFO - Filling up the DagBag from /home/airflow/.local/lib/python3.7/site-packages/airflow/example_dags/example_dag_decorator.py
[2022-12-07T23:53:58.344+0000] {logging_mixin.py:137} INFO - [2022-12-07T23:53:58.344+0000] {taskmixin.py:205} WARNING - Dependency <Task(_PythonDecoratedOperator): prepare_email>, send_email already registered for DAG: example_dag_decorator
[2022-12-07T23:53:58.345+0000] {logging_mixin.py:137} INFO - [2022-12-07T23:53:58.345+0000] {taskmixin.py:205} WARNING - Dependency <Task(EmailOperator): send_email>, prepare_email already registered for DAG: example_dag_decorator
[2022-12-07T23:53:58.369+0000] {processor.py:766} INFO - DAG(s) dict_keys(['example_dag_decorator']) retrieved from /home/airflow/.local/lib/python3.7/site-packages/airflow/example_dags/example_dag_decorator.py
[2022-12-07T23:53:58.610+0000] {logging_mixin.py:137} INFO - [2022-12-07T23:53:58.610+0000] {dag.py:2585} INFO - Sync 1 DAGs
[2022-12-07T23:53:58.696+0000] {logging_mixin.py:137} INFO - [2022-12-07T23:53:58.696+0000] {dag.py:3340} INFO - Setting next_dagrun for example_dag_decorator to None, run_after=None
[2022-12-07T23:53:58.767+0000] {processor.py:176} INFO - Processing /home/airflow/.local/lib/python3.7/site-packages/airflow/example_dags/example_dag_decorator.py took 0.463 seconds
[2022-12-07T23:54:29.042+0000] {processor.py:154} INFO - Started process (PID=1161) to work on /home/airflow/.local/lib/python3.7/site-packages/airflow/example_dags/example_dag_decorator.py
[2022-12-07T23:54:29.043+0000] {processor.py:756} INFO - Processing file /home/airflow/.local/lib/python3.7/site-packages/airflow/example_dags/example_dag_decorator.py for tasks to queue
[2022-12-07T23:54:29.045+0000] {logging_mixin.py:137} INFO - [2022-12-07T23:54:29.045+0000] {dagbag.py:537} INFO - Filling up the DagBag from /home/airflow/.local/lib/python3.7/site-packages/airflow/example_dags/example_dag_decorator.py
[2022-12-07T23:54:29.076+0000] {logging_mixin.py:137} INFO - [2022-12-07T23:54:29.075+0000] {taskmixin.py:205} WARNING - Dependency <Task(_PythonDecoratedOperator): prepare_email>, send_email already registered for DAG: example_dag_decorator
[2022-12-07T23:54:29.076+0000] {logging_mixin.py:137} INFO - [2022-12-07T23:54:29.076+0000] {taskmixin.py:205} WARNING - Dependency <Task(EmailOperator): send_email>, prepare_email already registered for DAG: example_dag_decorator
[2022-12-07T23:54:29.101+0000] {processor.py:766} INFO - DAG(s) dict_keys(['example_dag_decorator']) retrieved from /home/airflow/.local/lib/python3.7/site-packages/airflow/example_dags/example_dag_decorator.py
[2022-12-07T23:54:29.264+0000] {logging_mixin.py:137} INFO - [2022-12-07T23:54:29.264+0000] {dag.py:2585} INFO - Sync 1 DAGs
[2022-12-07T23:54:29.316+0000] {logging_mixin.py:137} INFO - [2022-12-07T23:54:29.315+0000] {dag.py:3340} INFO - Setting next_dagrun for example_dag_decorator to None, run_after=None
[2022-12-07T23:54:29.355+0000] {processor.py:176} INFO - Processing /home/airflow/.local/lib/python3.7/site-packages/airflow/example_dags/example_dag_decorator.py took 0.318 seconds
[2022-12-07T23:54:59.463+0000] {processor.py:154} INFO - Started process (PID=1216) to work on /home/airflow/.local/lib/python3.7/site-packages/airflow/example_dags/example_dag_decorator.py
[2022-12-07T23:54:59.464+0000] {processor.py:756} INFO - Processing file /home/airflow/.local/lib/python3.7/site-packages/airflow/example_dags/example_dag_decorator.py for tasks to queue
[2022-12-07T23:54:59.465+0000] {logging_mixin.py:137} INFO - [2022-12-07T23:54:59.465+0000] {dagbag.py:537} INFO - Filling up the DagBag from /home/airflow/.local/lib/python3.7/site-packages/airflow/example_dags/example_dag_decorator.py
[2022-12-07T23:54:59.483+0000] {logging_mixin.py:137} INFO - [2022-12-07T23:54:59.483+0000] {taskmixin.py:205} WARNING - Dependency <Task(_PythonDecoratedOperator): prepare_email>, send_email already registered for DAG: example_dag_decorator
[2022-12-07T23:54:59.483+0000] {logging_mixin.py:137} INFO - [2022-12-07T23:54:59.483+0000] {taskmixin.py:205} WARNING - Dependency <Task(EmailOperator): send_email>, prepare_email already registered for DAG: example_dag_decorator
[2022-12-07T23:54:59.497+0000] {processor.py:766} INFO - DAG(s) dict_keys(['example_dag_decorator']) retrieved from /home/airflow/.local/lib/python3.7/site-packages/airflow/example_dags/example_dag_decorator.py
[2022-12-07T23:54:59.594+0000] {logging_mixin.py:137} INFO - [2022-12-07T23:54:59.594+0000] {dag.py:2585} INFO - Sync 1 DAGs
[2022-12-07T23:54:59.622+0000] {logging_mixin.py:137} INFO - [2022-12-07T23:54:59.622+0000] {dag.py:3340} INFO - Setting next_dagrun for example_dag_decorator to None, run_after=None
[2022-12-07T23:54:59.646+0000] {processor.py:176} INFO - Processing /home/airflow/.local/lib/python3.7/site-packages/airflow/example_dags/example_dag_decorator.py took 0.186 seconds
