[2022-12-07T22:25:08.831+0000] {processor.py:154} INFO - Started process (PID=49) to work on /home/airflow/.local/lib/python3.7/site-packages/airflow/example_dags/example_short_circuit_operator.py
[2022-12-07T22:25:08.832+0000] {processor.py:756} INFO - Processing file /home/airflow/.local/lib/python3.7/site-packages/airflow/example_dags/example_short_circuit_operator.py for tasks to queue
[2022-12-07T22:25:08.833+0000] {logging_mixin.py:137} INFO - [2022-12-07T22:25:08.833+0000] {dagbag.py:537} INFO - Filling up the DagBag from /home/airflow/.local/lib/python3.7/site-packages/airflow/example_dags/example_short_circuit_operator.py
[2022-12-07T22:25:08.866+0000] {processor.py:766} INFO - DAG(s) dict_keys(['example_short_circuit_operator']) retrieved from /home/airflow/.local/lib/python3.7/site-packages/airflow/example_dags/example_short_circuit_operator.py
[2022-12-07T22:25:08.965+0000] {logging_mixin.py:137} INFO - [2022-12-07T22:25:08.965+0000] {dag.py:2585} INFO - Sync 1 DAGs
[2022-12-07T22:25:09.038+0000] {logging_mixin.py:137} INFO - [2022-12-07T22:25:09.037+0000] {dag.py:3340} INFO - Setting next_dagrun for example_short_circuit_operator to 2022-12-06T22:25:09.037332+00:00, run_after=2022-12-07T22:25:09.037332+00:00
[2022-12-07T22:25:09.095+0000] {processor.py:176} INFO - Processing /home/airflow/.local/lib/python3.7/site-packages/airflow/example_dags/example_short_circuit_operator.py took 0.269 seconds
[2022-12-07T22:25:39.710+0000] {processor.py:154} INFO - Started process (PID=112) to work on /home/airflow/.local/lib/python3.7/site-packages/airflow/example_dags/example_short_circuit_operator.py
[2022-12-07T22:25:39.719+0000] {processor.py:756} INFO - Processing file /home/airflow/.local/lib/python3.7/site-packages/airflow/example_dags/example_short_circuit_operator.py for tasks to queue
[2022-12-07T22:25:39.724+0000] {logging_mixin.py:137} INFO - [2022-12-07T22:25:39.723+0000] {dagbag.py:537} INFO - Filling up the DagBag from /home/airflow/.local/lib/python3.7/site-packages/airflow/example_dags/example_short_circuit_operator.py
[2022-12-07T22:25:39.799+0000] {processor.py:766} INFO - DAG(s) dict_keys(['example_short_circuit_operator']) retrieved from /home/airflow/.local/lib/python3.7/site-packages/airflow/example_dags/example_short_circuit_operator.py
[2022-12-07T22:25:39.896+0000] {logging_mixin.py:137} INFO - [2022-12-07T22:25:39.895+0000] {dag.py:2585} INFO - Sync 1 DAGs
[2022-12-07T22:25:39.956+0000] {logging_mixin.py:137} INFO - [2022-12-07T22:25:39.955+0000] {dag.py:3340} INFO - Setting next_dagrun for example_short_circuit_operator to 2022-12-06T22:25:39.955294+00:00, run_after=2022-12-07T22:25:39.955294+00:00
[2022-12-07T22:25:40.018+0000] {processor.py:176} INFO - Processing /home/airflow/.local/lib/python3.7/site-packages/airflow/example_dags/example_short_circuit_operator.py took 0.314 seconds
[2022-12-07T22:26:10.412+0000] {processor.py:154} INFO - Started process (PID=170) to work on /home/airflow/.local/lib/python3.7/site-packages/airflow/example_dags/example_short_circuit_operator.py
[2022-12-07T22:26:10.413+0000] {processor.py:756} INFO - Processing file /home/airflow/.local/lib/python3.7/site-packages/airflow/example_dags/example_short_circuit_operator.py for tasks to queue
[2022-12-07T22:26:10.415+0000] {logging_mixin.py:137} INFO - [2022-12-07T22:26:10.414+0000] {dagbag.py:537} INFO - Filling up the DagBag from /home/airflow/.local/lib/python3.7/site-packages/airflow/example_dags/example_short_circuit_operator.py
[2022-12-07T22:26:10.438+0000] {processor.py:766} INFO - DAG(s) dict_keys(['example_short_circuit_operator']) retrieved from /home/airflow/.local/lib/python3.7/site-packages/airflow/example_dags/example_short_circuit_operator.py
[2022-12-07T22:26:10.499+0000] {logging_mixin.py:137} INFO - [2022-12-07T22:26:10.498+0000] {dag.py:2585} INFO - Sync 1 DAGs
[2022-12-07T22:26:10.536+0000] {logging_mixin.py:137} INFO - [2022-12-07T22:26:10.536+0000] {dag.py:3340} INFO - Setting next_dagrun for example_short_circuit_operator to 2022-12-06T22:26:10.536176+00:00, run_after=2022-12-07T22:26:10.536176+00:00
[2022-12-07T22:26:10.564+0000] {processor.py:176} INFO - Processing /home/airflow/.local/lib/python3.7/site-packages/airflow/example_dags/example_short_circuit_operator.py took 0.156 seconds
[2022-12-07T22:26:40.647+0000] {processor.py:154} INFO - Started process (PID=225) to work on /home/airflow/.local/lib/python3.7/site-packages/airflow/example_dags/example_short_circuit_operator.py
[2022-12-07T22:26:40.648+0000] {processor.py:756} INFO - Processing file /home/airflow/.local/lib/python3.7/site-packages/airflow/example_dags/example_short_circuit_operator.py for tasks to queue
[2022-12-07T22:26:40.650+0000] {logging_mixin.py:137} INFO - [2022-12-07T22:26:40.650+0000] {dagbag.py:537} INFO - Filling up the DagBag from /home/airflow/.local/lib/python3.7/site-packages/airflow/example_dags/example_short_circuit_operator.py
[2022-12-07T22:26:40.680+0000] {processor.py:766} INFO - DAG(s) dict_keys(['example_short_circuit_operator']) retrieved from /home/airflow/.local/lib/python3.7/site-packages/airflow/example_dags/example_short_circuit_operator.py
[2022-12-07T22:26:40.767+0000] {logging_mixin.py:137} INFO - [2022-12-07T22:26:40.766+0000] {dag.py:2585} INFO - Sync 1 DAGs
[2022-12-07T22:26:40.825+0000] {logging_mixin.py:137} INFO - [2022-12-07T22:26:40.825+0000] {dag.py:3340} INFO - Setting next_dagrun for example_short_circuit_operator to 2022-12-06T22:26:40.824948+00:00, run_after=2022-12-07T22:26:40.824948+00:00
[2022-12-07T22:26:40.866+0000] {processor.py:176} INFO - Processing /home/airflow/.local/lib/python3.7/site-packages/airflow/example_dags/example_short_circuit_operator.py took 0.224 seconds
[2022-12-07T22:27:11.645+0000] {processor.py:154} INFO - Started process (PID=289) to work on /home/airflow/.local/lib/python3.7/site-packages/airflow/example_dags/example_short_circuit_operator.py
[2022-12-07T22:27:11.646+0000] {processor.py:756} INFO - Processing file /home/airflow/.local/lib/python3.7/site-packages/airflow/example_dags/example_short_circuit_operator.py for tasks to queue
[2022-12-07T22:27:11.648+0000] {logging_mixin.py:137} INFO - [2022-12-07T22:27:11.647+0000] {dagbag.py:537} INFO - Filling up the DagBag from /home/airflow/.local/lib/python3.7/site-packages/airflow/example_dags/example_short_circuit_operator.py
[2022-12-07T22:27:11.669+0000] {processor.py:766} INFO - DAG(s) dict_keys(['example_short_circuit_operator']) retrieved from /home/airflow/.local/lib/python3.7/site-packages/airflow/example_dags/example_short_circuit_operator.py
[2022-12-07T22:27:11.745+0000] {logging_mixin.py:137} INFO - [2022-12-07T22:27:11.745+0000] {dag.py:2585} INFO - Sync 1 DAGs
[2022-12-07T22:27:11.786+0000] {logging_mixin.py:137} INFO - [2022-12-07T22:27:11.786+0000] {dag.py:3340} INFO - Setting next_dagrun for example_short_circuit_operator to 2022-12-06T22:27:11.785939+00:00, run_after=2022-12-07T22:27:11.785939+00:00
[2022-12-07T22:27:11.812+0000] {processor.py:176} INFO - Processing /home/airflow/.local/lib/python3.7/site-packages/airflow/example_dags/example_short_circuit_operator.py took 0.173 seconds
[2022-12-07T22:27:42.571+0000] {processor.py:154} INFO - Started process (PID=345) to work on /home/airflow/.local/lib/python3.7/site-packages/airflow/example_dags/example_short_circuit_operator.py
[2022-12-07T22:27:42.572+0000] {processor.py:756} INFO - Processing file /home/airflow/.local/lib/python3.7/site-packages/airflow/example_dags/example_short_circuit_operator.py for tasks to queue
[2022-12-07T22:27:42.573+0000] {logging_mixin.py:137} INFO - [2022-12-07T22:27:42.573+0000] {dagbag.py:537} INFO - Filling up the DagBag from /home/airflow/.local/lib/python3.7/site-packages/airflow/example_dags/example_short_circuit_operator.py
[2022-12-07T22:27:42.597+0000] {processor.py:766} INFO - DAG(s) dict_keys(['example_short_circuit_operator']) retrieved from /home/airflow/.local/lib/python3.7/site-packages/airflow/example_dags/example_short_circuit_operator.py
[2022-12-07T22:27:42.652+0000] {logging_mixin.py:137} INFO - [2022-12-07T22:27:42.652+0000] {dag.py:2585} INFO - Sync 1 DAGs
[2022-12-07T22:27:42.685+0000] {logging_mixin.py:137} INFO - [2022-12-07T22:27:42.685+0000] {dag.py:3340} INFO - Setting next_dagrun for example_short_circuit_operator to 2022-12-06T22:27:42.685401+00:00, run_after=2022-12-07T22:27:42.685401+00:00
[2022-12-07T22:27:42.712+0000] {processor.py:176} INFO - Processing /home/airflow/.local/lib/python3.7/site-packages/airflow/example_dags/example_short_circuit_operator.py took 0.145 seconds
[2022-12-07T22:28:13.385+0000] {processor.py:154} INFO - Started process (PID=409) to work on /home/airflow/.local/lib/python3.7/site-packages/airflow/example_dags/example_short_circuit_operator.py
[2022-12-07T22:28:13.386+0000] {processor.py:756} INFO - Processing file /home/airflow/.local/lib/python3.7/site-packages/airflow/example_dags/example_short_circuit_operator.py for tasks to queue
[2022-12-07T22:28:13.388+0000] {logging_mixin.py:137} INFO - [2022-12-07T22:28:13.388+0000] {dagbag.py:537} INFO - Filling up the DagBag from /home/airflow/.local/lib/python3.7/site-packages/airflow/example_dags/example_short_circuit_operator.py
[2022-12-07T22:28:13.418+0000] {processor.py:766} INFO - DAG(s) dict_keys(['example_short_circuit_operator']) retrieved from /home/airflow/.local/lib/python3.7/site-packages/airflow/example_dags/example_short_circuit_operator.py
[2022-12-07T22:28:13.470+0000] {logging_mixin.py:137} INFO - [2022-12-07T22:28:13.469+0000] {dag.py:2585} INFO - Sync 1 DAGs
[2022-12-07T22:28:13.505+0000] {logging_mixin.py:137} INFO - [2022-12-07T22:28:13.505+0000] {dag.py:3340} INFO - Setting next_dagrun for example_short_circuit_operator to 2022-12-06T22:28:13.505409+00:00, run_after=2022-12-07T22:28:13.505409+00:00
[2022-12-07T22:28:13.536+0000] {processor.py:176} INFO - Processing /home/airflow/.local/lib/python3.7/site-packages/airflow/example_dags/example_short_circuit_operator.py took 0.156 seconds
[2022-12-07T22:28:44.404+0000] {processor.py:154} INFO - Started process (PID=464) to work on /home/airflow/.local/lib/python3.7/site-packages/airflow/example_dags/example_short_circuit_operator.py
[2022-12-07T22:28:44.405+0000] {processor.py:756} INFO - Processing file /home/airflow/.local/lib/python3.7/site-packages/airflow/example_dags/example_short_circuit_operator.py for tasks to queue
[2022-12-07T22:28:44.406+0000] {logging_mixin.py:137} INFO - [2022-12-07T22:28:44.406+0000] {dagbag.py:537} INFO - Filling up the DagBag from /home/airflow/.local/lib/python3.7/site-packages/airflow/example_dags/example_short_circuit_operator.py
[2022-12-07T22:28:44.429+0000] {processor.py:766} INFO - DAG(s) dict_keys(['example_short_circuit_operator']) retrieved from /home/airflow/.local/lib/python3.7/site-packages/airflow/example_dags/example_short_circuit_operator.py
[2022-12-07T22:28:44.478+0000] {logging_mixin.py:137} INFO - [2022-12-07T22:28:44.478+0000] {dag.py:2585} INFO - Sync 1 DAGs
[2022-12-07T22:28:44.509+0000] {logging_mixin.py:137} INFO - [2022-12-07T22:28:44.509+0000] {dag.py:3340} INFO - Setting next_dagrun for example_short_circuit_operator to 2022-12-06T22:28:44.509404+00:00, run_after=2022-12-07T22:28:44.509404+00:00
[2022-12-07T22:28:44.533+0000] {processor.py:176} INFO - Processing /home/airflow/.local/lib/python3.7/site-packages/airflow/example_dags/example_short_circuit_operator.py took 0.133 seconds
[2022-12-07T22:29:15.042+0000] {processor.py:154} INFO - Started process (PID=528) to work on /home/airflow/.local/lib/python3.7/site-packages/airflow/example_dags/example_short_circuit_operator.py
[2022-12-07T22:29:15.043+0000] {processor.py:756} INFO - Processing file /home/airflow/.local/lib/python3.7/site-packages/airflow/example_dags/example_short_circuit_operator.py for tasks to queue
[2022-12-07T22:29:15.044+0000] {logging_mixin.py:137} INFO - [2022-12-07T22:29:15.044+0000] {dagbag.py:537} INFO - Filling up the DagBag from /home/airflow/.local/lib/python3.7/site-packages/airflow/example_dags/example_short_circuit_operator.py
[2022-12-07T22:29:15.064+0000] {processor.py:766} INFO - DAG(s) dict_keys(['example_short_circuit_operator']) retrieved from /home/airflow/.local/lib/python3.7/site-packages/airflow/example_dags/example_short_circuit_operator.py
[2022-12-07T22:29:15.119+0000] {logging_mixin.py:137} INFO - [2022-12-07T22:29:15.119+0000] {dag.py:2585} INFO - Sync 1 DAGs
[2022-12-07T22:29:15.153+0000] {logging_mixin.py:137} INFO - [2022-12-07T22:29:15.153+0000] {dag.py:3340} INFO - Setting next_dagrun for example_short_circuit_operator to 2022-12-06T22:29:15.153363+00:00, run_after=2022-12-07T22:29:15.153363+00:00
[2022-12-07T22:29:15.182+0000] {processor.py:176} INFO - Processing /home/airflow/.local/lib/python3.7/site-packages/airflow/example_dags/example_short_circuit_operator.py took 0.143 seconds
[2022-12-07T22:29:45.831+0000] {processor.py:154} INFO - Started process (PID=590) to work on /home/airflow/.local/lib/python3.7/site-packages/airflow/example_dags/example_short_circuit_operator.py
[2022-12-07T22:29:45.832+0000] {processor.py:756} INFO - Processing file /home/airflow/.local/lib/python3.7/site-packages/airflow/example_dags/example_short_circuit_operator.py for tasks to queue
[2022-12-07T22:29:45.833+0000] {logging_mixin.py:137} INFO - [2022-12-07T22:29:45.833+0000] {dagbag.py:537} INFO - Filling up the DagBag from /home/airflow/.local/lib/python3.7/site-packages/airflow/example_dags/example_short_circuit_operator.py
[2022-12-07T22:29:45.867+0000] {processor.py:766} INFO - DAG(s) dict_keys(['example_short_circuit_operator']) retrieved from /home/airflow/.local/lib/python3.7/site-packages/airflow/example_dags/example_short_circuit_operator.py
[2022-12-07T22:29:45.937+0000] {logging_mixin.py:137} INFO - [2022-12-07T22:29:45.937+0000] {dag.py:2585} INFO - Sync 1 DAGs
[2022-12-07T22:29:46.000+0000] {logging_mixin.py:137} INFO - [2022-12-07T22:29:46.000+0000] {dag.py:3340} INFO - Setting next_dagrun for example_short_circuit_operator to 2022-12-06T22:29:46.000282+00:00, run_after=2022-12-07T22:29:46.000282+00:00
[2022-12-07T22:29:46.036+0000] {processor.py:176} INFO - Processing /home/airflow/.local/lib/python3.7/site-packages/airflow/example_dags/example_short_circuit_operator.py took 0.210 seconds
[2022-12-07T22:30:16.217+0000] {processor.py:154} INFO - Started process (PID=647) to work on /home/airflow/.local/lib/python3.7/site-packages/airflow/example_dags/example_short_circuit_operator.py
[2022-12-07T22:30:16.218+0000] {processor.py:756} INFO - Processing file /home/airflow/.local/lib/python3.7/site-packages/airflow/example_dags/example_short_circuit_operator.py for tasks to queue
[2022-12-07T22:30:16.220+0000] {logging_mixin.py:137} INFO - [2022-12-07T22:30:16.219+0000] {dagbag.py:537} INFO - Filling up the DagBag from /home/airflow/.local/lib/python3.7/site-packages/airflow/example_dags/example_short_circuit_operator.py
[2022-12-07T22:30:16.238+0000] {processor.py:766} INFO - DAG(s) dict_keys(['example_short_circuit_operator']) retrieved from /home/airflow/.local/lib/python3.7/site-packages/airflow/example_dags/example_short_circuit_operator.py
[2022-12-07T22:30:16.296+0000] {logging_mixin.py:137} INFO - [2022-12-07T22:30:16.296+0000] {dag.py:2585} INFO - Sync 1 DAGs
[2022-12-07T22:30:16.331+0000] {logging_mixin.py:137} INFO - [2022-12-07T22:30:16.331+0000] {dag.py:3340} INFO - Setting next_dagrun for example_short_circuit_operator to 2022-12-06T22:30:16.330224+00:00, run_after=2022-12-07T22:30:16.330224+00:00
[2022-12-07T22:30:16.360+0000] {processor.py:176} INFO - Processing /home/airflow/.local/lib/python3.7/site-packages/airflow/example_dags/example_short_circuit_operator.py took 0.147 seconds
[2022-12-07T22:30:46.515+0000] {processor.py:154} INFO - Started process (PID=711) to work on /home/airflow/.local/lib/python3.7/site-packages/airflow/example_dags/example_short_circuit_operator.py
[2022-12-07T22:30:46.516+0000] {processor.py:756} INFO - Processing file /home/airflow/.local/lib/python3.7/site-packages/airflow/example_dags/example_short_circuit_operator.py for tasks to queue
[2022-12-07T22:30:46.518+0000] {logging_mixin.py:137} INFO - [2022-12-07T22:30:46.517+0000] {dagbag.py:537} INFO - Filling up the DagBag from /home/airflow/.local/lib/python3.7/site-packages/airflow/example_dags/example_short_circuit_operator.py
[2022-12-07T22:30:46.553+0000] {processor.py:766} INFO - DAG(s) dict_keys(['example_short_circuit_operator']) retrieved from /home/airflow/.local/lib/python3.7/site-packages/airflow/example_dags/example_short_circuit_operator.py
[2022-12-07T22:30:46.636+0000] {logging_mixin.py:137} INFO - [2022-12-07T22:30:46.635+0000] {dag.py:2585} INFO - Sync 1 DAGs
[2022-12-07T22:30:46.686+0000] {logging_mixin.py:137} INFO - [2022-12-07T22:30:46.686+0000] {dag.py:3340} INFO - Setting next_dagrun for example_short_circuit_operator to 2022-12-06T22:30:46.685788+00:00, run_after=2022-12-07T22:30:46.685788+00:00
[2022-12-07T22:30:46.713+0000] {processor.py:176} INFO - Processing /home/airflow/.local/lib/python3.7/site-packages/airflow/example_dags/example_short_circuit_operator.py took 0.203 seconds
[2022-12-07T22:31:16.883+0000] {processor.py:154} INFO - Started process (PID=766) to work on /home/airflow/.local/lib/python3.7/site-packages/airflow/example_dags/example_short_circuit_operator.py
[2022-12-07T22:31:16.884+0000] {processor.py:756} INFO - Processing file /home/airflow/.local/lib/python3.7/site-packages/airflow/example_dags/example_short_circuit_operator.py for tasks to queue
[2022-12-07T22:31:16.885+0000] {logging_mixin.py:137} INFO - [2022-12-07T22:31:16.885+0000] {dagbag.py:537} INFO - Filling up the DagBag from /home/airflow/.local/lib/python3.7/site-packages/airflow/example_dags/example_short_circuit_operator.py
[2022-12-07T22:31:16.904+0000] {processor.py:766} INFO - DAG(s) dict_keys(['example_short_circuit_operator']) retrieved from /home/airflow/.local/lib/python3.7/site-packages/airflow/example_dags/example_short_circuit_operator.py
[2022-12-07T22:31:17.060+0000] {logging_mixin.py:137} INFO - [2022-12-07T22:31:17.060+0000] {dag.py:2585} INFO - Sync 1 DAGs
[2022-12-07T22:31:17.098+0000] {logging_mixin.py:137} INFO - [2022-12-07T22:31:17.097+0000] {dag.py:3340} INFO - Setting next_dagrun for example_short_circuit_operator to 2022-12-06T22:31:17.097704+00:00, run_after=2022-12-07T22:31:17.097704+00:00
[2022-12-07T22:31:17.123+0000] {processor.py:176} INFO - Processing /home/airflow/.local/lib/python3.7/site-packages/airflow/example_dags/example_short_circuit_operator.py took 0.243 seconds
[2022-12-07T22:31:47.279+0000] {processor.py:154} INFO - Started process (PID=831) to work on /home/airflow/.local/lib/python3.7/site-packages/airflow/example_dags/example_short_circuit_operator.py
[2022-12-07T22:31:47.281+0000] {processor.py:756} INFO - Processing file /home/airflow/.local/lib/python3.7/site-packages/airflow/example_dags/example_short_circuit_operator.py for tasks to queue
[2022-12-07T22:31:47.282+0000] {logging_mixin.py:137} INFO - [2022-12-07T22:31:47.282+0000] {dagbag.py:537} INFO - Filling up the DagBag from /home/airflow/.local/lib/python3.7/site-packages/airflow/example_dags/example_short_circuit_operator.py
[2022-12-07T22:31:47.312+0000] {processor.py:766} INFO - DAG(s) dict_keys(['example_short_circuit_operator']) retrieved from /home/airflow/.local/lib/python3.7/site-packages/airflow/example_dags/example_short_circuit_operator.py
[2022-12-07T22:31:47.381+0000] {logging_mixin.py:137} INFO - [2022-12-07T22:31:47.381+0000] {dag.py:2585} INFO - Sync 1 DAGs
[2022-12-07T22:31:47.416+0000] {logging_mixin.py:137} INFO - [2022-12-07T22:31:47.416+0000] {dag.py:3340} INFO - Setting next_dagrun for example_short_circuit_operator to 2022-12-06T22:31:47.415928+00:00, run_after=2022-12-07T22:31:47.415928+00:00
[2022-12-07T22:31:47.442+0000] {processor.py:176} INFO - Processing /home/airflow/.local/lib/python3.7/site-packages/airflow/example_dags/example_short_circuit_operator.py took 0.168 seconds
[2022-12-07T22:32:17.977+0000] {processor.py:154} INFO - Started process (PID=886) to work on /home/airflow/.local/lib/python3.7/site-packages/airflow/example_dags/example_short_circuit_operator.py
[2022-12-07T22:32:17.979+0000] {processor.py:756} INFO - Processing file /home/airflow/.local/lib/python3.7/site-packages/airflow/example_dags/example_short_circuit_operator.py for tasks to queue
[2022-12-07T22:32:17.981+0000] {logging_mixin.py:137} INFO - [2022-12-07T22:32:17.981+0000] {dagbag.py:537} INFO - Filling up the DagBag from /home/airflow/.local/lib/python3.7/site-packages/airflow/example_dags/example_short_circuit_operator.py
[2022-12-07T22:32:18.006+0000] {processor.py:766} INFO - DAG(s) dict_keys(['example_short_circuit_operator']) retrieved from /home/airflow/.local/lib/python3.7/site-packages/airflow/example_dags/example_short_circuit_operator.py
[2022-12-07T22:32:18.059+0000] {logging_mixin.py:137} INFO - [2022-12-07T22:32:18.059+0000] {dag.py:2585} INFO - Sync 1 DAGs
[2022-12-07T22:32:18.093+0000] {logging_mixin.py:137} INFO - [2022-12-07T22:32:18.093+0000] {dag.py:3340} INFO - Setting next_dagrun for example_short_circuit_operator to 2022-12-06T22:32:18.093235+00:00, run_after=2022-12-07T22:32:18.093235+00:00
[2022-12-07T22:32:18.119+0000] {processor.py:176} INFO - Processing /home/airflow/.local/lib/python3.7/site-packages/airflow/example_dags/example_short_circuit_operator.py took 0.148 seconds
[2022-12-07T23:36:40.087+0000] {processor.py:154} INFO - Started process (PID=48) to work on /home/airflow/.local/lib/python3.7/site-packages/airflow/example_dags/example_short_circuit_operator.py
[2022-12-07T23:36:40.089+0000] {processor.py:756} INFO - Processing file /home/airflow/.local/lib/python3.7/site-packages/airflow/example_dags/example_short_circuit_operator.py for tasks to queue
[2022-12-07T23:36:40.090+0000] {logging_mixin.py:137} INFO - [2022-12-07T23:36:40.090+0000] {dagbag.py:537} INFO - Filling up the DagBag from /home/airflow/.local/lib/python3.7/site-packages/airflow/example_dags/example_short_circuit_operator.py
[2022-12-07T23:36:40.123+0000] {processor.py:766} INFO - DAG(s) dict_keys(['example_short_circuit_operator']) retrieved from /home/airflow/.local/lib/python3.7/site-packages/airflow/example_dags/example_short_circuit_operator.py
[2022-12-07T23:36:40.403+0000] {logging_mixin.py:137} INFO - [2022-12-07T23:36:40.403+0000] {manager.py:507} INFO - Created Permission View: can read on DAG:example_short_circuit_operator
[2022-12-07T23:36:40.420+0000] {logging_mixin.py:137} INFO - [2022-12-07T23:36:40.420+0000] {manager.py:507} INFO - Created Permission View: can delete on DAG:example_short_circuit_operator
[2022-12-07T23:36:40.434+0000] {logging_mixin.py:137} INFO - [2022-12-07T23:36:40.433+0000] {manager.py:507} INFO - Created Permission View: can edit on DAG:example_short_circuit_operator
[2022-12-07T23:36:40.435+0000] {logging_mixin.py:137} INFO - [2022-12-07T23:36:40.434+0000] {dag.py:2585} INFO - Sync 1 DAGs
[2022-12-07T23:36:40.461+0000] {logging_mixin.py:137} INFO - [2022-12-07T23:36:40.461+0000] {dag.py:2606} INFO - Creating ORM DAG for example_short_circuit_operator
[2022-12-07T23:36:40.483+0000] {logging_mixin.py:137} INFO - [2022-12-07T23:36:40.483+0000] {dag.py:3340} INFO - Setting next_dagrun for example_short_circuit_operator to 2022-12-06T23:36:40.482867+00:00, run_after=2022-12-07T23:36:40.482867+00:00
[2022-12-07T23:36:40.519+0000] {processor.py:176} INFO - Processing /home/airflow/.local/lib/python3.7/site-packages/airflow/example_dags/example_short_circuit_operator.py took 0.437 seconds
[2022-12-07T23:37:10.679+0000] {processor.py:154} INFO - Started process (PID=112) to work on /home/airflow/.local/lib/python3.7/site-packages/airflow/example_dags/example_short_circuit_operator.py
[2022-12-07T23:37:10.680+0000] {processor.py:756} INFO - Processing file /home/airflow/.local/lib/python3.7/site-packages/airflow/example_dags/example_short_circuit_operator.py for tasks to queue
[2022-12-07T23:37:10.682+0000] {logging_mixin.py:137} INFO - [2022-12-07T23:37:10.682+0000] {dagbag.py:537} INFO - Filling up the DagBag from /home/airflow/.local/lib/python3.7/site-packages/airflow/example_dags/example_short_circuit_operator.py
[2022-12-07T23:37:10.709+0000] {processor.py:766} INFO - DAG(s) dict_keys(['example_short_circuit_operator']) retrieved from /home/airflow/.local/lib/python3.7/site-packages/airflow/example_dags/example_short_circuit_operator.py
[2022-12-07T23:37:10.779+0000] {logging_mixin.py:137} INFO - [2022-12-07T23:37:10.779+0000] {dag.py:2585} INFO - Sync 1 DAGs
[2022-12-07T23:37:10.813+0000] {logging_mixin.py:137} INFO - [2022-12-07T23:37:10.813+0000] {dag.py:3340} INFO - Setting next_dagrun for example_short_circuit_operator to 2022-12-06T23:37:10.812840+00:00, run_after=2022-12-07T23:37:10.812840+00:00
[2022-12-07T23:37:10.842+0000] {processor.py:176} INFO - Processing /home/airflow/.local/lib/python3.7/site-packages/airflow/example_dags/example_short_circuit_operator.py took 0.168 seconds
[2022-12-07T23:37:41.711+0000] {processor.py:154} INFO - Started process (PID=168) to work on /home/airflow/.local/lib/python3.7/site-packages/airflow/example_dags/example_short_circuit_operator.py
[2022-12-07T23:37:41.713+0000] {processor.py:756} INFO - Processing file /home/airflow/.local/lib/python3.7/site-packages/airflow/example_dags/example_short_circuit_operator.py for tasks to queue
[2022-12-07T23:37:41.715+0000] {logging_mixin.py:137} INFO - [2022-12-07T23:37:41.714+0000] {dagbag.py:537} INFO - Filling up the DagBag from /home/airflow/.local/lib/python3.7/site-packages/airflow/example_dags/example_short_circuit_operator.py
[2022-12-07T23:37:41.756+0000] {processor.py:766} INFO - DAG(s) dict_keys(['example_short_circuit_operator']) retrieved from /home/airflow/.local/lib/python3.7/site-packages/airflow/example_dags/example_short_circuit_operator.py
[2022-12-07T23:37:41.851+0000] {logging_mixin.py:137} INFO - [2022-12-07T23:37:41.850+0000] {dag.py:2585} INFO - Sync 1 DAGs
[2022-12-07T23:37:41.910+0000] {logging_mixin.py:137} INFO - [2022-12-07T23:37:41.910+0000] {dag.py:3340} INFO - Setting next_dagrun for example_short_circuit_operator to 2022-12-06T23:37:41.909612+00:00, run_after=2022-12-07T23:37:41.909612+00:00
[2022-12-07T23:37:41.949+0000] {processor.py:176} INFO - Processing /home/airflow/.local/lib/python3.7/site-packages/airflow/example_dags/example_short_circuit_operator.py took 0.246 seconds
[2022-12-07T23:38:12.170+0000] {processor.py:154} INFO - Started process (PID=233) to work on /home/airflow/.local/lib/python3.7/site-packages/airflow/example_dags/example_short_circuit_operator.py
[2022-12-07T23:38:12.171+0000] {processor.py:756} INFO - Processing file /home/airflow/.local/lib/python3.7/site-packages/airflow/example_dags/example_short_circuit_operator.py for tasks to queue
[2022-12-07T23:38:12.173+0000] {logging_mixin.py:137} INFO - [2022-12-07T23:38:12.172+0000] {dagbag.py:537} INFO - Filling up the DagBag from /home/airflow/.local/lib/python3.7/site-packages/airflow/example_dags/example_short_circuit_operator.py
[2022-12-07T23:38:12.198+0000] {processor.py:766} INFO - DAG(s) dict_keys(['example_short_circuit_operator']) retrieved from /home/airflow/.local/lib/python3.7/site-packages/airflow/example_dags/example_short_circuit_operator.py
[2022-12-07T23:38:12.256+0000] {logging_mixin.py:137} INFO - [2022-12-07T23:38:12.256+0000] {dag.py:2585} INFO - Sync 1 DAGs
[2022-12-07T23:38:12.300+0000] {logging_mixin.py:137} INFO - [2022-12-07T23:38:12.300+0000] {dag.py:3340} INFO - Setting next_dagrun for example_short_circuit_operator to 2022-12-06T23:38:12.299931+00:00, run_after=2022-12-07T23:38:12.299931+00:00
[2022-12-07T23:38:12.328+0000] {processor.py:176} INFO - Processing /home/airflow/.local/lib/python3.7/site-packages/airflow/example_dags/example_short_circuit_operator.py took 0.163 seconds
[2022-12-07T23:38:42.532+0000] {processor.py:154} INFO - Started process (PID=288) to work on /home/airflow/.local/lib/python3.7/site-packages/airflow/example_dags/example_short_circuit_operator.py
[2022-12-07T23:38:42.534+0000] {processor.py:756} INFO - Processing file /home/airflow/.local/lib/python3.7/site-packages/airflow/example_dags/example_short_circuit_operator.py for tasks to queue
[2022-12-07T23:38:42.535+0000] {logging_mixin.py:137} INFO - [2022-12-07T23:38:42.535+0000] {dagbag.py:537} INFO - Filling up the DagBag from /home/airflow/.local/lib/python3.7/site-packages/airflow/example_dags/example_short_circuit_operator.py
[2022-12-07T23:38:42.558+0000] {processor.py:766} INFO - DAG(s) dict_keys(['example_short_circuit_operator']) retrieved from /home/airflow/.local/lib/python3.7/site-packages/airflow/example_dags/example_short_circuit_operator.py
[2022-12-07T23:38:42.607+0000] {logging_mixin.py:137} INFO - [2022-12-07T23:38:42.607+0000] {dag.py:2585} INFO - Sync 1 DAGs
[2022-12-07T23:38:42.639+0000] {logging_mixin.py:137} INFO - [2022-12-07T23:38:42.639+0000] {dag.py:3340} INFO - Setting next_dagrun for example_short_circuit_operator to 2022-12-06T23:38:42.638797+00:00, run_after=2022-12-07T23:38:42.638797+00:00
[2022-12-07T23:38:42.663+0000] {processor.py:176} INFO - Processing /home/airflow/.local/lib/python3.7/site-packages/airflow/example_dags/example_short_circuit_operator.py took 0.137 seconds
[2022-12-07T23:39:12.863+0000] {processor.py:154} INFO - Started process (PID=352) to work on /home/airflow/.local/lib/python3.7/site-packages/airflow/example_dags/example_short_circuit_operator.py
[2022-12-07T23:39:12.865+0000] {processor.py:756} INFO - Processing file /home/airflow/.local/lib/python3.7/site-packages/airflow/example_dags/example_short_circuit_operator.py for tasks to queue
[2022-12-07T23:39:12.866+0000] {logging_mixin.py:137} INFO - [2022-12-07T23:39:12.866+0000] {dagbag.py:537} INFO - Filling up the DagBag from /home/airflow/.local/lib/python3.7/site-packages/airflow/example_dags/example_short_circuit_operator.py
[2022-12-07T23:39:12.901+0000] {processor.py:766} INFO - DAG(s) dict_keys(['example_short_circuit_operator']) retrieved from /home/airflow/.local/lib/python3.7/site-packages/airflow/example_dags/example_short_circuit_operator.py
[2022-12-07T23:39:12.964+0000] {logging_mixin.py:137} INFO - [2022-12-07T23:39:12.964+0000] {dag.py:2585} INFO - Sync 1 DAGs
[2022-12-07T23:39:13.005+0000] {logging_mixin.py:137} INFO - [2022-12-07T23:39:13.005+0000] {dag.py:3340} INFO - Setting next_dagrun for example_short_circuit_operator to 2022-12-06T23:39:13.004755+00:00, run_after=2022-12-07T23:39:13.004755+00:00
[2022-12-07T23:39:13.038+0000] {processor.py:176} INFO - Processing /home/airflow/.local/lib/python3.7/site-packages/airflow/example_dags/example_short_circuit_operator.py took 0.179 seconds
[2022-12-07T23:39:43.713+0000] {processor.py:154} INFO - Started process (PID=407) to work on /home/airflow/.local/lib/python3.7/site-packages/airflow/example_dags/example_short_circuit_operator.py
[2022-12-07T23:39:43.714+0000] {processor.py:756} INFO - Processing file /home/airflow/.local/lib/python3.7/site-packages/airflow/example_dags/example_short_circuit_operator.py for tasks to queue
[2022-12-07T23:39:43.715+0000] {logging_mixin.py:137} INFO - [2022-12-07T23:39:43.715+0000] {dagbag.py:537} INFO - Filling up the DagBag from /home/airflow/.local/lib/python3.7/site-packages/airflow/example_dags/example_short_circuit_operator.py
[2022-12-07T23:39:43.735+0000] {processor.py:766} INFO - DAG(s) dict_keys(['example_short_circuit_operator']) retrieved from /home/airflow/.local/lib/python3.7/site-packages/airflow/example_dags/example_short_circuit_operator.py
[2022-12-07T23:39:43.784+0000] {logging_mixin.py:137} INFO - [2022-12-07T23:39:43.783+0000] {dag.py:2585} INFO - Sync 1 DAGs
[2022-12-07T23:39:43.818+0000] {logging_mixin.py:137} INFO - [2022-12-07T23:39:43.818+0000] {dag.py:3340} INFO - Setting next_dagrun for example_short_circuit_operator to 2022-12-06T23:39:43.817669+00:00, run_after=2022-12-07T23:39:43.817669+00:00
[2022-12-07T23:39:43.849+0000] {processor.py:176} INFO - Processing /home/airflow/.local/lib/python3.7/site-packages/airflow/example_dags/example_short_circuit_operator.py took 0.139 seconds
[2022-12-07T23:40:14.238+0000] {processor.py:154} INFO - Started process (PID=471) to work on /home/airflow/.local/lib/python3.7/site-packages/airflow/example_dags/example_short_circuit_operator.py
[2022-12-07T23:40:14.240+0000] {processor.py:756} INFO - Processing file /home/airflow/.local/lib/python3.7/site-packages/airflow/example_dags/example_short_circuit_operator.py for tasks to queue
[2022-12-07T23:40:14.241+0000] {logging_mixin.py:137} INFO - [2022-12-07T23:40:14.240+0000] {dagbag.py:537} INFO - Filling up the DagBag from /home/airflow/.local/lib/python3.7/site-packages/airflow/example_dags/example_short_circuit_operator.py
[2022-12-07T23:40:14.260+0000] {processor.py:766} INFO - DAG(s) dict_keys(['example_short_circuit_operator']) retrieved from /home/airflow/.local/lib/python3.7/site-packages/airflow/example_dags/example_short_circuit_operator.py
[2022-12-07T23:40:14.310+0000] {logging_mixin.py:137} INFO - [2022-12-07T23:40:14.310+0000] {dag.py:2585} INFO - Sync 1 DAGs
[2022-12-07T23:40:14.346+0000] {logging_mixin.py:137} INFO - [2022-12-07T23:40:14.345+0000] {dag.py:3340} INFO - Setting next_dagrun for example_short_circuit_operator to 2022-12-06T23:40:14.345554+00:00, run_after=2022-12-07T23:40:14.345554+00:00
[2022-12-07T23:40:14.369+0000] {processor.py:176} INFO - Processing /home/airflow/.local/lib/python3.7/site-packages/airflow/example_dags/example_short_circuit_operator.py took 0.135 seconds
[2022-12-07T23:40:45.283+0000] {processor.py:154} INFO - Started process (PID=526) to work on /home/airflow/.local/lib/python3.7/site-packages/airflow/example_dags/example_short_circuit_operator.py
[2022-12-07T23:40:45.284+0000] {processor.py:756} INFO - Processing file /home/airflow/.local/lib/python3.7/site-packages/airflow/example_dags/example_short_circuit_operator.py for tasks to queue
[2022-12-07T23:40:45.285+0000] {logging_mixin.py:137} INFO - [2022-12-07T23:40:45.285+0000] {dagbag.py:537} INFO - Filling up the DagBag from /home/airflow/.local/lib/python3.7/site-packages/airflow/example_dags/example_short_circuit_operator.py
[2022-12-07T23:40:45.309+0000] {processor.py:766} INFO - DAG(s) dict_keys(['example_short_circuit_operator']) retrieved from /home/airflow/.local/lib/python3.7/site-packages/airflow/example_dags/example_short_circuit_operator.py
[2022-12-07T23:40:45.365+0000] {logging_mixin.py:137} INFO - [2022-12-07T23:40:45.365+0000] {dag.py:2585} INFO - Sync 1 DAGs
[2022-12-07T23:40:45.409+0000] {logging_mixin.py:137} INFO - [2022-12-07T23:40:45.409+0000] {dag.py:3340} INFO - Setting next_dagrun for example_short_circuit_operator to 2022-12-06T23:40:45.409032+00:00, run_after=2022-12-07T23:40:45.409032+00:00
[2022-12-07T23:40:45.436+0000] {processor.py:176} INFO - Processing /home/airflow/.local/lib/python3.7/site-packages/airflow/example_dags/example_short_circuit_operator.py took 0.157 seconds
[2022-12-07T23:45:15.582+0000] {processor.py:154} INFO - Started process (PID=49) to work on /home/airflow/.local/lib/python3.7/site-packages/airflow/example_dags/example_short_circuit_operator.py
[2022-12-07T23:45:15.584+0000] {processor.py:756} INFO - Processing file /home/airflow/.local/lib/python3.7/site-packages/airflow/example_dags/example_short_circuit_operator.py for tasks to queue
[2022-12-07T23:45:15.589+0000] {logging_mixin.py:137} INFO - [2022-12-07T23:45:15.587+0000] {dagbag.py:537} INFO - Filling up the DagBag from /home/airflow/.local/lib/python3.7/site-packages/airflow/example_dags/example_short_circuit_operator.py
[2022-12-07T23:45:15.653+0000] {processor.py:766} INFO - DAG(s) dict_keys(['example_short_circuit_operator']) retrieved from /home/airflow/.local/lib/python3.7/site-packages/airflow/example_dags/example_short_circuit_operator.py
[2022-12-07T23:45:15.753+0000] {logging_mixin.py:137} INFO - [2022-12-07T23:45:15.753+0000] {dag.py:2585} INFO - Sync 1 DAGs
[2022-12-07T23:45:15.818+0000] {logging_mixin.py:137} INFO - [2022-12-07T23:45:15.818+0000] {dag.py:3340} INFO - Setting next_dagrun for example_short_circuit_operator to 2022-12-06T23:45:15.817651+00:00, run_after=2022-12-07T23:45:15.817651+00:00
[2022-12-07T23:45:15.865+0000] {processor.py:176} INFO - Processing /home/airflow/.local/lib/python3.7/site-packages/airflow/example_dags/example_short_circuit_operator.py took 0.290 seconds
[2022-12-07T23:45:46.725+0000] {processor.py:154} INFO - Started process (PID=104) to work on /home/airflow/.local/lib/python3.7/site-packages/airflow/example_dags/example_short_circuit_operator.py
[2022-12-07T23:45:46.727+0000] {processor.py:756} INFO - Processing file /home/airflow/.local/lib/python3.7/site-packages/airflow/example_dags/example_short_circuit_operator.py for tasks to queue
[2022-12-07T23:45:46.730+0000] {logging_mixin.py:137} INFO - [2022-12-07T23:45:46.730+0000] {dagbag.py:537} INFO - Filling up the DagBag from /home/airflow/.local/lib/python3.7/site-packages/airflow/example_dags/example_short_circuit_operator.py
[2022-12-07T23:45:46.775+0000] {processor.py:766} INFO - DAG(s) dict_keys(['example_short_circuit_operator']) retrieved from /home/airflow/.local/lib/python3.7/site-packages/airflow/example_dags/example_short_circuit_operator.py
[2022-12-07T23:45:46.850+0000] {logging_mixin.py:137} INFO - [2022-12-07T23:45:46.850+0000] {dag.py:2585} INFO - Sync 1 DAGs
[2022-12-07T23:45:46.890+0000] {logging_mixin.py:137} INFO - [2022-12-07T23:45:46.890+0000] {dag.py:3340} INFO - Setting next_dagrun for example_short_circuit_operator to 2022-12-06T23:45:46.889870+00:00, run_after=2022-12-07T23:45:46.889870+00:00
[2022-12-07T23:45:46.921+0000] {processor.py:176} INFO - Processing /home/airflow/.local/lib/python3.7/site-packages/airflow/example_dags/example_short_circuit_operator.py took 0.200 seconds
[2022-12-07T23:46:17.083+0000] {processor.py:154} INFO - Started process (PID=171) to work on /home/airflow/.local/lib/python3.7/site-packages/airflow/example_dags/example_short_circuit_operator.py
[2022-12-07T23:46:17.084+0000] {processor.py:756} INFO - Processing file /home/airflow/.local/lib/python3.7/site-packages/airflow/example_dags/example_short_circuit_operator.py for tasks to queue
[2022-12-07T23:46:17.086+0000] {logging_mixin.py:137} INFO - [2022-12-07T23:46:17.085+0000] {dagbag.py:537} INFO - Filling up the DagBag from /home/airflow/.local/lib/python3.7/site-packages/airflow/example_dags/example_short_circuit_operator.py
[2022-12-07T23:46:17.112+0000] {processor.py:766} INFO - DAG(s) dict_keys(['example_short_circuit_operator']) retrieved from /home/airflow/.local/lib/python3.7/site-packages/airflow/example_dags/example_short_circuit_operator.py
[2022-12-07T23:46:17.192+0000] {logging_mixin.py:137} INFO - [2022-12-07T23:46:17.189+0000] {dag.py:2585} INFO - Sync 1 DAGs
[2022-12-07T23:46:17.247+0000] {logging_mixin.py:137} INFO - [2022-12-07T23:46:17.247+0000] {dag.py:3340} INFO - Setting next_dagrun for example_short_circuit_operator to 2022-12-06T23:46:17.246830+00:00, run_after=2022-12-07T23:46:17.246830+00:00
[2022-12-07T23:46:17.277+0000] {processor.py:176} INFO - Processing /home/airflow/.local/lib/python3.7/site-packages/airflow/example_dags/example_short_circuit_operator.py took 0.200 seconds
[2022-12-07T23:46:48.086+0000] {processor.py:154} INFO - Started process (PID=235) to work on /home/airflow/.local/lib/python3.7/site-packages/airflow/example_dags/example_short_circuit_operator.py
[2022-12-07T23:46:48.088+0000] {processor.py:756} INFO - Processing file /home/airflow/.local/lib/python3.7/site-packages/airflow/example_dags/example_short_circuit_operator.py for tasks to queue
[2022-12-07T23:46:48.089+0000] {logging_mixin.py:137} INFO - [2022-12-07T23:46:48.089+0000] {dagbag.py:537} INFO - Filling up the DagBag from /home/airflow/.local/lib/python3.7/site-packages/airflow/example_dags/example_short_circuit_operator.py
[2022-12-07T23:46:48.115+0000] {processor.py:766} INFO - DAG(s) dict_keys(['example_short_circuit_operator']) retrieved from /home/airflow/.local/lib/python3.7/site-packages/airflow/example_dags/example_short_circuit_operator.py
[2022-12-07T23:46:48.181+0000] {logging_mixin.py:137} INFO - [2022-12-07T23:46:48.180+0000] {dag.py:2585} INFO - Sync 1 DAGs
[2022-12-07T23:46:48.224+0000] {logging_mixin.py:137} INFO - [2022-12-07T23:46:48.224+0000] {dag.py:3340} INFO - Setting next_dagrun for example_short_circuit_operator to 2022-12-06T23:46:48.223974+00:00, run_after=2022-12-07T23:46:48.223974+00:00
[2022-12-07T23:46:48.259+0000] {processor.py:176} INFO - Processing /home/airflow/.local/lib/python3.7/site-packages/airflow/example_dags/example_short_circuit_operator.py took 0.178 seconds
[2022-12-07T23:47:18.536+0000] {processor.py:154} INFO - Started process (PID=290) to work on /home/airflow/.local/lib/python3.7/site-packages/airflow/example_dags/example_short_circuit_operator.py
[2022-12-07T23:47:18.537+0000] {processor.py:756} INFO - Processing file /home/airflow/.local/lib/python3.7/site-packages/airflow/example_dags/example_short_circuit_operator.py for tasks to queue
[2022-12-07T23:47:18.539+0000] {logging_mixin.py:137} INFO - [2022-12-07T23:47:18.539+0000] {dagbag.py:537} INFO - Filling up the DagBag from /home/airflow/.local/lib/python3.7/site-packages/airflow/example_dags/example_short_circuit_operator.py
[2022-12-07T23:47:18.565+0000] {processor.py:766} INFO - DAG(s) dict_keys(['example_short_circuit_operator']) retrieved from /home/airflow/.local/lib/python3.7/site-packages/airflow/example_dags/example_short_circuit_operator.py
[2022-12-07T23:47:18.642+0000] {logging_mixin.py:137} INFO - [2022-12-07T23:47:18.642+0000] {dag.py:2585} INFO - Sync 1 DAGs
[2022-12-07T23:47:18.680+0000] {logging_mixin.py:137} INFO - [2022-12-07T23:47:18.680+0000] {dag.py:3340} INFO - Setting next_dagrun for example_short_circuit_operator to 2022-12-06T23:47:18.679860+00:00, run_after=2022-12-07T23:47:18.679860+00:00
[2022-12-07T23:47:18.711+0000] {processor.py:176} INFO - Processing /home/airflow/.local/lib/python3.7/site-packages/airflow/example_dags/example_short_circuit_operator.py took 0.180 seconds
[2022-12-07T23:47:49.616+0000] {processor.py:154} INFO - Started process (PID=354) to work on /home/airflow/.local/lib/python3.7/site-packages/airflow/example_dags/example_short_circuit_operator.py
[2022-12-07T23:47:49.617+0000] {processor.py:756} INFO - Processing file /home/airflow/.local/lib/python3.7/site-packages/airflow/example_dags/example_short_circuit_operator.py for tasks to queue
[2022-12-07T23:47:49.618+0000] {logging_mixin.py:137} INFO - [2022-12-07T23:47:49.618+0000] {dagbag.py:537} INFO - Filling up the DagBag from /home/airflow/.local/lib/python3.7/site-packages/airflow/example_dags/example_short_circuit_operator.py
[2022-12-07T23:47:49.640+0000] {processor.py:766} INFO - DAG(s) dict_keys(['example_short_circuit_operator']) retrieved from /home/airflow/.local/lib/python3.7/site-packages/airflow/example_dags/example_short_circuit_operator.py
[2022-12-07T23:47:49.693+0000] {logging_mixin.py:137} INFO - [2022-12-07T23:47:49.693+0000] {dag.py:2585} INFO - Sync 1 DAGs
[2022-12-07T23:47:49.741+0000] {logging_mixin.py:137} INFO - [2022-12-07T23:47:49.741+0000] {dag.py:3340} INFO - Setting next_dagrun for example_short_circuit_operator to 2022-12-06T23:47:49.740681+00:00, run_after=2022-12-07T23:47:49.740681+00:00
[2022-12-07T23:47:49.778+0000] {processor.py:176} INFO - Processing /home/airflow/.local/lib/python3.7/site-packages/airflow/example_dags/example_short_circuit_operator.py took 0.167 seconds
[2022-12-07T23:48:20.649+0000] {processor.py:154} INFO - Started process (PID=416) to work on /home/airflow/.local/lib/python3.7/site-packages/airflow/example_dags/example_short_circuit_operator.py
[2022-12-07T23:48:20.651+0000] {processor.py:756} INFO - Processing file /home/airflow/.local/lib/python3.7/site-packages/airflow/example_dags/example_short_circuit_operator.py for tasks to queue
[2022-12-07T23:48:20.653+0000] {logging_mixin.py:137} INFO - [2022-12-07T23:48:20.653+0000] {dagbag.py:537} INFO - Filling up the DagBag from /home/airflow/.local/lib/python3.7/site-packages/airflow/example_dags/example_short_circuit_operator.py
[2022-12-07T23:48:20.713+0000] {processor.py:766} INFO - DAG(s) dict_keys(['example_short_circuit_operator']) retrieved from /home/airflow/.local/lib/python3.7/site-packages/airflow/example_dags/example_short_circuit_operator.py
[2022-12-07T23:48:20.815+0000] {logging_mixin.py:137} INFO - [2022-12-07T23:48:20.815+0000] {dag.py:2585} INFO - Sync 1 DAGs
[2022-12-07T23:48:20.886+0000] {logging_mixin.py:137} INFO - [2022-12-07T23:48:20.886+0000] {dag.py:3340} INFO - Setting next_dagrun for example_short_circuit_operator to 2022-12-06T23:48:20.885288+00:00, run_after=2022-12-07T23:48:20.885288+00:00
[2022-12-07T23:48:20.937+0000] {processor.py:176} INFO - Processing /home/airflow/.local/lib/python3.7/site-packages/airflow/example_dags/example_short_circuit_operator.py took 0.297 seconds
[2022-12-07T23:48:51.106+0000] {processor.py:154} INFO - Started process (PID=484) to work on /home/airflow/.local/lib/python3.7/site-packages/airflow/example_dags/example_short_circuit_operator.py
[2022-12-07T23:48:51.107+0000] {processor.py:756} INFO - Processing file /home/airflow/.local/lib/python3.7/site-packages/airflow/example_dags/example_short_circuit_operator.py for tasks to queue
[2022-12-07T23:48:51.108+0000] {logging_mixin.py:137} INFO - [2022-12-07T23:48:51.108+0000] {dagbag.py:537} INFO - Filling up the DagBag from /home/airflow/.local/lib/python3.7/site-packages/airflow/example_dags/example_short_circuit_operator.py
[2022-12-07T23:48:51.128+0000] {processor.py:766} INFO - DAG(s) dict_keys(['example_short_circuit_operator']) retrieved from /home/airflow/.local/lib/python3.7/site-packages/airflow/example_dags/example_short_circuit_operator.py
[2022-12-07T23:48:51.180+0000] {logging_mixin.py:137} INFO - [2022-12-07T23:48:51.180+0000] {dag.py:2585} INFO - Sync 1 DAGs
[2022-12-07T23:48:51.213+0000] {logging_mixin.py:137} INFO - [2022-12-07T23:48:51.213+0000] {dag.py:3340} INFO - Setting next_dagrun for example_short_circuit_operator to 2022-12-06T23:48:51.212966+00:00, run_after=2022-12-07T23:48:51.212966+00:00
[2022-12-07T23:48:51.237+0000] {processor.py:176} INFO - Processing /home/airflow/.local/lib/python3.7/site-packages/airflow/example_dags/example_short_circuit_operator.py took 0.134 seconds
[2022-12-07T23:49:21.573+0000] {processor.py:154} INFO - Started process (PID=539) to work on /home/airflow/.local/lib/python3.7/site-packages/airflow/example_dags/example_short_circuit_operator.py
[2022-12-07T23:49:21.574+0000] {processor.py:756} INFO - Processing file /home/airflow/.local/lib/python3.7/site-packages/airflow/example_dags/example_short_circuit_operator.py for tasks to queue
[2022-12-07T23:49:21.575+0000] {logging_mixin.py:137} INFO - [2022-12-07T23:49:21.575+0000] {dagbag.py:537} INFO - Filling up the DagBag from /home/airflow/.local/lib/python3.7/site-packages/airflow/example_dags/example_short_circuit_operator.py
[2022-12-07T23:49:21.596+0000] {processor.py:766} INFO - DAG(s) dict_keys(['example_short_circuit_operator']) retrieved from /home/airflow/.local/lib/python3.7/site-packages/airflow/example_dags/example_short_circuit_operator.py
[2022-12-07T23:49:21.643+0000] {logging_mixin.py:137} INFO - [2022-12-07T23:49:21.643+0000] {dag.py:2585} INFO - Sync 1 DAGs
[2022-12-07T23:49:21.674+0000] {logging_mixin.py:137} INFO - [2022-12-07T23:49:21.674+0000] {dag.py:3340} INFO - Setting next_dagrun for example_short_circuit_operator to 2022-12-06T23:49:21.674244+00:00, run_after=2022-12-07T23:49:21.674244+00:00
[2022-12-07T23:49:21.703+0000] {processor.py:176} INFO - Processing /home/airflow/.local/lib/python3.7/site-packages/airflow/example_dags/example_short_circuit_operator.py took 0.133 seconds
[2022-12-07T23:49:51.869+0000] {processor.py:154} INFO - Started process (PID=603) to work on /home/airflow/.local/lib/python3.7/site-packages/airflow/example_dags/example_short_circuit_operator.py
[2022-12-07T23:49:51.870+0000] {processor.py:756} INFO - Processing file /home/airflow/.local/lib/python3.7/site-packages/airflow/example_dags/example_short_circuit_operator.py for tasks to queue
[2022-12-07T23:49:51.871+0000] {logging_mixin.py:137} INFO - [2022-12-07T23:49:51.871+0000] {dagbag.py:537} INFO - Filling up the DagBag from /home/airflow/.local/lib/python3.7/site-packages/airflow/example_dags/example_short_circuit_operator.py
[2022-12-07T23:49:51.890+0000] {processor.py:766} INFO - DAG(s) dict_keys(['example_short_circuit_operator']) retrieved from /home/airflow/.local/lib/python3.7/site-packages/airflow/example_dags/example_short_circuit_operator.py
[2022-12-07T23:49:51.935+0000] {logging_mixin.py:137} INFO - [2022-12-07T23:49:51.935+0000] {dag.py:2585} INFO - Sync 1 DAGs
[2022-12-07T23:49:51.964+0000] {logging_mixin.py:137} INFO - [2022-12-07T23:49:51.963+0000] {dag.py:3340} INFO - Setting next_dagrun for example_short_circuit_operator to 2022-12-06T23:49:51.963638+00:00, run_after=2022-12-07T23:49:51.963638+00:00
[2022-12-07T23:49:51.996+0000] {processor.py:176} INFO - Processing /home/airflow/.local/lib/python3.7/site-packages/airflow/example_dags/example_short_circuit_operator.py took 0.131 seconds
[2022-12-07T23:50:22.710+0000] {processor.py:154} INFO - Started process (PID=666) to work on /home/airflow/.local/lib/python3.7/site-packages/airflow/example_dags/example_short_circuit_operator.py
[2022-12-07T23:50:22.712+0000] {processor.py:756} INFO - Processing file /home/airflow/.local/lib/python3.7/site-packages/airflow/example_dags/example_short_circuit_operator.py for tasks to queue
[2022-12-07T23:50:22.714+0000] {logging_mixin.py:137} INFO - [2022-12-07T23:50:22.714+0000] {dagbag.py:537} INFO - Filling up the DagBag from /home/airflow/.local/lib/python3.7/site-packages/airflow/example_dags/example_short_circuit_operator.py
[2022-12-07T23:50:22.743+0000] {processor.py:766} INFO - DAG(s) dict_keys(['example_short_circuit_operator']) retrieved from /home/airflow/.local/lib/python3.7/site-packages/airflow/example_dags/example_short_circuit_operator.py
[2022-12-07T23:50:22.808+0000] {logging_mixin.py:137} INFO - [2022-12-07T23:50:22.808+0000] {dag.py:2585} INFO - Sync 1 DAGs
[2022-12-07T23:50:22.852+0000] {logging_mixin.py:137} INFO - [2022-12-07T23:50:22.852+0000] {dag.py:3340} INFO - Setting next_dagrun for example_short_circuit_operator to 2022-12-06T23:50:22.852208+00:00, run_after=2022-12-07T23:50:22.852208+00:00
[2022-12-07T23:50:22.896+0000] {processor.py:176} INFO - Processing /home/airflow/.local/lib/python3.7/site-packages/airflow/example_dags/example_short_circuit_operator.py took 0.196 seconds
[2022-12-07T23:50:53.172+0000] {processor.py:154} INFO - Started process (PID=723) to work on /home/airflow/.local/lib/python3.7/site-packages/airflow/example_dags/example_short_circuit_operator.py
[2022-12-07T23:50:53.173+0000] {processor.py:756} INFO - Processing file /home/airflow/.local/lib/python3.7/site-packages/airflow/example_dags/example_short_circuit_operator.py for tasks to queue
[2022-12-07T23:50:53.174+0000] {logging_mixin.py:137} INFO - [2022-12-07T23:50:53.174+0000] {dagbag.py:537} INFO - Filling up the DagBag from /home/airflow/.local/lib/python3.7/site-packages/airflow/example_dags/example_short_circuit_operator.py
[2022-12-07T23:50:53.197+0000] {processor.py:766} INFO - DAG(s) dict_keys(['example_short_circuit_operator']) retrieved from /home/airflow/.local/lib/python3.7/site-packages/airflow/example_dags/example_short_circuit_operator.py
[2022-12-07T23:50:53.254+0000] {logging_mixin.py:137} INFO - [2022-12-07T23:50:53.254+0000] {dag.py:2585} INFO - Sync 1 DAGs
[2022-12-07T23:50:53.306+0000] {logging_mixin.py:137} INFO - [2022-12-07T23:50:53.306+0000] {dag.py:3340} INFO - Setting next_dagrun for example_short_circuit_operator to 2022-12-06T23:50:53.306050+00:00, run_after=2022-12-07T23:50:53.306050+00:00
[2022-12-07T23:50:53.344+0000] {processor.py:176} INFO - Processing /home/airflow/.local/lib/python3.7/site-packages/airflow/example_dags/example_short_circuit_operator.py took 0.176 seconds
[2022-12-07T23:51:23.713+0000] {processor.py:154} INFO - Started process (PID=787) to work on /home/airflow/.local/lib/python3.7/site-packages/airflow/example_dags/example_short_circuit_operator.py
[2022-12-07T23:51:23.714+0000] {processor.py:756} INFO - Processing file /home/airflow/.local/lib/python3.7/site-packages/airflow/example_dags/example_short_circuit_operator.py for tasks to queue
[2022-12-07T23:51:23.715+0000] {logging_mixin.py:137} INFO - [2022-12-07T23:51:23.715+0000] {dagbag.py:537} INFO - Filling up the DagBag from /home/airflow/.local/lib/python3.7/site-packages/airflow/example_dags/example_short_circuit_operator.py
[2022-12-07T23:51:23.739+0000] {processor.py:766} INFO - DAG(s) dict_keys(['example_short_circuit_operator']) retrieved from /home/airflow/.local/lib/python3.7/site-packages/airflow/example_dags/example_short_circuit_operator.py
[2022-12-07T23:51:23.802+0000] {logging_mixin.py:137} INFO - [2022-12-07T23:51:23.801+0000] {dag.py:2585} INFO - Sync 1 DAGs
[2022-12-07T23:51:23.847+0000] {logging_mixin.py:137} INFO - [2022-12-07T23:51:23.847+0000] {dag.py:3340} INFO - Setting next_dagrun for example_short_circuit_operator to 2022-12-06T23:51:23.847258+00:00, run_after=2022-12-07T23:51:23.847258+00:00
[2022-12-07T23:51:23.886+0000] {processor.py:176} INFO - Processing /home/airflow/.local/lib/python3.7/site-packages/airflow/example_dags/example_short_circuit_operator.py took 0.177 seconds
[2022-12-07T23:51:54.594+0000] {processor.py:154} INFO - Started process (PID=842) to work on /home/airflow/.local/lib/python3.7/site-packages/airflow/example_dags/example_short_circuit_operator.py
[2022-12-07T23:51:54.596+0000] {processor.py:756} INFO - Processing file /home/airflow/.local/lib/python3.7/site-packages/airflow/example_dags/example_short_circuit_operator.py for tasks to queue
[2022-12-07T23:51:54.598+0000] {logging_mixin.py:137} INFO - [2022-12-07T23:51:54.598+0000] {dagbag.py:537} INFO - Filling up the DagBag from /home/airflow/.local/lib/python3.7/site-packages/airflow/example_dags/example_short_circuit_operator.py
[2022-12-07T23:51:54.627+0000] {processor.py:766} INFO - DAG(s) dict_keys(['example_short_circuit_operator']) retrieved from /home/airflow/.local/lib/python3.7/site-packages/airflow/example_dags/example_short_circuit_operator.py
[2022-12-07T23:51:54.688+0000] {logging_mixin.py:137} INFO - [2022-12-07T23:51:54.688+0000] {dag.py:2585} INFO - Sync 1 DAGs
[2022-12-07T23:51:54.733+0000] {logging_mixin.py:137} INFO - [2022-12-07T23:51:54.733+0000] {dag.py:3340} INFO - Setting next_dagrun for example_short_circuit_operator to 2022-12-06T23:51:54.732606+00:00, run_after=2022-12-07T23:51:54.732606+00:00
[2022-12-07T23:51:54.770+0000] {processor.py:176} INFO - Processing /home/airflow/.local/lib/python3.7/site-packages/airflow/example_dags/example_short_circuit_operator.py took 0.182 seconds
[2022-12-07T23:52:25.555+0000] {processor.py:154} INFO - Started process (PID=906) to work on /home/airflow/.local/lib/python3.7/site-packages/airflow/example_dags/example_short_circuit_operator.py
[2022-12-07T23:52:25.556+0000] {processor.py:756} INFO - Processing file /home/airflow/.local/lib/python3.7/site-packages/airflow/example_dags/example_short_circuit_operator.py for tasks to queue
[2022-12-07T23:52:25.557+0000] {logging_mixin.py:137} INFO - [2022-12-07T23:52:25.557+0000] {dagbag.py:537} INFO - Filling up the DagBag from /home/airflow/.local/lib/python3.7/site-packages/airflow/example_dags/example_short_circuit_operator.py
[2022-12-07T23:52:25.585+0000] {processor.py:766} INFO - DAG(s) dict_keys(['example_short_circuit_operator']) retrieved from /home/airflow/.local/lib/python3.7/site-packages/airflow/example_dags/example_short_circuit_operator.py
[2022-12-07T23:52:25.646+0000] {logging_mixin.py:137} INFO - [2022-12-07T23:52:25.646+0000] {dag.py:2585} INFO - Sync 1 DAGs
[2022-12-07T23:52:25.684+0000] {logging_mixin.py:137} INFO - [2022-12-07T23:52:25.684+0000] {dag.py:3340} INFO - Setting next_dagrun for example_short_circuit_operator to 2022-12-06T23:52:25.683484+00:00, run_after=2022-12-07T23:52:25.683484+00:00
[2022-12-07T23:52:25.714+0000] {processor.py:176} INFO - Processing /home/airflow/.local/lib/python3.7/site-packages/airflow/example_dags/example_short_circuit_operator.py took 0.165 seconds
[2022-12-07T23:52:56.125+0000] {processor.py:154} INFO - Started process (PID=966) to work on /home/airflow/.local/lib/python3.7/site-packages/airflow/example_dags/example_short_circuit_operator.py
[2022-12-07T23:52:56.126+0000] {processor.py:756} INFO - Processing file /home/airflow/.local/lib/python3.7/site-packages/airflow/example_dags/example_short_circuit_operator.py for tasks to queue
[2022-12-07T23:52:56.128+0000] {logging_mixin.py:137} INFO - [2022-12-07T23:52:56.127+0000] {dagbag.py:537} INFO - Filling up the DagBag from /home/airflow/.local/lib/python3.7/site-packages/airflow/example_dags/example_short_circuit_operator.py
[2022-12-07T23:52:56.151+0000] {processor.py:766} INFO - DAG(s) dict_keys(['example_short_circuit_operator']) retrieved from /home/airflow/.local/lib/python3.7/site-packages/airflow/example_dags/example_short_circuit_operator.py
[2022-12-07T23:52:56.210+0000] {logging_mixin.py:137} INFO - [2022-12-07T23:52:56.209+0000] {dag.py:2585} INFO - Sync 1 DAGs
[2022-12-07T23:52:56.251+0000] {logging_mixin.py:137} INFO - [2022-12-07T23:52:56.250+0000] {dag.py:3340} INFO - Setting next_dagrun for example_short_circuit_operator to 2022-12-06T23:52:56.250308+00:00, run_after=2022-12-07T23:52:56.250308+00:00
[2022-12-07T23:52:56.281+0000] {processor.py:176} INFO - Processing /home/airflow/.local/lib/python3.7/site-packages/airflow/example_dags/example_short_circuit_operator.py took 0.161 seconds
[2022-12-07T23:53:26.510+0000] {processor.py:154} INFO - Started process (PID=1030) to work on /home/airflow/.local/lib/python3.7/site-packages/airflow/example_dags/example_short_circuit_operator.py
[2022-12-07T23:53:26.512+0000] {processor.py:756} INFO - Processing file /home/airflow/.local/lib/python3.7/site-packages/airflow/example_dags/example_short_circuit_operator.py for tasks to queue
[2022-12-07T23:53:26.513+0000] {logging_mixin.py:137} INFO - [2022-12-07T23:53:26.513+0000] {dagbag.py:537} INFO - Filling up the DagBag from /home/airflow/.local/lib/python3.7/site-packages/airflow/example_dags/example_short_circuit_operator.py
[2022-12-07T23:53:26.532+0000] {processor.py:766} INFO - DAG(s) dict_keys(['example_short_circuit_operator']) retrieved from /home/airflow/.local/lib/python3.7/site-packages/airflow/example_dags/example_short_circuit_operator.py
[2022-12-07T23:53:26.586+0000] {logging_mixin.py:137} INFO - [2022-12-07T23:53:26.585+0000] {dag.py:2585} INFO - Sync 1 DAGs
[2022-12-07T23:53:26.620+0000] {logging_mixin.py:137} INFO - [2022-12-07T23:53:26.620+0000] {dag.py:3340} INFO - Setting next_dagrun for example_short_circuit_operator to 2022-12-06T23:53:26.620225+00:00, run_after=2022-12-07T23:53:26.620225+00:00
[2022-12-07T23:53:26.647+0000] {processor.py:176} INFO - Processing /home/airflow/.local/lib/python3.7/site-packages/airflow/example_dags/example_short_circuit_operator.py took 0.142 seconds
[2022-12-07T23:53:57.370+0000] {processor.py:154} INFO - Started process (PID=1085) to work on /home/airflow/.local/lib/python3.7/site-packages/airflow/example_dags/example_short_circuit_operator.py
[2022-12-07T23:53:57.371+0000] {processor.py:756} INFO - Processing file /home/airflow/.local/lib/python3.7/site-packages/airflow/example_dags/example_short_circuit_operator.py for tasks to queue
[2022-12-07T23:53:57.372+0000] {logging_mixin.py:137} INFO - [2022-12-07T23:53:57.372+0000] {dagbag.py:537} INFO - Filling up the DagBag from /home/airflow/.local/lib/python3.7/site-packages/airflow/example_dags/example_short_circuit_operator.py
[2022-12-07T23:53:57.411+0000] {processor.py:766} INFO - DAG(s) dict_keys(['example_short_circuit_operator']) retrieved from /home/airflow/.local/lib/python3.7/site-packages/airflow/example_dags/example_short_circuit_operator.py
[2022-12-07T23:53:57.516+0000] {logging_mixin.py:137} INFO - [2022-12-07T23:53:57.516+0000] {dag.py:2585} INFO - Sync 1 DAGs
[2022-12-07T23:53:57.562+0000] {logging_mixin.py:137} INFO - [2022-12-07T23:53:57.561+0000] {dag.py:3340} INFO - Setting next_dagrun for example_short_circuit_operator to 2022-12-06T23:53:57.561536+00:00, run_after=2022-12-07T23:53:57.561536+00:00
[2022-12-07T23:53:57.604+0000] {processor.py:176} INFO - Processing /home/airflow/.local/lib/python3.7/site-packages/airflow/example_dags/example_short_circuit_operator.py took 0.237 seconds
[2022-12-07T23:54:27.854+0000] {processor.py:154} INFO - Started process (PID=1155) to work on /home/airflow/.local/lib/python3.7/site-packages/airflow/example_dags/example_short_circuit_operator.py
[2022-12-07T23:54:27.857+0000] {processor.py:756} INFO - Processing file /home/airflow/.local/lib/python3.7/site-packages/airflow/example_dags/example_short_circuit_operator.py for tasks to queue
[2022-12-07T23:54:27.859+0000] {logging_mixin.py:137} INFO - [2022-12-07T23:54:27.859+0000] {dagbag.py:537} INFO - Filling up the DagBag from /home/airflow/.local/lib/python3.7/site-packages/airflow/example_dags/example_short_circuit_operator.py
[2022-12-07T23:54:27.895+0000] {processor.py:766} INFO - DAG(s) dict_keys(['example_short_circuit_operator']) retrieved from /home/airflow/.local/lib/python3.7/site-packages/airflow/example_dags/example_short_circuit_operator.py
[2022-12-07T23:54:27.970+0000] {logging_mixin.py:137} INFO - [2022-12-07T23:54:27.970+0000] {dag.py:2585} INFO - Sync 1 DAGs
[2022-12-07T23:54:28.021+0000] {logging_mixin.py:137} INFO - [2022-12-07T23:54:28.021+0000] {dag.py:3340} INFO - Setting next_dagrun for example_short_circuit_operator to 2022-12-06T23:54:28.020686+00:00, run_after=2022-12-07T23:54:28.020686+00:00
[2022-12-07T23:54:28.079+0000] {processor.py:176} INFO - Processing /home/airflow/.local/lib/python3.7/site-packages/airflow/example_dags/example_short_circuit_operator.py took 0.231 seconds
[2022-12-07T23:54:58.545+0000] {processor.py:154} INFO - Started process (PID=1210) to work on /home/airflow/.local/lib/python3.7/site-packages/airflow/example_dags/example_short_circuit_operator.py
[2022-12-07T23:54:58.547+0000] {processor.py:756} INFO - Processing file /home/airflow/.local/lib/python3.7/site-packages/airflow/example_dags/example_short_circuit_operator.py for tasks to queue
[2022-12-07T23:54:58.549+0000] {logging_mixin.py:137} INFO - [2022-12-07T23:54:58.548+0000] {dagbag.py:537} INFO - Filling up the DagBag from /home/airflow/.local/lib/python3.7/site-packages/airflow/example_dags/example_short_circuit_operator.py
[2022-12-07T23:54:58.577+0000] {processor.py:766} INFO - DAG(s) dict_keys(['example_short_circuit_operator']) retrieved from /home/airflow/.local/lib/python3.7/site-packages/airflow/example_dags/example_short_circuit_operator.py
[2022-12-07T23:54:58.645+0000] {logging_mixin.py:137} INFO - [2022-12-07T23:54:58.645+0000] {dag.py:2585} INFO - Sync 1 DAGs
[2022-12-07T23:54:58.692+0000] {logging_mixin.py:137} INFO - [2022-12-07T23:54:58.692+0000] {dag.py:3340} INFO - Setting next_dagrun for example_short_circuit_operator to 2022-12-06T23:54:58.692314+00:00, run_after=2022-12-07T23:54:58.692314+00:00
[2022-12-07T23:54:58.721+0000] {processor.py:176} INFO - Processing /home/airflow/.local/lib/python3.7/site-packages/airflow/example_dags/example_short_circuit_operator.py took 0.181 seconds
