[2022-12-07T22:25:09.140+0000] {processor.py:154} INFO - Started process (PID=50) to work on /home/airflow/.local/lib/python3.7/site-packages/airflow/example_dags/example_xcom.py
[2022-12-07T22:25:09.142+0000] {processor.py:756} INFO - Processing file /home/airflow/.local/lib/python3.7/site-packages/airflow/example_dags/example_xcom.py for tasks to queue
[2022-12-07T22:25:09.143+0000] {logging_mixin.py:137} INFO - [2022-12-07T22:25:09.143+0000] {dagbag.py:537} INFO - Filling up the DagBag from /home/airflow/.local/lib/python3.7/site-packages/airflow/example_dags/example_xcom.py
[2022-12-07T22:25:09.204+0000] {processor.py:766} INFO - DAG(s) dict_keys(['example_xcom']) retrieved from /home/airflow/.local/lib/python3.7/site-packages/airflow/example_dags/example_xcom.py
[2022-12-07T22:25:09.305+0000] {logging_mixin.py:137} INFO - [2022-12-07T22:25:09.305+0000] {dag.py:2585} INFO - Sync 1 DAGs
[2022-12-07T22:25:09.374+0000] {logging_mixin.py:137} INFO - [2022-12-07T22:25:09.374+0000] {dag.py:3340} INFO - Setting next_dagrun for example_xcom to 2021-01-01T00:00:00+00:00, run_after=2021-01-01T00:00:00+00:00
[2022-12-07T22:25:09.432+0000] {processor.py:176} INFO - Processing /home/airflow/.local/lib/python3.7/site-packages/airflow/example_dags/example_xcom.py took 0.296 seconds
[2022-12-07T22:25:39.991+0000] {processor.py:154} INFO - Started process (PID=113) to work on /home/airflow/.local/lib/python3.7/site-packages/airflow/example_dags/example_xcom.py
[2022-12-07T22:25:39.994+0000] {processor.py:756} INFO - Processing file /home/airflow/.local/lib/python3.7/site-packages/airflow/example_dags/example_xcom.py for tasks to queue
[2022-12-07T22:25:40.000+0000] {logging_mixin.py:137} INFO - [2022-12-07T22:25:39.999+0000] {dagbag.py:537} INFO - Filling up the DagBag from /home/airflow/.local/lib/python3.7/site-packages/airflow/example_dags/example_xcom.py
[2022-12-07T22:25:40.060+0000] {processor.py:766} INFO - DAG(s) dict_keys(['example_xcom']) retrieved from /home/airflow/.local/lib/python3.7/site-packages/airflow/example_dags/example_xcom.py
[2022-12-07T22:25:40.132+0000] {logging_mixin.py:137} INFO - [2022-12-07T22:25:40.131+0000] {dag.py:2585} INFO - Sync 1 DAGs
[2022-12-07T22:25:40.208+0000] {logging_mixin.py:137} INFO - [2022-12-07T22:25:40.208+0000] {dag.py:3340} INFO - Setting next_dagrun for example_xcom to 2021-01-01T00:00:00+00:00, run_after=2021-01-01T00:00:00+00:00
[2022-12-07T22:25:40.252+0000] {processor.py:176} INFO - Processing /home/airflow/.local/lib/python3.7/site-packages/airflow/example_dags/example_xcom.py took 0.267 seconds
[2022-12-07T22:26:10.473+0000] {processor.py:154} INFO - Started process (PID=171) to work on /home/airflow/.local/lib/python3.7/site-packages/airflow/example_dags/example_xcom.py
[2022-12-07T22:26:10.475+0000] {processor.py:756} INFO - Processing file /home/airflow/.local/lib/python3.7/site-packages/airflow/example_dags/example_xcom.py for tasks to queue
[2022-12-07T22:26:10.476+0000] {logging_mixin.py:137} INFO - [2022-12-07T22:26:10.475+0000] {dagbag.py:537} INFO - Filling up the DagBag from /home/airflow/.local/lib/python3.7/site-packages/airflow/example_dags/example_xcom.py
[2022-12-07T22:26:10.506+0000] {processor.py:766} INFO - DAG(s) dict_keys(['example_xcom']) retrieved from /home/airflow/.local/lib/python3.7/site-packages/airflow/example_dags/example_xcom.py
[2022-12-07T22:26:10.560+0000] {logging_mixin.py:137} INFO - [2022-12-07T22:26:10.560+0000] {dag.py:2585} INFO - Sync 1 DAGs
[2022-12-07T22:26:10.599+0000] {logging_mixin.py:137} INFO - [2022-12-07T22:26:10.599+0000] {dag.py:3340} INFO - Setting next_dagrun for example_xcom to 2021-01-01T00:00:00+00:00, run_after=2021-01-01T00:00:00+00:00
[2022-12-07T22:26:10.625+0000] {processor.py:176} INFO - Processing /home/airflow/.local/lib/python3.7/site-packages/airflow/example_dags/example_xcom.py took 0.156 seconds
[2022-12-07T22:26:40.912+0000] {processor.py:154} INFO - Started process (PID=226) to work on /home/airflow/.local/lib/python3.7/site-packages/airflow/example_dags/example_xcom.py
[2022-12-07T22:26:40.913+0000] {processor.py:756} INFO - Processing file /home/airflow/.local/lib/python3.7/site-packages/airflow/example_dags/example_xcom.py for tasks to queue
[2022-12-07T22:26:40.914+0000] {logging_mixin.py:137} INFO - [2022-12-07T22:26:40.914+0000] {dagbag.py:537} INFO - Filling up the DagBag from /home/airflow/.local/lib/python3.7/site-packages/airflow/example_dags/example_xcom.py
[2022-12-07T22:26:40.973+0000] {processor.py:766} INFO - DAG(s) dict_keys(['example_xcom']) retrieved from /home/airflow/.local/lib/python3.7/site-packages/airflow/example_dags/example_xcom.py
[2022-12-07T22:26:41.078+0000] {logging_mixin.py:137} INFO - [2022-12-07T22:26:41.077+0000] {dag.py:2585} INFO - Sync 1 DAGs
[2022-12-07T22:26:41.121+0000] {logging_mixin.py:137} INFO - [2022-12-07T22:26:41.121+0000] {dag.py:3340} INFO - Setting next_dagrun for example_xcom to 2021-01-01T00:00:00+00:00, run_after=2021-01-01T00:00:00+00:00
[2022-12-07T22:26:41.149+0000] {processor.py:176} INFO - Processing /home/airflow/.local/lib/python3.7/site-packages/airflow/example_dags/example_xcom.py took 0.242 seconds
[2022-12-07T22:27:11.734+0000] {processor.py:154} INFO - Started process (PID=290) to work on /home/airflow/.local/lib/python3.7/site-packages/airflow/example_dags/example_xcom.py
[2022-12-07T22:27:11.736+0000] {processor.py:756} INFO - Processing file /home/airflow/.local/lib/python3.7/site-packages/airflow/example_dags/example_xcom.py for tasks to queue
[2022-12-07T22:27:11.738+0000] {logging_mixin.py:137} INFO - [2022-12-07T22:27:11.737+0000] {dagbag.py:537} INFO - Filling up the DagBag from /home/airflow/.local/lib/python3.7/site-packages/airflow/example_dags/example_xcom.py
[2022-12-07T22:27:11.776+0000] {processor.py:766} INFO - DAG(s) dict_keys(['example_xcom']) retrieved from /home/airflow/.local/lib/python3.7/site-packages/airflow/example_dags/example_xcom.py
[2022-12-07T22:27:11.826+0000] {logging_mixin.py:137} INFO - [2022-12-07T22:27:11.826+0000] {dag.py:2585} INFO - Sync 1 DAGs
[2022-12-07T22:27:11.858+0000] {logging_mixin.py:137} INFO - [2022-12-07T22:27:11.858+0000] {dag.py:3340} INFO - Setting next_dagrun for example_xcom to 2021-01-01T00:00:00+00:00, run_after=2021-01-01T00:00:00+00:00
[2022-12-07T22:27:11.882+0000] {processor.py:176} INFO - Processing /home/airflow/.local/lib/python3.7/site-packages/airflow/example_dags/example_xcom.py took 0.153 seconds
[2022-12-07T22:27:42.637+0000] {processor.py:154} INFO - Started process (PID=346) to work on /home/airflow/.local/lib/python3.7/site-packages/airflow/example_dags/example_xcom.py
[2022-12-07T22:27:42.638+0000] {processor.py:756} INFO - Processing file /home/airflow/.local/lib/python3.7/site-packages/airflow/example_dags/example_xcom.py for tasks to queue
[2022-12-07T22:27:42.639+0000] {logging_mixin.py:137} INFO - [2022-12-07T22:27:42.639+0000] {dagbag.py:537} INFO - Filling up the DagBag from /home/airflow/.local/lib/python3.7/site-packages/airflow/example_dags/example_xcom.py
[2022-12-07T22:27:42.667+0000] {processor.py:766} INFO - DAG(s) dict_keys(['example_xcom']) retrieved from /home/airflow/.local/lib/python3.7/site-packages/airflow/example_dags/example_xcom.py
[2022-12-07T22:27:42.718+0000] {logging_mixin.py:137} INFO - [2022-12-07T22:27:42.718+0000] {dag.py:2585} INFO - Sync 1 DAGs
[2022-12-07T22:27:42.752+0000] {logging_mixin.py:137} INFO - [2022-12-07T22:27:42.752+0000] {dag.py:3340} INFO - Setting next_dagrun for example_xcom to 2021-01-01T00:00:00+00:00, run_after=2021-01-01T00:00:00+00:00
[2022-12-07T22:27:42.782+0000] {processor.py:176} INFO - Processing /home/airflow/.local/lib/python3.7/site-packages/airflow/example_dags/example_xcom.py took 0.149 seconds
[2022-12-07T22:28:13.457+0000] {processor.py:154} INFO - Started process (PID=410) to work on /home/airflow/.local/lib/python3.7/site-packages/airflow/example_dags/example_xcom.py
[2022-12-07T22:28:13.458+0000] {processor.py:756} INFO - Processing file /home/airflow/.local/lib/python3.7/site-packages/airflow/example_dags/example_xcom.py for tasks to queue
[2022-12-07T22:28:13.459+0000] {logging_mixin.py:137} INFO - [2022-12-07T22:28:13.459+0000] {dagbag.py:537} INFO - Filling up the DagBag from /home/airflow/.local/lib/python3.7/site-packages/airflow/example_dags/example_xcom.py
[2022-12-07T22:28:13.491+0000] {processor.py:766} INFO - DAG(s) dict_keys(['example_xcom']) retrieved from /home/airflow/.local/lib/python3.7/site-packages/airflow/example_dags/example_xcom.py
[2022-12-07T22:28:13.549+0000] {logging_mixin.py:137} INFO - [2022-12-07T22:28:13.548+0000] {dag.py:2585} INFO - Sync 1 DAGs
[2022-12-07T22:28:13.588+0000] {logging_mixin.py:137} INFO - [2022-12-07T22:28:13.588+0000] {dag.py:3340} INFO - Setting next_dagrun for example_xcom to 2021-01-01T00:00:00+00:00, run_after=2021-01-01T00:00:00+00:00
[2022-12-07T22:28:13.614+0000] {processor.py:176} INFO - Processing /home/airflow/.local/lib/python3.7/site-packages/airflow/example_dags/example_xcom.py took 0.161 seconds
[2022-12-07T22:28:44.465+0000] {processor.py:154} INFO - Started process (PID=465) to work on /home/airflow/.local/lib/python3.7/site-packages/airflow/example_dags/example_xcom.py
[2022-12-07T22:28:44.466+0000] {processor.py:756} INFO - Processing file /home/airflow/.local/lib/python3.7/site-packages/airflow/example_dags/example_xcom.py for tasks to queue
[2022-12-07T22:28:44.468+0000] {logging_mixin.py:137} INFO - [2022-12-07T22:28:44.468+0000] {dagbag.py:537} INFO - Filling up the DagBag from /home/airflow/.local/lib/python3.7/site-packages/airflow/example_dags/example_xcom.py
[2022-12-07T22:28:44.493+0000] {processor.py:766} INFO - DAG(s) dict_keys(['example_xcom']) retrieved from /home/airflow/.local/lib/python3.7/site-packages/airflow/example_dags/example_xcom.py
[2022-12-07T22:28:44.542+0000] {logging_mixin.py:137} INFO - [2022-12-07T22:28:44.541+0000] {dag.py:2585} INFO - Sync 1 DAGs
[2022-12-07T22:28:44.579+0000] {logging_mixin.py:137} INFO - [2022-12-07T22:28:44.579+0000] {dag.py:3340} INFO - Setting next_dagrun for example_xcom to 2021-01-01T00:00:00+00:00, run_after=2021-01-01T00:00:00+00:00
[2022-12-07T22:28:44.607+0000] {processor.py:176} INFO - Processing /home/airflow/.local/lib/python3.7/site-packages/airflow/example_dags/example_xcom.py took 0.146 seconds
[2022-12-07T22:29:15.111+0000] {processor.py:154} INFO - Started process (PID=529) to work on /home/airflow/.local/lib/python3.7/site-packages/airflow/example_dags/example_xcom.py
[2022-12-07T22:29:15.112+0000] {processor.py:756} INFO - Processing file /home/airflow/.local/lib/python3.7/site-packages/airflow/example_dags/example_xcom.py for tasks to queue
[2022-12-07T22:29:15.113+0000] {logging_mixin.py:137} INFO - [2022-12-07T22:29:15.112+0000] {dagbag.py:537} INFO - Filling up the DagBag from /home/airflow/.local/lib/python3.7/site-packages/airflow/example_dags/example_xcom.py
[2022-12-07T22:29:15.143+0000] {processor.py:766} INFO - DAG(s) dict_keys(['example_xcom']) retrieved from /home/airflow/.local/lib/python3.7/site-packages/airflow/example_dags/example_xcom.py
[2022-12-07T22:29:15.194+0000] {logging_mixin.py:137} INFO - [2022-12-07T22:29:15.194+0000] {dag.py:2585} INFO - Sync 1 DAGs
[2022-12-07T22:29:15.228+0000] {logging_mixin.py:137} INFO - [2022-12-07T22:29:15.228+0000] {dag.py:3340} INFO - Setting next_dagrun for example_xcom to 2021-01-01T00:00:00+00:00, run_after=2021-01-01T00:00:00+00:00
[2022-12-07T22:29:15.253+0000] {processor.py:176} INFO - Processing /home/airflow/.local/lib/python3.7/site-packages/airflow/example_dags/example_xcom.py took 0.145 seconds
[2022-12-07T22:29:45.912+0000] {processor.py:154} INFO - Started process (PID=591) to work on /home/airflow/.local/lib/python3.7/site-packages/airflow/example_dags/example_xcom.py
[2022-12-07T22:29:45.913+0000] {processor.py:756} INFO - Processing file /home/airflow/.local/lib/python3.7/site-packages/airflow/example_dags/example_xcom.py for tasks to queue
[2022-12-07T22:29:45.915+0000] {logging_mixin.py:137} INFO - [2022-12-07T22:29:45.914+0000] {dagbag.py:537} INFO - Filling up the DagBag from /home/airflow/.local/lib/python3.7/site-packages/airflow/example_dags/example_xcom.py
[2022-12-07T22:29:45.969+0000] {processor.py:766} INFO - DAG(s) dict_keys(['example_xcom']) retrieved from /home/airflow/.local/lib/python3.7/site-packages/airflow/example_dags/example_xcom.py
[2022-12-07T22:29:46.039+0000] {logging_mixin.py:137} INFO - [2022-12-07T22:29:46.039+0000] {dag.py:2585} INFO - Sync 1 DAGs
[2022-12-07T22:29:46.087+0000] {logging_mixin.py:137} INFO - [2022-12-07T22:29:46.087+0000] {dag.py:3340} INFO - Setting next_dagrun for example_xcom to 2021-01-01T00:00:00+00:00, run_after=2021-01-01T00:00:00+00:00
[2022-12-07T22:29:46.126+0000] {processor.py:176} INFO - Processing /home/airflow/.local/lib/python3.7/site-packages/airflow/example_dags/example_xcom.py took 0.218 seconds
[2022-12-07T22:30:16.217+0000] {processor.py:154} INFO - Started process (PID=648) to work on /home/airflow/.local/lib/python3.7/site-packages/airflow/example_dags/example_xcom.py
[2022-12-07T22:30:16.218+0000] {processor.py:756} INFO - Processing file /home/airflow/.local/lib/python3.7/site-packages/airflow/example_dags/example_xcom.py for tasks to queue
[2022-12-07T22:30:16.220+0000] {logging_mixin.py:137} INFO - [2022-12-07T22:30:16.219+0000] {dagbag.py:537} INFO - Filling up the DagBag from /home/airflow/.local/lib/python3.7/site-packages/airflow/example_dags/example_xcom.py
[2022-12-07T22:30:16.246+0000] {processor.py:766} INFO - DAG(s) dict_keys(['example_xcom']) retrieved from /home/airflow/.local/lib/python3.7/site-packages/airflow/example_dags/example_xcom.py
[2022-12-07T22:30:16.304+0000] {logging_mixin.py:137} INFO - [2022-12-07T22:30:16.303+0000] {dag.py:2585} INFO - Sync 1 DAGs
[2022-12-07T22:30:16.343+0000] {logging_mixin.py:137} INFO - [2022-12-07T22:30:16.343+0000] {dag.py:3340} INFO - Setting next_dagrun for example_xcom to 2021-01-01T00:00:00+00:00, run_after=2021-01-01T00:00:00+00:00
[2022-12-07T22:30:16.371+0000] {processor.py:176} INFO - Processing /home/airflow/.local/lib/python3.7/site-packages/airflow/example_dags/example_xcom.py took 0.159 seconds
[2022-12-07T22:30:46.608+0000] {processor.py:154} INFO - Started process (PID=712) to work on /home/airflow/.local/lib/python3.7/site-packages/airflow/example_dags/example_xcom.py
[2022-12-07T22:30:46.610+0000] {processor.py:756} INFO - Processing file /home/airflow/.local/lib/python3.7/site-packages/airflow/example_dags/example_xcom.py for tasks to queue
[2022-12-07T22:30:46.611+0000] {logging_mixin.py:137} INFO - [2022-12-07T22:30:46.611+0000] {dagbag.py:537} INFO - Filling up the DagBag from /home/airflow/.local/lib/python3.7/site-packages/airflow/example_dags/example_xcom.py
[2022-12-07T22:30:46.660+0000] {processor.py:766} INFO - DAG(s) dict_keys(['example_xcom']) retrieved from /home/airflow/.local/lib/python3.7/site-packages/airflow/example_dags/example_xcom.py
[2022-12-07T22:30:46.722+0000] {logging_mixin.py:137} INFO - [2022-12-07T22:30:46.722+0000] {dag.py:2585} INFO - Sync 1 DAGs
[2022-12-07T22:30:46.767+0000] {logging_mixin.py:137} INFO - [2022-12-07T22:30:46.766+0000] {dag.py:3340} INFO - Setting next_dagrun for example_xcom to 2021-01-01T00:00:00+00:00, run_after=2021-01-01T00:00:00+00:00
[2022-12-07T22:30:46.796+0000] {processor.py:176} INFO - Processing /home/airflow/.local/lib/python3.7/site-packages/airflow/example_dags/example_xcom.py took 0.194 seconds
[2022-12-07T22:31:17.032+0000] {processor.py:154} INFO - Started process (PID=767) to work on /home/airflow/.local/lib/python3.7/site-packages/airflow/example_dags/example_xcom.py
[2022-12-07T22:31:17.033+0000] {processor.py:756} INFO - Processing file /home/airflow/.local/lib/python3.7/site-packages/airflow/example_dags/example_xcom.py for tasks to queue
[2022-12-07T22:31:17.034+0000] {logging_mixin.py:137} INFO - [2022-12-07T22:31:17.034+0000] {dagbag.py:537} INFO - Filling up the DagBag from /home/airflow/.local/lib/python3.7/site-packages/airflow/example_dags/example_xcom.py
[2022-12-07T22:31:17.079+0000] {processor.py:766} INFO - DAG(s) dict_keys(['example_xcom']) retrieved from /home/airflow/.local/lib/python3.7/site-packages/airflow/example_dags/example_xcom.py
[2022-12-07T22:31:17.128+0000] {logging_mixin.py:137} INFO - [2022-12-07T22:31:17.128+0000] {dag.py:2585} INFO - Sync 1 DAGs
[2022-12-07T22:31:17.165+0000] {logging_mixin.py:137} INFO - [2022-12-07T22:31:17.164+0000] {dag.py:3340} INFO - Setting next_dagrun for example_xcom to 2021-01-01T00:00:00+00:00, run_after=2021-01-01T00:00:00+00:00
[2022-12-07T22:31:17.192+0000] {processor.py:176} INFO - Processing /home/airflow/.local/lib/python3.7/site-packages/airflow/example_dags/example_xcom.py took 0.166 seconds
[2022-12-07T22:31:47.316+0000] {processor.py:154} INFO - Started process (PID=832) to work on /home/airflow/.local/lib/python3.7/site-packages/airflow/example_dags/example_xcom.py
[2022-12-07T22:31:47.318+0000] {processor.py:756} INFO - Processing file /home/airflow/.local/lib/python3.7/site-packages/airflow/example_dags/example_xcom.py for tasks to queue
[2022-12-07T22:31:47.320+0000] {logging_mixin.py:137} INFO - [2022-12-07T22:31:47.320+0000] {dagbag.py:537} INFO - Filling up the DagBag from /home/airflow/.local/lib/python3.7/site-packages/airflow/example_dags/example_xcom.py
[2022-12-07T22:31:47.354+0000] {processor.py:766} INFO - DAG(s) dict_keys(['example_xcom']) retrieved from /home/airflow/.local/lib/python3.7/site-packages/airflow/example_dags/example_xcom.py
[2022-12-07T22:31:47.410+0000] {logging_mixin.py:137} INFO - [2022-12-07T22:31:47.410+0000] {dag.py:2585} INFO - Sync 1 DAGs
[2022-12-07T22:31:47.444+0000] {logging_mixin.py:137} INFO - [2022-12-07T22:31:47.444+0000] {dag.py:3340} INFO - Setting next_dagrun for example_xcom to 2021-01-01T00:00:00+00:00, run_after=2021-01-01T00:00:00+00:00
[2022-12-07T22:31:47.475+0000] {processor.py:176} INFO - Processing /home/airflow/.local/lib/python3.7/site-packages/airflow/example_dags/example_xcom.py took 0.163 seconds
[2022-12-07T22:32:18.040+0000] {processor.py:154} INFO - Started process (PID=887) to work on /home/airflow/.local/lib/python3.7/site-packages/airflow/example_dags/example_xcom.py
[2022-12-07T22:32:18.041+0000] {processor.py:756} INFO - Processing file /home/airflow/.local/lib/python3.7/site-packages/airflow/example_dags/example_xcom.py for tasks to queue
[2022-12-07T22:32:18.042+0000] {logging_mixin.py:137} INFO - [2022-12-07T22:32:18.042+0000] {dagbag.py:537} INFO - Filling up the DagBag from /home/airflow/.local/lib/python3.7/site-packages/airflow/example_dags/example_xcom.py
[2022-12-07T22:32:18.070+0000] {processor.py:766} INFO - DAG(s) dict_keys(['example_xcom']) retrieved from /home/airflow/.local/lib/python3.7/site-packages/airflow/example_dags/example_xcom.py
[2022-12-07T22:32:18.121+0000] {logging_mixin.py:137} INFO - [2022-12-07T22:32:18.121+0000] {dag.py:2585} INFO - Sync 1 DAGs
[2022-12-07T22:32:18.155+0000] {logging_mixin.py:137} INFO - [2022-12-07T22:32:18.155+0000] {dag.py:3340} INFO - Setting next_dagrun for example_xcom to 2021-01-01T00:00:00+00:00, run_after=2021-01-01T00:00:00+00:00
[2022-12-07T22:32:18.181+0000] {processor.py:176} INFO - Processing /home/airflow/.local/lib/python3.7/site-packages/airflow/example_dags/example_xcom.py took 0.143 seconds
