[2022-12-07T21:19:25.884+0000] {processor.py:154} INFO - Started process (PID=28171) to work on /home/airflow/.local/lib/python3.7/site-packages/airflow/example_dags/example_xcomargs.py
[2022-12-07T21:19:25.889+0000] {processor.py:756} INFO - Processing file /home/airflow/.local/lib/python3.7/site-packages/airflow/example_dags/example_xcomargs.py for tasks to queue
[2022-12-07T21:19:25.896+0000] {logging_mixin.py:137} INFO - [2022-12-07T21:19:25.895+0000] {dagbag.py:537} INFO - Filling up the DagBag from /home/airflow/.local/lib/python3.7/site-packages/airflow/example_dags/example_xcomargs.py
[2022-12-07T21:19:25.988+0000] {processor.py:766} INFO - DAG(s) dict_keys(['example_xcom_args', 'example_xcom_args_with_operators']) retrieved from /home/airflow/.local/lib/python3.7/site-packages/airflow/example_dags/example_xcomargs.py
[2022-12-07T21:19:26.605+0000] {logging_mixin.py:137} INFO - [2022-12-07T21:19:26.605+0000] {dag.py:2585} INFO - Sync 2 DAGs
[2022-12-07T21:19:26.692+0000] {logging_mixin.py:137} INFO - [2022-12-07T21:19:26.692+0000] {dag.py:3340} INFO - Setting next_dagrun for example_xcom_args to None, run_after=None
[2022-12-07T21:19:26.700+0000] {logging_mixin.py:137} INFO - [2022-12-07T21:19:26.699+0000] {dag.py:3340} INFO - Setting next_dagrun for example_xcom_args_with_operators to None, run_after=None
[2022-12-07T21:19:26.748+0000] {processor.py:176} INFO - Processing /home/airflow/.local/lib/python3.7/site-packages/airflow/example_dags/example_xcomargs.py took 0.870 seconds
[2022-12-07T21:19:57.036+0000] {processor.py:154} INFO - Started process (PID=28226) to work on /home/airflow/.local/lib/python3.7/site-packages/airflow/example_dags/example_xcomargs.py
[2022-12-07T21:19:57.039+0000] {processor.py:756} INFO - Processing file /home/airflow/.local/lib/python3.7/site-packages/airflow/example_dags/example_xcomargs.py for tasks to queue
[2022-12-07T21:19:57.042+0000] {logging_mixin.py:137} INFO - [2022-12-07T21:19:57.042+0000] {dagbag.py:537} INFO - Filling up the DagBag from /home/airflow/.local/lib/python3.7/site-packages/airflow/example_dags/example_xcomargs.py
[2022-12-07T21:19:57.099+0000] {processor.py:766} INFO - DAG(s) dict_keys(['example_xcom_args', 'example_xcom_args_with_operators']) retrieved from /home/airflow/.local/lib/python3.7/site-packages/airflow/example_dags/example_xcomargs.py
[2022-12-07T21:19:57.211+0000] {logging_mixin.py:137} INFO - [2022-12-07T21:19:57.211+0000] {dag.py:2585} INFO - Sync 2 DAGs
[2022-12-07T21:19:57.286+0000] {logging_mixin.py:137} INFO - [2022-12-07T21:19:57.286+0000] {dag.py:3340} INFO - Setting next_dagrun for example_xcom_args to None, run_after=None
[2022-12-07T21:19:57.296+0000] {logging_mixin.py:137} INFO - [2022-12-07T21:19:57.296+0000] {dag.py:3340} INFO - Setting next_dagrun for example_xcom_args_with_operators to None, run_after=None
[2022-12-07T21:19:57.340+0000] {processor.py:176} INFO - Processing /home/airflow/.local/lib/python3.7/site-packages/airflow/example_dags/example_xcomargs.py took 0.311 seconds
[2022-12-07T21:20:29.782+0000] {processor.py:154} INFO - Started process (PID=28296) to work on /home/airflow/.local/lib/python3.7/site-packages/airflow/example_dags/example_xcomargs.py
[2022-12-07T21:20:29.800+0000] {processor.py:756} INFO - Processing file /home/airflow/.local/lib/python3.7/site-packages/airflow/example_dags/example_xcomargs.py for tasks to queue
[2022-12-07T21:20:29.812+0000] {logging_mixin.py:137} INFO - [2022-12-07T21:20:29.812+0000] {dagbag.py:537} INFO - Filling up the DagBag from /home/airflow/.local/lib/python3.7/site-packages/airflow/example_dags/example_xcomargs.py
[2022-12-07T21:20:30.003+0000] {processor.py:766} INFO - DAG(s) dict_keys(['example_xcom_args', 'example_xcom_args_with_operators']) retrieved from /home/airflow/.local/lib/python3.7/site-packages/airflow/example_dags/example_xcomargs.py
[2022-12-07T21:20:30.288+0000] {logging_mixin.py:137} INFO - [2022-12-07T21:20:30.287+0000] {dag.py:2585} INFO - Sync 2 DAGs
[2022-12-07T21:20:30.494+0000] {logging_mixin.py:137} INFO - [2022-12-07T21:20:30.493+0000] {dag.py:3340} INFO - Setting next_dagrun for example_xcom_args to None, run_after=None
[2022-12-07T21:20:30.513+0000] {logging_mixin.py:137} INFO - [2022-12-07T21:20:30.513+0000] {dag.py:3340} INFO - Setting next_dagrun for example_xcom_args_with_operators to None, run_after=None
[2022-12-07T21:20:31.175+0000] {processor.py:176} INFO - Processing /home/airflow/.local/lib/python3.7/site-packages/airflow/example_dags/example_xcomargs.py took 1.392 seconds
[2022-12-07T21:21:01.855+0000] {processor.py:154} INFO - Started process (PID=28352) to work on /home/airflow/.local/lib/python3.7/site-packages/airflow/example_dags/example_xcomargs.py
[2022-12-07T21:21:01.857+0000] {processor.py:756} INFO - Processing file /home/airflow/.local/lib/python3.7/site-packages/airflow/example_dags/example_xcomargs.py for tasks to queue
[2022-12-07T21:21:01.859+0000] {logging_mixin.py:137} INFO - [2022-12-07T21:21:01.858+0000] {dagbag.py:537} INFO - Filling up the DagBag from /home/airflow/.local/lib/python3.7/site-packages/airflow/example_dags/example_xcomargs.py
[2022-12-07T21:21:01.898+0000] {processor.py:766} INFO - DAG(s) dict_keys(['example_xcom_args', 'example_xcom_args_with_operators']) retrieved from /home/airflow/.local/lib/python3.7/site-packages/airflow/example_dags/example_xcomargs.py
[2022-12-07T21:21:01.951+0000] {logging_mixin.py:137} INFO - [2022-12-07T21:21:01.951+0000] {dag.py:2585} INFO - Sync 2 DAGs
[2022-12-07T21:21:02.135+0000] {logging_mixin.py:137} INFO - [2022-12-07T21:21:02.135+0000] {dag.py:3340} INFO - Setting next_dagrun for example_xcom_args to None, run_after=None
[2022-12-07T21:21:02.140+0000] {logging_mixin.py:137} INFO - [2022-12-07T21:21:02.140+0000] {dag.py:3340} INFO - Setting next_dagrun for example_xcom_args_with_operators to None, run_after=None
[2022-12-07T21:21:02.167+0000] {processor.py:176} INFO - Processing /home/airflow/.local/lib/python3.7/site-packages/airflow/example_dags/example_xcomargs.py took 0.317 seconds
[2022-12-07T21:21:32.584+0000] {processor.py:154} INFO - Started process (PID=28417) to work on /home/airflow/.local/lib/python3.7/site-packages/airflow/example_dags/example_xcomargs.py
[2022-12-07T21:21:32.586+0000] {processor.py:756} INFO - Processing file /home/airflow/.local/lib/python3.7/site-packages/airflow/example_dags/example_xcomargs.py for tasks to queue
[2022-12-07T21:21:32.588+0000] {logging_mixin.py:137} INFO - [2022-12-07T21:21:32.588+0000] {dagbag.py:537} INFO - Filling up the DagBag from /home/airflow/.local/lib/python3.7/site-packages/airflow/example_dags/example_xcomargs.py
[2022-12-07T21:21:32.644+0000] {processor.py:766} INFO - DAG(s) dict_keys(['example_xcom_args_with_operators', 'example_xcom_args']) retrieved from /home/airflow/.local/lib/python3.7/site-packages/airflow/example_dags/example_xcomargs.py
[2022-12-07T21:21:32.757+0000] {logging_mixin.py:137} INFO - [2022-12-07T21:21:32.757+0000] {dag.py:2585} INFO - Sync 2 DAGs
[2022-12-07T21:21:33.114+0000] {logging_mixin.py:137} INFO - [2022-12-07T21:21:33.113+0000] {dag.py:3340} INFO - Setting next_dagrun for example_xcom_args to None, run_after=None
[2022-12-07T21:21:33.122+0000] {logging_mixin.py:137} INFO - [2022-12-07T21:21:33.121+0000] {dag.py:3340} INFO - Setting next_dagrun for example_xcom_args_with_operators to None, run_after=None
[2022-12-07T21:21:33.172+0000] {processor.py:176} INFO - Processing /home/airflow/.local/lib/python3.7/site-packages/airflow/example_dags/example_xcomargs.py took 0.594 seconds
[2022-12-07T21:22:03.611+0000] {processor.py:154} INFO - Started process (PID=28472) to work on /home/airflow/.local/lib/python3.7/site-packages/airflow/example_dags/example_xcomargs.py
[2022-12-07T21:22:03.613+0000] {processor.py:756} INFO - Processing file /home/airflow/.local/lib/python3.7/site-packages/airflow/example_dags/example_xcomargs.py for tasks to queue
[2022-12-07T21:22:03.616+0000] {logging_mixin.py:137} INFO - [2022-12-07T21:22:03.615+0000] {dagbag.py:537} INFO - Filling up the DagBag from /home/airflow/.local/lib/python3.7/site-packages/airflow/example_dags/example_xcomargs.py
[2022-12-07T21:22:03.666+0000] {processor.py:766} INFO - DAG(s) dict_keys(['example_xcom_args', 'example_xcom_args_with_operators']) retrieved from /home/airflow/.local/lib/python3.7/site-packages/airflow/example_dags/example_xcomargs.py
[2022-12-07T21:22:03.948+0000] {logging_mixin.py:137} INFO - [2022-12-07T21:22:03.948+0000] {dag.py:2585} INFO - Sync 2 DAGs
[2022-12-07T21:22:04.003+0000] {logging_mixin.py:137} INFO - [2022-12-07T21:22:04.002+0000] {dag.py:3340} INFO - Setting next_dagrun for example_xcom_args to None, run_after=None
[2022-12-07T21:22:04.012+0000] {logging_mixin.py:137} INFO - [2022-12-07T21:22:04.011+0000] {dag.py:3340} INFO - Setting next_dagrun for example_xcom_args_with_operators to None, run_after=None
[2022-12-07T21:22:04.046+0000] {processor.py:176} INFO - Processing /home/airflow/.local/lib/python3.7/site-packages/airflow/example_dags/example_xcomargs.py took 0.441 seconds
[2022-12-07T21:22:34.231+0000] {processor.py:154} INFO - Started process (PID=28527) to work on /home/airflow/.local/lib/python3.7/site-packages/airflow/example_dags/example_xcomargs.py
[2022-12-07T21:22:34.239+0000] {processor.py:756} INFO - Processing file /home/airflow/.local/lib/python3.7/site-packages/airflow/example_dags/example_xcomargs.py for tasks to queue
[2022-12-07T21:22:34.243+0000] {logging_mixin.py:137} INFO - [2022-12-07T21:22:34.242+0000] {dagbag.py:537} INFO - Filling up the DagBag from /home/airflow/.local/lib/python3.7/site-packages/airflow/example_dags/example_xcomargs.py
[2022-12-07T21:22:34.337+0000] {processor.py:766} INFO - DAG(s) dict_keys(['example_xcom_args_with_operators', 'example_xcom_args']) retrieved from /home/airflow/.local/lib/python3.7/site-packages/airflow/example_dags/example_xcomargs.py
[2022-12-07T21:22:34.570+0000] {logging_mixin.py:137} INFO - [2022-12-07T21:22:34.570+0000] {dag.py:2585} INFO - Sync 2 DAGs
[2022-12-07T21:22:34.754+0000] {logging_mixin.py:137} INFO - [2022-12-07T21:22:34.753+0000] {dag.py:3340} INFO - Setting next_dagrun for example_xcom_args to None, run_after=None
[2022-12-07T21:22:34.768+0000] {logging_mixin.py:137} INFO - [2022-12-07T21:22:34.767+0000] {dag.py:3340} INFO - Setting next_dagrun for example_xcom_args_with_operators to None, run_after=None
[2022-12-07T21:22:34.850+0000] {processor.py:176} INFO - Processing /home/airflow/.local/lib/python3.7/site-packages/airflow/example_dags/example_xcomargs.py took 0.626 seconds
