[2022-12-07T21:19:50.192+0000] {processor.py:154} INFO - Started process (PID=28212) to work on /home/airflow/.local/lib/python3.7/site-packages/airflow/example_dags/example_trigger_controller_dag.py
[2022-12-07T21:19:50.194+0000] {processor.py:756} INFO - Processing file /home/airflow/.local/lib/python3.7/site-packages/airflow/example_dags/example_trigger_controller_dag.py for tasks to queue
[2022-12-07T21:19:50.196+0000] {logging_mixin.py:137} INFO - [2022-12-07T21:19:50.195+0000] {dagbag.py:537} INFO - Filling up the DagBag from /home/airflow/.local/lib/python3.7/site-packages/airflow/example_dags/example_trigger_controller_dag.py
[2022-12-07T21:19:50.219+0000] {processor.py:766} INFO - DAG(s) dict_keys(['example_trigger_controller_dag']) retrieved from /home/airflow/.local/lib/python3.7/site-packages/airflow/example_dags/example_trigger_controller_dag.py
[2022-12-07T21:19:50.289+0000] {logging_mixin.py:137} INFO - [2022-12-07T21:19:50.289+0000] {dag.py:2585} INFO - Sync 1 DAGs
[2022-12-07T21:19:50.335+0000] {logging_mixin.py:137} INFO - [2022-12-07T21:19:50.334+0000] {dag.py:3340} INFO - Setting next_dagrun for example_trigger_controller_dag to 2021-01-01T00:00:00+00:00, run_after=2021-01-01T00:00:00+00:00
[2022-12-07T21:19:50.367+0000] {processor.py:176} INFO - Processing /home/airflow/.local/lib/python3.7/site-packages/airflow/example_dags/example_trigger_controller_dag.py took 0.181 seconds
[2022-12-07T21:20:20.715+0000] {processor.py:154} INFO - Started process (PID=28267) to work on /home/airflow/.local/lib/python3.7/site-packages/airflow/example_dags/example_trigger_controller_dag.py
[2022-12-07T21:20:20.717+0000] {processor.py:756} INFO - Processing file /home/airflow/.local/lib/python3.7/site-packages/airflow/example_dags/example_trigger_controller_dag.py for tasks to queue
[2022-12-07T21:20:20.719+0000] {logging_mixin.py:137} INFO - [2022-12-07T21:20:20.718+0000] {dagbag.py:537} INFO - Filling up the DagBag from /home/airflow/.local/lib/python3.7/site-packages/airflow/example_dags/example_trigger_controller_dag.py
[2022-12-07T21:20:20.739+0000] {processor.py:766} INFO - DAG(s) dict_keys(['example_trigger_controller_dag']) retrieved from /home/airflow/.local/lib/python3.7/site-packages/airflow/example_dags/example_trigger_controller_dag.py
[2022-12-07T21:20:20.808+0000] {logging_mixin.py:137} INFO - [2022-12-07T21:20:20.808+0000] {dag.py:2585} INFO - Sync 1 DAGs
[2022-12-07T21:20:20.850+0000] {logging_mixin.py:137} INFO - [2022-12-07T21:20:20.850+0000] {dag.py:3340} INFO - Setting next_dagrun for example_trigger_controller_dag to 2021-01-01T00:00:00+00:00, run_after=2021-01-01T00:00:00+00:00
[2022-12-07T21:20:20.886+0000] {processor.py:176} INFO - Processing /home/airflow/.local/lib/python3.7/site-packages/airflow/example_dags/example_trigger_controller_dag.py took 0.175 seconds
[2022-12-07T21:20:51.306+0000] {processor.py:154} INFO - Started process (PID=28327) to work on /home/airflow/.local/lib/python3.7/site-packages/airflow/example_dags/example_trigger_controller_dag.py
[2022-12-07T21:20:51.308+0000] {processor.py:756} INFO - Processing file /home/airflow/.local/lib/python3.7/site-packages/airflow/example_dags/example_trigger_controller_dag.py for tasks to queue
[2022-12-07T21:20:51.311+0000] {logging_mixin.py:137} INFO - [2022-12-07T21:20:51.310+0000] {dagbag.py:537} INFO - Filling up the DagBag from /home/airflow/.local/lib/python3.7/site-packages/airflow/example_dags/example_trigger_controller_dag.py
[2022-12-07T21:20:51.342+0000] {processor.py:766} INFO - DAG(s) dict_keys(['example_trigger_controller_dag']) retrieved from /home/airflow/.local/lib/python3.7/site-packages/airflow/example_dags/example_trigger_controller_dag.py
[2022-12-07T21:20:51.483+0000] {logging_mixin.py:137} INFO - [2022-12-07T21:20:51.483+0000] {dag.py:2585} INFO - Sync 1 DAGs
[2022-12-07T21:20:51.581+0000] {logging_mixin.py:137} INFO - [2022-12-07T21:20:51.581+0000] {dag.py:3340} INFO - Setting next_dagrun for example_trigger_controller_dag to 2021-01-01T00:00:00+00:00, run_after=2021-01-01T00:00:00+00:00
[2022-12-07T21:20:51.625+0000] {processor.py:176} INFO - Processing /home/airflow/.local/lib/python3.7/site-packages/airflow/example_dags/example_trigger_controller_dag.py took 0.329 seconds
[2022-12-07T21:21:22.064+0000] {processor.py:154} INFO - Started process (PID=28390) to work on /home/airflow/.local/lib/python3.7/site-packages/airflow/example_dags/example_trigger_controller_dag.py
[2022-12-07T21:21:22.065+0000] {processor.py:756} INFO - Processing file /home/airflow/.local/lib/python3.7/site-packages/airflow/example_dags/example_trigger_controller_dag.py for tasks to queue
[2022-12-07T21:21:22.067+0000] {logging_mixin.py:137} INFO - [2022-12-07T21:21:22.066+0000] {dagbag.py:537} INFO - Filling up the DagBag from /home/airflow/.local/lib/python3.7/site-packages/airflow/example_dags/example_trigger_controller_dag.py
[2022-12-07T21:21:22.085+0000] {processor.py:766} INFO - DAG(s) dict_keys(['example_trigger_controller_dag']) retrieved from /home/airflow/.local/lib/python3.7/site-packages/airflow/example_dags/example_trigger_controller_dag.py
[2022-12-07T21:21:22.143+0000] {logging_mixin.py:137} INFO - [2022-12-07T21:21:22.142+0000] {dag.py:2585} INFO - Sync 1 DAGs
[2022-12-07T21:21:22.183+0000] {logging_mixin.py:137} INFO - [2022-12-07T21:21:22.182+0000] {dag.py:3340} INFO - Setting next_dagrun for example_trigger_controller_dag to 2021-01-01T00:00:00+00:00, run_after=2021-01-01T00:00:00+00:00
[2022-12-07T21:21:22.380+0000] {processor.py:176} INFO - Processing /home/airflow/.local/lib/python3.7/site-packages/airflow/example_dags/example_trigger_controller_dag.py took 0.320 seconds
[2022-12-07T21:21:52.899+0000] {processor.py:154} INFO - Started process (PID=28445) to work on /home/airflow/.local/lib/python3.7/site-packages/airflow/example_dags/example_trigger_controller_dag.py
[2022-12-07T21:21:52.909+0000] {processor.py:756} INFO - Processing file /home/airflow/.local/lib/python3.7/site-packages/airflow/example_dags/example_trigger_controller_dag.py for tasks to queue
[2022-12-07T21:21:52.912+0000] {logging_mixin.py:137} INFO - [2022-12-07T21:21:52.911+0000] {dagbag.py:537} INFO - Filling up the DagBag from /home/airflow/.local/lib/python3.7/site-packages/airflow/example_dags/example_trigger_controller_dag.py
[2022-12-07T21:21:53.010+0000] {processor.py:766} INFO - DAG(s) dict_keys(['example_trigger_controller_dag']) retrieved from /home/airflow/.local/lib/python3.7/site-packages/airflow/example_dags/example_trigger_controller_dag.py
[2022-12-07T21:21:53.291+0000] {logging_mixin.py:137} INFO - [2022-12-07T21:21:53.290+0000] {dag.py:2585} INFO - Sync 1 DAGs
[2022-12-07T21:21:53.977+0000] {logging_mixin.py:137} INFO - [2022-12-07T21:21:53.977+0000] {dag.py:3340} INFO - Setting next_dagrun for example_trigger_controller_dag to 2021-01-01T00:00:00+00:00, run_after=2021-01-01T00:00:00+00:00
[2022-12-07T21:21:54.076+0000] {processor.py:176} INFO - Processing /home/airflow/.local/lib/python3.7/site-packages/airflow/example_dags/example_trigger_controller_dag.py took 1.190 seconds
[2022-12-07T21:22:24.318+0000] {processor.py:154} INFO - Started process (PID=28509) to work on /home/airflow/.local/lib/python3.7/site-packages/airflow/example_dags/example_trigger_controller_dag.py
[2022-12-07T21:22:24.320+0000] {processor.py:756} INFO - Processing file /home/airflow/.local/lib/python3.7/site-packages/airflow/example_dags/example_trigger_controller_dag.py for tasks to queue
[2022-12-07T21:22:24.322+0000] {logging_mixin.py:137} INFO - [2022-12-07T21:22:24.321+0000] {dagbag.py:537} INFO - Filling up the DagBag from /home/airflow/.local/lib/python3.7/site-packages/airflow/example_dags/example_trigger_controller_dag.py
[2022-12-07T21:22:24.345+0000] {processor.py:766} INFO - DAG(s) dict_keys(['example_trigger_controller_dag']) retrieved from /home/airflow/.local/lib/python3.7/site-packages/airflow/example_dags/example_trigger_controller_dag.py
[2022-12-07T21:22:24.431+0000] {logging_mixin.py:137} INFO - [2022-12-07T21:22:24.430+0000] {dag.py:2585} INFO - Sync 1 DAGs
[2022-12-07T21:22:24.480+0000] {logging_mixin.py:137} INFO - [2022-12-07T21:22:24.479+0000] {dag.py:3340} INFO - Setting next_dagrun for example_trigger_controller_dag to 2021-01-01T00:00:00+00:00, run_after=2021-01-01T00:00:00+00:00
[2022-12-07T21:22:24.514+0000] {processor.py:176} INFO - Processing /home/airflow/.local/lib/python3.7/site-packages/airflow/example_dags/example_trigger_controller_dag.py took 0.202 seconds
[2022-12-07T21:22:54.732+0000] {processor.py:154} INFO - Started process (PID=28564) to work on /home/airflow/.local/lib/python3.7/site-packages/airflow/example_dags/example_trigger_controller_dag.py
[2022-12-07T21:22:54.733+0000] {processor.py:756} INFO - Processing file /home/airflow/.local/lib/python3.7/site-packages/airflow/example_dags/example_trigger_controller_dag.py for tasks to queue
[2022-12-07T21:22:54.734+0000] {logging_mixin.py:137} INFO - [2022-12-07T21:22:54.734+0000] {dagbag.py:537} INFO - Filling up the DagBag from /home/airflow/.local/lib/python3.7/site-packages/airflow/example_dags/example_trigger_controller_dag.py
[2022-12-07T21:22:54.750+0000] {processor.py:766} INFO - DAG(s) dict_keys(['example_trigger_controller_dag']) retrieved from /home/airflow/.local/lib/python3.7/site-packages/airflow/example_dags/example_trigger_controller_dag.py
[2022-12-07T21:22:54.807+0000] {logging_mixin.py:137} INFO - [2022-12-07T21:22:54.807+0000] {dag.py:2585} INFO - Sync 1 DAGs
[2022-12-07T21:22:54.846+0000] {logging_mixin.py:137} INFO - [2022-12-07T21:22:54.846+0000] {dag.py:3340} INFO - Setting next_dagrun for example_trigger_controller_dag to 2021-01-01T00:00:00+00:00, run_after=2021-01-01T00:00:00+00:00
[2022-12-07T21:22:54.876+0000] {processor.py:176} INFO - Processing /home/airflow/.local/lib/python3.7/site-packages/airflow/example_dags/example_trigger_controller_dag.py took 0.148 seconds
