[2022-12-07T22:25:14.435+0000] {processor.py:154} INFO - Started process (PID=78) to work on /home/airflow/.local/lib/python3.7/site-packages/airflow/example_dags/example_branch_operator.py
[2022-12-07T22:25:14.441+0000] {processor.py:756} INFO - Processing file /home/airflow/.local/lib/python3.7/site-packages/airflow/example_dags/example_branch_operator.py for tasks to queue
[2022-12-07T22:25:14.445+0000] {logging_mixin.py:137} INFO - [2022-12-07T22:25:14.445+0000] {dagbag.py:537} INFO - Filling up the DagBag from /home/airflow/.local/lib/python3.7/site-packages/airflow/example_dags/example_branch_operator.py
[2022-12-07T22:25:14.501+0000] {processor.py:766} INFO - DAG(s) dict_keys(['example_branch_operator']) retrieved from /home/airflow/.local/lib/python3.7/site-packages/airflow/example_dags/example_branch_operator.py
[2022-12-07T22:25:14.605+0000] {logging_mixin.py:137} INFO - [2022-12-07T22:25:14.604+0000] {dag.py:2585} INFO - Sync 1 DAGs
[2022-12-07T22:25:14.680+0000] {logging_mixin.py:137} INFO - [2022-12-07T22:25:14.679+0000] {dag.py:3340} INFO - Setting next_dagrun for example_branch_operator to 2022-12-06T00:00:00+00:00, run_after=2022-12-07T00:00:00+00:00
[2022-12-07T22:25:14.734+0000] {processor.py:176} INFO - Processing /home/airflow/.local/lib/python3.7/site-packages/airflow/example_dags/example_branch_operator.py took 0.308 seconds
[2022-12-07T22:25:45.291+0000] {processor.py:154} INFO - Started process (PID=133) to work on /home/airflow/.local/lib/python3.7/site-packages/airflow/example_dags/example_branch_operator.py
[2022-12-07T22:25:45.292+0000] {processor.py:756} INFO - Processing file /home/airflow/.local/lib/python3.7/site-packages/airflow/example_dags/example_branch_operator.py for tasks to queue
[2022-12-07T22:25:45.293+0000] {logging_mixin.py:137} INFO - [2022-12-07T22:25:45.293+0000] {dagbag.py:537} INFO - Filling up the DagBag from /home/airflow/.local/lib/python3.7/site-packages/airflow/example_dags/example_branch_operator.py
[2022-12-07T22:25:45.313+0000] {processor.py:766} INFO - DAG(s) dict_keys(['example_branch_operator']) retrieved from /home/airflow/.local/lib/python3.7/site-packages/airflow/example_dags/example_branch_operator.py
[2022-12-07T22:25:45.366+0000] {logging_mixin.py:137} INFO - [2022-12-07T22:25:45.366+0000] {dag.py:2585} INFO - Sync 1 DAGs
[2022-12-07T22:25:45.400+0000] {logging_mixin.py:137} INFO - [2022-12-07T22:25:45.400+0000] {dag.py:3340} INFO - Setting next_dagrun for example_branch_operator to 2022-12-06T00:00:00+00:00, run_after=2022-12-07T00:00:00+00:00
[2022-12-07T22:25:45.427+0000] {processor.py:176} INFO - Processing /home/airflow/.local/lib/python3.7/site-packages/airflow/example_dags/example_branch_operator.py took 0.139 seconds
[2022-12-07T22:26:15.821+0000] {processor.py:154} INFO - Started process (PID=189) to work on /home/airflow/.local/lib/python3.7/site-packages/airflow/example_dags/example_branch_operator.py
[2022-12-07T22:26:15.822+0000] {processor.py:756} INFO - Processing file /home/airflow/.local/lib/python3.7/site-packages/airflow/example_dags/example_branch_operator.py for tasks to queue
[2022-12-07T22:26:15.823+0000] {logging_mixin.py:137} INFO - [2022-12-07T22:26:15.823+0000] {dagbag.py:537} INFO - Filling up the DagBag from /home/airflow/.local/lib/python3.7/site-packages/airflow/example_dags/example_branch_operator.py
[2022-12-07T22:26:15.853+0000] {processor.py:766} INFO - DAG(s) dict_keys(['example_branch_operator']) retrieved from /home/airflow/.local/lib/python3.7/site-packages/airflow/example_dags/example_branch_operator.py
[2022-12-07T22:26:15.934+0000] {logging_mixin.py:137} INFO - [2022-12-07T22:26:15.934+0000] {dag.py:2585} INFO - Sync 1 DAGs
[2022-12-07T22:26:15.983+0000] {logging_mixin.py:137} INFO - [2022-12-07T22:26:15.983+0000] {dag.py:3340} INFO - Setting next_dagrun for example_branch_operator to 2022-12-06T00:00:00+00:00, run_after=2022-12-07T00:00:00+00:00
[2022-12-07T22:26:16.025+0000] {processor.py:176} INFO - Processing /home/airflow/.local/lib/python3.7/site-packages/airflow/example_dags/example_branch_operator.py took 0.207 seconds
[2022-12-07T22:26:46.350+0000] {processor.py:154} INFO - Started process (PID=253) to work on /home/airflow/.local/lib/python3.7/site-packages/airflow/example_dags/example_branch_operator.py
[2022-12-07T22:26:46.352+0000] {processor.py:756} INFO - Processing file /home/airflow/.local/lib/python3.7/site-packages/airflow/example_dags/example_branch_operator.py for tasks to queue
[2022-12-07T22:26:46.353+0000] {logging_mixin.py:137} INFO - [2022-12-07T22:26:46.353+0000] {dagbag.py:537} INFO - Filling up the DagBag from /home/airflow/.local/lib/python3.7/site-packages/airflow/example_dags/example_branch_operator.py
[2022-12-07T22:26:46.372+0000] {processor.py:766} INFO - DAG(s) dict_keys(['example_branch_operator']) retrieved from /home/airflow/.local/lib/python3.7/site-packages/airflow/example_dags/example_branch_operator.py
[2022-12-07T22:26:46.420+0000] {logging_mixin.py:137} INFO - [2022-12-07T22:26:46.420+0000] {dag.py:2585} INFO - Sync 1 DAGs
[2022-12-07T22:26:46.450+0000] {logging_mixin.py:137} INFO - [2022-12-07T22:26:46.450+0000] {dag.py:3340} INFO - Setting next_dagrun for example_branch_operator to 2022-12-06T00:00:00+00:00, run_after=2022-12-07T00:00:00+00:00
[2022-12-07T22:26:46.474+0000] {processor.py:176} INFO - Processing /home/airflow/.local/lib/python3.7/site-packages/airflow/example_dags/example_branch_operator.py took 0.126 seconds
[2022-12-07T22:27:16.576+0000] {processor.py:154} INFO - Started process (PID=308) to work on /home/airflow/.local/lib/python3.7/site-packages/airflow/example_dags/example_branch_operator.py
[2022-12-07T22:27:16.579+0000] {processor.py:756} INFO - Processing file /home/airflow/.local/lib/python3.7/site-packages/airflow/example_dags/example_branch_operator.py for tasks to queue
[2022-12-07T22:27:16.581+0000] {logging_mixin.py:137} INFO - [2022-12-07T22:27:16.581+0000] {dagbag.py:537} INFO - Filling up the DagBag from /home/airflow/.local/lib/python3.7/site-packages/airflow/example_dags/example_branch_operator.py
[2022-12-07T22:27:16.609+0000] {processor.py:766} INFO - DAG(s) dict_keys(['example_branch_operator']) retrieved from /home/airflow/.local/lib/python3.7/site-packages/airflow/example_dags/example_branch_operator.py
[2022-12-07T22:27:16.667+0000] {logging_mixin.py:137} INFO - [2022-12-07T22:27:16.667+0000] {dag.py:2585} INFO - Sync 1 DAGs
[2022-12-07T22:27:16.702+0000] {logging_mixin.py:137} INFO - [2022-12-07T22:27:16.702+0000] {dag.py:3340} INFO - Setting next_dagrun for example_branch_operator to 2022-12-06T00:00:00+00:00, run_after=2022-12-07T00:00:00+00:00
[2022-12-07T22:27:16.728+0000] {processor.py:176} INFO - Processing /home/airflow/.local/lib/python3.7/site-packages/airflow/example_dags/example_branch_operator.py took 0.165 seconds
[2022-12-07T22:27:47.916+0000] {processor.py:154} INFO - Started process (PID=373) to work on /home/airflow/.local/lib/python3.7/site-packages/airflow/example_dags/example_branch_operator.py
[2022-12-07T22:27:47.917+0000] {processor.py:756} INFO - Processing file /home/airflow/.local/lib/python3.7/site-packages/airflow/example_dags/example_branch_operator.py for tasks to queue
[2022-12-07T22:27:47.921+0000] {logging_mixin.py:137} INFO - [2022-12-07T22:27:47.918+0000] {dagbag.py:537} INFO - Filling up the DagBag from /home/airflow/.local/lib/python3.7/site-packages/airflow/example_dags/example_branch_operator.py
[2022-12-07T22:27:47.954+0000] {processor.py:766} INFO - DAG(s) dict_keys(['example_branch_operator']) retrieved from /home/airflow/.local/lib/python3.7/site-packages/airflow/example_dags/example_branch_operator.py
[2022-12-07T22:27:48.023+0000] {logging_mixin.py:137} INFO - [2022-12-07T22:27:48.023+0000] {dag.py:2585} INFO - Sync 1 DAGs
[2022-12-07T22:27:48.062+0000] {logging_mixin.py:137} INFO - [2022-12-07T22:27:48.062+0000] {dag.py:3340} INFO - Setting next_dagrun for example_branch_operator to 2022-12-06T00:00:00+00:00, run_after=2022-12-07T00:00:00+00:00
[2022-12-07T22:27:48.090+0000] {processor.py:176} INFO - Processing /home/airflow/.local/lib/python3.7/site-packages/airflow/example_dags/example_branch_operator.py took 0.177 seconds
[2022-12-07T22:28:18.220+0000] {processor.py:154} INFO - Started process (PID=428) to work on /home/airflow/.local/lib/python3.7/site-packages/airflow/example_dags/example_branch_operator.py
[2022-12-07T22:28:18.221+0000] {processor.py:756} INFO - Processing file /home/airflow/.local/lib/python3.7/site-packages/airflow/example_dags/example_branch_operator.py for tasks to queue
[2022-12-07T22:28:18.222+0000] {logging_mixin.py:137} INFO - [2022-12-07T22:28:18.222+0000] {dagbag.py:537} INFO - Filling up the DagBag from /home/airflow/.local/lib/python3.7/site-packages/airflow/example_dags/example_branch_operator.py
[2022-12-07T22:28:18.251+0000] {processor.py:766} INFO - DAG(s) dict_keys(['example_branch_operator']) retrieved from /home/airflow/.local/lib/python3.7/site-packages/airflow/example_dags/example_branch_operator.py
[2022-12-07T22:28:18.314+0000] {logging_mixin.py:137} INFO - [2022-12-07T22:28:18.314+0000] {dag.py:2585} INFO - Sync 1 DAGs
[2022-12-07T22:28:18.356+0000] {logging_mixin.py:137} INFO - [2022-12-07T22:28:18.356+0000] {dag.py:3340} INFO - Setting next_dagrun for example_branch_operator to 2022-12-06T00:00:00+00:00, run_after=2022-12-07T00:00:00+00:00
[2022-12-07T22:28:18.392+0000] {processor.py:176} INFO - Processing /home/airflow/.local/lib/python3.7/site-packages/airflow/example_dags/example_branch_operator.py took 0.175 seconds
[2022-12-07T22:28:48.871+0000] {processor.py:154} INFO - Started process (PID=492) to work on /home/airflow/.local/lib/python3.7/site-packages/airflow/example_dags/example_branch_operator.py
[2022-12-07T22:28:48.872+0000] {processor.py:756} INFO - Processing file /home/airflow/.local/lib/python3.7/site-packages/airflow/example_dags/example_branch_operator.py for tasks to queue
[2022-12-07T22:28:48.878+0000] {logging_mixin.py:137} INFO - [2022-12-07T22:28:48.877+0000] {dagbag.py:537} INFO - Filling up the DagBag from /home/airflow/.local/lib/python3.7/site-packages/airflow/example_dags/example_branch_operator.py
[2022-12-07T22:28:48.926+0000] {processor.py:766} INFO - DAG(s) dict_keys(['example_branch_operator']) retrieved from /home/airflow/.local/lib/python3.7/site-packages/airflow/example_dags/example_branch_operator.py
[2022-12-07T22:28:49.049+0000] {logging_mixin.py:137} INFO - [2022-12-07T22:28:49.048+0000] {dag.py:2585} INFO - Sync 1 DAGs
[2022-12-07T22:28:49.090+0000] {logging_mixin.py:137} INFO - [2022-12-07T22:28:49.090+0000] {dag.py:3340} INFO - Setting next_dagrun for example_branch_operator to 2022-12-06T00:00:00+00:00, run_after=2022-12-07T00:00:00+00:00
[2022-12-07T22:28:49.123+0000] {processor.py:176} INFO - Processing /home/airflow/.local/lib/python3.7/site-packages/airflow/example_dags/example_branch_operator.py took 0.258 seconds
[2022-12-07T22:29:19.202+0000] {processor.py:154} INFO - Started process (PID=547) to work on /home/airflow/.local/lib/python3.7/site-packages/airflow/example_dags/example_branch_operator.py
[2022-12-07T22:29:19.207+0000] {processor.py:756} INFO - Processing file /home/airflow/.local/lib/python3.7/site-packages/airflow/example_dags/example_branch_operator.py for tasks to queue
[2022-12-07T22:29:19.208+0000] {logging_mixin.py:137} INFO - [2022-12-07T22:29:19.208+0000] {dagbag.py:537} INFO - Filling up the DagBag from /home/airflow/.local/lib/python3.7/site-packages/airflow/example_dags/example_branch_operator.py
[2022-12-07T22:29:19.234+0000] {processor.py:766} INFO - DAG(s) dict_keys(['example_branch_operator']) retrieved from /home/airflow/.local/lib/python3.7/site-packages/airflow/example_dags/example_branch_operator.py
[2022-12-07T22:29:19.288+0000] {logging_mixin.py:137} INFO - [2022-12-07T22:29:19.287+0000] {dag.py:2585} INFO - Sync 1 DAGs
[2022-12-07T22:29:19.325+0000] {logging_mixin.py:137} INFO - [2022-12-07T22:29:19.324+0000] {dag.py:3340} INFO - Setting next_dagrun for example_branch_operator to 2022-12-06T00:00:00+00:00, run_after=2022-12-07T00:00:00+00:00
[2022-12-07T22:29:19.389+0000] {processor.py:176} INFO - Processing /home/airflow/.local/lib/python3.7/site-packages/airflow/example_dags/example_branch_operator.py took 0.191 seconds
[2022-12-07T22:29:49.884+0000] {processor.py:154} INFO - Started process (PID=611) to work on /home/airflow/.local/lib/python3.7/site-packages/airflow/example_dags/example_branch_operator.py
[2022-12-07T22:29:49.885+0000] {processor.py:756} INFO - Processing file /home/airflow/.local/lib/python3.7/site-packages/airflow/example_dags/example_branch_operator.py for tasks to queue
[2022-12-07T22:29:49.886+0000] {logging_mixin.py:137} INFO - [2022-12-07T22:29:49.886+0000] {dagbag.py:537} INFO - Filling up the DagBag from /home/airflow/.local/lib/python3.7/site-packages/airflow/example_dags/example_branch_operator.py
[2022-12-07T22:29:49.919+0000] {processor.py:766} INFO - DAG(s) dict_keys(['example_branch_operator']) retrieved from /home/airflow/.local/lib/python3.7/site-packages/airflow/example_dags/example_branch_operator.py
[2022-12-07T22:29:50.021+0000] {logging_mixin.py:137} INFO - [2022-12-07T22:29:50.021+0000] {dag.py:2585} INFO - Sync 1 DAGs
[2022-12-07T22:29:50.065+0000] {logging_mixin.py:137} INFO - [2022-12-07T22:29:50.065+0000] {dag.py:3340} INFO - Setting next_dagrun for example_branch_operator to 2022-12-06T00:00:00+00:00, run_after=2022-12-07T00:00:00+00:00
[2022-12-07T22:29:50.092+0000] {processor.py:176} INFO - Processing /home/airflow/.local/lib/python3.7/site-packages/airflow/example_dags/example_branch_operator.py took 0.213 seconds
[2022-12-07T22:30:20.348+0000] {processor.py:154} INFO - Started process (PID=666) to work on /home/airflow/.local/lib/python3.7/site-packages/airflow/example_dags/example_branch_operator.py
[2022-12-07T22:30:20.350+0000] {processor.py:756} INFO - Processing file /home/airflow/.local/lib/python3.7/site-packages/airflow/example_dags/example_branch_operator.py for tasks to queue
[2022-12-07T22:30:20.358+0000] {logging_mixin.py:137} INFO - [2022-12-07T22:30:20.354+0000] {dagbag.py:537} INFO - Filling up the DagBag from /home/airflow/.local/lib/python3.7/site-packages/airflow/example_dags/example_branch_operator.py
[2022-12-07T22:30:20.418+0000] {processor.py:766} INFO - DAG(s) dict_keys(['example_branch_operator']) retrieved from /home/airflow/.local/lib/python3.7/site-packages/airflow/example_dags/example_branch_operator.py
[2022-12-07T22:30:20.638+0000] {logging_mixin.py:137} INFO - [2022-12-07T22:30:20.638+0000] {dag.py:2585} INFO - Sync 1 DAGs
[2022-12-07T22:30:20.679+0000] {logging_mixin.py:137} INFO - [2022-12-07T22:30:20.678+0000] {dag.py:3340} INFO - Setting next_dagrun for example_branch_operator to 2022-12-06T00:00:00+00:00, run_after=2022-12-07T00:00:00+00:00
[2022-12-07T22:30:20.706+0000] {processor.py:176} INFO - Processing /home/airflow/.local/lib/python3.7/site-packages/airflow/example_dags/example_branch_operator.py took 0.364 seconds
[2022-12-07T22:30:51.666+0000] {processor.py:154} INFO - Started process (PID=730) to work on /home/airflow/.local/lib/python3.7/site-packages/airflow/example_dags/example_branch_operator.py
[2022-12-07T22:30:51.668+0000] {processor.py:756} INFO - Processing file /home/airflow/.local/lib/python3.7/site-packages/airflow/example_dags/example_branch_operator.py for tasks to queue
[2022-12-07T22:30:51.670+0000] {logging_mixin.py:137} INFO - [2022-12-07T22:30:51.669+0000] {dagbag.py:537} INFO - Filling up the DagBag from /home/airflow/.local/lib/python3.7/site-packages/airflow/example_dags/example_branch_operator.py
[2022-12-07T22:30:51.695+0000] {processor.py:766} INFO - DAG(s) dict_keys(['example_branch_operator']) retrieved from /home/airflow/.local/lib/python3.7/site-packages/airflow/example_dags/example_branch_operator.py
[2022-12-07T22:30:51.751+0000] {logging_mixin.py:137} INFO - [2022-12-07T22:30:51.750+0000] {dag.py:2585} INFO - Sync 1 DAGs
[2022-12-07T22:30:51.786+0000] {logging_mixin.py:137} INFO - [2022-12-07T22:30:51.786+0000] {dag.py:3340} INFO - Setting next_dagrun for example_branch_operator to 2022-12-06T00:00:00+00:00, run_after=2022-12-07T00:00:00+00:00
[2022-12-07T22:30:51.823+0000] {processor.py:176} INFO - Processing /home/airflow/.local/lib/python3.7/site-packages/airflow/example_dags/example_branch_operator.py took 0.160 seconds
[2022-12-07T22:31:21.893+0000] {processor.py:154} INFO - Started process (PID=793) to work on /home/airflow/.local/lib/python3.7/site-packages/airflow/example_dags/example_branch_operator.py
[2022-12-07T22:31:21.895+0000] {processor.py:756} INFO - Processing file /home/airflow/.local/lib/python3.7/site-packages/airflow/example_dags/example_branch_operator.py for tasks to queue
[2022-12-07T22:31:21.896+0000] {logging_mixin.py:137} INFO - [2022-12-07T22:31:21.896+0000] {dagbag.py:537} INFO - Filling up the DagBag from /home/airflow/.local/lib/python3.7/site-packages/airflow/example_dags/example_branch_operator.py
[2022-12-07T22:31:21.923+0000] {processor.py:766} INFO - DAG(s) dict_keys(['example_branch_operator']) retrieved from /home/airflow/.local/lib/python3.7/site-packages/airflow/example_dags/example_branch_operator.py
[2022-12-07T22:31:22.000+0000] {logging_mixin.py:137} INFO - [2022-12-07T22:31:22.000+0000] {dag.py:2585} INFO - Sync 1 DAGs
[2022-12-07T22:31:22.125+0000] {logging_mixin.py:137} INFO - [2022-12-07T22:31:22.125+0000] {dag.py:3340} INFO - Setting next_dagrun for example_branch_operator to 2022-12-06T00:00:00+00:00, run_after=2022-12-07T00:00:00+00:00
[2022-12-07T22:31:22.181+0000] {processor.py:176} INFO - Processing /home/airflow/.local/lib/python3.7/site-packages/airflow/example_dags/example_branch_operator.py took 0.293 seconds
[2022-12-07T22:31:53.027+0000] {processor.py:154} INFO - Started process (PID=850) to work on /home/airflow/.local/lib/python3.7/site-packages/airflow/example_dags/example_branch_operator.py
[2022-12-07T22:31:53.028+0000] {processor.py:756} INFO - Processing file /home/airflow/.local/lib/python3.7/site-packages/airflow/example_dags/example_branch_operator.py for tasks to queue
[2022-12-07T22:31:53.029+0000] {logging_mixin.py:137} INFO - [2022-12-07T22:31:53.029+0000] {dagbag.py:537} INFO - Filling up the DagBag from /home/airflow/.local/lib/python3.7/site-packages/airflow/example_dags/example_branch_operator.py
[2022-12-07T22:31:53.064+0000] {processor.py:766} INFO - DAG(s) dict_keys(['example_branch_operator']) retrieved from /home/airflow/.local/lib/python3.7/site-packages/airflow/example_dags/example_branch_operator.py
[2022-12-07T22:31:53.114+0000] {logging_mixin.py:137} INFO - [2022-12-07T22:31:53.114+0000] {dag.py:2585} INFO - Sync 1 DAGs
[2022-12-07T22:31:53.146+0000] {logging_mixin.py:137} INFO - [2022-12-07T22:31:53.146+0000] {dag.py:3340} INFO - Setting next_dagrun for example_branch_operator to 2022-12-06T00:00:00+00:00, run_after=2022-12-07T00:00:00+00:00
[2022-12-07T22:31:53.172+0000] {processor.py:176} INFO - Processing /home/airflow/.local/lib/python3.7/site-packages/airflow/example_dags/example_branch_operator.py took 0.150 seconds
[2022-12-07T22:32:24.143+0000] {processor.py:154} INFO - Started process (PID=914) to work on /home/airflow/.local/lib/python3.7/site-packages/airflow/example_dags/example_branch_operator.py
[2022-12-07T22:32:24.144+0000] {processor.py:756} INFO - Processing file /home/airflow/.local/lib/python3.7/site-packages/airflow/example_dags/example_branch_operator.py for tasks to queue
[2022-12-07T22:32:24.146+0000] {logging_mixin.py:137} INFO - [2022-12-07T22:32:24.146+0000] {dagbag.py:537} INFO - Filling up the DagBag from /home/airflow/.local/lib/python3.7/site-packages/airflow/example_dags/example_branch_operator.py
[2022-12-07T22:32:24.168+0000] {processor.py:766} INFO - DAG(s) dict_keys(['example_branch_operator']) retrieved from /home/airflow/.local/lib/python3.7/site-packages/airflow/example_dags/example_branch_operator.py
[2022-12-07T22:32:24.225+0000] {logging_mixin.py:137} INFO - [2022-12-07T22:32:24.225+0000] {dag.py:2585} INFO - Sync 1 DAGs
[2022-12-07T22:32:24.257+0000] {logging_mixin.py:137} INFO - [2022-12-07T22:32:24.257+0000] {dag.py:3340} INFO - Setting next_dagrun for example_branch_operator to 2022-12-06T00:00:00+00:00, run_after=2022-12-07T00:00:00+00:00
[2022-12-07T22:32:24.287+0000] {processor.py:176} INFO - Processing /home/airflow/.local/lib/python3.7/site-packages/airflow/example_dags/example_branch_operator.py took 0.149 seconds
[2022-12-07T23:36:46.953+0000] {processor.py:154} INFO - Started process (PID=76) to work on /home/airflow/.local/lib/python3.7/site-packages/airflow/example_dags/example_branch_operator.py
[2022-12-07T23:36:46.955+0000] {processor.py:756} INFO - Processing file /home/airflow/.local/lib/python3.7/site-packages/airflow/example_dags/example_branch_operator.py for tasks to queue
[2022-12-07T23:36:46.957+0000] {logging_mixin.py:137} INFO - [2022-12-07T23:36:46.956+0000] {dagbag.py:537} INFO - Filling up the DagBag from /home/airflow/.local/lib/python3.7/site-packages/airflow/example_dags/example_branch_operator.py
[2022-12-07T23:36:46.999+0000] {processor.py:766} INFO - DAG(s) dict_keys(['example_branch_operator']) retrieved from /home/airflow/.local/lib/python3.7/site-packages/airflow/example_dags/example_branch_operator.py
[2022-12-07T23:36:47.264+0000] {logging_mixin.py:137} INFO - [2022-12-07T23:36:47.263+0000] {manager.py:507} INFO - Created Permission View: can read on DAG:example_branch_operator
[2022-12-07T23:36:47.283+0000] {logging_mixin.py:137} INFO - [2022-12-07T23:36:47.283+0000] {manager.py:507} INFO - Created Permission View: can delete on DAG:example_branch_operator
[2022-12-07T23:36:47.298+0000] {logging_mixin.py:137} INFO - [2022-12-07T23:36:47.298+0000] {manager.py:507} INFO - Created Permission View: can edit on DAG:example_branch_operator
[2022-12-07T23:36:47.299+0000] {logging_mixin.py:137} INFO - [2022-12-07T23:36:47.299+0000] {dag.py:2585} INFO - Sync 1 DAGs
[2022-12-07T23:36:47.328+0000] {logging_mixin.py:137} INFO - [2022-12-07T23:36:47.327+0000] {dag.py:2606} INFO - Creating ORM DAG for example_branch_operator
[2022-12-07T23:36:47.352+0000] {logging_mixin.py:137} INFO - [2022-12-07T23:36:47.351+0000] {dag.py:3340} INFO - Setting next_dagrun for example_branch_operator to 2022-12-06T00:00:00+00:00, run_after=2022-12-07T00:00:00+00:00
[2022-12-07T23:36:47.394+0000] {processor.py:176} INFO - Processing /home/airflow/.local/lib/python3.7/site-packages/airflow/example_dags/example_branch_operator.py took 0.447 seconds
[2022-12-07T23:37:17.787+0000] {processor.py:154} INFO - Started process (PID=131) to work on /home/airflow/.local/lib/python3.7/site-packages/airflow/example_dags/example_branch_operator.py
[2022-12-07T23:37:17.788+0000] {processor.py:756} INFO - Processing file /home/airflow/.local/lib/python3.7/site-packages/airflow/example_dags/example_branch_operator.py for tasks to queue
[2022-12-07T23:37:17.790+0000] {logging_mixin.py:137} INFO - [2022-12-07T23:37:17.790+0000] {dagbag.py:537} INFO - Filling up the DagBag from /home/airflow/.local/lib/python3.7/site-packages/airflow/example_dags/example_branch_operator.py
[2022-12-07T23:37:17.819+0000] {processor.py:766} INFO - DAG(s) dict_keys(['example_branch_operator']) retrieved from /home/airflow/.local/lib/python3.7/site-packages/airflow/example_dags/example_branch_operator.py
[2022-12-07T23:37:17.890+0000] {logging_mixin.py:137} INFO - [2022-12-07T23:37:17.890+0000] {dag.py:2585} INFO - Sync 1 DAGs
[2022-12-07T23:37:17.926+0000] {logging_mixin.py:137} INFO - [2022-12-07T23:37:17.926+0000] {dag.py:3340} INFO - Setting next_dagrun for example_branch_operator to 2022-12-06T00:00:00+00:00, run_after=2022-12-07T00:00:00+00:00
[2022-12-07T23:37:17.955+0000] {processor.py:176} INFO - Processing /home/airflow/.local/lib/python3.7/site-packages/airflow/example_dags/example_branch_operator.py took 0.173 seconds
[2022-12-07T23:37:48.844+0000] {processor.py:154} INFO - Started process (PID=197) to work on /home/airflow/.local/lib/python3.7/site-packages/airflow/example_dags/example_branch_operator.py
[2022-12-07T23:37:48.845+0000] {processor.py:756} INFO - Processing file /home/airflow/.local/lib/python3.7/site-packages/airflow/example_dags/example_branch_operator.py for tasks to queue
[2022-12-07T23:37:48.846+0000] {logging_mixin.py:137} INFO - [2022-12-07T23:37:48.846+0000] {dagbag.py:537} INFO - Filling up the DagBag from /home/airflow/.local/lib/python3.7/site-packages/airflow/example_dags/example_branch_operator.py
[2022-12-07T23:37:48.873+0000] {processor.py:766} INFO - DAG(s) dict_keys(['example_branch_operator']) retrieved from /home/airflow/.local/lib/python3.7/site-packages/airflow/example_dags/example_branch_operator.py
[2022-12-07T23:37:48.931+0000] {logging_mixin.py:137} INFO - [2022-12-07T23:37:48.931+0000] {dag.py:2585} INFO - Sync 1 DAGs
[2022-12-07T23:37:48.973+0000] {logging_mixin.py:137} INFO - [2022-12-07T23:37:48.973+0000] {dag.py:3340} INFO - Setting next_dagrun for example_branch_operator to 2022-12-06T00:00:00+00:00, run_after=2022-12-07T00:00:00+00:00
[2022-12-07T23:37:49.006+0000] {processor.py:176} INFO - Processing /home/airflow/.local/lib/python3.7/site-packages/airflow/example_dags/example_branch_operator.py took 0.168 seconds
[2022-12-07T23:38:19.349+0000] {processor.py:154} INFO - Started process (PID=252) to work on /home/airflow/.local/lib/python3.7/site-packages/airflow/example_dags/example_branch_operator.py
[2022-12-07T23:38:19.350+0000] {processor.py:756} INFO - Processing file /home/airflow/.local/lib/python3.7/site-packages/airflow/example_dags/example_branch_operator.py for tasks to queue
[2022-12-07T23:38:19.351+0000] {logging_mixin.py:137} INFO - [2022-12-07T23:38:19.351+0000] {dagbag.py:537} INFO - Filling up the DagBag from /home/airflow/.local/lib/python3.7/site-packages/airflow/example_dags/example_branch_operator.py
[2022-12-07T23:38:19.378+0000] {processor.py:766} INFO - DAG(s) dict_keys(['example_branch_operator']) retrieved from /home/airflow/.local/lib/python3.7/site-packages/airflow/example_dags/example_branch_operator.py
[2022-12-07T23:38:19.464+0000] {logging_mixin.py:137} INFO - [2022-12-07T23:38:19.464+0000] {dag.py:2585} INFO - Sync 1 DAGs
[2022-12-07T23:38:19.521+0000] {logging_mixin.py:137} INFO - [2022-12-07T23:38:19.521+0000] {dag.py:3340} INFO - Setting next_dagrun for example_branch_operator to 2022-12-06T00:00:00+00:00, run_after=2022-12-07T00:00:00+00:00
[2022-12-07T23:38:19.564+0000] {processor.py:176} INFO - Processing /home/airflow/.local/lib/python3.7/site-packages/airflow/example_dags/example_branch_operator.py took 0.220 seconds
[2022-12-07T23:38:49.885+0000] {processor.py:154} INFO - Started process (PID=316) to work on /home/airflow/.local/lib/python3.7/site-packages/airflow/example_dags/example_branch_operator.py
[2022-12-07T23:38:49.886+0000] {processor.py:756} INFO - Processing file /home/airflow/.local/lib/python3.7/site-packages/airflow/example_dags/example_branch_operator.py for tasks to queue
[2022-12-07T23:38:49.888+0000] {logging_mixin.py:137} INFO - [2022-12-07T23:38:49.888+0000] {dagbag.py:537} INFO - Filling up the DagBag from /home/airflow/.local/lib/python3.7/site-packages/airflow/example_dags/example_branch_operator.py
[2022-12-07T23:38:49.935+0000] {processor.py:766} INFO - DAG(s) dict_keys(['example_branch_operator']) retrieved from /home/airflow/.local/lib/python3.7/site-packages/airflow/example_dags/example_branch_operator.py
[2022-12-07T23:38:50.001+0000] {logging_mixin.py:137} INFO - [2022-12-07T23:38:50.000+0000] {dag.py:2585} INFO - Sync 1 DAGs
[2022-12-07T23:38:50.051+0000] {logging_mixin.py:137} INFO - [2022-12-07T23:38:50.050+0000] {dag.py:3340} INFO - Setting next_dagrun for example_branch_operator to 2022-12-06T00:00:00+00:00, run_after=2022-12-07T00:00:00+00:00
[2022-12-07T23:38:50.080+0000] {processor.py:176} INFO - Processing /home/airflow/.local/lib/python3.7/site-packages/airflow/example_dags/example_branch_operator.py took 0.202 seconds
[2022-12-07T23:39:20.140+0000] {processor.py:154} INFO - Started process (PID=371) to work on /home/airflow/.local/lib/python3.7/site-packages/airflow/example_dags/example_branch_operator.py
[2022-12-07T23:39:20.141+0000] {processor.py:756} INFO - Processing file /home/airflow/.local/lib/python3.7/site-packages/airflow/example_dags/example_branch_operator.py for tasks to queue
[2022-12-07T23:39:20.142+0000] {logging_mixin.py:137} INFO - [2022-12-07T23:39:20.142+0000] {dagbag.py:537} INFO - Filling up the DagBag from /home/airflow/.local/lib/python3.7/site-packages/airflow/example_dags/example_branch_operator.py
[2022-12-07T23:39:20.163+0000] {processor.py:766} INFO - DAG(s) dict_keys(['example_branch_operator']) retrieved from /home/airflow/.local/lib/python3.7/site-packages/airflow/example_dags/example_branch_operator.py
[2022-12-07T23:39:20.232+0000] {logging_mixin.py:137} INFO - [2022-12-07T23:39:20.232+0000] {dag.py:2585} INFO - Sync 1 DAGs
[2022-12-07T23:39:20.270+0000] {logging_mixin.py:137} INFO - [2022-12-07T23:39:20.270+0000] {dag.py:3340} INFO - Setting next_dagrun for example_branch_operator to 2022-12-06T00:00:00+00:00, run_after=2022-12-07T00:00:00+00:00
[2022-12-07T23:39:20.300+0000] {processor.py:176} INFO - Processing /home/airflow/.local/lib/python3.7/site-packages/airflow/example_dags/example_branch_operator.py took 0.164 seconds
[2022-12-07T23:39:50.627+0000] {processor.py:154} INFO - Started process (PID=435) to work on /home/airflow/.local/lib/python3.7/site-packages/airflow/example_dags/example_branch_operator.py
[2022-12-07T23:39:50.630+0000] {processor.py:756} INFO - Processing file /home/airflow/.local/lib/python3.7/site-packages/airflow/example_dags/example_branch_operator.py for tasks to queue
[2022-12-07T23:39:50.631+0000] {logging_mixin.py:137} INFO - [2022-12-07T23:39:50.631+0000] {dagbag.py:537} INFO - Filling up the DagBag from /home/airflow/.local/lib/python3.7/site-packages/airflow/example_dags/example_branch_operator.py
[2022-12-07T23:39:50.676+0000] {processor.py:766} INFO - DAG(s) dict_keys(['example_branch_operator']) retrieved from /home/airflow/.local/lib/python3.7/site-packages/airflow/example_dags/example_branch_operator.py
[2022-12-07T23:39:50.780+0000] {logging_mixin.py:137} INFO - [2022-12-07T23:39:50.780+0000] {dag.py:2585} INFO - Sync 1 DAGs
[2022-12-07T23:39:50.894+0000] {logging_mixin.py:137} INFO - [2022-12-07T23:39:50.894+0000] {dag.py:3340} INFO - Setting next_dagrun for example_branch_operator to 2022-12-06T00:00:00+00:00, run_after=2022-12-07T00:00:00+00:00
[2022-12-07T23:39:50.934+0000] {processor.py:176} INFO - Processing /home/airflow/.local/lib/python3.7/site-packages/airflow/example_dags/example_branch_operator.py took 0.313 seconds
[2022-12-07T23:40:21.052+0000] {processor.py:154} INFO - Started process (PID=490) to work on /home/airflow/.local/lib/python3.7/site-packages/airflow/example_dags/example_branch_operator.py
[2022-12-07T23:40:21.053+0000] {processor.py:756} INFO - Processing file /home/airflow/.local/lib/python3.7/site-packages/airflow/example_dags/example_branch_operator.py for tasks to queue
[2022-12-07T23:40:21.054+0000] {logging_mixin.py:137} INFO - [2022-12-07T23:40:21.054+0000] {dagbag.py:537} INFO - Filling up the DagBag from /home/airflow/.local/lib/python3.7/site-packages/airflow/example_dags/example_branch_operator.py
[2022-12-07T23:40:21.078+0000] {processor.py:766} INFO - DAG(s) dict_keys(['example_branch_operator']) retrieved from /home/airflow/.local/lib/python3.7/site-packages/airflow/example_dags/example_branch_operator.py
[2022-12-07T23:40:21.132+0000] {logging_mixin.py:137} INFO - [2022-12-07T23:40:21.132+0000] {dag.py:2585} INFO - Sync 1 DAGs
[2022-12-07T23:40:21.169+0000] {logging_mixin.py:137} INFO - [2022-12-07T23:40:21.169+0000] {dag.py:3340} INFO - Setting next_dagrun for example_branch_operator to 2022-12-06T00:00:00+00:00, run_after=2022-12-07T00:00:00+00:00
[2022-12-07T23:40:21.196+0000] {processor.py:176} INFO - Processing /home/airflow/.local/lib/python3.7/site-packages/airflow/example_dags/example_branch_operator.py took 0.149 seconds
[2022-12-07T23:40:51.922+0000] {processor.py:154} INFO - Started process (PID=554) to work on /home/airflow/.local/lib/python3.7/site-packages/airflow/example_dags/example_branch_operator.py
[2022-12-07T23:40:51.924+0000] {processor.py:756} INFO - Processing file /home/airflow/.local/lib/python3.7/site-packages/airflow/example_dags/example_branch_operator.py for tasks to queue
[2022-12-07T23:40:51.925+0000] {logging_mixin.py:137} INFO - [2022-12-07T23:40:51.925+0000] {dagbag.py:537} INFO - Filling up the DagBag from /home/airflow/.local/lib/python3.7/site-packages/airflow/example_dags/example_branch_operator.py
[2022-12-07T23:40:51.950+0000] {processor.py:766} INFO - DAG(s) dict_keys(['example_branch_operator']) retrieved from /home/airflow/.local/lib/python3.7/site-packages/airflow/example_dags/example_branch_operator.py
[2022-12-07T23:40:52.012+0000] {logging_mixin.py:137} INFO - [2022-12-07T23:40:52.012+0000] {dag.py:2585} INFO - Sync 1 DAGs
[2022-12-07T23:40:52.061+0000] {logging_mixin.py:137} INFO - [2022-12-07T23:40:52.061+0000] {dag.py:3340} INFO - Setting next_dagrun for example_branch_operator to 2022-12-06T00:00:00+00:00, run_after=2022-12-07T00:00:00+00:00
[2022-12-07T23:40:52.096+0000] {processor.py:176} INFO - Processing /home/airflow/.local/lib/python3.7/site-packages/airflow/example_dags/example_branch_operator.py took 0.178 seconds
[2022-12-07T23:45:20.019+0000] {processor.py:154} INFO - Started process (PID=75) to work on /home/airflow/.local/lib/python3.7/site-packages/airflow/example_dags/example_branch_operator.py
[2022-12-07T23:45:20.041+0000] {processor.py:756} INFO - Processing file /home/airflow/.local/lib/python3.7/site-packages/airflow/example_dags/example_branch_operator.py for tasks to queue
[2022-12-07T23:45:20.043+0000] {logging_mixin.py:137} INFO - [2022-12-07T23:45:20.043+0000] {dagbag.py:537} INFO - Filling up the DagBag from /home/airflow/.local/lib/python3.7/site-packages/airflow/example_dags/example_branch_operator.py
[2022-12-07T23:45:20.152+0000] {processor.py:766} INFO - DAG(s) dict_keys(['example_branch_operator']) retrieved from /home/airflow/.local/lib/python3.7/site-packages/airflow/example_dags/example_branch_operator.py
[2022-12-07T23:45:20.391+0000] {logging_mixin.py:137} INFO - [2022-12-07T23:45:20.389+0000] {dag.py:2585} INFO - Sync 1 DAGs
[2022-12-07T23:45:20.501+0000] {logging_mixin.py:137} INFO - [2022-12-07T23:45:20.500+0000] {dag.py:3340} INFO - Setting next_dagrun for example_branch_operator to 2022-12-06T00:00:00+00:00, run_after=2022-12-07T00:00:00+00:00
[2022-12-07T23:45:20.560+0000] {processor.py:176} INFO - Processing /home/airflow/.local/lib/python3.7/site-packages/airflow/example_dags/example_branch_operator.py took 0.559 seconds
[2022-12-07T23:45:50.926+0000] {processor.py:154} INFO - Started process (PID=133) to work on /home/airflow/.local/lib/python3.7/site-packages/airflow/example_dags/example_branch_operator.py
[2022-12-07T23:45:50.927+0000] {processor.py:756} INFO - Processing file /home/airflow/.local/lib/python3.7/site-packages/airflow/example_dags/example_branch_operator.py for tasks to queue
[2022-12-07T23:45:50.928+0000] {logging_mixin.py:137} INFO - [2022-12-07T23:45:50.928+0000] {dagbag.py:537} INFO - Filling up the DagBag from /home/airflow/.local/lib/python3.7/site-packages/airflow/example_dags/example_branch_operator.py
[2022-12-07T23:45:50.958+0000] {processor.py:766} INFO - DAG(s) dict_keys(['example_branch_operator']) retrieved from /home/airflow/.local/lib/python3.7/site-packages/airflow/example_dags/example_branch_operator.py
[2022-12-07T23:45:51.034+0000] {logging_mixin.py:137} INFO - [2022-12-07T23:45:51.033+0000] {dag.py:2585} INFO - Sync 1 DAGs
[2022-12-07T23:45:51.100+0000] {logging_mixin.py:137} INFO - [2022-12-07T23:45:51.100+0000] {dag.py:3340} INFO - Setting next_dagrun for example_branch_operator to 2022-12-06T00:00:00+00:00, run_after=2022-12-07T00:00:00+00:00
[2022-12-07T23:45:51.143+0000] {processor.py:176} INFO - Processing /home/airflow/.local/lib/python3.7/site-packages/airflow/example_dags/example_branch_operator.py took 0.221 seconds
[2022-12-07T23:46:21.285+0000] {processor.py:154} INFO - Started process (PID=190) to work on /home/airflow/.local/lib/python3.7/site-packages/airflow/example_dags/example_branch_operator.py
[2022-12-07T23:46:21.286+0000] {processor.py:756} INFO - Processing file /home/airflow/.local/lib/python3.7/site-packages/airflow/example_dags/example_branch_operator.py for tasks to queue
[2022-12-07T23:46:21.287+0000] {logging_mixin.py:137} INFO - [2022-12-07T23:46:21.287+0000] {dagbag.py:537} INFO - Filling up the DagBag from /home/airflow/.local/lib/python3.7/site-packages/airflow/example_dags/example_branch_operator.py
[2022-12-07T23:46:21.313+0000] {processor.py:766} INFO - DAG(s) dict_keys(['example_branch_operator']) retrieved from /home/airflow/.local/lib/python3.7/site-packages/airflow/example_dags/example_branch_operator.py
[2022-12-07T23:46:21.370+0000] {logging_mixin.py:137} INFO - [2022-12-07T23:46:21.370+0000] {dag.py:2585} INFO - Sync 1 DAGs
[2022-12-07T23:46:21.409+0000] {logging_mixin.py:137} INFO - [2022-12-07T23:46:21.408+0000] {dag.py:3340} INFO - Setting next_dagrun for example_branch_operator to 2022-12-06T00:00:00+00:00, run_after=2022-12-07T00:00:00+00:00
[2022-12-07T23:46:21.436+0000] {processor.py:176} INFO - Processing /home/airflow/.local/lib/python3.7/site-packages/airflow/example_dags/example_branch_operator.py took 0.154 seconds
[2022-12-07T23:46:52.175+0000] {processor.py:154} INFO - Started process (PID=254) to work on /home/airflow/.local/lib/python3.7/site-packages/airflow/example_dags/example_branch_operator.py
[2022-12-07T23:46:52.176+0000] {processor.py:756} INFO - Processing file /home/airflow/.local/lib/python3.7/site-packages/airflow/example_dags/example_branch_operator.py for tasks to queue
[2022-12-07T23:46:52.177+0000] {logging_mixin.py:137} INFO - [2022-12-07T23:46:52.177+0000] {dagbag.py:537} INFO - Filling up the DagBag from /home/airflow/.local/lib/python3.7/site-packages/airflow/example_dags/example_branch_operator.py
[2022-12-07T23:46:52.200+0000] {processor.py:766} INFO - DAG(s) dict_keys(['example_branch_operator']) retrieved from /home/airflow/.local/lib/python3.7/site-packages/airflow/example_dags/example_branch_operator.py
[2022-12-07T23:46:52.256+0000] {logging_mixin.py:137} INFO - [2022-12-07T23:46:52.256+0000] {dag.py:2585} INFO - Sync 1 DAGs
[2022-12-07T23:46:52.293+0000] {logging_mixin.py:137} INFO - [2022-12-07T23:46:52.292+0000] {dag.py:3340} INFO - Setting next_dagrun for example_branch_operator to 2022-12-06T00:00:00+00:00, run_after=2022-12-07T00:00:00+00:00
[2022-12-07T23:46:52.319+0000] {processor.py:176} INFO - Processing /home/airflow/.local/lib/python3.7/site-packages/airflow/example_dags/example_branch_operator.py took 0.148 seconds
[2022-12-07T23:47:22.765+0000] {processor.py:154} INFO - Started process (PID=318) to work on /home/airflow/.local/lib/python3.7/site-packages/airflow/example_dags/example_branch_operator.py
[2022-12-07T23:47:22.766+0000] {processor.py:756} INFO - Processing file /home/airflow/.local/lib/python3.7/site-packages/airflow/example_dags/example_branch_operator.py for tasks to queue
[2022-12-07T23:47:22.768+0000] {logging_mixin.py:137} INFO - [2022-12-07T23:47:22.768+0000] {dagbag.py:537} INFO - Filling up the DagBag from /home/airflow/.local/lib/python3.7/site-packages/airflow/example_dags/example_branch_operator.py
[2022-12-07T23:47:22.798+0000] {processor.py:766} INFO - DAG(s) dict_keys(['example_branch_operator']) retrieved from /home/airflow/.local/lib/python3.7/site-packages/airflow/example_dags/example_branch_operator.py
[2022-12-07T23:47:22.872+0000] {logging_mixin.py:137} INFO - [2022-12-07T23:47:22.872+0000] {dag.py:2585} INFO - Sync 1 DAGs
[2022-12-07T23:47:22.928+0000] {logging_mixin.py:137} INFO - [2022-12-07T23:47:22.928+0000] {dag.py:3340} INFO - Setting next_dagrun for example_branch_operator to 2022-12-06T00:00:00+00:00, run_after=2022-12-07T00:00:00+00:00
[2022-12-07T23:47:22.958+0000] {processor.py:176} INFO - Processing /home/airflow/.local/lib/python3.7/site-packages/airflow/example_dags/example_branch_operator.py took 0.198 seconds
[2022-12-07T23:47:53.061+0000] {processor.py:154} INFO - Started process (PID=373) to work on /home/airflow/.local/lib/python3.7/site-packages/airflow/example_dags/example_branch_operator.py
[2022-12-07T23:47:53.062+0000] {processor.py:756} INFO - Processing file /home/airflow/.local/lib/python3.7/site-packages/airflow/example_dags/example_branch_operator.py for tasks to queue
[2022-12-07T23:47:53.064+0000] {logging_mixin.py:137} INFO - [2022-12-07T23:47:53.063+0000] {dagbag.py:537} INFO - Filling up the DagBag from /home/airflow/.local/lib/python3.7/site-packages/airflow/example_dags/example_branch_operator.py
[2022-12-07T23:47:53.094+0000] {processor.py:766} INFO - DAG(s) dict_keys(['example_branch_operator']) retrieved from /home/airflow/.local/lib/python3.7/site-packages/airflow/example_dags/example_branch_operator.py
[2022-12-07T23:47:53.164+0000] {logging_mixin.py:137} INFO - [2022-12-07T23:47:53.164+0000] {dag.py:2585} INFO - Sync 1 DAGs
[2022-12-07T23:47:53.204+0000] {logging_mixin.py:137} INFO - [2022-12-07T23:47:53.203+0000] {dag.py:3340} INFO - Setting next_dagrun for example_branch_operator to 2022-12-06T00:00:00+00:00, run_after=2022-12-07T00:00:00+00:00
[2022-12-07T23:47:53.233+0000] {processor.py:176} INFO - Processing /home/airflow/.local/lib/python3.7/site-packages/airflow/example_dags/example_branch_operator.py took 0.178 seconds
[2022-12-07T23:48:24.037+0000] {processor.py:154} INFO - Started process (PID=437) to work on /home/airflow/.local/lib/python3.7/site-packages/airflow/example_dags/example_branch_operator.py
[2022-12-07T23:48:24.038+0000] {processor.py:756} INFO - Processing file /home/airflow/.local/lib/python3.7/site-packages/airflow/example_dags/example_branch_operator.py for tasks to queue
[2022-12-07T23:48:24.040+0000] {logging_mixin.py:137} INFO - [2022-12-07T23:48:24.039+0000] {dagbag.py:537} INFO - Filling up the DagBag from /home/airflow/.local/lib/python3.7/site-packages/airflow/example_dags/example_branch_operator.py
[2022-12-07T23:48:24.096+0000] {processor.py:766} INFO - DAG(s) dict_keys(['example_branch_operator']) retrieved from /home/airflow/.local/lib/python3.7/site-packages/airflow/example_dags/example_branch_operator.py
[2022-12-07T23:48:24.243+0000] {logging_mixin.py:137} INFO - [2022-12-07T23:48:24.243+0000] {dag.py:2585} INFO - Sync 1 DAGs
[2022-12-07T23:48:24.361+0000] {logging_mixin.py:137} INFO - [2022-12-07T23:48:24.360+0000] {dag.py:3340} INFO - Setting next_dagrun for example_branch_operator to 2022-12-06T00:00:00+00:00, run_after=2022-12-07T00:00:00+00:00
[2022-12-07T23:48:24.439+0000] {processor.py:176} INFO - Processing /home/airflow/.local/lib/python3.7/site-packages/airflow/example_dags/example_branch_operator.py took 0.408 seconds
[2022-12-07T23:48:54.685+0000] {processor.py:154} INFO - Started process (PID=504) to work on /home/airflow/.local/lib/python3.7/site-packages/airflow/example_dags/example_branch_operator.py
[2022-12-07T23:48:54.687+0000] {processor.py:756} INFO - Processing file /home/airflow/.local/lib/python3.7/site-packages/airflow/example_dags/example_branch_operator.py for tasks to queue
[2022-12-07T23:48:54.689+0000] {logging_mixin.py:137} INFO - [2022-12-07T23:48:54.688+0000] {dagbag.py:537} INFO - Filling up the DagBag from /home/airflow/.local/lib/python3.7/site-packages/airflow/example_dags/example_branch_operator.py
[2022-12-07T23:48:54.737+0000] {processor.py:766} INFO - DAG(s) dict_keys(['example_branch_operator']) retrieved from /home/airflow/.local/lib/python3.7/site-packages/airflow/example_dags/example_branch_operator.py
[2022-12-07T23:48:54.855+0000] {logging_mixin.py:137} INFO - [2022-12-07T23:48:54.855+0000] {dag.py:2585} INFO - Sync 1 DAGs
[2022-12-07T23:48:54.913+0000] {logging_mixin.py:137} INFO - [2022-12-07T23:48:54.912+0000] {dag.py:3340} INFO - Setting next_dagrun for example_branch_operator to 2022-12-06T00:00:00+00:00, run_after=2022-12-07T00:00:00+00:00
[2022-12-07T23:48:54.951+0000] {processor.py:176} INFO - Processing /home/airflow/.local/lib/python3.7/site-packages/airflow/example_dags/example_branch_operator.py took 0.271 seconds
[2022-12-07T23:49:25.012+0000] {processor.py:154} INFO - Started process (PID=568) to work on /home/airflow/.local/lib/python3.7/site-packages/airflow/example_dags/example_branch_operator.py
[2022-12-07T23:49:25.013+0000] {processor.py:756} INFO - Processing file /home/airflow/.local/lib/python3.7/site-packages/airflow/example_dags/example_branch_operator.py for tasks to queue
[2022-12-07T23:49:25.015+0000] {logging_mixin.py:137} INFO - [2022-12-07T23:49:25.015+0000] {dagbag.py:537} INFO - Filling up the DagBag from /home/airflow/.local/lib/python3.7/site-packages/airflow/example_dags/example_branch_operator.py
[2022-12-07T23:49:25.046+0000] {processor.py:766} INFO - DAG(s) dict_keys(['example_branch_operator']) retrieved from /home/airflow/.local/lib/python3.7/site-packages/airflow/example_dags/example_branch_operator.py
[2022-12-07T23:49:25.121+0000] {logging_mixin.py:137} INFO - [2022-12-07T23:49:25.120+0000] {dag.py:2585} INFO - Sync 1 DAGs
[2022-12-07T23:49:25.170+0000] {logging_mixin.py:137} INFO - [2022-12-07T23:49:25.170+0000] {dag.py:3340} INFO - Setting next_dagrun for example_branch_operator to 2022-12-06T00:00:00+00:00, run_after=2022-12-07T00:00:00+00:00
[2022-12-07T23:49:25.204+0000] {processor.py:176} INFO - Processing /home/airflow/.local/lib/python3.7/site-packages/airflow/example_dags/example_branch_operator.py took 0.198 seconds
[2022-12-07T23:49:55.337+0000] {processor.py:154} INFO - Started process (PID=623) to work on /home/airflow/.local/lib/python3.7/site-packages/airflow/example_dags/example_branch_operator.py
[2022-12-07T23:49:55.339+0000] {processor.py:756} INFO - Processing file /home/airflow/.local/lib/python3.7/site-packages/airflow/example_dags/example_branch_operator.py for tasks to queue
[2022-12-07T23:49:55.341+0000] {logging_mixin.py:137} INFO - [2022-12-07T23:49:55.341+0000] {dagbag.py:537} INFO - Filling up the DagBag from /home/airflow/.local/lib/python3.7/site-packages/airflow/example_dags/example_branch_operator.py
[2022-12-07T23:49:55.377+0000] {processor.py:766} INFO - DAG(s) dict_keys(['example_branch_operator']) retrieved from /home/airflow/.local/lib/python3.7/site-packages/airflow/example_dags/example_branch_operator.py
[2022-12-07T23:49:55.446+0000] {logging_mixin.py:137} INFO - [2022-12-07T23:49:55.446+0000] {dag.py:2585} INFO - Sync 1 DAGs
[2022-12-07T23:49:55.494+0000] {logging_mixin.py:137} INFO - [2022-12-07T23:49:55.493+0000] {dag.py:3340} INFO - Setting next_dagrun for example_branch_operator to 2022-12-06T00:00:00+00:00, run_after=2022-12-07T00:00:00+00:00
[2022-12-07T23:49:55.522+0000] {processor.py:176} INFO - Processing /home/airflow/.local/lib/python3.7/site-packages/airflow/example_dags/example_branch_operator.py took 0.191 seconds
[2022-12-07T23:50:26.588+0000] {processor.py:154} INFO - Started process (PID=687) to work on /home/airflow/.local/lib/python3.7/site-packages/airflow/example_dags/example_branch_operator.py
[2022-12-07T23:50:26.589+0000] {processor.py:756} INFO - Processing file /home/airflow/.local/lib/python3.7/site-packages/airflow/example_dags/example_branch_operator.py for tasks to queue
[2022-12-07T23:50:26.591+0000] {logging_mixin.py:137} INFO - [2022-12-07T23:50:26.591+0000] {dagbag.py:537} INFO - Filling up the DagBag from /home/airflow/.local/lib/python3.7/site-packages/airflow/example_dags/example_branch_operator.py
[2022-12-07T23:50:26.633+0000] {processor.py:766} INFO - DAG(s) dict_keys(['example_branch_operator']) retrieved from /home/airflow/.local/lib/python3.7/site-packages/airflow/example_dags/example_branch_operator.py
[2022-12-07T23:50:26.705+0000] {logging_mixin.py:137} INFO - [2022-12-07T23:50:26.705+0000] {dag.py:2585} INFO - Sync 1 DAGs
[2022-12-07T23:50:26.756+0000] {logging_mixin.py:137} INFO - [2022-12-07T23:50:26.756+0000] {dag.py:3340} INFO - Setting next_dagrun for example_branch_operator to 2022-12-06T00:00:00+00:00, run_after=2022-12-07T00:00:00+00:00
[2022-12-07T23:50:26.788+0000] {processor.py:176} INFO - Processing /home/airflow/.local/lib/python3.7/site-packages/airflow/example_dags/example_branch_operator.py took 0.204 seconds
[2022-12-07T23:50:57.450+0000] {processor.py:154} INFO - Started process (PID=742) to work on /home/airflow/.local/lib/python3.7/site-packages/airflow/example_dags/example_branch_operator.py
[2022-12-07T23:50:57.452+0000] {processor.py:756} INFO - Processing file /home/airflow/.local/lib/python3.7/site-packages/airflow/example_dags/example_branch_operator.py for tasks to queue
[2022-12-07T23:50:57.453+0000] {logging_mixin.py:137} INFO - [2022-12-07T23:50:57.453+0000] {dagbag.py:537} INFO - Filling up the DagBag from /home/airflow/.local/lib/python3.7/site-packages/airflow/example_dags/example_branch_operator.py
[2022-12-07T23:50:57.476+0000] {processor.py:766} INFO - DAG(s) dict_keys(['example_branch_operator']) retrieved from /home/airflow/.local/lib/python3.7/site-packages/airflow/example_dags/example_branch_operator.py
[2022-12-07T23:50:57.530+0000] {logging_mixin.py:137} INFO - [2022-12-07T23:50:57.530+0000] {dag.py:2585} INFO - Sync 1 DAGs
[2022-12-07T23:50:57.567+0000] {logging_mixin.py:137} INFO - [2022-12-07T23:50:57.567+0000] {dag.py:3340} INFO - Setting next_dagrun for example_branch_operator to 2022-12-06T00:00:00+00:00, run_after=2022-12-07T00:00:00+00:00
[2022-12-07T23:50:57.600+0000] {processor.py:176} INFO - Processing /home/airflow/.local/lib/python3.7/site-packages/airflow/example_dags/example_branch_operator.py took 0.153 seconds
[2022-12-07T23:51:28.265+0000] {processor.py:154} INFO - Started process (PID=806) to work on /home/airflow/.local/lib/python3.7/site-packages/airflow/example_dags/example_branch_operator.py
[2022-12-07T23:51:28.266+0000] {processor.py:756} INFO - Processing file /home/airflow/.local/lib/python3.7/site-packages/airflow/example_dags/example_branch_operator.py for tasks to queue
[2022-12-07T23:51:28.268+0000] {logging_mixin.py:137} INFO - [2022-12-07T23:51:28.267+0000] {dagbag.py:537} INFO - Filling up the DagBag from /home/airflow/.local/lib/python3.7/site-packages/airflow/example_dags/example_branch_operator.py
[2022-12-07T23:51:28.297+0000] {processor.py:766} INFO - DAG(s) dict_keys(['example_branch_operator']) retrieved from /home/airflow/.local/lib/python3.7/site-packages/airflow/example_dags/example_branch_operator.py
[2022-12-07T23:51:28.355+0000] {logging_mixin.py:137} INFO - [2022-12-07T23:51:28.354+0000] {dag.py:2585} INFO - Sync 1 DAGs
[2022-12-07T23:51:28.401+0000] {logging_mixin.py:137} INFO - [2022-12-07T23:51:28.400+0000] {dag.py:3340} INFO - Setting next_dagrun for example_branch_operator to 2022-12-06T00:00:00+00:00, run_after=2022-12-07T00:00:00+00:00
[2022-12-07T23:51:28.441+0000] {processor.py:176} INFO - Processing /home/airflow/.local/lib/python3.7/site-packages/airflow/example_dags/example_branch_operator.py took 0.180 seconds
[2022-12-07T23:51:59.528+0000] {processor.py:154} INFO - Started process (PID=870) to work on /home/airflow/.local/lib/python3.7/site-packages/airflow/example_dags/example_branch_operator.py
[2022-12-07T23:51:59.529+0000] {processor.py:756} INFO - Processing file /home/airflow/.local/lib/python3.7/site-packages/airflow/example_dags/example_branch_operator.py for tasks to queue
[2022-12-07T23:51:59.531+0000] {logging_mixin.py:137} INFO - [2022-12-07T23:51:59.531+0000] {dagbag.py:537} INFO - Filling up the DagBag from /home/airflow/.local/lib/python3.7/site-packages/airflow/example_dags/example_branch_operator.py
[2022-12-07T23:51:59.580+0000] {processor.py:766} INFO - DAG(s) dict_keys(['example_branch_operator']) retrieved from /home/airflow/.local/lib/python3.7/site-packages/airflow/example_dags/example_branch_operator.py
[2022-12-07T23:51:59.687+0000] {logging_mixin.py:137} INFO - [2022-12-07T23:51:59.686+0000] {dag.py:2585} INFO - Sync 1 DAGs
[2022-12-07T23:51:59.745+0000] {logging_mixin.py:137} INFO - [2022-12-07T23:51:59.745+0000] {dag.py:3340} INFO - Setting next_dagrun for example_branch_operator to 2022-12-06T00:00:00+00:00, run_after=2022-12-07T00:00:00+00:00
[2022-12-07T23:51:59.788+0000] {processor.py:176} INFO - Processing /home/airflow/.local/lib/python3.7/site-packages/airflow/example_dags/example_branch_operator.py took 0.268 seconds
[2022-12-07T23:52:30.041+0000] {processor.py:154} INFO - Started process (PID=925) to work on /home/airflow/.local/lib/python3.7/site-packages/airflow/example_dags/example_branch_operator.py
[2022-12-07T23:52:30.043+0000] {processor.py:756} INFO - Processing file /home/airflow/.local/lib/python3.7/site-packages/airflow/example_dags/example_branch_operator.py for tasks to queue
[2022-12-07T23:52:30.044+0000] {logging_mixin.py:137} INFO - [2022-12-07T23:52:30.044+0000] {dagbag.py:537} INFO - Filling up the DagBag from /home/airflow/.local/lib/python3.7/site-packages/airflow/example_dags/example_branch_operator.py
[2022-12-07T23:52:30.083+0000] {processor.py:766} INFO - DAG(s) dict_keys(['example_branch_operator']) retrieved from /home/airflow/.local/lib/python3.7/site-packages/airflow/example_dags/example_branch_operator.py
[2022-12-07T23:52:30.167+0000] {logging_mixin.py:137} INFO - [2022-12-07T23:52:30.167+0000] {dag.py:2585} INFO - Sync 1 DAGs
[2022-12-07T23:52:30.220+0000] {logging_mixin.py:137} INFO - [2022-12-07T23:52:30.220+0000] {dag.py:3340} INFO - Setting next_dagrun for example_branch_operator to 2022-12-06T00:00:00+00:00, run_after=2022-12-07T00:00:00+00:00
[2022-12-07T23:52:30.257+0000] {processor.py:176} INFO - Processing /home/airflow/.local/lib/python3.7/site-packages/airflow/example_dags/example_branch_operator.py took 0.221 seconds
[2022-12-07T23:53:00.465+0000] {processor.py:154} INFO - Started process (PID=994) to work on /home/airflow/.local/lib/python3.7/site-packages/airflow/example_dags/example_branch_operator.py
[2022-12-07T23:53:00.466+0000] {processor.py:756} INFO - Processing file /home/airflow/.local/lib/python3.7/site-packages/airflow/example_dags/example_branch_operator.py for tasks to queue
[2022-12-07T23:53:00.468+0000] {logging_mixin.py:137} INFO - [2022-12-07T23:53:00.467+0000] {dagbag.py:537} INFO - Filling up the DagBag from /home/airflow/.local/lib/python3.7/site-packages/airflow/example_dags/example_branch_operator.py
[2022-12-07T23:53:00.493+0000] {processor.py:766} INFO - DAG(s) dict_keys(['example_branch_operator']) retrieved from /home/airflow/.local/lib/python3.7/site-packages/airflow/example_dags/example_branch_operator.py
[2022-12-07T23:53:00.553+0000] {logging_mixin.py:137} INFO - [2022-12-07T23:53:00.552+0000] {dag.py:2585} INFO - Sync 1 DAGs
[2022-12-07T23:53:00.597+0000] {logging_mixin.py:137} INFO - [2022-12-07T23:53:00.597+0000] {dag.py:3340} INFO - Setting next_dagrun for example_branch_operator to 2022-12-06T00:00:00+00:00, run_after=2022-12-07T00:00:00+00:00
[2022-12-07T23:53:00.631+0000] {processor.py:176} INFO - Processing /home/airflow/.local/lib/python3.7/site-packages/airflow/example_dags/example_branch_operator.py took 0.170 seconds
[2022-12-07T23:53:31.175+0000] {processor.py:154} INFO - Started process (PID=1049) to work on /home/airflow/.local/lib/python3.7/site-packages/airflow/example_dags/example_branch_operator.py
[2022-12-07T23:53:31.176+0000] {processor.py:756} INFO - Processing file /home/airflow/.local/lib/python3.7/site-packages/airflow/example_dags/example_branch_operator.py for tasks to queue
[2022-12-07T23:53:31.178+0000] {logging_mixin.py:137} INFO - [2022-12-07T23:53:31.178+0000] {dagbag.py:537} INFO - Filling up the DagBag from /home/airflow/.local/lib/python3.7/site-packages/airflow/example_dags/example_branch_operator.py
[2022-12-07T23:53:31.208+0000] {processor.py:766} INFO - DAG(s) dict_keys(['example_branch_operator']) retrieved from /home/airflow/.local/lib/python3.7/site-packages/airflow/example_dags/example_branch_operator.py
[2022-12-07T23:53:31.273+0000] {logging_mixin.py:137} INFO - [2022-12-07T23:53:31.273+0000] {dag.py:2585} INFO - Sync 1 DAGs
[2022-12-07T23:53:31.312+0000] {logging_mixin.py:137} INFO - [2022-12-07T23:53:31.311+0000] {dag.py:3340} INFO - Setting next_dagrun for example_branch_operator to 2022-12-06T00:00:00+00:00, run_after=2022-12-07T00:00:00+00:00
[2022-12-07T23:53:31.344+0000] {processor.py:176} INFO - Processing /home/airflow/.local/lib/python3.7/site-packages/airflow/example_dags/example_branch_operator.py took 0.173 seconds
[2022-12-07T23:54:03.514+0000] {processor.py:154} INFO - Started process (PID=1119) to work on /home/airflow/.local/lib/python3.7/site-packages/airflow/example_dags/example_branch_operator.py
[2022-12-07T23:54:03.519+0000] {processor.py:756} INFO - Processing file /home/airflow/.local/lib/python3.7/site-packages/airflow/example_dags/example_branch_operator.py for tasks to queue
[2022-12-07T23:54:03.522+0000] {logging_mixin.py:137} INFO - [2022-12-07T23:54:03.522+0000] {dagbag.py:537} INFO - Filling up the DagBag from /home/airflow/.local/lib/python3.7/site-packages/airflow/example_dags/example_branch_operator.py
[2022-12-07T23:54:03.627+0000] {processor.py:766} INFO - DAG(s) dict_keys(['example_branch_operator']) retrieved from /home/airflow/.local/lib/python3.7/site-packages/airflow/example_dags/example_branch_operator.py
[2022-12-07T23:54:03.869+0000] {logging_mixin.py:137} INFO - [2022-12-07T23:54:03.868+0000] {dag.py:2585} INFO - Sync 1 DAGs
[2022-12-07T23:54:04.007+0000] {logging_mixin.py:137} INFO - [2022-12-07T23:54:04.007+0000] {dag.py:3340} INFO - Setting next_dagrun for example_branch_operator to 2022-12-06T00:00:00+00:00, run_after=2022-12-07T00:00:00+00:00
[2022-12-07T23:54:04.129+0000] {processor.py:176} INFO - Processing /home/airflow/.local/lib/python3.7/site-packages/airflow/example_dags/example_branch_operator.py took 0.644 seconds
[2022-12-07T23:54:34.810+0000] {processor.py:154} INFO - Started process (PID=1174) to work on /home/airflow/.local/lib/python3.7/site-packages/airflow/example_dags/example_branch_operator.py
[2022-12-07T23:54:34.812+0000] {processor.py:756} INFO - Processing file /home/airflow/.local/lib/python3.7/site-packages/airflow/example_dags/example_branch_operator.py for tasks to queue
[2022-12-07T23:54:34.813+0000] {logging_mixin.py:137} INFO - [2022-12-07T23:54:34.813+0000] {dagbag.py:537} INFO - Filling up the DagBag from /home/airflow/.local/lib/python3.7/site-packages/airflow/example_dags/example_branch_operator.py
[2022-12-07T23:54:34.837+0000] {processor.py:766} INFO - DAG(s) dict_keys(['example_branch_operator']) retrieved from /home/airflow/.local/lib/python3.7/site-packages/airflow/example_dags/example_branch_operator.py
[2022-12-07T23:54:34.892+0000] {logging_mixin.py:137} INFO - [2022-12-07T23:54:34.891+0000] {dag.py:2585} INFO - Sync 1 DAGs
[2022-12-07T23:54:34.932+0000] {logging_mixin.py:137} INFO - [2022-12-07T23:54:34.932+0000] {dag.py:3340} INFO - Setting next_dagrun for example_branch_operator to 2022-12-06T00:00:00+00:00, run_after=2022-12-07T00:00:00+00:00
[2022-12-07T23:54:34.965+0000] {processor.py:176} INFO - Processing /home/airflow/.local/lib/python3.7/site-packages/airflow/example_dags/example_branch_operator.py took 0.158 seconds
