[2022-12-07T21:19:45.996+0000] {processor.py:154} INFO - Started process (PID=28207) to work on /home/airflow/.local/lib/python3.7/site-packages/airflow/example_dags/example_branch_python_dop_operator_3.py
[2022-12-07T21:19:45.998+0000] {processor.py:756} INFO - Processing file /home/airflow/.local/lib/python3.7/site-packages/airflow/example_dags/example_branch_python_dop_operator_3.py for tasks to queue
[2022-12-07T21:19:46.000+0000] {logging_mixin.py:137} INFO - [2022-12-07T21:19:46.000+0000] {dagbag.py:537} INFO - Filling up the DagBag from /home/airflow/.local/lib/python3.7/site-packages/airflow/example_dags/example_branch_python_dop_operator_3.py
[2022-12-07T21:19:46.040+0000] {processor.py:766} INFO - DAG(s) dict_keys(['example_branch_dop_operator_v3']) retrieved from /home/airflow/.local/lib/python3.7/site-packages/airflow/example_dags/example_branch_python_dop_operator_3.py
[2022-12-07T21:19:46.105+0000] {logging_mixin.py:137} INFO - [2022-12-07T21:19:46.105+0000] {dag.py:2585} INFO - Sync 1 DAGs
[2022-12-07T21:19:46.155+0000] {logging_mixin.py:137} INFO - [2022-12-07T21:19:46.155+0000] {dag.py:3340} INFO - Setting next_dagrun for example_branch_dop_operator_v3 to 2022-12-07T21:18:00+00:00, run_after=2022-12-07T21:19:00+00:00
[2022-12-07T21:19:46.198+0000] {processor.py:176} INFO - Processing /home/airflow/.local/lib/python3.7/site-packages/airflow/example_dags/example_branch_python_dop_operator_3.py took 0.207 seconds
[2022-12-07T21:20:16.388+0000] {processor.py:154} INFO - Started process (PID=28264) to work on /home/airflow/.local/lib/python3.7/site-packages/airflow/example_dags/example_branch_python_dop_operator_3.py
[2022-12-07T21:20:16.391+0000] {processor.py:756} INFO - Processing file /home/airflow/.local/lib/python3.7/site-packages/airflow/example_dags/example_branch_python_dop_operator_3.py for tasks to queue
[2022-12-07T21:20:16.393+0000] {logging_mixin.py:137} INFO - [2022-12-07T21:20:16.392+0000] {dagbag.py:537} INFO - Filling up the DagBag from /home/airflow/.local/lib/python3.7/site-packages/airflow/example_dags/example_branch_python_dop_operator_3.py
[2022-12-07T21:20:16.441+0000] {processor.py:766} INFO - DAG(s) dict_keys(['example_branch_dop_operator_v3']) retrieved from /home/airflow/.local/lib/python3.7/site-packages/airflow/example_dags/example_branch_python_dop_operator_3.py
[2022-12-07T21:20:16.517+0000] {logging_mixin.py:137} INFO - [2022-12-07T21:20:16.516+0000] {dag.py:2585} INFO - Sync 1 DAGs
[2022-12-07T21:20:16.588+0000] {logging_mixin.py:137} INFO - [2022-12-07T21:20:16.588+0000] {dag.py:3340} INFO - Setting next_dagrun for example_branch_dop_operator_v3 to 2022-12-07T21:19:00+00:00, run_after=2022-12-07T21:20:00+00:00
[2022-12-07T21:20:16.633+0000] {processor.py:176} INFO - Processing /home/airflow/.local/lib/python3.7/site-packages/airflow/example_dags/example_branch_python_dop_operator_3.py took 0.253 seconds
[2022-12-07T21:20:47.242+0000] {processor.py:154} INFO - Started process (PID=28324) to work on /home/airflow/.local/lib/python3.7/site-packages/airflow/example_dags/example_branch_python_dop_operator_3.py
[2022-12-07T21:20:47.244+0000] {processor.py:756} INFO - Processing file /home/airflow/.local/lib/python3.7/site-packages/airflow/example_dags/example_branch_python_dop_operator_3.py for tasks to queue
[2022-12-07T21:20:47.246+0000] {logging_mixin.py:137} INFO - [2022-12-07T21:20:47.246+0000] {dagbag.py:537} INFO - Filling up the DagBag from /home/airflow/.local/lib/python3.7/site-packages/airflow/example_dags/example_branch_python_dop_operator_3.py
[2022-12-07T21:20:47.302+0000] {processor.py:766} INFO - DAG(s) dict_keys(['example_branch_dop_operator_v3']) retrieved from /home/airflow/.local/lib/python3.7/site-packages/airflow/example_dags/example_branch_python_dop_operator_3.py
[2022-12-07T21:20:47.481+0000] {logging_mixin.py:137} INFO - [2022-12-07T21:20:47.481+0000] {dag.py:2585} INFO - Sync 1 DAGs
[2022-12-07T21:20:47.572+0000] {logging_mixin.py:137} INFO - [2022-12-07T21:20:47.571+0000] {dag.py:3340} INFO - Setting next_dagrun for example_branch_dop_operator_v3 to 2022-12-07T21:19:00+00:00, run_after=2022-12-07T21:20:00+00:00
[2022-12-07T21:20:47.831+0000] {processor.py:176} INFO - Processing /home/airflow/.local/lib/python3.7/site-packages/airflow/example_dags/example_branch_python_dop_operator_3.py took 0.597 seconds
[2022-12-07T21:21:17.991+0000] {processor.py:154} INFO - Started process (PID=28378) to work on /home/airflow/.local/lib/python3.7/site-packages/airflow/example_dags/example_branch_python_dop_operator_3.py
[2022-12-07T21:21:17.992+0000] {processor.py:756} INFO - Processing file /home/airflow/.local/lib/python3.7/site-packages/airflow/example_dags/example_branch_python_dop_operator_3.py for tasks to queue
[2022-12-07T21:21:17.993+0000] {logging_mixin.py:137} INFO - [2022-12-07T21:21:17.993+0000] {dagbag.py:537} INFO - Filling up the DagBag from /home/airflow/.local/lib/python3.7/site-packages/airflow/example_dags/example_branch_python_dop_operator_3.py
[2022-12-07T21:21:18.053+0000] {processor.py:766} INFO - DAG(s) dict_keys(['example_branch_dop_operator_v3']) retrieved from /home/airflow/.local/lib/python3.7/site-packages/airflow/example_dags/example_branch_python_dop_operator_3.py
[2022-12-07T21:21:18.176+0000] {logging_mixin.py:137} INFO - [2022-12-07T21:21:18.175+0000] {dag.py:2585} INFO - Sync 1 DAGs
[2022-12-07T21:21:18.598+0000] {logging_mixin.py:137} INFO - [2022-12-07T21:21:18.598+0000] {dag.py:3340} INFO - Setting next_dagrun for example_branch_dop_operator_v3 to 2022-12-07T21:20:00+00:00, run_after=2022-12-07T21:21:00+00:00
[2022-12-07T21:21:18.640+0000] {processor.py:176} INFO - Processing /home/airflow/.local/lib/python3.7/site-packages/airflow/example_dags/example_branch_python_dop_operator_3.py took 0.655 seconds
[2022-12-07T21:21:48.723+0000] {processor.py:154} INFO - Started process (PID=28442) to work on /home/airflow/.local/lib/python3.7/site-packages/airflow/example_dags/example_branch_python_dop_operator_3.py
[2022-12-07T21:21:48.724+0000] {processor.py:756} INFO - Processing file /home/airflow/.local/lib/python3.7/site-packages/airflow/example_dags/example_branch_python_dop_operator_3.py for tasks to queue
[2022-12-07T21:21:48.725+0000] {logging_mixin.py:137} INFO - [2022-12-07T21:21:48.725+0000] {dagbag.py:537} INFO - Filling up the DagBag from /home/airflow/.local/lib/python3.7/site-packages/airflow/example_dags/example_branch_python_dop_operator_3.py
[2022-12-07T21:21:48.760+0000] {processor.py:766} INFO - DAG(s) dict_keys(['example_branch_dop_operator_v3']) retrieved from /home/airflow/.local/lib/python3.7/site-packages/airflow/example_dags/example_branch_python_dop_operator_3.py
[2022-12-07T21:21:48.827+0000] {logging_mixin.py:137} INFO - [2022-12-07T21:21:48.826+0000] {dag.py:2585} INFO - Sync 1 DAGs
[2022-12-07T21:21:49.066+0000] {logging_mixin.py:137} INFO - [2022-12-07T21:21:49.066+0000] {dag.py:3340} INFO - Setting next_dagrun for example_branch_dop_operator_v3 to 2022-12-07T21:20:00+00:00, run_after=2022-12-07T21:21:00+00:00
[2022-12-07T21:21:49.100+0000] {processor.py:176} INFO - Processing /home/airflow/.local/lib/python3.7/site-packages/airflow/example_dags/example_branch_python_dop_operator_3.py took 0.380 seconds
[2022-12-07T21:22:19.349+0000] {processor.py:154} INFO - Started process (PID=28497) to work on /home/airflow/.local/lib/python3.7/site-packages/airflow/example_dags/example_branch_python_dop_operator_3.py
[2022-12-07T21:22:19.350+0000] {processor.py:756} INFO - Processing file /home/airflow/.local/lib/python3.7/site-packages/airflow/example_dags/example_branch_python_dop_operator_3.py for tasks to queue
[2022-12-07T21:22:19.352+0000] {logging_mixin.py:137} INFO - [2022-12-07T21:22:19.351+0000] {dagbag.py:537} INFO - Filling up the DagBag from /home/airflow/.local/lib/python3.7/site-packages/airflow/example_dags/example_branch_python_dop_operator_3.py
[2022-12-07T21:22:19.406+0000] {processor.py:766} INFO - DAG(s) dict_keys(['example_branch_dop_operator_v3']) retrieved from /home/airflow/.local/lib/python3.7/site-packages/airflow/example_dags/example_branch_python_dop_operator_3.py
[2022-12-07T21:22:19.490+0000] {logging_mixin.py:137} INFO - [2022-12-07T21:22:19.490+0000] {dag.py:2585} INFO - Sync 1 DAGs
[2022-12-07T21:22:19.542+0000] {logging_mixin.py:137} INFO - [2022-12-07T21:22:19.542+0000] {dag.py:3340} INFO - Setting next_dagrun for example_branch_dop_operator_v3 to 2022-12-07T21:21:00+00:00, run_after=2022-12-07T21:22:00+00:00
[2022-12-07T21:22:19.575+0000] {processor.py:176} INFO - Processing /home/airflow/.local/lib/python3.7/site-packages/airflow/example_dags/example_branch_python_dop_operator_3.py took 0.230 seconds
[2022-12-07T21:22:50.168+0000] {processor.py:154} INFO - Started process (PID=28561) to work on /home/airflow/.local/lib/python3.7/site-packages/airflow/example_dags/example_branch_python_dop_operator_3.py
[2022-12-07T21:22:50.169+0000] {processor.py:756} INFO - Processing file /home/airflow/.local/lib/python3.7/site-packages/airflow/example_dags/example_branch_python_dop_operator_3.py for tasks to queue
[2022-12-07T21:22:50.170+0000] {logging_mixin.py:137} INFO - [2022-12-07T21:22:50.170+0000] {dagbag.py:537} INFO - Filling up the DagBag from /home/airflow/.local/lib/python3.7/site-packages/airflow/example_dags/example_branch_python_dop_operator_3.py
[2022-12-07T21:22:50.225+0000] {processor.py:766} INFO - DAG(s) dict_keys(['example_branch_dop_operator_v3']) retrieved from /home/airflow/.local/lib/python3.7/site-packages/airflow/example_dags/example_branch_python_dop_operator_3.py
[2022-12-07T21:22:50.300+0000] {logging_mixin.py:137} INFO - [2022-12-07T21:22:50.300+0000] {dag.py:2585} INFO - Sync 1 DAGs
[2022-12-07T21:22:50.359+0000] {logging_mixin.py:137} INFO - [2022-12-07T21:22:50.359+0000] {dag.py:3340} INFO - Setting next_dagrun for example_branch_dop_operator_v3 to 2022-12-07T21:21:00+00:00, run_after=2022-12-07T21:22:00+00:00
[2022-12-07T21:22:50.413+0000] {processor.py:176} INFO - Processing /home/airflow/.local/lib/python3.7/site-packages/airflow/example_dags/example_branch_python_dop_operator_3.py took 0.250 seconds
