[2022-12-07T22:25:12.599+0000] {processor.py:154} INFO - Started process (PID=67) to work on /home/airflow/.local/lib/python3.7/site-packages/airflow/example_dags/example_short_circuit_decorator.py
[2022-12-07T22:25:12.608+0000] {processor.py:756} INFO - Processing file /home/airflow/.local/lib/python3.7/site-packages/airflow/example_dags/example_short_circuit_decorator.py for tasks to queue
[2022-12-07T22:25:12.620+0000] {logging_mixin.py:137} INFO - [2022-12-07T22:25:12.619+0000] {dagbag.py:537} INFO - Filling up the DagBag from /home/airflow/.local/lib/python3.7/site-packages/airflow/example_dags/example_short_circuit_decorator.py
[2022-12-07T22:25:12.786+0000] {processor.py:766} INFO - DAG(s) dict_keys(['example_short_circuit_decorator']) retrieved from /home/airflow/.local/lib/python3.7/site-packages/airflow/example_dags/example_short_circuit_decorator.py
[2022-12-07T22:25:13.077+0000] {logging_mixin.py:137} INFO - [2022-12-07T22:25:13.076+0000] {dag.py:2585} INFO - Sync 1 DAGs
[2022-12-07T22:25:13.185+0000] {logging_mixin.py:137} INFO - [2022-12-07T22:25:13.185+0000] {dag.py:3340} INFO - Setting next_dagrun for example_short_circuit_decorator to 2022-12-06T22:25:13.184502+00:00, run_after=2022-12-07T22:25:13.184502+00:00
[2022-12-07T22:25:13.268+0000] {processor.py:176} INFO - Processing /home/airflow/.local/lib/python3.7/site-packages/airflow/example_dags/example_short_circuit_decorator.py took 0.690 seconds
[2022-12-07T22:25:43.578+0000] {processor.py:154} INFO - Started process (PID=127) to work on /home/airflow/.local/lib/python3.7/site-packages/airflow/example_dags/example_short_circuit_decorator.py
[2022-12-07T22:25:43.579+0000] {processor.py:756} INFO - Processing file /home/airflow/.local/lib/python3.7/site-packages/airflow/example_dags/example_short_circuit_decorator.py for tasks to queue
[2022-12-07T22:25:43.580+0000] {logging_mixin.py:137} INFO - [2022-12-07T22:25:43.580+0000] {dagbag.py:537} INFO - Filling up the DagBag from /home/airflow/.local/lib/python3.7/site-packages/airflow/example_dags/example_short_circuit_decorator.py
[2022-12-07T22:25:43.620+0000] {processor.py:766} INFO - DAG(s) dict_keys(['example_short_circuit_decorator']) retrieved from /home/airflow/.local/lib/python3.7/site-packages/airflow/example_dags/example_short_circuit_decorator.py
[2022-12-07T22:25:43.690+0000] {logging_mixin.py:137} INFO - [2022-12-07T22:25:43.690+0000] {dag.py:2585} INFO - Sync 1 DAGs
[2022-12-07T22:25:43.732+0000] {logging_mixin.py:137} INFO - [2022-12-07T22:25:43.732+0000] {dag.py:3340} INFO - Setting next_dagrun for example_short_circuit_decorator to 2022-12-06T22:25:43.732214+00:00, run_after=2022-12-07T22:25:43.732214+00:00
[2022-12-07T22:25:43.761+0000] {processor.py:176} INFO - Processing /home/airflow/.local/lib/python3.7/site-packages/airflow/example_dags/example_short_circuit_decorator.py took 0.187 seconds
[2022-12-07T22:26:14.155+0000] {processor.py:154} INFO - Started process (PID=183) to work on /home/airflow/.local/lib/python3.7/site-packages/airflow/example_dags/example_short_circuit_decorator.py
[2022-12-07T22:26:14.157+0000] {processor.py:756} INFO - Processing file /home/airflow/.local/lib/python3.7/site-packages/airflow/example_dags/example_short_circuit_decorator.py for tasks to queue
[2022-12-07T22:26:14.159+0000] {logging_mixin.py:137} INFO - [2022-12-07T22:26:14.159+0000] {dagbag.py:537} INFO - Filling up the DagBag from /home/airflow/.local/lib/python3.7/site-packages/airflow/example_dags/example_short_circuit_decorator.py
[2022-12-07T22:26:14.257+0000] {processor.py:766} INFO - DAG(s) dict_keys(['example_short_circuit_decorator']) retrieved from /home/airflow/.local/lib/python3.7/site-packages/airflow/example_dags/example_short_circuit_decorator.py
[2022-12-07T22:26:14.331+0000] {logging_mixin.py:137} INFO - [2022-12-07T22:26:14.331+0000] {dag.py:2585} INFO - Sync 1 DAGs
[2022-12-07T22:26:14.367+0000] {logging_mixin.py:137} INFO - [2022-12-07T22:26:14.367+0000] {dag.py:3340} INFO - Setting next_dagrun for example_short_circuit_decorator to 2022-12-06T22:26:14.366991+00:00, run_after=2022-12-07T22:26:14.366991+00:00
[2022-12-07T22:26:14.391+0000] {processor.py:176} INFO - Processing /home/airflow/.local/lib/python3.7/site-packages/airflow/example_dags/example_short_circuit_decorator.py took 0.240 seconds
[2022-12-07T22:26:44.623+0000] {processor.py:154} INFO - Started process (PID=247) to work on /home/airflow/.local/lib/python3.7/site-packages/airflow/example_dags/example_short_circuit_decorator.py
[2022-12-07T22:26:44.624+0000] {processor.py:756} INFO - Processing file /home/airflow/.local/lib/python3.7/site-packages/airflow/example_dags/example_short_circuit_decorator.py for tasks to queue
[2022-12-07T22:26:44.626+0000] {logging_mixin.py:137} INFO - [2022-12-07T22:26:44.626+0000] {dagbag.py:537} INFO - Filling up the DagBag from /home/airflow/.local/lib/python3.7/site-packages/airflow/example_dags/example_short_circuit_decorator.py
[2022-12-07T22:26:44.682+0000] {processor.py:766} INFO - DAG(s) dict_keys(['example_short_circuit_decorator']) retrieved from /home/airflow/.local/lib/python3.7/site-packages/airflow/example_dags/example_short_circuit_decorator.py
[2022-12-07T22:26:44.761+0000] {logging_mixin.py:137} INFO - [2022-12-07T22:26:44.761+0000] {dag.py:2585} INFO - Sync 1 DAGs
[2022-12-07T22:26:44.809+0000] {logging_mixin.py:137} INFO - [2022-12-07T22:26:44.809+0000] {dag.py:3340} INFO - Setting next_dagrun for example_short_circuit_decorator to 2022-12-06T22:26:44.809031+00:00, run_after=2022-12-07T22:26:44.809031+00:00
[2022-12-07T22:26:44.855+0000] {processor.py:176} INFO - Processing /home/airflow/.local/lib/python3.7/site-packages/airflow/example_dags/example_short_circuit_decorator.py took 0.237 seconds
[2022-12-07T22:27:15.850+0000] {processor.py:154} INFO - Started process (PID=302) to work on /home/airflow/.local/lib/python3.7/site-packages/airflow/example_dags/example_short_circuit_decorator.py
[2022-12-07T22:27:15.851+0000] {processor.py:756} INFO - Processing file /home/airflow/.local/lib/python3.7/site-packages/airflow/example_dags/example_short_circuit_decorator.py for tasks to queue
[2022-12-07T22:27:15.853+0000] {logging_mixin.py:137} INFO - [2022-12-07T22:27:15.853+0000] {dagbag.py:537} INFO - Filling up the DagBag from /home/airflow/.local/lib/python3.7/site-packages/airflow/example_dags/example_short_circuit_decorator.py
[2022-12-07T22:27:15.885+0000] {processor.py:766} INFO - DAG(s) dict_keys(['example_short_circuit_decorator']) retrieved from /home/airflow/.local/lib/python3.7/site-packages/airflow/example_dags/example_short_circuit_decorator.py
[2022-12-07T22:27:15.939+0000] {logging_mixin.py:137} INFO - [2022-12-07T22:27:15.939+0000] {dag.py:2585} INFO - Sync 1 DAGs
[2022-12-07T22:27:15.983+0000] {logging_mixin.py:137} INFO - [2022-12-07T22:27:15.983+0000] {dag.py:3340} INFO - Setting next_dagrun for example_short_circuit_decorator to 2022-12-06T22:27:15.982755+00:00, run_after=2022-12-07T22:27:15.982755+00:00
[2022-12-07T22:27:16.049+0000] {processor.py:176} INFO - Processing /home/airflow/.local/lib/python3.7/site-packages/airflow/example_dags/example_short_circuit_decorator.py took 0.204 seconds
[2022-12-07T22:27:46.164+0000] {processor.py:154} INFO - Started process (PID=367) to work on /home/airflow/.local/lib/python3.7/site-packages/airflow/example_dags/example_short_circuit_decorator.py
[2022-12-07T22:27:46.166+0000] {processor.py:756} INFO - Processing file /home/airflow/.local/lib/python3.7/site-packages/airflow/example_dags/example_short_circuit_decorator.py for tasks to queue
[2022-12-07T22:27:46.167+0000] {logging_mixin.py:137} INFO - [2022-12-07T22:27:46.167+0000] {dagbag.py:537} INFO - Filling up the DagBag from /home/airflow/.local/lib/python3.7/site-packages/airflow/example_dags/example_short_circuit_decorator.py
[2022-12-07T22:27:46.208+0000] {processor.py:766} INFO - DAG(s) dict_keys(['example_short_circuit_decorator']) retrieved from /home/airflow/.local/lib/python3.7/site-packages/airflow/example_dags/example_short_circuit_decorator.py
[2022-12-07T22:27:46.283+0000] {logging_mixin.py:137} INFO - [2022-12-07T22:27:46.283+0000] {dag.py:2585} INFO - Sync 1 DAGs
[2022-12-07T22:27:46.343+0000] {logging_mixin.py:137} INFO - [2022-12-07T22:27:46.343+0000] {dag.py:3340} INFO - Setting next_dagrun for example_short_circuit_decorator to 2022-12-06T22:27:46.342669+00:00, run_after=2022-12-07T22:27:46.342669+00:00
[2022-12-07T22:27:46.424+0000] {processor.py:176} INFO - Processing /home/airflow/.local/lib/python3.7/site-packages/airflow/example_dags/example_short_circuit_decorator.py took 0.263 seconds
[2022-12-07T22:28:16.691+0000] {processor.py:154} INFO - Started process (PID=422) to work on /home/airflow/.local/lib/python3.7/site-packages/airflow/example_dags/example_short_circuit_decorator.py
[2022-12-07T22:28:16.692+0000] {processor.py:756} INFO - Processing file /home/airflow/.local/lib/python3.7/site-packages/airflow/example_dags/example_short_circuit_decorator.py for tasks to queue
[2022-12-07T22:28:16.694+0000] {logging_mixin.py:137} INFO - [2022-12-07T22:28:16.693+0000] {dagbag.py:537} INFO - Filling up the DagBag from /home/airflow/.local/lib/python3.7/site-packages/airflow/example_dags/example_short_circuit_decorator.py
[2022-12-07T22:28:16.724+0000] {processor.py:766} INFO - DAG(s) dict_keys(['example_short_circuit_decorator']) retrieved from /home/airflow/.local/lib/python3.7/site-packages/airflow/example_dags/example_short_circuit_decorator.py
[2022-12-07T22:28:16.775+0000] {logging_mixin.py:137} INFO - [2022-12-07T22:28:16.774+0000] {dag.py:2585} INFO - Sync 1 DAGs
[2022-12-07T22:28:16.806+0000] {logging_mixin.py:137} INFO - [2022-12-07T22:28:16.806+0000] {dag.py:3340} INFO - Setting next_dagrun for example_short_circuit_decorator to 2022-12-06T22:28:16.806173+00:00, run_after=2022-12-07T22:28:16.806173+00:00
[2022-12-07T22:28:16.832+0000] {processor.py:176} INFO - Processing /home/airflow/.local/lib/python3.7/site-packages/airflow/example_dags/example_short_circuit_decorator.py took 0.145 seconds
[2022-12-07T22:28:47.022+0000] {processor.py:154} INFO - Started process (PID=486) to work on /home/airflow/.local/lib/python3.7/site-packages/airflow/example_dags/example_short_circuit_decorator.py
[2022-12-07T22:28:47.023+0000] {processor.py:756} INFO - Processing file /home/airflow/.local/lib/python3.7/site-packages/airflow/example_dags/example_short_circuit_decorator.py for tasks to queue
[2022-12-07T22:28:47.025+0000] {logging_mixin.py:137} INFO - [2022-12-07T22:28:47.024+0000] {dagbag.py:537} INFO - Filling up the DagBag from /home/airflow/.local/lib/python3.7/site-packages/airflow/example_dags/example_short_circuit_decorator.py
[2022-12-07T22:28:47.063+0000] {processor.py:766} INFO - DAG(s) dict_keys(['example_short_circuit_decorator']) retrieved from /home/airflow/.local/lib/python3.7/site-packages/airflow/example_dags/example_short_circuit_decorator.py
[2022-12-07T22:28:47.129+0000] {logging_mixin.py:137} INFO - [2022-12-07T22:28:47.129+0000] {dag.py:2585} INFO - Sync 1 DAGs
[2022-12-07T22:28:47.178+0000] {logging_mixin.py:137} INFO - [2022-12-07T22:28:47.178+0000] {dag.py:3340} INFO - Setting next_dagrun for example_short_circuit_decorator to 2022-12-06T22:28:47.178103+00:00, run_after=2022-12-07T22:28:47.178103+00:00
[2022-12-07T22:28:47.209+0000] {processor.py:176} INFO - Processing /home/airflow/.local/lib/python3.7/site-packages/airflow/example_dags/example_short_circuit_decorator.py took 0.190 seconds
[2022-12-07T22:29:17.406+0000] {processor.py:154} INFO - Started process (PID=541) to work on /home/airflow/.local/lib/python3.7/site-packages/airflow/example_dags/example_short_circuit_decorator.py
[2022-12-07T22:29:17.407+0000] {processor.py:756} INFO - Processing file /home/airflow/.local/lib/python3.7/site-packages/airflow/example_dags/example_short_circuit_decorator.py for tasks to queue
[2022-12-07T22:29:17.409+0000] {logging_mixin.py:137} INFO - [2022-12-07T22:29:17.409+0000] {dagbag.py:537} INFO - Filling up the DagBag from /home/airflow/.local/lib/python3.7/site-packages/airflow/example_dags/example_short_circuit_decorator.py
[2022-12-07T22:29:17.457+0000] {processor.py:766} INFO - DAG(s) dict_keys(['example_short_circuit_decorator']) retrieved from /home/airflow/.local/lib/python3.7/site-packages/airflow/example_dags/example_short_circuit_decorator.py
[2022-12-07T22:29:17.547+0000] {logging_mixin.py:137} INFO - [2022-12-07T22:29:17.546+0000] {dag.py:2585} INFO - Sync 1 DAGs
[2022-12-07T22:29:17.591+0000] {logging_mixin.py:137} INFO - [2022-12-07T22:29:17.591+0000] {dag.py:3340} INFO - Setting next_dagrun for example_short_circuit_decorator to 2022-12-06T22:29:17.590945+00:00, run_after=2022-12-07T22:29:17.590945+00:00
[2022-12-07T22:29:17.626+0000] {processor.py:176} INFO - Processing /home/airflow/.local/lib/python3.7/site-packages/airflow/example_dags/example_short_circuit_decorator.py took 0.226 seconds
[2022-12-07T22:29:48.313+0000] {processor.py:154} INFO - Started process (PID=605) to work on /home/airflow/.local/lib/python3.7/site-packages/airflow/example_dags/example_short_circuit_decorator.py
[2022-12-07T22:29:48.315+0000] {processor.py:756} INFO - Processing file /home/airflow/.local/lib/python3.7/site-packages/airflow/example_dags/example_short_circuit_decorator.py for tasks to queue
[2022-12-07T22:29:48.317+0000] {logging_mixin.py:137} INFO - [2022-12-07T22:29:48.317+0000] {dagbag.py:537} INFO - Filling up the DagBag from /home/airflow/.local/lib/python3.7/site-packages/airflow/example_dags/example_short_circuit_decorator.py
[2022-12-07T22:29:48.362+0000] {processor.py:766} INFO - DAG(s) dict_keys(['example_short_circuit_decorator']) retrieved from /home/airflow/.local/lib/python3.7/site-packages/airflow/example_dags/example_short_circuit_decorator.py
[2022-12-07T22:29:48.469+0000] {logging_mixin.py:137} INFO - [2022-12-07T22:29:48.467+0000] {dag.py:2585} INFO - Sync 1 DAGs
[2022-12-07T22:29:48.520+0000] {logging_mixin.py:137} INFO - [2022-12-07T22:29:48.519+0000] {dag.py:3340} INFO - Setting next_dagrun for example_short_circuit_decorator to 2022-12-06T22:29:48.519268+00:00, run_after=2022-12-07T22:29:48.519268+00:00
[2022-12-07T22:29:48.559+0000] {processor.py:176} INFO - Processing /home/airflow/.local/lib/python3.7/site-packages/airflow/example_dags/example_short_circuit_decorator.py took 0.251 seconds
[2022-12-07T22:30:18.675+0000] {processor.py:154} INFO - Started process (PID=660) to work on /home/airflow/.local/lib/python3.7/site-packages/airflow/example_dags/example_short_circuit_decorator.py
[2022-12-07T22:30:18.676+0000] {processor.py:756} INFO - Processing file /home/airflow/.local/lib/python3.7/site-packages/airflow/example_dags/example_short_circuit_decorator.py for tasks to queue
[2022-12-07T22:30:18.677+0000] {logging_mixin.py:137} INFO - [2022-12-07T22:30:18.677+0000] {dagbag.py:537} INFO - Filling up the DagBag from /home/airflow/.local/lib/python3.7/site-packages/airflow/example_dags/example_short_circuit_decorator.py
[2022-12-07T22:30:18.704+0000] {processor.py:766} INFO - DAG(s) dict_keys(['example_short_circuit_decorator']) retrieved from /home/airflow/.local/lib/python3.7/site-packages/airflow/example_dags/example_short_circuit_decorator.py
[2022-12-07T22:30:18.750+0000] {logging_mixin.py:137} INFO - [2022-12-07T22:30:18.750+0000] {dag.py:2585} INFO - Sync 1 DAGs
[2022-12-07T22:30:18.783+0000] {logging_mixin.py:137} INFO - [2022-12-07T22:30:18.783+0000] {dag.py:3340} INFO - Setting next_dagrun for example_short_circuit_decorator to 2022-12-06T22:30:18.782903+00:00, run_after=2022-12-07T22:30:18.782903+00:00
[2022-12-07T22:30:18.806+0000] {processor.py:176} INFO - Processing /home/airflow/.local/lib/python3.7/site-packages/airflow/example_dags/example_short_circuit_decorator.py took 0.134 seconds
[2022-12-07T22:30:49.031+0000] {processor.py:154} INFO - Started process (PID=724) to work on /home/airflow/.local/lib/python3.7/site-packages/airflow/example_dags/example_short_circuit_decorator.py
[2022-12-07T22:30:49.032+0000] {processor.py:756} INFO - Processing file /home/airflow/.local/lib/python3.7/site-packages/airflow/example_dags/example_short_circuit_decorator.py for tasks to queue
[2022-12-07T22:30:49.033+0000] {logging_mixin.py:137} INFO - [2022-12-07T22:30:49.033+0000] {dagbag.py:537} INFO - Filling up the DagBag from /home/airflow/.local/lib/python3.7/site-packages/airflow/example_dags/example_short_circuit_decorator.py
[2022-12-07T22:30:49.064+0000] {processor.py:766} INFO - DAG(s) dict_keys(['example_short_circuit_decorator']) retrieved from /home/airflow/.local/lib/python3.7/site-packages/airflow/example_dags/example_short_circuit_decorator.py
[2022-12-07T22:30:49.112+0000] {logging_mixin.py:137} INFO - [2022-12-07T22:30:49.111+0000] {dag.py:2585} INFO - Sync 1 DAGs
[2022-12-07T22:30:49.148+0000] {logging_mixin.py:137} INFO - [2022-12-07T22:30:49.147+0000] {dag.py:3340} INFO - Setting next_dagrun for example_short_circuit_decorator to 2022-12-06T22:30:49.147532+00:00, run_after=2022-12-07T22:30:49.147532+00:00
[2022-12-07T22:30:49.176+0000] {processor.py:176} INFO - Processing /home/airflow/.local/lib/python3.7/site-packages/airflow/example_dags/example_short_circuit_decorator.py took 0.148 seconds
[2022-12-07T22:31:20.189+0000] {processor.py:154} INFO - Started process (PID=779) to work on /home/airflow/.local/lib/python3.7/site-packages/airflow/example_dags/example_short_circuit_decorator.py
[2022-12-07T22:31:20.190+0000] {processor.py:756} INFO - Processing file /home/airflow/.local/lib/python3.7/site-packages/airflow/example_dags/example_short_circuit_decorator.py for tasks to queue
[2022-12-07T22:31:20.191+0000] {logging_mixin.py:137} INFO - [2022-12-07T22:31:20.191+0000] {dagbag.py:537} INFO - Filling up the DagBag from /home/airflow/.local/lib/python3.7/site-packages/airflow/example_dags/example_short_circuit_decorator.py
[2022-12-07T22:31:20.216+0000] {processor.py:766} INFO - DAG(s) dict_keys(['example_short_circuit_decorator']) retrieved from /home/airflow/.local/lib/python3.7/site-packages/airflow/example_dags/example_short_circuit_decorator.py
[2022-12-07T22:31:20.264+0000] {logging_mixin.py:137} INFO - [2022-12-07T22:31:20.264+0000] {dag.py:2585} INFO - Sync 1 DAGs
[2022-12-07T22:31:20.294+0000] {logging_mixin.py:137} INFO - [2022-12-07T22:31:20.293+0000] {dag.py:3340} INFO - Setting next_dagrun for example_short_circuit_decorator to 2022-12-06T22:31:20.293535+00:00, run_after=2022-12-07T22:31:20.293535+00:00
[2022-12-07T22:31:20.319+0000] {processor.py:176} INFO - Processing /home/airflow/.local/lib/python3.7/site-packages/airflow/example_dags/example_short_circuit_decorator.py took 0.133 seconds
[2022-12-07T22:31:50.452+0000] {processor.py:154} INFO - Started process (PID=844) to work on /home/airflow/.local/lib/python3.7/site-packages/airflow/example_dags/example_short_circuit_decorator.py
[2022-12-07T22:31:50.453+0000] {processor.py:756} INFO - Processing file /home/airflow/.local/lib/python3.7/site-packages/airflow/example_dags/example_short_circuit_decorator.py for tasks to queue
[2022-12-07T22:31:50.454+0000] {logging_mixin.py:137} INFO - [2022-12-07T22:31:50.454+0000] {dagbag.py:537} INFO - Filling up the DagBag from /home/airflow/.local/lib/python3.7/site-packages/airflow/example_dags/example_short_circuit_decorator.py
[2022-12-07T22:31:50.481+0000] {processor.py:766} INFO - DAG(s) dict_keys(['example_short_circuit_decorator']) retrieved from /home/airflow/.local/lib/python3.7/site-packages/airflow/example_dags/example_short_circuit_decorator.py
[2022-12-07T22:31:50.531+0000] {logging_mixin.py:137} INFO - [2022-12-07T22:31:50.531+0000] {dag.py:2585} INFO - Sync 1 DAGs
[2022-12-07T22:31:50.562+0000] {logging_mixin.py:137} INFO - [2022-12-07T22:31:50.562+0000] {dag.py:3340} INFO - Setting next_dagrun for example_short_circuit_decorator to 2022-12-06T22:31:50.562050+00:00, run_after=2022-12-07T22:31:50.562050+00:00
[2022-12-07T22:31:50.590+0000] {processor.py:176} INFO - Processing /home/airflow/.local/lib/python3.7/site-packages/airflow/example_dags/example_short_circuit_decorator.py took 0.140 seconds
[2022-12-07T22:32:21.527+0000] {processor.py:154} INFO - Started process (PID=908) to work on /home/airflow/.local/lib/python3.7/site-packages/airflow/example_dags/example_short_circuit_decorator.py
[2022-12-07T22:32:21.528+0000] {processor.py:756} INFO - Processing file /home/airflow/.local/lib/python3.7/site-packages/airflow/example_dags/example_short_circuit_decorator.py for tasks to queue
[2022-12-07T22:32:21.529+0000] {logging_mixin.py:137} INFO - [2022-12-07T22:32:21.529+0000] {dagbag.py:537} INFO - Filling up the DagBag from /home/airflow/.local/lib/python3.7/site-packages/airflow/example_dags/example_short_circuit_decorator.py
[2022-12-07T22:32:21.566+0000] {processor.py:766} INFO - DAG(s) dict_keys(['example_short_circuit_decorator']) retrieved from /home/airflow/.local/lib/python3.7/site-packages/airflow/example_dags/example_short_circuit_decorator.py
[2022-12-07T22:32:21.627+0000] {logging_mixin.py:137} INFO - [2022-12-07T22:32:21.627+0000] {dag.py:2585} INFO - Sync 1 DAGs
[2022-12-07T22:32:21.673+0000] {logging_mixin.py:137} INFO - [2022-12-07T22:32:21.673+0000] {dag.py:3340} INFO - Setting next_dagrun for example_short_circuit_decorator to 2022-12-06T22:32:21.673175+00:00, run_after=2022-12-07T22:32:21.673175+00:00
[2022-12-07T22:32:21.702+0000] {processor.py:176} INFO - Processing /home/airflow/.local/lib/python3.7/site-packages/airflow/example_dags/example_short_circuit_decorator.py took 0.180 seconds
[2022-12-07T23:36:44.749+0000] {processor.py:154} INFO - Started process (PID=70) to work on /home/airflow/.local/lib/python3.7/site-packages/airflow/example_dags/example_short_circuit_decorator.py
[2022-12-07T23:36:44.752+0000] {processor.py:756} INFO - Processing file /home/airflow/.local/lib/python3.7/site-packages/airflow/example_dags/example_short_circuit_decorator.py for tasks to queue
[2022-12-07T23:36:44.763+0000] {logging_mixin.py:137} INFO - [2022-12-07T23:36:44.762+0000] {dagbag.py:537} INFO - Filling up the DagBag from /home/airflow/.local/lib/python3.7/site-packages/airflow/example_dags/example_short_circuit_decorator.py
[2022-12-07T23:36:44.875+0000] {processor.py:766} INFO - DAG(s) dict_keys(['example_short_circuit_decorator']) retrieved from /home/airflow/.local/lib/python3.7/site-packages/airflow/example_dags/example_short_circuit_decorator.py
[2022-12-07T23:36:45.368+0000] {logging_mixin.py:137} INFO - [2022-12-07T23:36:45.367+0000] {manager.py:507} INFO - Created Permission View: can read on DAG:example_short_circuit_decorator
[2022-12-07T23:36:45.400+0000] {logging_mixin.py:137} INFO - [2022-12-07T23:36:45.400+0000] {manager.py:507} INFO - Created Permission View: can delete on DAG:example_short_circuit_decorator
[2022-12-07T23:36:45.427+0000] {logging_mixin.py:137} INFO - [2022-12-07T23:36:45.426+0000] {manager.py:507} INFO - Created Permission View: can edit on DAG:example_short_circuit_decorator
[2022-12-07T23:36:45.429+0000] {logging_mixin.py:137} INFO - [2022-12-07T23:36:45.428+0000] {dag.py:2585} INFO - Sync 1 DAGs
[2022-12-07T23:36:45.480+0000] {logging_mixin.py:137} INFO - [2022-12-07T23:36:45.480+0000] {dag.py:2606} INFO - Creating ORM DAG for example_short_circuit_decorator
[2022-12-07T23:36:45.526+0000] {logging_mixin.py:137} INFO - [2022-12-07T23:36:45.525+0000] {dag.py:3340} INFO - Setting next_dagrun for example_short_circuit_decorator to 2022-12-06T23:36:45.524561+00:00, run_after=2022-12-07T23:36:45.524561+00:00
[2022-12-07T23:36:45.591+0000] {processor.py:176} INFO - Processing /home/airflow/.local/lib/python3.7/site-packages/airflow/example_dags/example_short_circuit_decorator.py took 0.854 seconds
[2022-12-07T23:37:16.230+0000] {processor.py:154} INFO - Started process (PID=125) to work on /home/airflow/.local/lib/python3.7/site-packages/airflow/example_dags/example_short_circuit_decorator.py
[2022-12-07T23:37:16.231+0000] {processor.py:756} INFO - Processing file /home/airflow/.local/lib/python3.7/site-packages/airflow/example_dags/example_short_circuit_decorator.py for tasks to queue
[2022-12-07T23:37:16.232+0000] {logging_mixin.py:137} INFO - [2022-12-07T23:37:16.232+0000] {dagbag.py:537} INFO - Filling up the DagBag from /home/airflow/.local/lib/python3.7/site-packages/airflow/example_dags/example_short_circuit_decorator.py
[2022-12-07T23:37:16.263+0000] {processor.py:766} INFO - DAG(s) dict_keys(['example_short_circuit_decorator']) retrieved from /home/airflow/.local/lib/python3.7/site-packages/airflow/example_dags/example_short_circuit_decorator.py
[2022-12-07T23:37:16.317+0000] {logging_mixin.py:137} INFO - [2022-12-07T23:37:16.316+0000] {dag.py:2585} INFO - Sync 1 DAGs
[2022-12-07T23:37:16.355+0000] {logging_mixin.py:137} INFO - [2022-12-07T23:37:16.354+0000] {dag.py:3340} INFO - Setting next_dagrun for example_short_circuit_decorator to 2022-12-06T23:37:16.354500+00:00, run_after=2022-12-07T23:37:16.354500+00:00
[2022-12-07T23:37:16.382+0000] {processor.py:176} INFO - Processing /home/airflow/.local/lib/python3.7/site-packages/airflow/example_dags/example_short_circuit_decorator.py took 0.155 seconds
[2022-12-07T23:37:47.183+0000] {processor.py:154} INFO - Started process (PID=191) to work on /home/airflow/.local/lib/python3.7/site-packages/airflow/example_dags/example_short_circuit_decorator.py
[2022-12-07T23:37:47.184+0000] {processor.py:756} INFO - Processing file /home/airflow/.local/lib/python3.7/site-packages/airflow/example_dags/example_short_circuit_decorator.py for tasks to queue
[2022-12-07T23:37:47.186+0000] {logging_mixin.py:137} INFO - [2022-12-07T23:37:47.186+0000] {dagbag.py:537} INFO - Filling up the DagBag from /home/airflow/.local/lib/python3.7/site-packages/airflow/example_dags/example_short_circuit_decorator.py
[2022-12-07T23:37:47.232+0000] {processor.py:766} INFO - DAG(s) dict_keys(['example_short_circuit_decorator']) retrieved from /home/airflow/.local/lib/python3.7/site-packages/airflow/example_dags/example_short_circuit_decorator.py
[2022-12-07T23:37:47.299+0000] {logging_mixin.py:137} INFO - [2022-12-07T23:37:47.298+0000] {dag.py:2585} INFO - Sync 1 DAGs
[2022-12-07T23:37:47.341+0000] {logging_mixin.py:137} INFO - [2022-12-07T23:37:47.341+0000] {dag.py:3340} INFO - Setting next_dagrun for example_short_circuit_decorator to 2022-12-06T23:37:47.341033+00:00, run_after=2022-12-07T23:37:47.341033+00:00
[2022-12-07T23:37:47.383+0000] {processor.py:176} INFO - Processing /home/airflow/.local/lib/python3.7/site-packages/airflow/example_dags/example_short_circuit_decorator.py took 0.204 seconds
[2022-12-07T23:38:17.643+0000] {processor.py:154} INFO - Started process (PID=246) to work on /home/airflow/.local/lib/python3.7/site-packages/airflow/example_dags/example_short_circuit_decorator.py
[2022-12-07T23:38:17.645+0000] {processor.py:756} INFO - Processing file /home/airflow/.local/lib/python3.7/site-packages/airflow/example_dags/example_short_circuit_decorator.py for tasks to queue
[2022-12-07T23:38:17.647+0000] {logging_mixin.py:137} INFO - [2022-12-07T23:38:17.647+0000] {dagbag.py:537} INFO - Filling up the DagBag from /home/airflow/.local/lib/python3.7/site-packages/airflow/example_dags/example_short_circuit_decorator.py
[2022-12-07T23:38:17.687+0000] {processor.py:766} INFO - DAG(s) dict_keys(['example_short_circuit_decorator']) retrieved from /home/airflow/.local/lib/python3.7/site-packages/airflow/example_dags/example_short_circuit_decorator.py
[2022-12-07T23:38:17.761+0000] {logging_mixin.py:137} INFO - [2022-12-07T23:38:17.760+0000] {dag.py:2585} INFO - Sync 1 DAGs
[2022-12-07T23:38:17.803+0000] {logging_mixin.py:137} INFO - [2022-12-07T23:38:17.802+0000] {dag.py:3340} INFO - Setting next_dagrun for example_short_circuit_decorator to 2022-12-06T23:38:17.802680+00:00, run_after=2022-12-07T23:38:17.802680+00:00
[2022-12-07T23:38:17.836+0000] {processor.py:176} INFO - Processing /home/airflow/.local/lib/python3.7/site-packages/airflow/example_dags/example_short_circuit_decorator.py took 0.197 seconds
[2022-12-07T23:38:48.313+0000] {processor.py:154} INFO - Started process (PID=310) to work on /home/airflow/.local/lib/python3.7/site-packages/airflow/example_dags/example_short_circuit_decorator.py
[2022-12-07T23:38:48.314+0000] {processor.py:756} INFO - Processing file /home/airflow/.local/lib/python3.7/site-packages/airflow/example_dags/example_short_circuit_decorator.py for tasks to queue
[2022-12-07T23:38:48.316+0000] {logging_mixin.py:137} INFO - [2022-12-07T23:38:48.315+0000] {dagbag.py:537} INFO - Filling up the DagBag from /home/airflow/.local/lib/python3.7/site-packages/airflow/example_dags/example_short_circuit_decorator.py
[2022-12-07T23:38:48.360+0000] {processor.py:766} INFO - DAG(s) dict_keys(['example_short_circuit_decorator']) retrieved from /home/airflow/.local/lib/python3.7/site-packages/airflow/example_dags/example_short_circuit_decorator.py
[2022-12-07T23:38:48.418+0000] {logging_mixin.py:137} INFO - [2022-12-07T23:38:48.418+0000] {dag.py:2585} INFO - Sync 1 DAGs
[2022-12-07T23:38:48.471+0000] {logging_mixin.py:137} INFO - [2022-12-07T23:38:48.471+0000] {dag.py:3340} INFO - Setting next_dagrun for example_short_circuit_decorator to 2022-12-06T23:38:48.470557+00:00, run_after=2022-12-07T23:38:48.470557+00:00
[2022-12-07T23:38:48.515+0000] {processor.py:176} INFO - Processing /home/airflow/.local/lib/python3.7/site-packages/airflow/example_dags/example_short_circuit_decorator.py took 0.206 seconds
[2022-12-07T23:39:18.743+0000] {processor.py:154} INFO - Started process (PID=365) to work on /home/airflow/.local/lib/python3.7/site-packages/airflow/example_dags/example_short_circuit_decorator.py
[2022-12-07T23:39:18.744+0000] {processor.py:756} INFO - Processing file /home/airflow/.local/lib/python3.7/site-packages/airflow/example_dags/example_short_circuit_decorator.py for tasks to queue
[2022-12-07T23:39:18.745+0000] {logging_mixin.py:137} INFO - [2022-12-07T23:39:18.745+0000] {dagbag.py:537} INFO - Filling up the DagBag from /home/airflow/.local/lib/python3.7/site-packages/airflow/example_dags/example_short_circuit_decorator.py
[2022-12-07T23:39:18.781+0000] {processor.py:766} INFO - DAG(s) dict_keys(['example_short_circuit_decorator']) retrieved from /home/airflow/.local/lib/python3.7/site-packages/airflow/example_dags/example_short_circuit_decorator.py
[2022-12-07T23:39:18.843+0000] {logging_mixin.py:137} INFO - [2022-12-07T23:39:18.842+0000] {dag.py:2585} INFO - Sync 1 DAGs
[2022-12-07T23:39:18.879+0000] {logging_mixin.py:137} INFO - [2022-12-07T23:39:18.879+0000] {dag.py:3340} INFO - Setting next_dagrun for example_short_circuit_decorator to 2022-12-06T23:39:18.879186+00:00, run_after=2022-12-07T23:39:18.879186+00:00
[2022-12-07T23:39:18.907+0000] {processor.py:176} INFO - Processing /home/airflow/.local/lib/python3.7/site-packages/airflow/example_dags/example_short_circuit_decorator.py took 0.168 seconds
[2022-12-07T23:39:49.194+0000] {processor.py:154} INFO - Started process (PID=429) to work on /home/airflow/.local/lib/python3.7/site-packages/airflow/example_dags/example_short_circuit_decorator.py
[2022-12-07T23:39:49.196+0000] {processor.py:756} INFO - Processing file /home/airflow/.local/lib/python3.7/site-packages/airflow/example_dags/example_short_circuit_decorator.py for tasks to queue
[2022-12-07T23:39:49.199+0000] {logging_mixin.py:137} INFO - [2022-12-07T23:39:49.198+0000] {dagbag.py:537} INFO - Filling up the DagBag from /home/airflow/.local/lib/python3.7/site-packages/airflow/example_dags/example_short_circuit_decorator.py
[2022-12-07T23:39:49.239+0000] {processor.py:766} INFO - DAG(s) dict_keys(['example_short_circuit_decorator']) retrieved from /home/airflow/.local/lib/python3.7/site-packages/airflow/example_dags/example_short_circuit_decorator.py
[2022-12-07T23:39:49.293+0000] {logging_mixin.py:137} INFO - [2022-12-07T23:39:49.293+0000] {dag.py:2585} INFO - Sync 1 DAGs
[2022-12-07T23:39:49.329+0000] {logging_mixin.py:137} INFO - [2022-12-07T23:39:49.329+0000] {dag.py:3340} INFO - Setting next_dagrun for example_short_circuit_decorator to 2022-12-06T23:39:49.329305+00:00, run_after=2022-12-07T23:39:49.329305+00:00
[2022-12-07T23:39:49.359+0000] {processor.py:176} INFO - Processing /home/airflow/.local/lib/python3.7/site-packages/airflow/example_dags/example_short_circuit_decorator.py took 0.172 seconds
[2022-12-07T23:40:19.615+0000] {processor.py:154} INFO - Started process (PID=484) to work on /home/airflow/.local/lib/python3.7/site-packages/airflow/example_dags/example_short_circuit_decorator.py
[2022-12-07T23:40:19.616+0000] {processor.py:756} INFO - Processing file /home/airflow/.local/lib/python3.7/site-packages/airflow/example_dags/example_short_circuit_decorator.py for tasks to queue
[2022-12-07T23:40:19.617+0000] {logging_mixin.py:137} INFO - [2022-12-07T23:40:19.617+0000] {dagbag.py:537} INFO - Filling up the DagBag from /home/airflow/.local/lib/python3.7/site-packages/airflow/example_dags/example_short_circuit_decorator.py
[2022-12-07T23:40:19.658+0000] {processor.py:766} INFO - DAG(s) dict_keys(['example_short_circuit_decorator']) retrieved from /home/airflow/.local/lib/python3.7/site-packages/airflow/example_dags/example_short_circuit_decorator.py
[2022-12-07T23:40:19.740+0000] {logging_mixin.py:137} INFO - [2022-12-07T23:40:19.739+0000] {dag.py:2585} INFO - Sync 1 DAGs
[2022-12-07T23:40:19.789+0000] {logging_mixin.py:137} INFO - [2022-12-07T23:40:19.789+0000] {dag.py:3340} INFO - Setting next_dagrun for example_short_circuit_decorator to 2022-12-06T23:40:19.789039+00:00, run_after=2022-12-07T23:40:19.789039+00:00
[2022-12-07T23:40:19.820+0000] {processor.py:176} INFO - Processing /home/airflow/.local/lib/python3.7/site-packages/airflow/example_dags/example_short_circuit_decorator.py took 0.209 seconds
[2022-12-07T23:40:50.480+0000] {processor.py:154} INFO - Started process (PID=548) to work on /home/airflow/.local/lib/python3.7/site-packages/airflow/example_dags/example_short_circuit_decorator.py
[2022-12-07T23:40:50.481+0000] {processor.py:756} INFO - Processing file /home/airflow/.local/lib/python3.7/site-packages/airflow/example_dags/example_short_circuit_decorator.py for tasks to queue
[2022-12-07T23:40:50.482+0000] {logging_mixin.py:137} INFO - [2022-12-07T23:40:50.482+0000] {dagbag.py:537} INFO - Filling up the DagBag from /home/airflow/.local/lib/python3.7/site-packages/airflow/example_dags/example_short_circuit_decorator.py
[2022-12-07T23:40:50.514+0000] {processor.py:766} INFO - DAG(s) dict_keys(['example_short_circuit_decorator']) retrieved from /home/airflow/.local/lib/python3.7/site-packages/airflow/example_dags/example_short_circuit_decorator.py
[2022-12-07T23:40:50.576+0000] {logging_mixin.py:137} INFO - [2022-12-07T23:40:50.576+0000] {dag.py:2585} INFO - Sync 1 DAGs
[2022-12-07T23:40:50.613+0000] {logging_mixin.py:137} INFO - [2022-12-07T23:40:50.613+0000] {dag.py:3340} INFO - Setting next_dagrun for example_short_circuit_decorator to 2022-12-06T23:40:50.612784+00:00, run_after=2022-12-07T23:40:50.612784+00:00
[2022-12-07T23:40:50.641+0000] {processor.py:176} INFO - Processing /home/airflow/.local/lib/python3.7/site-packages/airflow/example_dags/example_short_circuit_decorator.py took 0.165 seconds
[2022-12-07T23:45:18.382+0000] {processor.py:154} INFO - Started process (PID=62) to work on /home/airflow/.local/lib/python3.7/site-packages/airflow/example_dags/example_short_circuit_decorator.py
[2022-12-07T23:45:18.385+0000] {processor.py:756} INFO - Processing file /home/airflow/.local/lib/python3.7/site-packages/airflow/example_dags/example_short_circuit_decorator.py for tasks to queue
[2022-12-07T23:45:18.386+0000] {logging_mixin.py:137} INFO - [2022-12-07T23:45:18.386+0000] {dagbag.py:537} INFO - Filling up the DagBag from /home/airflow/.local/lib/python3.7/site-packages/airflow/example_dags/example_short_circuit_decorator.py
[2022-12-07T23:45:18.494+0000] {processor.py:766} INFO - DAG(s) dict_keys(['example_short_circuit_decorator']) retrieved from /home/airflow/.local/lib/python3.7/site-packages/airflow/example_dags/example_short_circuit_decorator.py
[2022-12-07T23:45:18.685+0000] {logging_mixin.py:137} INFO - [2022-12-07T23:45:18.684+0000] {dag.py:2585} INFO - Sync 1 DAGs
[2022-12-07T23:45:18.797+0000] {logging_mixin.py:137} INFO - [2022-12-07T23:45:18.796+0000] {dag.py:3340} INFO - Setting next_dagrun for example_short_circuit_decorator to 2022-12-06T23:45:18.795988+00:00, run_after=2022-12-07T23:45:18.795988+00:00
[2022-12-07T23:45:18.906+0000] {processor.py:176} INFO - Processing /home/airflow/.local/lib/python3.7/site-packages/airflow/example_dags/example_short_circuit_decorator.py took 0.531 seconds
[2022-12-07T23:45:49.221+0000] {processor.py:154} INFO - Started process (PID=127) to work on /home/airflow/.local/lib/python3.7/site-packages/airflow/example_dags/example_short_circuit_decorator.py
[2022-12-07T23:45:49.222+0000] {processor.py:756} INFO - Processing file /home/airflow/.local/lib/python3.7/site-packages/airflow/example_dags/example_short_circuit_decorator.py for tasks to queue
[2022-12-07T23:45:49.224+0000] {logging_mixin.py:137} INFO - [2022-12-07T23:45:49.224+0000] {dagbag.py:537} INFO - Filling up the DagBag from /home/airflow/.local/lib/python3.7/site-packages/airflow/example_dags/example_short_circuit_decorator.py
[2022-12-07T23:45:49.269+0000] {processor.py:766} INFO - DAG(s) dict_keys(['example_short_circuit_decorator']) retrieved from /home/airflow/.local/lib/python3.7/site-packages/airflow/example_dags/example_short_circuit_decorator.py
[2022-12-07T23:45:49.343+0000] {logging_mixin.py:137} INFO - [2022-12-07T23:45:49.342+0000] {dag.py:2585} INFO - Sync 1 DAGs
[2022-12-07T23:45:49.393+0000] {logging_mixin.py:137} INFO - [2022-12-07T23:45:49.393+0000] {dag.py:3340} INFO - Setting next_dagrun for example_short_circuit_decorator to 2022-12-06T23:45:49.392591+00:00, run_after=2022-12-07T23:45:49.392591+00:00
[2022-12-07T23:45:49.427+0000] {processor.py:176} INFO - Processing /home/airflow/.local/lib/python3.7/site-packages/airflow/example_dags/example_short_circuit_decorator.py took 0.212 seconds
[2022-12-07T23:46:19.584+0000] {processor.py:154} INFO - Started process (PID=184) to work on /home/airflow/.local/lib/python3.7/site-packages/airflow/example_dags/example_short_circuit_decorator.py
[2022-12-07T23:46:19.585+0000] {processor.py:756} INFO - Processing file /home/airflow/.local/lib/python3.7/site-packages/airflow/example_dags/example_short_circuit_decorator.py for tasks to queue
[2022-12-07T23:46:19.586+0000] {logging_mixin.py:137} INFO - [2022-12-07T23:46:19.586+0000] {dagbag.py:537} INFO - Filling up the DagBag from /home/airflow/.local/lib/python3.7/site-packages/airflow/example_dags/example_short_circuit_decorator.py
[2022-12-07T23:46:19.623+0000] {processor.py:766} INFO - DAG(s) dict_keys(['example_short_circuit_decorator']) retrieved from /home/airflow/.local/lib/python3.7/site-packages/airflow/example_dags/example_short_circuit_decorator.py
[2022-12-07T23:46:19.679+0000] {logging_mixin.py:137} INFO - [2022-12-07T23:46:19.679+0000] {dag.py:2585} INFO - Sync 1 DAGs
[2022-12-07T23:46:19.734+0000] {logging_mixin.py:137} INFO - [2022-12-07T23:46:19.734+0000] {dag.py:3340} INFO - Setting next_dagrun for example_short_circuit_decorator to 2022-12-06T23:46:19.733469+00:00, run_after=2022-12-07T23:46:19.733469+00:00
[2022-12-07T23:46:19.774+0000] {processor.py:176} INFO - Processing /home/airflow/.local/lib/python3.7/site-packages/airflow/example_dags/example_short_circuit_decorator.py took 0.195 seconds
[2022-12-07T23:46:50.639+0000] {processor.py:154} INFO - Started process (PID=248) to work on /home/airflow/.local/lib/python3.7/site-packages/airflow/example_dags/example_short_circuit_decorator.py
[2022-12-07T23:46:50.641+0000] {processor.py:756} INFO - Processing file /home/airflow/.local/lib/python3.7/site-packages/airflow/example_dags/example_short_circuit_decorator.py for tasks to queue
[2022-12-07T23:46:50.642+0000] {logging_mixin.py:137} INFO - [2022-12-07T23:46:50.642+0000] {dagbag.py:537} INFO - Filling up the DagBag from /home/airflow/.local/lib/python3.7/site-packages/airflow/example_dags/example_short_circuit_decorator.py
[2022-12-07T23:46:50.725+0000] {processor.py:766} INFO - DAG(s) dict_keys(['example_short_circuit_decorator']) retrieved from /home/airflow/.local/lib/python3.7/site-packages/airflow/example_dags/example_short_circuit_decorator.py
[2022-12-07T23:46:50.807+0000] {logging_mixin.py:137} INFO - [2022-12-07T23:46:50.806+0000] {dag.py:2585} INFO - Sync 1 DAGs
[2022-12-07T23:46:50.861+0000] {logging_mixin.py:137} INFO - [2022-12-07T23:46:50.860+0000] {dag.py:3340} INFO - Setting next_dagrun for example_short_circuit_decorator to 2022-12-06T23:46:50.860340+00:00, run_after=2022-12-07T23:46:50.860340+00:00
[2022-12-07T23:46:50.903+0000] {processor.py:176} INFO - Processing /home/airflow/.local/lib/python3.7/site-packages/airflow/example_dags/example_short_circuit_decorator.py took 0.271 seconds
[2022-12-07T23:47:21.014+0000] {processor.py:154} INFO - Started process (PID=303) to work on /home/airflow/.local/lib/python3.7/site-packages/airflow/example_dags/example_short_circuit_decorator.py
[2022-12-07T23:47:21.015+0000] {processor.py:756} INFO - Processing file /home/airflow/.local/lib/python3.7/site-packages/airflow/example_dags/example_short_circuit_decorator.py for tasks to queue
[2022-12-07T23:47:21.017+0000] {logging_mixin.py:137} INFO - [2022-12-07T23:47:21.016+0000] {dagbag.py:537} INFO - Filling up the DagBag from /home/airflow/.local/lib/python3.7/site-packages/airflow/example_dags/example_short_circuit_decorator.py
[2022-12-07T23:47:21.060+0000] {processor.py:766} INFO - DAG(s) dict_keys(['example_short_circuit_decorator']) retrieved from /home/airflow/.local/lib/python3.7/site-packages/airflow/example_dags/example_short_circuit_decorator.py
[2022-12-07T23:47:21.126+0000] {logging_mixin.py:137} INFO - [2022-12-07T23:47:21.125+0000] {dag.py:2585} INFO - Sync 1 DAGs
[2022-12-07T23:47:21.163+0000] {logging_mixin.py:137} INFO - [2022-12-07T23:47:21.163+0000] {dag.py:3340} INFO - Setting next_dagrun for example_short_circuit_decorator to 2022-12-06T23:47:21.163277+00:00, run_after=2022-12-07T23:47:21.163277+00:00
[2022-12-07T23:47:21.192+0000] {processor.py:176} INFO - Processing /home/airflow/.local/lib/python3.7/site-packages/airflow/example_dags/example_short_circuit_decorator.py took 0.182 seconds
[2022-12-07T23:47:52.221+0000] {processor.py:154} INFO - Started process (PID=367) to work on /home/airflow/.local/lib/python3.7/site-packages/airflow/example_dags/example_short_circuit_decorator.py
[2022-12-07T23:47:52.223+0000] {processor.py:756} INFO - Processing file /home/airflow/.local/lib/python3.7/site-packages/airflow/example_dags/example_short_circuit_decorator.py for tasks to queue
[2022-12-07T23:47:52.225+0000] {logging_mixin.py:137} INFO - [2022-12-07T23:47:52.225+0000] {dagbag.py:537} INFO - Filling up the DagBag from /home/airflow/.local/lib/python3.7/site-packages/airflow/example_dags/example_short_circuit_decorator.py
[2022-12-07T23:47:52.276+0000] {processor.py:766} INFO - DAG(s) dict_keys(['example_short_circuit_decorator']) retrieved from /home/airflow/.local/lib/python3.7/site-packages/airflow/example_dags/example_short_circuit_decorator.py
[2022-12-07T23:47:52.390+0000] {logging_mixin.py:137} INFO - [2022-12-07T23:47:52.389+0000] {dag.py:2585} INFO - Sync 1 DAGs
[2022-12-07T23:47:52.463+0000] {logging_mixin.py:137} INFO - [2022-12-07T23:47:52.463+0000] {dag.py:3340} INFO - Setting next_dagrun for example_short_circuit_decorator to 2022-12-06T23:47:52.462809+00:00, run_after=2022-12-07T23:47:52.462809+00:00
[2022-12-07T23:47:52.511+0000] {processor.py:176} INFO - Processing /home/airflow/.local/lib/python3.7/site-packages/airflow/example_dags/example_short_circuit_decorator.py took 0.296 seconds
[2022-12-07T23:48:23.098+0000] {processor.py:154} INFO - Started process (PID=431) to work on /home/airflow/.local/lib/python3.7/site-packages/airflow/example_dags/example_short_circuit_decorator.py
[2022-12-07T23:48:23.100+0000] {processor.py:756} INFO - Processing file /home/airflow/.local/lib/python3.7/site-packages/airflow/example_dags/example_short_circuit_decorator.py for tasks to queue
[2022-12-07T23:48:23.101+0000] {logging_mixin.py:137} INFO - [2022-12-07T23:48:23.101+0000] {dagbag.py:537} INFO - Filling up the DagBag from /home/airflow/.local/lib/python3.7/site-packages/airflow/example_dags/example_short_circuit_decorator.py
[2022-12-07T23:48:23.159+0000] {processor.py:766} INFO - DAG(s) dict_keys(['example_short_circuit_decorator']) retrieved from /home/airflow/.local/lib/python3.7/site-packages/airflow/example_dags/example_short_circuit_decorator.py
[2022-12-07T23:48:23.241+0000] {logging_mixin.py:137} INFO - [2022-12-07T23:48:23.240+0000] {dag.py:2585} INFO - Sync 1 DAGs
[2022-12-07T23:48:23.301+0000] {logging_mixin.py:137} INFO - [2022-12-07T23:48:23.301+0000] {dag.py:3340} INFO - Setting next_dagrun for example_short_circuit_decorator to 2022-12-06T23:48:23.300479+00:00, run_after=2022-12-07T23:48:23.300479+00:00
[2022-12-07T23:48:23.342+0000] {processor.py:176} INFO - Processing /home/airflow/.local/lib/python3.7/site-packages/airflow/example_dags/example_short_circuit_decorator.py took 0.249 seconds
[2022-12-07T23:48:53.972+0000] {processor.py:154} INFO - Started process (PID=498) to work on /home/airflow/.local/lib/python3.7/site-packages/airflow/example_dags/example_short_circuit_decorator.py
[2022-12-07T23:48:53.973+0000] {processor.py:756} INFO - Processing file /home/airflow/.local/lib/python3.7/site-packages/airflow/example_dags/example_short_circuit_decorator.py for tasks to queue
[2022-12-07T23:48:53.975+0000] {logging_mixin.py:137} INFO - [2022-12-07T23:48:53.975+0000] {dagbag.py:537} INFO - Filling up the DagBag from /home/airflow/.local/lib/python3.7/site-packages/airflow/example_dags/example_short_circuit_decorator.py
[2022-12-07T23:48:54.021+0000] {processor.py:766} INFO - DAG(s) dict_keys(['example_short_circuit_decorator']) retrieved from /home/airflow/.local/lib/python3.7/site-packages/airflow/example_dags/example_short_circuit_decorator.py
[2022-12-07T23:48:54.091+0000] {logging_mixin.py:137} INFO - [2022-12-07T23:48:54.091+0000] {dag.py:2585} INFO - Sync 1 DAGs
[2022-12-07T23:48:54.137+0000] {logging_mixin.py:137} INFO - [2022-12-07T23:48:54.137+0000] {dag.py:3340} INFO - Setting next_dagrun for example_short_circuit_decorator to 2022-12-06T23:48:54.137044+00:00, run_after=2022-12-07T23:48:54.137044+00:00
[2022-12-07T23:48:54.172+0000] {processor.py:176} INFO - Processing /home/airflow/.local/lib/python3.7/site-packages/airflow/example_dags/example_short_circuit_decorator.py took 0.205 seconds
[2022-12-07T23:49:24.258+0000] {processor.py:154} INFO - Started process (PID=562) to work on /home/airflow/.local/lib/python3.7/site-packages/airflow/example_dags/example_short_circuit_decorator.py
[2022-12-07T23:49:24.259+0000] {processor.py:756} INFO - Processing file /home/airflow/.local/lib/python3.7/site-packages/airflow/example_dags/example_short_circuit_decorator.py for tasks to queue
[2022-12-07T23:49:24.261+0000] {logging_mixin.py:137} INFO - [2022-12-07T23:49:24.260+0000] {dagbag.py:537} INFO - Filling up the DagBag from /home/airflow/.local/lib/python3.7/site-packages/airflow/example_dags/example_short_circuit_decorator.py
[2022-12-07T23:49:24.297+0000] {processor.py:766} INFO - DAG(s) dict_keys(['example_short_circuit_decorator']) retrieved from /home/airflow/.local/lib/python3.7/site-packages/airflow/example_dags/example_short_circuit_decorator.py
[2022-12-07T23:49:24.356+0000] {logging_mixin.py:137} INFO - [2022-12-07T23:49:24.355+0000] {dag.py:2585} INFO - Sync 1 DAGs
[2022-12-07T23:49:24.409+0000] {logging_mixin.py:137} INFO - [2022-12-07T23:49:24.408+0000] {dag.py:3340} INFO - Setting next_dagrun for example_short_circuit_decorator to 2022-12-06T23:49:24.408254+00:00, run_after=2022-12-07T23:49:24.408254+00:00
[2022-12-07T23:49:24.445+0000] {processor.py:176} INFO - Processing /home/airflow/.local/lib/python3.7/site-packages/airflow/example_dags/example_short_circuit_decorator.py took 0.191 seconds
[2022-12-07T23:49:54.638+0000] {processor.py:154} INFO - Started process (PID=617) to work on /home/airflow/.local/lib/python3.7/site-packages/airflow/example_dags/example_short_circuit_decorator.py
[2022-12-07T23:49:54.640+0000] {processor.py:756} INFO - Processing file /home/airflow/.local/lib/python3.7/site-packages/airflow/example_dags/example_short_circuit_decorator.py for tasks to queue
[2022-12-07T23:49:54.642+0000] {logging_mixin.py:137} INFO - [2022-12-07T23:49:54.642+0000] {dagbag.py:537} INFO - Filling up the DagBag from /home/airflow/.local/lib/python3.7/site-packages/airflow/example_dags/example_short_circuit_decorator.py
[2022-12-07T23:49:54.696+0000] {processor.py:766} INFO - DAG(s) dict_keys(['example_short_circuit_decorator']) retrieved from /home/airflow/.local/lib/python3.7/site-packages/airflow/example_dags/example_short_circuit_decorator.py
[2022-12-07T23:49:54.773+0000] {logging_mixin.py:137} INFO - [2022-12-07T23:49:54.772+0000] {dag.py:2585} INFO - Sync 1 DAGs
[2022-12-07T23:49:54.823+0000] {logging_mixin.py:137} INFO - [2022-12-07T23:49:54.822+0000] {dag.py:3340} INFO - Setting next_dagrun for example_short_circuit_decorator to 2022-12-06T23:49:54.822528+00:00, run_after=2022-12-07T23:49:54.822528+00:00
[2022-12-07T23:49:54.856+0000] {processor.py:176} INFO - Processing /home/airflow/.local/lib/python3.7/site-packages/airflow/example_dags/example_short_circuit_decorator.py took 0.227 seconds
[2022-12-07T23:50:25.803+0000] {processor.py:154} INFO - Started process (PID=681) to work on /home/airflow/.local/lib/python3.7/site-packages/airflow/example_dags/example_short_circuit_decorator.py
[2022-12-07T23:50:25.804+0000] {processor.py:756} INFO - Processing file /home/airflow/.local/lib/python3.7/site-packages/airflow/example_dags/example_short_circuit_decorator.py for tasks to queue
[2022-12-07T23:50:25.806+0000] {logging_mixin.py:137} INFO - [2022-12-07T23:50:25.805+0000] {dagbag.py:537} INFO - Filling up the DagBag from /home/airflow/.local/lib/python3.7/site-packages/airflow/example_dags/example_short_circuit_decorator.py
[2022-12-07T23:50:25.870+0000] {processor.py:766} INFO - DAG(s) dict_keys(['example_short_circuit_decorator']) retrieved from /home/airflow/.local/lib/python3.7/site-packages/airflow/example_dags/example_short_circuit_decorator.py
[2022-12-07T23:50:25.952+0000] {logging_mixin.py:137} INFO - [2022-12-07T23:50:25.952+0000] {dag.py:2585} INFO - Sync 1 DAGs
[2022-12-07T23:50:26.009+0000] {logging_mixin.py:137} INFO - [2022-12-07T23:50:26.009+0000] {dag.py:3340} INFO - Setting next_dagrun for example_short_circuit_decorator to 2022-12-06T23:50:26.008732+00:00, run_after=2022-12-07T23:50:26.008732+00:00
[2022-12-07T23:50:26.049+0000] {processor.py:176} INFO - Processing /home/airflow/.local/lib/python3.7/site-packages/airflow/example_dags/example_short_circuit_decorator.py took 0.255 seconds
[2022-12-07T23:50:56.930+0000] {processor.py:154} INFO - Started process (PID=736) to work on /home/airflow/.local/lib/python3.7/site-packages/airflow/example_dags/example_short_circuit_decorator.py
[2022-12-07T23:50:56.931+0000] {processor.py:756} INFO - Processing file /home/airflow/.local/lib/python3.7/site-packages/airflow/example_dags/example_short_circuit_decorator.py for tasks to queue
[2022-12-07T23:50:56.933+0000] {logging_mixin.py:137} INFO - [2022-12-07T23:50:56.932+0000] {dagbag.py:537} INFO - Filling up the DagBag from /home/airflow/.local/lib/python3.7/site-packages/airflow/example_dags/example_short_circuit_decorator.py
[2022-12-07T23:50:56.962+0000] {processor.py:766} INFO - DAG(s) dict_keys(['example_short_circuit_decorator']) retrieved from /home/airflow/.local/lib/python3.7/site-packages/airflow/example_dags/example_short_circuit_decorator.py
[2022-12-07T23:50:57.013+0000] {logging_mixin.py:137} INFO - [2022-12-07T23:50:57.013+0000] {dag.py:2585} INFO - Sync 1 DAGs
[2022-12-07T23:50:57.051+0000] {logging_mixin.py:137} INFO - [2022-12-07T23:50:57.051+0000] {dag.py:3340} INFO - Setting next_dagrun for example_short_circuit_decorator to 2022-12-06T23:50:57.051443+00:00, run_after=2022-12-07T23:50:57.051443+00:00
[2022-12-07T23:50:57.076+0000] {processor.py:176} INFO - Processing /home/airflow/.local/lib/python3.7/site-packages/airflow/example_dags/example_short_circuit_decorator.py took 0.150 seconds
[2022-12-07T23:51:27.561+0000] {processor.py:154} INFO - Started process (PID=800) to work on /home/airflow/.local/lib/python3.7/site-packages/airflow/example_dags/example_short_circuit_decorator.py
[2022-12-07T23:51:27.563+0000] {processor.py:756} INFO - Processing file /home/airflow/.local/lib/python3.7/site-packages/airflow/example_dags/example_short_circuit_decorator.py for tasks to queue
[2022-12-07T23:51:27.564+0000] {logging_mixin.py:137} INFO - [2022-12-07T23:51:27.564+0000] {dagbag.py:537} INFO - Filling up the DagBag from /home/airflow/.local/lib/python3.7/site-packages/airflow/example_dags/example_short_circuit_decorator.py
[2022-12-07T23:51:27.592+0000] {processor.py:766} INFO - DAG(s) dict_keys(['example_short_circuit_decorator']) retrieved from /home/airflow/.local/lib/python3.7/site-packages/airflow/example_dags/example_short_circuit_decorator.py
[2022-12-07T23:51:27.641+0000] {logging_mixin.py:137} INFO - [2022-12-07T23:51:27.641+0000] {dag.py:2585} INFO - Sync 1 DAGs
[2022-12-07T23:51:27.673+0000] {logging_mixin.py:137} INFO - [2022-12-07T23:51:27.672+0000] {dag.py:3340} INFO - Setting next_dagrun for example_short_circuit_decorator to 2022-12-06T23:51:27.672565+00:00, run_after=2022-12-07T23:51:27.672565+00:00
[2022-12-07T23:51:27.697+0000] {processor.py:176} INFO - Processing /home/airflow/.local/lib/python3.7/site-packages/airflow/example_dags/example_short_circuit_decorator.py took 0.140 seconds
[2022-12-07T23:51:58.183+0000] {processor.py:154} INFO - Started process (PID=864) to work on /home/airflow/.local/lib/python3.7/site-packages/airflow/example_dags/example_short_circuit_decorator.py
[2022-12-07T23:51:58.185+0000] {processor.py:756} INFO - Processing file /home/airflow/.local/lib/python3.7/site-packages/airflow/example_dags/example_short_circuit_decorator.py for tasks to queue
[2022-12-07T23:51:58.187+0000] {logging_mixin.py:137} INFO - [2022-12-07T23:51:58.187+0000] {dagbag.py:537} INFO - Filling up the DagBag from /home/airflow/.local/lib/python3.7/site-packages/airflow/example_dags/example_short_circuit_decorator.py
[2022-12-07T23:51:58.244+0000] {processor.py:766} INFO - DAG(s) dict_keys(['example_short_circuit_decorator']) retrieved from /home/airflow/.local/lib/python3.7/site-packages/airflow/example_dags/example_short_circuit_decorator.py
[2022-12-07T23:51:58.329+0000] {logging_mixin.py:137} INFO - [2022-12-07T23:51:58.329+0000] {dag.py:2585} INFO - Sync 1 DAGs
[2022-12-07T23:51:58.386+0000] {logging_mixin.py:137} INFO - [2022-12-07T23:51:58.386+0000] {dag.py:3340} INFO - Setting next_dagrun for example_short_circuit_decorator to 2022-12-06T23:51:58.385739+00:00, run_after=2022-12-07T23:51:58.385739+00:00
[2022-12-07T23:51:58.478+0000] {processor.py:176} INFO - Processing /home/airflow/.local/lib/python3.7/site-packages/airflow/example_dags/example_short_circuit_decorator.py took 0.300 seconds
[2022-12-07T23:52:28.985+0000] {processor.py:154} INFO - Started process (PID=919) to work on /home/airflow/.local/lib/python3.7/site-packages/airflow/example_dags/example_short_circuit_decorator.py
[2022-12-07T23:52:28.986+0000] {processor.py:756} INFO - Processing file /home/airflow/.local/lib/python3.7/site-packages/airflow/example_dags/example_short_circuit_decorator.py for tasks to queue
[2022-12-07T23:52:28.987+0000] {logging_mixin.py:137} INFO - [2022-12-07T23:52:28.986+0000] {dagbag.py:537} INFO - Filling up the DagBag from /home/airflow/.local/lib/python3.7/site-packages/airflow/example_dags/example_short_circuit_decorator.py
[2022-12-07T23:52:29.018+0000] {processor.py:766} INFO - DAG(s) dict_keys(['example_short_circuit_decorator']) retrieved from /home/airflow/.local/lib/python3.7/site-packages/airflow/example_dags/example_short_circuit_decorator.py
[2022-12-07T23:52:29.070+0000] {logging_mixin.py:137} INFO - [2022-12-07T23:52:29.069+0000] {dag.py:2585} INFO - Sync 1 DAGs
[2022-12-07T23:52:29.105+0000] {logging_mixin.py:137} INFO - [2022-12-07T23:52:29.105+0000] {dag.py:3340} INFO - Setting next_dagrun for example_short_circuit_decorator to 2022-12-06T23:52:29.104822+00:00, run_after=2022-12-07T23:52:29.104822+00:00
[2022-12-07T23:52:29.132+0000] {processor.py:176} INFO - Processing /home/airflow/.local/lib/python3.7/site-packages/airflow/example_dags/example_short_circuit_decorator.py took 0.152 seconds
[2022-12-07T23:52:59.775+0000] {processor.py:154} INFO - Started process (PID=988) to work on /home/airflow/.local/lib/python3.7/site-packages/airflow/example_dags/example_short_circuit_decorator.py
[2022-12-07T23:52:59.777+0000] {processor.py:756} INFO - Processing file /home/airflow/.local/lib/python3.7/site-packages/airflow/example_dags/example_short_circuit_decorator.py for tasks to queue
[2022-12-07T23:52:59.779+0000] {logging_mixin.py:137} INFO - [2022-12-07T23:52:59.779+0000] {dagbag.py:537} INFO - Filling up the DagBag from /home/airflow/.local/lib/python3.7/site-packages/airflow/example_dags/example_short_circuit_decorator.py
[2022-12-07T23:52:59.832+0000] {processor.py:766} INFO - DAG(s) dict_keys(['example_short_circuit_decorator']) retrieved from /home/airflow/.local/lib/python3.7/site-packages/airflow/example_dags/example_short_circuit_decorator.py
[2022-12-07T23:52:59.936+0000] {logging_mixin.py:137} INFO - [2022-12-07T23:52:59.936+0000] {dag.py:2585} INFO - Sync 1 DAGs
[2022-12-07T23:52:59.976+0000] {logging_mixin.py:137} INFO - [2022-12-07T23:52:59.976+0000] {dag.py:3340} INFO - Setting next_dagrun for example_short_circuit_decorator to 2022-12-06T23:52:59.975650+00:00, run_after=2022-12-07T23:52:59.975650+00:00
[2022-12-07T23:53:00.010+0000] {processor.py:176} INFO - Processing /home/airflow/.local/lib/python3.7/site-packages/airflow/example_dags/example_short_circuit_decorator.py took 0.240 seconds
[2022-12-07T23:53:30.173+0000] {processor.py:154} INFO - Started process (PID=1043) to work on /home/airflow/.local/lib/python3.7/site-packages/airflow/example_dags/example_short_circuit_decorator.py
[2022-12-07T23:53:30.174+0000] {processor.py:756} INFO - Processing file /home/airflow/.local/lib/python3.7/site-packages/airflow/example_dags/example_short_circuit_decorator.py for tasks to queue
[2022-12-07T23:53:30.176+0000] {logging_mixin.py:137} INFO - [2022-12-07T23:53:30.176+0000] {dagbag.py:537} INFO - Filling up the DagBag from /home/airflow/.local/lib/python3.7/site-packages/airflow/example_dags/example_short_circuit_decorator.py
[2022-12-07T23:53:30.231+0000] {processor.py:766} INFO - DAG(s) dict_keys(['example_short_circuit_decorator']) retrieved from /home/airflow/.local/lib/python3.7/site-packages/airflow/example_dags/example_short_circuit_decorator.py
[2022-12-07T23:53:30.361+0000] {logging_mixin.py:137} INFO - [2022-12-07T23:53:30.361+0000] {dag.py:2585} INFO - Sync 1 DAGs
[2022-12-07T23:53:30.452+0000] {logging_mixin.py:137} INFO - [2022-12-07T23:53:30.451+0000] {dag.py:3340} INFO - Setting next_dagrun for example_short_circuit_decorator to 2022-12-06T23:53:30.450874+00:00, run_after=2022-12-07T23:53:30.450874+00:00
[2022-12-07T23:53:30.504+0000] {processor.py:176} INFO - Processing /home/airflow/.local/lib/python3.7/site-packages/airflow/example_dags/example_short_circuit_decorator.py took 0.337 seconds
[2022-12-07T23:54:01.913+0000] {processor.py:154} INFO - Started process (PID=1113) to work on /home/airflow/.local/lib/python3.7/site-packages/airflow/example_dags/example_short_circuit_decorator.py
[2022-12-07T23:54:01.920+0000] {processor.py:756} INFO - Processing file /home/airflow/.local/lib/python3.7/site-packages/airflow/example_dags/example_short_circuit_decorator.py for tasks to queue
[2022-12-07T23:54:01.922+0000] {logging_mixin.py:137} INFO - [2022-12-07T23:54:01.921+0000] {dagbag.py:537} INFO - Filling up the DagBag from /home/airflow/.local/lib/python3.7/site-packages/airflow/example_dags/example_short_circuit_decorator.py
[2022-12-07T23:54:02.021+0000] {processor.py:766} INFO - DAG(s) dict_keys(['example_short_circuit_decorator']) retrieved from /home/airflow/.local/lib/python3.7/site-packages/airflow/example_dags/example_short_circuit_decorator.py
[2022-12-07T23:54:02.127+0000] {logging_mixin.py:137} INFO - [2022-12-07T23:54:02.126+0000] {dag.py:2585} INFO - Sync 1 DAGs
[2022-12-07T23:54:02.267+0000] {logging_mixin.py:137} INFO - [2022-12-07T23:54:02.266+0000] {dag.py:3340} INFO - Setting next_dagrun for example_short_circuit_decorator to 2022-12-06T23:54:02.265785+00:00, run_after=2022-12-07T23:54:02.265785+00:00
[2022-12-07T23:54:02.369+0000] {processor.py:176} INFO - Processing /home/airflow/.local/lib/python3.7/site-packages/airflow/example_dags/example_short_circuit_decorator.py took 0.472 seconds
[2022-12-07T23:54:32.962+0000] {processor.py:154} INFO - Started process (PID=1168) to work on /home/airflow/.local/lib/python3.7/site-packages/airflow/example_dags/example_short_circuit_decorator.py
[2022-12-07T23:54:32.965+0000] {processor.py:756} INFO - Processing file /home/airflow/.local/lib/python3.7/site-packages/airflow/example_dags/example_short_circuit_decorator.py for tasks to queue
[2022-12-07T23:54:32.966+0000] {logging_mixin.py:137} INFO - [2022-12-07T23:54:32.966+0000] {dagbag.py:537} INFO - Filling up the DagBag from /home/airflow/.local/lib/python3.7/site-packages/airflow/example_dags/example_short_circuit_decorator.py
[2022-12-07T23:54:33.014+0000] {processor.py:766} INFO - DAG(s) dict_keys(['example_short_circuit_decorator']) retrieved from /home/airflow/.local/lib/python3.7/site-packages/airflow/example_dags/example_short_circuit_decorator.py
[2022-12-07T23:54:33.066+0000] {logging_mixin.py:137} INFO - [2022-12-07T23:54:33.065+0000] {dag.py:2585} INFO - Sync 1 DAGs
[2022-12-07T23:54:33.102+0000] {logging_mixin.py:137} INFO - [2022-12-07T23:54:33.101+0000] {dag.py:3340} INFO - Setting next_dagrun for example_short_circuit_decorator to 2022-12-06T23:54:33.101450+00:00, run_after=2022-12-07T23:54:33.101450+00:00
[2022-12-07T23:54:33.129+0000] {processor.py:176} INFO - Processing /home/airflow/.local/lib/python3.7/site-packages/airflow/example_dags/example_short_circuit_decorator.py took 0.173 seconds
[2022-12-07T23:55:03.405+0000] {processor.py:154} INFO - Started process (PID=1232) to work on /home/airflow/.local/lib/python3.7/site-packages/airflow/example_dags/example_short_circuit_decorator.py
[2022-12-07T23:55:03.407+0000] {processor.py:756} INFO - Processing file /home/airflow/.local/lib/python3.7/site-packages/airflow/example_dags/example_short_circuit_decorator.py for tasks to queue
[2022-12-07T23:55:03.411+0000] {logging_mixin.py:137} INFO - [2022-12-07T23:55:03.411+0000] {dagbag.py:537} INFO - Filling up the DagBag from /home/airflow/.local/lib/python3.7/site-packages/airflow/example_dags/example_short_circuit_decorator.py
[2022-12-07T23:55:03.515+0000] {processor.py:766} INFO - DAG(s) dict_keys(['example_short_circuit_decorator']) retrieved from /home/airflow/.local/lib/python3.7/site-packages/airflow/example_dags/example_short_circuit_decorator.py
[2022-12-07T23:55:03.694+0000] {logging_mixin.py:137} INFO - [2022-12-07T23:55:03.694+0000] {dag.py:2585} INFO - Sync 1 DAGs
[2022-12-07T23:55:03.826+0000] {logging_mixin.py:137} INFO - [2022-12-07T23:55:03.825+0000] {dag.py:3340} INFO - Setting next_dagrun for example_short_circuit_decorator to 2022-12-06T23:55:03.824389+00:00, run_after=2022-12-07T23:55:03.824389+00:00
