[2022-12-07T22:25:15.875+0000] {processor.py:154} INFO - Started process (PID=83) to work on /home/airflow/.local/lib/python3.7/site-packages/airflow/example_dags/example_task_group_decorator.py
[2022-12-07T22:25:15.877+0000] {processor.py:756} INFO - Processing file /home/airflow/.local/lib/python3.7/site-packages/airflow/example_dags/example_task_group_decorator.py for tasks to queue
[2022-12-07T22:25:15.882+0000] {logging_mixin.py:137} INFO - [2022-12-07T22:25:15.881+0000] {dagbag.py:537} INFO - Filling up the DagBag from /home/airflow/.local/lib/python3.7/site-packages/airflow/example_dags/example_task_group_decorator.py
[2022-12-07T22:25:15.970+0000] {processor.py:766} INFO - DAG(s) dict_keys(['example_task_group_decorator']) retrieved from /home/airflow/.local/lib/python3.7/site-packages/airflow/example_dags/example_task_group_decorator.py
[2022-12-07T22:25:16.091+0000] {logging_mixin.py:137} INFO - [2022-12-07T22:25:16.090+0000] {dag.py:2585} INFO - Sync 1 DAGs
[2022-12-07T22:25:16.155+0000] {logging_mixin.py:137} INFO - [2022-12-07T22:25:16.154+0000] {dag.py:3340} INFO - Setting next_dagrun for example_task_group_decorator to 2022-12-06T22:25:16.154419+00:00, run_after=2022-12-07T22:25:16.154419+00:00
[2022-12-07T22:25:16.209+0000] {processor.py:176} INFO - Processing /home/airflow/.local/lib/python3.7/site-packages/airflow/example_dags/example_task_group_decorator.py took 0.341 seconds
[2022-12-07T22:25:46.847+0000] {processor.py:154} INFO - Started process (PID=138) to work on /home/airflow/.local/lib/python3.7/site-packages/airflow/example_dags/example_task_group_decorator.py
[2022-12-07T22:25:46.848+0000] {processor.py:756} INFO - Processing file /home/airflow/.local/lib/python3.7/site-packages/airflow/example_dags/example_task_group_decorator.py for tasks to queue
[2022-12-07T22:25:46.849+0000] {logging_mixin.py:137} INFO - [2022-12-07T22:25:46.849+0000] {dagbag.py:537} INFO - Filling up the DagBag from /home/airflow/.local/lib/python3.7/site-packages/airflow/example_dags/example_task_group_decorator.py
[2022-12-07T22:25:46.899+0000] {processor.py:766} INFO - DAG(s) dict_keys(['example_task_group_decorator']) retrieved from /home/airflow/.local/lib/python3.7/site-packages/airflow/example_dags/example_task_group_decorator.py
[2022-12-07T22:25:46.961+0000] {logging_mixin.py:137} INFO - [2022-12-07T22:25:46.961+0000] {dag.py:2585} INFO - Sync 1 DAGs
[2022-12-07T22:25:47.009+0000] {logging_mixin.py:137} INFO - [2022-12-07T22:25:47.009+0000] {dag.py:3340} INFO - Setting next_dagrun for example_task_group_decorator to 2022-12-06T22:25:47.008856+00:00, run_after=2022-12-07T22:25:47.008856+00:00
[2022-12-07T22:25:47.037+0000] {processor.py:176} INFO - Processing /home/airflow/.local/lib/python3.7/site-packages/airflow/example_dags/example_task_group_decorator.py took 0.195 seconds
[2022-12-07T22:26:17.708+0000] {processor.py:154} INFO - Started process (PID=203) to work on /home/airflow/.local/lib/python3.7/site-packages/airflow/example_dags/example_task_group_decorator.py
[2022-12-07T22:26:17.709+0000] {processor.py:756} INFO - Processing file /home/airflow/.local/lib/python3.7/site-packages/airflow/example_dags/example_task_group_decorator.py for tasks to queue
[2022-12-07T22:26:17.710+0000] {logging_mixin.py:137} INFO - [2022-12-07T22:26:17.710+0000] {dagbag.py:537} INFO - Filling up the DagBag from /home/airflow/.local/lib/python3.7/site-packages/airflow/example_dags/example_task_group_decorator.py
[2022-12-07T22:26:17.758+0000] {processor.py:766} INFO - DAG(s) dict_keys(['example_task_group_decorator']) retrieved from /home/airflow/.local/lib/python3.7/site-packages/airflow/example_dags/example_task_group_decorator.py
[2022-12-07T22:26:17.823+0000] {logging_mixin.py:137} INFO - [2022-12-07T22:26:17.823+0000] {dag.py:2585} INFO - Sync 1 DAGs
[2022-12-07T22:26:17.878+0000] {logging_mixin.py:137} INFO - [2022-12-07T22:26:17.878+0000] {dag.py:3340} INFO - Setting next_dagrun for example_task_group_decorator to 2022-12-06T22:26:17.877764+00:00, run_after=2022-12-07T22:26:17.877764+00:00
[2022-12-07T22:26:17.910+0000] {processor.py:176} INFO - Processing /home/airflow/.local/lib/python3.7/site-packages/airflow/example_dags/example_task_group_decorator.py took 0.207 seconds
[2022-12-07T22:26:48.138+0000] {processor.py:154} INFO - Started process (PID=258) to work on /home/airflow/.local/lib/python3.7/site-packages/airflow/example_dags/example_task_group_decorator.py
[2022-12-07T22:26:48.139+0000] {processor.py:756} INFO - Processing file /home/airflow/.local/lib/python3.7/site-packages/airflow/example_dags/example_task_group_decorator.py for tasks to queue
[2022-12-07T22:26:48.140+0000] {logging_mixin.py:137} INFO - [2022-12-07T22:26:48.140+0000] {dagbag.py:537} INFO - Filling up the DagBag from /home/airflow/.local/lib/python3.7/site-packages/airflow/example_dags/example_task_group_decorator.py
[2022-12-07T22:26:48.175+0000] {processor.py:766} INFO - DAG(s) dict_keys(['example_task_group_decorator']) retrieved from /home/airflow/.local/lib/python3.7/site-packages/airflow/example_dags/example_task_group_decorator.py
[2022-12-07T22:26:48.227+0000] {logging_mixin.py:137} INFO - [2022-12-07T22:26:48.227+0000] {dag.py:2585} INFO - Sync 1 DAGs
[2022-12-07T22:26:48.264+0000] {logging_mixin.py:137} INFO - [2022-12-07T22:26:48.264+0000] {dag.py:3340} INFO - Setting next_dagrun for example_task_group_decorator to 2022-12-06T22:26:48.264156+00:00, run_after=2022-12-07T22:26:48.264156+00:00
[2022-12-07T22:26:48.297+0000] {processor.py:176} INFO - Processing /home/airflow/.local/lib/python3.7/site-packages/airflow/example_dags/example_task_group_decorator.py took 0.162 seconds
[2022-12-07T22:27:20.314+0000] {processor.py:154} INFO - Started process (PID=320) to work on /home/airflow/.local/lib/python3.7/site-packages/airflow/example_dags/example_task_group_decorator.py
[2022-12-07T22:27:20.316+0000] {processor.py:756} INFO - Processing file /home/airflow/.local/lib/python3.7/site-packages/airflow/example_dags/example_task_group_decorator.py for tasks to queue
[2022-12-07T22:27:20.318+0000] {logging_mixin.py:137} INFO - [2022-12-07T22:27:20.317+0000] {dagbag.py:537} INFO - Filling up the DagBag from /home/airflow/.local/lib/python3.7/site-packages/airflow/example_dags/example_task_group_decorator.py
[2022-12-07T22:27:20.376+0000] {processor.py:766} INFO - DAG(s) dict_keys(['example_task_group_decorator']) retrieved from /home/airflow/.local/lib/python3.7/site-packages/airflow/example_dags/example_task_group_decorator.py
[2022-12-07T22:27:20.482+0000] {logging_mixin.py:137} INFO - [2022-12-07T22:27:20.482+0000] {dag.py:2585} INFO - Sync 1 DAGs
[2022-12-07T22:27:20.533+0000] {logging_mixin.py:137} INFO - [2022-12-07T22:27:20.533+0000] {dag.py:3340} INFO - Setting next_dagrun for example_task_group_decorator to 2022-12-06T22:27:20.532580+00:00, run_after=2022-12-07T22:27:20.532580+00:00
[2022-12-07T22:27:20.571+0000] {processor.py:176} INFO - Processing /home/airflow/.local/lib/python3.7/site-packages/airflow/example_dags/example_task_group_decorator.py took 0.262 seconds
[2022-12-07T22:27:50.718+0000] {processor.py:154} INFO - Started process (PID=378) to work on /home/airflow/.local/lib/python3.7/site-packages/airflow/example_dags/example_task_group_decorator.py
[2022-12-07T22:27:50.719+0000] {processor.py:756} INFO - Processing file /home/airflow/.local/lib/python3.7/site-packages/airflow/example_dags/example_task_group_decorator.py for tasks to queue
[2022-12-07T22:27:50.720+0000] {logging_mixin.py:137} INFO - [2022-12-07T22:27:50.720+0000] {dagbag.py:537} INFO - Filling up the DagBag from /home/airflow/.local/lib/python3.7/site-packages/airflow/example_dags/example_task_group_decorator.py
[2022-12-07T22:27:50.756+0000] {processor.py:766} INFO - DAG(s) dict_keys(['example_task_group_decorator']) retrieved from /home/airflow/.local/lib/python3.7/site-packages/airflow/example_dags/example_task_group_decorator.py
[2022-12-07T22:27:50.806+0000] {logging_mixin.py:137} INFO - [2022-12-07T22:27:50.806+0000] {dag.py:2585} INFO - Sync 1 DAGs
[2022-12-07T22:27:50.836+0000] {logging_mixin.py:137} INFO - [2022-12-07T22:27:50.835+0000] {dag.py:3340} INFO - Setting next_dagrun for example_task_group_decorator to 2022-12-06T22:27:50.835638+00:00, run_after=2022-12-07T22:27:50.835638+00:00
[2022-12-07T22:27:50.861+0000] {processor.py:176} INFO - Processing /home/airflow/.local/lib/python3.7/site-packages/airflow/example_dags/example_task_group_decorator.py took 0.148 seconds
[2022-12-07T22:28:21.579+0000] {processor.py:154} INFO - Started process (PID=440) to work on /home/airflow/.local/lib/python3.7/site-packages/airflow/example_dags/example_task_group_decorator.py
[2022-12-07T22:28:21.581+0000] {processor.py:756} INFO - Processing file /home/airflow/.local/lib/python3.7/site-packages/airflow/example_dags/example_task_group_decorator.py for tasks to queue
[2022-12-07T22:28:21.582+0000] {logging_mixin.py:137} INFO - [2022-12-07T22:28:21.582+0000] {dagbag.py:537} INFO - Filling up the DagBag from /home/airflow/.local/lib/python3.7/site-packages/airflow/example_dags/example_task_group_decorator.py
[2022-12-07T22:28:21.645+0000] {processor.py:766} INFO - DAG(s) dict_keys(['example_task_group_decorator']) retrieved from /home/airflow/.local/lib/python3.7/site-packages/airflow/example_dags/example_task_group_decorator.py
[2022-12-07T22:28:21.720+0000] {logging_mixin.py:137} INFO - [2022-12-07T22:28:21.720+0000] {dag.py:2585} INFO - Sync 1 DAGs
[2022-12-07T22:28:21.764+0000] {logging_mixin.py:137} INFO - [2022-12-07T22:28:21.764+0000] {dag.py:3340} INFO - Setting next_dagrun for example_task_group_decorator to 2022-12-06T22:28:21.764173+00:00, run_after=2022-12-07T22:28:21.764173+00:00
[2022-12-07T22:28:21.800+0000] {processor.py:176} INFO - Processing /home/airflow/.local/lib/python3.7/site-packages/airflow/example_dags/example_task_group_decorator.py took 0.230 seconds
[2022-12-07T22:28:52.380+0000] {processor.py:154} INFO - Started process (PID=497) to work on /home/airflow/.local/lib/python3.7/site-packages/airflow/example_dags/example_task_group_decorator.py
[2022-12-07T22:28:52.381+0000] {processor.py:756} INFO - Processing file /home/airflow/.local/lib/python3.7/site-packages/airflow/example_dags/example_task_group_decorator.py for tasks to queue
[2022-12-07T22:28:52.383+0000] {logging_mixin.py:137} INFO - [2022-12-07T22:28:52.383+0000] {dagbag.py:537} INFO - Filling up the DagBag from /home/airflow/.local/lib/python3.7/site-packages/airflow/example_dags/example_task_group_decorator.py
[2022-12-07T22:28:52.415+0000] {processor.py:766} INFO - DAG(s) dict_keys(['example_task_group_decorator']) retrieved from /home/airflow/.local/lib/python3.7/site-packages/airflow/example_dags/example_task_group_decorator.py
[2022-12-07T22:28:52.465+0000] {logging_mixin.py:137} INFO - [2022-12-07T22:28:52.465+0000] {dag.py:2585} INFO - Sync 1 DAGs
[2022-12-07T22:28:52.497+0000] {logging_mixin.py:137} INFO - [2022-12-07T22:28:52.497+0000] {dag.py:3340} INFO - Setting next_dagrun for example_task_group_decorator to 2022-12-06T22:28:52.497301+00:00, run_after=2022-12-07T22:28:52.497301+00:00
[2022-12-07T22:28:52.522+0000] {processor.py:176} INFO - Processing /home/airflow/.local/lib/python3.7/site-packages/airflow/example_dags/example_task_group_decorator.py took 0.146 seconds
[2022-12-07T22:29:22.669+0000] {processor.py:154} INFO - Started process (PID=561) to work on /home/airflow/.local/lib/python3.7/site-packages/airflow/example_dags/example_task_group_decorator.py
[2022-12-07T22:29:22.670+0000] {processor.py:756} INFO - Processing file /home/airflow/.local/lib/python3.7/site-packages/airflow/example_dags/example_task_group_decorator.py for tasks to queue
[2022-12-07T22:29:22.672+0000] {logging_mixin.py:137} INFO - [2022-12-07T22:29:22.672+0000] {dagbag.py:537} INFO - Filling up the DagBag from /home/airflow/.local/lib/python3.7/site-packages/airflow/example_dags/example_task_group_decorator.py
[2022-12-07T22:29:22.726+0000] {processor.py:766} INFO - DAG(s) dict_keys(['example_task_group_decorator']) retrieved from /home/airflow/.local/lib/python3.7/site-packages/airflow/example_dags/example_task_group_decorator.py
[2022-12-07T22:29:22.808+0000] {logging_mixin.py:137} INFO - [2022-12-07T22:29:22.808+0000] {dag.py:2585} INFO - Sync 1 DAGs
[2022-12-07T22:29:22.851+0000] {logging_mixin.py:137} INFO - [2022-12-07T22:29:22.851+0000] {dag.py:3340} INFO - Setting next_dagrun for example_task_group_decorator to 2022-12-06T22:29:22.851239+00:00, run_after=2022-12-07T22:29:22.851239+00:00
[2022-12-07T22:29:22.881+0000] {processor.py:176} INFO - Processing /home/airflow/.local/lib/python3.7/site-packages/airflow/example_dags/example_task_group_decorator.py took 0.218 seconds
[2022-12-07T22:29:53.545+0000] {processor.py:154} INFO - Started process (PID=616) to work on /home/airflow/.local/lib/python3.7/site-packages/airflow/example_dags/example_task_group_decorator.py
[2022-12-07T22:29:53.546+0000] {processor.py:756} INFO - Processing file /home/airflow/.local/lib/python3.7/site-packages/airflow/example_dags/example_task_group_decorator.py for tasks to queue
[2022-12-07T22:29:53.548+0000] {logging_mixin.py:137} INFO - [2022-12-07T22:29:53.547+0000] {dagbag.py:537} INFO - Filling up the DagBag from /home/airflow/.local/lib/python3.7/site-packages/airflow/example_dags/example_task_group_decorator.py
[2022-12-07T22:29:53.583+0000] {processor.py:766} INFO - DAG(s) dict_keys(['example_task_group_decorator']) retrieved from /home/airflow/.local/lib/python3.7/site-packages/airflow/example_dags/example_task_group_decorator.py
[2022-12-07T22:29:53.647+0000] {logging_mixin.py:137} INFO - [2022-12-07T22:29:53.646+0000] {dag.py:2585} INFO - Sync 1 DAGs
[2022-12-07T22:29:53.687+0000] {logging_mixin.py:137} INFO - [2022-12-07T22:29:53.687+0000] {dag.py:3340} INFO - Setting next_dagrun for example_task_group_decorator to 2022-12-06T22:29:53.687189+00:00, run_after=2022-12-07T22:29:53.687189+00:00
[2022-12-07T22:29:53.717+0000] {processor.py:176} INFO - Processing /home/airflow/.local/lib/python3.7/site-packages/airflow/example_dags/example_task_group_decorator.py took 0.176 seconds
[2022-12-07T22:30:23.870+0000] {processor.py:154} INFO - Started process (PID=680) to work on /home/airflow/.local/lib/python3.7/site-packages/airflow/example_dags/example_task_group_decorator.py
[2022-12-07T22:30:23.872+0000] {processor.py:756} INFO - Processing file /home/airflow/.local/lib/python3.7/site-packages/airflow/example_dags/example_task_group_decorator.py for tasks to queue
[2022-12-07T22:30:23.874+0000] {logging_mixin.py:137} INFO - [2022-12-07T22:30:23.874+0000] {dagbag.py:537} INFO - Filling up the DagBag from /home/airflow/.local/lib/python3.7/site-packages/airflow/example_dags/example_task_group_decorator.py
[2022-12-07T22:30:23.915+0000] {processor.py:766} INFO - DAG(s) dict_keys(['example_task_group_decorator']) retrieved from /home/airflow/.local/lib/python3.7/site-packages/airflow/example_dags/example_task_group_decorator.py
[2022-12-07T22:30:23.984+0000] {logging_mixin.py:137} INFO - [2022-12-07T22:30:23.984+0000] {dag.py:2585} INFO - Sync 1 DAGs
[2022-12-07T22:30:24.039+0000] {logging_mixin.py:137} INFO - [2022-12-07T22:30:24.039+0000] {dag.py:3340} INFO - Setting next_dagrun for example_task_group_decorator to 2022-12-06T22:30:24.039185+00:00, run_after=2022-12-07T22:30:24.039185+00:00
[2022-12-07T22:30:24.079+0000] {processor.py:176} INFO - Processing /home/airflow/.local/lib/python3.7/site-packages/airflow/example_dags/example_task_group_decorator.py took 0.213 seconds
[2022-12-07T22:30:55.138+0000] {processor.py:154} INFO - Started process (PID=735) to work on /home/airflow/.local/lib/python3.7/site-packages/airflow/example_dags/example_task_group_decorator.py
[2022-12-07T22:30:55.139+0000] {processor.py:756} INFO - Processing file /home/airflow/.local/lib/python3.7/site-packages/airflow/example_dags/example_task_group_decorator.py for tasks to queue
[2022-12-07T22:30:55.141+0000] {logging_mixin.py:137} INFO - [2022-12-07T22:30:55.140+0000] {dagbag.py:537} INFO - Filling up the DagBag from /home/airflow/.local/lib/python3.7/site-packages/airflow/example_dags/example_task_group_decorator.py
[2022-12-07T22:30:55.192+0000] {processor.py:766} INFO - DAG(s) dict_keys(['example_task_group_decorator']) retrieved from /home/airflow/.local/lib/python3.7/site-packages/airflow/example_dags/example_task_group_decorator.py
[2022-12-07T22:30:55.254+0000] {logging_mixin.py:137} INFO - [2022-12-07T22:30:55.254+0000] {dag.py:2585} INFO - Sync 1 DAGs
[2022-12-07T22:30:55.287+0000] {logging_mixin.py:137} INFO - [2022-12-07T22:30:55.287+0000] {dag.py:3340} INFO - Setting next_dagrun for example_task_group_decorator to 2022-12-06T22:30:55.287301+00:00, run_after=2022-12-07T22:30:55.287301+00:00
[2022-12-07T22:30:55.313+0000] {processor.py:176} INFO - Processing /home/airflow/.local/lib/python3.7/site-packages/airflow/example_dags/example_task_group_decorator.py took 0.179 seconds
[2022-12-07T22:31:25.702+0000] {processor.py:154} INFO - Started process (PID=800) to work on /home/airflow/.local/lib/python3.7/site-packages/airflow/example_dags/example_task_group_decorator.py
[2022-12-07T22:31:25.703+0000] {processor.py:756} INFO - Processing file /home/airflow/.local/lib/python3.7/site-packages/airflow/example_dags/example_task_group_decorator.py for tasks to queue
[2022-12-07T22:31:25.704+0000] {logging_mixin.py:137} INFO - [2022-12-07T22:31:25.704+0000] {dagbag.py:537} INFO - Filling up the DagBag from /home/airflow/.local/lib/python3.7/site-packages/airflow/example_dags/example_task_group_decorator.py
[2022-12-07T22:31:25.746+0000] {processor.py:766} INFO - DAG(s) dict_keys(['example_task_group_decorator']) retrieved from /home/airflow/.local/lib/python3.7/site-packages/airflow/example_dags/example_task_group_decorator.py
[2022-12-07T22:31:25.802+0000] {logging_mixin.py:137} INFO - [2022-12-07T22:31:25.802+0000] {dag.py:2585} INFO - Sync 1 DAGs
[2022-12-07T22:31:25.833+0000] {logging_mixin.py:137} INFO - [2022-12-07T22:31:25.833+0000] {dag.py:3340} INFO - Setting next_dagrun for example_task_group_decorator to 2022-12-06T22:31:25.832600+00:00, run_after=2022-12-07T22:31:25.832600+00:00
[2022-12-07T22:31:25.857+0000] {processor.py:176} INFO - Processing /home/airflow/.local/lib/python3.7/site-packages/airflow/example_dags/example_task_group_decorator.py took 0.160 seconds
[2022-12-07T22:31:56.243+0000] {processor.py:154} INFO - Started process (PID=855) to work on /home/airflow/.local/lib/python3.7/site-packages/airflow/example_dags/example_task_group_decorator.py
[2022-12-07T22:31:56.244+0000] {processor.py:756} INFO - Processing file /home/airflow/.local/lib/python3.7/site-packages/airflow/example_dags/example_task_group_decorator.py for tasks to queue
[2022-12-07T22:31:56.245+0000] {logging_mixin.py:137} INFO - [2022-12-07T22:31:56.245+0000] {dagbag.py:537} INFO - Filling up the DagBag from /home/airflow/.local/lib/python3.7/site-packages/airflow/example_dags/example_task_group_decorator.py
[2022-12-07T22:31:56.281+0000] {processor.py:766} INFO - DAG(s) dict_keys(['example_task_group_decorator']) retrieved from /home/airflow/.local/lib/python3.7/site-packages/airflow/example_dags/example_task_group_decorator.py
[2022-12-07T22:31:56.334+0000] {logging_mixin.py:137} INFO - [2022-12-07T22:31:56.334+0000] {dag.py:2585} INFO - Sync 1 DAGs
[2022-12-07T22:31:56.373+0000] {logging_mixin.py:137} INFO - [2022-12-07T22:31:56.373+0000] {dag.py:3340} INFO - Setting next_dagrun for example_task_group_decorator to 2022-12-06T22:31:56.373127+00:00, run_after=2022-12-07T22:31:56.373127+00:00
[2022-12-07T22:31:56.399+0000] {processor.py:176} INFO - Processing /home/airflow/.local/lib/python3.7/site-packages/airflow/example_dags/example_task_group_decorator.py took 0.160 seconds
[2022-12-07T22:32:26.571+0000] {processor.py:154} INFO - Started process (PID=918) to work on /home/airflow/.local/lib/python3.7/site-packages/airflow/example_dags/example_task_group_decorator.py
[2022-12-07T22:32:26.572+0000] {processor.py:756} INFO - Processing file /home/airflow/.local/lib/python3.7/site-packages/airflow/example_dags/example_task_group_decorator.py for tasks to queue
[2022-12-07T22:32:26.573+0000] {logging_mixin.py:137} INFO - [2022-12-07T22:32:26.572+0000] {dagbag.py:537} INFO - Filling up the DagBag from /home/airflow/.local/lib/python3.7/site-packages/airflow/example_dags/example_task_group_decorator.py
[2022-12-07T22:32:26.607+0000] {processor.py:766} INFO - DAG(s) dict_keys(['example_task_group_decorator']) retrieved from /home/airflow/.local/lib/python3.7/site-packages/airflow/example_dags/example_task_group_decorator.py
[2022-12-07T22:32:26.667+0000] {logging_mixin.py:137} INFO - [2022-12-07T22:32:26.667+0000] {dag.py:2585} INFO - Sync 1 DAGs
[2022-12-07T22:32:26.697+0000] {logging_mixin.py:137} INFO - [2022-12-07T22:32:26.697+0000] {dag.py:3340} INFO - Setting next_dagrun for example_task_group_decorator to 2022-12-06T22:32:26.697175+00:00, run_after=2022-12-07T22:32:26.697175+00:00
[2022-12-07T22:32:26.720+0000] {processor.py:176} INFO - Processing /home/airflow/.local/lib/python3.7/site-packages/airflow/example_dags/example_task_group_decorator.py took 0.153 seconds
