[2022-12-07T22:25:14.804+0000] {processor.py:154} INFO - Started process (PID=80) to work on /home/airflow/.local/lib/python3.7/site-packages/airflow/example_dags/example_time_delta_sensor_async.py
[2022-12-07T22:25:14.806+0000] {processor.py:756} INFO - Processing file /home/airflow/.local/lib/python3.7/site-packages/airflow/example_dags/example_time_delta_sensor_async.py for tasks to queue
[2022-12-07T22:25:14.808+0000] {logging_mixin.py:137} INFO - [2022-12-07T22:25:14.808+0000] {dagbag.py:537} INFO - Filling up the DagBag from /home/airflow/.local/lib/python3.7/site-packages/airflow/example_dags/example_time_delta_sensor_async.py
[2022-12-07T22:25:14.840+0000] {processor.py:766} INFO - DAG(s) dict_keys(['example_time_delta_sensor_async']) retrieved from /home/airflow/.local/lib/python3.7/site-packages/airflow/example_dags/example_time_delta_sensor_async.py
[2022-12-07T22:25:15.663+0000] {logging_mixin.py:137} INFO - [2022-12-07T22:25:15.662+0000] {dag.py:2585} INFO - Sync 1 DAGs
[2022-12-07T22:25:15.731+0000] {logging_mixin.py:137} INFO - [2022-12-07T22:25:15.731+0000] {dag.py:3340} INFO - Setting next_dagrun for example_time_delta_sensor_async to None, run_after=None
[2022-12-07T22:25:15.808+0000] {processor.py:176} INFO - Processing /home/airflow/.local/lib/python3.7/site-packages/airflow/example_dags/example_time_delta_sensor_async.py took 1.016 seconds
[2022-12-07T22:25:46.641+0000] {processor.py:154} INFO - Started process (PID=136) to work on /home/airflow/.local/lib/python3.7/site-packages/airflow/example_dags/example_time_delta_sensor_async.py
[2022-12-07T22:25:46.642+0000] {processor.py:756} INFO - Processing file /home/airflow/.local/lib/python3.7/site-packages/airflow/example_dags/example_time_delta_sensor_async.py for tasks to queue
[2022-12-07T22:25:46.643+0000] {logging_mixin.py:137} INFO - [2022-12-07T22:25:46.643+0000] {dagbag.py:537} INFO - Filling up the DagBag from /home/airflow/.local/lib/python3.7/site-packages/airflow/example_dags/example_time_delta_sensor_async.py
[2022-12-07T22:25:46.658+0000] {processor.py:766} INFO - DAG(s) dict_keys(['example_time_delta_sensor_async']) retrieved from /home/airflow/.local/lib/python3.7/site-packages/airflow/example_dags/example_time_delta_sensor_async.py
[2022-12-07T22:25:46.964+0000] {logging_mixin.py:137} INFO - [2022-12-07T22:25:46.963+0000] {dag.py:2585} INFO - Sync 1 DAGs
[2022-12-07T22:25:47.008+0000] {logging_mixin.py:137} INFO - [2022-12-07T22:25:47.008+0000] {dag.py:3340} INFO - Setting next_dagrun for example_time_delta_sensor_async to None, run_after=None
[2022-12-07T22:25:47.037+0000] {processor.py:176} INFO - Processing /home/airflow/.local/lib/python3.7/site-packages/airflow/example_dags/example_time_delta_sensor_async.py took 0.399 seconds
[2022-12-07T22:26:17.446+0000] {processor.py:154} INFO - Started process (PID=201) to work on /home/airflow/.local/lib/python3.7/site-packages/airflow/example_dags/example_time_delta_sensor_async.py
[2022-12-07T22:26:17.448+0000] {processor.py:756} INFO - Processing file /home/airflow/.local/lib/python3.7/site-packages/airflow/example_dags/example_time_delta_sensor_async.py for tasks to queue
[2022-12-07T22:26:17.449+0000] {logging_mixin.py:137} INFO - [2022-12-07T22:26:17.449+0000] {dagbag.py:537} INFO - Filling up the DagBag from /home/airflow/.local/lib/python3.7/site-packages/airflow/example_dags/example_time_delta_sensor_async.py
[2022-12-07T22:26:17.467+0000] {processor.py:766} INFO - DAG(s) dict_keys(['example_time_delta_sensor_async']) retrieved from /home/airflow/.local/lib/python3.7/site-packages/airflow/example_dags/example_time_delta_sensor_async.py
[2022-12-07T22:26:17.840+0000] {logging_mixin.py:137} INFO - [2022-12-07T22:26:17.840+0000] {dag.py:2585} INFO - Sync 1 DAGs
[2022-12-07T22:26:17.891+0000] {logging_mixin.py:137} INFO - [2022-12-07T22:26:17.891+0000] {dag.py:3340} INFO - Setting next_dagrun for example_time_delta_sensor_async to None, run_after=None
[2022-12-07T22:26:17.924+0000] {processor.py:176} INFO - Processing /home/airflow/.local/lib/python3.7/site-packages/airflow/example_dags/example_time_delta_sensor_async.py took 0.482 seconds
[2022-12-07T22:26:48.138+0000] {processor.py:154} INFO - Started process (PID=257) to work on /home/airflow/.local/lib/python3.7/site-packages/airflow/example_dags/example_time_delta_sensor_async.py
[2022-12-07T22:26:48.139+0000] {processor.py:756} INFO - Processing file /home/airflow/.local/lib/python3.7/site-packages/airflow/example_dags/example_time_delta_sensor_async.py for tasks to queue
[2022-12-07T22:26:48.140+0000] {logging_mixin.py:137} INFO - [2022-12-07T22:26:48.140+0000] {dagbag.py:537} INFO - Filling up the DagBag from /home/airflow/.local/lib/python3.7/site-packages/airflow/example_dags/example_time_delta_sensor_async.py
[2022-12-07T22:26:48.154+0000] {processor.py:766} INFO - DAG(s) dict_keys(['example_time_delta_sensor_async']) retrieved from /home/airflow/.local/lib/python3.7/site-packages/airflow/example_dags/example_time_delta_sensor_async.py
[2022-12-07T22:26:48.521+0000] {logging_mixin.py:137} INFO - [2022-12-07T22:26:48.521+0000] {dag.py:2585} INFO - Sync 1 DAGs
[2022-12-07T22:26:48.550+0000] {logging_mixin.py:137} INFO - [2022-12-07T22:26:48.550+0000] {dag.py:3340} INFO - Setting next_dagrun for example_time_delta_sensor_async to None, run_after=None
[2022-12-07T22:26:48.576+0000] {processor.py:176} INFO - Processing /home/airflow/.local/lib/python3.7/site-packages/airflow/example_dags/example_time_delta_sensor_async.py took 0.441 seconds
[2022-12-07T22:27:19.747+0000] {processor.py:154} INFO - Started process (PID=311) to work on /home/airflow/.local/lib/python3.7/site-packages/airflow/example_dags/example_time_delta_sensor_async.py
[2022-12-07T22:27:19.752+0000] {processor.py:756} INFO - Processing file /home/airflow/.local/lib/python3.7/site-packages/airflow/example_dags/example_time_delta_sensor_async.py for tasks to queue
[2022-12-07T22:27:19.758+0000] {logging_mixin.py:137} INFO - [2022-12-07T22:27:19.758+0000] {dagbag.py:537} INFO - Filling up the DagBag from /home/airflow/.local/lib/python3.7/site-packages/airflow/example_dags/example_time_delta_sensor_async.py
[2022-12-07T22:27:19.807+0000] {processor.py:766} INFO - DAG(s) dict_keys(['example_time_delta_sensor_async']) retrieved from /home/airflow/.local/lib/python3.7/site-packages/airflow/example_dags/example_time_delta_sensor_async.py
[2022-12-07T22:27:20.492+0000] {logging_mixin.py:137} INFO - [2022-12-07T22:27:20.491+0000] {dag.py:2585} INFO - Sync 1 DAGs
[2022-12-07T22:27:20.543+0000] {logging_mixin.py:137} INFO - [2022-12-07T22:27:20.543+0000] {dag.py:3340} INFO - Setting next_dagrun for example_time_delta_sensor_async to None, run_after=None
[2022-12-07T22:27:20.585+0000] {processor.py:176} INFO - Processing /home/airflow/.local/lib/python3.7/site-packages/airflow/example_dags/example_time_delta_sensor_async.py took 0.844 seconds
[2022-12-07T22:27:50.717+0000] {processor.py:154} INFO - Started process (PID=377) to work on /home/airflow/.local/lib/python3.7/site-packages/airflow/example_dags/example_time_delta_sensor_async.py
[2022-12-07T22:27:50.719+0000] {processor.py:756} INFO - Processing file /home/airflow/.local/lib/python3.7/site-packages/airflow/example_dags/example_time_delta_sensor_async.py for tasks to queue
[2022-12-07T22:27:50.720+0000] {logging_mixin.py:137} INFO - [2022-12-07T22:27:50.719+0000] {dagbag.py:537} INFO - Filling up the DagBag from /home/airflow/.local/lib/python3.7/site-packages/airflow/example_dags/example_time_delta_sensor_async.py
[2022-12-07T22:27:50.734+0000] {processor.py:766} INFO - DAG(s) dict_keys(['example_time_delta_sensor_async']) retrieved from /home/airflow/.local/lib/python3.7/site-packages/airflow/example_dags/example_time_delta_sensor_async.py
[2022-12-07T22:27:50.989+0000] {logging_mixin.py:137} INFO - [2022-12-07T22:27:50.989+0000] {dag.py:2585} INFO - Sync 1 DAGs
[2022-12-07T22:27:51.021+0000] {logging_mixin.py:137} INFO - [2022-12-07T22:27:51.021+0000] {dag.py:3340} INFO - Setting next_dagrun for example_time_delta_sensor_async to None, run_after=None
[2022-12-07T22:27:51.045+0000] {processor.py:176} INFO - Processing /home/airflow/.local/lib/python3.7/site-packages/airflow/example_dags/example_time_delta_sensor_async.py took 0.332 seconds
[2022-12-07T22:28:21.274+0000] {processor.py:154} INFO - Started process (PID=431) to work on /home/airflow/.local/lib/python3.7/site-packages/airflow/example_dags/example_time_delta_sensor_async.py
[2022-12-07T22:28:21.275+0000] {processor.py:756} INFO - Processing file /home/airflow/.local/lib/python3.7/site-packages/airflow/example_dags/example_time_delta_sensor_async.py for tasks to queue
[2022-12-07T22:28:21.276+0000] {logging_mixin.py:137} INFO - [2022-12-07T22:28:21.276+0000] {dagbag.py:537} INFO - Filling up the DagBag from /home/airflow/.local/lib/python3.7/site-packages/airflow/example_dags/example_time_delta_sensor_async.py
[2022-12-07T22:28:21.292+0000] {processor.py:766} INFO - DAG(s) dict_keys(['example_time_delta_sensor_async']) retrieved from /home/airflow/.local/lib/python3.7/site-packages/airflow/example_dags/example_time_delta_sensor_async.py
[2022-12-07T22:28:21.736+0000] {logging_mixin.py:137} INFO - [2022-12-07T22:28:21.736+0000] {dag.py:2585} INFO - Sync 1 DAGs
[2022-12-07T22:28:21.782+0000] {logging_mixin.py:137} INFO - [2022-12-07T22:28:21.782+0000] {dag.py:3340} INFO - Setting next_dagrun for example_time_delta_sensor_async to None, run_after=None
[2022-12-07T22:28:21.823+0000] {processor.py:176} INFO - Processing /home/airflow/.local/lib/python3.7/site-packages/airflow/example_dags/example_time_delta_sensor_async.py took 0.552 seconds
[2022-12-07T22:28:52.189+0000] {processor.py:154} INFO - Started process (PID=495) to work on /home/airflow/.local/lib/python3.7/site-packages/airflow/example_dags/example_time_delta_sensor_async.py
[2022-12-07T22:28:52.190+0000] {processor.py:756} INFO - Processing file /home/airflow/.local/lib/python3.7/site-packages/airflow/example_dags/example_time_delta_sensor_async.py for tasks to queue
[2022-12-07T22:28:52.191+0000] {logging_mixin.py:137} INFO - [2022-12-07T22:28:52.191+0000] {dagbag.py:537} INFO - Filling up the DagBag from /home/airflow/.local/lib/python3.7/site-packages/airflow/example_dags/example_time_delta_sensor_async.py
[2022-12-07T22:28:52.205+0000] {processor.py:766} INFO - DAG(s) dict_keys(['example_time_delta_sensor_async']) retrieved from /home/airflow/.local/lib/python3.7/site-packages/airflow/example_dags/example_time_delta_sensor_async.py
[2022-12-07T22:28:52.452+0000] {logging_mixin.py:137} INFO - [2022-12-07T22:28:52.452+0000] {dag.py:2585} INFO - Sync 1 DAGs
[2022-12-07T22:28:52.483+0000] {logging_mixin.py:137} INFO - [2022-12-07T22:28:52.483+0000] {dag.py:3340} INFO - Setting next_dagrun for example_time_delta_sensor_async to None, run_after=None
[2022-12-07T22:28:52.508+0000] {processor.py:176} INFO - Processing /home/airflow/.local/lib/python3.7/site-packages/airflow/example_dags/example_time_delta_sensor_async.py took 0.322 seconds
[2022-12-07T22:29:22.569+0000] {processor.py:154} INFO - Started process (PID=560) to work on /home/airflow/.local/lib/python3.7/site-packages/airflow/example_dags/example_time_delta_sensor_async.py
[2022-12-07T22:29:22.571+0000] {processor.py:756} INFO - Processing file /home/airflow/.local/lib/python3.7/site-packages/airflow/example_dags/example_time_delta_sensor_async.py for tasks to queue
[2022-12-07T22:29:22.572+0000] {logging_mixin.py:137} INFO - [2022-12-07T22:29:22.571+0000] {dagbag.py:537} INFO - Filling up the DagBag from /home/airflow/.local/lib/python3.7/site-packages/airflow/example_dags/example_time_delta_sensor_async.py
[2022-12-07T22:29:22.589+0000] {processor.py:766} INFO - DAG(s) dict_keys(['example_time_delta_sensor_async']) retrieved from /home/airflow/.local/lib/python3.7/site-packages/airflow/example_dags/example_time_delta_sensor_async.py
[2022-12-07T22:29:22.977+0000] {logging_mixin.py:137} INFO - [2022-12-07T22:29:22.977+0000] {dag.py:2585} INFO - Sync 1 DAGs
[2022-12-07T22:29:23.028+0000] {logging_mixin.py:137} INFO - [2022-12-07T22:29:23.028+0000] {dag.py:3340} INFO - Setting next_dagrun for example_time_delta_sensor_async to None, run_after=None
[2022-12-07T22:29:23.063+0000] {processor.py:176} INFO - Processing /home/airflow/.local/lib/python3.7/site-packages/airflow/example_dags/example_time_delta_sensor_async.py took 0.497 seconds
[2022-12-07T22:29:53.331+0000] {processor.py:154} INFO - Started process (PID=614) to work on /home/airflow/.local/lib/python3.7/site-packages/airflow/example_dags/example_time_delta_sensor_async.py
[2022-12-07T22:29:53.332+0000] {processor.py:756} INFO - Processing file /home/airflow/.local/lib/python3.7/site-packages/airflow/example_dags/example_time_delta_sensor_async.py for tasks to queue
[2022-12-07T22:29:53.333+0000] {logging_mixin.py:137} INFO - [2022-12-07T22:29:53.333+0000] {dagbag.py:537} INFO - Filling up the DagBag from /home/airflow/.local/lib/python3.7/site-packages/airflow/example_dags/example_time_delta_sensor_async.py
[2022-12-07T22:29:53.357+0000] {processor.py:766} INFO - DAG(s) dict_keys(['example_time_delta_sensor_async']) retrieved from /home/airflow/.local/lib/python3.7/site-packages/airflow/example_dags/example_time_delta_sensor_async.py
[2022-12-07T22:29:53.670+0000] {logging_mixin.py:137} INFO - [2022-12-07T22:29:53.670+0000] {dag.py:2585} INFO - Sync 1 DAGs
[2022-12-07T22:29:53.704+0000] {logging_mixin.py:137} INFO - [2022-12-07T22:29:53.703+0000] {dag.py:3340} INFO - Setting next_dagrun for example_time_delta_sensor_async to None, run_after=None
[2022-12-07T22:29:53.744+0000] {processor.py:176} INFO - Processing /home/airflow/.local/lib/python3.7/site-packages/airflow/example_dags/example_time_delta_sensor_async.py took 0.417 seconds
[2022-12-07T22:30:23.870+0000] {processor.py:154} INFO - Started process (PID=679) to work on /home/airflow/.local/lib/python3.7/site-packages/airflow/example_dags/example_time_delta_sensor_async.py
[2022-12-07T22:30:23.872+0000] {processor.py:756} INFO - Processing file /home/airflow/.local/lib/python3.7/site-packages/airflow/example_dags/example_time_delta_sensor_async.py for tasks to queue
[2022-12-07T22:30:23.874+0000] {logging_mixin.py:137} INFO - [2022-12-07T22:30:23.873+0000] {dagbag.py:537} INFO - Filling up the DagBag from /home/airflow/.local/lib/python3.7/site-packages/airflow/example_dags/example_time_delta_sensor_async.py
[2022-12-07T22:30:23.893+0000] {processor.py:766} INFO - DAG(s) dict_keys(['example_time_delta_sensor_async']) retrieved from /home/airflow/.local/lib/python3.7/site-packages/airflow/example_dags/example_time_delta_sensor_async.py
[2022-12-07T22:30:24.215+0000] {logging_mixin.py:137} INFO - [2022-12-07T22:30:24.215+0000] {dag.py:2585} INFO - Sync 1 DAGs
[2022-12-07T22:30:24.254+0000] {logging_mixin.py:137} INFO - [2022-12-07T22:30:24.254+0000] {dag.py:3340} INFO - Setting next_dagrun for example_time_delta_sensor_async to None, run_after=None
[2022-12-07T22:30:24.287+0000] {processor.py:176} INFO - Processing /home/airflow/.local/lib/python3.7/site-packages/airflow/example_dags/example_time_delta_sensor_async.py took 0.421 seconds
[2022-12-07T22:30:55.138+0000] {processor.py:154} INFO - Started process (PID=734) to work on /home/airflow/.local/lib/python3.7/site-packages/airflow/example_dags/example_time_delta_sensor_async.py
[2022-12-07T22:30:55.139+0000] {processor.py:756} INFO - Processing file /home/airflow/.local/lib/python3.7/site-packages/airflow/example_dags/example_time_delta_sensor_async.py for tasks to queue
[2022-12-07T22:30:55.141+0000] {logging_mixin.py:137} INFO - [2022-12-07T22:30:55.140+0000] {dagbag.py:537} INFO - Filling up the DagBag from /home/airflow/.local/lib/python3.7/site-packages/airflow/example_dags/example_time_delta_sensor_async.py
[2022-12-07T22:30:55.160+0000] {processor.py:766} INFO - DAG(s) dict_keys(['example_time_delta_sensor_async']) retrieved from /home/airflow/.local/lib/python3.7/site-packages/airflow/example_dags/example_time_delta_sensor_async.py
[2022-12-07T22:30:55.434+0000] {logging_mixin.py:137} INFO - [2022-12-07T22:30:55.433+0000] {dag.py:2585} INFO - Sync 1 DAGs
[2022-12-07T22:30:55.467+0000] {logging_mixin.py:137} INFO - [2022-12-07T22:30:55.466+0000] {dag.py:3340} INFO - Setting next_dagrun for example_time_delta_sensor_async to None, run_after=None
[2022-12-07T22:30:55.499+0000] {processor.py:176} INFO - Processing /home/airflow/.local/lib/python3.7/site-packages/airflow/example_dags/example_time_delta_sensor_async.py took 0.365 seconds
[2022-12-07T22:31:25.699+0000] {processor.py:154} INFO - Started process (PID=799) to work on /home/airflow/.local/lib/python3.7/site-packages/airflow/example_dags/example_time_delta_sensor_async.py
[2022-12-07T22:31:25.701+0000] {processor.py:756} INFO - Processing file /home/airflow/.local/lib/python3.7/site-packages/airflow/example_dags/example_time_delta_sensor_async.py for tasks to queue
[2022-12-07T22:31:25.703+0000] {logging_mixin.py:137} INFO - [2022-12-07T22:31:25.702+0000] {dagbag.py:537} INFO - Filling up the DagBag from /home/airflow/.local/lib/python3.7/site-packages/airflow/example_dags/example_time_delta_sensor_async.py
[2022-12-07T22:31:25.719+0000] {processor.py:766} INFO - DAG(s) dict_keys(['example_time_delta_sensor_async']) retrieved from /home/airflow/.local/lib/python3.7/site-packages/airflow/example_dags/example_time_delta_sensor_async.py
[2022-12-07T22:31:25.987+0000] {logging_mixin.py:137} INFO - [2022-12-07T22:31:25.987+0000] {dag.py:2585} INFO - Sync 1 DAGs
[2022-12-07T22:31:26.020+0000] {logging_mixin.py:137} INFO - [2022-12-07T22:31:26.020+0000] {dag.py:3340} INFO - Setting next_dagrun for example_time_delta_sensor_async to None, run_after=None
[2022-12-07T22:31:26.047+0000] {processor.py:176} INFO - Processing /home/airflow/.local/lib/python3.7/site-packages/airflow/example_dags/example_time_delta_sensor_async.py took 0.352 seconds
[2022-12-07T22:31:56.243+0000] {processor.py:154} INFO - Started process (PID=854) to work on /home/airflow/.local/lib/python3.7/site-packages/airflow/example_dags/example_time_delta_sensor_async.py
[2022-12-07T22:31:56.244+0000] {processor.py:756} INFO - Processing file /home/airflow/.local/lib/python3.7/site-packages/airflow/example_dags/example_time_delta_sensor_async.py for tasks to queue
[2022-12-07T22:31:56.245+0000] {logging_mixin.py:137} INFO - [2022-12-07T22:31:56.245+0000] {dagbag.py:537} INFO - Filling up the DagBag from /home/airflow/.local/lib/python3.7/site-packages/airflow/example_dags/example_time_delta_sensor_async.py
[2022-12-07T22:31:56.260+0000] {processor.py:766} INFO - DAG(s) dict_keys(['example_time_delta_sensor_async']) retrieved from /home/airflow/.local/lib/python3.7/site-packages/airflow/example_dags/example_time_delta_sensor_async.py
[2022-12-07T22:31:56.509+0000] {logging_mixin.py:137} INFO - [2022-12-07T22:31:56.509+0000] {dag.py:2585} INFO - Sync 1 DAGs
[2022-12-07T22:31:56.537+0000] {logging_mixin.py:137} INFO - [2022-12-07T22:31:56.536+0000] {dag.py:3340} INFO - Setting next_dagrun for example_time_delta_sensor_async to None, run_after=None
[2022-12-07T22:31:56.562+0000] {processor.py:176} INFO - Processing /home/airflow/.local/lib/python3.7/site-packages/airflow/example_dags/example_time_delta_sensor_async.py took 0.323 seconds
[2022-12-07T22:32:26.753+0000] {processor.py:154} INFO - Started process (PID=919) to work on /home/airflow/.local/lib/python3.7/site-packages/airflow/example_dags/example_time_delta_sensor_async.py
[2022-12-07T22:32:26.754+0000] {processor.py:756} INFO - Processing file /home/airflow/.local/lib/python3.7/site-packages/airflow/example_dags/example_time_delta_sensor_async.py for tasks to queue
[2022-12-07T22:32:26.755+0000] {logging_mixin.py:137} INFO - [2022-12-07T22:32:26.755+0000] {dagbag.py:537} INFO - Filling up the DagBag from /home/airflow/.local/lib/python3.7/site-packages/airflow/example_dags/example_time_delta_sensor_async.py
[2022-12-07T22:32:26.769+0000] {processor.py:766} INFO - DAG(s) dict_keys(['example_time_delta_sensor_async']) retrieved from /home/airflow/.local/lib/python3.7/site-packages/airflow/example_dags/example_time_delta_sensor_async.py
[2022-12-07T22:32:27.027+0000] {logging_mixin.py:137} INFO - [2022-12-07T22:32:27.027+0000] {dag.py:2585} INFO - Sync 1 DAGs
[2022-12-07T22:32:27.062+0000] {logging_mixin.py:137} INFO - [2022-12-07T22:32:27.062+0000] {dag.py:3340} INFO - Setting next_dagrun for example_time_delta_sensor_async to None, run_after=None
[2022-12-07T22:32:27.088+0000] {processor.py:176} INFO - Processing /home/airflow/.local/lib/python3.7/site-packages/airflow/example_dags/example_time_delta_sensor_async.py took 0.339 seconds
[2022-12-07T23:36:47.428+0000] {processor.py:154} INFO - Started process (PID=78) to work on /home/airflow/.local/lib/python3.7/site-packages/airflow/example_dags/example_time_delta_sensor_async.py
[2022-12-07T23:36:47.430+0000] {processor.py:756} INFO - Processing file /home/airflow/.local/lib/python3.7/site-packages/airflow/example_dags/example_time_delta_sensor_async.py for tasks to queue
[2022-12-07T23:36:47.431+0000] {logging_mixin.py:137} INFO - [2022-12-07T23:36:47.431+0000] {dagbag.py:537} INFO - Filling up the DagBag from /home/airflow/.local/lib/python3.7/site-packages/airflow/example_dags/example_time_delta_sensor_async.py
[2022-12-07T23:36:47.458+0000] {processor.py:766} INFO - DAG(s) dict_keys(['example_time_delta_sensor_async']) retrieved from /home/airflow/.local/lib/python3.7/site-packages/airflow/example_dags/example_time_delta_sensor_async.py
[2022-12-07T23:36:48.076+0000] {logging_mixin.py:137} INFO - [2022-12-07T23:36:48.076+0000] {manager.py:507} INFO - Created Permission View: can read on DAG:example_time_delta_sensor_async
[2022-12-07T23:36:48.101+0000] {logging_mixin.py:137} INFO - [2022-12-07T23:36:48.100+0000] {manager.py:507} INFO - Created Permission View: can delete on DAG:example_time_delta_sensor_async
[2022-12-07T23:36:48.116+0000] {logging_mixin.py:137} INFO - [2022-12-07T23:36:48.116+0000] {manager.py:507} INFO - Created Permission View: can edit on DAG:example_time_delta_sensor_async
[2022-12-07T23:36:48.117+0000] {logging_mixin.py:137} INFO - [2022-12-07T23:36:48.117+0000] {dag.py:2585} INFO - Sync 1 DAGs
[2022-12-07T23:36:48.148+0000] {logging_mixin.py:137} INFO - [2022-12-07T23:36:48.147+0000] {dag.py:2606} INFO - Creating ORM DAG for example_time_delta_sensor_async
[2022-12-07T23:36:48.167+0000] {logging_mixin.py:137} INFO - [2022-12-07T23:36:48.167+0000] {dag.py:3340} INFO - Setting next_dagrun for example_time_delta_sensor_async to None, run_after=None
[2022-12-07T23:36:48.204+0000] {processor.py:176} INFO - Processing /home/airflow/.local/lib/python3.7/site-packages/airflow/example_dags/example_time_delta_sensor_async.py took 0.780 seconds
[2022-12-07T23:37:18.304+0000] {processor.py:154} INFO - Started process (PID=134) to work on /home/airflow/.local/lib/python3.7/site-packages/airflow/example_dags/example_time_delta_sensor_async.py
[2022-12-07T23:37:18.305+0000] {processor.py:756} INFO - Processing file /home/airflow/.local/lib/python3.7/site-packages/airflow/example_dags/example_time_delta_sensor_async.py for tasks to queue
[2022-12-07T23:37:18.306+0000] {logging_mixin.py:137} INFO - [2022-12-07T23:37:18.306+0000] {dagbag.py:537} INFO - Filling up the DagBag from /home/airflow/.local/lib/python3.7/site-packages/airflow/example_dags/example_time_delta_sensor_async.py
[2022-12-07T23:37:18.320+0000] {processor.py:766} INFO - DAG(s) dict_keys(['example_time_delta_sensor_async']) retrieved from /home/airflow/.local/lib/python3.7/site-packages/airflow/example_dags/example_time_delta_sensor_async.py
[2022-12-07T23:37:18.612+0000] {logging_mixin.py:137} INFO - [2022-12-07T23:37:18.612+0000] {dag.py:2585} INFO - Sync 1 DAGs
[2022-12-07T23:37:18.655+0000] {logging_mixin.py:137} INFO - [2022-12-07T23:37:18.655+0000] {dag.py:3340} INFO - Setting next_dagrun for example_time_delta_sensor_async to None, run_after=None
[2022-12-07T23:37:18.683+0000] {processor.py:176} INFO - Processing /home/airflow/.local/lib/python3.7/site-packages/airflow/example_dags/example_time_delta_sensor_async.py took 0.383 seconds
[2022-12-07T23:37:49.233+0000] {processor.py:154} INFO - Started process (PID=200) to work on /home/airflow/.local/lib/python3.7/site-packages/airflow/example_dags/example_time_delta_sensor_async.py
[2022-12-07T23:37:49.234+0000] {processor.py:756} INFO - Processing file /home/airflow/.local/lib/python3.7/site-packages/airflow/example_dags/example_time_delta_sensor_async.py for tasks to queue
[2022-12-07T23:37:49.235+0000] {logging_mixin.py:137} INFO - [2022-12-07T23:37:49.235+0000] {dagbag.py:537} INFO - Filling up the DagBag from /home/airflow/.local/lib/python3.7/site-packages/airflow/example_dags/example_time_delta_sensor_async.py
[2022-12-07T23:37:49.257+0000] {processor.py:766} INFO - DAG(s) dict_keys(['example_time_delta_sensor_async']) retrieved from /home/airflow/.local/lib/python3.7/site-packages/airflow/example_dags/example_time_delta_sensor_async.py
[2022-12-07T23:37:49.538+0000] {logging_mixin.py:137} INFO - [2022-12-07T23:37:49.538+0000] {dag.py:2585} INFO - Sync 1 DAGs
[2022-12-07T23:37:49.571+0000] {logging_mixin.py:137} INFO - [2022-12-07T23:37:49.571+0000] {dag.py:3340} INFO - Setting next_dagrun for example_time_delta_sensor_async to None, run_after=None
[2022-12-07T23:37:49.597+0000] {processor.py:176} INFO - Processing /home/airflow/.local/lib/python3.7/site-packages/airflow/example_dags/example_time_delta_sensor_async.py took 0.369 seconds
[2022-12-07T23:38:19.911+0000] {processor.py:154} INFO - Started process (PID=255) to work on /home/airflow/.local/lib/python3.7/site-packages/airflow/example_dags/example_time_delta_sensor_async.py
[2022-12-07T23:38:19.913+0000] {processor.py:756} INFO - Processing file /home/airflow/.local/lib/python3.7/site-packages/airflow/example_dags/example_time_delta_sensor_async.py for tasks to queue
[2022-12-07T23:38:19.914+0000] {logging_mixin.py:137} INFO - [2022-12-07T23:38:19.914+0000] {dagbag.py:537} INFO - Filling up the DagBag from /home/airflow/.local/lib/python3.7/site-packages/airflow/example_dags/example_time_delta_sensor_async.py
[2022-12-07T23:38:19.950+0000] {processor.py:766} INFO - DAG(s) dict_keys(['example_time_delta_sensor_async']) retrieved from /home/airflow/.local/lib/python3.7/site-packages/airflow/example_dags/example_time_delta_sensor_async.py
[2022-12-07T23:38:20.438+0000] {logging_mixin.py:137} INFO - [2022-12-07T23:38:20.438+0000] {dag.py:2585} INFO - Sync 1 DAGs
[2022-12-07T23:38:20.523+0000] {logging_mixin.py:137} INFO - [2022-12-07T23:38:20.523+0000] {dag.py:3340} INFO - Setting next_dagrun for example_time_delta_sensor_async to None, run_after=None
[2022-12-07T23:38:20.593+0000] {processor.py:176} INFO - Processing /home/airflow/.local/lib/python3.7/site-packages/airflow/example_dags/example_time_delta_sensor_async.py took 0.689 seconds
[2022-12-07T23:38:51.341+0000] {processor.py:154} INFO - Started process (PID=320) to work on /home/airflow/.local/lib/python3.7/site-packages/airflow/example_dags/example_time_delta_sensor_async.py
[2022-12-07T23:38:51.342+0000] {processor.py:756} INFO - Processing file /home/airflow/.local/lib/python3.7/site-packages/airflow/example_dags/example_time_delta_sensor_async.py for tasks to queue
[2022-12-07T23:38:51.343+0000] {logging_mixin.py:137} INFO - [2022-12-07T23:38:51.343+0000] {dagbag.py:537} INFO - Filling up the DagBag from /home/airflow/.local/lib/python3.7/site-packages/airflow/example_dags/example_time_delta_sensor_async.py
[2022-12-07T23:38:51.357+0000] {processor.py:766} INFO - DAG(s) dict_keys(['example_time_delta_sensor_async']) retrieved from /home/airflow/.local/lib/python3.7/site-packages/airflow/example_dags/example_time_delta_sensor_async.py
[2022-12-07T23:38:51.653+0000] {logging_mixin.py:137} INFO - [2022-12-07T23:38:51.653+0000] {dag.py:2585} INFO - Sync 1 DAGs
[2022-12-07T23:38:51.697+0000] {logging_mixin.py:137} INFO - [2022-12-07T23:38:51.696+0000] {dag.py:3340} INFO - Setting next_dagrun for example_time_delta_sensor_async to None, run_after=None
[2022-12-07T23:38:51.726+0000] {processor.py:176} INFO - Processing /home/airflow/.local/lib/python3.7/site-packages/airflow/example_dags/example_time_delta_sensor_async.py took 0.389 seconds
[2022-12-07T23:39:21.910+0000] {processor.py:154} INFO - Started process (PID=377) to work on /home/airflow/.local/lib/python3.7/site-packages/airflow/example_dags/example_time_delta_sensor_async.py
[2022-12-07T23:39:21.911+0000] {processor.py:756} INFO - Processing file /home/airflow/.local/lib/python3.7/site-packages/airflow/example_dags/example_time_delta_sensor_async.py for tasks to queue
[2022-12-07T23:39:21.912+0000] {logging_mixin.py:137} INFO - [2022-12-07T23:39:21.912+0000] {dagbag.py:537} INFO - Filling up the DagBag from /home/airflow/.local/lib/python3.7/site-packages/airflow/example_dags/example_time_delta_sensor_async.py
[2022-12-07T23:39:21.926+0000] {processor.py:766} INFO - DAG(s) dict_keys(['example_time_delta_sensor_async']) retrieved from /home/airflow/.local/lib/python3.7/site-packages/airflow/example_dags/example_time_delta_sensor_async.py
[2022-12-07T23:39:22.427+0000] {logging_mixin.py:137} INFO - [2022-12-07T23:39:22.426+0000] {dag.py:2585} INFO - Sync 1 DAGs
[2022-12-07T23:39:22.483+0000] {logging_mixin.py:137} INFO - [2022-12-07T23:39:22.483+0000] {dag.py:3340} INFO - Setting next_dagrun for example_time_delta_sensor_async to None, run_after=None
[2022-12-07T23:39:22.524+0000] {processor.py:176} INFO - Processing /home/airflow/.local/lib/python3.7/site-packages/airflow/example_dags/example_time_delta_sensor_async.py took 0.617 seconds
[2022-12-07T23:39:52.579+0000] {processor.py:154} INFO - Started process (PID=441) to work on /home/airflow/.local/lib/python3.7/site-packages/airflow/example_dags/example_time_delta_sensor_async.py
[2022-12-07T23:39:52.581+0000] {processor.py:756} INFO - Processing file /home/airflow/.local/lib/python3.7/site-packages/airflow/example_dags/example_time_delta_sensor_async.py for tasks to queue
[2022-12-07T23:39:52.582+0000] {logging_mixin.py:137} INFO - [2022-12-07T23:39:52.582+0000] {dagbag.py:537} INFO - Filling up the DagBag from /home/airflow/.local/lib/python3.7/site-packages/airflow/example_dags/example_time_delta_sensor_async.py
[2022-12-07T23:39:52.601+0000] {processor.py:766} INFO - DAG(s) dict_keys(['example_time_delta_sensor_async']) retrieved from /home/airflow/.local/lib/python3.7/site-packages/airflow/example_dags/example_time_delta_sensor_async.py
[2022-12-07T23:39:52.903+0000] {logging_mixin.py:137} INFO - [2022-12-07T23:39:52.902+0000] {dag.py:2585} INFO - Sync 1 DAGs
[2022-12-07T23:39:52.939+0000] {logging_mixin.py:137} INFO - [2022-12-07T23:39:52.939+0000] {dag.py:3340} INFO - Setting next_dagrun for example_time_delta_sensor_async to None, run_after=None
[2022-12-07T23:39:52.964+0000] {processor.py:176} INFO - Processing /home/airflow/.local/lib/python3.7/site-packages/airflow/example_dags/example_time_delta_sensor_async.py took 0.389 seconds
[2022-12-07T23:40:23.804+0000] {processor.py:154} INFO - Started process (PID=505) to work on /home/airflow/.local/lib/python3.7/site-packages/airflow/example_dags/example_time_delta_sensor_async.py
[2022-12-07T23:40:23.805+0000] {processor.py:756} INFO - Processing file /home/airflow/.local/lib/python3.7/site-packages/airflow/example_dags/example_time_delta_sensor_async.py for tasks to queue
[2022-12-07T23:40:23.807+0000] {logging_mixin.py:137} INFO - [2022-12-07T23:40:23.807+0000] {dagbag.py:537} INFO - Filling up the DagBag from /home/airflow/.local/lib/python3.7/site-packages/airflow/example_dags/example_time_delta_sensor_async.py
[2022-12-07T23:40:23.826+0000] {processor.py:766} INFO - DAG(s) dict_keys(['example_time_delta_sensor_async']) retrieved from /home/airflow/.local/lib/python3.7/site-packages/airflow/example_dags/example_time_delta_sensor_async.py
[2022-12-07T23:40:24.241+0000] {logging_mixin.py:137} INFO - [2022-12-07T23:40:24.241+0000] {dag.py:2585} INFO - Sync 1 DAGs
[2022-12-07T23:40:24.298+0000] {logging_mixin.py:137} INFO - [2022-12-07T23:40:24.297+0000] {dag.py:3340} INFO - Setting next_dagrun for example_time_delta_sensor_async to None, run_after=None
[2022-12-07T23:40:24.333+0000] {processor.py:176} INFO - Processing /home/airflow/.local/lib/python3.7/site-packages/airflow/example_dags/example_time_delta_sensor_async.py took 0.535 seconds
[2022-12-07T23:40:54.654+0000] {processor.py:154} INFO - Started process (PID=560) to work on /home/airflow/.local/lib/python3.7/site-packages/airflow/example_dags/example_time_delta_sensor_async.py
[2022-12-07T23:40:54.655+0000] {processor.py:756} INFO - Processing file /home/airflow/.local/lib/python3.7/site-packages/airflow/example_dags/example_time_delta_sensor_async.py for tasks to queue
[2022-12-07T23:40:54.656+0000] {logging_mixin.py:137} INFO - [2022-12-07T23:40:54.656+0000] {dagbag.py:537} INFO - Filling up the DagBag from /home/airflow/.local/lib/python3.7/site-packages/airflow/example_dags/example_time_delta_sensor_async.py
[2022-12-07T23:40:54.671+0000] {processor.py:766} INFO - DAG(s) dict_keys(['example_time_delta_sensor_async']) retrieved from /home/airflow/.local/lib/python3.7/site-packages/airflow/example_dags/example_time_delta_sensor_async.py
[2022-12-07T23:40:55.017+0000] {logging_mixin.py:137} INFO - [2022-12-07T23:40:55.017+0000] {dag.py:2585} INFO - Sync 1 DAGs
[2022-12-07T23:40:55.053+0000] {logging_mixin.py:137} INFO - [2022-12-07T23:40:55.053+0000] {dag.py:3340} INFO - Setting next_dagrun for example_time_delta_sensor_async to None, run_after=None
[2022-12-07T23:40:55.080+0000] {processor.py:176} INFO - Processing /home/airflow/.local/lib/python3.7/site-packages/airflow/example_dags/example_time_delta_sensor_async.py took 0.428 seconds
[2022-12-07T23:45:20.617+0000] {processor.py:154} INFO - Started process (PID=79) to work on /home/airflow/.local/lib/python3.7/site-packages/airflow/example_dags/example_time_delta_sensor_async.py
[2022-12-07T23:45:20.620+0000] {processor.py:756} INFO - Processing file /home/airflow/.local/lib/python3.7/site-packages/airflow/example_dags/example_time_delta_sensor_async.py for tasks to queue
[2022-12-07T23:45:20.622+0000] {logging_mixin.py:137} INFO - [2022-12-07T23:45:20.621+0000] {dagbag.py:537} INFO - Filling up the DagBag from /home/airflow/.local/lib/python3.7/site-packages/airflow/example_dags/example_time_delta_sensor_async.py
[2022-12-07T23:45:20.661+0000] {processor.py:766} INFO - DAG(s) dict_keys(['example_time_delta_sensor_async']) retrieved from /home/airflow/.local/lib/python3.7/site-packages/airflow/example_dags/example_time_delta_sensor_async.py
[2022-12-07T23:45:21.483+0000] {logging_mixin.py:137} INFO - [2022-12-07T23:45:21.483+0000] {dag.py:2585} INFO - Sync 1 DAGs
[2022-12-07T23:45:21.551+0000] {logging_mixin.py:137} INFO - [2022-12-07T23:45:21.551+0000] {dag.py:3340} INFO - Setting next_dagrun for example_time_delta_sensor_async to None, run_after=None
[2022-12-07T23:45:21.604+0000] {processor.py:176} INFO - Processing /home/airflow/.local/lib/python3.7/site-packages/airflow/example_dags/example_time_delta_sensor_async.py took 0.995 seconds
[2022-12-07T23:45:52.432+0000] {processor.py:154} INFO - Started process (PID=136) to work on /home/airflow/.local/lib/python3.7/site-packages/airflow/example_dags/example_time_delta_sensor_async.py
[2022-12-07T23:45:52.433+0000] {processor.py:756} INFO - Processing file /home/airflow/.local/lib/python3.7/site-packages/airflow/example_dags/example_time_delta_sensor_async.py for tasks to queue
[2022-12-07T23:45:52.434+0000] {logging_mixin.py:137} INFO - [2022-12-07T23:45:52.434+0000] {dagbag.py:537} INFO - Filling up the DagBag from /home/airflow/.local/lib/python3.7/site-packages/airflow/example_dags/example_time_delta_sensor_async.py
[2022-12-07T23:45:52.455+0000] {processor.py:766} INFO - DAG(s) dict_keys(['example_time_delta_sensor_async']) retrieved from /home/airflow/.local/lib/python3.7/site-packages/airflow/example_dags/example_time_delta_sensor_async.py
[2022-12-07T23:45:52.716+0000] {logging_mixin.py:137} INFO - [2022-12-07T23:45:52.716+0000] {dag.py:2585} INFO - Sync 1 DAGs
[2022-12-07T23:45:52.749+0000] {logging_mixin.py:137} INFO - [2022-12-07T23:45:52.748+0000] {dag.py:3340} INFO - Setting next_dagrun for example_time_delta_sensor_async to None, run_after=None
[2022-12-07T23:45:52.775+0000] {processor.py:176} INFO - Processing /home/airflow/.local/lib/python3.7/site-packages/airflow/example_dags/example_time_delta_sensor_async.py took 0.347 seconds
[2022-12-07T23:46:22.902+0000] {processor.py:154} INFO - Started process (PID=203) to work on /home/airflow/.local/lib/python3.7/site-packages/airflow/example_dags/example_time_delta_sensor_async.py
[2022-12-07T23:46:22.904+0000] {processor.py:756} INFO - Processing file /home/airflow/.local/lib/python3.7/site-packages/airflow/example_dags/example_time_delta_sensor_async.py for tasks to queue
[2022-12-07T23:46:22.905+0000] {logging_mixin.py:137} INFO - [2022-12-07T23:46:22.905+0000] {dagbag.py:537} INFO - Filling up the DagBag from /home/airflow/.local/lib/python3.7/site-packages/airflow/example_dags/example_time_delta_sensor_async.py
[2022-12-07T23:46:22.930+0000] {processor.py:766} INFO - DAG(s) dict_keys(['example_time_delta_sensor_async']) retrieved from /home/airflow/.local/lib/python3.7/site-packages/airflow/example_dags/example_time_delta_sensor_async.py
[2022-12-07T23:46:23.382+0000] {logging_mixin.py:137} INFO - [2022-12-07T23:46:23.381+0000] {dag.py:2585} INFO - Sync 1 DAGs
[2022-12-07T23:46:23.455+0000] {logging_mixin.py:137} INFO - [2022-12-07T23:46:23.454+0000] {dag.py:3340} INFO - Setting next_dagrun for example_time_delta_sensor_async to None, run_after=None
[2022-12-07T23:46:23.502+0000] {processor.py:176} INFO - Processing /home/airflow/.local/lib/python3.7/site-packages/airflow/example_dags/example_time_delta_sensor_async.py took 0.606 seconds
[2022-12-07T23:46:53.551+0000] {processor.py:154} INFO - Started process (PID=257) to work on /home/airflow/.local/lib/python3.7/site-packages/airflow/example_dags/example_time_delta_sensor_async.py
[2022-12-07T23:46:53.553+0000] {processor.py:756} INFO - Processing file /home/airflow/.local/lib/python3.7/site-packages/airflow/example_dags/example_time_delta_sensor_async.py for tasks to queue
[2022-12-07T23:46:53.554+0000] {logging_mixin.py:137} INFO - [2022-12-07T23:46:53.554+0000] {dagbag.py:537} INFO - Filling up the DagBag from /home/airflow/.local/lib/python3.7/site-packages/airflow/example_dags/example_time_delta_sensor_async.py
[2022-12-07T23:46:53.574+0000] {processor.py:766} INFO - DAG(s) dict_keys(['example_time_delta_sensor_async']) retrieved from /home/airflow/.local/lib/python3.7/site-packages/airflow/example_dags/example_time_delta_sensor_async.py
[2022-12-07T23:46:53.865+0000] {logging_mixin.py:137} INFO - [2022-12-07T23:46:53.865+0000] {dag.py:2585} INFO - Sync 1 DAGs
[2022-12-07T23:46:53.910+0000] {logging_mixin.py:137} INFO - [2022-12-07T23:46:53.910+0000] {dag.py:3340} INFO - Setting next_dagrun for example_time_delta_sensor_async to None, run_after=None
[2022-12-07T23:46:53.938+0000] {processor.py:176} INFO - Processing /home/airflow/.local/lib/python3.7/site-packages/airflow/example_dags/example_time_delta_sensor_async.py took 0.392 seconds
[2022-12-07T23:47:24.302+0000] {processor.py:154} INFO - Started process (PID=321) to work on /home/airflow/.local/lib/python3.7/site-packages/airflow/example_dags/example_time_delta_sensor_async.py
[2022-12-07T23:47:24.304+0000] {processor.py:756} INFO - Processing file /home/airflow/.local/lib/python3.7/site-packages/airflow/example_dags/example_time_delta_sensor_async.py for tasks to queue
[2022-12-07T23:47:24.305+0000] {logging_mixin.py:137} INFO - [2022-12-07T23:47:24.305+0000] {dagbag.py:537} INFO - Filling up the DagBag from /home/airflow/.local/lib/python3.7/site-packages/airflow/example_dags/example_time_delta_sensor_async.py
[2022-12-07T23:47:24.328+0000] {processor.py:766} INFO - DAG(s) dict_keys(['example_time_delta_sensor_async']) retrieved from /home/airflow/.local/lib/python3.7/site-packages/airflow/example_dags/example_time_delta_sensor_async.py
[2022-12-07T23:47:24.744+0000] {logging_mixin.py:137} INFO - [2022-12-07T23:47:24.743+0000] {dag.py:2585} INFO - Sync 1 DAGs
[2022-12-07T23:47:24.806+0000] {logging_mixin.py:137} INFO - [2022-12-07T23:47:24.805+0000] {dag.py:3340} INFO - Setting next_dagrun for example_time_delta_sensor_async to None, run_after=None
[2022-12-07T23:47:24.850+0000] {processor.py:176} INFO - Processing /home/airflow/.local/lib/python3.7/site-packages/airflow/example_dags/example_time_delta_sensor_async.py took 0.555 seconds
[2022-12-07T23:47:55.395+0000] {processor.py:154} INFO - Started process (PID=376) to work on /home/airflow/.local/lib/python3.7/site-packages/airflow/example_dags/example_time_delta_sensor_async.py
[2022-12-07T23:47:55.396+0000] {processor.py:756} INFO - Processing file /home/airflow/.local/lib/python3.7/site-packages/airflow/example_dags/example_time_delta_sensor_async.py for tasks to queue
[2022-12-07T23:47:55.397+0000] {logging_mixin.py:137} INFO - [2022-12-07T23:47:55.397+0000] {dagbag.py:537} INFO - Filling up the DagBag from /home/airflow/.local/lib/python3.7/site-packages/airflow/example_dags/example_time_delta_sensor_async.py
[2022-12-07T23:47:55.416+0000] {processor.py:766} INFO - DAG(s) dict_keys(['example_time_delta_sensor_async']) retrieved from /home/airflow/.local/lib/python3.7/site-packages/airflow/example_dags/example_time_delta_sensor_async.py
[2022-12-07T23:47:55.698+0000] {logging_mixin.py:137} INFO - [2022-12-07T23:47:55.698+0000] {dag.py:2585} INFO - Sync 1 DAGs
[2022-12-07T23:47:55.751+0000] {logging_mixin.py:137} INFO - [2022-12-07T23:47:55.751+0000] {dag.py:3340} INFO - Setting next_dagrun for example_time_delta_sensor_async to None, run_after=None
[2022-12-07T23:47:55.808+0000] {processor.py:176} INFO - Processing /home/airflow/.local/lib/python3.7/site-packages/airflow/example_dags/example_time_delta_sensor_async.py took 0.418 seconds
[2022-12-07T23:48:26.120+0000] {processor.py:154} INFO - Started process (PID=440) to work on /home/airflow/.local/lib/python3.7/site-packages/airflow/example_dags/example_time_delta_sensor_async.py
[2022-12-07T23:48:26.122+0000] {processor.py:756} INFO - Processing file /home/airflow/.local/lib/python3.7/site-packages/airflow/example_dags/example_time_delta_sensor_async.py for tasks to queue
[2022-12-07T23:48:26.125+0000] {logging_mixin.py:137} INFO - [2022-12-07T23:48:26.124+0000] {dagbag.py:537} INFO - Filling up the DagBag from /home/airflow/.local/lib/python3.7/site-packages/airflow/example_dags/example_time_delta_sensor_async.py
[2022-12-07T23:48:26.147+0000] {processor.py:766} INFO - DAG(s) dict_keys(['example_time_delta_sensor_async']) retrieved from /home/airflow/.local/lib/python3.7/site-packages/airflow/example_dags/example_time_delta_sensor_async.py
[2022-12-07T23:48:26.648+0000] {logging_mixin.py:137} INFO - [2022-12-07T23:48:26.647+0000] {dag.py:2585} INFO - Sync 1 DAGs
[2022-12-07T23:48:26.731+0000] {logging_mixin.py:137} INFO - [2022-12-07T23:48:26.730+0000] {dag.py:3340} INFO - Setting next_dagrun for example_time_delta_sensor_async to None, run_after=None
[2022-12-07T23:48:26.785+0000] {processor.py:176} INFO - Processing /home/airflow/.local/lib/python3.7/site-packages/airflow/example_dags/example_time_delta_sensor_async.py took 0.670 seconds
[2022-12-07T23:48:57.005+0000] {processor.py:154} INFO - Started process (PID=507) to work on /home/airflow/.local/lib/python3.7/site-packages/airflow/example_dags/example_time_delta_sensor_async.py
[2022-12-07T23:48:57.006+0000] {processor.py:756} INFO - Processing file /home/airflow/.local/lib/python3.7/site-packages/airflow/example_dags/example_time_delta_sensor_async.py for tasks to queue
[2022-12-07T23:48:57.007+0000] {logging_mixin.py:137} INFO - [2022-12-07T23:48:57.007+0000] {dagbag.py:537} INFO - Filling up the DagBag from /home/airflow/.local/lib/python3.7/site-packages/airflow/example_dags/example_time_delta_sensor_async.py
[2022-12-07T23:48:57.024+0000] {processor.py:766} INFO - DAG(s) dict_keys(['example_time_delta_sensor_async']) retrieved from /home/airflow/.local/lib/python3.7/site-packages/airflow/example_dags/example_time_delta_sensor_async.py
[2022-12-07T23:48:57.323+0000] {logging_mixin.py:137} INFO - [2022-12-07T23:48:57.322+0000] {dag.py:2585} INFO - Sync 1 DAGs
[2022-12-07T23:48:57.355+0000] {logging_mixin.py:137} INFO - [2022-12-07T23:48:57.355+0000] {dag.py:3340} INFO - Setting next_dagrun for example_time_delta_sensor_async to None, run_after=None
[2022-12-07T23:48:57.382+0000] {processor.py:176} INFO - Processing /home/airflow/.local/lib/python3.7/site-packages/airflow/example_dags/example_time_delta_sensor_async.py took 0.381 seconds
[2022-12-07T23:49:27.412+0000] {processor.py:154} INFO - Started process (PID=572) to work on /home/airflow/.local/lib/python3.7/site-packages/airflow/example_dags/example_time_delta_sensor_async.py
[2022-12-07T23:49:27.413+0000] {processor.py:756} INFO - Processing file /home/airflow/.local/lib/python3.7/site-packages/airflow/example_dags/example_time_delta_sensor_async.py for tasks to queue
[2022-12-07T23:49:27.414+0000] {logging_mixin.py:137} INFO - [2022-12-07T23:49:27.414+0000] {dagbag.py:537} INFO - Filling up the DagBag from /home/airflow/.local/lib/python3.7/site-packages/airflow/example_dags/example_time_delta_sensor_async.py
[2022-12-07T23:49:27.427+0000] {processor.py:766} INFO - DAG(s) dict_keys(['example_time_delta_sensor_async']) retrieved from /home/airflow/.local/lib/python3.7/site-packages/airflow/example_dags/example_time_delta_sensor_async.py
[2022-12-07T23:49:27.700+0000] {logging_mixin.py:137} INFO - [2022-12-07T23:49:27.699+0000] {dag.py:2585} INFO - Sync 1 DAGs
[2022-12-07T23:49:27.730+0000] {logging_mixin.py:137} INFO - [2022-12-07T23:49:27.730+0000] {dag.py:3340} INFO - Setting next_dagrun for example_time_delta_sensor_async to None, run_after=None
[2022-12-07T23:49:27.754+0000] {processor.py:176} INFO - Processing /home/airflow/.local/lib/python3.7/site-packages/airflow/example_dags/example_time_delta_sensor_async.py took 0.345 seconds
[2022-12-07T23:49:57.818+0000] {processor.py:154} INFO - Started process (PID=627) to work on /home/airflow/.local/lib/python3.7/site-packages/airflow/example_dags/example_time_delta_sensor_async.py
[2022-12-07T23:49:57.819+0000] {processor.py:756} INFO - Processing file /home/airflow/.local/lib/python3.7/site-packages/airflow/example_dags/example_time_delta_sensor_async.py for tasks to queue
[2022-12-07T23:49:57.820+0000] {logging_mixin.py:137} INFO - [2022-12-07T23:49:57.820+0000] {dagbag.py:537} INFO - Filling up the DagBag from /home/airflow/.local/lib/python3.7/site-packages/airflow/example_dags/example_time_delta_sensor_async.py
[2022-12-07T23:49:57.834+0000] {processor.py:766} INFO - DAG(s) dict_keys(['example_time_delta_sensor_async']) retrieved from /home/airflow/.local/lib/python3.7/site-packages/airflow/example_dags/example_time_delta_sensor_async.py
[2022-12-07T23:49:58.073+0000] {logging_mixin.py:137} INFO - [2022-12-07T23:49:58.073+0000] {dag.py:2585} INFO - Sync 1 DAGs
[2022-12-07T23:49:58.101+0000] {logging_mixin.py:137} INFO - [2022-12-07T23:49:58.101+0000] {dag.py:3340} INFO - Setting next_dagrun for example_time_delta_sensor_async to None, run_after=None
[2022-12-07T23:49:58.134+0000] {processor.py:176} INFO - Processing /home/airflow/.local/lib/python3.7/site-packages/airflow/example_dags/example_time_delta_sensor_async.py took 0.319 seconds
[2022-12-07T23:50:28.206+0000] {processor.py:154} INFO - Started process (PID=691) to work on /home/airflow/.local/lib/python3.7/site-packages/airflow/example_dags/example_time_delta_sensor_async.py
[2022-12-07T23:50:28.207+0000] {processor.py:756} INFO - Processing file /home/airflow/.local/lib/python3.7/site-packages/airflow/example_dags/example_time_delta_sensor_async.py for tasks to queue
[2022-12-07T23:50:28.208+0000] {logging_mixin.py:137} INFO - [2022-12-07T23:50:28.208+0000] {dagbag.py:537} INFO - Filling up the DagBag from /home/airflow/.local/lib/python3.7/site-packages/airflow/example_dags/example_time_delta_sensor_async.py
[2022-12-07T23:50:28.230+0000] {processor.py:766} INFO - DAG(s) dict_keys(['example_time_delta_sensor_async']) retrieved from /home/airflow/.local/lib/python3.7/site-packages/airflow/example_dags/example_time_delta_sensor_async.py
[2022-12-07T23:50:28.642+0000] {logging_mixin.py:137} INFO - [2022-12-07T23:50:28.641+0000] {dag.py:2585} INFO - Sync 1 DAGs
[2022-12-07T23:50:28.688+0000] {logging_mixin.py:137} INFO - [2022-12-07T23:50:28.687+0000] {dag.py:3340} INFO - Setting next_dagrun for example_time_delta_sensor_async to None, run_after=None
[2022-12-07T23:50:28.721+0000] {processor.py:176} INFO - Processing /home/airflow/.local/lib/python3.7/site-packages/airflow/example_dags/example_time_delta_sensor_async.py took 0.520 seconds
[2022-12-07T23:50:58.909+0000] {processor.py:154} INFO - Started process (PID=754) to work on /home/airflow/.local/lib/python3.7/site-packages/airflow/example_dags/example_time_delta_sensor_async.py
[2022-12-07T23:50:58.911+0000] {processor.py:756} INFO - Processing file /home/airflow/.local/lib/python3.7/site-packages/airflow/example_dags/example_time_delta_sensor_async.py for tasks to queue
[2022-12-07T23:50:58.912+0000] {logging_mixin.py:137} INFO - [2022-12-07T23:50:58.912+0000] {dagbag.py:537} INFO - Filling up the DagBag from /home/airflow/.local/lib/python3.7/site-packages/airflow/example_dags/example_time_delta_sensor_async.py
[2022-12-07T23:50:58.934+0000] {processor.py:766} INFO - DAG(s) dict_keys(['example_time_delta_sensor_async']) retrieved from /home/airflow/.local/lib/python3.7/site-packages/airflow/example_dags/example_time_delta_sensor_async.py
[2022-12-07T23:50:59.351+0000] {logging_mixin.py:137} INFO - [2022-12-07T23:50:59.350+0000] {dag.py:2585} INFO - Sync 1 DAGs
[2022-12-07T23:50:59.403+0000] {logging_mixin.py:137} INFO - [2022-12-07T23:50:59.403+0000] {dag.py:3340} INFO - Setting next_dagrun for example_time_delta_sensor_async to None, run_after=None
[2022-12-07T23:50:59.441+0000] {processor.py:176} INFO - Processing /home/airflow/.local/lib/python3.7/site-packages/airflow/example_dags/example_time_delta_sensor_async.py took 0.536 seconds
[2022-12-07T23:51:29.513+0000] {processor.py:154} INFO - Started process (PID=809) to work on /home/airflow/.local/lib/python3.7/site-packages/airflow/example_dags/example_time_delta_sensor_async.py
[2022-12-07T23:51:29.514+0000] {processor.py:756} INFO - Processing file /home/airflow/.local/lib/python3.7/site-packages/airflow/example_dags/example_time_delta_sensor_async.py for tasks to queue
[2022-12-07T23:51:29.515+0000] {logging_mixin.py:137} INFO - [2022-12-07T23:51:29.515+0000] {dagbag.py:537} INFO - Filling up the DagBag from /home/airflow/.local/lib/python3.7/site-packages/airflow/example_dags/example_time_delta_sensor_async.py
[2022-12-07T23:51:29.536+0000] {processor.py:766} INFO - DAG(s) dict_keys(['example_time_delta_sensor_async']) retrieved from /home/airflow/.local/lib/python3.7/site-packages/airflow/example_dags/example_time_delta_sensor_async.py
[2022-12-07T23:51:30.003+0000] {logging_mixin.py:137} INFO - [2022-12-07T23:51:30.003+0000] {dag.py:2585} INFO - Sync 1 DAGs
[2022-12-07T23:51:30.077+0000] {logging_mixin.py:137} INFO - [2022-12-07T23:51:30.077+0000] {dag.py:3340} INFO - Setting next_dagrun for example_time_delta_sensor_async to None, run_after=None
[2022-12-07T23:51:30.111+0000] {processor.py:176} INFO - Processing /home/airflow/.local/lib/python3.7/site-packages/airflow/example_dags/example_time_delta_sensor_async.py took 0.602 seconds
[2022-12-07T23:52:00.223+0000] {processor.py:154} INFO - Started process (PID=874) to work on /home/airflow/.local/lib/python3.7/site-packages/airflow/example_dags/example_time_delta_sensor_async.py
[2022-12-07T23:52:00.225+0000] {processor.py:756} INFO - Processing file /home/airflow/.local/lib/python3.7/site-packages/airflow/example_dags/example_time_delta_sensor_async.py for tasks to queue
[2022-12-07T23:52:00.227+0000] {logging_mixin.py:137} INFO - [2022-12-07T23:52:00.227+0000] {dagbag.py:537} INFO - Filling up the DagBag from /home/airflow/.local/lib/python3.7/site-packages/airflow/example_dags/example_time_delta_sensor_async.py
[2022-12-07T23:52:00.276+0000] {processor.py:766} INFO - DAG(s) dict_keys(['example_time_delta_sensor_async']) retrieved from /home/airflow/.local/lib/python3.7/site-packages/airflow/example_dags/example_time_delta_sensor_async.py
[2022-12-07T23:52:00.795+0000] {logging_mixin.py:137} INFO - [2022-12-07T23:52:00.794+0000] {dag.py:2585} INFO - Sync 1 DAGs
[2022-12-07T23:52:00.841+0000] {logging_mixin.py:137} INFO - [2022-12-07T23:52:00.841+0000] {dag.py:3340} INFO - Setting next_dagrun for example_time_delta_sensor_async to None, run_after=None
[2022-12-07T23:52:00.876+0000] {processor.py:176} INFO - Processing /home/airflow/.local/lib/python3.7/site-packages/airflow/example_dags/example_time_delta_sensor_async.py took 0.659 seconds
[2022-12-07T23:52:30.921+0000] {processor.py:154} INFO - Started process (PID=930) to work on /home/airflow/.local/lib/python3.7/site-packages/airflow/example_dags/example_time_delta_sensor_async.py
[2022-12-07T23:52:30.923+0000] {processor.py:756} INFO - Processing file /home/airflow/.local/lib/python3.7/site-packages/airflow/example_dags/example_time_delta_sensor_async.py for tasks to queue
[2022-12-07T23:52:30.924+0000] {logging_mixin.py:137} INFO - [2022-12-07T23:52:30.924+0000] {dagbag.py:537} INFO - Filling up the DagBag from /home/airflow/.local/lib/python3.7/site-packages/airflow/example_dags/example_time_delta_sensor_async.py
[2022-12-07T23:52:30.946+0000] {processor.py:766} INFO - DAG(s) dict_keys(['example_time_delta_sensor_async']) retrieved from /home/airflow/.local/lib/python3.7/site-packages/airflow/example_dags/example_time_delta_sensor_async.py
[2022-12-07T23:52:31.324+0000] {logging_mixin.py:137} INFO - [2022-12-07T23:52:31.324+0000] {dag.py:2585} INFO - Sync 1 DAGs
[2022-12-07T23:52:31.371+0000] {logging_mixin.py:137} INFO - [2022-12-07T23:52:31.371+0000] {dag.py:3340} INFO - Setting next_dagrun for example_time_delta_sensor_async to None, run_after=None
[2022-12-07T23:52:31.413+0000] {processor.py:176} INFO - Processing /home/airflow/.local/lib/python3.7/site-packages/airflow/example_dags/example_time_delta_sensor_async.py took 0.496 seconds
[2022-12-07T23:53:02.003+0000] {processor.py:154} INFO - Started process (PID=999) to work on /home/airflow/.local/lib/python3.7/site-packages/airflow/example_dags/example_time_delta_sensor_async.py
[2022-12-07T23:53:02.005+0000] {processor.py:756} INFO - Processing file /home/airflow/.local/lib/python3.7/site-packages/airflow/example_dags/example_time_delta_sensor_async.py for tasks to queue
[2022-12-07T23:53:02.006+0000] {logging_mixin.py:137} INFO - [2022-12-07T23:53:02.006+0000] {dagbag.py:537} INFO - Filling up the DagBag from /home/airflow/.local/lib/python3.7/site-packages/airflow/example_dags/example_time_delta_sensor_async.py
[2022-12-07T23:53:02.026+0000] {processor.py:766} INFO - DAG(s) dict_keys(['example_time_delta_sensor_async']) retrieved from /home/airflow/.local/lib/python3.7/site-packages/airflow/example_dags/example_time_delta_sensor_async.py
[2022-12-07T23:53:02.367+0000] {logging_mixin.py:137} INFO - [2022-12-07T23:53:02.366+0000] {dag.py:2585} INFO - Sync 1 DAGs
[2022-12-07T23:53:02.418+0000] {logging_mixin.py:137} INFO - [2022-12-07T23:53:02.418+0000] {dag.py:3340} INFO - Setting next_dagrun for example_time_delta_sensor_async to None, run_after=None
[2022-12-07T23:53:02.455+0000] {processor.py:176} INFO - Processing /home/airflow/.local/lib/python3.7/site-packages/airflow/example_dags/example_time_delta_sensor_async.py took 0.455 seconds
[2022-12-07T23:53:32.673+0000] {processor.py:154} INFO - Started process (PID=1054) to work on /home/airflow/.local/lib/python3.7/site-packages/airflow/example_dags/example_time_delta_sensor_async.py
[2022-12-07T23:53:32.675+0000] {processor.py:756} INFO - Processing file /home/airflow/.local/lib/python3.7/site-packages/airflow/example_dags/example_time_delta_sensor_async.py for tasks to queue
[2022-12-07T23:53:32.677+0000] {logging_mixin.py:137} INFO - [2022-12-07T23:53:32.676+0000] {dagbag.py:537} INFO - Filling up the DagBag from /home/airflow/.local/lib/python3.7/site-packages/airflow/example_dags/example_time_delta_sensor_async.py
[2022-12-07T23:53:32.708+0000] {processor.py:766} INFO - DAG(s) dict_keys(['example_time_delta_sensor_async']) retrieved from /home/airflow/.local/lib/python3.7/site-packages/airflow/example_dags/example_time_delta_sensor_async.py
[2022-12-07T23:53:33.178+0000] {logging_mixin.py:137} INFO - [2022-12-07T23:53:33.178+0000] {dag.py:2585} INFO - Sync 1 DAGs
[2022-12-07T23:53:33.257+0000] {logging_mixin.py:137} INFO - [2022-12-07T23:53:33.256+0000] {dag.py:3340} INFO - Setting next_dagrun for example_time_delta_sensor_async to None, run_after=None
[2022-12-07T23:53:33.344+0000] {processor.py:176} INFO - Processing /home/airflow/.local/lib/python3.7/site-packages/airflow/example_dags/example_time_delta_sensor_async.py took 0.680 seconds
[2022-12-07T23:54:04.940+0000] {processor.py:154} INFO - Started process (PID=1124) to work on /home/airflow/.local/lib/python3.7/site-packages/airflow/example_dags/example_time_delta_sensor_async.py
[2022-12-07T23:54:04.943+0000] {processor.py:756} INFO - Processing file /home/airflow/.local/lib/python3.7/site-packages/airflow/example_dags/example_time_delta_sensor_async.py for tasks to queue
[2022-12-07T23:54:04.950+0000] {logging_mixin.py:137} INFO - [2022-12-07T23:54:04.949+0000] {dagbag.py:537} INFO - Filling up the DagBag from /home/airflow/.local/lib/python3.7/site-packages/airflow/example_dags/example_time_delta_sensor_async.py
[2022-12-07T23:54:05.001+0000] {processor.py:766} INFO - DAG(s) dict_keys(['example_time_delta_sensor_async']) retrieved from /home/airflow/.local/lib/python3.7/site-packages/airflow/example_dags/example_time_delta_sensor_async.py
[2022-12-07T23:54:05.816+0000] {logging_mixin.py:137} INFO - [2022-12-07T23:54:05.816+0000] {dag.py:2585} INFO - Sync 1 DAGs
[2022-12-07T23:54:05.900+0000] {logging_mixin.py:137} INFO - [2022-12-07T23:54:05.899+0000] {dag.py:3340} INFO - Setting next_dagrun for example_time_delta_sensor_async to None, run_after=None
[2022-12-07T23:54:05.956+0000] {processor.py:176} INFO - Processing /home/airflow/.local/lib/python3.7/site-packages/airflow/example_dags/example_time_delta_sensor_async.py took 1.024 seconds
[2022-12-07T23:54:36.271+0000] {processor.py:154} INFO - Started process (PID=1179) to work on /home/airflow/.local/lib/python3.7/site-packages/airflow/example_dags/example_time_delta_sensor_async.py
[2022-12-07T23:54:36.272+0000] {processor.py:756} INFO - Processing file /home/airflow/.local/lib/python3.7/site-packages/airflow/example_dags/example_time_delta_sensor_async.py for tasks to queue
[2022-12-07T23:54:36.273+0000] {logging_mixin.py:137} INFO - [2022-12-07T23:54:36.272+0000] {dagbag.py:537} INFO - Filling up the DagBag from /home/airflow/.local/lib/python3.7/site-packages/airflow/example_dags/example_time_delta_sensor_async.py
[2022-12-07T23:54:36.289+0000] {processor.py:766} INFO - DAG(s) dict_keys(['example_time_delta_sensor_async']) retrieved from /home/airflow/.local/lib/python3.7/site-packages/airflow/example_dags/example_time_delta_sensor_async.py
[2022-12-07T23:54:36.564+0000] {logging_mixin.py:137} INFO - [2022-12-07T23:54:36.563+0000] {dag.py:2585} INFO - Sync 1 DAGs
[2022-12-07T23:54:36.604+0000] {logging_mixin.py:137} INFO - [2022-12-07T23:54:36.604+0000] {dag.py:3340} INFO - Setting next_dagrun for example_time_delta_sensor_async to None, run_after=None
[2022-12-07T23:54:36.634+0000] {processor.py:176} INFO - Processing /home/airflow/.local/lib/python3.7/site-packages/airflow/example_dags/example_time_delta_sensor_async.py took 0.367 seconds
