[2022-12-07T22:25:14.056+0000] {processor.py:154} INFO - Started process (PID=76) to work on /home/airflow/.local/lib/python3.7/site-packages/airflow/example_dags/example_python_operator.py
[2022-12-07T22:25:14.058+0000] {processor.py:756} INFO - Processing file /home/airflow/.local/lib/python3.7/site-packages/airflow/example_dags/example_python_operator.py for tasks to queue
[2022-12-07T22:25:14.060+0000] {logging_mixin.py:137} INFO - [2022-12-07T22:25:14.060+0000] {dagbag.py:537} INFO - Filling up the DagBag from /home/airflow/.local/lib/python3.7/site-packages/airflow/example_dags/example_python_operator.py
[2022-12-07T22:25:14.115+0000] {logging_mixin.py:137} INFO - [2022-12-07T22:25:14.114+0000] {taskmixin.py:205} WARNING - Dependency <Task(_PythonDecoratedOperator): print_the_context>, log_sql_query already registered for DAG: example_python_operator
[2022-12-07T22:25:14.119+0000] {logging_mixin.py:137} INFO - [2022-12-07T22:25:14.119+0000] {taskmixin.py:205} WARNING - Dependency <Task(_PythonDecoratedOperator): log_sql_query>, print_the_context already registered for DAG: example_python_operator
[2022-12-07T22:25:14.121+0000] {logging_mixin.py:137} INFO - [2022-12-07T22:25:14.121+0000] {taskmixin.py:205} WARNING - Dependency <Task(_PythonDecoratedOperator): print_the_context>, log_sql_query already registered for DAG: example_python_operator
[2022-12-07T22:25:14.122+0000] {logging_mixin.py:137} INFO - [2022-12-07T22:25:14.122+0000] {taskmixin.py:205} WARNING - Dependency <Task(_PythonDecoratedOperator): log_sql_query>, print_the_context already registered for DAG: example_python_operator
[2022-12-07T22:25:14.124+0000] {logging_mixin.py:137} INFO - [2022-12-07T22:25:14.124+0000] {taskmixin.py:205} WARNING - Dependency <Task(_PythonDecoratedOperator): print_the_context>, log_sql_query already registered for DAG: example_python_operator
[2022-12-07T22:25:14.125+0000] {logging_mixin.py:137} INFO - [2022-12-07T22:25:14.124+0000] {taskmixin.py:205} WARNING - Dependency <Task(_PythonDecoratedOperator): log_sql_query>, print_the_context already registered for DAG: example_python_operator
[2022-12-07T22:25:14.127+0000] {logging_mixin.py:137} INFO - [2022-12-07T22:25:14.127+0000] {taskmixin.py:205} WARNING - Dependency <Task(_PythonDecoratedOperator): print_the_context>, log_sql_query already registered for DAG: example_python_operator
[2022-12-07T22:25:14.128+0000] {logging_mixin.py:137} INFO - [2022-12-07T22:25:14.128+0000] {taskmixin.py:205} WARNING - Dependency <Task(_PythonDecoratedOperator): log_sql_query>, print_the_context already registered for DAG: example_python_operator
[2022-12-07T22:25:14.148+0000] {processor.py:766} INFO - DAG(s) dict_keys(['example_python_operator']) retrieved from /home/airflow/.local/lib/python3.7/site-packages/airflow/example_dags/example_python_operator.py
[2022-12-07T22:25:14.255+0000] {logging_mixin.py:137} INFO - [2022-12-07T22:25:14.255+0000] {dag.py:2585} INFO - Sync 1 DAGs
[2022-12-07T22:25:14.323+0000] {logging_mixin.py:137} INFO - [2022-12-07T22:25:14.322+0000] {dag.py:3340} INFO - Setting next_dagrun for example_python_operator to None, run_after=None
[2022-12-07T22:25:14.378+0000] {processor.py:176} INFO - Processing /home/airflow/.local/lib/python3.7/site-packages/airflow/example_dags/example_python_operator.py took 0.330 seconds
[2022-12-07T22:25:45.120+0000] {processor.py:154} INFO - Started process (PID=131) to work on /home/airflow/.local/lib/python3.7/site-packages/airflow/example_dags/example_python_operator.py
[2022-12-07T22:25:45.121+0000] {processor.py:756} INFO - Processing file /home/airflow/.local/lib/python3.7/site-packages/airflow/example_dags/example_python_operator.py for tasks to queue
[2022-12-07T22:25:45.122+0000] {logging_mixin.py:137} INFO - [2022-12-07T22:25:45.122+0000] {dagbag.py:537} INFO - Filling up the DagBag from /home/airflow/.local/lib/python3.7/site-packages/airflow/example_dags/example_python_operator.py
[2022-12-07T22:25:45.141+0000] {logging_mixin.py:137} INFO - [2022-12-07T22:25:45.141+0000] {taskmixin.py:205} WARNING - Dependency <Task(_PythonDecoratedOperator): print_the_context>, log_sql_query already registered for DAG: example_python_operator
[2022-12-07T22:25:45.141+0000] {logging_mixin.py:137} INFO - [2022-12-07T22:25:45.141+0000] {taskmixin.py:205} WARNING - Dependency <Task(_PythonDecoratedOperator): log_sql_query>, print_the_context already registered for DAG: example_python_operator
[2022-12-07T22:25:45.142+0000] {logging_mixin.py:137} INFO - [2022-12-07T22:25:45.142+0000] {taskmixin.py:205} WARNING - Dependency <Task(_PythonDecoratedOperator): print_the_context>, log_sql_query already registered for DAG: example_python_operator
[2022-12-07T22:25:45.143+0000] {logging_mixin.py:137} INFO - [2022-12-07T22:25:45.143+0000] {taskmixin.py:205} WARNING - Dependency <Task(_PythonDecoratedOperator): log_sql_query>, print_the_context already registered for DAG: example_python_operator
[2022-12-07T22:25:45.144+0000] {logging_mixin.py:137} INFO - [2022-12-07T22:25:45.144+0000] {taskmixin.py:205} WARNING - Dependency <Task(_PythonDecoratedOperator): print_the_context>, log_sql_query already registered for DAG: example_python_operator
[2022-12-07T22:25:45.144+0000] {logging_mixin.py:137} INFO - [2022-12-07T22:25:45.144+0000] {taskmixin.py:205} WARNING - Dependency <Task(_PythonDecoratedOperator): log_sql_query>, print_the_context already registered for DAG: example_python_operator
[2022-12-07T22:25:45.145+0000] {logging_mixin.py:137} INFO - [2022-12-07T22:25:45.145+0000] {taskmixin.py:205} WARNING - Dependency <Task(_PythonDecoratedOperator): print_the_context>, log_sql_query already registered for DAG: example_python_operator
[2022-12-07T22:25:45.146+0000] {logging_mixin.py:137} INFO - [2022-12-07T22:25:45.146+0000] {taskmixin.py:205} WARNING - Dependency <Task(_PythonDecoratedOperator): log_sql_query>, print_the_context already registered for DAG: example_python_operator
[2022-12-07T22:25:45.156+0000] {processor.py:766} INFO - DAG(s) dict_keys(['example_python_operator']) retrieved from /home/airflow/.local/lib/python3.7/site-packages/airflow/example_dags/example_python_operator.py
[2022-12-07T22:25:45.204+0000] {logging_mixin.py:137} INFO - [2022-12-07T22:25:45.204+0000] {dag.py:2585} INFO - Sync 1 DAGs
[2022-12-07T22:25:45.235+0000] {logging_mixin.py:137} INFO - [2022-12-07T22:25:45.235+0000] {dag.py:3340} INFO - Setting next_dagrun for example_python_operator to None, run_after=None
[2022-12-07T22:25:45.259+0000] {processor.py:176} INFO - Processing /home/airflow/.local/lib/python3.7/site-packages/airflow/example_dags/example_python_operator.py took 0.143 seconds
[2022-12-07T22:26:15.650+0000] {processor.py:154} INFO - Started process (PID=187) to work on /home/airflow/.local/lib/python3.7/site-packages/airflow/example_dags/example_python_operator.py
[2022-12-07T22:26:15.651+0000] {processor.py:756} INFO - Processing file /home/airflow/.local/lib/python3.7/site-packages/airflow/example_dags/example_python_operator.py for tasks to queue
[2022-12-07T22:26:15.652+0000] {logging_mixin.py:137} INFO - [2022-12-07T22:26:15.652+0000] {dagbag.py:537} INFO - Filling up the DagBag from /home/airflow/.local/lib/python3.7/site-packages/airflow/example_dags/example_python_operator.py
[2022-12-07T22:26:15.671+0000] {logging_mixin.py:137} INFO - [2022-12-07T22:26:15.671+0000] {taskmixin.py:205} WARNING - Dependency <Task(_PythonDecoratedOperator): print_the_context>, log_sql_query already registered for DAG: example_python_operator
[2022-12-07T22:26:15.671+0000] {logging_mixin.py:137} INFO - [2022-12-07T22:26:15.671+0000] {taskmixin.py:205} WARNING - Dependency <Task(_PythonDecoratedOperator): log_sql_query>, print_the_context already registered for DAG: example_python_operator
[2022-12-07T22:26:15.673+0000] {logging_mixin.py:137} INFO - [2022-12-07T22:26:15.672+0000] {taskmixin.py:205} WARNING - Dependency <Task(_PythonDecoratedOperator): print_the_context>, log_sql_query already registered for DAG: example_python_operator
[2022-12-07T22:26:15.673+0000] {logging_mixin.py:137} INFO - [2022-12-07T22:26:15.673+0000] {taskmixin.py:205} WARNING - Dependency <Task(_PythonDecoratedOperator): log_sql_query>, print_the_context already registered for DAG: example_python_operator
[2022-12-07T22:26:15.675+0000] {logging_mixin.py:137} INFO - [2022-12-07T22:26:15.675+0000] {taskmixin.py:205} WARNING - Dependency <Task(_PythonDecoratedOperator): print_the_context>, log_sql_query already registered for DAG: example_python_operator
[2022-12-07T22:26:15.676+0000] {logging_mixin.py:137} INFO - [2022-12-07T22:26:15.676+0000] {taskmixin.py:205} WARNING - Dependency <Task(_PythonDecoratedOperator): log_sql_query>, print_the_context already registered for DAG: example_python_operator
[2022-12-07T22:26:15.677+0000] {logging_mixin.py:137} INFO - [2022-12-07T22:26:15.677+0000] {taskmixin.py:205} WARNING - Dependency <Task(_PythonDecoratedOperator): print_the_context>, log_sql_query already registered for DAG: example_python_operator
[2022-12-07T22:26:15.678+0000] {logging_mixin.py:137} INFO - [2022-12-07T22:26:15.678+0000] {taskmixin.py:205} WARNING - Dependency <Task(_PythonDecoratedOperator): log_sql_query>, print_the_context already registered for DAG: example_python_operator
[2022-12-07T22:26:15.686+0000] {processor.py:766} INFO - DAG(s) dict_keys(['example_python_operator']) retrieved from /home/airflow/.local/lib/python3.7/site-packages/airflow/example_dags/example_python_operator.py
[2022-12-07T22:26:15.733+0000] {logging_mixin.py:137} INFO - [2022-12-07T22:26:15.733+0000] {dag.py:2585} INFO - Sync 1 DAGs
[2022-12-07T22:26:15.765+0000] {logging_mixin.py:137} INFO - [2022-12-07T22:26:15.764+0000] {dag.py:3340} INFO - Setting next_dagrun for example_python_operator to None, run_after=None
[2022-12-07T22:26:15.790+0000] {processor.py:176} INFO - Processing /home/airflow/.local/lib/python3.7/site-packages/airflow/example_dags/example_python_operator.py took 0.143 seconds
[2022-12-07T22:26:46.158+0000] {processor.py:154} INFO - Started process (PID=251) to work on /home/airflow/.local/lib/python3.7/site-packages/airflow/example_dags/example_python_operator.py
[2022-12-07T22:26:46.159+0000] {processor.py:756} INFO - Processing file /home/airflow/.local/lib/python3.7/site-packages/airflow/example_dags/example_python_operator.py for tasks to queue
[2022-12-07T22:26:46.160+0000] {logging_mixin.py:137} INFO - [2022-12-07T22:26:46.160+0000] {dagbag.py:537} INFO - Filling up the DagBag from /home/airflow/.local/lib/python3.7/site-packages/airflow/example_dags/example_python_operator.py
[2022-12-07T22:26:46.184+0000] {logging_mixin.py:137} INFO - [2022-12-07T22:26:46.184+0000] {taskmixin.py:205} WARNING - Dependency <Task(_PythonDecoratedOperator): print_the_context>, log_sql_query already registered for DAG: example_python_operator
[2022-12-07T22:26:46.185+0000] {logging_mixin.py:137} INFO - [2022-12-07T22:26:46.184+0000] {taskmixin.py:205} WARNING - Dependency <Task(_PythonDecoratedOperator): log_sql_query>, print_the_context already registered for DAG: example_python_operator
[2022-12-07T22:26:46.186+0000] {logging_mixin.py:137} INFO - [2022-12-07T22:26:46.186+0000] {taskmixin.py:205} WARNING - Dependency <Task(_PythonDecoratedOperator): print_the_context>, log_sql_query already registered for DAG: example_python_operator
[2022-12-07T22:26:46.186+0000] {logging_mixin.py:137} INFO - [2022-12-07T22:26:46.186+0000] {taskmixin.py:205} WARNING - Dependency <Task(_PythonDecoratedOperator): log_sql_query>, print_the_context already registered for DAG: example_python_operator
[2022-12-07T22:26:46.188+0000] {logging_mixin.py:137} INFO - [2022-12-07T22:26:46.187+0000] {taskmixin.py:205} WARNING - Dependency <Task(_PythonDecoratedOperator): print_the_context>, log_sql_query already registered for DAG: example_python_operator
[2022-12-07T22:26:46.188+0000] {logging_mixin.py:137} INFO - [2022-12-07T22:26:46.188+0000] {taskmixin.py:205} WARNING - Dependency <Task(_PythonDecoratedOperator): log_sql_query>, print_the_context already registered for DAG: example_python_operator
[2022-12-07T22:26:46.189+0000] {logging_mixin.py:137} INFO - [2022-12-07T22:26:46.189+0000] {taskmixin.py:205} WARNING - Dependency <Task(_PythonDecoratedOperator): print_the_context>, log_sql_query already registered for DAG: example_python_operator
[2022-12-07T22:26:46.190+0000] {logging_mixin.py:137} INFO - [2022-12-07T22:26:46.190+0000] {taskmixin.py:205} WARNING - Dependency <Task(_PythonDecoratedOperator): log_sql_query>, print_the_context already registered for DAG: example_python_operator
[2022-12-07T22:26:46.200+0000] {processor.py:766} INFO - DAG(s) dict_keys(['example_python_operator']) retrieved from /home/airflow/.local/lib/python3.7/site-packages/airflow/example_dags/example_python_operator.py
[2022-12-07T22:26:46.256+0000] {logging_mixin.py:137} INFO - [2022-12-07T22:26:46.256+0000] {dag.py:2585} INFO - Sync 1 DAGs
[2022-12-07T22:26:46.291+0000] {logging_mixin.py:137} INFO - [2022-12-07T22:26:46.291+0000] {dag.py:3340} INFO - Setting next_dagrun for example_python_operator to None, run_after=None
[2022-12-07T22:26:46.317+0000] {processor.py:176} INFO - Processing /home/airflow/.local/lib/python3.7/site-packages/airflow/example_dags/example_python_operator.py took 0.162 seconds
[2022-12-07T22:27:16.397+0000] {processor.py:154} INFO - Started process (PID=306) to work on /home/airflow/.local/lib/python3.7/site-packages/airflow/example_dags/example_python_operator.py
[2022-12-07T22:27:16.398+0000] {processor.py:756} INFO - Processing file /home/airflow/.local/lib/python3.7/site-packages/airflow/example_dags/example_python_operator.py for tasks to queue
[2022-12-07T22:27:16.400+0000] {logging_mixin.py:137} INFO - [2022-12-07T22:27:16.399+0000] {dagbag.py:537} INFO - Filling up the DagBag from /home/airflow/.local/lib/python3.7/site-packages/airflow/example_dags/example_python_operator.py
[2022-12-07T22:27:16.419+0000] {logging_mixin.py:137} INFO - [2022-12-07T22:27:16.419+0000] {taskmixin.py:205} WARNING - Dependency <Task(_PythonDecoratedOperator): print_the_context>, log_sql_query already registered for DAG: example_python_operator
[2022-12-07T22:27:16.420+0000] {logging_mixin.py:137} INFO - [2022-12-07T22:27:16.419+0000] {taskmixin.py:205} WARNING - Dependency <Task(_PythonDecoratedOperator): log_sql_query>, print_the_context already registered for DAG: example_python_operator
[2022-12-07T22:27:16.421+0000] {logging_mixin.py:137} INFO - [2022-12-07T22:27:16.421+0000] {taskmixin.py:205} WARNING - Dependency <Task(_PythonDecoratedOperator): print_the_context>, log_sql_query already registered for DAG: example_python_operator
[2022-12-07T22:27:16.421+0000] {logging_mixin.py:137} INFO - [2022-12-07T22:27:16.421+0000] {taskmixin.py:205} WARNING - Dependency <Task(_PythonDecoratedOperator): log_sql_query>, print_the_context already registered for DAG: example_python_operator
[2022-12-07T22:27:16.422+0000] {logging_mixin.py:137} INFO - [2022-12-07T22:27:16.422+0000] {taskmixin.py:205} WARNING - Dependency <Task(_PythonDecoratedOperator): print_the_context>, log_sql_query already registered for DAG: example_python_operator
[2022-12-07T22:27:16.423+0000] {logging_mixin.py:137} INFO - [2022-12-07T22:27:16.423+0000] {taskmixin.py:205} WARNING - Dependency <Task(_PythonDecoratedOperator): log_sql_query>, print_the_context already registered for DAG: example_python_operator
[2022-12-07T22:27:16.424+0000] {logging_mixin.py:137} INFO - [2022-12-07T22:27:16.423+0000] {taskmixin.py:205} WARNING - Dependency <Task(_PythonDecoratedOperator): print_the_context>, log_sql_query already registered for DAG: example_python_operator
[2022-12-07T22:27:16.424+0000] {logging_mixin.py:137} INFO - [2022-12-07T22:27:16.424+0000] {taskmixin.py:205} WARNING - Dependency <Task(_PythonDecoratedOperator): log_sql_query>, print_the_context already registered for DAG: example_python_operator
[2022-12-07T22:27:16.432+0000] {processor.py:766} INFO - DAG(s) dict_keys(['example_python_operator']) retrieved from /home/airflow/.local/lib/python3.7/site-packages/airflow/example_dags/example_python_operator.py
[2022-12-07T22:27:16.478+0000] {logging_mixin.py:137} INFO - [2022-12-07T22:27:16.478+0000] {dag.py:2585} INFO - Sync 1 DAGs
[2022-12-07T22:27:16.508+0000] {logging_mixin.py:137} INFO - [2022-12-07T22:27:16.508+0000] {dag.py:3340} INFO - Setting next_dagrun for example_python_operator to None, run_after=None
[2022-12-07T22:27:16.532+0000] {processor.py:176} INFO - Processing /home/airflow/.local/lib/python3.7/site-packages/airflow/example_dags/example_python_operator.py took 0.139 seconds
[2022-12-07T22:27:47.662+0000] {processor.py:154} INFO - Started process (PID=371) to work on /home/airflow/.local/lib/python3.7/site-packages/airflow/example_dags/example_python_operator.py
[2022-12-07T22:27:47.663+0000] {processor.py:756} INFO - Processing file /home/airflow/.local/lib/python3.7/site-packages/airflow/example_dags/example_python_operator.py for tasks to queue
[2022-12-07T22:27:47.665+0000] {logging_mixin.py:137} INFO - [2022-12-07T22:27:47.665+0000] {dagbag.py:537} INFO - Filling up the DagBag from /home/airflow/.local/lib/python3.7/site-packages/airflow/example_dags/example_python_operator.py
[2022-12-07T22:27:47.708+0000] {logging_mixin.py:137} INFO - [2022-12-07T22:27:47.707+0000] {taskmixin.py:205} WARNING - Dependency <Task(_PythonDecoratedOperator): print_the_context>, log_sql_query already registered for DAG: example_python_operator
[2022-12-07T22:27:47.711+0000] {logging_mixin.py:137} INFO - [2022-12-07T22:27:47.711+0000] {taskmixin.py:205} WARNING - Dependency <Task(_PythonDecoratedOperator): log_sql_query>, print_the_context already registered for DAG: example_python_operator
[2022-12-07T22:27:47.714+0000] {logging_mixin.py:137} INFO - [2022-12-07T22:27:47.713+0000] {taskmixin.py:205} WARNING - Dependency <Task(_PythonDecoratedOperator): print_the_context>, log_sql_query already registered for DAG: example_python_operator
[2022-12-07T22:27:47.714+0000] {logging_mixin.py:137} INFO - [2022-12-07T22:27:47.714+0000] {taskmixin.py:205} WARNING - Dependency <Task(_PythonDecoratedOperator): log_sql_query>, print_the_context already registered for DAG: example_python_operator
[2022-12-07T22:27:47.716+0000] {logging_mixin.py:137} INFO - [2022-12-07T22:27:47.716+0000] {taskmixin.py:205} WARNING - Dependency <Task(_PythonDecoratedOperator): print_the_context>, log_sql_query already registered for DAG: example_python_operator
[2022-12-07T22:27:47.717+0000] {logging_mixin.py:137} INFO - [2022-12-07T22:27:47.717+0000] {taskmixin.py:205} WARNING - Dependency <Task(_PythonDecoratedOperator): log_sql_query>, print_the_context already registered for DAG: example_python_operator
[2022-12-07T22:27:47.720+0000] {logging_mixin.py:137} INFO - [2022-12-07T22:27:47.719+0000] {taskmixin.py:205} WARNING - Dependency <Task(_PythonDecoratedOperator): print_the_context>, log_sql_query already registered for DAG: example_python_operator
[2022-12-07T22:27:47.721+0000] {logging_mixin.py:137} INFO - [2022-12-07T22:27:47.721+0000] {taskmixin.py:205} WARNING - Dependency <Task(_PythonDecoratedOperator): log_sql_query>, print_the_context already registered for DAG: example_python_operator
[2022-12-07T22:27:47.733+0000] {processor.py:766} INFO - DAG(s) dict_keys(['example_python_operator']) retrieved from /home/airflow/.local/lib/python3.7/site-packages/airflow/example_dags/example_python_operator.py
[2022-12-07T22:27:47.790+0000] {logging_mixin.py:137} INFO - [2022-12-07T22:27:47.789+0000] {dag.py:2585} INFO - Sync 1 DAGs
[2022-12-07T22:27:47.830+0000] {logging_mixin.py:137} INFO - [2022-12-07T22:27:47.830+0000] {dag.py:3340} INFO - Setting next_dagrun for example_python_operator to None, run_after=None
[2022-12-07T22:27:47.868+0000] {processor.py:176} INFO - Processing /home/airflow/.local/lib/python3.7/site-packages/airflow/example_dags/example_python_operator.py took 0.210 seconds
[2022-12-07T22:28:18.043+0000] {processor.py:154} INFO - Started process (PID=426) to work on /home/airflow/.local/lib/python3.7/site-packages/airflow/example_dags/example_python_operator.py
[2022-12-07T22:28:18.044+0000] {processor.py:756} INFO - Processing file /home/airflow/.local/lib/python3.7/site-packages/airflow/example_dags/example_python_operator.py for tasks to queue
[2022-12-07T22:28:18.045+0000] {logging_mixin.py:137} INFO - [2022-12-07T22:28:18.045+0000] {dagbag.py:537} INFO - Filling up the DagBag from /home/airflow/.local/lib/python3.7/site-packages/airflow/example_dags/example_python_operator.py
[2022-12-07T22:28:18.067+0000] {logging_mixin.py:137} INFO - [2022-12-07T22:28:18.067+0000] {taskmixin.py:205} WARNING - Dependency <Task(_PythonDecoratedOperator): print_the_context>, log_sql_query already registered for DAG: example_python_operator
[2022-12-07T22:28:18.068+0000] {logging_mixin.py:137} INFO - [2022-12-07T22:28:18.067+0000] {taskmixin.py:205} WARNING - Dependency <Task(_PythonDecoratedOperator): log_sql_query>, print_the_context already registered for DAG: example_python_operator
[2022-12-07T22:28:18.069+0000] {logging_mixin.py:137} INFO - [2022-12-07T22:28:18.069+0000] {taskmixin.py:205} WARNING - Dependency <Task(_PythonDecoratedOperator): print_the_context>, log_sql_query already registered for DAG: example_python_operator
[2022-12-07T22:28:18.069+0000] {logging_mixin.py:137} INFO - [2022-12-07T22:28:18.069+0000] {taskmixin.py:205} WARNING - Dependency <Task(_PythonDecoratedOperator): log_sql_query>, print_the_context already registered for DAG: example_python_operator
[2022-12-07T22:28:18.071+0000] {logging_mixin.py:137} INFO - [2022-12-07T22:28:18.070+0000] {taskmixin.py:205} WARNING - Dependency <Task(_PythonDecoratedOperator): print_the_context>, log_sql_query already registered for DAG: example_python_operator
[2022-12-07T22:28:18.071+0000] {logging_mixin.py:137} INFO - [2022-12-07T22:28:18.071+0000] {taskmixin.py:205} WARNING - Dependency <Task(_PythonDecoratedOperator): log_sql_query>, print_the_context already registered for DAG: example_python_operator
[2022-12-07T22:28:18.073+0000] {logging_mixin.py:137} INFO - [2022-12-07T22:28:18.072+0000] {taskmixin.py:205} WARNING - Dependency <Task(_PythonDecoratedOperator): print_the_context>, log_sql_query already registered for DAG: example_python_operator
[2022-12-07T22:28:18.073+0000] {logging_mixin.py:137} INFO - [2022-12-07T22:28:18.073+0000] {taskmixin.py:205} WARNING - Dependency <Task(_PythonDecoratedOperator): log_sql_query>, print_the_context already registered for DAG: example_python_operator
[2022-12-07T22:28:18.083+0000] {processor.py:766} INFO - DAG(s) dict_keys(['example_python_operator']) retrieved from /home/airflow/.local/lib/python3.7/site-packages/airflow/example_dags/example_python_operator.py
[2022-12-07T22:28:18.137+0000] {logging_mixin.py:137} INFO - [2022-12-07T22:28:18.137+0000] {dag.py:2585} INFO - Sync 1 DAGs
[2022-12-07T22:28:18.168+0000] {logging_mixin.py:137} INFO - [2022-12-07T22:28:18.168+0000] {dag.py:3340} INFO - Setting next_dagrun for example_python_operator to None, run_after=None
[2022-12-07T22:28:18.195+0000] {processor.py:176} INFO - Processing /home/airflow/.local/lib/python3.7/site-packages/airflow/example_dags/example_python_operator.py took 0.156 seconds
[2022-12-07T22:28:48.515+0000] {processor.py:154} INFO - Started process (PID=490) to work on /home/airflow/.local/lib/python3.7/site-packages/airflow/example_dags/example_python_operator.py
[2022-12-07T22:28:48.517+0000] {processor.py:756} INFO - Processing file /home/airflow/.local/lib/python3.7/site-packages/airflow/example_dags/example_python_operator.py for tasks to queue
[2022-12-07T22:28:48.518+0000] {logging_mixin.py:137} INFO - [2022-12-07T22:28:48.518+0000] {dagbag.py:537} INFO - Filling up the DagBag from /home/airflow/.local/lib/python3.7/site-packages/airflow/example_dags/example_python_operator.py
[2022-12-07T22:28:48.540+0000] {logging_mixin.py:137} INFO - [2022-12-07T22:28:48.540+0000] {taskmixin.py:205} WARNING - Dependency <Task(_PythonDecoratedOperator): print_the_context>, log_sql_query already registered for DAG: example_python_operator
[2022-12-07T22:28:48.541+0000] {logging_mixin.py:137} INFO - [2022-12-07T22:28:48.541+0000] {taskmixin.py:205} WARNING - Dependency <Task(_PythonDecoratedOperator): log_sql_query>, print_the_context already registered for DAG: example_python_operator
[2022-12-07T22:28:48.542+0000] {logging_mixin.py:137} INFO - [2022-12-07T22:28:48.542+0000] {taskmixin.py:205} WARNING - Dependency <Task(_PythonDecoratedOperator): print_the_context>, log_sql_query already registered for DAG: example_python_operator
[2022-12-07T22:28:48.543+0000] {logging_mixin.py:137} INFO - [2022-12-07T22:28:48.543+0000] {taskmixin.py:205} WARNING - Dependency <Task(_PythonDecoratedOperator): log_sql_query>, print_the_context already registered for DAG: example_python_operator
[2022-12-07T22:28:48.544+0000] {logging_mixin.py:137} INFO - [2022-12-07T22:28:48.544+0000] {taskmixin.py:205} WARNING - Dependency <Task(_PythonDecoratedOperator): print_the_context>, log_sql_query already registered for DAG: example_python_operator
[2022-12-07T22:28:48.545+0000] {logging_mixin.py:137} INFO - [2022-12-07T22:28:48.545+0000] {taskmixin.py:205} WARNING - Dependency <Task(_PythonDecoratedOperator): log_sql_query>, print_the_context already registered for DAG: example_python_operator
[2022-12-07T22:28:48.547+0000] {logging_mixin.py:137} INFO - [2022-12-07T22:28:48.546+0000] {taskmixin.py:205} WARNING - Dependency <Task(_PythonDecoratedOperator): print_the_context>, log_sql_query already registered for DAG: example_python_operator
[2022-12-07T22:28:48.547+0000] {logging_mixin.py:137} INFO - [2022-12-07T22:28:48.547+0000] {taskmixin.py:205} WARNING - Dependency <Task(_PythonDecoratedOperator): log_sql_query>, print_the_context already registered for DAG: example_python_operator
[2022-12-07T22:28:48.557+0000] {processor.py:766} INFO - DAG(s) dict_keys(['example_python_operator']) retrieved from /home/airflow/.local/lib/python3.7/site-packages/airflow/example_dags/example_python_operator.py
[2022-12-07T22:28:48.625+0000] {logging_mixin.py:137} INFO - [2022-12-07T22:28:48.625+0000] {dag.py:2585} INFO - Sync 1 DAGs
[2022-12-07T22:28:48.666+0000] {logging_mixin.py:137} INFO - [2022-12-07T22:28:48.666+0000] {dag.py:3340} INFO - Setting next_dagrun for example_python_operator to None, run_after=None
[2022-12-07T22:28:48.727+0000] {processor.py:176} INFO - Processing /home/airflow/.local/lib/python3.7/site-packages/airflow/example_dags/example_python_operator.py took 0.217 seconds
[2022-12-07T22:29:18.989+0000] {processor.py:154} INFO - Started process (PID=545) to work on /home/airflow/.local/lib/python3.7/site-packages/airflow/example_dags/example_python_operator.py
[2022-12-07T22:29:18.990+0000] {processor.py:756} INFO - Processing file /home/airflow/.local/lib/python3.7/site-packages/airflow/example_dags/example_python_operator.py for tasks to queue
[2022-12-07T22:29:18.992+0000] {logging_mixin.py:137} INFO - [2022-12-07T22:29:18.991+0000] {dagbag.py:537} INFO - Filling up the DagBag from /home/airflow/.local/lib/python3.7/site-packages/airflow/example_dags/example_python_operator.py
[2022-12-07T22:29:19.028+0000] {logging_mixin.py:137} INFO - [2022-12-07T22:29:19.028+0000] {taskmixin.py:205} WARNING - Dependency <Task(_PythonDecoratedOperator): print_the_context>, log_sql_query already registered for DAG: example_python_operator
[2022-12-07T22:29:19.029+0000] {logging_mixin.py:137} INFO - [2022-12-07T22:29:19.029+0000] {taskmixin.py:205} WARNING - Dependency <Task(_PythonDecoratedOperator): log_sql_query>, print_the_context already registered for DAG: example_python_operator
[2022-12-07T22:29:19.031+0000] {logging_mixin.py:137} INFO - [2022-12-07T22:29:19.030+0000] {taskmixin.py:205} WARNING - Dependency <Task(_PythonDecoratedOperator): print_the_context>, log_sql_query already registered for DAG: example_python_operator
[2022-12-07T22:29:19.031+0000] {logging_mixin.py:137} INFO - [2022-12-07T22:29:19.031+0000] {taskmixin.py:205} WARNING - Dependency <Task(_PythonDecoratedOperator): log_sql_query>, print_the_context already registered for DAG: example_python_operator
[2022-12-07T22:29:19.033+0000] {logging_mixin.py:137} INFO - [2022-12-07T22:29:19.033+0000] {taskmixin.py:205} WARNING - Dependency <Task(_PythonDecoratedOperator): print_the_context>, log_sql_query already registered for DAG: example_python_operator
[2022-12-07T22:29:19.033+0000] {logging_mixin.py:137} INFO - [2022-12-07T22:29:19.033+0000] {taskmixin.py:205} WARNING - Dependency <Task(_PythonDecoratedOperator): log_sql_query>, print_the_context already registered for DAG: example_python_operator
[2022-12-07T22:29:19.035+0000] {logging_mixin.py:137} INFO - [2022-12-07T22:29:19.035+0000] {taskmixin.py:205} WARNING - Dependency <Task(_PythonDecoratedOperator): print_the_context>, log_sql_query already registered for DAG: example_python_operator
[2022-12-07T22:29:19.036+0000] {logging_mixin.py:137} INFO - [2022-12-07T22:29:19.036+0000] {taskmixin.py:205} WARNING - Dependency <Task(_PythonDecoratedOperator): log_sql_query>, print_the_context already registered for DAG: example_python_operator
[2022-12-07T22:29:19.046+0000] {processor.py:766} INFO - DAG(s) dict_keys(['example_python_operator']) retrieved from /home/airflow/.local/lib/python3.7/site-packages/airflow/example_dags/example_python_operator.py
[2022-12-07T22:29:19.102+0000] {logging_mixin.py:137} INFO - [2022-12-07T22:29:19.102+0000] {dag.py:2585} INFO - Sync 1 DAGs
[2022-12-07T22:29:19.141+0000] {logging_mixin.py:137} INFO - [2022-12-07T22:29:19.141+0000] {dag.py:3340} INFO - Setting next_dagrun for example_python_operator to None, run_after=None
[2022-12-07T22:29:19.172+0000] {processor.py:176} INFO - Processing /home/airflow/.local/lib/python3.7/site-packages/airflow/example_dags/example_python_operator.py took 0.188 seconds
[2022-12-07T22:29:49.653+0000] {processor.py:154} INFO - Started process (PID=609) to work on /home/airflow/.local/lib/python3.7/site-packages/airflow/example_dags/example_python_operator.py
[2022-12-07T22:29:49.654+0000] {processor.py:756} INFO - Processing file /home/airflow/.local/lib/python3.7/site-packages/airflow/example_dags/example_python_operator.py for tasks to queue
[2022-12-07T22:29:49.655+0000] {logging_mixin.py:137} INFO - [2022-12-07T22:29:49.655+0000] {dagbag.py:537} INFO - Filling up the DagBag from /home/airflow/.local/lib/python3.7/site-packages/airflow/example_dags/example_python_operator.py
[2022-12-07T22:29:49.674+0000] {logging_mixin.py:137} INFO - [2022-12-07T22:29:49.674+0000] {taskmixin.py:205} WARNING - Dependency <Task(_PythonDecoratedOperator): print_the_context>, log_sql_query already registered for DAG: example_python_operator
[2022-12-07T22:29:49.674+0000] {logging_mixin.py:137} INFO - [2022-12-07T22:29:49.674+0000] {taskmixin.py:205} WARNING - Dependency <Task(_PythonDecoratedOperator): log_sql_query>, print_the_context already registered for DAG: example_python_operator
[2022-12-07T22:29:49.676+0000] {logging_mixin.py:137} INFO - [2022-12-07T22:29:49.675+0000] {taskmixin.py:205} WARNING - Dependency <Task(_PythonDecoratedOperator): print_the_context>, log_sql_query already registered for DAG: example_python_operator
[2022-12-07T22:29:49.677+0000] {logging_mixin.py:137} INFO - [2022-12-07T22:29:49.676+0000] {taskmixin.py:205} WARNING - Dependency <Task(_PythonDecoratedOperator): log_sql_query>, print_the_context already registered for DAG: example_python_operator
[2022-12-07T22:29:49.678+0000] {logging_mixin.py:137} INFO - [2022-12-07T22:29:49.678+0000] {taskmixin.py:205} WARNING - Dependency <Task(_PythonDecoratedOperator): print_the_context>, log_sql_query already registered for DAG: example_python_operator
[2022-12-07T22:29:49.679+0000] {logging_mixin.py:137} INFO - [2022-12-07T22:29:49.679+0000] {taskmixin.py:205} WARNING - Dependency <Task(_PythonDecoratedOperator): log_sql_query>, print_the_context already registered for DAG: example_python_operator
[2022-12-07T22:29:49.681+0000] {logging_mixin.py:137} INFO - [2022-12-07T22:29:49.681+0000] {taskmixin.py:205} WARNING - Dependency <Task(_PythonDecoratedOperator): print_the_context>, log_sql_query already registered for DAG: example_python_operator
[2022-12-07T22:29:49.681+0000] {logging_mixin.py:137} INFO - [2022-12-07T22:29:49.681+0000] {taskmixin.py:205} WARNING - Dependency <Task(_PythonDecoratedOperator): log_sql_query>, print_the_context already registered for DAG: example_python_operator
[2022-12-07T22:29:49.691+0000] {processor.py:766} INFO - DAG(s) dict_keys(['example_python_operator']) retrieved from /home/airflow/.local/lib/python3.7/site-packages/airflow/example_dags/example_python_operator.py
[2022-12-07T22:29:49.769+0000] {logging_mixin.py:137} INFO - [2022-12-07T22:29:49.769+0000] {dag.py:2585} INFO - Sync 1 DAGs
[2022-12-07T22:29:49.809+0000] {logging_mixin.py:137} INFO - [2022-12-07T22:29:49.809+0000] {dag.py:3340} INFO - Setting next_dagrun for example_python_operator to None, run_after=None
[2022-12-07T22:29:49.851+0000] {processor.py:176} INFO - Processing /home/airflow/.local/lib/python3.7/site-packages/airflow/example_dags/example_python_operator.py took 0.201 seconds
[2022-12-07T22:30:20.121+0000] {processor.py:154} INFO - Started process (PID=664) to work on /home/airflow/.local/lib/python3.7/site-packages/airflow/example_dags/example_python_operator.py
[2022-12-07T22:30:20.122+0000] {processor.py:756} INFO - Processing file /home/airflow/.local/lib/python3.7/site-packages/airflow/example_dags/example_python_operator.py for tasks to queue
[2022-12-07T22:30:20.123+0000] {logging_mixin.py:137} INFO - [2022-12-07T22:30:20.123+0000] {dagbag.py:537} INFO - Filling up the DagBag from /home/airflow/.local/lib/python3.7/site-packages/airflow/example_dags/example_python_operator.py
[2022-12-07T22:30:20.152+0000] {logging_mixin.py:137} INFO - [2022-12-07T22:30:20.152+0000] {taskmixin.py:205} WARNING - Dependency <Task(_PythonDecoratedOperator): print_the_context>, log_sql_query already registered for DAG: example_python_operator
[2022-12-07T22:30:20.153+0000] {logging_mixin.py:137} INFO - [2022-12-07T22:30:20.153+0000] {taskmixin.py:205} WARNING - Dependency <Task(_PythonDecoratedOperator): log_sql_query>, print_the_context already registered for DAG: example_python_operator
[2022-12-07T22:30:20.155+0000] {logging_mixin.py:137} INFO - [2022-12-07T22:30:20.155+0000] {taskmixin.py:205} WARNING - Dependency <Task(_PythonDecoratedOperator): print_the_context>, log_sql_query already registered for DAG: example_python_operator
[2022-12-07T22:30:20.156+0000] {logging_mixin.py:137} INFO - [2022-12-07T22:30:20.155+0000] {taskmixin.py:205} WARNING - Dependency <Task(_PythonDecoratedOperator): log_sql_query>, print_the_context already registered for DAG: example_python_operator
[2022-12-07T22:30:20.158+0000] {logging_mixin.py:137} INFO - [2022-12-07T22:30:20.157+0000] {taskmixin.py:205} WARNING - Dependency <Task(_PythonDecoratedOperator): print_the_context>, log_sql_query already registered for DAG: example_python_operator
[2022-12-07T22:30:20.158+0000] {logging_mixin.py:137} INFO - [2022-12-07T22:30:20.158+0000] {taskmixin.py:205} WARNING - Dependency <Task(_PythonDecoratedOperator): log_sql_query>, print_the_context already registered for DAG: example_python_operator
[2022-12-07T22:30:20.160+0000] {logging_mixin.py:137} INFO - [2022-12-07T22:30:20.160+0000] {taskmixin.py:205} WARNING - Dependency <Task(_PythonDecoratedOperator): print_the_context>, log_sql_query already registered for DAG: example_python_operator
[2022-12-07T22:30:20.161+0000] {logging_mixin.py:137} INFO - [2022-12-07T22:30:20.161+0000] {taskmixin.py:205} WARNING - Dependency <Task(_PythonDecoratedOperator): log_sql_query>, print_the_context already registered for DAG: example_python_operator
[2022-12-07T22:30:20.173+0000] {processor.py:766} INFO - DAG(s) dict_keys(['example_python_operator']) retrieved from /home/airflow/.local/lib/python3.7/site-packages/airflow/example_dags/example_python_operator.py
[2022-12-07T22:30:20.234+0000] {logging_mixin.py:137} INFO - [2022-12-07T22:30:20.233+0000] {dag.py:2585} INFO - Sync 1 DAGs
[2022-12-07T22:30:20.283+0000] {logging_mixin.py:137} INFO - [2022-12-07T22:30:20.282+0000] {dag.py:3340} INFO - Setting next_dagrun for example_python_operator to None, run_after=None
[2022-12-07T22:30:20.310+0000] {processor.py:176} INFO - Processing /home/airflow/.local/lib/python3.7/site-packages/airflow/example_dags/example_python_operator.py took 0.194 seconds
[2022-12-07T22:30:50.471+0000] {processor.py:154} INFO - Started process (PID=728) to work on /home/airflow/.local/lib/python3.7/site-packages/airflow/example_dags/example_python_operator.py
[2022-12-07T22:30:50.472+0000] {processor.py:756} INFO - Processing file /home/airflow/.local/lib/python3.7/site-packages/airflow/example_dags/example_python_operator.py for tasks to queue
[2022-12-07T22:30:50.474+0000] {logging_mixin.py:137} INFO - [2022-12-07T22:30:50.473+0000] {dagbag.py:537} INFO - Filling up the DagBag from /home/airflow/.local/lib/python3.7/site-packages/airflow/example_dags/example_python_operator.py
[2022-12-07T22:30:50.500+0000] {logging_mixin.py:137} INFO - [2022-12-07T22:30:50.500+0000] {taskmixin.py:205} WARNING - Dependency <Task(_PythonDecoratedOperator): print_the_context>, log_sql_query already registered for DAG: example_python_operator
[2022-12-07T22:30:50.501+0000] {logging_mixin.py:137} INFO - [2022-12-07T22:30:50.501+0000] {taskmixin.py:205} WARNING - Dependency <Task(_PythonDecoratedOperator): log_sql_query>, print_the_context already registered for DAG: example_python_operator
[2022-12-07T22:30:50.502+0000] {logging_mixin.py:137} INFO - [2022-12-07T22:30:50.502+0000] {taskmixin.py:205} WARNING - Dependency <Task(_PythonDecoratedOperator): print_the_context>, log_sql_query already registered for DAG: example_python_operator
[2022-12-07T22:30:50.503+0000] {logging_mixin.py:137} INFO - [2022-12-07T22:30:50.502+0000] {taskmixin.py:205} WARNING - Dependency <Task(_PythonDecoratedOperator): log_sql_query>, print_the_context already registered for DAG: example_python_operator
[2022-12-07T22:30:50.504+0000] {logging_mixin.py:137} INFO - [2022-12-07T22:30:50.504+0000] {taskmixin.py:205} WARNING - Dependency <Task(_PythonDecoratedOperator): print_the_context>, log_sql_query already registered for DAG: example_python_operator
[2022-12-07T22:30:50.504+0000] {logging_mixin.py:137} INFO - [2022-12-07T22:30:50.504+0000] {taskmixin.py:205} WARNING - Dependency <Task(_PythonDecoratedOperator): log_sql_query>, print_the_context already registered for DAG: example_python_operator
[2022-12-07T22:30:50.505+0000] {logging_mixin.py:137} INFO - [2022-12-07T22:30:50.505+0000] {taskmixin.py:205} WARNING - Dependency <Task(_PythonDecoratedOperator): print_the_context>, log_sql_query already registered for DAG: example_python_operator
[2022-12-07T22:30:50.506+0000] {logging_mixin.py:137} INFO - [2022-12-07T22:30:50.506+0000] {taskmixin.py:205} WARNING - Dependency <Task(_PythonDecoratedOperator): log_sql_query>, print_the_context already registered for DAG: example_python_operator
[2022-12-07T22:30:50.515+0000] {processor.py:766} INFO - DAG(s) dict_keys(['example_python_operator']) retrieved from /home/airflow/.local/lib/python3.7/site-packages/airflow/example_dags/example_python_operator.py
[2022-12-07T22:30:50.568+0000] {logging_mixin.py:137} INFO - [2022-12-07T22:30:50.567+0000] {dag.py:2585} INFO - Sync 1 DAGs
[2022-12-07T22:30:50.599+0000] {logging_mixin.py:137} INFO - [2022-12-07T22:30:50.599+0000] {dag.py:3340} INFO - Setting next_dagrun for example_python_operator to None, run_after=None
[2022-12-07T22:30:50.632+0000] {processor.py:176} INFO - Processing /home/airflow/.local/lib/python3.7/site-packages/airflow/example_dags/example_python_operator.py took 0.165 seconds
[2022-12-07T22:31:21.571+0000] {processor.py:154} INFO - Started process (PID=791) to work on /home/airflow/.local/lib/python3.7/site-packages/airflow/example_dags/example_python_operator.py
[2022-12-07T22:31:21.573+0000] {processor.py:756} INFO - Processing file /home/airflow/.local/lib/python3.7/site-packages/airflow/example_dags/example_python_operator.py for tasks to queue
[2022-12-07T22:31:21.576+0000] {logging_mixin.py:137} INFO - [2022-12-07T22:31:21.575+0000] {dagbag.py:537} INFO - Filling up the DagBag from /home/airflow/.local/lib/python3.7/site-packages/airflow/example_dags/example_python_operator.py
[2022-12-07T22:31:21.637+0000] {logging_mixin.py:137} INFO - [2022-12-07T22:31:21.637+0000] {taskmixin.py:205} WARNING - Dependency <Task(_PythonDecoratedOperator): print_the_context>, log_sql_query already registered for DAG: example_python_operator
[2022-12-07T22:31:21.638+0000] {logging_mixin.py:137} INFO - [2022-12-07T22:31:21.638+0000] {taskmixin.py:205} WARNING - Dependency <Task(_PythonDecoratedOperator): log_sql_query>, print_the_context already registered for DAG: example_python_operator
[2022-12-07T22:31:21.641+0000] {logging_mixin.py:137} INFO - [2022-12-07T22:31:21.640+0000] {taskmixin.py:205} WARNING - Dependency <Task(_PythonDecoratedOperator): print_the_context>, log_sql_query already registered for DAG: example_python_operator
[2022-12-07T22:31:21.642+0000] {logging_mixin.py:137} INFO - [2022-12-07T22:31:21.642+0000] {taskmixin.py:205} WARNING - Dependency <Task(_PythonDecoratedOperator): log_sql_query>, print_the_context already registered for DAG: example_python_operator
[2022-12-07T22:31:21.645+0000] {logging_mixin.py:137} INFO - [2022-12-07T22:31:21.645+0000] {taskmixin.py:205} WARNING - Dependency <Task(_PythonDecoratedOperator): print_the_context>, log_sql_query already registered for DAG: example_python_operator
[2022-12-07T22:31:21.646+0000] {logging_mixin.py:137} INFO - [2022-12-07T22:31:21.646+0000] {taskmixin.py:205} WARNING - Dependency <Task(_PythonDecoratedOperator): log_sql_query>, print_the_context already registered for DAG: example_python_operator
[2022-12-07T22:31:21.650+0000] {logging_mixin.py:137} INFO - [2022-12-07T22:31:21.649+0000] {taskmixin.py:205} WARNING - Dependency <Task(_PythonDecoratedOperator): print_the_context>, log_sql_query already registered for DAG: example_python_operator
[2022-12-07T22:31:21.651+0000] {logging_mixin.py:137} INFO - [2022-12-07T22:31:21.651+0000] {taskmixin.py:205} WARNING - Dependency <Task(_PythonDecoratedOperator): log_sql_query>, print_the_context already registered for DAG: example_python_operator
[2022-12-07T22:31:21.669+0000] {processor.py:766} INFO - DAG(s) dict_keys(['example_python_operator']) retrieved from /home/airflow/.local/lib/python3.7/site-packages/airflow/example_dags/example_python_operator.py
[2022-12-07T22:31:21.764+0000] {logging_mixin.py:137} INFO - [2022-12-07T22:31:21.763+0000] {dag.py:2585} INFO - Sync 1 DAGs
[2022-12-07T22:31:21.821+0000] {logging_mixin.py:137} INFO - [2022-12-07T22:31:21.821+0000] {dag.py:3340} INFO - Setting next_dagrun for example_python_operator to None, run_after=None
[2022-12-07T22:31:21.859+0000] {processor.py:176} INFO - Processing /home/airflow/.local/lib/python3.7/site-packages/airflow/example_dags/example_python_operator.py took 0.294 seconds
[2022-12-07T22:31:51.943+0000] {processor.py:154} INFO - Started process (PID=848) to work on /home/airflow/.local/lib/python3.7/site-packages/airflow/example_dags/example_python_operator.py
[2022-12-07T22:31:51.949+0000] {processor.py:756} INFO - Processing file /home/airflow/.local/lib/python3.7/site-packages/airflow/example_dags/example_python_operator.py for tasks to queue
[2022-12-07T22:31:51.950+0000] {logging_mixin.py:137} INFO - [2022-12-07T22:31:51.950+0000] {dagbag.py:537} INFO - Filling up the DagBag from /home/airflow/.local/lib/python3.7/site-packages/airflow/example_dags/example_python_operator.py
[2022-12-07T22:31:51.981+0000] {logging_mixin.py:137} INFO - [2022-12-07T22:31:51.981+0000] {taskmixin.py:205} WARNING - Dependency <Task(_PythonDecoratedOperator): print_the_context>, log_sql_query already registered for DAG: example_python_operator
[2022-12-07T22:31:51.982+0000] {logging_mixin.py:137} INFO - [2022-12-07T22:31:51.981+0000] {taskmixin.py:205} WARNING - Dependency <Task(_PythonDecoratedOperator): log_sql_query>, print_the_context already registered for DAG: example_python_operator
[2022-12-07T22:31:51.983+0000] {logging_mixin.py:137} INFO - [2022-12-07T22:31:51.983+0000] {taskmixin.py:205} WARNING - Dependency <Task(_PythonDecoratedOperator): print_the_context>, log_sql_query already registered for DAG: example_python_operator
[2022-12-07T22:31:51.984+0000] {logging_mixin.py:137} INFO - [2022-12-07T22:31:51.984+0000] {taskmixin.py:205} WARNING - Dependency <Task(_PythonDecoratedOperator): log_sql_query>, print_the_context already registered for DAG: example_python_operator
[2022-12-07T22:31:51.986+0000] {logging_mixin.py:137} INFO - [2022-12-07T22:31:51.985+0000] {taskmixin.py:205} WARNING - Dependency <Task(_PythonDecoratedOperator): print_the_context>, log_sql_query already registered for DAG: example_python_operator
[2022-12-07T22:31:51.986+0000] {logging_mixin.py:137} INFO - [2022-12-07T22:31:51.986+0000] {taskmixin.py:205} WARNING - Dependency <Task(_PythonDecoratedOperator): log_sql_query>, print_the_context already registered for DAG: example_python_operator
[2022-12-07T22:31:51.987+0000] {logging_mixin.py:137} INFO - [2022-12-07T22:31:51.987+0000] {taskmixin.py:205} WARNING - Dependency <Task(_PythonDecoratedOperator): print_the_context>, log_sql_query already registered for DAG: example_python_operator
[2022-12-07T22:31:51.988+0000] {logging_mixin.py:137} INFO - [2022-12-07T22:31:51.988+0000] {taskmixin.py:205} WARNING - Dependency <Task(_PythonDecoratedOperator): log_sql_query>, print_the_context already registered for DAG: example_python_operator
[2022-12-07T22:31:51.997+0000] {processor.py:766} INFO - DAG(s) dict_keys(['example_python_operator']) retrieved from /home/airflow/.local/lib/python3.7/site-packages/airflow/example_dags/example_python_operator.py
[2022-12-07T22:31:52.056+0000] {logging_mixin.py:137} INFO - [2022-12-07T22:31:52.056+0000] {dag.py:2585} INFO - Sync 1 DAGs
[2022-12-07T22:31:52.085+0000] {logging_mixin.py:137} INFO - [2022-12-07T22:31:52.085+0000] {dag.py:3340} INFO - Setting next_dagrun for example_python_operator to None, run_after=None
[2022-12-07T22:31:52.110+0000] {processor.py:176} INFO - Processing /home/airflow/.local/lib/python3.7/site-packages/airflow/example_dags/example_python_operator.py took 0.172 seconds
[2022-12-07T22:32:22.927+0000] {processor.py:154} INFO - Started process (PID=912) to work on /home/airflow/.local/lib/python3.7/site-packages/airflow/example_dags/example_python_operator.py
[2022-12-07T22:32:22.928+0000] {processor.py:756} INFO - Processing file /home/airflow/.local/lib/python3.7/site-packages/airflow/example_dags/example_python_operator.py for tasks to queue
[2022-12-07T22:32:22.929+0000] {logging_mixin.py:137} INFO - [2022-12-07T22:32:22.929+0000] {dagbag.py:537} INFO - Filling up the DagBag from /home/airflow/.local/lib/python3.7/site-packages/airflow/example_dags/example_python_operator.py
[2022-12-07T22:32:22.953+0000] {logging_mixin.py:137} INFO - [2022-12-07T22:32:22.953+0000] {taskmixin.py:205} WARNING - Dependency <Task(_PythonDecoratedOperator): print_the_context>, log_sql_query already registered for DAG: example_python_operator
[2022-12-07T22:32:22.954+0000] {logging_mixin.py:137} INFO - [2022-12-07T22:32:22.954+0000] {taskmixin.py:205} WARNING - Dependency <Task(_PythonDecoratedOperator): log_sql_query>, print_the_context already registered for DAG: example_python_operator
[2022-12-07T22:32:22.956+0000] {logging_mixin.py:137} INFO - [2022-12-07T22:32:22.956+0000] {taskmixin.py:205} WARNING - Dependency <Task(_PythonDecoratedOperator): print_the_context>, log_sql_query already registered for DAG: example_python_operator
[2022-12-07T22:32:22.957+0000] {logging_mixin.py:137} INFO - [2022-12-07T22:32:22.957+0000] {taskmixin.py:205} WARNING - Dependency <Task(_PythonDecoratedOperator): log_sql_query>, print_the_context already registered for DAG: example_python_operator
[2022-12-07T22:32:22.958+0000] {logging_mixin.py:137} INFO - [2022-12-07T22:32:22.958+0000] {taskmixin.py:205} WARNING - Dependency <Task(_PythonDecoratedOperator): print_the_context>, log_sql_query already registered for DAG: example_python_operator
[2022-12-07T22:32:22.959+0000] {logging_mixin.py:137} INFO - [2022-12-07T22:32:22.959+0000] {taskmixin.py:205} WARNING - Dependency <Task(_PythonDecoratedOperator): log_sql_query>, print_the_context already registered for DAG: example_python_operator
[2022-12-07T22:32:22.961+0000] {logging_mixin.py:137} INFO - [2022-12-07T22:32:22.961+0000] {taskmixin.py:205} WARNING - Dependency <Task(_PythonDecoratedOperator): print_the_context>, log_sql_query already registered for DAG: example_python_operator
[2022-12-07T22:32:22.962+0000] {logging_mixin.py:137} INFO - [2022-12-07T22:32:22.962+0000] {taskmixin.py:205} WARNING - Dependency <Task(_PythonDecoratedOperator): log_sql_query>, print_the_context already registered for DAG: example_python_operator
[2022-12-07T22:32:22.978+0000] {processor.py:766} INFO - DAG(s) dict_keys(['example_python_operator']) retrieved from /home/airflow/.local/lib/python3.7/site-packages/airflow/example_dags/example_python_operator.py
[2022-12-07T22:32:23.038+0000] {logging_mixin.py:137} INFO - [2022-12-07T22:32:23.037+0000] {dag.py:2585} INFO - Sync 1 DAGs
[2022-12-07T22:32:23.072+0000] {logging_mixin.py:137} INFO - [2022-12-07T22:32:23.072+0000] {dag.py:3340} INFO - Setting next_dagrun for example_python_operator to None, run_after=None
[2022-12-07T22:32:23.103+0000] {processor.py:176} INFO - Processing /home/airflow/.local/lib/python3.7/site-packages/airflow/example_dags/example_python_operator.py took 0.180 seconds
