[2022-12-07T21:19:54.661+0000] {processor.py:154} INFO - Started process (PID=28222) to work on /home/airflow/.local/lib/python3.7/site-packages/airflow/example_dags/example_latest_only_with_trigger.py
[2022-12-07T21:19:54.680+0000] {processor.py:756} INFO - Processing file /home/airflow/.local/lib/python3.7/site-packages/airflow/example_dags/example_latest_only_with_trigger.py for tasks to queue
[2022-12-07T21:19:54.691+0000] {logging_mixin.py:137} INFO - [2022-12-07T21:19:54.690+0000] {dagbag.py:537} INFO - Filling up the DagBag from /home/airflow/.local/lib/python3.7/site-packages/airflow/example_dags/example_latest_only_with_trigger.py
[2022-12-07T21:19:54.811+0000] {processor.py:766} INFO - DAG(s) dict_keys(['latest_only_with_trigger']) retrieved from /home/airflow/.local/lib/python3.7/site-packages/airflow/example_dags/example_latest_only_with_trigger.py
[2022-12-07T21:19:54.997+0000] {logging_mixin.py:137} INFO - [2022-12-07T21:19:54.997+0000] {dag.py:2585} INFO - Sync 1 DAGs
[2022-12-07T21:19:55.117+0000] {logging_mixin.py:137} INFO - [2022-12-07T21:19:55.116+0000] {dag.py:3340} INFO - Setting next_dagrun for latest_only_with_trigger to 2022-12-07T17:19:55.116035+00:00, run_after=2022-12-07T21:19:55.116035+00:00
[2022-12-07T21:19:55.180+0000] {processor.py:176} INFO - Processing /home/airflow/.local/lib/python3.7/site-packages/airflow/example_dags/example_latest_only_with_trigger.py took 0.544 seconds
[2022-12-07T21:20:25.380+0000] {processor.py:154} INFO - Started process (PID=28286) to work on /home/airflow/.local/lib/python3.7/site-packages/airflow/example_dags/example_latest_only_with_trigger.py
[2022-12-07T21:20:25.381+0000] {processor.py:756} INFO - Processing file /home/airflow/.local/lib/python3.7/site-packages/airflow/example_dags/example_latest_only_with_trigger.py for tasks to queue
[2022-12-07T21:20:25.383+0000] {logging_mixin.py:137} INFO - [2022-12-07T21:20:25.383+0000] {dagbag.py:537} INFO - Filling up the DagBag from /home/airflow/.local/lib/python3.7/site-packages/airflow/example_dags/example_latest_only_with_trigger.py
[2022-12-07T21:20:25.413+0000] {processor.py:766} INFO - DAG(s) dict_keys(['latest_only_with_trigger']) retrieved from /home/airflow/.local/lib/python3.7/site-packages/airflow/example_dags/example_latest_only_with_trigger.py
[2022-12-07T21:20:25.518+0000] {logging_mixin.py:137} INFO - [2022-12-07T21:20:25.518+0000] {dag.py:2585} INFO - Sync 1 DAGs
[2022-12-07T21:20:25.605+0000] {logging_mixin.py:137} INFO - [2022-12-07T21:20:25.605+0000] {dag.py:3340} INFO - Setting next_dagrun for latest_only_with_trigger to 2022-12-07T17:20:25.602822+00:00, run_after=2022-12-07T21:20:25.602822+00:00
[2022-12-07T21:20:25.676+0000] {processor.py:176} INFO - Processing /home/airflow/.local/lib/python3.7/site-packages/airflow/example_dags/example_latest_only_with_trigger.py took 0.300 seconds
[2022-12-07T21:20:56.419+0000] {processor.py:154} INFO - Started process (PID=28346) to work on /home/airflow/.local/lib/python3.7/site-packages/airflow/example_dags/example_latest_only_with_trigger.py
[2022-12-07T21:20:56.420+0000] {processor.py:756} INFO - Processing file /home/airflow/.local/lib/python3.7/site-packages/airflow/example_dags/example_latest_only_with_trigger.py for tasks to queue
[2022-12-07T21:20:56.422+0000] {logging_mixin.py:137} INFO - [2022-12-07T21:20:56.421+0000] {dagbag.py:537} INFO - Filling up the DagBag from /home/airflow/.local/lib/python3.7/site-packages/airflow/example_dags/example_latest_only_with_trigger.py
[2022-12-07T21:20:56.455+0000] {processor.py:766} INFO - DAG(s) dict_keys(['latest_only_with_trigger']) retrieved from /home/airflow/.local/lib/python3.7/site-packages/airflow/example_dags/example_latest_only_with_trigger.py
[2022-12-07T21:20:56.643+0000] {logging_mixin.py:137} INFO - [2022-12-07T21:20:56.640+0000] {dag.py:2585} INFO - Sync 1 DAGs
[2022-12-07T21:20:56.718+0000] {logging_mixin.py:137} INFO - [2022-12-07T21:20:56.717+0000] {dag.py:3340} INFO - Setting next_dagrun for latest_only_with_trigger to 2022-12-07T17:20:56.717308+00:00, run_after=2022-12-07T21:20:56.717308+00:00
[2022-12-07T21:20:57.034+0000] {processor.py:176} INFO - Processing /home/airflow/.local/lib/python3.7/site-packages/airflow/example_dags/example_latest_only_with_trigger.py took 0.625 seconds
[2022-12-07T21:21:28.395+0000] {processor.py:154} INFO - Started process (PID=28401) to work on /home/airflow/.local/lib/python3.7/site-packages/airflow/example_dags/example_latest_only_with_trigger.py
[2022-12-07T21:21:28.399+0000] {processor.py:756} INFO - Processing file /home/airflow/.local/lib/python3.7/site-packages/airflow/example_dags/example_latest_only_with_trigger.py for tasks to queue
[2022-12-07T21:21:28.402+0000] {logging_mixin.py:137} INFO - [2022-12-07T21:21:28.401+0000] {dagbag.py:537} INFO - Filling up the DagBag from /home/airflow/.local/lib/python3.7/site-packages/airflow/example_dags/example_latest_only_with_trigger.py
[2022-12-07T21:21:28.454+0000] {processor.py:766} INFO - DAG(s) dict_keys(['latest_only_with_trigger']) retrieved from /home/airflow/.local/lib/python3.7/site-packages/airflow/example_dags/example_latest_only_with_trigger.py
[2022-12-07T21:21:28.589+0000] {logging_mixin.py:137} INFO - [2022-12-07T21:21:28.588+0000] {dag.py:2585} INFO - Sync 1 DAGs
[2022-12-07T21:21:29.130+0000] {logging_mixin.py:137} INFO - [2022-12-07T21:21:29.129+0000] {dag.py:3340} INFO - Setting next_dagrun for latest_only_with_trigger to 2022-12-07T17:21:29.129200+00:00, run_after=2022-12-07T21:21:29.129200+00:00
[2022-12-07T21:21:29.229+0000] {processor.py:176} INFO - Processing /home/airflow/.local/lib/python3.7/site-packages/airflow/example_dags/example_latest_only_with_trigger.py took 0.850 seconds
[2022-12-07T21:21:59.686+0000] {processor.py:154} INFO - Started process (PID=28465) to work on /home/airflow/.local/lib/python3.7/site-packages/airflow/example_dags/example_latest_only_with_trigger.py
[2022-12-07T21:21:59.691+0000] {processor.py:756} INFO - Processing file /home/airflow/.local/lib/python3.7/site-packages/airflow/example_dags/example_latest_only_with_trigger.py for tasks to queue
[2022-12-07T21:21:59.693+0000] {logging_mixin.py:137} INFO - [2022-12-07T21:21:59.693+0000] {dagbag.py:537} INFO - Filling up the DagBag from /home/airflow/.local/lib/python3.7/site-packages/airflow/example_dags/example_latest_only_with_trigger.py
[2022-12-07T21:21:59.732+0000] {processor.py:766} INFO - DAG(s) dict_keys(['latest_only_with_trigger']) retrieved from /home/airflow/.local/lib/python3.7/site-packages/airflow/example_dags/example_latest_only_with_trigger.py
[2022-12-07T21:21:59.878+0000] {logging_mixin.py:137} INFO - [2022-12-07T21:21:59.877+0000] {dag.py:2585} INFO - Sync 1 DAGs
[2022-12-07T21:22:00.253+0000] {logging_mixin.py:137} INFO - [2022-12-07T21:22:00.252+0000] {dag.py:3340} INFO - Setting next_dagrun for latest_only_with_trigger to 2022-12-07T17:22:00.251842+00:00, run_after=2022-12-07T21:22:00.251842+00:00
[2022-12-07T21:22:00.336+0000] {processor.py:176} INFO - Processing /home/airflow/.local/lib/python3.7/site-packages/airflow/example_dags/example_latest_only_with_trigger.py took 0.656 seconds
[2022-12-07T21:22:30.899+0000] {processor.py:154} INFO - Started process (PID=28520) to work on /home/airflow/.local/lib/python3.7/site-packages/airflow/example_dags/example_latest_only_with_trigger.py
[2022-12-07T21:22:30.901+0000] {processor.py:756} INFO - Processing file /home/airflow/.local/lib/python3.7/site-packages/airflow/example_dags/example_latest_only_with_trigger.py for tasks to queue
[2022-12-07T21:22:30.902+0000] {logging_mixin.py:137} INFO - [2022-12-07T21:22:30.902+0000] {dagbag.py:537} INFO - Filling up the DagBag from /home/airflow/.local/lib/python3.7/site-packages/airflow/example_dags/example_latest_only_with_trigger.py
[2022-12-07T21:22:30.953+0000] {processor.py:766} INFO - DAG(s) dict_keys(['latest_only_with_trigger']) retrieved from /home/airflow/.local/lib/python3.7/site-packages/airflow/example_dags/example_latest_only_with_trigger.py
[2022-12-07T21:22:31.084+0000] {logging_mixin.py:137} INFO - [2022-12-07T21:22:31.083+0000] {dag.py:2585} INFO - Sync 1 DAGs
[2022-12-07T21:22:31.168+0000] {logging_mixin.py:137} INFO - [2022-12-07T21:22:31.167+0000] {dag.py:3340} INFO - Setting next_dagrun for latest_only_with_trigger to 2022-12-07T17:22:31.167077+00:00, run_after=2022-12-07T21:22:31.167077+00:00
[2022-12-07T21:22:31.255+0000] {processor.py:176} INFO - Processing /home/airflow/.local/lib/python3.7/site-packages/airflow/example_dags/example_latest_only_with_trigger.py took 0.362 seconds
[2022-12-07T21:23:02.116+0000] {processor.py:154} INFO - Started process (PID=28584) to work on /home/airflow/.local/lib/python3.7/site-packages/airflow/example_dags/example_latest_only_with_trigger.py
[2022-12-07T21:23:02.120+0000] {processor.py:756} INFO - Processing file /home/airflow/.local/lib/python3.7/site-packages/airflow/example_dags/example_latest_only_with_trigger.py for tasks to queue
[2022-12-07T21:23:02.129+0000] {logging_mixin.py:137} INFO - [2022-12-07T21:23:02.129+0000] {dagbag.py:537} INFO - Filling up the DagBag from /home/airflow/.local/lib/python3.7/site-packages/airflow/example_dags/example_latest_only_with_trigger.py
[2022-12-07T21:23:02.224+0000] {processor.py:766} INFO - DAG(s) dict_keys(['latest_only_with_trigger']) retrieved from /home/airflow/.local/lib/python3.7/site-packages/airflow/example_dags/example_latest_only_with_trigger.py
[2022-12-07T21:23:02.402+0000] {logging_mixin.py:137} INFO - [2022-12-07T21:23:02.402+0000] {dag.py:2585} INFO - Sync 1 DAGs
[2022-12-07T21:23:02.484+0000] {logging_mixin.py:137} INFO - [2022-12-07T21:23:02.484+0000] {dag.py:3340} INFO - Setting next_dagrun for latest_only_with_trigger to 2022-12-07T17:23:02.483469+00:00, run_after=2022-12-07T21:23:02.483469+00:00
[2022-12-07T21:23:02.547+0000] {processor.py:176} INFO - Processing /home/airflow/.local/lib/python3.7/site-packages/airflow/example_dags/example_latest_only_with_trigger.py took 0.450 seconds
