[2022-12-07T22:25:11.293+0000] {processor.py:154} INFO - Started process (PID=57) to work on /home/airflow/.local/lib/python3.7/site-packages/airflow/example_dags/example_datasets.py
[2022-12-07T22:25:11.295+0000] {processor.py:756} INFO - Processing file /home/airflow/.local/lib/python3.7/site-packages/airflow/example_dags/example_datasets.py for tasks to queue
[2022-12-07T22:25:11.297+0000] {logging_mixin.py:137} INFO - [2022-12-07T22:25:11.297+0000] {dagbag.py:537} INFO - Filling up the DagBag from /home/airflow/.local/lib/python3.7/site-packages/airflow/example_dags/example_datasets.py
[2022-12-07T22:25:11.344+0000] {processor.py:766} INFO - DAG(s) dict_keys(['dataset_consumes_1', 'dataset_produces_2', 'dataset_produces_1', 'dataset_consumes_1_and_2', 'dataset_consumes_unknown_never_scheduled', 'dataset_consumes_1_never_scheduled']) retrieved from /home/airflow/.local/lib/python3.7/site-packages/airflow/example_dags/example_datasets.py
[2022-12-07T22:25:11.664+0000] {logging_mixin.py:137} INFO - [2022-12-07T22:25:11.663+0000] {dag.py:2585} INFO - Sync 6 DAGs
[2022-12-07T22:25:11.750+0000] {logging_mixin.py:137} INFO - [2022-12-07T22:25:11.750+0000] {dag.py:3340} INFO - Setting next_dagrun for dataset_consumes_1 to None, run_after=None
[2022-12-07T22:25:11.762+0000] {logging_mixin.py:137} INFO - [2022-12-07T22:25:11.762+0000] {dag.py:3340} INFO - Setting next_dagrun for dataset_consumes_1_and_2 to None, run_after=None
[2022-12-07T22:25:11.768+0000] {logging_mixin.py:137} INFO - [2022-12-07T22:25:11.768+0000] {dag.py:3340} INFO - Setting next_dagrun for dataset_consumes_1_never_scheduled to None, run_after=None
[2022-12-07T22:25:11.773+0000] {logging_mixin.py:137} INFO - [2022-12-07T22:25:11.773+0000] {dag.py:3340} INFO - Setting next_dagrun for dataset_consumes_unknown_never_scheduled to None, run_after=None
[2022-12-07T22:25:11.784+0000] {logging_mixin.py:137} INFO - [2022-12-07T22:25:11.783+0000] {dag.py:3340} INFO - Setting next_dagrun for dataset_produces_1 to 2022-12-06T00:00:00+00:00, run_after=2022-12-07T00:00:00+00:00
[2022-12-07T22:25:11.788+0000] {logging_mixin.py:137} INFO - [2022-12-07T22:25:11.787+0000] {dag.py:3340} INFO - Setting next_dagrun for dataset_produces_2 to None, run_after=None
[2022-12-07T22:25:11.890+0000] {processor.py:176} INFO - Processing /home/airflow/.local/lib/python3.7/site-packages/airflow/example_dags/example_datasets.py took 0.604 seconds
[2022-12-07T22:25:42.123+0000] {processor.py:154} INFO - Started process (PID=123) to work on /home/airflow/.local/lib/python3.7/site-packages/airflow/example_dags/example_datasets.py
[2022-12-07T22:25:42.125+0000] {processor.py:756} INFO - Processing file /home/airflow/.local/lib/python3.7/site-packages/airflow/example_dags/example_datasets.py for tasks to queue
[2022-12-07T22:25:42.126+0000] {logging_mixin.py:137} INFO - [2022-12-07T22:25:42.126+0000] {dagbag.py:537} INFO - Filling up the DagBag from /home/airflow/.local/lib/python3.7/site-packages/airflow/example_dags/example_datasets.py
[2022-12-07T22:25:42.147+0000] {processor.py:766} INFO - DAG(s) dict_keys(['dataset_consumes_1_never_scheduled', 'dataset_consumes_1', 'dataset_produces_2', 'dataset_consumes_1_and_2', 'dataset_consumes_unknown_never_scheduled', 'dataset_produces_1']) retrieved from /home/airflow/.local/lib/python3.7/site-packages/airflow/example_dags/example_datasets.py
[2022-12-07T22:25:42.228+0000] {logging_mixin.py:137} INFO - [2022-12-07T22:25:42.227+0000] {dag.py:2585} INFO - Sync 6 DAGs
[2022-12-07T22:25:42.264+0000] {logging_mixin.py:137} INFO - [2022-12-07T22:25:42.264+0000] {dag.py:3340} INFO - Setting next_dagrun for dataset_consumes_1 to None, run_after=None
[2022-12-07T22:25:42.269+0000] {logging_mixin.py:137} INFO - [2022-12-07T22:25:42.268+0000] {dag.py:3340} INFO - Setting next_dagrun for dataset_consumes_1_and_2 to None, run_after=None
[2022-12-07T22:25:42.271+0000] {logging_mixin.py:137} INFO - [2022-12-07T22:25:42.271+0000] {dag.py:3340} INFO - Setting next_dagrun for dataset_consumes_1_never_scheduled to None, run_after=None
[2022-12-07T22:25:42.273+0000] {logging_mixin.py:137} INFO - [2022-12-07T22:25:42.273+0000] {dag.py:3340} INFO - Setting next_dagrun for dataset_consumes_unknown_never_scheduled to None, run_after=None
[2022-12-07T22:25:42.279+0000] {logging_mixin.py:137} INFO - [2022-12-07T22:25:42.279+0000] {dag.py:3340} INFO - Setting next_dagrun for dataset_produces_1 to 2022-12-06T00:00:00+00:00, run_after=2022-12-07T00:00:00+00:00
[2022-12-07T22:25:42.281+0000] {logging_mixin.py:137} INFO - [2022-12-07T22:25:42.281+0000] {dag.py:3340} INFO - Setting next_dagrun for dataset_produces_2 to None, run_after=None
[2022-12-07T22:25:42.324+0000] {processor.py:176} INFO - Processing /home/airflow/.local/lib/python3.7/site-packages/airflow/example_dags/example_datasets.py took 0.205 seconds
[2022-12-07T22:26:12.438+0000] {processor.py:154} INFO - Started process (PID=179) to work on /home/airflow/.local/lib/python3.7/site-packages/airflow/example_dags/example_datasets.py
[2022-12-07T22:26:12.440+0000] {processor.py:756} INFO - Processing file /home/airflow/.local/lib/python3.7/site-packages/airflow/example_dags/example_datasets.py for tasks to queue
[2022-12-07T22:26:12.441+0000] {logging_mixin.py:137} INFO - [2022-12-07T22:26:12.441+0000] {dagbag.py:537} INFO - Filling up the DagBag from /home/airflow/.local/lib/python3.7/site-packages/airflow/example_dags/example_datasets.py
[2022-12-07T22:26:12.465+0000] {processor.py:766} INFO - DAG(s) dict_keys(['dataset_consumes_1_never_scheduled', 'dataset_consumes_1', 'dataset_consumes_unknown_never_scheduled', 'dataset_consumes_1_and_2', 'dataset_produces_1', 'dataset_produces_2']) retrieved from /home/airflow/.local/lib/python3.7/site-packages/airflow/example_dags/example_datasets.py
[2022-12-07T22:26:12.549+0000] {logging_mixin.py:137} INFO - [2022-12-07T22:26:12.548+0000] {dag.py:2585} INFO - Sync 6 DAGs
[2022-12-07T22:26:12.596+0000] {logging_mixin.py:137} INFO - [2022-12-07T22:26:12.596+0000] {dag.py:3340} INFO - Setting next_dagrun for dataset_consumes_1 to None, run_after=None
[2022-12-07T22:26:12.602+0000] {logging_mixin.py:137} INFO - [2022-12-07T22:26:12.602+0000] {dag.py:3340} INFO - Setting next_dagrun for dataset_consumes_1_and_2 to None, run_after=None
[2022-12-07T22:26:12.604+0000] {logging_mixin.py:137} INFO - [2022-12-07T22:26:12.604+0000] {dag.py:3340} INFO - Setting next_dagrun for dataset_consumes_1_never_scheduled to None, run_after=None
[2022-12-07T22:26:12.607+0000] {logging_mixin.py:137} INFO - [2022-12-07T22:26:12.607+0000] {dag.py:3340} INFO - Setting next_dagrun for dataset_consumes_unknown_never_scheduled to None, run_after=None
[2022-12-07T22:26:12.611+0000] {logging_mixin.py:137} INFO - [2022-12-07T22:26:12.611+0000] {dag.py:3340} INFO - Setting next_dagrun for dataset_produces_1 to 2022-12-06T00:00:00+00:00, run_after=2022-12-07T00:00:00+00:00
[2022-12-07T22:26:12.613+0000] {logging_mixin.py:137} INFO - [2022-12-07T22:26:12.613+0000] {dag.py:3340} INFO - Setting next_dagrun for dataset_produces_2 to None, run_after=None
[2022-12-07T22:26:12.656+0000] {processor.py:176} INFO - Processing /home/airflow/.local/lib/python3.7/site-packages/airflow/example_dags/example_datasets.py took 0.221 seconds
[2022-12-07T22:26:42.774+0000] {processor.py:154} INFO - Started process (PID=242) to work on /home/airflow/.local/lib/python3.7/site-packages/airflow/example_dags/example_datasets.py
[2022-12-07T22:26:42.776+0000] {processor.py:756} INFO - Processing file /home/airflow/.local/lib/python3.7/site-packages/airflow/example_dags/example_datasets.py for tasks to queue
[2022-12-07T22:26:42.777+0000] {logging_mixin.py:137} INFO - [2022-12-07T22:26:42.777+0000] {dagbag.py:537} INFO - Filling up the DagBag from /home/airflow/.local/lib/python3.7/site-packages/airflow/example_dags/example_datasets.py
[2022-12-07T22:26:42.810+0000] {processor.py:766} INFO - DAG(s) dict_keys(['dataset_consumes_1_and_2', 'dataset_produces_1', 'dataset_consumes_unknown_never_scheduled', 'dataset_consumes_1_never_scheduled', 'dataset_consumes_1', 'dataset_produces_2']) retrieved from /home/airflow/.local/lib/python3.7/site-packages/airflow/example_dags/example_datasets.py
[2022-12-07T22:26:42.924+0000] {logging_mixin.py:137} INFO - [2022-12-07T22:26:42.923+0000] {dag.py:2585} INFO - Sync 6 DAGs
[2022-12-07T22:26:42.978+0000] {logging_mixin.py:137} INFO - [2022-12-07T22:26:42.978+0000] {dag.py:3340} INFO - Setting next_dagrun for dataset_consumes_1 to None, run_after=None
[2022-12-07T22:26:42.987+0000] {logging_mixin.py:137} INFO - [2022-12-07T22:26:42.986+0000] {dag.py:3340} INFO - Setting next_dagrun for dataset_consumes_1_and_2 to None, run_after=None
[2022-12-07T22:26:42.992+0000] {logging_mixin.py:137} INFO - [2022-12-07T22:26:42.992+0000] {dag.py:3340} INFO - Setting next_dagrun for dataset_consumes_1_never_scheduled to None, run_after=None
[2022-12-07T22:26:42.997+0000] {logging_mixin.py:137} INFO - [2022-12-07T22:26:42.996+0000] {dag.py:3340} INFO - Setting next_dagrun for dataset_consumes_unknown_never_scheduled to None, run_after=None
[2022-12-07T22:26:43.008+0000] {logging_mixin.py:137} INFO - [2022-12-07T22:26:43.008+0000] {dag.py:3340} INFO - Setting next_dagrun for dataset_produces_1 to 2022-12-06T00:00:00+00:00, run_after=2022-12-07T00:00:00+00:00
[2022-12-07T22:26:43.011+0000] {logging_mixin.py:137} INFO - [2022-12-07T22:26:43.011+0000] {dag.py:3340} INFO - Setting next_dagrun for dataset_produces_2 to None, run_after=None
[2022-12-07T22:26:43.083+0000] {processor.py:176} INFO - Processing /home/airflow/.local/lib/python3.7/site-packages/airflow/example_dags/example_datasets.py took 0.314 seconds
[2022-12-07T22:27:13.424+0000] {processor.py:154} INFO - Started process (PID=297) to work on /home/airflow/.local/lib/python3.7/site-packages/airflow/example_dags/example_datasets.py
[2022-12-07T22:27:13.426+0000] {processor.py:756} INFO - Processing file /home/airflow/.local/lib/python3.7/site-packages/airflow/example_dags/example_datasets.py for tasks to queue
[2022-12-07T22:27:13.428+0000] {logging_mixin.py:137} INFO - [2022-12-07T22:27:13.427+0000] {dagbag.py:537} INFO - Filling up the DagBag from /home/airflow/.local/lib/python3.7/site-packages/airflow/example_dags/example_datasets.py
[2022-12-07T22:27:13.471+0000] {processor.py:766} INFO - DAG(s) dict_keys(['dataset_consumes_1', 'dataset_produces_2', 'dataset_consumes_1_and_2', 'dataset_consumes_1_never_scheduled', 'dataset_produces_1', 'dataset_consumes_unknown_never_scheduled']) retrieved from /home/airflow/.local/lib/python3.7/site-packages/airflow/example_dags/example_datasets.py
[2022-12-07T22:27:13.570+0000] {logging_mixin.py:137} INFO - [2022-12-07T22:27:13.570+0000] {dag.py:2585} INFO - Sync 6 DAGs
[2022-12-07T22:27:13.603+0000] {logging_mixin.py:137} INFO - [2022-12-07T22:27:13.603+0000] {dag.py:3340} INFO - Setting next_dagrun for dataset_consumes_1 to None, run_after=None
[2022-12-07T22:27:13.608+0000] {logging_mixin.py:137} INFO - [2022-12-07T22:27:13.608+0000] {dag.py:3340} INFO - Setting next_dagrun for dataset_consumes_1_and_2 to None, run_after=None
[2022-12-07T22:27:13.610+0000] {logging_mixin.py:137} INFO - [2022-12-07T22:27:13.610+0000] {dag.py:3340} INFO - Setting next_dagrun for dataset_consumes_1_never_scheduled to None, run_after=None
[2022-12-07T22:27:13.612+0000] {logging_mixin.py:137} INFO - [2022-12-07T22:27:13.611+0000] {dag.py:3340} INFO - Setting next_dagrun for dataset_consumes_unknown_never_scheduled to None, run_after=None
[2022-12-07T22:27:13.615+0000] {logging_mixin.py:137} INFO - [2022-12-07T22:27:13.615+0000] {dag.py:3340} INFO - Setting next_dagrun for dataset_produces_1 to 2022-12-06T00:00:00+00:00, run_after=2022-12-07T00:00:00+00:00
[2022-12-07T22:27:13.617+0000] {logging_mixin.py:137} INFO - [2022-12-07T22:27:13.617+0000] {dag.py:3340} INFO - Setting next_dagrun for dataset_produces_2 to None, run_after=None
[2022-12-07T22:27:13.652+0000] {processor.py:176} INFO - Processing /home/airflow/.local/lib/python3.7/site-packages/airflow/example_dags/example_datasets.py took 0.236 seconds
[2022-12-07T22:27:44.329+0000] {processor.py:154} INFO - Started process (PID=353) to work on /home/airflow/.local/lib/python3.7/site-packages/airflow/example_dags/example_datasets.py
[2022-12-07T22:27:44.330+0000] {processor.py:756} INFO - Processing file /home/airflow/.local/lib/python3.7/site-packages/airflow/example_dags/example_datasets.py for tasks to queue
[2022-12-07T22:27:44.332+0000] {logging_mixin.py:137} INFO - [2022-12-07T22:27:44.331+0000] {dagbag.py:537} INFO - Filling up the DagBag from /home/airflow/.local/lib/python3.7/site-packages/airflow/example_dags/example_datasets.py
[2022-12-07T22:27:44.355+0000] {processor.py:766} INFO - DAG(s) dict_keys(['dataset_consumes_1', 'dataset_consumes_unknown_never_scheduled', 'dataset_consumes_1_and_2', 'dataset_produces_1', 'dataset_consumes_1_never_scheduled', 'dataset_produces_2']) retrieved from /home/airflow/.local/lib/python3.7/site-packages/airflow/example_dags/example_datasets.py
[2022-12-07T22:27:44.450+0000] {logging_mixin.py:137} INFO - [2022-12-07T22:27:44.450+0000] {dag.py:2585} INFO - Sync 6 DAGs
[2022-12-07T22:27:44.484+0000] {logging_mixin.py:137} INFO - [2022-12-07T22:27:44.484+0000] {dag.py:3340} INFO - Setting next_dagrun for dataset_consumes_1 to None, run_after=None
[2022-12-07T22:27:44.489+0000] {logging_mixin.py:137} INFO - [2022-12-07T22:27:44.489+0000] {dag.py:3340} INFO - Setting next_dagrun for dataset_consumes_1_and_2 to None, run_after=None
[2022-12-07T22:27:44.492+0000] {logging_mixin.py:137} INFO - [2022-12-07T22:27:44.492+0000] {dag.py:3340} INFO - Setting next_dagrun for dataset_consumes_1_never_scheduled to None, run_after=None
[2022-12-07T22:27:44.498+0000] {logging_mixin.py:137} INFO - [2022-12-07T22:27:44.497+0000] {dag.py:3340} INFO - Setting next_dagrun for dataset_consumes_unknown_never_scheduled to None, run_after=None
[2022-12-07T22:27:44.509+0000] {logging_mixin.py:137} INFO - [2022-12-07T22:27:44.506+0000] {dag.py:3340} INFO - Setting next_dagrun for dataset_produces_1 to 2022-12-06T00:00:00+00:00, run_after=2022-12-07T00:00:00+00:00
[2022-12-07T22:27:44.513+0000] {logging_mixin.py:137} INFO - [2022-12-07T22:27:44.512+0000] {dag.py:3340} INFO - Setting next_dagrun for dataset_produces_2 to None, run_after=None
[2022-12-07T22:27:44.588+0000] {processor.py:176} INFO - Processing /home/airflow/.local/lib/python3.7/site-packages/airflow/example_dags/example_datasets.py took 0.263 seconds
[2022-12-07T22:28:15.202+0000] {processor.py:154} INFO - Started process (PID=417) to work on /home/airflow/.local/lib/python3.7/site-packages/airflow/example_dags/example_datasets.py
[2022-12-07T22:28:15.203+0000] {processor.py:756} INFO - Processing file /home/airflow/.local/lib/python3.7/site-packages/airflow/example_dags/example_datasets.py for tasks to queue
[2022-12-07T22:28:15.204+0000] {logging_mixin.py:137} INFO - [2022-12-07T22:28:15.204+0000] {dagbag.py:537} INFO - Filling up the DagBag from /home/airflow/.local/lib/python3.7/site-packages/airflow/example_dags/example_datasets.py
[2022-12-07T22:28:15.223+0000] {processor.py:766} INFO - DAG(s) dict_keys(['dataset_produces_2', 'dataset_consumes_unknown_never_scheduled', 'dataset_consumes_1_never_scheduled', 'dataset_consumes_1_and_2', 'dataset_produces_1', 'dataset_consumes_1']) retrieved from /home/airflow/.local/lib/python3.7/site-packages/airflow/example_dags/example_datasets.py
[2022-12-07T22:28:15.307+0000] {logging_mixin.py:137} INFO - [2022-12-07T22:28:15.307+0000] {dag.py:2585} INFO - Sync 6 DAGs
[2022-12-07T22:28:15.350+0000] {logging_mixin.py:137} INFO - [2022-12-07T22:28:15.350+0000] {dag.py:3340} INFO - Setting next_dagrun for dataset_consumes_1 to None, run_after=None
[2022-12-07T22:28:15.356+0000] {logging_mixin.py:137} INFO - [2022-12-07T22:28:15.355+0000] {dag.py:3340} INFO - Setting next_dagrun for dataset_consumes_1_and_2 to None, run_after=None
[2022-12-07T22:28:15.357+0000] {logging_mixin.py:137} INFO - [2022-12-07T22:28:15.357+0000] {dag.py:3340} INFO - Setting next_dagrun for dataset_consumes_1_never_scheduled to None, run_after=None
[2022-12-07T22:28:15.359+0000] {logging_mixin.py:137} INFO - [2022-12-07T22:28:15.359+0000] {dag.py:3340} INFO - Setting next_dagrun for dataset_consumes_unknown_never_scheduled to None, run_after=None
[2022-12-07T22:28:15.365+0000] {logging_mixin.py:137} INFO - [2022-12-07T22:28:15.365+0000] {dag.py:3340} INFO - Setting next_dagrun for dataset_produces_1 to 2022-12-06T00:00:00+00:00, run_after=2022-12-07T00:00:00+00:00
[2022-12-07T22:28:15.369+0000] {logging_mixin.py:137} INFO - [2022-12-07T22:28:15.369+0000] {dag.py:3340} INFO - Setting next_dagrun for dataset_produces_2 to None, run_after=None
[2022-12-07T22:28:15.405+0000] {processor.py:176} INFO - Processing /home/airflow/.local/lib/python3.7/site-packages/airflow/example_dags/example_datasets.py took 0.208 seconds
[2022-12-07T22:28:46.234+0000] {processor.py:154} INFO - Started process (PID=481) to work on /home/airflow/.local/lib/python3.7/site-packages/airflow/example_dags/example_datasets.py
[2022-12-07T22:28:46.235+0000] {processor.py:756} INFO - Processing file /home/airflow/.local/lib/python3.7/site-packages/airflow/example_dags/example_datasets.py for tasks to queue
[2022-12-07T22:28:46.236+0000] {logging_mixin.py:137} INFO - [2022-12-07T22:28:46.236+0000] {dagbag.py:537} INFO - Filling up the DagBag from /home/airflow/.local/lib/python3.7/site-packages/airflow/example_dags/example_datasets.py
[2022-12-07T22:28:46.262+0000] {processor.py:766} INFO - DAG(s) dict_keys(['dataset_produces_2', 'dataset_consumes_1_never_scheduled', 'dataset_produces_1', 'dataset_consumes_1_and_2', 'dataset_consumes_unknown_never_scheduled', 'dataset_consumes_1']) retrieved from /home/airflow/.local/lib/python3.7/site-packages/airflow/example_dags/example_datasets.py
[2022-12-07T22:28:46.376+0000] {logging_mixin.py:137} INFO - [2022-12-07T22:28:46.376+0000] {dag.py:2585} INFO - Sync 6 DAGs
[2022-12-07T22:28:46.427+0000] {logging_mixin.py:137} INFO - [2022-12-07T22:28:46.427+0000] {dag.py:3340} INFO - Setting next_dagrun for dataset_consumes_1 to None, run_after=None
[2022-12-07T22:28:46.438+0000] {logging_mixin.py:137} INFO - [2022-12-07T22:28:46.438+0000] {dag.py:3340} INFO - Setting next_dagrun for dataset_consumes_1_and_2 to None, run_after=None
[2022-12-07T22:28:46.441+0000] {logging_mixin.py:137} INFO - [2022-12-07T22:28:46.441+0000] {dag.py:3340} INFO - Setting next_dagrun for dataset_consumes_1_never_scheduled to None, run_after=None
[2022-12-07T22:28:46.445+0000] {logging_mixin.py:137} INFO - [2022-12-07T22:28:46.444+0000] {dag.py:3340} INFO - Setting next_dagrun for dataset_consumes_unknown_never_scheduled to None, run_after=None
[2022-12-07T22:28:46.452+0000] {logging_mixin.py:137} INFO - [2022-12-07T22:28:46.451+0000] {dag.py:3340} INFO - Setting next_dagrun for dataset_produces_1 to 2022-12-06T00:00:00+00:00, run_after=2022-12-07T00:00:00+00:00
[2022-12-07T22:28:46.454+0000] {logging_mixin.py:137} INFO - [2022-12-07T22:28:46.454+0000] {dag.py:3340} INFO - Setting next_dagrun for dataset_produces_2 to None, run_after=None
[2022-12-07T22:28:46.500+0000] {processor.py:176} INFO - Processing /home/airflow/.local/lib/python3.7/site-packages/airflow/example_dags/example_datasets.py took 0.272 seconds
[2022-12-07T22:29:16.780+0000] {processor.py:154} INFO - Started process (PID=536) to work on /home/airflow/.local/lib/python3.7/site-packages/airflow/example_dags/example_datasets.py
[2022-12-07T22:29:16.783+0000] {processor.py:756} INFO - Processing file /home/airflow/.local/lib/python3.7/site-packages/airflow/example_dags/example_datasets.py for tasks to queue
[2022-12-07T22:29:16.785+0000] {logging_mixin.py:137} INFO - [2022-12-07T22:29:16.784+0000] {dagbag.py:537} INFO - Filling up the DagBag from /home/airflow/.local/lib/python3.7/site-packages/airflow/example_dags/example_datasets.py
[2022-12-07T22:29:16.823+0000] {processor.py:766} INFO - DAG(s) dict_keys(['dataset_consumes_1_and_2', 'dataset_consumes_unknown_never_scheduled', 'dataset_consumes_1_never_scheduled', 'dataset_produces_1', 'dataset_consumes_1', 'dataset_produces_2']) retrieved from /home/airflow/.local/lib/python3.7/site-packages/airflow/example_dags/example_datasets.py
[2022-12-07T22:29:16.916+0000] {logging_mixin.py:137} INFO - [2022-12-07T22:29:16.916+0000] {dag.py:2585} INFO - Sync 6 DAGs
[2022-12-07T22:29:16.965+0000] {logging_mixin.py:137} INFO - [2022-12-07T22:29:16.965+0000] {dag.py:3340} INFO - Setting next_dagrun for dataset_consumes_1 to None, run_after=None
[2022-12-07T22:29:16.974+0000] {logging_mixin.py:137} INFO - [2022-12-07T22:29:16.974+0000] {dag.py:3340} INFO - Setting next_dagrun for dataset_consumes_1_and_2 to None, run_after=None
[2022-12-07T22:29:16.977+0000] {logging_mixin.py:137} INFO - [2022-12-07T22:29:16.977+0000] {dag.py:3340} INFO - Setting next_dagrun for dataset_consumes_1_never_scheduled to None, run_after=None
[2022-12-07T22:29:16.981+0000] {logging_mixin.py:137} INFO - [2022-12-07T22:29:16.981+0000] {dag.py:3340} INFO - Setting next_dagrun for dataset_consumes_unknown_never_scheduled to None, run_after=None
[2022-12-07T22:29:16.986+0000] {logging_mixin.py:137} INFO - [2022-12-07T22:29:16.986+0000] {dag.py:3340} INFO - Setting next_dagrun for dataset_produces_1 to 2022-12-06T00:00:00+00:00, run_after=2022-12-07T00:00:00+00:00
[2022-12-07T22:29:16.989+0000] {logging_mixin.py:137} INFO - [2022-12-07T22:29:16.988+0000] {dag.py:3340} INFO - Setting next_dagrun for dataset_produces_2 to None, run_after=None
[2022-12-07T22:29:17.089+0000] {processor.py:176} INFO - Processing /home/airflow/.local/lib/python3.7/site-packages/airflow/example_dags/example_datasets.py took 0.315 seconds
[2022-12-07T22:29:47.756+0000] {processor.py:154} INFO - Started process (PID=600) to work on /home/airflow/.local/lib/python3.7/site-packages/airflow/example_dags/example_datasets.py
[2022-12-07T22:29:47.758+0000] {processor.py:756} INFO - Processing file /home/airflow/.local/lib/python3.7/site-packages/airflow/example_dags/example_datasets.py for tasks to queue
[2022-12-07T22:29:47.760+0000] {logging_mixin.py:137} INFO - [2022-12-07T22:29:47.759+0000] {dagbag.py:537} INFO - Filling up the DagBag from /home/airflow/.local/lib/python3.7/site-packages/airflow/example_dags/example_datasets.py
[2022-12-07T22:29:47.782+0000] {processor.py:766} INFO - DAG(s) dict_keys(['dataset_produces_2', 'dataset_consumes_1_and_2', 'dataset_consumes_1', 'dataset_consumes_1_never_scheduled', 'dataset_produces_1', 'dataset_consumes_unknown_never_scheduled']) retrieved from /home/airflow/.local/lib/python3.7/site-packages/airflow/example_dags/example_datasets.py
[2022-12-07T22:29:47.870+0000] {logging_mixin.py:137} INFO - [2022-12-07T22:29:47.869+0000] {dag.py:2585} INFO - Sync 6 DAGs
[2022-12-07T22:29:47.908+0000] {logging_mixin.py:137} INFO - [2022-12-07T22:29:47.908+0000] {dag.py:3340} INFO - Setting next_dagrun for dataset_consumes_1 to None, run_after=None
[2022-12-07T22:29:47.914+0000] {logging_mixin.py:137} INFO - [2022-12-07T22:29:47.914+0000] {dag.py:3340} INFO - Setting next_dagrun for dataset_consumes_1_and_2 to None, run_after=None
[2022-12-07T22:29:47.916+0000] {logging_mixin.py:137} INFO - [2022-12-07T22:29:47.916+0000] {dag.py:3340} INFO - Setting next_dagrun for dataset_consumes_1_never_scheduled to None, run_after=None
[2022-12-07T22:29:47.918+0000] {logging_mixin.py:137} INFO - [2022-12-07T22:29:47.918+0000] {dag.py:3340} INFO - Setting next_dagrun for dataset_consumes_unknown_never_scheduled to None, run_after=None
[2022-12-07T22:29:47.922+0000] {logging_mixin.py:137} INFO - [2022-12-07T22:29:47.922+0000] {dag.py:3340} INFO - Setting next_dagrun for dataset_produces_1 to 2022-12-06T00:00:00+00:00, run_after=2022-12-07T00:00:00+00:00
[2022-12-07T22:29:47.924+0000] {logging_mixin.py:137} INFO - [2022-12-07T22:29:47.924+0000] {dag.py:3340} INFO - Setting next_dagrun for dataset_produces_2 to None, run_after=None
[2022-12-07T22:29:47.983+0000] {processor.py:176} INFO - Processing /home/airflow/.local/lib/python3.7/site-packages/airflow/example_dags/example_datasets.py took 0.230 seconds
[2022-12-07T22:30:18.093+0000] {processor.py:154} INFO - Started process (PID=655) to work on /home/airflow/.local/lib/python3.7/site-packages/airflow/example_dags/example_datasets.py
[2022-12-07T22:30:18.094+0000] {processor.py:756} INFO - Processing file /home/airflow/.local/lib/python3.7/site-packages/airflow/example_dags/example_datasets.py for tasks to queue
[2022-12-07T22:30:18.095+0000] {logging_mixin.py:137} INFO - [2022-12-07T22:30:18.095+0000] {dagbag.py:537} INFO - Filling up the DagBag from /home/airflow/.local/lib/python3.7/site-packages/airflow/example_dags/example_datasets.py
[2022-12-07T22:30:18.114+0000] {processor.py:766} INFO - DAG(s) dict_keys(['dataset_consumes_unknown_never_scheduled', 'dataset_consumes_1_and_2', 'dataset_consumes_1_never_scheduled', 'dataset_produces_1', 'dataset_consumes_1', 'dataset_produces_2']) retrieved from /home/airflow/.local/lib/python3.7/site-packages/airflow/example_dags/example_datasets.py
[2022-12-07T22:30:18.184+0000] {logging_mixin.py:137} INFO - [2022-12-07T22:30:18.184+0000] {dag.py:2585} INFO - Sync 6 DAGs
[2022-12-07T22:30:18.225+0000] {logging_mixin.py:137} INFO - [2022-12-07T22:30:18.225+0000] {dag.py:3340} INFO - Setting next_dagrun for dataset_consumes_1 to None, run_after=None
[2022-12-07T22:30:18.233+0000] {logging_mixin.py:137} INFO - [2022-12-07T22:30:18.233+0000] {dag.py:3340} INFO - Setting next_dagrun for dataset_consumes_1_and_2 to None, run_after=None
[2022-12-07T22:30:18.236+0000] {logging_mixin.py:137} INFO - [2022-12-07T22:30:18.236+0000] {dag.py:3340} INFO - Setting next_dagrun for dataset_consumes_1_never_scheduled to None, run_after=None
[2022-12-07T22:30:18.239+0000] {logging_mixin.py:137} INFO - [2022-12-07T22:30:18.238+0000] {dag.py:3340} INFO - Setting next_dagrun for dataset_consumes_unknown_never_scheduled to None, run_after=None
[2022-12-07T22:30:18.244+0000] {logging_mixin.py:137} INFO - [2022-12-07T22:30:18.243+0000] {dag.py:3340} INFO - Setting next_dagrun for dataset_produces_1 to 2022-12-06T00:00:00+00:00, run_after=2022-12-07T00:00:00+00:00
[2022-12-07T22:30:18.246+0000] {logging_mixin.py:137} INFO - [2022-12-07T22:30:18.246+0000] {dag.py:3340} INFO - Setting next_dagrun for dataset_produces_2 to None, run_after=None
[2022-12-07T22:30:18.306+0000] {processor.py:176} INFO - Processing /home/airflow/.local/lib/python3.7/site-packages/airflow/example_dags/example_datasets.py took 0.217 seconds
[2022-12-07T22:30:48.420+0000] {processor.py:154} INFO - Started process (PID=719) to work on /home/airflow/.local/lib/python3.7/site-packages/airflow/example_dags/example_datasets.py
[2022-12-07T22:30:48.421+0000] {processor.py:756} INFO - Processing file /home/airflow/.local/lib/python3.7/site-packages/airflow/example_dags/example_datasets.py for tasks to queue
[2022-12-07T22:30:48.423+0000] {logging_mixin.py:137} INFO - [2022-12-07T22:30:48.422+0000] {dagbag.py:537} INFO - Filling up the DagBag from /home/airflow/.local/lib/python3.7/site-packages/airflow/example_dags/example_datasets.py
[2022-12-07T22:30:48.450+0000] {processor.py:766} INFO - DAG(s) dict_keys(['dataset_consumes_1', 'dataset_consumes_1_never_scheduled', 'dataset_consumes_unknown_never_scheduled', 'dataset_produces_1', 'dataset_consumes_1_and_2', 'dataset_produces_2']) retrieved from /home/airflow/.local/lib/python3.7/site-packages/airflow/example_dags/example_datasets.py
[2022-12-07T22:30:48.559+0000] {logging_mixin.py:137} INFO - [2022-12-07T22:30:48.559+0000] {dag.py:2585} INFO - Sync 6 DAGs
[2022-12-07T22:30:48.607+0000] {logging_mixin.py:137} INFO - [2022-12-07T22:30:48.607+0000] {dag.py:3340} INFO - Setting next_dagrun for dataset_consumes_1 to None, run_after=None
[2022-12-07T22:30:48.614+0000] {logging_mixin.py:137} INFO - [2022-12-07T22:30:48.614+0000] {dag.py:3340} INFO - Setting next_dagrun for dataset_consumes_1_and_2 to None, run_after=None
[2022-12-07T22:30:48.617+0000] {logging_mixin.py:137} INFO - [2022-12-07T22:30:48.616+0000] {dag.py:3340} INFO - Setting next_dagrun for dataset_consumes_1_never_scheduled to None, run_after=None
[2022-12-07T22:30:48.619+0000] {logging_mixin.py:137} INFO - [2022-12-07T22:30:48.619+0000] {dag.py:3340} INFO - Setting next_dagrun for dataset_consumes_unknown_never_scheduled to None, run_after=None
[2022-12-07T22:30:48.624+0000] {logging_mixin.py:137} INFO - [2022-12-07T22:30:48.624+0000] {dag.py:3340} INFO - Setting next_dagrun for dataset_produces_1 to 2022-12-06T00:00:00+00:00, run_after=2022-12-07T00:00:00+00:00
[2022-12-07T22:30:48.627+0000] {logging_mixin.py:137} INFO - [2022-12-07T22:30:48.626+0000] {dag.py:3340} INFO - Setting next_dagrun for dataset_produces_2 to None, run_after=None
[2022-12-07T22:30:48.668+0000] {processor.py:176} INFO - Processing /home/airflow/.local/lib/python3.7/site-packages/airflow/example_dags/example_datasets.py took 0.255 seconds
[2022-12-07T22:31:19.607+0000] {processor.py:154} INFO - Started process (PID=774) to work on /home/airflow/.local/lib/python3.7/site-packages/airflow/example_dags/example_datasets.py
[2022-12-07T22:31:19.608+0000] {processor.py:756} INFO - Processing file /home/airflow/.local/lib/python3.7/site-packages/airflow/example_dags/example_datasets.py for tasks to queue
[2022-12-07T22:31:19.610+0000] {logging_mixin.py:137} INFO - [2022-12-07T22:31:19.609+0000] {dagbag.py:537} INFO - Filling up the DagBag from /home/airflow/.local/lib/python3.7/site-packages/airflow/example_dags/example_datasets.py
[2022-12-07T22:31:19.644+0000] {processor.py:766} INFO - DAG(s) dict_keys(['dataset_produces_1', 'dataset_consumes_1_and_2', 'dataset_consumes_unknown_never_scheduled', 'dataset_consumes_1_never_scheduled', 'dataset_produces_2', 'dataset_consumes_1']) retrieved from /home/airflow/.local/lib/python3.7/site-packages/airflow/example_dags/example_datasets.py
[2022-12-07T22:31:19.731+0000] {logging_mixin.py:137} INFO - [2022-12-07T22:31:19.730+0000] {dag.py:2585} INFO - Sync 6 DAGs
[2022-12-07T22:31:19.774+0000] {logging_mixin.py:137} INFO - [2022-12-07T22:31:19.774+0000] {dag.py:3340} INFO - Setting next_dagrun for dataset_consumes_1 to None, run_after=None
[2022-12-07T22:31:19.779+0000] {logging_mixin.py:137} INFO - [2022-12-07T22:31:19.779+0000] {dag.py:3340} INFO - Setting next_dagrun for dataset_consumes_1_and_2 to None, run_after=None
[2022-12-07T22:31:19.781+0000] {logging_mixin.py:137} INFO - [2022-12-07T22:31:19.780+0000] {dag.py:3340} INFO - Setting next_dagrun for dataset_consumes_1_never_scheduled to None, run_after=None
[2022-12-07T22:31:19.782+0000] {logging_mixin.py:137} INFO - [2022-12-07T22:31:19.782+0000] {dag.py:3340} INFO - Setting next_dagrun for dataset_consumes_unknown_never_scheduled to None, run_after=None
[2022-12-07T22:31:19.786+0000] {logging_mixin.py:137} INFO - [2022-12-07T22:31:19.786+0000] {dag.py:3340} INFO - Setting next_dagrun for dataset_produces_1 to 2022-12-06T00:00:00+00:00, run_after=2022-12-07T00:00:00+00:00
[2022-12-07T22:31:19.788+0000] {logging_mixin.py:137} INFO - [2022-12-07T22:31:19.787+0000] {dag.py:3340} INFO - Setting next_dagrun for dataset_produces_2 to None, run_after=None
[2022-12-07T22:31:19.820+0000] {processor.py:176} INFO - Processing /home/airflow/.local/lib/python3.7/site-packages/airflow/example_dags/example_datasets.py took 0.217 seconds
[2022-12-07T22:31:49.896+0000] {processor.py:154} INFO - Started process (PID=839) to work on /home/airflow/.local/lib/python3.7/site-packages/airflow/example_dags/example_datasets.py
[2022-12-07T22:31:49.897+0000] {processor.py:756} INFO - Processing file /home/airflow/.local/lib/python3.7/site-packages/airflow/example_dags/example_datasets.py for tasks to queue
[2022-12-07T22:31:49.898+0000] {logging_mixin.py:137} INFO - [2022-12-07T22:31:49.898+0000] {dagbag.py:537} INFO - Filling up the DagBag from /home/airflow/.local/lib/python3.7/site-packages/airflow/example_dags/example_datasets.py
[2022-12-07T22:31:49.917+0000] {processor.py:766} INFO - DAG(s) dict_keys(['dataset_produces_2', 'dataset_consumes_1_and_2', 'dataset_consumes_1', 'dataset_consumes_unknown_never_scheduled', 'dataset_produces_1', 'dataset_consumes_1_never_scheduled']) retrieved from /home/airflow/.local/lib/python3.7/site-packages/airflow/example_dags/example_datasets.py
[2022-12-07T22:31:50.002+0000] {logging_mixin.py:137} INFO - [2022-12-07T22:31:50.002+0000] {dag.py:2585} INFO - Sync 6 DAGs
[2022-12-07T22:31:50.035+0000] {logging_mixin.py:137} INFO - [2022-12-07T22:31:50.035+0000] {dag.py:3340} INFO - Setting next_dagrun for dataset_consumes_1 to None, run_after=None
[2022-12-07T22:31:50.039+0000] {logging_mixin.py:137} INFO - [2022-12-07T22:31:50.039+0000] {dag.py:3340} INFO - Setting next_dagrun for dataset_consumes_1_and_2 to None, run_after=None
[2022-12-07T22:31:50.041+0000] {logging_mixin.py:137} INFO - [2022-12-07T22:31:50.041+0000] {dag.py:3340} INFO - Setting next_dagrun for dataset_consumes_1_never_scheduled to None, run_after=None
[2022-12-07T22:31:50.043+0000] {logging_mixin.py:137} INFO - [2022-12-07T22:31:50.043+0000] {dag.py:3340} INFO - Setting next_dagrun for dataset_consumes_unknown_never_scheduled to None, run_after=None
[2022-12-07T22:31:50.048+0000] {logging_mixin.py:137} INFO - [2022-12-07T22:31:50.048+0000] {dag.py:3340} INFO - Setting next_dagrun for dataset_produces_1 to 2022-12-06T00:00:00+00:00, run_after=2022-12-07T00:00:00+00:00
[2022-12-07T22:31:50.050+0000] {logging_mixin.py:137} INFO - [2022-12-07T22:31:50.050+0000] {dag.py:3340} INFO - Setting next_dagrun for dataset_produces_2 to None, run_after=None
[2022-12-07T22:31:50.087+0000] {processor.py:176} INFO - Processing /home/airflow/.local/lib/python3.7/site-packages/airflow/example_dags/example_datasets.py took 0.195 seconds
[2022-12-07T22:32:20.800+0000] {processor.py:154} INFO - Started process (PID=901) to work on /home/airflow/.local/lib/python3.7/site-packages/airflow/example_dags/example_datasets.py
[2022-12-07T22:32:20.801+0000] {processor.py:756} INFO - Processing file /home/airflow/.local/lib/python3.7/site-packages/airflow/example_dags/example_datasets.py for tasks to queue
[2022-12-07T22:32:20.802+0000] {logging_mixin.py:137} INFO - [2022-12-07T22:32:20.802+0000] {dagbag.py:537} INFO - Filling up the DagBag from /home/airflow/.local/lib/python3.7/site-packages/airflow/example_dags/example_datasets.py
[2022-12-07T22:32:20.825+0000] {processor.py:766} INFO - DAG(s) dict_keys(['dataset_produces_1', 'dataset_consumes_1_and_2', 'dataset_consumes_1', 'dataset_consumes_1_never_scheduled', 'dataset_consumes_unknown_never_scheduled', 'dataset_produces_2']) retrieved from /home/airflow/.local/lib/python3.7/site-packages/airflow/example_dags/example_datasets.py
[2022-12-07T22:32:20.909+0000] {logging_mixin.py:137} INFO - [2022-12-07T22:32:20.908+0000] {dag.py:2585} INFO - Sync 6 DAGs
[2022-12-07T22:32:20.951+0000] {logging_mixin.py:137} INFO - [2022-12-07T22:32:20.950+0000] {dag.py:3340} INFO - Setting next_dagrun for dataset_consumes_1 to None, run_after=None
[2022-12-07T22:32:20.960+0000] {logging_mixin.py:137} INFO - [2022-12-07T22:32:20.960+0000] {dag.py:3340} INFO - Setting next_dagrun for dataset_consumes_1_and_2 to None, run_after=None
[2022-12-07T22:32:20.963+0000] {logging_mixin.py:137} INFO - [2022-12-07T22:32:20.963+0000] {dag.py:3340} INFO - Setting next_dagrun for dataset_consumes_1_never_scheduled to None, run_after=None
[2022-12-07T22:32:20.966+0000] {logging_mixin.py:137} INFO - [2022-12-07T22:32:20.966+0000] {dag.py:3340} INFO - Setting next_dagrun for dataset_consumes_unknown_never_scheduled to None, run_after=None
[2022-12-07T22:32:20.973+0000] {logging_mixin.py:137} INFO - [2022-12-07T22:32:20.972+0000] {dag.py:3340} INFO - Setting next_dagrun for dataset_produces_1 to 2022-12-06T00:00:00+00:00, run_after=2022-12-07T00:00:00+00:00
[2022-12-07T22:32:20.975+0000] {logging_mixin.py:137} INFO - [2022-12-07T22:32:20.975+0000] {dag.py:3340} INFO - Setting next_dagrun for dataset_produces_2 to None, run_after=None
[2022-12-07T22:32:21.034+0000] {processor.py:176} INFO - Processing /home/airflow/.local/lib/python3.7/site-packages/airflow/example_dags/example_datasets.py took 0.241 seconds
