[2022-12-07T21:19:52.512+0000] {processor.py:154} INFO - Started process (PID=28216) to work on /home/airflow/.local/lib/python3.7/site-packages/airflow/example_dags/example_kubernetes_executor.py
[2022-12-07T21:19:52.513+0000] {processor.py:756} INFO - Processing file /home/airflow/.local/lib/python3.7/site-packages/airflow/example_dags/example_kubernetes_executor.py for tasks to queue
[2022-12-07T21:19:52.515+0000] {logging_mixin.py:137} INFO - [2022-12-07T21:19:52.515+0000] {dagbag.py:537} INFO - Filling up the DagBag from /home/airflow/.local/lib/python3.7/site-packages/airflow/example_dags/example_kubernetes_executor.py
[2022-12-07T21:19:52.559+0000] {processor.py:766} INFO - DAG(s) dict_keys(['example_kubernetes_executor']) retrieved from /home/airflow/.local/lib/python3.7/site-packages/airflow/example_dags/example_kubernetes_executor.py
[2022-12-07T21:19:52.630+0000] {logging_mixin.py:137} INFO - [2022-12-07T21:19:52.629+0000] {dag.py:2585} INFO - Sync 1 DAGs
[2022-12-07T21:19:52.672+0000] {logging_mixin.py:137} INFO - [2022-12-07T21:19:52.672+0000] {dag.py:3340} INFO - Setting next_dagrun for example_kubernetes_executor to None, run_after=None
[2022-12-07T21:19:52.702+0000] {processor.py:176} INFO - Processing /home/airflow/.local/lib/python3.7/site-packages/airflow/example_dags/example_kubernetes_executor.py took 0.199 seconds
[2022-12-07T21:20:22.951+0000] {processor.py:154} INFO - Started process (PID=28270) to work on /home/airflow/.local/lib/python3.7/site-packages/airflow/example_dags/example_kubernetes_executor.py
[2022-12-07T21:20:22.952+0000] {processor.py:756} INFO - Processing file /home/airflow/.local/lib/python3.7/site-packages/airflow/example_dags/example_kubernetes_executor.py for tasks to queue
[2022-12-07T21:20:22.953+0000] {logging_mixin.py:137} INFO - [2022-12-07T21:20:22.953+0000] {dagbag.py:537} INFO - Filling up the DagBag from /home/airflow/.local/lib/python3.7/site-packages/airflow/example_dags/example_kubernetes_executor.py
[2022-12-07T21:20:22.991+0000] {processor.py:766} INFO - DAG(s) dict_keys(['example_kubernetes_executor']) retrieved from /home/airflow/.local/lib/python3.7/site-packages/airflow/example_dags/example_kubernetes_executor.py
[2022-12-07T21:20:23.039+0000] {logging_mixin.py:137} INFO - [2022-12-07T21:20:23.039+0000] {dag.py:2585} INFO - Sync 1 DAGs
[2022-12-07T21:20:23.071+0000] {logging_mixin.py:137} INFO - [2022-12-07T21:20:23.070+0000] {dag.py:3340} INFO - Setting next_dagrun for example_kubernetes_executor to None, run_after=None
[2022-12-07T21:20:23.105+0000] {processor.py:176} INFO - Processing /home/airflow/.local/lib/python3.7/site-packages/airflow/example_dags/example_kubernetes_executor.py took 0.159 seconds
[2022-12-07T21:20:53.913+0000] {processor.py:154} INFO - Started process (PID=28339) to work on /home/airflow/.local/lib/python3.7/site-packages/airflow/example_dags/example_kubernetes_executor.py
[2022-12-07T21:20:53.917+0000] {processor.py:756} INFO - Processing file /home/airflow/.local/lib/python3.7/site-packages/airflow/example_dags/example_kubernetes_executor.py for tasks to queue
[2022-12-07T21:20:53.924+0000] {logging_mixin.py:137} INFO - [2022-12-07T21:20:53.924+0000] {dagbag.py:537} INFO - Filling up the DagBag from /home/airflow/.local/lib/python3.7/site-packages/airflow/example_dags/example_kubernetes_executor.py
[2022-12-07T21:20:54.102+0000] {processor.py:766} INFO - DAG(s) dict_keys(['example_kubernetes_executor']) retrieved from /home/airflow/.local/lib/python3.7/site-packages/airflow/example_dags/example_kubernetes_executor.py
[2022-12-07T21:20:54.328+0000] {logging_mixin.py:137} INFO - [2022-12-07T21:20:54.328+0000] {dag.py:2585} INFO - Sync 1 DAGs
[2022-12-07T21:20:54.756+0000] {logging_mixin.py:137} INFO - [2022-12-07T21:20:54.755+0000] {dag.py:3340} INFO - Setting next_dagrun for example_kubernetes_executor to None, run_after=None
[2022-12-07T21:20:54.802+0000] {processor.py:176} INFO - Processing /home/airflow/.local/lib/python3.7/site-packages/airflow/example_dags/example_kubernetes_executor.py took 0.895 seconds
[2022-12-07T21:21:25.500+0000] {processor.py:154} INFO - Started process (PID=28394) to work on /home/airflow/.local/lib/python3.7/site-packages/airflow/example_dags/example_kubernetes_executor.py
[2022-12-07T21:21:25.501+0000] {processor.py:756} INFO - Processing file /home/airflow/.local/lib/python3.7/site-packages/airflow/example_dags/example_kubernetes_executor.py for tasks to queue
[2022-12-07T21:21:25.503+0000] {logging_mixin.py:137} INFO - [2022-12-07T21:21:25.503+0000] {dagbag.py:537} INFO - Filling up the DagBag from /home/airflow/.local/lib/python3.7/site-packages/airflow/example_dags/example_kubernetes_executor.py
[2022-12-07T21:21:25.597+0000] {processor.py:766} INFO - DAG(s) dict_keys(['example_kubernetes_executor']) retrieved from /home/airflow/.local/lib/python3.7/site-packages/airflow/example_dags/example_kubernetes_executor.py
[2022-12-07T21:21:25.818+0000] {logging_mixin.py:137} INFO - [2022-12-07T21:21:25.818+0000] {dag.py:2585} INFO - Sync 1 DAGs
[2022-12-07T21:21:26.484+0000] {logging_mixin.py:137} INFO - [2022-12-07T21:21:26.484+0000] {dag.py:3340} INFO - Setting next_dagrun for example_kubernetes_executor to None, run_after=None
[2022-12-07T21:21:26.562+0000] {processor.py:176} INFO - Processing /home/airflow/.local/lib/python3.7/site-packages/airflow/example_dags/example_kubernetes_executor.py took 1.075 seconds
[2022-12-07T21:21:56.760+0000] {processor.py:154} INFO - Started process (PID=28458) to work on /home/airflow/.local/lib/python3.7/site-packages/airflow/example_dags/example_kubernetes_executor.py
[2022-12-07T21:21:56.762+0000] {processor.py:756} INFO - Processing file /home/airflow/.local/lib/python3.7/site-packages/airflow/example_dags/example_kubernetes_executor.py for tasks to queue
[2022-12-07T21:21:56.763+0000] {logging_mixin.py:137} INFO - [2022-12-07T21:21:56.763+0000] {dagbag.py:537} INFO - Filling up the DagBag from /home/airflow/.local/lib/python3.7/site-packages/airflow/example_dags/example_kubernetes_executor.py
[2022-12-07T21:21:56.806+0000] {processor.py:766} INFO - DAG(s) dict_keys(['example_kubernetes_executor']) retrieved from /home/airflow/.local/lib/python3.7/site-packages/airflow/example_dags/example_kubernetes_executor.py
[2022-12-07T21:21:57.126+0000] {logging_mixin.py:137} INFO - [2022-12-07T21:21:57.125+0000] {dag.py:2585} INFO - Sync 1 DAGs
[2022-12-07T21:21:57.202+0000] {logging_mixin.py:137} INFO - [2022-12-07T21:21:57.201+0000] {dag.py:3340} INFO - Setting next_dagrun for example_kubernetes_executor to None, run_after=None
[2022-12-07T21:21:57.247+0000] {processor.py:176} INFO - Processing /home/airflow/.local/lib/python3.7/site-packages/airflow/example_dags/example_kubernetes_executor.py took 0.492 seconds
[2022-12-07T21:22:27.640+0000] {processor.py:154} INFO - Started process (PID=28513) to work on /home/airflow/.local/lib/python3.7/site-packages/airflow/example_dags/example_kubernetes_executor.py
[2022-12-07T21:22:27.641+0000] {processor.py:756} INFO - Processing file /home/airflow/.local/lib/python3.7/site-packages/airflow/example_dags/example_kubernetes_executor.py for tasks to queue
[2022-12-07T21:22:27.643+0000] {logging_mixin.py:137} INFO - [2022-12-07T21:22:27.642+0000] {dagbag.py:537} INFO - Filling up the DagBag from /home/airflow/.local/lib/python3.7/site-packages/airflow/example_dags/example_kubernetes_executor.py
[2022-12-07T21:22:27.700+0000] {processor.py:766} INFO - DAG(s) dict_keys(['example_kubernetes_executor']) retrieved from /home/airflow/.local/lib/python3.7/site-packages/airflow/example_dags/example_kubernetes_executor.py
[2022-12-07T21:22:27.791+0000] {logging_mixin.py:137} INFO - [2022-12-07T21:22:27.790+0000] {dag.py:2585} INFO - Sync 1 DAGs
[2022-12-07T21:22:27.841+0000] {logging_mixin.py:137} INFO - [2022-12-07T21:22:27.841+0000] {dag.py:3340} INFO - Setting next_dagrun for example_kubernetes_executor to None, run_after=None
[2022-12-07T21:22:27.883+0000] {processor.py:176} INFO - Processing /home/airflow/.local/lib/python3.7/site-packages/airflow/example_dags/example_kubernetes_executor.py took 0.246 seconds
[2022-12-07T21:22:58.863+0000] {processor.py:154} INFO - Started process (PID=28568) to work on /home/airflow/.local/lib/python3.7/site-packages/airflow/example_dags/example_kubernetes_executor.py
[2022-12-07T21:22:58.866+0000] {processor.py:756} INFO - Processing file /home/airflow/.local/lib/python3.7/site-packages/airflow/example_dags/example_kubernetes_executor.py for tasks to queue
[2022-12-07T21:22:58.868+0000] {logging_mixin.py:137} INFO - [2022-12-07T21:22:58.867+0000] {dagbag.py:537} INFO - Filling up the DagBag from /home/airflow/.local/lib/python3.7/site-packages/airflow/example_dags/example_kubernetes_executor.py
[2022-12-07T21:22:58.957+0000] {processor.py:766} INFO - DAG(s) dict_keys(['example_kubernetes_executor']) retrieved from /home/airflow/.local/lib/python3.7/site-packages/airflow/example_dags/example_kubernetes_executor.py
[2022-12-07T21:22:59.049+0000] {logging_mixin.py:137} INFO - [2022-12-07T21:22:59.049+0000] {dag.py:2585} INFO - Sync 1 DAGs
[2022-12-07T21:22:59.117+0000] {logging_mixin.py:137} INFO - [2022-12-07T21:22:59.116+0000] {dag.py:3340} INFO - Setting next_dagrun for example_kubernetes_executor to None, run_after=None
[2022-12-07T21:22:59.448+0000] {processor.py:176} INFO - Processing /home/airflow/.local/lib/python3.7/site-packages/airflow/example_dags/example_kubernetes_executor.py took 0.592 seconds
