[2022-12-07T22:25:15.564+0000] {processor.py:154} INFO - Started process (PID=82) to work on /home/airflow/.local/lib/python3.7/site-packages/airflow/example_dags/example_branch_datetime_operator.py
[2022-12-07T22:25:15.566+0000] {processor.py:756} INFO - Processing file /home/airflow/.local/lib/python3.7/site-packages/airflow/example_dags/example_branch_datetime_operator.py for tasks to queue
[2022-12-07T22:25:15.568+0000] {logging_mixin.py:137} INFO - [2022-12-07T22:25:15.568+0000] {dagbag.py:537} INFO - Filling up the DagBag from /home/airflow/.local/lib/python3.7/site-packages/airflow/example_dags/example_branch_datetime_operator.py
[2022-12-07T22:25:15.617+0000] {processor.py:766} INFO - DAG(s) dict_keys(['example_branch_datetime_operator_3', 'example_branch_datetime_operator', 'example_branch_datetime_operator_2']) retrieved from /home/airflow/.local/lib/python3.7/site-packages/airflow/example_dags/example_branch_datetime_operator.py
[2022-12-07T22:25:15.724+0000] {logging_mixin.py:137} INFO - [2022-12-07T22:25:15.724+0000] {dag.py:2585} INFO - Sync 3 DAGs
[2022-12-07T22:25:15.846+0000] {logging_mixin.py:137} INFO - [2022-12-07T22:25:15.845+0000] {dag.py:3340} INFO - Setting next_dagrun for example_branch_datetime_operator to 2022-12-06T00:00:00+00:00, run_after=2022-12-07T00:00:00+00:00
[2022-12-07T22:25:15.869+0000] {logging_mixin.py:137} INFO - [2022-12-07T22:25:15.869+0000] {dag.py:3340} INFO - Setting next_dagrun for example_branch_datetime_operator_2 to 2022-12-06T00:00:00+00:00, run_after=2022-12-07T00:00:00+00:00
[2022-12-07T22:25:15.885+0000] {logging_mixin.py:137} INFO - [2022-12-07T22:25:15.885+0000] {dag.py:3340} INFO - Setting next_dagrun for example_branch_datetime_operator_3 to 2022-12-06T00:00:00+00:00, run_after=2022-12-07T00:00:00+00:00
[2022-12-07T22:25:15.929+0000] {processor.py:176} INFO - Processing /home/airflow/.local/lib/python3.7/site-packages/airflow/example_dags/example_branch_datetime_operator.py took 0.372 seconds
[2022-12-07T22:25:46.641+0000] {processor.py:154} INFO - Started process (PID=137) to work on /home/airflow/.local/lib/python3.7/site-packages/airflow/example_dags/example_branch_datetime_operator.py
[2022-12-07T22:25:46.642+0000] {processor.py:756} INFO - Processing file /home/airflow/.local/lib/python3.7/site-packages/airflow/example_dags/example_branch_datetime_operator.py for tasks to queue
[2022-12-07T22:25:46.643+0000] {logging_mixin.py:137} INFO - [2022-12-07T22:25:46.643+0000] {dagbag.py:537} INFO - Filling up the DagBag from /home/airflow/.local/lib/python3.7/site-packages/airflow/example_dags/example_branch_datetime_operator.py
[2022-12-07T22:25:46.665+0000] {processor.py:766} INFO - DAG(s) dict_keys(['example_branch_datetime_operator', 'example_branch_datetime_operator_3', 'example_branch_datetime_operator_2']) retrieved from /home/airflow/.local/lib/python3.7/site-packages/airflow/example_dags/example_branch_datetime_operator.py
[2022-12-07T22:25:46.732+0000] {logging_mixin.py:137} INFO - [2022-12-07T22:25:46.732+0000] {dag.py:2585} INFO - Sync 3 DAGs
[2022-12-07T22:25:46.776+0000] {logging_mixin.py:137} INFO - [2022-12-07T22:25:46.775+0000] {dag.py:3340} INFO - Setting next_dagrun for example_branch_datetime_operator to 2022-12-06T00:00:00+00:00, run_after=2022-12-07T00:00:00+00:00
[2022-12-07T22:25:46.785+0000] {logging_mixin.py:137} INFO - [2022-12-07T22:25:46.784+0000] {dag.py:3340} INFO - Setting next_dagrun for example_branch_datetime_operator_2 to 2022-12-06T00:00:00+00:00, run_after=2022-12-07T00:00:00+00:00
[2022-12-07T22:25:46.789+0000] {logging_mixin.py:137} INFO - [2022-12-07T22:25:46.788+0000] {dag.py:3340} INFO - Setting next_dagrun for example_branch_datetime_operator_3 to 2022-12-06T00:00:00+00:00, run_after=2022-12-07T00:00:00+00:00
[2022-12-07T22:25:46.819+0000] {processor.py:176} INFO - Processing /home/airflow/.local/lib/python3.7/site-packages/airflow/example_dags/example_branch_datetime_operator.py took 0.181 seconds
[2022-12-07T22:26:17.446+0000] {processor.py:154} INFO - Started process (PID=202) to work on /home/airflow/.local/lib/python3.7/site-packages/airflow/example_dags/example_branch_datetime_operator.py
[2022-12-07T22:26:17.448+0000] {processor.py:756} INFO - Processing file /home/airflow/.local/lib/python3.7/site-packages/airflow/example_dags/example_branch_datetime_operator.py for tasks to queue
[2022-12-07T22:26:17.449+0000] {logging_mixin.py:137} INFO - [2022-12-07T22:26:17.449+0000] {dagbag.py:537} INFO - Filling up the DagBag from /home/airflow/.local/lib/python3.7/site-packages/airflow/example_dags/example_branch_datetime_operator.py
[2022-12-07T22:26:17.476+0000] {processor.py:766} INFO - DAG(s) dict_keys(['example_branch_datetime_operator_2', 'example_branch_datetime_operator_3', 'example_branch_datetime_operator']) retrieved from /home/airflow/.local/lib/python3.7/site-packages/airflow/example_dags/example_branch_datetime_operator.py
[2022-12-07T22:26:17.562+0000] {logging_mixin.py:137} INFO - [2022-12-07T22:26:17.561+0000] {dag.py:2585} INFO - Sync 3 DAGs
[2022-12-07T22:26:17.612+0000] {logging_mixin.py:137} INFO - [2022-12-07T22:26:17.612+0000] {dag.py:3340} INFO - Setting next_dagrun for example_branch_datetime_operator to 2022-12-06T00:00:00+00:00, run_after=2022-12-07T00:00:00+00:00
[2022-12-07T22:26:17.633+0000] {logging_mixin.py:137} INFO - [2022-12-07T22:26:17.632+0000] {dag.py:3340} INFO - Setting next_dagrun for example_branch_datetime_operator_2 to 2022-12-06T00:00:00+00:00, run_after=2022-12-07T00:00:00+00:00
[2022-12-07T22:26:17.642+0000] {logging_mixin.py:137} INFO - [2022-12-07T22:26:17.642+0000] {dag.py:3340} INFO - Setting next_dagrun for example_branch_datetime_operator_3 to 2022-12-06T00:00:00+00:00, run_after=2022-12-07T00:00:00+00:00
[2022-12-07T22:26:17.678+0000] {processor.py:176} INFO - Processing /home/airflow/.local/lib/python3.7/site-packages/airflow/example_dags/example_branch_datetime_operator.py took 0.235 seconds
[2022-12-07T22:26:47.912+0000] {processor.py:154} INFO - Started process (PID=256) to work on /home/airflow/.local/lib/python3.7/site-packages/airflow/example_dags/example_branch_datetime_operator.py
[2022-12-07T22:26:47.913+0000] {processor.py:756} INFO - Processing file /home/airflow/.local/lib/python3.7/site-packages/airflow/example_dags/example_branch_datetime_operator.py for tasks to queue
[2022-12-07T22:26:47.915+0000] {logging_mixin.py:137} INFO - [2022-12-07T22:26:47.914+0000] {dagbag.py:537} INFO - Filling up the DagBag from /home/airflow/.local/lib/python3.7/site-packages/airflow/example_dags/example_branch_datetime_operator.py
[2022-12-07T22:26:47.945+0000] {processor.py:766} INFO - DAG(s) dict_keys(['example_branch_datetime_operator_3', 'example_branch_datetime_operator', 'example_branch_datetime_operator_2']) retrieved from /home/airflow/.local/lib/python3.7/site-packages/airflow/example_dags/example_branch_datetime_operator.py
[2022-12-07T22:26:48.021+0000] {logging_mixin.py:137} INFO - [2022-12-07T22:26:48.021+0000] {dag.py:2585} INFO - Sync 3 DAGs
[2022-12-07T22:26:48.060+0000] {logging_mixin.py:137} INFO - [2022-12-07T22:26:48.060+0000] {dag.py:3340} INFO - Setting next_dagrun for example_branch_datetime_operator to 2022-12-06T00:00:00+00:00, run_after=2022-12-07T00:00:00+00:00
[2022-12-07T22:26:48.067+0000] {logging_mixin.py:137} INFO - [2022-12-07T22:26:48.067+0000] {dag.py:3340} INFO - Setting next_dagrun for example_branch_datetime_operator_2 to 2022-12-06T00:00:00+00:00, run_after=2022-12-07T00:00:00+00:00
[2022-12-07T22:26:48.071+0000] {logging_mixin.py:137} INFO - [2022-12-07T22:26:48.071+0000] {dag.py:3340} INFO - Setting next_dagrun for example_branch_datetime_operator_3 to 2022-12-06T00:00:00+00:00, run_after=2022-12-07T00:00:00+00:00
[2022-12-07T22:26:48.105+0000] {processor.py:176} INFO - Processing /home/airflow/.local/lib/python3.7/site-packages/airflow/example_dags/example_branch_datetime_operator.py took 0.196 seconds
[2022-12-07T22:27:19.735+0000] {processor.py:154} INFO - Started process (PID=312) to work on /home/airflow/.local/lib/python3.7/site-packages/airflow/example_dags/example_branch_datetime_operator.py
[2022-12-07T22:27:19.748+0000] {processor.py:756} INFO - Processing file /home/airflow/.local/lib/python3.7/site-packages/airflow/example_dags/example_branch_datetime_operator.py for tasks to queue
[2022-12-07T22:27:19.750+0000] {logging_mixin.py:137} INFO - [2022-12-07T22:27:19.750+0000] {dagbag.py:537} INFO - Filling up the DagBag from /home/airflow/.local/lib/python3.7/site-packages/airflow/example_dags/example_branch_datetime_operator.py
[2022-12-07T22:27:19.847+0000] {processor.py:766} INFO - DAG(s) dict_keys(['example_branch_datetime_operator', 'example_branch_datetime_operator_3', 'example_branch_datetime_operator_2']) retrieved from /home/airflow/.local/lib/python3.7/site-packages/airflow/example_dags/example_branch_datetime_operator.py
[2022-12-07T22:27:20.046+0000] {logging_mixin.py:137} INFO - [2022-12-07T22:27:20.045+0000] {dag.py:2585} INFO - Sync 3 DAGs
[2022-12-07T22:27:20.172+0000] {logging_mixin.py:137} INFO - [2022-12-07T22:27:20.172+0000] {dag.py:3340} INFO - Setting next_dagrun for example_branch_datetime_operator to 2022-12-06T00:00:00+00:00, run_after=2022-12-07T00:00:00+00:00
[2022-12-07T22:27:20.190+0000] {logging_mixin.py:137} INFO - [2022-12-07T22:27:20.190+0000] {dag.py:3340} INFO - Setting next_dagrun for example_branch_datetime_operator_2 to 2022-12-06T00:00:00+00:00, run_after=2022-12-07T00:00:00+00:00
[2022-12-07T22:27:20.196+0000] {logging_mixin.py:137} INFO - [2022-12-07T22:27:20.196+0000] {dag.py:3340} INFO - Setting next_dagrun for example_branch_datetime_operator_3 to 2022-12-06T00:00:00+00:00, run_after=2022-12-07T00:00:00+00:00
[2022-12-07T22:27:20.235+0000] {processor.py:176} INFO - Processing /home/airflow/.local/lib/python3.7/site-packages/airflow/example_dags/example_branch_datetime_operator.py took 0.506 seconds
[2022-12-07T22:27:50.525+0000] {processor.py:154} INFO - Started process (PID=376) to work on /home/airflow/.local/lib/python3.7/site-packages/airflow/example_dags/example_branch_datetime_operator.py
[2022-12-07T22:27:50.526+0000] {processor.py:756} INFO - Processing file /home/airflow/.local/lib/python3.7/site-packages/airflow/example_dags/example_branch_datetime_operator.py for tasks to queue
[2022-12-07T22:27:50.527+0000] {logging_mixin.py:137} INFO - [2022-12-07T22:27:50.527+0000] {dagbag.py:537} INFO - Filling up the DagBag from /home/airflow/.local/lib/python3.7/site-packages/airflow/example_dags/example_branch_datetime_operator.py
[2022-12-07T22:27:50.548+0000] {processor.py:766} INFO - DAG(s) dict_keys(['example_branch_datetime_operator_3', 'example_branch_datetime_operator_2', 'example_branch_datetime_operator']) retrieved from /home/airflow/.local/lib/python3.7/site-packages/airflow/example_dags/example_branch_datetime_operator.py
[2022-12-07T22:27:50.603+0000] {logging_mixin.py:137} INFO - [2022-12-07T22:27:50.603+0000] {dag.py:2585} INFO - Sync 3 DAGs
[2022-12-07T22:27:50.635+0000] {logging_mixin.py:137} INFO - [2022-12-07T22:27:50.634+0000] {dag.py:3340} INFO - Setting next_dagrun for example_branch_datetime_operator to 2022-12-06T00:00:00+00:00, run_after=2022-12-07T00:00:00+00:00
[2022-12-07T22:27:50.641+0000] {logging_mixin.py:137} INFO - [2022-12-07T22:27:50.641+0000] {dag.py:3340} INFO - Setting next_dagrun for example_branch_datetime_operator_2 to 2022-12-06T00:00:00+00:00, run_after=2022-12-07T00:00:00+00:00
[2022-12-07T22:27:50.644+0000] {logging_mixin.py:137} INFO - [2022-12-07T22:27:50.644+0000] {dag.py:3340} INFO - Setting next_dagrun for example_branch_datetime_operator_3 to 2022-12-06T00:00:00+00:00, run_after=2022-12-07T00:00:00+00:00
[2022-12-07T22:27:50.685+0000] {processor.py:176} INFO - Processing /home/airflow/.local/lib/python3.7/site-packages/airflow/example_dags/example_branch_datetime_operator.py took 0.163 seconds
[2022-12-07T22:28:21.275+0000] {processor.py:154} INFO - Started process (PID=432) to work on /home/airflow/.local/lib/python3.7/site-packages/airflow/example_dags/example_branch_datetime_operator.py
[2022-12-07T22:28:21.276+0000] {processor.py:756} INFO - Processing file /home/airflow/.local/lib/python3.7/site-packages/airflow/example_dags/example_branch_datetime_operator.py for tasks to queue
[2022-12-07T22:28:21.277+0000] {logging_mixin.py:137} INFO - [2022-12-07T22:28:21.277+0000] {dagbag.py:537} INFO - Filling up the DagBag from /home/airflow/.local/lib/python3.7/site-packages/airflow/example_dags/example_branch_datetime_operator.py
[2022-12-07T22:28:21.308+0000] {processor.py:766} INFO - DAG(s) dict_keys(['example_branch_datetime_operator', 'example_branch_datetime_operator_2', 'example_branch_datetime_operator_3']) retrieved from /home/airflow/.local/lib/python3.7/site-packages/airflow/example_dags/example_branch_datetime_operator.py
[2022-12-07T22:28:21.442+0000] {logging_mixin.py:137} INFO - [2022-12-07T22:28:21.442+0000] {dag.py:2585} INFO - Sync 3 DAGs
[2022-12-07T22:28:21.494+0000] {logging_mixin.py:137} INFO - [2022-12-07T22:28:21.494+0000] {dag.py:3340} INFO - Setting next_dagrun for example_branch_datetime_operator to 2022-12-06T00:00:00+00:00, run_after=2022-12-07T00:00:00+00:00
[2022-12-07T22:28:21.501+0000] {logging_mixin.py:137} INFO - [2022-12-07T22:28:21.501+0000] {dag.py:3340} INFO - Setting next_dagrun for example_branch_datetime_operator_2 to 2022-12-06T00:00:00+00:00, run_after=2022-12-07T00:00:00+00:00
[2022-12-07T22:28:21.508+0000] {logging_mixin.py:137} INFO - [2022-12-07T22:28:21.507+0000] {dag.py:3340} INFO - Setting next_dagrun for example_branch_datetime_operator_3 to 2022-12-06T00:00:00+00:00, run_after=2022-12-07T00:00:00+00:00
[2022-12-07T22:28:21.541+0000] {processor.py:176} INFO - Processing /home/airflow/.local/lib/python3.7/site-packages/airflow/example_dags/example_branch_datetime_operator.py took 0.270 seconds
[2022-12-07T22:28:52.189+0000] {processor.py:154} INFO - Started process (PID=496) to work on /home/airflow/.local/lib/python3.7/site-packages/airflow/example_dags/example_branch_datetime_operator.py
[2022-12-07T22:28:52.190+0000] {processor.py:756} INFO - Processing file /home/airflow/.local/lib/python3.7/site-packages/airflow/example_dags/example_branch_datetime_operator.py for tasks to queue
[2022-12-07T22:28:52.191+0000] {logging_mixin.py:137} INFO - [2022-12-07T22:28:52.191+0000] {dagbag.py:537} INFO - Filling up the DagBag from /home/airflow/.local/lib/python3.7/site-packages/airflow/example_dags/example_branch_datetime_operator.py
[2022-12-07T22:28:52.215+0000] {processor.py:766} INFO - DAG(s) dict_keys(['example_branch_datetime_operator_3', 'example_branch_datetime_operator_2', 'example_branch_datetime_operator']) retrieved from /home/airflow/.local/lib/python3.7/site-packages/airflow/example_dags/example_branch_datetime_operator.py
[2022-12-07T22:28:52.275+0000] {logging_mixin.py:137} INFO - [2022-12-07T22:28:52.275+0000] {dag.py:2585} INFO - Sync 3 DAGs
[2022-12-07T22:28:52.311+0000] {logging_mixin.py:137} INFO - [2022-12-07T22:28:52.311+0000] {dag.py:3340} INFO - Setting next_dagrun for example_branch_datetime_operator to 2022-12-06T00:00:00+00:00, run_after=2022-12-07T00:00:00+00:00
[2022-12-07T22:28:52.317+0000] {logging_mixin.py:137} INFO - [2022-12-07T22:28:52.317+0000] {dag.py:3340} INFO - Setting next_dagrun for example_branch_datetime_operator_2 to 2022-12-06T00:00:00+00:00, run_after=2022-12-07T00:00:00+00:00
[2022-12-07T22:28:52.322+0000] {logging_mixin.py:137} INFO - [2022-12-07T22:28:52.321+0000] {dag.py:3340} INFO - Setting next_dagrun for example_branch_datetime_operator_3 to 2022-12-06T00:00:00+00:00, run_after=2022-12-07T00:00:00+00:00
[2022-12-07T22:28:52.355+0000] {processor.py:176} INFO - Processing /home/airflow/.local/lib/python3.7/site-packages/airflow/example_dags/example_branch_datetime_operator.py took 0.169 seconds
[2022-12-07T22:29:22.401+0000] {processor.py:154} INFO - Started process (PID=559) to work on /home/airflow/.local/lib/python3.7/site-packages/airflow/example_dags/example_branch_datetime_operator.py
[2022-12-07T22:29:22.402+0000] {processor.py:756} INFO - Processing file /home/airflow/.local/lib/python3.7/site-packages/airflow/example_dags/example_branch_datetime_operator.py for tasks to queue
[2022-12-07T22:29:22.404+0000] {logging_mixin.py:137} INFO - [2022-12-07T22:29:22.403+0000] {dagbag.py:537} INFO - Filling up the DagBag from /home/airflow/.local/lib/python3.7/site-packages/airflow/example_dags/example_branch_datetime_operator.py
[2022-12-07T22:29:22.428+0000] {processor.py:766} INFO - DAG(s) dict_keys(['example_branch_datetime_operator_2', 'example_branch_datetime_operator_3', 'example_branch_datetime_operator']) retrieved from /home/airflow/.local/lib/python3.7/site-packages/airflow/example_dags/example_branch_datetime_operator.py
[2022-12-07T22:29:22.500+0000] {logging_mixin.py:137} INFO - [2022-12-07T22:29:22.499+0000] {dag.py:2585} INFO - Sync 3 DAGs
[2022-12-07T22:29:22.539+0000] {logging_mixin.py:137} INFO - [2022-12-07T22:29:22.538+0000] {dag.py:3340} INFO - Setting next_dagrun for example_branch_datetime_operator to 2022-12-06T00:00:00+00:00, run_after=2022-12-07T00:00:00+00:00
[2022-12-07T22:29:22.550+0000] {logging_mixin.py:137} INFO - [2022-12-07T22:29:22.549+0000] {dag.py:3340} INFO - Setting next_dagrun for example_branch_datetime_operator_2 to 2022-12-06T00:00:00+00:00, run_after=2022-12-07T00:00:00+00:00
[2022-12-07T22:29:22.555+0000] {logging_mixin.py:137} INFO - [2022-12-07T22:29:22.554+0000] {dag.py:3340} INFO - Setting next_dagrun for example_branch_datetime_operator_3 to 2022-12-06T00:00:00+00:00, run_after=2022-12-07T00:00:00+00:00
[2022-12-07T22:29:22.586+0000] {processor.py:176} INFO - Processing /home/airflow/.local/lib/python3.7/site-packages/airflow/example_dags/example_branch_datetime_operator.py took 0.190 seconds
[2022-12-07T22:29:53.331+0000] {processor.py:154} INFO - Started process (PID=615) to work on /home/airflow/.local/lib/python3.7/site-packages/airflow/example_dags/example_branch_datetime_operator.py
[2022-12-07T22:29:53.332+0000] {processor.py:756} INFO - Processing file /home/airflow/.local/lib/python3.7/site-packages/airflow/example_dags/example_branch_datetime_operator.py for tasks to queue
[2022-12-07T22:29:53.333+0000] {logging_mixin.py:137} INFO - [2022-12-07T22:29:53.333+0000] {dagbag.py:537} INFO - Filling up the DagBag from /home/airflow/.local/lib/python3.7/site-packages/airflow/example_dags/example_branch_datetime_operator.py
[2022-12-07T22:29:53.362+0000] {processor.py:766} INFO - DAG(s) dict_keys(['example_branch_datetime_operator_2', 'example_branch_datetime_operator', 'example_branch_datetime_operator_3']) retrieved from /home/airflow/.local/lib/python3.7/site-packages/airflow/example_dags/example_branch_datetime_operator.py
[2022-12-07T22:29:53.440+0000] {logging_mixin.py:137} INFO - [2022-12-07T22:29:53.440+0000] {dag.py:2585} INFO - Sync 3 DAGs
[2022-12-07T22:29:53.482+0000] {logging_mixin.py:137} INFO - [2022-12-07T22:29:53.482+0000] {dag.py:3340} INFO - Setting next_dagrun for example_branch_datetime_operator to 2022-12-06T00:00:00+00:00, run_after=2022-12-07T00:00:00+00:00
[2022-12-07T22:29:53.490+0000] {logging_mixin.py:137} INFO - [2022-12-07T22:29:53.490+0000] {dag.py:3340} INFO - Setting next_dagrun for example_branch_datetime_operator_2 to 2022-12-06T00:00:00+00:00, run_after=2022-12-07T00:00:00+00:00
[2022-12-07T22:29:53.496+0000] {logging_mixin.py:137} INFO - [2022-12-07T22:29:53.495+0000] {dag.py:3340} INFO - Setting next_dagrun for example_branch_datetime_operator_3 to 2022-12-06T00:00:00+00:00, run_after=2022-12-07T00:00:00+00:00
[2022-12-07T22:29:53.518+0000] {processor.py:176} INFO - Processing /home/airflow/.local/lib/python3.7/site-packages/airflow/example_dags/example_branch_datetime_operator.py took 0.190 seconds
[2022-12-07T22:30:23.571+0000] {processor.py:154} INFO - Started process (PID=678) to work on /home/airflow/.local/lib/python3.7/site-packages/airflow/example_dags/example_branch_datetime_operator.py
[2022-12-07T22:30:23.572+0000] {processor.py:756} INFO - Processing file /home/airflow/.local/lib/python3.7/site-packages/airflow/example_dags/example_branch_datetime_operator.py for tasks to queue
[2022-12-07T22:30:23.573+0000] {logging_mixin.py:137} INFO - [2022-12-07T22:30:23.573+0000] {dagbag.py:537} INFO - Filling up the DagBag from /home/airflow/.local/lib/python3.7/site-packages/airflow/example_dags/example_branch_datetime_operator.py
[2022-12-07T22:30:23.609+0000] {processor.py:766} INFO - DAG(s) dict_keys(['example_branch_datetime_operator_2', 'example_branch_datetime_operator_3', 'example_branch_datetime_operator']) retrieved from /home/airflow/.local/lib/python3.7/site-packages/airflow/example_dags/example_branch_datetime_operator.py
[2022-12-07T22:30:23.746+0000] {logging_mixin.py:137} INFO - [2022-12-07T22:30:23.746+0000] {dag.py:2585} INFO - Sync 3 DAGs
[2022-12-07T22:30:23.802+0000] {logging_mixin.py:137} INFO - [2022-12-07T22:30:23.802+0000] {dag.py:3340} INFO - Setting next_dagrun for example_branch_datetime_operator to 2022-12-06T00:00:00+00:00, run_after=2022-12-07T00:00:00+00:00
[2022-12-07T22:30:23.808+0000] {logging_mixin.py:137} INFO - [2022-12-07T22:30:23.808+0000] {dag.py:3340} INFO - Setting next_dagrun for example_branch_datetime_operator_2 to 2022-12-06T00:00:00+00:00, run_after=2022-12-07T00:00:00+00:00
[2022-12-07T22:30:23.811+0000] {logging_mixin.py:137} INFO - [2022-12-07T22:30:23.811+0000] {dag.py:3340} INFO - Setting next_dagrun for example_branch_datetime_operator_3 to 2022-12-06T00:00:00+00:00, run_after=2022-12-07T00:00:00+00:00
[2022-12-07T22:30:23.836+0000] {processor.py:176} INFO - Processing /home/airflow/.local/lib/python3.7/site-packages/airflow/example_dags/example_branch_datetime_operator.py took 0.269 seconds
[2022-12-07T22:30:53.900+0000] {processor.py:154} INFO - Started process (PID=733) to work on /home/airflow/.local/lib/python3.7/site-packages/airflow/example_dags/example_branch_datetime_operator.py
[2022-12-07T22:30:53.901+0000] {processor.py:756} INFO - Processing file /home/airflow/.local/lib/python3.7/site-packages/airflow/example_dags/example_branch_datetime_operator.py for tasks to queue
[2022-12-07T22:30:53.903+0000] {logging_mixin.py:137} INFO - [2022-12-07T22:30:53.902+0000] {dagbag.py:537} INFO - Filling up the DagBag from /home/airflow/.local/lib/python3.7/site-packages/airflow/example_dags/example_branch_datetime_operator.py
[2022-12-07T22:30:53.922+0000] {processor.py:766} INFO - DAG(s) dict_keys(['example_branch_datetime_operator', 'example_branch_datetime_operator_3', 'example_branch_datetime_operator_2']) retrieved from /home/airflow/.local/lib/python3.7/site-packages/airflow/example_dags/example_branch_datetime_operator.py
[2022-12-07T22:30:53.987+0000] {logging_mixin.py:137} INFO - [2022-12-07T22:30:53.987+0000] {dag.py:2585} INFO - Sync 3 DAGs
[2022-12-07T22:30:54.020+0000] {logging_mixin.py:137} INFO - [2022-12-07T22:30:54.020+0000] {dag.py:3340} INFO - Setting next_dagrun for example_branch_datetime_operator to 2022-12-06T00:00:00+00:00, run_after=2022-12-07T00:00:00+00:00
[2022-12-07T22:30:54.026+0000] {logging_mixin.py:137} INFO - [2022-12-07T22:30:54.026+0000] {dag.py:3340} INFO - Setting next_dagrun for example_branch_datetime_operator_2 to 2022-12-06T00:00:00+00:00, run_after=2022-12-07T00:00:00+00:00
[2022-12-07T22:30:54.029+0000] {logging_mixin.py:137} INFO - [2022-12-07T22:30:54.029+0000] {dag.py:3340} INFO - Setting next_dagrun for example_branch_datetime_operator_3 to 2022-12-06T00:00:00+00:00, run_after=2022-12-07T00:00:00+00:00
[2022-12-07T22:30:54.052+0000] {processor.py:176} INFO - Processing /home/airflow/.local/lib/python3.7/site-packages/airflow/example_dags/example_branch_datetime_operator.py took 0.154 seconds
[2022-12-07T22:31:24.520+0000] {processor.py:154} INFO - Started process (PID=798) to work on /home/airflow/.local/lib/python3.7/site-packages/airflow/example_dags/example_branch_datetime_operator.py
[2022-12-07T22:31:24.521+0000] {processor.py:756} INFO - Processing file /home/airflow/.local/lib/python3.7/site-packages/airflow/example_dags/example_branch_datetime_operator.py for tasks to queue
[2022-12-07T22:31:24.523+0000] {logging_mixin.py:137} INFO - [2022-12-07T22:31:24.522+0000] {dagbag.py:537} INFO - Filling up the DagBag from /home/airflow/.local/lib/python3.7/site-packages/airflow/example_dags/example_branch_datetime_operator.py
[2022-12-07T22:31:24.552+0000] {processor.py:766} INFO - DAG(s) dict_keys(['example_branch_datetime_operator_3', 'example_branch_datetime_operator_2', 'example_branch_datetime_operator']) retrieved from /home/airflow/.local/lib/python3.7/site-packages/airflow/example_dags/example_branch_datetime_operator.py
[2022-12-07T22:31:24.626+0000] {logging_mixin.py:137} INFO - [2022-12-07T22:31:24.625+0000] {dag.py:2585} INFO - Sync 3 DAGs
[2022-12-07T22:31:24.674+0000] {logging_mixin.py:137} INFO - [2022-12-07T22:31:24.674+0000] {dag.py:3340} INFO - Setting next_dagrun for example_branch_datetime_operator to 2022-12-06T00:00:00+00:00, run_after=2022-12-07T00:00:00+00:00
[2022-12-07T22:31:24.683+0000] {logging_mixin.py:137} INFO - [2022-12-07T22:31:24.683+0000] {dag.py:3340} INFO - Setting next_dagrun for example_branch_datetime_operator_2 to 2022-12-06T00:00:00+00:00, run_after=2022-12-07T00:00:00+00:00
[2022-12-07T22:31:24.689+0000] {logging_mixin.py:137} INFO - [2022-12-07T22:31:24.688+0000] {dag.py:3340} INFO - Setting next_dagrun for example_branch_datetime_operator_3 to 2022-12-06T00:00:00+00:00, run_after=2022-12-07T00:00:00+00:00
[2022-12-07T22:31:24.723+0000] {processor.py:176} INFO - Processing /home/airflow/.local/lib/python3.7/site-packages/airflow/example_dags/example_branch_datetime_operator.py took 0.207 seconds
[2022-12-07T22:31:55.225+0000] {processor.py:154} INFO - Started process (PID=853) to work on /home/airflow/.local/lib/python3.7/site-packages/airflow/example_dags/example_branch_datetime_operator.py
[2022-12-07T22:31:55.226+0000] {processor.py:756} INFO - Processing file /home/airflow/.local/lib/python3.7/site-packages/airflow/example_dags/example_branch_datetime_operator.py for tasks to queue
[2022-12-07T22:31:55.227+0000] {logging_mixin.py:137} INFO - [2022-12-07T22:31:55.227+0000] {dagbag.py:537} INFO - Filling up the DagBag from /home/airflow/.local/lib/python3.7/site-packages/airflow/example_dags/example_branch_datetime_operator.py
[2022-12-07T22:31:55.248+0000] {processor.py:766} INFO - DAG(s) dict_keys(['example_branch_datetime_operator_2', 'example_branch_datetime_operator_3', 'example_branch_datetime_operator']) retrieved from /home/airflow/.local/lib/python3.7/site-packages/airflow/example_dags/example_branch_datetime_operator.py
[2022-12-07T22:31:55.312+0000] {logging_mixin.py:137} INFO - [2022-12-07T22:31:55.312+0000] {dag.py:2585} INFO - Sync 3 DAGs
[2022-12-07T22:31:55.349+0000] {logging_mixin.py:137} INFO - [2022-12-07T22:31:55.348+0000] {dag.py:3340} INFO - Setting next_dagrun for example_branch_datetime_operator to 2022-12-06T00:00:00+00:00, run_after=2022-12-07T00:00:00+00:00
[2022-12-07T22:31:55.355+0000] {logging_mixin.py:137} INFO - [2022-12-07T22:31:55.355+0000] {dag.py:3340} INFO - Setting next_dagrun for example_branch_datetime_operator_2 to 2022-12-06T00:00:00+00:00, run_after=2022-12-07T00:00:00+00:00
[2022-12-07T22:31:55.360+0000] {logging_mixin.py:137} INFO - [2022-12-07T22:31:55.360+0000] {dag.py:3340} INFO - Setting next_dagrun for example_branch_datetime_operator_3 to 2022-12-06T00:00:00+00:00, run_after=2022-12-07T00:00:00+00:00
[2022-12-07T22:31:55.385+0000] {processor.py:176} INFO - Processing /home/airflow/.local/lib/python3.7/site-packages/airflow/example_dags/example_branch_datetime_operator.py took 0.163 seconds
[2022-12-07T22:32:25.554+0000] {processor.py:154} INFO - Started process (PID=917) to work on /home/airflow/.local/lib/python3.7/site-packages/airflow/example_dags/example_branch_datetime_operator.py
[2022-12-07T22:32:25.556+0000] {processor.py:756} INFO - Processing file /home/airflow/.local/lib/python3.7/site-packages/airflow/example_dags/example_branch_datetime_operator.py for tasks to queue
[2022-12-07T22:32:25.557+0000] {logging_mixin.py:137} INFO - [2022-12-07T22:32:25.557+0000] {dagbag.py:537} INFO - Filling up the DagBag from /home/airflow/.local/lib/python3.7/site-packages/airflow/example_dags/example_branch_datetime_operator.py
[2022-12-07T22:32:25.589+0000] {processor.py:766} INFO - DAG(s) dict_keys(['example_branch_datetime_operator_3', 'example_branch_datetime_operator_2', 'example_branch_datetime_operator']) retrieved from /home/airflow/.local/lib/python3.7/site-packages/airflow/example_dags/example_branch_datetime_operator.py
[2022-12-07T22:32:25.650+0000] {logging_mixin.py:137} INFO - [2022-12-07T22:32:25.650+0000] {dag.py:2585} INFO - Sync 3 DAGs
[2022-12-07T22:32:25.681+0000] {logging_mixin.py:137} INFO - [2022-12-07T22:32:25.681+0000] {dag.py:3340} INFO - Setting next_dagrun for example_branch_datetime_operator to 2022-12-06T00:00:00+00:00, run_after=2022-12-07T00:00:00+00:00
[2022-12-07T22:32:25.690+0000] {logging_mixin.py:137} INFO - [2022-12-07T22:32:25.689+0000] {dag.py:3340} INFO - Setting next_dagrun for example_branch_datetime_operator_2 to 2022-12-06T00:00:00+00:00, run_after=2022-12-07T00:00:00+00:00
[2022-12-07T22:32:25.693+0000] {logging_mixin.py:137} INFO - [2022-12-07T22:32:25.693+0000] {dag.py:3340} INFO - Setting next_dagrun for example_branch_datetime_operator_3 to 2022-12-06T00:00:00+00:00, run_after=2022-12-07T00:00:00+00:00
[2022-12-07T22:32:25.716+0000] {processor.py:176} INFO - Processing /home/airflow/.local/lib/python3.7/site-packages/airflow/example_dags/example_branch_datetime_operator.py took 0.166 seconds
[2022-12-07T23:36:48.130+0000] {processor.py:154} INFO - Started process (PID=80) to work on /home/airflow/.local/lib/python3.7/site-packages/airflow/example_dags/example_branch_datetime_operator.py
[2022-12-07T23:36:48.132+0000] {processor.py:756} INFO - Processing file /home/airflow/.local/lib/python3.7/site-packages/airflow/example_dags/example_branch_datetime_operator.py for tasks to queue
[2022-12-07T23:36:48.133+0000] {logging_mixin.py:137} INFO - [2022-12-07T23:36:48.133+0000] {dagbag.py:537} INFO - Filling up the DagBag from /home/airflow/.local/lib/python3.7/site-packages/airflow/example_dags/example_branch_datetime_operator.py
[2022-12-07T23:36:48.172+0000] {processor.py:766} INFO - DAG(s) dict_keys(['example_branch_datetime_operator', 'example_branch_datetime_operator_3', 'example_branch_datetime_operator_2']) retrieved from /home/airflow/.local/lib/python3.7/site-packages/airflow/example_dags/example_branch_datetime_operator.py
[2022-12-07T23:36:48.438+0000] {logging_mixin.py:137} INFO - [2022-12-07T23:36:48.437+0000] {manager.py:507} INFO - Created Permission View: can read on DAG:example_branch_datetime_operator
[2022-12-07T23:36:48.461+0000] {logging_mixin.py:137} INFO - [2022-12-07T23:36:48.461+0000] {manager.py:507} INFO - Created Permission View: can delete on DAG:example_branch_datetime_operator
[2022-12-07T23:36:48.479+0000] {logging_mixin.py:137} INFO - [2022-12-07T23:36:48.478+0000] {manager.py:507} INFO - Created Permission View: can edit on DAG:example_branch_datetime_operator
[2022-12-07T23:36:48.518+0000] {logging_mixin.py:137} INFO - [2022-12-07T23:36:48.517+0000] {manager.py:507} INFO - Created Permission View: can read on DAG:example_branch_datetime_operator_3
[2022-12-07T23:36:48.535+0000] {logging_mixin.py:137} INFO - [2022-12-07T23:36:48.535+0000] {manager.py:507} INFO - Created Permission View: can delete on DAG:example_branch_datetime_operator_3
[2022-12-07T23:36:48.554+0000] {logging_mixin.py:137} INFO - [2022-12-07T23:36:48.553+0000] {manager.py:507} INFO - Created Permission View: can edit on DAG:example_branch_datetime_operator_3
[2022-12-07T23:36:48.589+0000] {logging_mixin.py:137} INFO - [2022-12-07T23:36:48.589+0000] {manager.py:507} INFO - Created Permission View: can read on DAG:example_branch_datetime_operator_2
[2022-12-07T23:36:48.611+0000] {logging_mixin.py:137} INFO - [2022-12-07T23:36:48.611+0000] {manager.py:507} INFO - Created Permission View: can delete on DAG:example_branch_datetime_operator_2
[2022-12-07T23:36:48.640+0000] {logging_mixin.py:137} INFO - [2022-12-07T23:36:48.639+0000] {manager.py:507} INFO - Created Permission View: can edit on DAG:example_branch_datetime_operator_2
[2022-12-07T23:36:48.641+0000] {logging_mixin.py:137} INFO - [2022-12-07T23:36:48.640+0000] {dag.py:2585} INFO - Sync 3 DAGs
[2022-12-07T23:36:48.677+0000] {logging_mixin.py:137} INFO - [2022-12-07T23:36:48.677+0000] {dag.py:2606} INFO - Creating ORM DAG for example_branch_datetime_operator_2
[2022-12-07T23:36:48.679+0000] {logging_mixin.py:137} INFO - [2022-12-07T23:36:48.679+0000] {dag.py:2606} INFO - Creating ORM DAG for example_branch_datetime_operator_3
[2022-12-07T23:36:48.682+0000] {logging_mixin.py:137} INFO - [2022-12-07T23:36:48.681+0000] {dag.py:2606} INFO - Creating ORM DAG for example_branch_datetime_operator
[2022-12-07T23:36:48.714+0000] {logging_mixin.py:137} INFO - [2022-12-07T23:36:48.714+0000] {dag.py:3340} INFO - Setting next_dagrun for example_branch_datetime_operator to 2022-12-06T00:00:00+00:00, run_after=2022-12-07T00:00:00+00:00
[2022-12-07T23:36:48.721+0000] {logging_mixin.py:137} INFO - [2022-12-07T23:36:48.721+0000] {dag.py:3340} INFO - Setting next_dagrun for example_branch_datetime_operator_2 to 2022-12-06T00:00:00+00:00, run_after=2022-12-07T00:00:00+00:00
[2022-12-07T23:36:48.727+0000] {logging_mixin.py:137} INFO - [2022-12-07T23:36:48.727+0000] {dag.py:3340} INFO - Setting next_dagrun for example_branch_datetime_operator_3 to 2022-12-06T00:00:00+00:00, run_after=2022-12-07T00:00:00+00:00
[2022-12-07T23:36:48.778+0000] {processor.py:176} INFO - Processing /home/airflow/.local/lib/python3.7/site-packages/airflow/example_dags/example_branch_datetime_operator.py took 0.653 seconds
[2022-12-07T23:37:19.314+0000] {processor.py:154} INFO - Started process (PID=135) to work on /home/airflow/.local/lib/python3.7/site-packages/airflow/example_dags/example_branch_datetime_operator.py
[2022-12-07T23:37:19.315+0000] {processor.py:756} INFO - Processing file /home/airflow/.local/lib/python3.7/site-packages/airflow/example_dags/example_branch_datetime_operator.py for tasks to queue
[2022-12-07T23:37:19.316+0000] {logging_mixin.py:137} INFO - [2022-12-07T23:37:19.316+0000] {dagbag.py:537} INFO - Filling up the DagBag from /home/airflow/.local/lib/python3.7/site-packages/airflow/example_dags/example_branch_datetime_operator.py
[2022-12-07T23:37:19.337+0000] {processor.py:766} INFO - DAG(s) dict_keys(['example_branch_datetime_operator', 'example_branch_datetime_operator_2', 'example_branch_datetime_operator_3']) retrieved from /home/airflow/.local/lib/python3.7/site-packages/airflow/example_dags/example_branch_datetime_operator.py
[2022-12-07T23:37:19.408+0000] {logging_mixin.py:137} INFO - [2022-12-07T23:37:19.408+0000] {dag.py:2585} INFO - Sync 3 DAGs
[2022-12-07T23:37:19.457+0000] {logging_mixin.py:137} INFO - [2022-12-07T23:37:19.457+0000] {dag.py:3340} INFO - Setting next_dagrun for example_branch_datetime_operator to 2022-12-06T00:00:00+00:00, run_after=2022-12-07T00:00:00+00:00
[2022-12-07T23:37:19.464+0000] {logging_mixin.py:137} INFO - [2022-12-07T23:37:19.464+0000] {dag.py:3340} INFO - Setting next_dagrun for example_branch_datetime_operator_2 to 2022-12-06T00:00:00+00:00, run_after=2022-12-07T00:00:00+00:00
[2022-12-07T23:37:19.468+0000] {logging_mixin.py:137} INFO - [2022-12-07T23:37:19.468+0000] {dag.py:3340} INFO - Setting next_dagrun for example_branch_datetime_operator_3 to 2022-12-06T00:00:00+00:00, run_after=2022-12-07T00:00:00+00:00
[2022-12-07T23:37:19.491+0000] {processor.py:176} INFO - Processing /home/airflow/.local/lib/python3.7/site-packages/airflow/example_dags/example_branch_datetime_operator.py took 0.180 seconds
[2022-12-07T23:37:49.630+0000] {processor.py:154} INFO - Started process (PID=201) to work on /home/airflow/.local/lib/python3.7/site-packages/airflow/example_dags/example_branch_datetime_operator.py
[2022-12-07T23:37:49.631+0000] {processor.py:756} INFO - Processing file /home/airflow/.local/lib/python3.7/site-packages/airflow/example_dags/example_branch_datetime_operator.py for tasks to queue
[2022-12-07T23:37:49.632+0000] {logging_mixin.py:137} INFO - [2022-12-07T23:37:49.632+0000] {dagbag.py:537} INFO - Filling up the DagBag from /home/airflow/.local/lib/python3.7/site-packages/airflow/example_dags/example_branch_datetime_operator.py
[2022-12-07T23:37:49.658+0000] {processor.py:766} INFO - DAG(s) dict_keys(['example_branch_datetime_operator_2', 'example_branch_datetime_operator', 'example_branch_datetime_operator_3']) retrieved from /home/airflow/.local/lib/python3.7/site-packages/airflow/example_dags/example_branch_datetime_operator.py
[2022-12-07T23:37:49.744+0000] {logging_mixin.py:137} INFO - [2022-12-07T23:37:49.743+0000] {dag.py:2585} INFO - Sync 3 DAGs
[2022-12-07T23:37:49.816+0000] {logging_mixin.py:137} INFO - [2022-12-07T23:37:49.815+0000] {dag.py:3340} INFO - Setting next_dagrun for example_branch_datetime_operator to 2022-12-06T00:00:00+00:00, run_after=2022-12-07T00:00:00+00:00
[2022-12-07T23:37:49.828+0000] {logging_mixin.py:137} INFO - [2022-12-07T23:37:49.828+0000] {dag.py:3340} INFO - Setting next_dagrun for example_branch_datetime_operator_2 to 2022-12-06T00:00:00+00:00, run_after=2022-12-07T00:00:00+00:00
[2022-12-07T23:37:49.834+0000] {logging_mixin.py:137} INFO - [2022-12-07T23:37:49.834+0000] {dag.py:3340} INFO - Setting next_dagrun for example_branch_datetime_operator_3 to 2022-12-06T00:00:00+00:00, run_after=2022-12-07T00:00:00+00:00
[2022-12-07T23:37:49.863+0000] {processor.py:176} INFO - Processing /home/airflow/.local/lib/python3.7/site-packages/airflow/example_dags/example_branch_datetime_operator.py took 0.237 seconds
[2022-12-07T23:38:20.302+0000] {processor.py:154} INFO - Started process (PID=257) to work on /home/airflow/.local/lib/python3.7/site-packages/airflow/example_dags/example_branch_datetime_operator.py
[2022-12-07T23:38:20.303+0000] {processor.py:756} INFO - Processing file /home/airflow/.local/lib/python3.7/site-packages/airflow/example_dags/example_branch_datetime_operator.py for tasks to queue
[2022-12-07T23:38:20.304+0000] {logging_mixin.py:137} INFO - [2022-12-07T23:38:20.304+0000] {dagbag.py:537} INFO - Filling up the DagBag from /home/airflow/.local/lib/python3.7/site-packages/airflow/example_dags/example_branch_datetime_operator.py
[2022-12-07T23:38:20.335+0000] {processor.py:766} INFO - DAG(s) dict_keys(['example_branch_datetime_operator_2', 'example_branch_datetime_operator', 'example_branch_datetime_operator_3']) retrieved from /home/airflow/.local/lib/python3.7/site-packages/airflow/example_dags/example_branch_datetime_operator.py
[2022-12-07T23:38:20.426+0000] {logging_mixin.py:137} INFO - [2022-12-07T23:38:20.426+0000] {dag.py:2585} INFO - Sync 3 DAGs
[2022-12-07T23:38:20.488+0000] {logging_mixin.py:137} INFO - [2022-12-07T23:38:20.488+0000] {dag.py:3340} INFO - Setting next_dagrun for example_branch_datetime_operator to 2022-12-06T00:00:00+00:00, run_after=2022-12-07T00:00:00+00:00
[2022-12-07T23:38:20.505+0000] {logging_mixin.py:137} INFO - [2022-12-07T23:38:20.505+0000] {dag.py:3340} INFO - Setting next_dagrun for example_branch_datetime_operator_2 to 2022-12-06T00:00:00+00:00, run_after=2022-12-07T00:00:00+00:00
[2022-12-07T23:38:20.516+0000] {logging_mixin.py:137} INFO - [2022-12-07T23:38:20.515+0000] {dag.py:3340} INFO - Setting next_dagrun for example_branch_datetime_operator_3 to 2022-12-06T00:00:00+00:00, run_after=2022-12-07T00:00:00+00:00
[2022-12-07T23:38:20.580+0000] {processor.py:176} INFO - Processing /home/airflow/.local/lib/python3.7/site-packages/airflow/example_dags/example_branch_datetime_operator.py took 0.282 seconds
[2022-12-07T23:38:51.341+0000] {processor.py:154} INFO - Started process (PID=321) to work on /home/airflow/.local/lib/python3.7/site-packages/airflow/example_dags/example_branch_datetime_operator.py
[2022-12-07T23:38:51.342+0000] {processor.py:756} INFO - Processing file /home/airflow/.local/lib/python3.7/site-packages/airflow/example_dags/example_branch_datetime_operator.py for tasks to queue
[2022-12-07T23:38:51.343+0000] {logging_mixin.py:137} INFO - [2022-12-07T23:38:51.343+0000] {dagbag.py:537} INFO - Filling up the DagBag from /home/airflow/.local/lib/python3.7/site-packages/airflow/example_dags/example_branch_datetime_operator.py
[2022-12-07T23:38:51.365+0000] {processor.py:766} INFO - DAG(s) dict_keys(['example_branch_datetime_operator_3', 'example_branch_datetime_operator_2', 'example_branch_datetime_operator']) retrieved from /home/airflow/.local/lib/python3.7/site-packages/airflow/example_dags/example_branch_datetime_operator.py
[2022-12-07T23:38:51.423+0000] {logging_mixin.py:137} INFO - [2022-12-07T23:38:51.423+0000] {dag.py:2585} INFO - Sync 3 DAGs
[2022-12-07T23:38:51.460+0000] {logging_mixin.py:137} INFO - [2022-12-07T23:38:51.460+0000] {dag.py:3340} INFO - Setting next_dagrun for example_branch_datetime_operator to 2022-12-06T00:00:00+00:00, run_after=2022-12-07T00:00:00+00:00
[2022-12-07T23:38:51.467+0000] {logging_mixin.py:137} INFO - [2022-12-07T23:38:51.467+0000] {dag.py:3340} INFO - Setting next_dagrun for example_branch_datetime_operator_2 to 2022-12-06T00:00:00+00:00, run_after=2022-12-07T00:00:00+00:00
[2022-12-07T23:38:51.470+0000] {logging_mixin.py:137} INFO - [2022-12-07T23:38:51.470+0000] {dag.py:3340} INFO - Setting next_dagrun for example_branch_datetime_operator_3 to 2022-12-06T00:00:00+00:00, run_after=2022-12-07T00:00:00+00:00
[2022-12-07T23:38:51.504+0000] {processor.py:176} INFO - Processing /home/airflow/.local/lib/python3.7/site-packages/airflow/example_dags/example_branch_datetime_operator.py took 0.166 seconds
[2022-12-07T23:39:21.584+0000] {processor.py:154} INFO - Started process (PID=375) to work on /home/airflow/.local/lib/python3.7/site-packages/airflow/example_dags/example_branch_datetime_operator.py
[2022-12-07T23:39:21.585+0000] {processor.py:756} INFO - Processing file /home/airflow/.local/lib/python3.7/site-packages/airflow/example_dags/example_branch_datetime_operator.py for tasks to queue
[2022-12-07T23:39:21.586+0000] {logging_mixin.py:137} INFO - [2022-12-07T23:39:21.586+0000] {dagbag.py:537} INFO - Filling up the DagBag from /home/airflow/.local/lib/python3.7/site-packages/airflow/example_dags/example_branch_datetime_operator.py
[2022-12-07T23:39:21.607+0000] {processor.py:766} INFO - DAG(s) dict_keys(['example_branch_datetime_operator_3', 'example_branch_datetime_operator_2', 'example_branch_datetime_operator']) retrieved from /home/airflow/.local/lib/python3.7/site-packages/airflow/example_dags/example_branch_datetime_operator.py
[2022-12-07T23:39:21.658+0000] {logging_mixin.py:137} INFO - [2022-12-07T23:39:21.658+0000] {dag.py:2585} INFO - Sync 3 DAGs
[2022-12-07T23:39:21.689+0000] {logging_mixin.py:137} INFO - [2022-12-07T23:39:21.689+0000] {dag.py:3340} INFO - Setting next_dagrun for example_branch_datetime_operator to 2022-12-06T00:00:00+00:00, run_after=2022-12-07T00:00:00+00:00
[2022-12-07T23:39:21.695+0000] {logging_mixin.py:137} INFO - [2022-12-07T23:39:21.695+0000] {dag.py:3340} INFO - Setting next_dagrun for example_branch_datetime_operator_2 to 2022-12-06T00:00:00+00:00, run_after=2022-12-07T00:00:00+00:00
[2022-12-07T23:39:21.699+0000] {logging_mixin.py:137} INFO - [2022-12-07T23:39:21.698+0000] {dag.py:3340} INFO - Setting next_dagrun for example_branch_datetime_operator_3 to 2022-12-06T00:00:00+00:00, run_after=2022-12-07T00:00:00+00:00
[2022-12-07T23:39:21.720+0000] {processor.py:176} INFO - Processing /home/airflow/.local/lib/python3.7/site-packages/airflow/example_dags/example_branch_datetime_operator.py took 0.139 seconds
[2022-12-07T23:39:52.287+0000] {processor.py:154} INFO - Started process (PID=439) to work on /home/airflow/.local/lib/python3.7/site-packages/airflow/example_dags/example_branch_datetime_operator.py
[2022-12-07T23:39:52.288+0000] {processor.py:756} INFO - Processing file /home/airflow/.local/lib/python3.7/site-packages/airflow/example_dags/example_branch_datetime_operator.py for tasks to queue
[2022-12-07T23:39:52.290+0000] {logging_mixin.py:137} INFO - [2022-12-07T23:39:52.289+0000] {dagbag.py:537} INFO - Filling up the DagBag from /home/airflow/.local/lib/python3.7/site-packages/airflow/example_dags/example_branch_datetime_operator.py
[2022-12-07T23:39:52.333+0000] {processor.py:766} INFO - DAG(s) dict_keys(['example_branch_datetime_operator_3', 'example_branch_datetime_operator', 'example_branch_datetime_operator_2']) retrieved from /home/airflow/.local/lib/python3.7/site-packages/airflow/example_dags/example_branch_datetime_operator.py
[2022-12-07T23:39:52.429+0000] {logging_mixin.py:137} INFO - [2022-12-07T23:39:52.429+0000] {dag.py:2585} INFO - Sync 3 DAGs
[2022-12-07T23:39:52.485+0000] {logging_mixin.py:137} INFO - [2022-12-07T23:39:52.485+0000] {dag.py:3340} INFO - Setting next_dagrun for example_branch_datetime_operator to 2022-12-06T00:00:00+00:00, run_after=2022-12-07T00:00:00+00:00
[2022-12-07T23:39:52.496+0000] {logging_mixin.py:137} INFO - [2022-12-07T23:39:52.496+0000] {dag.py:3340} INFO - Setting next_dagrun for example_branch_datetime_operator_2 to 2022-12-06T00:00:00+00:00, run_after=2022-12-07T00:00:00+00:00
[2022-12-07T23:39:52.501+0000] {logging_mixin.py:137} INFO - [2022-12-07T23:39:52.500+0000] {dag.py:3340} INFO - Setting next_dagrun for example_branch_datetime_operator_3 to 2022-12-06T00:00:00+00:00, run_after=2022-12-07T00:00:00+00:00
[2022-12-07T23:39:52.532+0000] {processor.py:176} INFO - Processing /home/airflow/.local/lib/python3.7/site-packages/airflow/example_dags/example_branch_datetime_operator.py took 0.252 seconds
[2022-12-07T23:40:22.711+0000] {processor.py:154} INFO - Started process (PID=495) to work on /home/airflow/.local/lib/python3.7/site-packages/airflow/example_dags/example_branch_datetime_operator.py
[2022-12-07T23:40:22.712+0000] {processor.py:756} INFO - Processing file /home/airflow/.local/lib/python3.7/site-packages/airflow/example_dags/example_branch_datetime_operator.py for tasks to queue
[2022-12-07T23:40:22.713+0000] {logging_mixin.py:137} INFO - [2022-12-07T23:40:22.713+0000] {dagbag.py:537} INFO - Filling up the DagBag from /home/airflow/.local/lib/python3.7/site-packages/airflow/example_dags/example_branch_datetime_operator.py
[2022-12-07T23:40:22.740+0000] {processor.py:766} INFO - DAG(s) dict_keys(['example_branch_datetime_operator_2', 'example_branch_datetime_operator', 'example_branch_datetime_operator_3']) retrieved from /home/airflow/.local/lib/python3.7/site-packages/airflow/example_dags/example_branch_datetime_operator.py
[2022-12-07T23:40:22.800+0000] {logging_mixin.py:137} INFO - [2022-12-07T23:40:22.800+0000] {dag.py:2585} INFO - Sync 3 DAGs
[2022-12-07T23:40:22.837+0000] {logging_mixin.py:137} INFO - [2022-12-07T23:40:22.837+0000] {dag.py:3340} INFO - Setting next_dagrun for example_branch_datetime_operator to 2022-12-06T00:00:00+00:00, run_after=2022-12-07T00:00:00+00:00
[2022-12-07T23:40:22.845+0000] {logging_mixin.py:137} INFO - [2022-12-07T23:40:22.844+0000] {dag.py:3340} INFO - Setting next_dagrun for example_branch_datetime_operator_2 to 2022-12-06T00:00:00+00:00, run_after=2022-12-07T00:00:00+00:00
[2022-12-07T23:40:22.849+0000] {logging_mixin.py:137} INFO - [2022-12-07T23:40:22.849+0000] {dag.py:3340} INFO - Setting next_dagrun for example_branch_datetime_operator_3 to 2022-12-06T00:00:00+00:00, run_after=2022-12-07T00:00:00+00:00
[2022-12-07T23:40:22.871+0000] {processor.py:176} INFO - Processing /home/airflow/.local/lib/python3.7/site-packages/airflow/example_dags/example_branch_datetime_operator.py took 0.164 seconds
[2022-12-07T23:40:53.375+0000] {processor.py:154} INFO - Started process (PID=557) to work on /home/airflow/.local/lib/python3.7/site-packages/airflow/example_dags/example_branch_datetime_operator.py
[2022-12-07T23:40:53.376+0000] {processor.py:756} INFO - Processing file /home/airflow/.local/lib/python3.7/site-packages/airflow/example_dags/example_branch_datetime_operator.py for tasks to queue
[2022-12-07T23:40:53.377+0000] {logging_mixin.py:137} INFO - [2022-12-07T23:40:53.377+0000] {dagbag.py:537} INFO - Filling up the DagBag from /home/airflow/.local/lib/python3.7/site-packages/airflow/example_dags/example_branch_datetime_operator.py
[2022-12-07T23:40:53.410+0000] {processor.py:766} INFO - DAG(s) dict_keys(['example_branch_datetime_operator_3', 'example_branch_datetime_operator_2', 'example_branch_datetime_operator']) retrieved from /home/airflow/.local/lib/python3.7/site-packages/airflow/example_dags/example_branch_datetime_operator.py
[2022-12-07T23:40:53.504+0000] {logging_mixin.py:137} INFO - [2022-12-07T23:40:53.503+0000] {dag.py:2585} INFO - Sync 3 DAGs
[2022-12-07T23:40:53.558+0000] {logging_mixin.py:137} INFO - [2022-12-07T23:40:53.557+0000] {dag.py:3340} INFO - Setting next_dagrun for example_branch_datetime_operator to 2022-12-06T00:00:00+00:00, run_after=2022-12-07T00:00:00+00:00
[2022-12-07T23:40:53.567+0000] {logging_mixin.py:137} INFO - [2022-12-07T23:40:53.567+0000] {dag.py:3340} INFO - Setting next_dagrun for example_branch_datetime_operator_2 to 2022-12-06T00:00:00+00:00, run_after=2022-12-07T00:00:00+00:00
[2022-12-07T23:40:53.572+0000] {logging_mixin.py:137} INFO - [2022-12-07T23:40:53.572+0000] {dag.py:3340} INFO - Setting next_dagrun for example_branch_datetime_operator_3 to 2022-12-06T00:00:00+00:00, run_after=2022-12-07T00:00:00+00:00
[2022-12-07T23:40:53.610+0000] {processor.py:176} INFO - Processing /home/airflow/.local/lib/python3.7/site-packages/airflow/example_dags/example_branch_datetime_operator.py took 0.239 seconds
[2022-12-07T23:45:21.375+0000] {processor.py:154} INFO - Started process (PID=81) to work on /home/airflow/.local/lib/python3.7/site-packages/airflow/example_dags/example_branch_datetime_operator.py
[2022-12-07T23:45:21.379+0000] {processor.py:756} INFO - Processing file /home/airflow/.local/lib/python3.7/site-packages/airflow/example_dags/example_branch_datetime_operator.py for tasks to queue
[2022-12-07T23:45:21.382+0000] {logging_mixin.py:137} INFO - [2022-12-07T23:45:21.382+0000] {dagbag.py:537} INFO - Filling up the DagBag from /home/airflow/.local/lib/python3.7/site-packages/airflow/example_dags/example_branch_datetime_operator.py
[2022-12-07T23:45:21.484+0000] {processor.py:766} INFO - DAG(s) dict_keys(['example_branch_datetime_operator', 'example_branch_datetime_operator_3', 'example_branch_datetime_operator_2']) retrieved from /home/airflow/.local/lib/python3.7/site-packages/airflow/example_dags/example_branch_datetime_operator.py
[2022-12-07T23:45:21.606+0000] {logging_mixin.py:137} INFO - [2022-12-07T23:45:21.605+0000] {dag.py:2585} INFO - Sync 3 DAGs
[2022-12-07T23:45:21.751+0000] {logging_mixin.py:137} INFO - [2022-12-07T23:45:21.750+0000] {dag.py:3340} INFO - Setting next_dagrun for example_branch_datetime_operator to 2022-12-06T00:00:00+00:00, run_after=2022-12-07T00:00:00+00:00
[2022-12-07T23:45:21.767+0000] {logging_mixin.py:137} INFO - [2022-12-07T23:45:21.766+0000] {dag.py:3340} INFO - Setting next_dagrun for example_branch_datetime_operator_2 to 2022-12-06T00:00:00+00:00, run_after=2022-12-07T00:00:00+00:00
[2022-12-07T23:45:21.775+0000] {logging_mixin.py:137} INFO - [2022-12-07T23:45:21.775+0000] {dag.py:3340} INFO - Setting next_dagrun for example_branch_datetime_operator_3 to 2022-12-06T00:00:00+00:00, run_after=2022-12-07T00:00:00+00:00
[2022-12-07T23:45:21.836+0000] {processor.py:176} INFO - Processing /home/airflow/.local/lib/python3.7/site-packages/airflow/example_dags/example_branch_datetime_operator.py took 0.469 seconds
[2022-12-07T23:45:52.433+0000] {processor.py:154} INFO - Started process (PID=137) to work on /home/airflow/.local/lib/python3.7/site-packages/airflow/example_dags/example_branch_datetime_operator.py
[2022-12-07T23:45:52.434+0000] {processor.py:756} INFO - Processing file /home/airflow/.local/lib/python3.7/site-packages/airflow/example_dags/example_branch_datetime_operator.py for tasks to queue
[2022-12-07T23:45:52.435+0000] {logging_mixin.py:137} INFO - [2022-12-07T23:45:52.435+0000] {dagbag.py:537} INFO - Filling up the DagBag from /home/airflow/.local/lib/python3.7/site-packages/airflow/example_dags/example_branch_datetime_operator.py
[2022-12-07T23:45:52.463+0000] {processor.py:766} INFO - DAG(s) dict_keys(['example_branch_datetime_operator_2', 'example_branch_datetime_operator_3', 'example_branch_datetime_operator']) retrieved from /home/airflow/.local/lib/python3.7/site-packages/airflow/example_dags/example_branch_datetime_operator.py
[2022-12-07T23:45:52.521+0000] {logging_mixin.py:137} INFO - [2022-12-07T23:45:52.521+0000] {dag.py:2585} INFO - Sync 3 DAGs
[2022-12-07T23:45:52.553+0000] {logging_mixin.py:137} INFO - [2022-12-07T23:45:52.553+0000] {dag.py:3340} INFO - Setting next_dagrun for example_branch_datetime_operator to 2022-12-06T00:00:00+00:00, run_after=2022-12-07T00:00:00+00:00
[2022-12-07T23:45:52.561+0000] {logging_mixin.py:137} INFO - [2022-12-07T23:45:52.561+0000] {dag.py:3340} INFO - Setting next_dagrun for example_branch_datetime_operator_2 to 2022-12-06T00:00:00+00:00, run_after=2022-12-07T00:00:00+00:00
[2022-12-07T23:45:52.565+0000] {logging_mixin.py:137} INFO - [2022-12-07T23:45:52.565+0000] {dag.py:3340} INFO - Setting next_dagrun for example_branch_datetime_operator_3 to 2022-12-06T00:00:00+00:00, run_after=2022-12-07T00:00:00+00:00
[2022-12-07T23:45:52.587+0000] {processor.py:176} INFO - Processing /home/airflow/.local/lib/python3.7/site-packages/airflow/example_dags/example_branch_datetime_operator.py took 0.158 seconds
[2022-12-07T23:46:22.681+0000] {processor.py:154} INFO - Started process (PID=202) to work on /home/airflow/.local/lib/python3.7/site-packages/airflow/example_dags/example_branch_datetime_operator.py
[2022-12-07T23:46:22.682+0000] {processor.py:756} INFO - Processing file /home/airflow/.local/lib/python3.7/site-packages/airflow/example_dags/example_branch_datetime_operator.py for tasks to queue
[2022-12-07T23:46:22.683+0000] {logging_mixin.py:137} INFO - [2022-12-07T23:46:22.683+0000] {dagbag.py:537} INFO - Filling up the DagBag from /home/airflow/.local/lib/python3.7/site-packages/airflow/example_dags/example_branch_datetime_operator.py
[2022-12-07T23:46:22.706+0000] {processor.py:766} INFO - DAG(s) dict_keys(['example_branch_datetime_operator', 'example_branch_datetime_operator_2', 'example_branch_datetime_operator_3']) retrieved from /home/airflow/.local/lib/python3.7/site-packages/airflow/example_dags/example_branch_datetime_operator.py
[2022-12-07T23:46:22.763+0000] {logging_mixin.py:137} INFO - [2022-12-07T23:46:22.763+0000] {dag.py:2585} INFO - Sync 3 DAGs
[2022-12-07T23:46:22.803+0000] {logging_mixin.py:137} INFO - [2022-12-07T23:46:22.802+0000] {dag.py:3340} INFO - Setting next_dagrun for example_branch_datetime_operator to 2022-12-06T00:00:00+00:00, run_after=2022-12-07T00:00:00+00:00
[2022-12-07T23:46:22.812+0000] {logging_mixin.py:137} INFO - [2022-12-07T23:46:22.812+0000] {dag.py:3340} INFO - Setting next_dagrun for example_branch_datetime_operator_2 to 2022-12-06T00:00:00+00:00, run_after=2022-12-07T00:00:00+00:00
[2022-12-07T23:46:22.818+0000] {logging_mixin.py:137} INFO - [2022-12-07T23:46:22.818+0000] {dag.py:3340} INFO - Setting next_dagrun for example_branch_datetime_operator_3 to 2022-12-06T00:00:00+00:00, run_after=2022-12-07T00:00:00+00:00
[2022-12-07T23:46:22.860+0000] {processor.py:176} INFO - Processing /home/airflow/.local/lib/python3.7/site-packages/airflow/example_dags/example_branch_datetime_operator.py took 0.183 seconds
[2022-12-07T23:46:53.551+0000] {processor.py:154} INFO - Started process (PID=258) to work on /home/airflow/.local/lib/python3.7/site-packages/airflow/example_dags/example_branch_datetime_operator.py
[2022-12-07T23:46:53.553+0000] {processor.py:756} INFO - Processing file /home/airflow/.local/lib/python3.7/site-packages/airflow/example_dags/example_branch_datetime_operator.py for tasks to queue
[2022-12-07T23:46:53.554+0000] {logging_mixin.py:137} INFO - [2022-12-07T23:46:53.554+0000] {dagbag.py:537} INFO - Filling up the DagBag from /home/airflow/.local/lib/python3.7/site-packages/airflow/example_dags/example_branch_datetime_operator.py
[2022-12-07T23:46:53.583+0000] {processor.py:766} INFO - DAG(s) dict_keys(['example_branch_datetime_operator_3', 'example_branch_datetime_operator_2', 'example_branch_datetime_operator']) retrieved from /home/airflow/.local/lib/python3.7/site-packages/airflow/example_dags/example_branch_datetime_operator.py
[2022-12-07T23:46:53.645+0000] {logging_mixin.py:137} INFO - [2022-12-07T23:46:53.645+0000] {dag.py:2585} INFO - Sync 3 DAGs
[2022-12-07T23:46:53.678+0000] {logging_mixin.py:137} INFO - [2022-12-07T23:46:53.678+0000] {dag.py:3340} INFO - Setting next_dagrun for example_branch_datetime_operator to 2022-12-06T00:00:00+00:00, run_after=2022-12-07T00:00:00+00:00
[2022-12-07T23:46:53.685+0000] {logging_mixin.py:137} INFO - [2022-12-07T23:46:53.685+0000] {dag.py:3340} INFO - Setting next_dagrun for example_branch_datetime_operator_2 to 2022-12-06T00:00:00+00:00, run_after=2022-12-07T00:00:00+00:00
[2022-12-07T23:46:53.689+0000] {logging_mixin.py:137} INFO - [2022-12-07T23:46:53.689+0000] {dag.py:3340} INFO - Setting next_dagrun for example_branch_datetime_operator_3 to 2022-12-06T00:00:00+00:00, run_after=2022-12-07T00:00:00+00:00
[2022-12-07T23:46:53.713+0000] {processor.py:176} INFO - Processing /home/airflow/.local/lib/python3.7/site-packages/airflow/example_dags/example_branch_datetime_operator.py took 0.166 seconds
[2022-12-07T23:47:24.306+0000] {processor.py:154} INFO - Started process (PID=322) to work on /home/airflow/.local/lib/python3.7/site-packages/airflow/example_dags/example_branch_datetime_operator.py
[2022-12-07T23:47:24.307+0000] {processor.py:756} INFO - Processing file /home/airflow/.local/lib/python3.7/site-packages/airflow/example_dags/example_branch_datetime_operator.py for tasks to queue
[2022-12-07T23:47:24.308+0000] {logging_mixin.py:137} INFO - [2022-12-07T23:47:24.308+0000] {dagbag.py:537} INFO - Filling up the DagBag from /home/airflow/.local/lib/python3.7/site-packages/airflow/example_dags/example_branch_datetime_operator.py
[2022-12-07T23:47:24.341+0000] {processor.py:766} INFO - DAG(s) dict_keys(['example_branch_datetime_operator_2', 'example_branch_datetime_operator_3', 'example_branch_datetime_operator']) retrieved from /home/airflow/.local/lib/python3.7/site-packages/airflow/example_dags/example_branch_datetime_operator.py
[2022-12-07T23:47:24.427+0000] {logging_mixin.py:137} INFO - [2022-12-07T23:47:24.427+0000] {dag.py:2585} INFO - Sync 3 DAGs
[2022-12-07T23:47:24.484+0000] {logging_mixin.py:137} INFO - [2022-12-07T23:47:24.483+0000] {dag.py:3340} INFO - Setting next_dagrun for example_branch_datetime_operator to 2022-12-06T00:00:00+00:00, run_after=2022-12-07T00:00:00+00:00
[2022-12-07T23:47:24.494+0000] {logging_mixin.py:137} INFO - [2022-12-07T23:47:24.494+0000] {dag.py:3340} INFO - Setting next_dagrun for example_branch_datetime_operator_2 to 2022-12-06T00:00:00+00:00, run_after=2022-12-07T00:00:00+00:00
[2022-12-07T23:47:24.500+0000] {logging_mixin.py:137} INFO - [2022-12-07T23:47:24.500+0000] {dag.py:3340} INFO - Setting next_dagrun for example_branch_datetime_operator_3 to 2022-12-06T00:00:00+00:00, run_after=2022-12-07T00:00:00+00:00
[2022-12-07T23:47:24.535+0000] {processor.py:176} INFO - Processing /home/airflow/.local/lib/python3.7/site-packages/airflow/example_dags/example_branch_datetime_operator.py took 0.234 seconds
[2022-12-07T23:47:55.396+0000] {processor.py:154} INFO - Started process (PID=377) to work on /home/airflow/.local/lib/python3.7/site-packages/airflow/example_dags/example_branch_datetime_operator.py
[2022-12-07T23:47:55.397+0000] {processor.py:756} INFO - Processing file /home/airflow/.local/lib/python3.7/site-packages/airflow/example_dags/example_branch_datetime_operator.py for tasks to queue
[2022-12-07T23:47:55.398+0000] {logging_mixin.py:137} INFO - [2022-12-07T23:47:55.398+0000] {dagbag.py:537} INFO - Filling up the DagBag from /home/airflow/.local/lib/python3.7/site-packages/airflow/example_dags/example_branch_datetime_operator.py
[2022-12-07T23:47:55.424+0000] {processor.py:766} INFO - DAG(s) dict_keys(['example_branch_datetime_operator', 'example_branch_datetime_operator_2', 'example_branch_datetime_operator_3']) retrieved from /home/airflow/.local/lib/python3.7/site-packages/airflow/example_dags/example_branch_datetime_operator.py
[2022-12-07T23:47:55.483+0000] {logging_mixin.py:137} INFO - [2022-12-07T23:47:55.482+0000] {dag.py:2585} INFO - Sync 3 DAGs
[2022-12-07T23:47:55.517+0000] {logging_mixin.py:137} INFO - [2022-12-07T23:47:55.517+0000] {dag.py:3340} INFO - Setting next_dagrun for example_branch_datetime_operator to 2022-12-06T00:00:00+00:00, run_after=2022-12-07T00:00:00+00:00
[2022-12-07T23:47:55.525+0000] {logging_mixin.py:137} INFO - [2022-12-07T23:47:55.525+0000] {dag.py:3340} INFO - Setting next_dagrun for example_branch_datetime_operator_2 to 2022-12-06T00:00:00+00:00, run_after=2022-12-07T00:00:00+00:00
[2022-12-07T23:47:55.529+0000] {logging_mixin.py:137} INFO - [2022-12-07T23:47:55.529+0000] {dag.py:3340} INFO - Setting next_dagrun for example_branch_datetime_operator_3 to 2022-12-06T00:00:00+00:00, run_after=2022-12-07T00:00:00+00:00
[2022-12-07T23:47:55.555+0000] {processor.py:176} INFO - Processing /home/airflow/.local/lib/python3.7/site-packages/airflow/example_dags/example_branch_datetime_operator.py took 0.164 seconds
[2022-12-07T23:48:26.120+0000] {processor.py:154} INFO - Started process (PID=441) to work on /home/airflow/.local/lib/python3.7/site-packages/airflow/example_dags/example_branch_datetime_operator.py
[2022-12-07T23:48:26.122+0000] {processor.py:756} INFO - Processing file /home/airflow/.local/lib/python3.7/site-packages/airflow/example_dags/example_branch_datetime_operator.py for tasks to queue
[2022-12-07T23:48:26.124+0000] {logging_mixin.py:137} INFO - [2022-12-07T23:48:26.124+0000] {dagbag.py:537} INFO - Filling up the DagBag from /home/airflow/.local/lib/python3.7/site-packages/airflow/example_dags/example_branch_datetime_operator.py
[2022-12-07T23:48:26.162+0000] {processor.py:766} INFO - DAG(s) dict_keys(['example_branch_datetime_operator_2', 'example_branch_datetime_operator', 'example_branch_datetime_operator_3']) retrieved from /home/airflow/.local/lib/python3.7/site-packages/airflow/example_dags/example_branch_datetime_operator.py
[2022-12-07T23:48:26.262+0000] {logging_mixin.py:137} INFO - [2022-12-07T23:48:26.262+0000] {dag.py:2585} INFO - Sync 3 DAGs
[2022-12-07T23:48:26.332+0000] {logging_mixin.py:137} INFO - [2022-12-07T23:48:26.332+0000] {dag.py:3340} INFO - Setting next_dagrun for example_branch_datetime_operator to 2022-12-06T00:00:00+00:00, run_after=2022-12-07T00:00:00+00:00
[2022-12-07T23:48:26.344+0000] {logging_mixin.py:137} INFO - [2022-12-07T23:48:26.343+0000] {dag.py:3340} INFO - Setting next_dagrun for example_branch_datetime_operator_2 to 2022-12-06T00:00:00+00:00, run_after=2022-12-07T00:00:00+00:00
[2022-12-07T23:48:26.348+0000] {logging_mixin.py:137} INFO - [2022-12-07T23:48:26.348+0000] {dag.py:3340} INFO - Setting next_dagrun for example_branch_datetime_operator_3 to 2022-12-06T00:00:00+00:00, run_after=2022-12-07T00:00:00+00:00
[2022-12-07T23:48:26.387+0000] {processor.py:176} INFO - Processing /home/airflow/.local/lib/python3.7/site-packages/airflow/example_dags/example_branch_datetime_operator.py took 0.272 seconds
[2022-12-07T23:48:57.007+0000] {processor.py:154} INFO - Started process (PID=508) to work on /home/airflow/.local/lib/python3.7/site-packages/airflow/example_dags/example_branch_datetime_operator.py
[2022-12-07T23:48:57.008+0000] {processor.py:756} INFO - Processing file /home/airflow/.local/lib/python3.7/site-packages/airflow/example_dags/example_branch_datetime_operator.py for tasks to queue
[2022-12-07T23:48:57.009+0000] {logging_mixin.py:137} INFO - [2022-12-07T23:48:57.009+0000] {dagbag.py:537} INFO - Filling up the DagBag from /home/airflow/.local/lib/python3.7/site-packages/airflow/example_dags/example_branch_datetime_operator.py
[2022-12-07T23:48:57.041+0000] {processor.py:766} INFO - DAG(s) dict_keys(['example_branch_datetime_operator', 'example_branch_datetime_operator_2', 'example_branch_datetime_operator_3']) retrieved from /home/airflow/.local/lib/python3.7/site-packages/airflow/example_dags/example_branch_datetime_operator.py
[2022-12-07T23:48:57.114+0000] {logging_mixin.py:137} INFO - [2022-12-07T23:48:57.114+0000] {dag.py:2585} INFO - Sync 3 DAGs
[2022-12-07T23:48:57.154+0000] {logging_mixin.py:137} INFO - [2022-12-07T23:48:57.154+0000] {dag.py:3340} INFO - Setting next_dagrun for example_branch_datetime_operator to 2022-12-06T00:00:00+00:00, run_after=2022-12-07T00:00:00+00:00
[2022-12-07T23:48:57.162+0000] {logging_mixin.py:137} INFO - [2022-12-07T23:48:57.161+0000] {dag.py:3340} INFO - Setting next_dagrun for example_branch_datetime_operator_2 to 2022-12-06T00:00:00+00:00, run_after=2022-12-07T00:00:00+00:00
[2022-12-07T23:48:57.167+0000] {logging_mixin.py:137} INFO - [2022-12-07T23:48:57.166+0000] {dag.py:3340} INFO - Setting next_dagrun for example_branch_datetime_operator_3 to 2022-12-06T00:00:00+00:00, run_after=2022-12-07T00:00:00+00:00
[2022-12-07T23:48:57.193+0000] {processor.py:176} INFO - Processing /home/airflow/.local/lib/python3.7/site-packages/airflow/example_dags/example_branch_datetime_operator.py took 0.192 seconds
[2022-12-07T23:49:27.250+0000] {processor.py:154} INFO - Started process (PID=571) to work on /home/airflow/.local/lib/python3.7/site-packages/airflow/example_dags/example_branch_datetime_operator.py
[2022-12-07T23:49:27.251+0000] {processor.py:756} INFO - Processing file /home/airflow/.local/lib/python3.7/site-packages/airflow/example_dags/example_branch_datetime_operator.py for tasks to queue
[2022-12-07T23:49:27.252+0000] {logging_mixin.py:137} INFO - [2022-12-07T23:49:27.252+0000] {dagbag.py:537} INFO - Filling up the DagBag from /home/airflow/.local/lib/python3.7/site-packages/airflow/example_dags/example_branch_datetime_operator.py
[2022-12-07T23:49:27.271+0000] {processor.py:766} INFO - DAG(s) dict_keys(['example_branch_datetime_operator', 'example_branch_datetime_operator_3', 'example_branch_datetime_operator_2']) retrieved from /home/airflow/.local/lib/python3.7/site-packages/airflow/example_dags/example_branch_datetime_operator.py
[2022-12-07T23:49:27.325+0000] {logging_mixin.py:137} INFO - [2022-12-07T23:49:27.325+0000] {dag.py:2585} INFO - Sync 3 DAGs
[2022-12-07T23:49:27.357+0000] {logging_mixin.py:137} INFO - [2022-12-07T23:49:27.357+0000] {dag.py:3340} INFO - Setting next_dagrun for example_branch_datetime_operator to 2022-12-06T00:00:00+00:00, run_after=2022-12-07T00:00:00+00:00
[2022-12-07T23:49:27.363+0000] {logging_mixin.py:137} INFO - [2022-12-07T23:49:27.363+0000] {dag.py:3340} INFO - Setting next_dagrun for example_branch_datetime_operator_2 to 2022-12-06T00:00:00+00:00, run_after=2022-12-07T00:00:00+00:00
[2022-12-07T23:49:27.366+0000] {logging_mixin.py:137} INFO - [2022-12-07T23:49:27.366+0000] {dag.py:3340} INFO - Setting next_dagrun for example_branch_datetime_operator_3 to 2022-12-06T00:00:00+00:00, run_after=2022-12-07T00:00:00+00:00
[2022-12-07T23:49:27.388+0000] {processor.py:176} INFO - Processing /home/airflow/.local/lib/python3.7/site-packages/airflow/example_dags/example_branch_datetime_operator.py took 0.141 seconds
[2022-12-07T23:49:57.646+0000] {processor.py:154} INFO - Started process (PID=626) to work on /home/airflow/.local/lib/python3.7/site-packages/airflow/example_dags/example_branch_datetime_operator.py
[2022-12-07T23:49:57.647+0000] {processor.py:756} INFO - Processing file /home/airflow/.local/lib/python3.7/site-packages/airflow/example_dags/example_branch_datetime_operator.py for tasks to queue
[2022-12-07T23:49:57.648+0000] {logging_mixin.py:137} INFO - [2022-12-07T23:49:57.647+0000] {dagbag.py:537} INFO - Filling up the DagBag from /home/airflow/.local/lib/python3.7/site-packages/airflow/example_dags/example_branch_datetime_operator.py
[2022-12-07T23:49:57.670+0000] {processor.py:766} INFO - DAG(s) dict_keys(['example_branch_datetime_operator_2', 'example_branch_datetime_operator', 'example_branch_datetime_operator_3']) retrieved from /home/airflow/.local/lib/python3.7/site-packages/airflow/example_dags/example_branch_datetime_operator.py
[2022-12-07T23:49:57.726+0000] {logging_mixin.py:137} INFO - [2022-12-07T23:49:57.726+0000] {dag.py:2585} INFO - Sync 3 DAGs
[2022-12-07T23:49:57.758+0000] {logging_mixin.py:137} INFO - [2022-12-07T23:49:57.758+0000] {dag.py:3340} INFO - Setting next_dagrun for example_branch_datetime_operator to 2022-12-06T00:00:00+00:00, run_after=2022-12-07T00:00:00+00:00
[2022-12-07T23:49:57.765+0000] {logging_mixin.py:137} INFO - [2022-12-07T23:49:57.764+0000] {dag.py:3340} INFO - Setting next_dagrun for example_branch_datetime_operator_2 to 2022-12-06T00:00:00+00:00, run_after=2022-12-07T00:00:00+00:00
[2022-12-07T23:49:57.768+0000] {logging_mixin.py:137} INFO - [2022-12-07T23:49:57.768+0000] {dag.py:3340} INFO - Setting next_dagrun for example_branch_datetime_operator_3 to 2022-12-06T00:00:00+00:00, run_after=2022-12-07T00:00:00+00:00
[2022-12-07T23:49:57.789+0000] {processor.py:176} INFO - Processing /home/airflow/.local/lib/python3.7/site-packages/airflow/example_dags/example_branch_datetime_operator.py took 0.147 seconds
[2022-12-07T23:50:27.996+0000] {processor.py:154} INFO - Started process (PID=690) to work on /home/airflow/.local/lib/python3.7/site-packages/airflow/example_dags/example_branch_datetime_operator.py
[2022-12-07T23:50:27.997+0000] {processor.py:756} INFO - Processing file /home/airflow/.local/lib/python3.7/site-packages/airflow/example_dags/example_branch_datetime_operator.py for tasks to queue
[2022-12-07T23:50:27.998+0000] {logging_mixin.py:137} INFO - [2022-12-07T23:50:27.998+0000] {dagbag.py:537} INFO - Filling up the DagBag from /home/airflow/.local/lib/python3.7/site-packages/airflow/example_dags/example_branch_datetime_operator.py
[2022-12-07T23:50:28.019+0000] {processor.py:766} INFO - DAG(s) dict_keys(['example_branch_datetime_operator_3', 'example_branch_datetime_operator', 'example_branch_datetime_operator_2']) retrieved from /home/airflow/.local/lib/python3.7/site-packages/airflow/example_dags/example_branch_datetime_operator.py
[2022-12-07T23:50:28.072+0000] {logging_mixin.py:137} INFO - [2022-12-07T23:50:28.072+0000] {dag.py:2585} INFO - Sync 3 DAGs
[2022-12-07T23:50:28.108+0000] {logging_mixin.py:137} INFO - [2022-12-07T23:50:28.108+0000] {dag.py:3340} INFO - Setting next_dagrun for example_branch_datetime_operator to 2022-12-06T00:00:00+00:00, run_after=2022-12-07T00:00:00+00:00
[2022-12-07T23:50:28.119+0000] {logging_mixin.py:137} INFO - [2022-12-07T23:50:28.118+0000] {dag.py:3340} INFO - Setting next_dagrun for example_branch_datetime_operator_2 to 2022-12-06T00:00:00+00:00, run_after=2022-12-07T00:00:00+00:00
[2022-12-07T23:50:28.128+0000] {logging_mixin.py:137} INFO - [2022-12-07T23:50:28.128+0000] {dag.py:3340} INFO - Setting next_dagrun for example_branch_datetime_operator_3 to 2022-12-06T00:00:00+00:00, run_after=2022-12-07T00:00:00+00:00
[2022-12-07T23:50:28.172+0000] {processor.py:176} INFO - Processing /home/airflow/.local/lib/python3.7/site-packages/airflow/example_dags/example_branch_datetime_operator.py took 0.179 seconds
[2022-12-07T23:50:58.909+0000] {processor.py:154} INFO - Started process (PID=755) to work on /home/airflow/.local/lib/python3.7/site-packages/airflow/example_dags/example_branch_datetime_operator.py
[2022-12-07T23:50:58.911+0000] {processor.py:756} INFO - Processing file /home/airflow/.local/lib/python3.7/site-packages/airflow/example_dags/example_branch_datetime_operator.py for tasks to queue
[2022-12-07T23:50:58.912+0000] {logging_mixin.py:137} INFO - [2022-12-07T23:50:58.912+0000] {dagbag.py:537} INFO - Filling up the DagBag from /home/airflow/.local/lib/python3.7/site-packages/airflow/example_dags/example_branch_datetime_operator.py
[2022-12-07T23:50:58.942+0000] {processor.py:766} INFO - DAG(s) dict_keys(['example_branch_datetime_operator_3', 'example_branch_datetime_operator_2', 'example_branch_datetime_operator']) retrieved from /home/airflow/.local/lib/python3.7/site-packages/airflow/example_dags/example_branch_datetime_operator.py
[2022-12-07T23:50:59.024+0000] {logging_mixin.py:137} INFO - [2022-12-07T23:50:59.024+0000] {dag.py:2585} INFO - Sync 3 DAGs
[2022-12-07T23:50:59.072+0000] {logging_mixin.py:137} INFO - [2022-12-07T23:50:59.072+0000] {dag.py:3340} INFO - Setting next_dagrun for example_branch_datetime_operator to 2022-12-06T00:00:00+00:00, run_after=2022-12-07T00:00:00+00:00
[2022-12-07T23:50:59.081+0000] {logging_mixin.py:137} INFO - [2022-12-07T23:50:59.080+0000] {dag.py:3340} INFO - Setting next_dagrun for example_branch_datetime_operator_2 to 2022-12-06T00:00:00+00:00, run_after=2022-12-07T00:00:00+00:00
[2022-12-07T23:50:59.086+0000] {logging_mixin.py:137} INFO - [2022-12-07T23:50:59.086+0000] {dag.py:3340} INFO - Setting next_dagrun for example_branch_datetime_operator_3 to 2022-12-06T00:00:00+00:00, run_after=2022-12-07T00:00:00+00:00
[2022-12-07T23:50:59.157+0000] {processor.py:176} INFO - Processing /home/airflow/.local/lib/python3.7/site-packages/airflow/example_dags/example_branch_datetime_operator.py took 0.251 seconds
[2022-12-07T23:51:29.513+0000] {processor.py:154} INFO - Started process (PID=810) to work on /home/airflow/.local/lib/python3.7/site-packages/airflow/example_dags/example_branch_datetime_operator.py
[2022-12-07T23:51:29.514+0000] {processor.py:756} INFO - Processing file /home/airflow/.local/lib/python3.7/site-packages/airflow/example_dags/example_branch_datetime_operator.py for tasks to queue
[2022-12-07T23:51:29.515+0000] {logging_mixin.py:137} INFO - [2022-12-07T23:51:29.515+0000] {dagbag.py:537} INFO - Filling up the DagBag from /home/airflow/.local/lib/python3.7/site-packages/airflow/example_dags/example_branch_datetime_operator.py
[2022-12-07T23:51:29.546+0000] {processor.py:766} INFO - DAG(s) dict_keys(['example_branch_datetime_operator', 'example_branch_datetime_operator_2', 'example_branch_datetime_operator_3']) retrieved from /home/airflow/.local/lib/python3.7/site-packages/airflow/example_dags/example_branch_datetime_operator.py
[2022-12-07T23:51:29.627+0000] {logging_mixin.py:137} INFO - [2022-12-07T23:51:29.627+0000] {dag.py:2585} INFO - Sync 3 DAGs
[2022-12-07T23:51:29.680+0000] {logging_mixin.py:137} INFO - [2022-12-07T23:51:29.680+0000] {dag.py:3340} INFO - Setting next_dagrun for example_branch_datetime_operator to 2022-12-06T00:00:00+00:00, run_after=2022-12-07T00:00:00+00:00
[2022-12-07T23:51:29.689+0000] {logging_mixin.py:137} INFO - [2022-12-07T23:51:29.689+0000] {dag.py:3340} INFO - Setting next_dagrun for example_branch_datetime_operator_2 to 2022-12-06T00:00:00+00:00, run_after=2022-12-07T00:00:00+00:00
[2022-12-07T23:51:29.694+0000] {logging_mixin.py:137} INFO - [2022-12-07T23:51:29.694+0000] {dag.py:3340} INFO - Setting next_dagrun for example_branch_datetime_operator_3 to 2022-12-06T00:00:00+00:00, run_after=2022-12-07T00:00:00+00:00
[2022-12-07T23:51:29.738+0000] {processor.py:176} INFO - Processing /home/airflow/.local/lib/python3.7/site-packages/airflow/example_dags/example_branch_datetime_operator.py took 0.229 seconds
[2022-12-07T23:51:59.893+0000] {processor.py:154} INFO - Started process (PID=873) to work on /home/airflow/.local/lib/python3.7/site-packages/airflow/example_dags/example_branch_datetime_operator.py
[2022-12-07T23:51:59.895+0000] {processor.py:756} INFO - Processing file /home/airflow/.local/lib/python3.7/site-packages/airflow/example_dags/example_branch_datetime_operator.py for tasks to queue
[2022-12-07T23:51:59.897+0000] {logging_mixin.py:137} INFO - [2022-12-07T23:51:59.897+0000] {dagbag.py:537} INFO - Filling up the DagBag from /home/airflow/.local/lib/python3.7/site-packages/airflow/example_dags/example_branch_datetime_operator.py
[2022-12-07T23:51:59.961+0000] {processor.py:766} INFO - DAG(s) dict_keys(['example_branch_datetime_operator', 'example_branch_datetime_operator_2', 'example_branch_datetime_operator_3']) retrieved from /home/airflow/.local/lib/python3.7/site-packages/airflow/example_dags/example_branch_datetime_operator.py
[2022-12-07T23:52:00.096+0000] {logging_mixin.py:137} INFO - [2022-12-07T23:52:00.096+0000] {dag.py:2585} INFO - Sync 3 DAGs
[2022-12-07T23:52:00.158+0000] {logging_mixin.py:137} INFO - [2022-12-07T23:52:00.158+0000] {dag.py:3340} INFO - Setting next_dagrun for example_branch_datetime_operator to 2022-12-06T00:00:00+00:00, run_after=2022-12-07T00:00:00+00:00
[2022-12-07T23:52:00.176+0000] {logging_mixin.py:137} INFO - [2022-12-07T23:52:00.176+0000] {dag.py:3340} INFO - Setting next_dagrun for example_branch_datetime_operator_2 to 2022-12-06T00:00:00+00:00, run_after=2022-12-07T00:00:00+00:00
[2022-12-07T23:52:00.186+0000] {logging_mixin.py:137} INFO - [2022-12-07T23:52:00.185+0000] {dag.py:3340} INFO - Setting next_dagrun for example_branch_datetime_operator_3 to 2022-12-06T00:00:00+00:00, run_after=2022-12-07T00:00:00+00:00
[2022-12-07T23:52:00.241+0000] {processor.py:176} INFO - Processing /home/airflow/.local/lib/python3.7/site-packages/airflow/example_dags/example_branch_datetime_operator.py took 0.357 seconds
[2022-12-07T23:52:30.340+0000] {processor.py:154} INFO - Started process (PID=928) to work on /home/airflow/.local/lib/python3.7/site-packages/airflow/example_dags/example_branch_datetime_operator.py
[2022-12-07T23:52:30.342+0000] {processor.py:756} INFO - Processing file /home/airflow/.local/lib/python3.7/site-packages/airflow/example_dags/example_branch_datetime_operator.py for tasks to queue
[2022-12-07T23:52:30.343+0000] {logging_mixin.py:137} INFO - [2022-12-07T23:52:30.343+0000] {dagbag.py:537} INFO - Filling up the DagBag from /home/airflow/.local/lib/python3.7/site-packages/airflow/example_dags/example_branch_datetime_operator.py
[2022-12-07T23:52:30.389+0000] {processor.py:766} INFO - DAG(s) dict_keys(['example_branch_datetime_operator_2', 'example_branch_datetime_operator_3', 'example_branch_datetime_operator']) retrieved from /home/airflow/.local/lib/python3.7/site-packages/airflow/example_dags/example_branch_datetime_operator.py
[2022-12-07T23:52:30.500+0000] {logging_mixin.py:137} INFO - [2022-12-07T23:52:30.500+0000] {dag.py:2585} INFO - Sync 3 DAGs
[2022-12-07T23:52:30.553+0000] {logging_mixin.py:137} INFO - [2022-12-07T23:52:30.553+0000] {dag.py:3340} INFO - Setting next_dagrun for example_branch_datetime_operator to 2022-12-06T00:00:00+00:00, run_after=2022-12-07T00:00:00+00:00
[2022-12-07T23:52:30.564+0000] {logging_mixin.py:137} INFO - [2022-12-07T23:52:30.564+0000] {dag.py:3340} INFO - Setting next_dagrun for example_branch_datetime_operator_2 to 2022-12-06T00:00:00+00:00, run_after=2022-12-07T00:00:00+00:00
[2022-12-07T23:52:30.571+0000] {logging_mixin.py:137} INFO - [2022-12-07T23:52:30.570+0000] {dag.py:3340} INFO - Setting next_dagrun for example_branch_datetime_operator_3 to 2022-12-06T00:00:00+00:00, run_after=2022-12-07T00:00:00+00:00
[2022-12-07T23:52:30.595+0000] {processor.py:176} INFO - Processing /home/airflow/.local/lib/python3.7/site-packages/airflow/example_dags/example_branch_datetime_operator.py took 0.262 seconds
[2022-12-07T23:53:00.755+0000] {processor.py:154} INFO - Started process (PID=997) to work on /home/airflow/.local/lib/python3.7/site-packages/airflow/example_dags/example_branch_datetime_operator.py
[2022-12-07T23:53:00.756+0000] {processor.py:756} INFO - Processing file /home/airflow/.local/lib/python3.7/site-packages/airflow/example_dags/example_branch_datetime_operator.py for tasks to queue
[2022-12-07T23:53:00.758+0000] {logging_mixin.py:137} INFO - [2022-12-07T23:53:00.757+0000] {dagbag.py:537} INFO - Filling up the DagBag from /home/airflow/.local/lib/python3.7/site-packages/airflow/example_dags/example_branch_datetime_operator.py
[2022-12-07T23:53:00.792+0000] {processor.py:766} INFO - DAG(s) dict_keys(['example_branch_datetime_operator_2', 'example_branch_datetime_operator_3', 'example_branch_datetime_operator']) retrieved from /home/airflow/.local/lib/python3.7/site-packages/airflow/example_dags/example_branch_datetime_operator.py
[2022-12-07T23:53:00.866+0000] {logging_mixin.py:137} INFO - [2022-12-07T23:53:00.866+0000] {dag.py:2585} INFO - Sync 3 DAGs
[2022-12-07T23:53:00.910+0000] {logging_mixin.py:137} INFO - [2022-12-07T23:53:00.909+0000] {dag.py:3340} INFO - Setting next_dagrun for example_branch_datetime_operator to 2022-12-06T00:00:00+00:00, run_after=2022-12-07T00:00:00+00:00
[2022-12-07T23:53:00.917+0000] {logging_mixin.py:137} INFO - [2022-12-07T23:53:00.917+0000] {dag.py:3340} INFO - Setting next_dagrun for example_branch_datetime_operator_2 to 2022-12-06T00:00:00+00:00, run_after=2022-12-07T00:00:00+00:00
[2022-12-07T23:53:00.923+0000] {logging_mixin.py:137} INFO - [2022-12-07T23:53:00.923+0000] {dag.py:3340} INFO - Setting next_dagrun for example_branch_datetime_operator_3 to 2022-12-06T00:00:00+00:00, run_after=2022-12-07T00:00:00+00:00
[2022-12-07T23:53:00.954+0000] {processor.py:176} INFO - Processing /home/airflow/.local/lib/python3.7/site-packages/airflow/example_dags/example_branch_datetime_operator.py took 0.203 seconds
[2022-12-07T23:53:31.401+0000] {processor.py:154} INFO - Started process (PID=1052) to work on /home/airflow/.local/lib/python3.7/site-packages/airflow/example_dags/example_branch_datetime_operator.py
[2022-12-07T23:53:31.402+0000] {processor.py:756} INFO - Processing file /home/airflow/.local/lib/python3.7/site-packages/airflow/example_dags/example_branch_datetime_operator.py for tasks to queue
[2022-12-07T23:53:31.403+0000] {logging_mixin.py:137} INFO - [2022-12-07T23:53:31.403+0000] {dagbag.py:537} INFO - Filling up the DagBag from /home/airflow/.local/lib/python3.7/site-packages/airflow/example_dags/example_branch_datetime_operator.py
[2022-12-07T23:53:31.430+0000] {processor.py:766} INFO - DAG(s) dict_keys(['example_branch_datetime_operator', 'example_branch_datetime_operator_3', 'example_branch_datetime_operator_2']) retrieved from /home/airflow/.local/lib/python3.7/site-packages/airflow/example_dags/example_branch_datetime_operator.py
[2022-12-07T23:53:31.508+0000] {logging_mixin.py:137} INFO - [2022-12-07T23:53:31.508+0000] {dag.py:2585} INFO - Sync 3 DAGs
[2022-12-07T23:53:31.560+0000] {logging_mixin.py:137} INFO - [2022-12-07T23:53:31.560+0000] {dag.py:3340} INFO - Setting next_dagrun for example_branch_datetime_operator to 2022-12-06T00:00:00+00:00, run_after=2022-12-07T00:00:00+00:00
[2022-12-07T23:53:31.568+0000] {logging_mixin.py:137} INFO - [2022-12-07T23:53:31.568+0000] {dag.py:3340} INFO - Setting next_dagrun for example_branch_datetime_operator_2 to 2022-12-06T00:00:00+00:00, run_after=2022-12-07T00:00:00+00:00
[2022-12-07T23:53:31.574+0000] {logging_mixin.py:137} INFO - [2022-12-07T23:53:31.574+0000] {dag.py:3340} INFO - Setting next_dagrun for example_branch_datetime_operator_3 to 2022-12-06T00:00:00+00:00, run_after=2022-12-07T00:00:00+00:00
[2022-12-07T23:53:31.606+0000] {processor.py:176} INFO - Processing /home/airflow/.local/lib/python3.7/site-packages/airflow/example_dags/example_branch_datetime_operator.py took 0.210 seconds
[2022-12-07T23:54:04.494+0000] {processor.py:154} INFO - Started process (PID=1122) to work on /home/airflow/.local/lib/python3.7/site-packages/airflow/example_dags/example_branch_datetime_operator.py
[2022-12-07T23:54:04.502+0000] {processor.py:756} INFO - Processing file /home/airflow/.local/lib/python3.7/site-packages/airflow/example_dags/example_branch_datetime_operator.py for tasks to queue
[2022-12-07T23:54:04.504+0000] {logging_mixin.py:137} INFO - [2022-12-07T23:54:04.504+0000] {dagbag.py:537} INFO - Filling up the DagBag from /home/airflow/.local/lib/python3.7/site-packages/airflow/example_dags/example_branch_datetime_operator.py
[2022-12-07T23:54:04.552+0000] {processor.py:766} INFO - DAG(s) dict_keys(['example_branch_datetime_operator_2', 'example_branch_datetime_operator', 'example_branch_datetime_operator_3']) retrieved from /home/airflow/.local/lib/python3.7/site-packages/airflow/example_dags/example_branch_datetime_operator.py
[2022-12-07T23:54:04.697+0000] {logging_mixin.py:137} INFO - [2022-12-07T23:54:04.696+0000] {dag.py:2585} INFO - Sync 3 DAGs
[2022-12-07T23:54:04.796+0000] {logging_mixin.py:137} INFO - [2022-12-07T23:54:04.795+0000] {dag.py:3340} INFO - Setting next_dagrun for example_branch_datetime_operator to 2022-12-06T00:00:00+00:00, run_after=2022-12-07T00:00:00+00:00
[2022-12-07T23:54:04.814+0000] {logging_mixin.py:137} INFO - [2022-12-07T23:54:04.814+0000] {dag.py:3340} INFO - Setting next_dagrun for example_branch_datetime_operator_2 to 2022-12-06T00:00:00+00:00, run_after=2022-12-07T00:00:00+00:00
[2022-12-07T23:54:04.825+0000] {logging_mixin.py:137} INFO - [2022-12-07T23:54:04.823+0000] {dag.py:3340} INFO - Setting next_dagrun for example_branch_datetime_operator_3 to 2022-12-06T00:00:00+00:00, run_after=2022-12-07T00:00:00+00:00
[2022-12-07T23:54:04.882+0000] {processor.py:176} INFO - Processing /home/airflow/.local/lib/python3.7/site-packages/airflow/example_dags/example_branch_datetime_operator.py took 0.395 seconds
[2022-12-07T23:54:35.008+0000] {processor.py:154} INFO - Started process (PID=1177) to work on /home/airflow/.local/lib/python3.7/site-packages/airflow/example_dags/example_branch_datetime_operator.py
[2022-12-07T23:54:35.009+0000] {processor.py:756} INFO - Processing file /home/airflow/.local/lib/python3.7/site-packages/airflow/example_dags/example_branch_datetime_operator.py for tasks to queue
[2022-12-07T23:54:35.011+0000] {logging_mixin.py:137} INFO - [2022-12-07T23:54:35.011+0000] {dagbag.py:537} INFO - Filling up the DagBag from /home/airflow/.local/lib/python3.7/site-packages/airflow/example_dags/example_branch_datetime_operator.py
[2022-12-07T23:54:35.041+0000] {processor.py:766} INFO - DAG(s) dict_keys(['example_branch_datetime_operator', 'example_branch_datetime_operator_3', 'example_branch_datetime_operator_2']) retrieved from /home/airflow/.local/lib/python3.7/site-packages/airflow/example_dags/example_branch_datetime_operator.py
[2022-12-07T23:54:35.117+0000] {logging_mixin.py:137} INFO - [2022-12-07T23:54:35.117+0000] {dag.py:2585} INFO - Sync 3 DAGs
[2022-12-07T23:54:35.169+0000] {logging_mixin.py:137} INFO - [2022-12-07T23:54:35.169+0000] {dag.py:3340} INFO - Setting next_dagrun for example_branch_datetime_operator to 2022-12-06T00:00:00+00:00, run_after=2022-12-07T00:00:00+00:00
[2022-12-07T23:54:35.182+0000] {logging_mixin.py:137} INFO - [2022-12-07T23:54:35.182+0000] {dag.py:3340} INFO - Setting next_dagrun for example_branch_datetime_operator_2 to 2022-12-06T00:00:00+00:00, run_after=2022-12-07T00:00:00+00:00
[2022-12-07T23:54:35.186+0000] {logging_mixin.py:137} INFO - [2022-12-07T23:54:35.186+0000] {dag.py:3340} INFO - Setting next_dagrun for example_branch_datetime_operator_3 to 2022-12-06T00:00:00+00:00, run_after=2022-12-07T00:00:00+00:00
[2022-12-07T23:54:35.224+0000] {processor.py:176} INFO - Processing /home/airflow/.local/lib/python3.7/site-packages/airflow/example_dags/example_branch_datetime_operator.py took 0.220 seconds
