[2022-12-07T22:25:17.601+0000] {processor.py:154} INFO - Started process (PID=89) to work on /home/airflow/.local/lib/python3.7/site-packages/airflow/example_dags/example_subdag_operator.py
[2022-12-07T22:25:17.603+0000] {processor.py:756} INFO - Processing file /home/airflow/.local/lib/python3.7/site-packages/airflow/example_dags/example_subdag_operator.py for tasks to queue
[2022-12-07T22:25:17.606+0000] {logging_mixin.py:137} INFO - [2022-12-07T22:25:17.606+0000] {dagbag.py:537} INFO - Filling up the DagBag from /home/airflow/.local/lib/python3.7/site-packages/airflow/example_dags/example_subdag_operator.py
[2022-12-07T22:25:17.709+0000] {processor.py:766} INFO - DAG(s) dict_keys(['example_subdag_operator.section-1', 'example_subdag_operator.section-2', 'example_subdag_operator']) retrieved from /home/airflow/.local/lib/python3.7/site-packages/airflow/example_dags/example_subdag_operator.py
[2022-12-07T22:25:18.369+0000] {logging_mixin.py:137} INFO - [2022-12-07T22:25:18.369+0000] {dag.py:2585} INFO - Sync 3 DAGs
[2022-12-07T22:25:18.466+0000] {logging_mixin.py:137} INFO - [2022-12-07T22:25:18.466+0000] {dag.py:3340} INFO - Setting next_dagrun for example_subdag_operator to 2022-01-01T00:00:00+00:00, run_after=2022-01-01T00:00:00+00:00
[2022-12-07T22:25:18.475+0000] {logging_mixin.py:137} INFO - [2022-12-07T22:25:18.474+0000] {dag.py:3340} INFO - Setting next_dagrun for example_subdag_operator.section-1 to None, run_after=None
[2022-12-07T22:25:18.480+0000] {logging_mixin.py:137} INFO - [2022-12-07T22:25:18.480+0000] {dag.py:3340} INFO - Setting next_dagrun for example_subdag_operator.section-2 to None, run_after=None
[2022-12-07T22:25:18.509+0000] {logging_mixin.py:137} INFO - [2022-12-07T22:25:18.509+0000] {dag.py:2585} INFO - Sync 2 DAGs
[2022-12-07T22:25:18.548+0000] {logging_mixin.py:137} INFO - [2022-12-07T22:25:18.548+0000] {dag.py:3340} INFO - Setting next_dagrun for example_subdag_operator.section-1 to None, run_after=None
[2022-12-07T22:25:18.551+0000] {logging_mixin.py:137} INFO - [2022-12-07T22:25:18.551+0000] {dag.py:3340} INFO - Setting next_dagrun for example_subdag_operator.section-2 to None, run_after=None
[2022-12-07T22:25:18.602+0000] {processor.py:176} INFO - Processing /home/airflow/.local/lib/python3.7/site-packages/airflow/example_dags/example_subdag_operator.py took 1.015 seconds
[2022-12-07T22:25:49.459+0000] {processor.py:154} INFO - Started process (PID=144) to work on /home/airflow/.local/lib/python3.7/site-packages/airflow/example_dags/example_subdag_operator.py
[2022-12-07T22:25:49.461+0000] {processor.py:756} INFO - Processing file /home/airflow/.local/lib/python3.7/site-packages/airflow/example_dags/example_subdag_operator.py for tasks to queue
[2022-12-07T22:25:49.462+0000] {logging_mixin.py:137} INFO - [2022-12-07T22:25:49.462+0000] {dagbag.py:537} INFO - Filling up the DagBag from /home/airflow/.local/lib/python3.7/site-packages/airflow/example_dags/example_subdag_operator.py
[2022-12-07T22:25:49.503+0000] {processor.py:766} INFO - DAG(s) dict_keys(['example_subdag_operator.section-1', 'example_subdag_operator.section-2', 'example_subdag_operator']) retrieved from /home/airflow/.local/lib/python3.7/site-packages/airflow/example_dags/example_subdag_operator.py
[2022-12-07T22:25:49.724+0000] {logging_mixin.py:137} INFO - [2022-12-07T22:25:49.723+0000] {dag.py:2585} INFO - Sync 3 DAGs
[2022-12-07T22:25:49.775+0000] {logging_mixin.py:137} INFO - [2022-12-07T22:25:49.775+0000] {dag.py:3340} INFO - Setting next_dagrun for example_subdag_operator to 2022-01-01T00:00:00+00:00, run_after=2022-01-01T00:00:00+00:00
[2022-12-07T22:25:49.783+0000] {logging_mixin.py:137} INFO - [2022-12-07T22:25:49.783+0000] {dag.py:3340} INFO - Setting next_dagrun for example_subdag_operator.section-1 to None, run_after=None
[2022-12-07T22:25:49.786+0000] {logging_mixin.py:137} INFO - [2022-12-07T22:25:49.786+0000] {dag.py:3340} INFO - Setting next_dagrun for example_subdag_operator.section-2 to None, run_after=None
[2022-12-07T22:25:49.798+0000] {logging_mixin.py:137} INFO - [2022-12-07T22:25:49.798+0000] {dag.py:2585} INFO - Sync 2 DAGs
[2022-12-07T22:25:49.811+0000] {logging_mixin.py:137} INFO - [2022-12-07T22:25:49.810+0000] {dag.py:3340} INFO - Setting next_dagrun for example_subdag_operator.section-1 to None, run_after=None
[2022-12-07T22:25:49.812+0000] {logging_mixin.py:137} INFO - [2022-12-07T22:25:49.811+0000] {dag.py:3340} INFO - Setting next_dagrun for example_subdag_operator.section-2 to None, run_after=None
[2022-12-07T22:25:49.843+0000] {processor.py:176} INFO - Processing /home/airflow/.local/lib/python3.7/site-packages/airflow/example_dags/example_subdag_operator.py took 0.387 seconds
[2022-12-07T22:26:20.579+0000] {processor.py:154} INFO - Started process (PID=209) to work on /home/airflow/.local/lib/python3.7/site-packages/airflow/example_dags/example_subdag_operator.py
[2022-12-07T22:26:20.581+0000] {processor.py:756} INFO - Processing file /home/airflow/.local/lib/python3.7/site-packages/airflow/example_dags/example_subdag_operator.py for tasks to queue
[2022-12-07T22:26:20.582+0000] {logging_mixin.py:137} INFO - [2022-12-07T22:26:20.582+0000] {dagbag.py:537} INFO - Filling up the DagBag from /home/airflow/.local/lib/python3.7/site-packages/airflow/example_dags/example_subdag_operator.py
[2022-12-07T22:26:20.632+0000] {processor.py:766} INFO - DAG(s) dict_keys(['example_subdag_operator.section-1', 'example_subdag_operator.section-2', 'example_subdag_operator']) retrieved from /home/airflow/.local/lib/python3.7/site-packages/airflow/example_dags/example_subdag_operator.py
[2022-12-07T22:26:20.973+0000] {logging_mixin.py:137} INFO - [2022-12-07T22:26:20.973+0000] {dag.py:2585} INFO - Sync 3 DAGs
[2022-12-07T22:26:21.023+0000] {logging_mixin.py:137} INFO - [2022-12-07T22:26:21.023+0000] {dag.py:3340} INFO - Setting next_dagrun for example_subdag_operator to 2022-01-01T00:00:00+00:00, run_after=2022-01-01T00:00:00+00:00
[2022-12-07T22:26:21.032+0000] {logging_mixin.py:137} INFO - [2022-12-07T22:26:21.032+0000] {dag.py:3340} INFO - Setting next_dagrun for example_subdag_operator.section-1 to None, run_after=None
[2022-12-07T22:26:21.035+0000] {logging_mixin.py:137} INFO - [2022-12-07T22:26:21.035+0000] {dag.py:3340} INFO - Setting next_dagrun for example_subdag_operator.section-2 to None, run_after=None
[2022-12-07T22:26:21.045+0000] {logging_mixin.py:137} INFO - [2022-12-07T22:26:21.045+0000] {dag.py:2585} INFO - Sync 2 DAGs
[2022-12-07T22:26:21.053+0000] {logging_mixin.py:137} INFO - [2022-12-07T22:26:21.053+0000] {dag.py:3340} INFO - Setting next_dagrun for example_subdag_operator.section-1 to None, run_after=None
[2022-12-07T22:26:21.054+0000] {logging_mixin.py:137} INFO - [2022-12-07T22:26:21.054+0000] {dag.py:3340} INFO - Setting next_dagrun for example_subdag_operator.section-2 to None, run_after=None
[2022-12-07T22:26:21.070+0000] {processor.py:176} INFO - Processing /home/airflow/.local/lib/python3.7/site-packages/airflow/example_dags/example_subdag_operator.py took 0.494 seconds
[2022-12-07T22:26:51.783+0000] {processor.py:154} INFO - Started process (PID=264) to work on /home/airflow/.local/lib/python3.7/site-packages/airflow/example_dags/example_subdag_operator.py
[2022-12-07T22:26:51.784+0000] {processor.py:756} INFO - Processing file /home/airflow/.local/lib/python3.7/site-packages/airflow/example_dags/example_subdag_operator.py for tasks to queue
[2022-12-07T22:26:51.785+0000] {logging_mixin.py:137} INFO - [2022-12-07T22:26:51.785+0000] {dagbag.py:537} INFO - Filling up the DagBag from /home/airflow/.local/lib/python3.7/site-packages/airflow/example_dags/example_subdag_operator.py
[2022-12-07T22:26:51.823+0000] {processor.py:766} INFO - DAG(s) dict_keys(['example_subdag_operator.section-1', 'example_subdag_operator.section-2', 'example_subdag_operator']) retrieved from /home/airflow/.local/lib/python3.7/site-packages/airflow/example_dags/example_subdag_operator.py
[2022-12-07T22:26:52.063+0000] {logging_mixin.py:137} INFO - [2022-12-07T22:26:52.063+0000] {dag.py:2585} INFO - Sync 3 DAGs
[2022-12-07T22:26:52.092+0000] {logging_mixin.py:137} INFO - [2022-12-07T22:26:52.092+0000] {dag.py:3340} INFO - Setting next_dagrun for example_subdag_operator to 2022-01-01T00:00:00+00:00, run_after=2022-01-01T00:00:00+00:00
[2022-12-07T22:26:52.096+0000] {logging_mixin.py:137} INFO - [2022-12-07T22:26:52.096+0000] {dag.py:3340} INFO - Setting next_dagrun for example_subdag_operator.section-1 to None, run_after=None
[2022-12-07T22:26:52.099+0000] {logging_mixin.py:137} INFO - [2022-12-07T22:26:52.098+0000] {dag.py:3340} INFO - Setting next_dagrun for example_subdag_operator.section-2 to None, run_after=None
[2022-12-07T22:26:52.108+0000] {logging_mixin.py:137} INFO - [2022-12-07T22:26:52.108+0000] {dag.py:2585} INFO - Sync 2 DAGs
[2022-12-07T22:26:52.115+0000] {logging_mixin.py:137} INFO - [2022-12-07T22:26:52.115+0000] {dag.py:3340} INFO - Setting next_dagrun for example_subdag_operator.section-1 to None, run_after=None
[2022-12-07T22:26:52.116+0000] {logging_mixin.py:137} INFO - [2022-12-07T22:26:52.116+0000] {dag.py:3340} INFO - Setting next_dagrun for example_subdag_operator.section-2 to None, run_after=None
[2022-12-07T22:26:52.134+0000] {processor.py:176} INFO - Processing /home/airflow/.local/lib/python3.7/site-packages/airflow/example_dags/example_subdag_operator.py took 0.355 seconds
[2022-12-07T22:27:22.249+0000] {processor.py:154} INFO - Started process (PID=328) to work on /home/airflow/.local/lib/python3.7/site-packages/airflow/example_dags/example_subdag_operator.py
[2022-12-07T22:27:22.252+0000] {processor.py:756} INFO - Processing file /home/airflow/.local/lib/python3.7/site-packages/airflow/example_dags/example_subdag_operator.py for tasks to queue
[2022-12-07T22:27:22.256+0000] {logging_mixin.py:137} INFO - [2022-12-07T22:27:22.256+0000] {dagbag.py:537} INFO - Filling up the DagBag from /home/airflow/.local/lib/python3.7/site-packages/airflow/example_dags/example_subdag_operator.py
[2022-12-07T22:27:22.366+0000] {processor.py:766} INFO - DAG(s) dict_keys(['example_subdag_operator.section-1', 'example_subdag_operator.section-2', 'example_subdag_operator']) retrieved from /home/airflow/.local/lib/python3.7/site-packages/airflow/example_dags/example_subdag_operator.py
[2022-12-07T22:27:22.898+0000] {logging_mixin.py:137} INFO - [2022-12-07T22:27:22.898+0000] {dag.py:2585} INFO - Sync 3 DAGs
[2022-12-07T22:27:22.949+0000] {logging_mixin.py:137} INFO - [2022-12-07T22:27:22.949+0000] {dag.py:3340} INFO - Setting next_dagrun for example_subdag_operator to 2022-01-01T00:00:00+00:00, run_after=2022-01-01T00:00:00+00:00
[2022-12-07T22:27:22.956+0000] {logging_mixin.py:137} INFO - [2022-12-07T22:27:22.955+0000] {dag.py:3340} INFO - Setting next_dagrun for example_subdag_operator.section-1 to None, run_after=None
[2022-12-07T22:27:22.960+0000] {logging_mixin.py:137} INFO - [2022-12-07T22:27:22.960+0000] {dag.py:3340} INFO - Setting next_dagrun for example_subdag_operator.section-2 to None, run_after=None
[2022-12-07T22:27:22.976+0000] {logging_mixin.py:137} INFO - [2022-12-07T22:27:22.976+0000] {dag.py:2585} INFO - Sync 2 DAGs
[2022-12-07T22:27:22.991+0000] {logging_mixin.py:137} INFO - [2022-12-07T22:27:22.991+0000] {dag.py:3340} INFO - Setting next_dagrun for example_subdag_operator.section-1 to None, run_after=None
[2022-12-07T22:27:22.993+0000] {logging_mixin.py:137} INFO - [2022-12-07T22:27:22.992+0000] {dag.py:3340} INFO - Setting next_dagrun for example_subdag_operator.section-2 to None, run_after=None
[2022-12-07T22:27:23.029+0000] {processor.py:176} INFO - Processing /home/airflow/.local/lib/python3.7/site-packages/airflow/example_dags/example_subdag_operator.py took 0.792 seconds
[2022-12-07T22:27:53.459+0000] {processor.py:154} INFO - Started process (PID=384) to work on /home/airflow/.local/lib/python3.7/site-packages/airflow/example_dags/example_subdag_operator.py
[2022-12-07T22:27:53.460+0000] {processor.py:756} INFO - Processing file /home/airflow/.local/lib/python3.7/site-packages/airflow/example_dags/example_subdag_operator.py for tasks to queue
[2022-12-07T22:27:53.461+0000] {logging_mixin.py:137} INFO - [2022-12-07T22:27:53.461+0000] {dagbag.py:537} INFO - Filling up the DagBag from /home/airflow/.local/lib/python3.7/site-packages/airflow/example_dags/example_subdag_operator.py
[2022-12-07T22:27:53.506+0000] {processor.py:766} INFO - DAG(s) dict_keys(['example_subdag_operator.section-1', 'example_subdag_operator.section-2', 'example_subdag_operator']) retrieved from /home/airflow/.local/lib/python3.7/site-packages/airflow/example_dags/example_subdag_operator.py
[2022-12-07T22:27:53.737+0000] {logging_mixin.py:137} INFO - [2022-12-07T22:27:53.737+0000] {dag.py:2585} INFO - Sync 3 DAGs
[2022-12-07T22:27:53.768+0000] {logging_mixin.py:137} INFO - [2022-12-07T22:27:53.768+0000] {dag.py:3340} INFO - Setting next_dagrun for example_subdag_operator to 2022-01-01T00:00:00+00:00, run_after=2022-01-01T00:00:00+00:00
[2022-12-07T22:27:53.772+0000] {logging_mixin.py:137} INFO - [2022-12-07T22:27:53.771+0000] {dag.py:3340} INFO - Setting next_dagrun for example_subdag_operator.section-1 to None, run_after=None
[2022-12-07T22:27:53.774+0000] {logging_mixin.py:137} INFO - [2022-12-07T22:27:53.773+0000] {dag.py:3340} INFO - Setting next_dagrun for example_subdag_operator.section-2 to None, run_after=None
[2022-12-07T22:27:53.784+0000] {logging_mixin.py:137} INFO - [2022-12-07T22:27:53.783+0000] {dag.py:2585} INFO - Sync 2 DAGs
[2022-12-07T22:27:53.791+0000] {logging_mixin.py:137} INFO - [2022-12-07T22:27:53.791+0000] {dag.py:3340} INFO - Setting next_dagrun for example_subdag_operator.section-1 to None, run_after=None
[2022-12-07T22:27:53.792+0000] {logging_mixin.py:137} INFO - [2022-12-07T22:27:53.792+0000] {dag.py:3340} INFO - Setting next_dagrun for example_subdag_operator.section-2 to None, run_after=None
[2022-12-07T22:27:53.808+0000] {processor.py:176} INFO - Processing /home/airflow/.local/lib/python3.7/site-packages/airflow/example_dags/example_subdag_operator.py took 0.354 seconds
[2022-12-07T22:28:24.445+0000] {processor.py:154} INFO - Started process (PID=448) to work on /home/airflow/.local/lib/python3.7/site-packages/airflow/example_dags/example_subdag_operator.py
[2022-12-07T22:28:24.447+0000] {processor.py:756} INFO - Processing file /home/airflow/.local/lib/python3.7/site-packages/airflow/example_dags/example_subdag_operator.py for tasks to queue
[2022-12-07T22:28:24.448+0000] {logging_mixin.py:137} INFO - [2022-12-07T22:28:24.448+0000] {dagbag.py:537} INFO - Filling up the DagBag from /home/airflow/.local/lib/python3.7/site-packages/airflow/example_dags/example_subdag_operator.py
[2022-12-07T22:28:24.493+0000] {processor.py:766} INFO - DAG(s) dict_keys(['example_subdag_operator.section-1', 'example_subdag_operator.section-2', 'example_subdag_operator']) retrieved from /home/airflow/.local/lib/python3.7/site-packages/airflow/example_dags/example_subdag_operator.py
[2022-12-07T22:28:24.812+0000] {logging_mixin.py:137} INFO - [2022-12-07T22:28:24.812+0000] {dag.py:2585} INFO - Sync 3 DAGs
[2022-12-07T22:28:24.846+0000] {logging_mixin.py:137} INFO - [2022-12-07T22:28:24.846+0000] {dag.py:3340} INFO - Setting next_dagrun for example_subdag_operator to 2022-01-01T00:00:00+00:00, run_after=2022-01-01T00:00:00+00:00
[2022-12-07T22:28:24.851+0000] {logging_mixin.py:137} INFO - [2022-12-07T22:28:24.851+0000] {dag.py:3340} INFO - Setting next_dagrun for example_subdag_operator.section-1 to None, run_after=None
[2022-12-07T22:28:24.854+0000] {logging_mixin.py:137} INFO - [2022-12-07T22:28:24.854+0000] {dag.py:3340} INFO - Setting next_dagrun for example_subdag_operator.section-2 to None, run_after=None
[2022-12-07T22:28:24.865+0000] {logging_mixin.py:137} INFO - [2022-12-07T22:28:24.865+0000] {dag.py:2585} INFO - Sync 2 DAGs
[2022-12-07T22:28:24.875+0000] {logging_mixin.py:137} INFO - [2022-12-07T22:28:24.874+0000] {dag.py:3340} INFO - Setting next_dagrun for example_subdag_operator.section-1 to None, run_after=None
[2022-12-07T22:28:24.875+0000] {logging_mixin.py:137} INFO - [2022-12-07T22:28:24.875+0000] {dag.py:3340} INFO - Setting next_dagrun for example_subdag_operator.section-2 to None, run_after=None
[2022-12-07T22:28:24.892+0000] {processor.py:176} INFO - Processing /home/airflow/.local/lib/python3.7/site-packages/airflow/example_dags/example_subdag_operator.py took 0.451 seconds
[2022-12-07T22:28:55.322+0000] {processor.py:154} INFO - Started process (PID=504) to work on /home/airflow/.local/lib/python3.7/site-packages/airflow/example_dags/example_subdag_operator.py
[2022-12-07T22:28:55.324+0000] {processor.py:756} INFO - Processing file /home/airflow/.local/lib/python3.7/site-packages/airflow/example_dags/example_subdag_operator.py for tasks to queue
[2022-12-07T22:28:55.326+0000] {logging_mixin.py:137} INFO - [2022-12-07T22:28:55.325+0000] {dagbag.py:537} INFO - Filling up the DagBag from /home/airflow/.local/lib/python3.7/site-packages/airflow/example_dags/example_subdag_operator.py
[2022-12-07T22:28:55.365+0000] {processor.py:766} INFO - DAG(s) dict_keys(['example_subdag_operator.section-1', 'example_subdag_operator.section-2', 'example_subdag_operator']) retrieved from /home/airflow/.local/lib/python3.7/site-packages/airflow/example_dags/example_subdag_operator.py
[2022-12-07T22:28:55.611+0000] {logging_mixin.py:137} INFO - [2022-12-07T22:28:55.611+0000] {dag.py:2585} INFO - Sync 3 DAGs
[2022-12-07T22:28:55.640+0000] {logging_mixin.py:137} INFO - [2022-12-07T22:28:55.640+0000] {dag.py:3340} INFO - Setting next_dagrun for example_subdag_operator to 2022-01-01T00:00:00+00:00, run_after=2022-01-01T00:00:00+00:00
[2022-12-07T22:28:55.645+0000] {logging_mixin.py:137} INFO - [2022-12-07T22:28:55.645+0000] {dag.py:3340} INFO - Setting next_dagrun for example_subdag_operator.section-1 to None, run_after=None
[2022-12-07T22:28:55.647+0000] {logging_mixin.py:137} INFO - [2022-12-07T22:28:55.647+0000] {dag.py:3340} INFO - Setting next_dagrun for example_subdag_operator.section-2 to None, run_after=None
[2022-12-07T22:28:55.655+0000] {logging_mixin.py:137} INFO - [2022-12-07T22:28:55.655+0000] {dag.py:2585} INFO - Sync 2 DAGs
[2022-12-07T22:28:55.663+0000] {logging_mixin.py:137} INFO - [2022-12-07T22:28:55.663+0000] {dag.py:3340} INFO - Setting next_dagrun for example_subdag_operator.section-1 to None, run_after=None
[2022-12-07T22:28:55.664+0000] {logging_mixin.py:137} INFO - [2022-12-07T22:28:55.664+0000] {dag.py:3340} INFO - Setting next_dagrun for example_subdag_operator.section-2 to None, run_after=None
[2022-12-07T22:28:55.681+0000] {processor.py:176} INFO - Processing /home/airflow/.local/lib/python3.7/site-packages/airflow/example_dags/example_subdag_operator.py took 0.362 seconds
[2022-12-07T22:29:25.820+0000] {processor.py:154} INFO - Started process (PID=570) to work on /home/airflow/.local/lib/python3.7/site-packages/airflow/example_dags/example_subdag_operator.py
[2022-12-07T22:29:25.821+0000] {processor.py:756} INFO - Processing file /home/airflow/.local/lib/python3.7/site-packages/airflow/example_dags/example_subdag_operator.py for tasks to queue
[2022-12-07T22:29:25.821+0000] {logging_mixin.py:137} INFO - [2022-12-07T22:29:25.821+0000] {dagbag.py:537} INFO - Filling up the DagBag from /home/airflow/.local/lib/python3.7/site-packages/airflow/example_dags/example_subdag_operator.py
[2022-12-07T22:29:25.867+0000] {processor.py:766} INFO - DAG(s) dict_keys(['example_subdag_operator.section-1', 'example_subdag_operator.section-2', 'example_subdag_operator']) retrieved from /home/airflow/.local/lib/python3.7/site-packages/airflow/example_dags/example_subdag_operator.py
[2022-12-07T22:29:26.217+0000] {logging_mixin.py:137} INFO - [2022-12-07T22:29:26.217+0000] {dag.py:2585} INFO - Sync 3 DAGs
[2022-12-07T22:29:26.264+0000] {logging_mixin.py:137} INFO - [2022-12-07T22:29:26.264+0000] {dag.py:3340} INFO - Setting next_dagrun for example_subdag_operator to 2022-01-01T00:00:00+00:00, run_after=2022-01-01T00:00:00+00:00
[2022-12-07T22:29:26.269+0000] {logging_mixin.py:137} INFO - [2022-12-07T22:29:26.269+0000] {dag.py:3340} INFO - Setting next_dagrun for example_subdag_operator.section-1 to None, run_after=None
[2022-12-07T22:29:26.271+0000] {logging_mixin.py:137} INFO - [2022-12-07T22:29:26.271+0000] {dag.py:3340} INFO - Setting next_dagrun for example_subdag_operator.section-2 to None, run_after=None
[2022-12-07T22:29:26.283+0000] {logging_mixin.py:137} INFO - [2022-12-07T22:29:26.282+0000] {dag.py:2585} INFO - Sync 2 DAGs
[2022-12-07T22:29:26.293+0000] {logging_mixin.py:137} INFO - [2022-12-07T22:29:26.292+0000] {dag.py:3340} INFO - Setting next_dagrun for example_subdag_operator.section-1 to None, run_after=None
[2022-12-07T22:29:26.294+0000] {logging_mixin.py:137} INFO - [2022-12-07T22:29:26.293+0000] {dag.py:3340} INFO - Setting next_dagrun for example_subdag_operator.section-2 to None, run_after=None
[2022-12-07T22:29:26.309+0000] {processor.py:176} INFO - Processing /home/airflow/.local/lib/python3.7/site-packages/airflow/example_dags/example_subdag_operator.py took 0.493 seconds
[2022-12-07T22:29:56.451+0000] {processor.py:154} INFO - Started process (PID=625) to work on /home/airflow/.local/lib/python3.7/site-packages/airflow/example_dags/example_subdag_operator.py
[2022-12-07T22:29:56.453+0000] {processor.py:756} INFO - Processing file /home/airflow/.local/lib/python3.7/site-packages/airflow/example_dags/example_subdag_operator.py for tasks to queue
[2022-12-07T22:29:56.454+0000] {logging_mixin.py:137} INFO - [2022-12-07T22:29:56.454+0000] {dagbag.py:537} INFO - Filling up the DagBag from /home/airflow/.local/lib/python3.7/site-packages/airflow/example_dags/example_subdag_operator.py
[2022-12-07T22:29:56.495+0000] {processor.py:766} INFO - DAG(s) dict_keys(['example_subdag_operator.section-1', 'example_subdag_operator.section-2', 'example_subdag_operator']) retrieved from /home/airflow/.local/lib/python3.7/site-packages/airflow/example_dags/example_subdag_operator.py
[2022-12-07T22:29:56.759+0000] {logging_mixin.py:137} INFO - [2022-12-07T22:29:56.758+0000] {dag.py:2585} INFO - Sync 3 DAGs
[2022-12-07T22:29:56.791+0000] {logging_mixin.py:137} INFO - [2022-12-07T22:29:56.791+0000] {dag.py:3340} INFO - Setting next_dagrun for example_subdag_operator to 2022-01-01T00:00:00+00:00, run_after=2022-01-01T00:00:00+00:00
[2022-12-07T22:29:56.795+0000] {logging_mixin.py:137} INFO - [2022-12-07T22:29:56.795+0000] {dag.py:3340} INFO - Setting next_dagrun for example_subdag_operator.section-1 to None, run_after=None
[2022-12-07T22:29:56.797+0000] {logging_mixin.py:137} INFO - [2022-12-07T22:29:56.796+0000] {dag.py:3340} INFO - Setting next_dagrun for example_subdag_operator.section-2 to None, run_after=None
[2022-12-07T22:29:56.806+0000] {logging_mixin.py:137} INFO - [2022-12-07T22:29:56.806+0000] {dag.py:2585} INFO - Sync 2 DAGs
[2022-12-07T22:29:56.812+0000] {logging_mixin.py:137} INFO - [2022-12-07T22:29:56.812+0000] {dag.py:3340} INFO - Setting next_dagrun for example_subdag_operator.section-1 to None, run_after=None
[2022-12-07T22:29:56.813+0000] {logging_mixin.py:137} INFO - [2022-12-07T22:29:56.813+0000] {dag.py:3340} INFO - Setting next_dagrun for example_subdag_operator.section-2 to None, run_after=None
[2022-12-07T22:29:56.828+0000] {processor.py:176} INFO - Processing /home/airflow/.local/lib/python3.7/site-packages/airflow/example_dags/example_subdag_operator.py took 0.380 seconds
[2022-12-07T22:30:27.011+0000] {processor.py:154} INFO - Started process (PID=690) to work on /home/airflow/.local/lib/python3.7/site-packages/airflow/example_dags/example_subdag_operator.py
[2022-12-07T22:30:27.013+0000] {processor.py:756} INFO - Processing file /home/airflow/.local/lib/python3.7/site-packages/airflow/example_dags/example_subdag_operator.py for tasks to queue
[2022-12-07T22:30:27.014+0000] {logging_mixin.py:137} INFO - [2022-12-07T22:30:27.013+0000] {dagbag.py:537} INFO - Filling up the DagBag from /home/airflow/.local/lib/python3.7/site-packages/airflow/example_dags/example_subdag_operator.py
[2022-12-07T22:30:27.052+0000] {processor.py:766} INFO - DAG(s) dict_keys(['example_subdag_operator.section-1', 'example_subdag_operator.section-2', 'example_subdag_operator']) retrieved from /home/airflow/.local/lib/python3.7/site-packages/airflow/example_dags/example_subdag_operator.py
[2022-12-07T22:30:27.284+0000] {logging_mixin.py:137} INFO - [2022-12-07T22:30:27.284+0000] {dag.py:2585} INFO - Sync 3 DAGs
[2022-12-07T22:30:27.313+0000] {logging_mixin.py:137} INFO - [2022-12-07T22:30:27.313+0000] {dag.py:3340} INFO - Setting next_dagrun for example_subdag_operator to 2022-01-01T00:00:00+00:00, run_after=2022-01-01T00:00:00+00:00
[2022-12-07T22:30:27.318+0000] {logging_mixin.py:137} INFO - [2022-12-07T22:30:27.318+0000] {dag.py:3340} INFO - Setting next_dagrun for example_subdag_operator.section-1 to None, run_after=None
[2022-12-07T22:30:27.320+0000] {logging_mixin.py:137} INFO - [2022-12-07T22:30:27.320+0000] {dag.py:3340} INFO - Setting next_dagrun for example_subdag_operator.section-2 to None, run_after=None
[2022-12-07T22:30:27.329+0000] {logging_mixin.py:137} INFO - [2022-12-07T22:30:27.329+0000] {dag.py:2585} INFO - Sync 2 DAGs
[2022-12-07T22:30:27.336+0000] {logging_mixin.py:137} INFO - [2022-12-07T22:30:27.335+0000] {dag.py:3340} INFO - Setting next_dagrun for example_subdag_operator.section-1 to None, run_after=None
[2022-12-07T22:30:27.337+0000] {logging_mixin.py:137} INFO - [2022-12-07T22:30:27.336+0000] {dag.py:3340} INFO - Setting next_dagrun for example_subdag_operator.section-2 to None, run_after=None
[2022-12-07T22:30:27.352+0000] {processor.py:176} INFO - Processing /home/airflow/.local/lib/python3.7/site-packages/airflow/example_dags/example_subdag_operator.py took 0.344 seconds
[2022-12-07T22:30:57.502+0000] {processor.py:154} INFO - Started process (PID=745) to work on /home/airflow/.local/lib/python3.7/site-packages/airflow/example_dags/example_subdag_operator.py
[2022-12-07T22:30:57.503+0000] {processor.py:756} INFO - Processing file /home/airflow/.local/lib/python3.7/site-packages/airflow/example_dags/example_subdag_operator.py for tasks to queue
[2022-12-07T22:30:57.504+0000] {logging_mixin.py:137} INFO - [2022-12-07T22:30:57.504+0000] {dagbag.py:537} INFO - Filling up the DagBag from /home/airflow/.local/lib/python3.7/site-packages/airflow/example_dags/example_subdag_operator.py
[2022-12-07T22:30:57.540+0000] {processor.py:766} INFO - DAG(s) dict_keys(['example_subdag_operator.section-1', 'example_subdag_operator.section-2', 'example_subdag_operator']) retrieved from /home/airflow/.local/lib/python3.7/site-packages/airflow/example_dags/example_subdag_operator.py
[2022-12-07T22:30:57.753+0000] {logging_mixin.py:137} INFO - [2022-12-07T22:30:57.752+0000] {dag.py:2585} INFO - Sync 3 DAGs
[2022-12-07T22:30:57.783+0000] {logging_mixin.py:137} INFO - [2022-12-07T22:30:57.783+0000] {dag.py:3340} INFO - Setting next_dagrun for example_subdag_operator to 2022-01-01T00:00:00+00:00, run_after=2022-01-01T00:00:00+00:00
[2022-12-07T22:30:57.789+0000] {logging_mixin.py:137} INFO - [2022-12-07T22:30:57.789+0000] {dag.py:3340} INFO - Setting next_dagrun for example_subdag_operator.section-1 to None, run_after=None
[2022-12-07T22:30:57.791+0000] {logging_mixin.py:137} INFO - [2022-12-07T22:30:57.791+0000] {dag.py:3340} INFO - Setting next_dagrun for example_subdag_operator.section-2 to None, run_after=None
[2022-12-07T22:30:57.800+0000] {logging_mixin.py:137} INFO - [2022-12-07T22:30:57.799+0000] {dag.py:2585} INFO - Sync 2 DAGs
[2022-12-07T22:30:57.806+0000] {logging_mixin.py:137} INFO - [2022-12-07T22:30:57.806+0000] {dag.py:3340} INFO - Setting next_dagrun for example_subdag_operator.section-1 to None, run_after=None
[2022-12-07T22:30:57.807+0000] {logging_mixin.py:137} INFO - [2022-12-07T22:30:57.807+0000] {dag.py:3340} INFO - Setting next_dagrun for example_subdag_operator.section-2 to None, run_after=None
[2022-12-07T22:30:57.838+0000] {processor.py:176} INFO - Processing /home/airflow/.local/lib/python3.7/site-packages/airflow/example_dags/example_subdag_operator.py took 0.339 seconds
[2022-12-07T22:31:28.623+0000] {processor.py:154} INFO - Started process (PID=810) to work on /home/airflow/.local/lib/python3.7/site-packages/airflow/example_dags/example_subdag_operator.py
[2022-12-07T22:31:28.624+0000] {processor.py:756} INFO - Processing file /home/airflow/.local/lib/python3.7/site-packages/airflow/example_dags/example_subdag_operator.py for tasks to queue
[2022-12-07T22:31:28.625+0000] {logging_mixin.py:137} INFO - [2022-12-07T22:31:28.625+0000] {dagbag.py:537} INFO - Filling up the DagBag from /home/airflow/.local/lib/python3.7/site-packages/airflow/example_dags/example_subdag_operator.py
[2022-12-07T22:31:28.660+0000] {processor.py:766} INFO - DAG(s) dict_keys(['example_subdag_operator.section-1', 'example_subdag_operator.section-2', 'example_subdag_operator']) retrieved from /home/airflow/.local/lib/python3.7/site-packages/airflow/example_dags/example_subdag_operator.py
[2022-12-07T22:31:28.876+0000] {logging_mixin.py:137} INFO - [2022-12-07T22:31:28.876+0000] {dag.py:2585} INFO - Sync 3 DAGs
[2022-12-07T22:31:28.903+0000] {logging_mixin.py:137} INFO - [2022-12-07T22:31:28.903+0000] {dag.py:3340} INFO - Setting next_dagrun for example_subdag_operator to 2022-01-01T00:00:00+00:00, run_after=2022-01-01T00:00:00+00:00
[2022-12-07T22:31:28.908+0000] {logging_mixin.py:137} INFO - [2022-12-07T22:31:28.908+0000] {dag.py:3340} INFO - Setting next_dagrun for example_subdag_operator.section-1 to None, run_after=None
[2022-12-07T22:31:28.910+0000] {logging_mixin.py:137} INFO - [2022-12-07T22:31:28.910+0000] {dag.py:3340} INFO - Setting next_dagrun for example_subdag_operator.section-2 to None, run_after=None
[2022-12-07T22:31:28.919+0000] {logging_mixin.py:137} INFO - [2022-12-07T22:31:28.918+0000] {dag.py:2585} INFO - Sync 2 DAGs
[2022-12-07T22:31:28.927+0000] {logging_mixin.py:137} INFO - [2022-12-07T22:31:28.927+0000] {dag.py:3340} INFO - Setting next_dagrun for example_subdag_operator.section-1 to None, run_after=None
[2022-12-07T22:31:28.928+0000] {logging_mixin.py:137} INFO - [2022-12-07T22:31:28.928+0000] {dag.py:3340} INFO - Setting next_dagrun for example_subdag_operator.section-2 to None, run_after=None
[2022-12-07T22:31:28.952+0000] {processor.py:176} INFO - Processing /home/airflow/.local/lib/python3.7/site-packages/airflow/example_dags/example_subdag_operator.py took 0.332 seconds
[2022-12-07T22:31:59.509+0000] {processor.py:154} INFO - Started process (PID=874) to work on /home/airflow/.local/lib/python3.7/site-packages/airflow/example_dags/example_subdag_operator.py
[2022-12-07T22:31:59.511+0000] {processor.py:756} INFO - Processing file /home/airflow/.local/lib/python3.7/site-packages/airflow/example_dags/example_subdag_operator.py for tasks to queue
[2022-12-07T22:31:59.512+0000] {logging_mixin.py:137} INFO - [2022-12-07T22:31:59.512+0000] {dagbag.py:537} INFO - Filling up the DagBag from /home/airflow/.local/lib/python3.7/site-packages/airflow/example_dags/example_subdag_operator.py
[2022-12-07T22:31:59.573+0000] {processor.py:766} INFO - DAG(s) dict_keys(['example_subdag_operator.section-1', 'example_subdag_operator.section-2', 'example_subdag_operator']) retrieved from /home/airflow/.local/lib/python3.7/site-packages/airflow/example_dags/example_subdag_operator.py
[2022-12-07T22:31:59.834+0000] {logging_mixin.py:137} INFO - [2022-12-07T22:31:59.834+0000] {dag.py:2585} INFO - Sync 3 DAGs
[2022-12-07T22:31:59.865+0000] {logging_mixin.py:137} INFO - [2022-12-07T22:31:59.865+0000] {dag.py:3340} INFO - Setting next_dagrun for example_subdag_operator to 2022-01-01T00:00:00+00:00, run_after=2022-01-01T00:00:00+00:00
[2022-12-07T22:31:59.870+0000] {logging_mixin.py:137} INFO - [2022-12-07T22:31:59.870+0000] {dag.py:3340} INFO - Setting next_dagrun for example_subdag_operator.section-1 to None, run_after=None
[2022-12-07T22:31:59.872+0000] {logging_mixin.py:137} INFO - [2022-12-07T22:31:59.872+0000] {dag.py:3340} INFO - Setting next_dagrun for example_subdag_operator.section-2 to None, run_after=None
[2022-12-07T22:31:59.881+0000] {logging_mixin.py:137} INFO - [2022-12-07T22:31:59.881+0000] {dag.py:2585} INFO - Sync 2 DAGs
[2022-12-07T22:31:59.889+0000] {logging_mixin.py:137} INFO - [2022-12-07T22:31:59.889+0000] {dag.py:3340} INFO - Setting next_dagrun for example_subdag_operator.section-1 to None, run_after=None
[2022-12-07T22:31:59.890+0000] {logging_mixin.py:137} INFO - [2022-12-07T22:31:59.890+0000] {dag.py:3340} INFO - Setting next_dagrun for example_subdag_operator.section-2 to None, run_after=None
[2022-12-07T22:31:59.916+0000] {processor.py:176} INFO - Processing /home/airflow/.local/lib/python3.7/site-packages/airflow/example_dags/example_subdag_operator.py took 0.417 seconds
[2022-12-07T22:32:30.072+0000] {processor.py:154} INFO - Started process (PID=929) to work on /home/airflow/.local/lib/python3.7/site-packages/airflow/example_dags/example_subdag_operator.py
[2022-12-07T22:32:30.073+0000] {processor.py:756} INFO - Processing file /home/airflow/.local/lib/python3.7/site-packages/airflow/example_dags/example_subdag_operator.py for tasks to queue
[2022-12-07T22:32:30.075+0000] {logging_mixin.py:137} INFO - [2022-12-07T22:32:30.074+0000] {dagbag.py:537} INFO - Filling up the DagBag from /home/airflow/.local/lib/python3.7/site-packages/airflow/example_dags/example_subdag_operator.py
[2022-12-07T22:32:30.112+0000] {processor.py:766} INFO - DAG(s) dict_keys(['example_subdag_operator.section-1', 'example_subdag_operator.section-2', 'example_subdag_operator']) retrieved from /home/airflow/.local/lib/python3.7/site-packages/airflow/example_dags/example_subdag_operator.py
[2022-12-07T22:32:30.420+0000] {logging_mixin.py:137} INFO - [2022-12-07T22:32:30.419+0000] {dag.py:2585} INFO - Sync 3 DAGs
[2022-12-07T22:32:30.451+0000] {logging_mixin.py:137} INFO - [2022-12-07T22:32:30.451+0000] {dag.py:3340} INFO - Setting next_dagrun for example_subdag_operator to 2022-01-01T00:00:00+00:00, run_after=2022-01-01T00:00:00+00:00
[2022-12-07T22:32:30.455+0000] {logging_mixin.py:137} INFO - [2022-12-07T22:32:30.455+0000] {dag.py:3340} INFO - Setting next_dagrun for example_subdag_operator.section-1 to None, run_after=None
[2022-12-07T22:32:30.457+0000] {logging_mixin.py:137} INFO - [2022-12-07T22:32:30.457+0000] {dag.py:3340} INFO - Setting next_dagrun for example_subdag_operator.section-2 to None, run_after=None
[2022-12-07T22:32:30.465+0000] {logging_mixin.py:137} INFO - [2022-12-07T22:32:30.465+0000] {dag.py:2585} INFO - Sync 2 DAGs
[2022-12-07T22:32:30.472+0000] {logging_mixin.py:137} INFO - [2022-12-07T22:32:30.472+0000] {dag.py:3340} INFO - Setting next_dagrun for example_subdag_operator.section-1 to None, run_after=None
[2022-12-07T22:32:30.473+0000] {logging_mixin.py:137} INFO - [2022-12-07T22:32:30.473+0000] {dag.py:3340} INFO - Setting next_dagrun for example_subdag_operator.section-2 to None, run_after=None
[2022-12-07T22:32:30.487+0000] {processor.py:176} INFO - Processing /home/airflow/.local/lib/python3.7/site-packages/airflow/example_dags/example_subdag_operator.py took 0.418 seconds
