[2022-12-07T21:19:37.743+0000] {processor.py:154} INFO - Started process (PID=28192) to work on /home/airflow/.local/lib/python3.7/site-packages/airflow/example_dags/example_sla_dag.py
[2022-12-07T21:19:37.744+0000] {processor.py:756} INFO - Processing file /home/airflow/.local/lib/python3.7/site-packages/airflow/example_dags/example_sla_dag.py for tasks to queue
[2022-12-07T21:19:37.746+0000] {logging_mixin.py:137} INFO - [2022-12-07T21:19:37.745+0000] {dagbag.py:537} INFO - Filling up the DagBag from /home/airflow/.local/lib/python3.7/site-packages/airflow/example_dags/example_sla_dag.py
[2022-12-07T21:19:37.782+0000] {processor.py:766} INFO - DAG(s) dict_keys(['example_sla_dag']) retrieved from /home/airflow/.local/lib/python3.7/site-packages/airflow/example_dags/example_sla_dag.py
[2022-12-07T21:19:38.033+0000] {logging_mixin.py:137} INFO - [2022-12-07T21:19:38.033+0000] {dag.py:2585} INFO - Sync 1 DAGs
[2022-12-07T21:19:38.077+0000] {logging_mixin.py:137} INFO - [2022-12-07T21:19:38.077+0000] {dag.py:3340} INFO - Setting next_dagrun for example_sla_dag to 2022-12-07T21:16:00+00:00, run_after=2022-12-07T21:18:00+00:00
[2022-12-07T21:19:38.106+0000] {processor.py:176} INFO - Processing /home/airflow/.local/lib/python3.7/site-packages/airflow/example_dags/example_sla_dag.py took 0.369 seconds
[2022-12-07T21:20:08.831+0000] {processor.py:154} INFO - Started process (PID=28247) to work on /home/airflow/.local/lib/python3.7/site-packages/airflow/example_dags/example_sla_dag.py
[2022-12-07T21:20:08.832+0000] {processor.py:756} INFO - Processing file /home/airflow/.local/lib/python3.7/site-packages/airflow/example_dags/example_sla_dag.py for tasks to queue
[2022-12-07T21:20:08.833+0000] {logging_mixin.py:137} INFO - [2022-12-07T21:20:08.833+0000] {dagbag.py:537} INFO - Filling up the DagBag from /home/airflow/.local/lib/python3.7/site-packages/airflow/example_dags/example_sla_dag.py
[2022-12-07T21:20:08.869+0000] {processor.py:766} INFO - DAG(s) dict_keys(['example_sla_dag']) retrieved from /home/airflow/.local/lib/python3.7/site-packages/airflow/example_dags/example_sla_dag.py
[2022-12-07T21:20:08.931+0000] {logging_mixin.py:137} INFO - [2022-12-07T21:20:08.930+0000] {dag.py:2585} INFO - Sync 1 DAGs
[2022-12-07T21:20:08.981+0000] {logging_mixin.py:137} INFO - [2022-12-07T21:20:08.981+0000] {dag.py:3340} INFO - Setting next_dagrun for example_sla_dag to 2022-12-07T21:18:00+00:00, run_after=2022-12-07T21:20:00+00:00
[2022-12-07T21:20:09.013+0000] {processor.py:176} INFO - Processing /home/airflow/.local/lib/python3.7/site-packages/airflow/example_dags/example_sla_dag.py took 0.187 seconds
[2022-12-07T21:20:39.081+0000] {processor.py:154} INFO - Started process (PID=28316) to work on /home/airflow/.local/lib/python3.7/site-packages/airflow/example_dags/example_sla_dag.py
[2022-12-07T21:20:39.083+0000] {processor.py:756} INFO - Processing file /home/airflow/.local/lib/python3.7/site-packages/airflow/example_dags/example_sla_dag.py for tasks to queue
[2022-12-07T21:20:39.085+0000] {logging_mixin.py:137} INFO - [2022-12-07T21:20:39.085+0000] {dagbag.py:537} INFO - Filling up the DagBag from /home/airflow/.local/lib/python3.7/site-packages/airflow/example_dags/example_sla_dag.py
[2022-12-07T21:20:39.163+0000] {processor.py:766} INFO - DAG(s) dict_keys(['example_sla_dag']) retrieved from /home/airflow/.local/lib/python3.7/site-packages/airflow/example_dags/example_sla_dag.py
[2022-12-07T21:20:39.294+0000] {logging_mixin.py:137} INFO - [2022-12-07T21:20:39.293+0000] {dag.py:2585} INFO - Sync 1 DAGs
[2022-12-07T21:20:39.409+0000] {logging_mixin.py:137} INFO - [2022-12-07T21:20:39.409+0000] {dag.py:3340} INFO - Setting next_dagrun for example_sla_dag to 2022-12-07T21:18:00+00:00, run_after=2022-12-07T21:20:00+00:00
[2022-12-07T21:20:39.880+0000] {processor.py:176} INFO - Processing /home/airflow/.local/lib/python3.7/site-packages/airflow/example_dags/example_sla_dag.py took 0.806 seconds
[2022-12-07T21:21:10.258+0000] {processor.py:154} INFO - Started process (PID=28371) to work on /home/airflow/.local/lib/python3.7/site-packages/airflow/example_dags/example_sla_dag.py
[2022-12-07T21:21:10.260+0000] {processor.py:756} INFO - Processing file /home/airflow/.local/lib/python3.7/site-packages/airflow/example_dags/example_sla_dag.py for tasks to queue
[2022-12-07T21:21:10.264+0000] {logging_mixin.py:137} INFO - [2022-12-07T21:21:10.263+0000] {dagbag.py:537} INFO - Filling up the DagBag from /home/airflow/.local/lib/python3.7/site-packages/airflow/example_dags/example_sla_dag.py
[2022-12-07T21:21:10.328+0000] {processor.py:766} INFO - DAG(s) dict_keys(['example_sla_dag']) retrieved from /home/airflow/.local/lib/python3.7/site-packages/airflow/example_dags/example_sla_dag.py
[2022-12-07T21:21:10.544+0000] {logging_mixin.py:137} INFO - [2022-12-07T21:21:10.543+0000] {dag.py:2585} INFO - Sync 1 DAGs
[2022-12-07T21:21:10.932+0000] {logging_mixin.py:137} INFO - [2022-12-07T21:21:10.932+0000] {dag.py:3340} INFO - Setting next_dagrun for example_sla_dag to 2022-12-07T21:18:00+00:00, run_after=2022-12-07T21:20:00+00:00
[2022-12-07T21:21:11.007+0000] {processor.py:176} INFO - Processing /home/airflow/.local/lib/python3.7/site-packages/airflow/example_dags/example_sla_dag.py took 0.756 seconds
[2022-12-07T21:21:41.161+0000] {processor.py:154} INFO - Started process (PID=28426) to work on /home/airflow/.local/lib/python3.7/site-packages/airflow/example_dags/example_sla_dag.py
[2022-12-07T21:21:41.162+0000] {processor.py:756} INFO - Processing file /home/airflow/.local/lib/python3.7/site-packages/airflow/example_dags/example_sla_dag.py for tasks to queue
[2022-12-07T21:21:41.163+0000] {logging_mixin.py:137} INFO - [2022-12-07T21:21:41.163+0000] {dagbag.py:537} INFO - Filling up the DagBag from /home/airflow/.local/lib/python3.7/site-packages/airflow/example_dags/example_sla_dag.py
[2022-12-07T21:21:41.199+0000] {processor.py:766} INFO - DAG(s) dict_keys(['example_sla_dag']) retrieved from /home/airflow/.local/lib/python3.7/site-packages/airflow/example_dags/example_sla_dag.py
[2022-12-07T21:21:41.269+0000] {logging_mixin.py:137} INFO - [2022-12-07T21:21:41.269+0000] {dag.py:2585} INFO - Sync 1 DAGs
[2022-12-07T21:21:41.525+0000] {logging_mixin.py:137} INFO - [2022-12-07T21:21:41.524+0000] {dag.py:3340} INFO - Setting next_dagrun for example_sla_dag to 2022-12-07T21:18:00+00:00, run_after=2022-12-07T21:20:00+00:00
[2022-12-07T21:21:41.552+0000] {processor.py:176} INFO - Processing /home/airflow/.local/lib/python3.7/site-packages/airflow/example_dags/example_sla_dag.py took 0.397 seconds
[2022-12-07T21:22:11.660+0000] {processor.py:154} INFO - Started process (PID=28489) to work on /home/airflow/.local/lib/python3.7/site-packages/airflow/example_dags/example_sla_dag.py
[2022-12-07T21:22:11.662+0000] {processor.py:756} INFO - Processing file /home/airflow/.local/lib/python3.7/site-packages/airflow/example_dags/example_sla_dag.py for tasks to queue
[2022-12-07T21:22:11.664+0000] {logging_mixin.py:137} INFO - [2022-12-07T21:22:11.664+0000] {dagbag.py:537} INFO - Filling up the DagBag from /home/airflow/.local/lib/python3.7/site-packages/airflow/example_dags/example_sla_dag.py
[2022-12-07T21:22:11.717+0000] {processor.py:766} INFO - DAG(s) dict_keys(['example_sla_dag']) retrieved from /home/airflow/.local/lib/python3.7/site-packages/airflow/example_dags/example_sla_dag.py
[2022-12-07T21:22:11.808+0000] {logging_mixin.py:137} INFO - [2022-12-07T21:22:11.807+0000] {dag.py:2585} INFO - Sync 1 DAGs
[2022-12-07T21:22:11.901+0000] {logging_mixin.py:137} INFO - [2022-12-07T21:22:11.901+0000] {dag.py:3340} INFO - Setting next_dagrun for example_sla_dag to 2022-12-07T21:20:00+00:00, run_after=2022-12-07T21:22:00+00:00
[2022-12-07T21:22:11.974+0000] {processor.py:176} INFO - Processing /home/airflow/.local/lib/python3.7/site-packages/airflow/example_dags/example_sla_dag.py took 0.319 seconds
[2022-12-07T21:22:42.047+0000] {processor.py:154} INFO - Started process (PID=28544) to work on /home/airflow/.local/lib/python3.7/site-packages/airflow/example_dags/example_sla_dag.py
[2022-12-07T21:22:42.049+0000] {processor.py:756} INFO - Processing file /home/airflow/.local/lib/python3.7/site-packages/airflow/example_dags/example_sla_dag.py for tasks to queue
[2022-12-07T21:22:42.051+0000] {logging_mixin.py:137} INFO - [2022-12-07T21:22:42.051+0000] {dagbag.py:537} INFO - Filling up the DagBag from /home/airflow/.local/lib/python3.7/site-packages/airflow/example_dags/example_sla_dag.py
[2022-12-07T21:22:42.086+0000] {processor.py:766} INFO - DAG(s) dict_keys(['example_sla_dag']) retrieved from /home/airflow/.local/lib/python3.7/site-packages/airflow/example_dags/example_sla_dag.py
[2022-12-07T21:22:42.155+0000] {logging_mixin.py:137} INFO - [2022-12-07T21:22:42.154+0000] {dag.py:2585} INFO - Sync 1 DAGs
[2022-12-07T21:22:42.230+0000] {logging_mixin.py:137} INFO - [2022-12-07T21:22:42.230+0000] {dag.py:3340} INFO - Setting next_dagrun for example_sla_dag to 2022-12-07T21:20:00+00:00, run_after=2022-12-07T21:22:00+00:00
[2022-12-07T21:22:42.279+0000] {processor.py:176} INFO - Processing /home/airflow/.local/lib/python3.7/site-packages/airflow/example_dags/example_sla_dag.py took 0.236 seconds
