[2022-12-07T22:25:13.016+0000] {processor.py:154} INFO - Started process (PID=71) to work on /home/airflow/.local/lib/python3.7/site-packages/airflow/example_dags/example_branch_day_of_week_operator.py
[2022-12-07T22:25:13.020+0000] {processor.py:756} INFO - Processing file /home/airflow/.local/lib/python3.7/site-packages/airflow/example_dags/example_branch_day_of_week_operator.py for tasks to queue
[2022-12-07T22:25:13.030+0000] {logging_mixin.py:137} INFO - [2022-12-07T22:25:13.029+0000] {dagbag.py:537} INFO - Filling up the DagBag from /home/airflow/.local/lib/python3.7/site-packages/airflow/example_dags/example_branch_day_of_week_operator.py
[2022-12-07T22:25:13.108+0000] {processor.py:766} INFO - DAG(s) dict_keys(['example_weekday_branch_operator']) retrieved from /home/airflow/.local/lib/python3.7/site-packages/airflow/example_dags/example_branch_day_of_week_operator.py
[2022-12-07T22:25:13.262+0000] {logging_mixin.py:137} INFO - [2022-12-07T22:25:13.261+0000] {dag.py:2585} INFO - Sync 1 DAGs
[2022-12-07T22:25:13.388+0000] {logging_mixin.py:137} INFO - [2022-12-07T22:25:13.387+0000] {dag.py:3340} INFO - Setting next_dagrun for example_weekday_branch_operator to 2022-12-06T00:00:00+00:00, run_after=2022-12-07T00:00:00+00:00
[2022-12-07T22:25:13.494+0000] {processor.py:176} INFO - Processing /home/airflow/.local/lib/python3.7/site-packages/airflow/example_dags/example_branch_day_of_week_operator.py took 0.512 seconds
[2022-12-07T22:25:43.798+0000] {processor.py:154} INFO - Started process (PID=128) to work on /home/airflow/.local/lib/python3.7/site-packages/airflow/example_dags/example_branch_day_of_week_operator.py
[2022-12-07T22:25:43.799+0000] {processor.py:756} INFO - Processing file /home/airflow/.local/lib/python3.7/site-packages/airflow/example_dags/example_branch_day_of_week_operator.py for tasks to queue
[2022-12-07T22:25:43.800+0000] {logging_mixin.py:137} INFO - [2022-12-07T22:25:43.800+0000] {dagbag.py:537} INFO - Filling up the DagBag from /home/airflow/.local/lib/python3.7/site-packages/airflow/example_dags/example_branch_day_of_week_operator.py
[2022-12-07T22:25:43.821+0000] {processor.py:766} INFO - DAG(s) dict_keys(['example_weekday_branch_operator']) retrieved from /home/airflow/.local/lib/python3.7/site-packages/airflow/example_dags/example_branch_day_of_week_operator.py
[2022-12-07T22:25:43.874+0000] {logging_mixin.py:137} INFO - [2022-12-07T22:25:43.874+0000] {dag.py:2585} INFO - Sync 1 DAGs
[2022-12-07T22:25:43.927+0000] {logging_mixin.py:137} INFO - [2022-12-07T22:25:43.927+0000] {dag.py:3340} INFO - Setting next_dagrun for example_weekday_branch_operator to 2022-12-06T00:00:00+00:00, run_after=2022-12-07T00:00:00+00:00
[2022-12-07T22:25:43.963+0000] {processor.py:176} INFO - Processing /home/airflow/.local/lib/python3.7/site-packages/airflow/example_dags/example_branch_day_of_week_operator.py took 0.169 seconds
[2022-12-07T22:26:14.421+0000] {processor.py:154} INFO - Started process (PID=184) to work on /home/airflow/.local/lib/python3.7/site-packages/airflow/example_dags/example_branch_day_of_week_operator.py
[2022-12-07T22:26:14.422+0000] {processor.py:756} INFO - Processing file /home/airflow/.local/lib/python3.7/site-packages/airflow/example_dags/example_branch_day_of_week_operator.py for tasks to queue
[2022-12-07T22:26:14.423+0000] {logging_mixin.py:137} INFO - [2022-12-07T22:26:14.423+0000] {dagbag.py:537} INFO - Filling up the DagBag from /home/airflow/.local/lib/python3.7/site-packages/airflow/example_dags/example_branch_day_of_week_operator.py
[2022-12-07T22:26:14.444+0000] {processor.py:766} INFO - DAG(s) dict_keys(['example_weekday_branch_operator']) retrieved from /home/airflow/.local/lib/python3.7/site-packages/airflow/example_dags/example_branch_day_of_week_operator.py
[2022-12-07T22:26:14.500+0000] {logging_mixin.py:137} INFO - [2022-12-07T22:26:14.500+0000] {dag.py:2585} INFO - Sync 1 DAGs
[2022-12-07T22:26:14.538+0000] {logging_mixin.py:137} INFO - [2022-12-07T22:26:14.538+0000] {dag.py:3340} INFO - Setting next_dagrun for example_weekday_branch_operator to 2022-12-06T00:00:00+00:00, run_after=2022-12-07T00:00:00+00:00
[2022-12-07T22:26:14.568+0000] {processor.py:176} INFO - Processing /home/airflow/.local/lib/python3.7/site-packages/airflow/example_dags/example_branch_day_of_week_operator.py took 0.150 seconds
[2022-12-07T22:26:44.935+0000] {processor.py:154} INFO - Started process (PID=248) to work on /home/airflow/.local/lib/python3.7/site-packages/airflow/example_dags/example_branch_day_of_week_operator.py
[2022-12-07T22:26:44.937+0000] {processor.py:756} INFO - Processing file /home/airflow/.local/lib/python3.7/site-packages/airflow/example_dags/example_branch_day_of_week_operator.py for tasks to queue
[2022-12-07T22:26:44.939+0000] {logging_mixin.py:137} INFO - [2022-12-07T22:26:44.939+0000] {dagbag.py:537} INFO - Filling up the DagBag from /home/airflow/.local/lib/python3.7/site-packages/airflow/example_dags/example_branch_day_of_week_operator.py
[2022-12-07T22:26:44.975+0000] {processor.py:766} INFO - DAG(s) dict_keys(['example_weekday_branch_operator']) retrieved from /home/airflow/.local/lib/python3.7/site-packages/airflow/example_dags/example_branch_day_of_week_operator.py
[2022-12-07T22:26:45.032+0000] {logging_mixin.py:137} INFO - [2022-12-07T22:26:45.032+0000] {dag.py:2585} INFO - Sync 1 DAGs
[2022-12-07T22:26:45.067+0000] {logging_mixin.py:137} INFO - [2022-12-07T22:26:45.067+0000] {dag.py:3340} INFO - Setting next_dagrun for example_weekday_branch_operator to 2022-12-06T00:00:00+00:00, run_after=2022-12-07T00:00:00+00:00
[2022-12-07T22:26:45.092+0000] {processor.py:176} INFO - Processing /home/airflow/.local/lib/python3.7/site-packages/airflow/example_dags/example_branch_day_of_week_operator.py took 0.165 seconds
[2022-12-07T22:27:15.849+0000] {processor.py:154} INFO - Started process (PID=303) to work on /home/airflow/.local/lib/python3.7/site-packages/airflow/example_dags/example_branch_day_of_week_operator.py
[2022-12-07T22:27:15.850+0000] {processor.py:756} INFO - Processing file /home/airflow/.local/lib/python3.7/site-packages/airflow/example_dags/example_branch_day_of_week_operator.py for tasks to queue
[2022-12-07T22:27:15.852+0000] {logging_mixin.py:137} INFO - [2022-12-07T22:27:15.851+0000] {dagbag.py:537} INFO - Filling up the DagBag from /home/airflow/.local/lib/python3.7/site-packages/airflow/example_dags/example_branch_day_of_week_operator.py
[2022-12-07T22:27:15.870+0000] {processor.py:766} INFO - DAG(s) dict_keys(['example_weekday_branch_operator']) retrieved from /home/airflow/.local/lib/python3.7/site-packages/airflow/example_dags/example_branch_day_of_week_operator.py
[2022-12-07T22:27:15.921+0000] {logging_mixin.py:137} INFO - [2022-12-07T22:27:15.920+0000] {dag.py:2585} INFO - Sync 1 DAGs
[2022-12-07T22:27:15.956+0000] {logging_mixin.py:137} INFO - [2022-12-07T22:27:15.956+0000] {dag.py:3340} INFO - Setting next_dagrun for example_weekday_branch_operator to 2022-12-06T00:00:00+00:00, run_after=2022-12-07T00:00:00+00:00
[2022-12-07T22:27:15.990+0000] {processor.py:176} INFO - Processing /home/airflow/.local/lib/python3.7/site-packages/airflow/example_dags/example_branch_day_of_week_operator.py took 0.145 seconds
[2022-12-07T22:27:46.480+0000] {processor.py:154} INFO - Started process (PID=368) to work on /home/airflow/.local/lib/python3.7/site-packages/airflow/example_dags/example_branch_day_of_week_operator.py
[2022-12-07T22:27:46.482+0000] {processor.py:756} INFO - Processing file /home/airflow/.local/lib/python3.7/site-packages/airflow/example_dags/example_branch_day_of_week_operator.py for tasks to queue
[2022-12-07T22:27:46.484+0000] {logging_mixin.py:137} INFO - [2022-12-07T22:27:46.483+0000] {dagbag.py:537} INFO - Filling up the DagBag from /home/airflow/.local/lib/python3.7/site-packages/airflow/example_dags/example_branch_day_of_week_operator.py
[2022-12-07T22:27:46.523+0000] {processor.py:766} INFO - DAG(s) dict_keys(['example_weekday_branch_operator']) retrieved from /home/airflow/.local/lib/python3.7/site-packages/airflow/example_dags/example_branch_day_of_week_operator.py
[2022-12-07T22:27:46.732+0000] {logging_mixin.py:137} INFO - [2022-12-07T22:27:46.722+0000] {dag.py:2585} INFO - Sync 1 DAGs
[2022-12-07T22:27:46.944+0000] {logging_mixin.py:137} INFO - [2022-12-07T22:27:46.934+0000] {dag.py:3340} INFO - Setting next_dagrun for example_weekday_branch_operator to 2022-12-06T00:00:00+00:00, run_after=2022-12-07T00:00:00+00:00
[2022-12-07T22:27:47.079+0000] {processor.py:176} INFO - Processing /home/airflow/.local/lib/python3.7/site-packages/airflow/example_dags/example_branch_day_of_week_operator.py took 0.609 seconds
[2022-12-07T22:28:17.705+0000] {processor.py:154} INFO - Started process (PID=423) to work on /home/airflow/.local/lib/python3.7/site-packages/airflow/example_dags/example_branch_day_of_week_operator.py
[2022-12-07T22:28:17.707+0000] {processor.py:756} INFO - Processing file /home/airflow/.local/lib/python3.7/site-packages/airflow/example_dags/example_branch_day_of_week_operator.py for tasks to queue
[2022-12-07T22:28:17.708+0000] {logging_mixin.py:137} INFO - [2022-12-07T22:28:17.708+0000] {dagbag.py:537} INFO - Filling up the DagBag from /home/airflow/.local/lib/python3.7/site-packages/airflow/example_dags/example_branch_day_of_week_operator.py
[2022-12-07T22:28:17.727+0000] {processor.py:766} INFO - DAG(s) dict_keys(['example_weekday_branch_operator']) retrieved from /home/airflow/.local/lib/python3.7/site-packages/airflow/example_dags/example_branch_day_of_week_operator.py
[2022-12-07T22:28:17.778+0000] {logging_mixin.py:137} INFO - [2022-12-07T22:28:17.778+0000] {dag.py:2585} INFO - Sync 1 DAGs
[2022-12-07T22:28:17.811+0000] {logging_mixin.py:137} INFO - [2022-12-07T22:28:17.811+0000] {dag.py:3340} INFO - Setting next_dagrun for example_weekday_branch_operator to 2022-12-06T00:00:00+00:00, run_after=2022-12-07T00:00:00+00:00
[2022-12-07T22:28:17.837+0000] {processor.py:176} INFO - Processing /home/airflow/.local/lib/python3.7/site-packages/airflow/example_dags/example_branch_day_of_week_operator.py took 0.135 seconds
[2022-12-07T22:28:48.031+0000] {processor.py:154} INFO - Started process (PID=487) to work on /home/airflow/.local/lib/python3.7/site-packages/airflow/example_dags/example_branch_day_of_week_operator.py
[2022-12-07T22:28:48.032+0000] {processor.py:756} INFO - Processing file /home/airflow/.local/lib/python3.7/site-packages/airflow/example_dags/example_branch_day_of_week_operator.py for tasks to queue
[2022-12-07T22:28:48.034+0000] {logging_mixin.py:137} INFO - [2022-12-07T22:28:48.034+0000] {dagbag.py:537} INFO - Filling up the DagBag from /home/airflow/.local/lib/python3.7/site-packages/airflow/example_dags/example_branch_day_of_week_operator.py
[2022-12-07T22:28:48.057+0000] {processor.py:766} INFO - DAG(s) dict_keys(['example_weekday_branch_operator']) retrieved from /home/airflow/.local/lib/python3.7/site-packages/airflow/example_dags/example_branch_day_of_week_operator.py
[2022-12-07T22:28:48.111+0000] {logging_mixin.py:137} INFO - [2022-12-07T22:28:48.111+0000] {dag.py:2585} INFO - Sync 1 DAGs
[2022-12-07T22:28:48.154+0000] {logging_mixin.py:137} INFO - [2022-12-07T22:28:48.154+0000] {dag.py:3340} INFO - Setting next_dagrun for example_weekday_branch_operator to 2022-12-06T00:00:00+00:00, run_after=2022-12-07T00:00:00+00:00
[2022-12-07T22:28:48.193+0000] {processor.py:176} INFO - Processing /home/airflow/.local/lib/python3.7/site-packages/airflow/example_dags/example_branch_day_of_week_operator.py took 0.167 seconds
[2022-12-07T22:29:18.579+0000] {processor.py:154} INFO - Started process (PID=542) to work on /home/airflow/.local/lib/python3.7/site-packages/airflow/example_dags/example_branch_day_of_week_operator.py
[2022-12-07T22:29:18.580+0000] {processor.py:756} INFO - Processing file /home/airflow/.local/lib/python3.7/site-packages/airflow/example_dags/example_branch_day_of_week_operator.py for tasks to queue
[2022-12-07T22:29:18.581+0000] {logging_mixin.py:137} INFO - [2022-12-07T22:29:18.581+0000] {dagbag.py:537} INFO - Filling up the DagBag from /home/airflow/.local/lib/python3.7/site-packages/airflow/example_dags/example_branch_day_of_week_operator.py
[2022-12-07T22:29:18.598+0000] {processor.py:766} INFO - DAG(s) dict_keys(['example_weekday_branch_operator']) retrieved from /home/airflow/.local/lib/python3.7/site-packages/airflow/example_dags/example_branch_day_of_week_operator.py
[2022-12-07T22:29:18.650+0000] {logging_mixin.py:137} INFO - [2022-12-07T22:29:18.650+0000] {dag.py:2585} INFO - Sync 1 DAGs
[2022-12-07T22:29:18.683+0000] {logging_mixin.py:137} INFO - [2022-12-07T22:29:18.682+0000] {dag.py:3340} INFO - Setting next_dagrun for example_weekday_branch_operator to 2022-12-06T00:00:00+00:00, run_after=2022-12-07T00:00:00+00:00
[2022-12-07T22:29:18.719+0000] {processor.py:176} INFO - Processing /home/airflow/.local/lib/python3.7/site-packages/airflow/example_dags/example_branch_day_of_week_operator.py took 0.144 seconds
[2022-12-07T22:29:49.482+0000] {processor.py:154} INFO - Started process (PID=606) to work on /home/airflow/.local/lib/python3.7/site-packages/airflow/example_dags/example_branch_day_of_week_operator.py
[2022-12-07T22:29:49.483+0000] {processor.py:756} INFO - Processing file /home/airflow/.local/lib/python3.7/site-packages/airflow/example_dags/example_branch_day_of_week_operator.py for tasks to queue
[2022-12-07T22:29:49.485+0000] {logging_mixin.py:137} INFO - [2022-12-07T22:29:49.484+0000] {dagbag.py:537} INFO - Filling up the DagBag from /home/airflow/.local/lib/python3.7/site-packages/airflow/example_dags/example_branch_day_of_week_operator.py
[2022-12-07T22:29:49.502+0000] {processor.py:766} INFO - DAG(s) dict_keys(['example_weekday_branch_operator']) retrieved from /home/airflow/.local/lib/python3.7/site-packages/airflow/example_dags/example_branch_day_of_week_operator.py
[2022-12-07T22:29:49.551+0000] {logging_mixin.py:137} INFO - [2022-12-07T22:29:49.551+0000] {dag.py:2585} INFO - Sync 1 DAGs
[2022-12-07T22:29:49.585+0000] {logging_mixin.py:137} INFO - [2022-12-07T22:29:49.585+0000] {dag.py:3340} INFO - Setting next_dagrun for example_weekday_branch_operator to 2022-12-06T00:00:00+00:00, run_after=2022-12-07T00:00:00+00:00
[2022-12-07T22:29:49.616+0000] {processor.py:176} INFO - Processing /home/airflow/.local/lib/python3.7/site-packages/airflow/example_dags/example_branch_day_of_week_operator.py took 0.138 seconds
[2022-12-07T22:30:19.685+0000] {processor.py:154} INFO - Started process (PID=661) to work on /home/airflow/.local/lib/python3.7/site-packages/airflow/example_dags/example_branch_day_of_week_operator.py
[2022-12-07T22:30:19.686+0000] {processor.py:756} INFO - Processing file /home/airflow/.local/lib/python3.7/site-packages/airflow/example_dags/example_branch_day_of_week_operator.py for tasks to queue
[2022-12-07T22:30:19.687+0000] {logging_mixin.py:137} INFO - [2022-12-07T22:30:19.687+0000] {dagbag.py:537} INFO - Filling up the DagBag from /home/airflow/.local/lib/python3.7/site-packages/airflow/example_dags/example_branch_day_of_week_operator.py
[2022-12-07T22:30:19.707+0000] {processor.py:766} INFO - DAG(s) dict_keys(['example_weekday_branch_operator']) retrieved from /home/airflow/.local/lib/python3.7/site-packages/airflow/example_dags/example_branch_day_of_week_operator.py
[2022-12-07T22:30:19.758+0000] {logging_mixin.py:137} INFO - [2022-12-07T22:30:19.758+0000] {dag.py:2585} INFO - Sync 1 DAGs
[2022-12-07T22:30:19.791+0000] {logging_mixin.py:137} INFO - [2022-12-07T22:30:19.791+0000] {dag.py:3340} INFO - Setting next_dagrun for example_weekday_branch_operator to 2022-12-06T00:00:00+00:00, run_after=2022-12-07T00:00:00+00:00
[2022-12-07T22:30:19.819+0000] {processor.py:176} INFO - Processing /home/airflow/.local/lib/python3.7/site-packages/airflow/example_dags/example_branch_day_of_week_operator.py took 0.138 seconds
[2022-12-07T22:30:50.091+0000] {processor.py:154} INFO - Started process (PID=725) to work on /home/airflow/.local/lib/python3.7/site-packages/airflow/example_dags/example_branch_day_of_week_operator.py
[2022-12-07T22:30:50.093+0000] {processor.py:756} INFO - Processing file /home/airflow/.local/lib/python3.7/site-packages/airflow/example_dags/example_branch_day_of_week_operator.py for tasks to queue
[2022-12-07T22:30:50.094+0000] {logging_mixin.py:137} INFO - [2022-12-07T22:30:50.094+0000] {dagbag.py:537} INFO - Filling up the DagBag from /home/airflow/.local/lib/python3.7/site-packages/airflow/example_dags/example_branch_day_of_week_operator.py
[2022-12-07T22:30:50.114+0000] {processor.py:766} INFO - DAG(s) dict_keys(['example_weekday_branch_operator']) retrieved from /home/airflow/.local/lib/python3.7/site-packages/airflow/example_dags/example_branch_day_of_week_operator.py
[2022-12-07T22:30:50.172+0000] {logging_mixin.py:137} INFO - [2022-12-07T22:30:50.172+0000] {dag.py:2585} INFO - Sync 1 DAGs
[2022-12-07T22:30:50.215+0000] {logging_mixin.py:137} INFO - [2022-12-07T22:30:50.214+0000] {dag.py:3340} INFO - Setting next_dagrun for example_weekday_branch_operator to 2022-12-06T00:00:00+00:00, run_after=2022-12-07T00:00:00+00:00
[2022-12-07T22:30:50.248+0000] {processor.py:176} INFO - Processing /home/airflow/.local/lib/python3.7/site-packages/airflow/example_dags/example_branch_day_of_week_operator.py took 0.163 seconds
[2022-12-07T22:31:20.332+0000] {processor.py:154} INFO - Started process (PID=780) to work on /home/airflow/.local/lib/python3.7/site-packages/airflow/example_dags/example_branch_day_of_week_operator.py
[2022-12-07T22:31:20.333+0000] {processor.py:756} INFO - Processing file /home/airflow/.local/lib/python3.7/site-packages/airflow/example_dags/example_branch_day_of_week_operator.py for tasks to queue
[2022-12-07T22:31:20.334+0000] {logging_mixin.py:137} INFO - [2022-12-07T22:31:20.334+0000] {dagbag.py:537} INFO - Filling up the DagBag from /home/airflow/.local/lib/python3.7/site-packages/airflow/example_dags/example_branch_day_of_week_operator.py
[2022-12-07T22:31:20.361+0000] {processor.py:766} INFO - DAG(s) dict_keys(['example_weekday_branch_operator']) retrieved from /home/airflow/.local/lib/python3.7/site-packages/airflow/example_dags/example_branch_day_of_week_operator.py
[2022-12-07T22:31:20.410+0000] {logging_mixin.py:137} INFO - [2022-12-07T22:31:20.410+0000] {dag.py:2585} INFO - Sync 1 DAGs
[2022-12-07T22:31:20.442+0000] {logging_mixin.py:137} INFO - [2022-12-07T22:31:20.441+0000] {dag.py:3340} INFO - Setting next_dagrun for example_weekday_branch_operator to 2022-12-06T00:00:00+00:00, run_after=2022-12-07T00:00:00+00:00
[2022-12-07T22:31:20.466+0000] {processor.py:176} INFO - Processing /home/airflow/.local/lib/python3.7/site-packages/airflow/example_dags/example_branch_day_of_week_operator.py took 0.138 seconds
[2022-12-07T22:31:50.600+0000] {processor.py:154} INFO - Started process (PID=845) to work on /home/airflow/.local/lib/python3.7/site-packages/airflow/example_dags/example_branch_day_of_week_operator.py
[2022-12-07T22:31:50.601+0000] {processor.py:756} INFO - Processing file /home/airflow/.local/lib/python3.7/site-packages/airflow/example_dags/example_branch_day_of_week_operator.py for tasks to queue
[2022-12-07T22:31:50.602+0000] {logging_mixin.py:137} INFO - [2022-12-07T22:31:50.602+0000] {dagbag.py:537} INFO - Filling up the DagBag from /home/airflow/.local/lib/python3.7/site-packages/airflow/example_dags/example_branch_day_of_week_operator.py
[2022-12-07T22:31:50.622+0000] {processor.py:766} INFO - DAG(s) dict_keys(['example_weekday_branch_operator']) retrieved from /home/airflow/.local/lib/python3.7/site-packages/airflow/example_dags/example_branch_day_of_week_operator.py
[2022-12-07T22:31:50.670+0000] {logging_mixin.py:137} INFO - [2022-12-07T22:31:50.670+0000] {dag.py:2585} INFO - Sync 1 DAGs
[2022-12-07T22:31:50.706+0000] {logging_mixin.py:137} INFO - [2022-12-07T22:31:50.706+0000] {dag.py:3340} INFO - Setting next_dagrun for example_weekday_branch_operator to 2022-12-06T00:00:00+00:00, run_after=2022-12-07T00:00:00+00:00
[2022-12-07T22:31:50.731+0000] {processor.py:176} INFO - Processing /home/airflow/.local/lib/python3.7/site-packages/airflow/example_dags/example_branch_day_of_week_operator.py took 0.134 seconds
[2022-12-07T22:32:21.544+0000] {processor.py:154} INFO - Started process (PID=909) to work on /home/airflow/.local/lib/python3.7/site-packages/airflow/example_dags/example_branch_day_of_week_operator.py
[2022-12-07T22:32:21.545+0000] {processor.py:756} INFO - Processing file /home/airflow/.local/lib/python3.7/site-packages/airflow/example_dags/example_branch_day_of_week_operator.py for tasks to queue
[2022-12-07T22:32:21.547+0000] {logging_mixin.py:137} INFO - [2022-12-07T22:32:21.547+0000] {dagbag.py:537} INFO - Filling up the DagBag from /home/airflow/.local/lib/python3.7/site-packages/airflow/example_dags/example_branch_day_of_week_operator.py
[2022-12-07T22:32:21.572+0000] {processor.py:766} INFO - DAG(s) dict_keys(['example_weekday_branch_operator']) retrieved from /home/airflow/.local/lib/python3.7/site-packages/airflow/example_dags/example_branch_day_of_week_operator.py
[2022-12-07T22:32:21.639+0000] {logging_mixin.py:137} INFO - [2022-12-07T22:32:21.639+0000] {dag.py:2585} INFO - Sync 1 DAGs
[2022-12-07T22:32:21.675+0000] {logging_mixin.py:137} INFO - [2022-12-07T22:32:21.675+0000] {dag.py:3340} INFO - Setting next_dagrun for example_weekday_branch_operator to 2022-12-06T00:00:00+00:00, run_after=2022-12-07T00:00:00+00:00
[2022-12-07T22:32:21.707+0000] {processor.py:176} INFO - Processing /home/airflow/.local/lib/python3.7/site-packages/airflow/example_dags/example_branch_day_of_week_operator.py took 0.167 seconds
[2022-12-07T23:36:45.361+0000] {processor.py:154} INFO - Started process (PID=71) to work on /home/airflow/.local/lib/python3.7/site-packages/airflow/example_dags/example_branch_day_of_week_operator.py
[2022-12-07T23:36:45.364+0000] {processor.py:756} INFO - Processing file /home/airflow/.local/lib/python3.7/site-packages/airflow/example_dags/example_branch_day_of_week_operator.py for tasks to queue
[2022-12-07T23:36:45.366+0000] {logging_mixin.py:137} INFO - [2022-12-07T23:36:45.366+0000] {dagbag.py:537} INFO - Filling up the DagBag from /home/airflow/.local/lib/python3.7/site-packages/airflow/example_dags/example_branch_day_of_week_operator.py
[2022-12-07T23:36:45.430+0000] {processor.py:766} INFO - DAG(s) dict_keys(['example_weekday_branch_operator']) retrieved from /home/airflow/.local/lib/python3.7/site-packages/airflow/example_dags/example_branch_day_of_week_operator.py
[2022-12-07T23:36:45.878+0000] {logging_mixin.py:137} INFO - [2022-12-07T23:36:45.877+0000] {manager.py:507} INFO - Created Permission View: can read on DAG:example_weekday_branch_operator
[2022-12-07T23:36:45.902+0000] {logging_mixin.py:137} INFO - [2022-12-07T23:36:45.902+0000] {manager.py:507} INFO - Created Permission View: can delete on DAG:example_weekday_branch_operator
[2022-12-07T23:36:45.921+0000] {logging_mixin.py:137} INFO - [2022-12-07T23:36:45.921+0000] {manager.py:507} INFO - Created Permission View: can edit on DAG:example_weekday_branch_operator
[2022-12-07T23:36:45.922+0000] {logging_mixin.py:137} INFO - [2022-12-07T23:36:45.922+0000] {dag.py:2585} INFO - Sync 1 DAGs
[2022-12-07T23:36:45.959+0000] {logging_mixin.py:137} INFO - [2022-12-07T23:36:45.959+0000] {dag.py:2606} INFO - Creating ORM DAG for example_weekday_branch_operator
[2022-12-07T23:36:45.994+0000] {logging_mixin.py:137} INFO - [2022-12-07T23:36:45.994+0000] {dag.py:3340} INFO - Setting next_dagrun for example_weekday_branch_operator to 2022-12-06T00:00:00+00:00, run_after=2022-12-07T00:00:00+00:00
[2022-12-07T23:36:46.041+0000] {processor.py:176} INFO - Processing /home/airflow/.local/lib/python3.7/site-packages/airflow/example_dags/example_branch_day_of_week_operator.py took 0.693 seconds
[2022-12-07T23:37:16.386+0000] {processor.py:154} INFO - Started process (PID=126) to work on /home/airflow/.local/lib/python3.7/site-packages/airflow/example_dags/example_branch_day_of_week_operator.py
[2022-12-07T23:37:16.387+0000] {processor.py:756} INFO - Processing file /home/airflow/.local/lib/python3.7/site-packages/airflow/example_dags/example_branch_day_of_week_operator.py for tasks to queue
[2022-12-07T23:37:16.388+0000] {logging_mixin.py:137} INFO - [2022-12-07T23:37:16.388+0000] {dagbag.py:537} INFO - Filling up the DagBag from /home/airflow/.local/lib/python3.7/site-packages/airflow/example_dags/example_branch_day_of_week_operator.py
[2022-12-07T23:37:16.409+0000] {processor.py:766} INFO - DAG(s) dict_keys(['example_weekday_branch_operator']) retrieved from /home/airflow/.local/lib/python3.7/site-packages/airflow/example_dags/example_branch_day_of_week_operator.py
[2022-12-07T23:37:16.460+0000] {logging_mixin.py:137} INFO - [2022-12-07T23:37:16.460+0000] {dag.py:2585} INFO - Sync 1 DAGs
[2022-12-07T23:37:16.494+0000] {logging_mixin.py:137} INFO - [2022-12-07T23:37:16.493+0000] {dag.py:3340} INFO - Setting next_dagrun for example_weekday_branch_operator to 2022-12-06T00:00:00+00:00, run_after=2022-12-07T00:00:00+00:00
[2022-12-07T23:37:16.522+0000] {processor.py:176} INFO - Processing /home/airflow/.local/lib/python3.7/site-packages/airflow/example_dags/example_branch_day_of_week_operator.py took 0.140 seconds
[2022-12-07T23:37:47.383+0000] {processor.py:154} INFO - Started process (PID=192) to work on /home/airflow/.local/lib/python3.7/site-packages/airflow/example_dags/example_branch_day_of_week_operator.py
[2022-12-07T23:37:47.385+0000] {processor.py:756} INFO - Processing file /home/airflow/.local/lib/python3.7/site-packages/airflow/example_dags/example_branch_day_of_week_operator.py for tasks to queue
[2022-12-07T23:37:47.386+0000] {logging_mixin.py:137} INFO - [2022-12-07T23:37:47.386+0000] {dagbag.py:537} INFO - Filling up the DagBag from /home/airflow/.local/lib/python3.7/site-packages/airflow/example_dags/example_branch_day_of_week_operator.py
[2022-12-07T23:37:47.418+0000] {processor.py:766} INFO - DAG(s) dict_keys(['example_weekday_branch_operator']) retrieved from /home/airflow/.local/lib/python3.7/site-packages/airflow/example_dags/example_branch_day_of_week_operator.py
[2022-12-07T23:37:47.480+0000] {logging_mixin.py:137} INFO - [2022-12-07T23:37:47.480+0000] {dag.py:2585} INFO - Sync 1 DAGs
[2022-12-07T23:37:47.527+0000] {logging_mixin.py:137} INFO - [2022-12-07T23:37:47.527+0000] {dag.py:3340} INFO - Setting next_dagrun for example_weekday_branch_operator to 2022-12-06T00:00:00+00:00, run_after=2022-12-07T00:00:00+00:00
[2022-12-07T23:37:47.558+0000] {processor.py:176} INFO - Processing /home/airflow/.local/lib/python3.7/site-packages/airflow/example_dags/example_branch_day_of_week_operator.py took 0.179 seconds
[2022-12-07T23:38:17.843+0000] {processor.py:154} INFO - Started process (PID=247) to work on /home/airflow/.local/lib/python3.7/site-packages/airflow/example_dags/example_branch_day_of_week_operator.py
[2022-12-07T23:38:17.845+0000] {processor.py:756} INFO - Processing file /home/airflow/.local/lib/python3.7/site-packages/airflow/example_dags/example_branch_day_of_week_operator.py for tasks to queue
[2022-12-07T23:38:17.847+0000] {logging_mixin.py:137} INFO - [2022-12-07T23:38:17.847+0000] {dagbag.py:537} INFO - Filling up the DagBag from /home/airflow/.local/lib/python3.7/site-packages/airflow/example_dags/example_branch_day_of_week_operator.py
[2022-12-07T23:38:17.872+0000] {processor.py:766} INFO - DAG(s) dict_keys(['example_weekday_branch_operator']) retrieved from /home/airflow/.local/lib/python3.7/site-packages/airflow/example_dags/example_branch_day_of_week_operator.py
[2022-12-07T23:38:17.937+0000] {logging_mixin.py:137} INFO - [2022-12-07T23:38:17.937+0000] {dag.py:2585} INFO - Sync 1 DAGs
[2022-12-07T23:38:17.990+0000] {logging_mixin.py:137} INFO - [2022-12-07T23:38:17.990+0000] {dag.py:3340} INFO - Setting next_dagrun for example_weekday_branch_operator to 2022-12-06T00:00:00+00:00, run_after=2022-12-07T00:00:00+00:00
[2022-12-07T23:38:18.026+0000] {processor.py:176} INFO - Processing /home/airflow/.local/lib/python3.7/site-packages/airflow/example_dags/example_branch_day_of_week_operator.py took 0.187 seconds
[2022-12-07T23:38:48.558+0000] {processor.py:154} INFO - Started process (PID=311) to work on /home/airflow/.local/lib/python3.7/site-packages/airflow/example_dags/example_branch_day_of_week_operator.py
[2022-12-07T23:38:48.561+0000] {processor.py:756} INFO - Processing file /home/airflow/.local/lib/python3.7/site-packages/airflow/example_dags/example_branch_day_of_week_operator.py for tasks to queue
[2022-12-07T23:38:48.563+0000] {logging_mixin.py:137} INFO - [2022-12-07T23:38:48.562+0000] {dagbag.py:537} INFO - Filling up the DagBag from /home/airflow/.local/lib/python3.7/site-packages/airflow/example_dags/example_branch_day_of_week_operator.py
[2022-12-07T23:38:48.596+0000] {processor.py:766} INFO - DAG(s) dict_keys(['example_weekday_branch_operator']) retrieved from /home/airflow/.local/lib/python3.7/site-packages/airflow/example_dags/example_branch_day_of_week_operator.py
[2022-12-07T23:38:48.677+0000] {logging_mixin.py:137} INFO - [2022-12-07T23:38:48.677+0000] {dag.py:2585} INFO - Sync 1 DAGs
[2022-12-07T23:38:48.736+0000] {logging_mixin.py:137} INFO - [2022-12-07T23:38:48.735+0000] {dag.py:3340} INFO - Setting next_dagrun for example_weekday_branch_operator to 2022-12-06T00:00:00+00:00, run_after=2022-12-07T00:00:00+00:00
[2022-12-07T23:38:48.772+0000] {processor.py:176} INFO - Processing /home/airflow/.local/lib/python3.7/site-packages/airflow/example_dags/example_branch_day_of_week_operator.py took 0.219 seconds
[2022-12-07T23:39:18.940+0000] {processor.py:154} INFO - Started process (PID=366) to work on /home/airflow/.local/lib/python3.7/site-packages/airflow/example_dags/example_branch_day_of_week_operator.py
[2022-12-07T23:39:18.941+0000] {processor.py:756} INFO - Processing file /home/airflow/.local/lib/python3.7/site-packages/airflow/example_dags/example_branch_day_of_week_operator.py for tasks to queue
[2022-12-07T23:39:18.942+0000] {logging_mixin.py:137} INFO - [2022-12-07T23:39:18.942+0000] {dagbag.py:537} INFO - Filling up the DagBag from /home/airflow/.local/lib/python3.7/site-packages/airflow/example_dags/example_branch_day_of_week_operator.py
[2022-12-07T23:39:18.966+0000] {processor.py:766} INFO - DAG(s) dict_keys(['example_weekday_branch_operator']) retrieved from /home/airflow/.local/lib/python3.7/site-packages/airflow/example_dags/example_branch_day_of_week_operator.py
[2022-12-07T23:39:19.033+0000] {logging_mixin.py:137} INFO - [2022-12-07T23:39:19.032+0000] {dag.py:2585} INFO - Sync 1 DAGs
[2022-12-07T23:39:19.079+0000] {logging_mixin.py:137} INFO - [2022-12-07T23:39:19.079+0000] {dag.py:3340} INFO - Setting next_dagrun for example_weekday_branch_operator to 2022-12-06T00:00:00+00:00, run_after=2022-12-07T00:00:00+00:00
[2022-12-07T23:39:19.108+0000] {processor.py:176} INFO - Processing /home/airflow/.local/lib/python3.7/site-packages/airflow/example_dags/example_branch_day_of_week_operator.py took 0.172 seconds
[2022-12-07T23:39:49.194+0000] {processor.py:154} INFO - Started process (PID=430) to work on /home/airflow/.local/lib/python3.7/site-packages/airflow/example_dags/example_branch_day_of_week_operator.py
[2022-12-07T23:39:49.199+0000] {processor.py:756} INFO - Processing file /home/airflow/.local/lib/python3.7/site-packages/airflow/example_dags/example_branch_day_of_week_operator.py for tasks to queue
[2022-12-07T23:39:49.201+0000] {logging_mixin.py:137} INFO - [2022-12-07T23:39:49.201+0000] {dagbag.py:537} INFO - Filling up the DagBag from /home/airflow/.local/lib/python3.7/site-packages/airflow/example_dags/example_branch_day_of_week_operator.py
[2022-12-07T23:39:49.229+0000] {processor.py:766} INFO - DAG(s) dict_keys(['example_weekday_branch_operator']) retrieved from /home/airflow/.local/lib/python3.7/site-packages/airflow/example_dags/example_branch_day_of_week_operator.py
[2022-12-07T23:39:49.282+0000] {logging_mixin.py:137} INFO - [2022-12-07T23:39:49.282+0000] {dag.py:2585} INFO - Sync 1 DAGs
[2022-12-07T23:39:49.321+0000] {logging_mixin.py:137} INFO - [2022-12-07T23:39:49.320+0000] {dag.py:3340} INFO - Setting next_dagrun for example_weekday_branch_operator to 2022-12-06T00:00:00+00:00, run_after=2022-12-07T00:00:00+00:00
[2022-12-07T23:39:49.350+0000] {processor.py:176} INFO - Processing /home/airflow/.local/lib/python3.7/site-packages/airflow/example_dags/example_branch_day_of_week_operator.py took 0.163 seconds
[2022-12-07T23:40:19.616+0000] {processor.py:154} INFO - Started process (PID=485) to work on /home/airflow/.local/lib/python3.7/site-packages/airflow/example_dags/example_branch_day_of_week_operator.py
[2022-12-07T23:40:19.617+0000] {processor.py:756} INFO - Processing file /home/airflow/.local/lib/python3.7/site-packages/airflow/example_dags/example_branch_day_of_week_operator.py for tasks to queue
[2022-12-07T23:40:19.619+0000] {logging_mixin.py:137} INFO - [2022-12-07T23:40:19.618+0000] {dagbag.py:537} INFO - Filling up the DagBag from /home/airflow/.local/lib/python3.7/site-packages/airflow/example_dags/example_branch_day_of_week_operator.py
[2022-12-07T23:40:19.645+0000] {processor.py:766} INFO - DAG(s) dict_keys(['example_weekday_branch_operator']) retrieved from /home/airflow/.local/lib/python3.7/site-packages/airflow/example_dags/example_branch_day_of_week_operator.py
[2022-12-07T23:40:19.721+0000] {logging_mixin.py:137} INFO - [2022-12-07T23:40:19.721+0000] {dag.py:2585} INFO - Sync 1 DAGs
[2022-12-07T23:40:19.777+0000] {logging_mixin.py:137} INFO - [2022-12-07T23:40:19.776+0000] {dag.py:3340} INFO - Setting next_dagrun for example_weekday_branch_operator to 2022-12-06T00:00:00+00:00, run_after=2022-12-07T00:00:00+00:00
[2022-12-07T23:40:19.808+0000] {processor.py:176} INFO - Processing /home/airflow/.local/lib/python3.7/site-packages/airflow/example_dags/example_branch_day_of_week_operator.py took 0.198 seconds
[2022-12-07T23:40:50.481+0000] {processor.py:154} INFO - Started process (PID=549) to work on /home/airflow/.local/lib/python3.7/site-packages/airflow/example_dags/example_branch_day_of_week_operator.py
[2022-12-07T23:40:50.482+0000] {processor.py:756} INFO - Processing file /home/airflow/.local/lib/python3.7/site-packages/airflow/example_dags/example_branch_day_of_week_operator.py for tasks to queue
[2022-12-07T23:40:50.483+0000] {logging_mixin.py:137} INFO - [2022-12-07T23:40:50.483+0000] {dagbag.py:537} INFO - Filling up the DagBag from /home/airflow/.local/lib/python3.7/site-packages/airflow/example_dags/example_branch_day_of_week_operator.py
[2022-12-07T23:40:50.504+0000] {processor.py:766} INFO - DAG(s) dict_keys(['example_weekday_branch_operator']) retrieved from /home/airflow/.local/lib/python3.7/site-packages/airflow/example_dags/example_branch_day_of_week_operator.py
[2022-12-07T23:40:50.562+0000] {logging_mixin.py:137} INFO - [2022-12-07T23:40:50.562+0000] {dag.py:2585} INFO - Sync 1 DAGs
[2022-12-07T23:40:50.603+0000] {logging_mixin.py:137} INFO - [2022-12-07T23:40:50.603+0000] {dag.py:3340} INFO - Setting next_dagrun for example_weekday_branch_operator to 2022-12-06T00:00:00+00:00, run_after=2022-12-07T00:00:00+00:00
[2022-12-07T23:40:50.629+0000] {processor.py:176} INFO - Processing /home/airflow/.local/lib/python3.7/site-packages/airflow/example_dags/example_branch_day_of_week_operator.py took 0.152 seconds
[2022-12-07T23:45:18.589+0000] {processor.py:154} INFO - Started process (PID=63) to work on /home/airflow/.local/lib/python3.7/site-packages/airflow/example_dags/example_branch_day_of_week_operator.py
[2022-12-07T23:45:18.591+0000] {processor.py:756} INFO - Processing file /home/airflow/.local/lib/python3.7/site-packages/airflow/example_dags/example_branch_day_of_week_operator.py for tasks to queue
[2022-12-07T23:45:18.603+0000] {logging_mixin.py:137} INFO - [2022-12-07T23:45:18.602+0000] {dagbag.py:537} INFO - Filling up the DagBag from /home/airflow/.local/lib/python3.7/site-packages/airflow/example_dags/example_branch_day_of_week_operator.py
[2022-12-07T23:45:18.685+0000] {processor.py:766} INFO - DAG(s) dict_keys(['example_weekday_branch_operator']) retrieved from /home/airflow/.local/lib/python3.7/site-packages/airflow/example_dags/example_branch_day_of_week_operator.py
[2022-12-07T23:45:18.860+0000] {logging_mixin.py:137} INFO - [2022-12-07T23:45:18.860+0000] {dag.py:2585} INFO - Sync 1 DAGs
[2022-12-07T23:45:18.963+0000] {logging_mixin.py:137} INFO - [2022-12-07T23:45:18.962+0000] {dag.py:3340} INFO - Setting next_dagrun for example_weekday_branch_operator to 2022-12-06T00:00:00+00:00, run_after=2022-12-07T00:00:00+00:00
[2022-12-07T23:45:19.015+0000] {processor.py:176} INFO - Processing /home/airflow/.local/lib/python3.7/site-packages/airflow/example_dags/example_branch_day_of_week_operator.py took 0.438 seconds
[2022-12-07T23:45:49.366+0000] {processor.py:154} INFO - Started process (PID=128) to work on /home/airflow/.local/lib/python3.7/site-packages/airflow/example_dags/example_branch_day_of_week_operator.py
[2022-12-07T23:45:49.367+0000] {processor.py:756} INFO - Processing file /home/airflow/.local/lib/python3.7/site-packages/airflow/example_dags/example_branch_day_of_week_operator.py for tasks to queue
[2022-12-07T23:45:49.368+0000] {logging_mixin.py:137} INFO - [2022-12-07T23:45:49.368+0000] {dagbag.py:537} INFO - Filling up the DagBag from /home/airflow/.local/lib/python3.7/site-packages/airflow/example_dags/example_branch_day_of_week_operator.py
[2022-12-07T23:45:49.398+0000] {processor.py:766} INFO - DAG(s) dict_keys(['example_weekday_branch_operator']) retrieved from /home/airflow/.local/lib/python3.7/site-packages/airflow/example_dags/example_branch_day_of_week_operator.py
[2022-12-07T23:45:49.473+0000] {logging_mixin.py:137} INFO - [2022-12-07T23:45:49.473+0000] {dag.py:2585} INFO - Sync 1 DAGs
[2022-12-07T23:45:49.528+0000] {logging_mixin.py:137} INFO - [2022-12-07T23:45:49.528+0000] {dag.py:3340} INFO - Setting next_dagrun for example_weekday_branch_operator to 2022-12-06T00:00:00+00:00, run_after=2022-12-07T00:00:00+00:00
[2022-12-07T23:45:49.568+0000] {processor.py:176} INFO - Processing /home/airflow/.local/lib/python3.7/site-packages/airflow/example_dags/example_branch_day_of_week_operator.py took 0.207 seconds
[2022-12-07T23:46:19.726+0000] {processor.py:154} INFO - Started process (PID=185) to work on /home/airflow/.local/lib/python3.7/site-packages/airflow/example_dags/example_branch_day_of_week_operator.py
[2022-12-07T23:46:19.727+0000] {processor.py:756} INFO - Processing file /home/airflow/.local/lib/python3.7/site-packages/airflow/example_dags/example_branch_day_of_week_operator.py for tasks to queue
[2022-12-07T23:46:19.728+0000] {logging_mixin.py:137} INFO - [2022-12-07T23:46:19.728+0000] {dagbag.py:537} INFO - Filling up the DagBag from /home/airflow/.local/lib/python3.7/site-packages/airflow/example_dags/example_branch_day_of_week_operator.py
[2022-12-07T23:46:19.757+0000] {processor.py:766} INFO - DAG(s) dict_keys(['example_weekday_branch_operator']) retrieved from /home/airflow/.local/lib/python3.7/site-packages/airflow/example_dags/example_branch_day_of_week_operator.py
[2022-12-07T23:46:19.826+0000] {logging_mixin.py:137} INFO - [2022-12-07T23:46:19.825+0000] {dag.py:2585} INFO - Sync 1 DAGs
[2022-12-07T23:46:19.869+0000] {logging_mixin.py:137} INFO - [2022-12-07T23:46:19.869+0000] {dag.py:3340} INFO - Setting next_dagrun for example_weekday_branch_operator to 2022-12-06T00:00:00+00:00, run_after=2022-12-07T00:00:00+00:00
[2022-12-07T23:46:19.900+0000] {processor.py:176} INFO - Processing /home/airflow/.local/lib/python3.7/site-packages/airflow/example_dags/example_branch_day_of_week_operator.py took 0.180 seconds
[2022-12-07T23:46:50.641+0000] {processor.py:154} INFO - Started process (PID=249) to work on /home/airflow/.local/lib/python3.7/site-packages/airflow/example_dags/example_branch_day_of_week_operator.py
[2022-12-07T23:46:50.643+0000] {processor.py:756} INFO - Processing file /home/airflow/.local/lib/python3.7/site-packages/airflow/example_dags/example_branch_day_of_week_operator.py for tasks to queue
[2022-12-07T23:46:50.645+0000] {logging_mixin.py:137} INFO - [2022-12-07T23:46:50.644+0000] {dagbag.py:537} INFO - Filling up the DagBag from /home/airflow/.local/lib/python3.7/site-packages/airflow/example_dags/example_branch_day_of_week_operator.py
[2022-12-07T23:46:50.694+0000] {processor.py:766} INFO - DAG(s) dict_keys(['example_weekday_branch_operator']) retrieved from /home/airflow/.local/lib/python3.7/site-packages/airflow/example_dags/example_branch_day_of_week_operator.py
[2022-12-07T23:46:50.793+0000] {logging_mixin.py:137} INFO - [2022-12-07T23:46:50.793+0000] {dag.py:2585} INFO - Sync 1 DAGs
[2022-12-07T23:46:50.851+0000] {logging_mixin.py:137} INFO - [2022-12-07T23:46:50.851+0000] {dag.py:3340} INFO - Setting next_dagrun for example_weekday_branch_operator to 2022-12-06T00:00:00+00:00, run_after=2022-12-07T00:00:00+00:00
[2022-12-07T23:46:50.890+0000] {processor.py:176} INFO - Processing /home/airflow/.local/lib/python3.7/site-packages/airflow/example_dags/example_branch_day_of_week_operator.py took 0.256 seconds
[2022-12-07T23:47:21.082+0000] {processor.py:154} INFO - Started process (PID=304) to work on /home/airflow/.local/lib/python3.7/site-packages/airflow/example_dags/example_branch_day_of_week_operator.py
[2022-12-07T23:47:21.083+0000] {processor.py:756} INFO - Processing file /home/airflow/.local/lib/python3.7/site-packages/airflow/example_dags/example_branch_day_of_week_operator.py for tasks to queue
[2022-12-07T23:47:21.085+0000] {logging_mixin.py:137} INFO - [2022-12-07T23:47:21.084+0000] {dagbag.py:537} INFO - Filling up the DagBag from /home/airflow/.local/lib/python3.7/site-packages/airflow/example_dags/example_branch_day_of_week_operator.py
[2022-12-07T23:47:21.110+0000] {processor.py:766} INFO - DAG(s) dict_keys(['example_weekday_branch_operator']) retrieved from /home/airflow/.local/lib/python3.7/site-packages/airflow/example_dags/example_branch_day_of_week_operator.py
[2022-12-07T23:47:21.166+0000] {logging_mixin.py:137} INFO - [2022-12-07T23:47:21.166+0000] {dag.py:2585} INFO - Sync 1 DAGs
[2022-12-07T23:47:21.215+0000] {logging_mixin.py:137} INFO - [2022-12-07T23:47:21.215+0000] {dag.py:3340} INFO - Setting next_dagrun for example_weekday_branch_operator to 2022-12-06T00:00:00+00:00, run_after=2022-12-07T00:00:00+00:00
[2022-12-07T23:47:21.251+0000] {processor.py:176} INFO - Processing /home/airflow/.local/lib/python3.7/site-packages/airflow/example_dags/example_branch_day_of_week_operator.py took 0.174 seconds
[2022-12-07T23:47:52.443+0000] {processor.py:154} INFO - Started process (PID=368) to work on /home/airflow/.local/lib/python3.7/site-packages/airflow/example_dags/example_branch_day_of_week_operator.py
[2022-12-07T23:47:52.444+0000] {processor.py:756} INFO - Processing file /home/airflow/.local/lib/python3.7/site-packages/airflow/example_dags/example_branch_day_of_week_operator.py for tasks to queue
[2022-12-07T23:47:52.446+0000] {logging_mixin.py:137} INFO - [2022-12-07T23:47:52.446+0000] {dagbag.py:537} INFO - Filling up the DagBag from /home/airflow/.local/lib/python3.7/site-packages/airflow/example_dags/example_branch_day_of_week_operator.py
[2022-12-07T23:47:52.481+0000] {processor.py:766} INFO - DAG(s) dict_keys(['example_weekday_branch_operator']) retrieved from /home/airflow/.local/lib/python3.7/site-packages/airflow/example_dags/example_branch_day_of_week_operator.py
[2022-12-07T23:47:52.568+0000] {logging_mixin.py:137} INFO - [2022-12-07T23:47:52.567+0000] {dag.py:2585} INFO - Sync 1 DAGs
[2022-12-07T23:47:52.623+0000] {logging_mixin.py:137} INFO - [2022-12-07T23:47:52.623+0000] {dag.py:3340} INFO - Setting next_dagrun for example_weekday_branch_operator to 2022-12-06T00:00:00+00:00, run_after=2022-12-07T00:00:00+00:00
[2022-12-07T23:47:52.665+0000] {processor.py:176} INFO - Processing /home/airflow/.local/lib/python3.7/site-packages/airflow/example_dags/example_branch_day_of_week_operator.py took 0.228 seconds
[2022-12-07T23:48:23.345+0000] {processor.py:154} INFO - Started process (PID=432) to work on /home/airflow/.local/lib/python3.7/site-packages/airflow/example_dags/example_branch_day_of_week_operator.py
[2022-12-07T23:48:23.346+0000] {processor.py:756} INFO - Processing file /home/airflow/.local/lib/python3.7/site-packages/airflow/example_dags/example_branch_day_of_week_operator.py for tasks to queue
[2022-12-07T23:48:23.348+0000] {logging_mixin.py:137} INFO - [2022-12-07T23:48:23.348+0000] {dagbag.py:537} INFO - Filling up the DagBag from /home/airflow/.local/lib/python3.7/site-packages/airflow/example_dags/example_branch_day_of_week_operator.py
[2022-12-07T23:48:23.385+0000] {processor.py:766} INFO - DAG(s) dict_keys(['example_weekday_branch_operator']) retrieved from /home/airflow/.local/lib/python3.7/site-packages/airflow/example_dags/example_branch_day_of_week_operator.py
[2022-12-07T23:48:23.481+0000] {logging_mixin.py:137} INFO - [2022-12-07T23:48:23.481+0000] {dag.py:2585} INFO - Sync 1 DAGs
[2022-12-07T23:48:23.570+0000] {logging_mixin.py:137} INFO - [2022-12-07T23:48:23.570+0000] {dag.py:3340} INFO - Setting next_dagrun for example_weekday_branch_operator to 2022-12-06T00:00:00+00:00, run_after=2022-12-07T00:00:00+00:00
[2022-12-07T23:48:23.630+0000] {processor.py:176} INFO - Processing /home/airflow/.local/lib/python3.7/site-packages/airflow/example_dags/example_branch_day_of_week_operator.py took 0.292 seconds
[2022-12-07T23:48:54.151+0000] {processor.py:154} INFO - Started process (PID=499) to work on /home/airflow/.local/lib/python3.7/site-packages/airflow/example_dags/example_branch_day_of_week_operator.py
[2022-12-07T23:48:54.152+0000] {processor.py:756} INFO - Processing file /home/airflow/.local/lib/python3.7/site-packages/airflow/example_dags/example_branch_day_of_week_operator.py for tasks to queue
[2022-12-07T23:48:54.153+0000] {logging_mixin.py:137} INFO - [2022-12-07T23:48:54.153+0000] {dagbag.py:537} INFO - Filling up the DagBag from /home/airflow/.local/lib/python3.7/site-packages/airflow/example_dags/example_branch_day_of_week_operator.py
[2022-12-07T23:48:54.178+0000] {processor.py:766} INFO - DAG(s) dict_keys(['example_weekday_branch_operator']) retrieved from /home/airflow/.local/lib/python3.7/site-packages/airflow/example_dags/example_branch_day_of_week_operator.py
[2022-12-07T23:48:54.247+0000] {logging_mixin.py:137} INFO - [2022-12-07T23:48:54.246+0000] {dag.py:2585} INFO - Sync 1 DAGs
[2022-12-07T23:48:54.290+0000] {logging_mixin.py:137} INFO - [2022-12-07T23:48:54.290+0000] {dag.py:3340} INFO - Setting next_dagrun for example_weekday_branch_operator to 2022-12-06T00:00:00+00:00, run_after=2022-12-07T00:00:00+00:00
[2022-12-07T23:48:54.319+0000] {processor.py:176} INFO - Processing /home/airflow/.local/lib/python3.7/site-packages/airflow/example_dags/example_branch_day_of_week_operator.py took 0.173 seconds
[2022-12-07T23:49:24.404+0000] {processor.py:154} INFO - Started process (PID=563) to work on /home/airflow/.local/lib/python3.7/site-packages/airflow/example_dags/example_branch_day_of_week_operator.py
[2022-12-07T23:49:24.406+0000] {processor.py:756} INFO - Processing file /home/airflow/.local/lib/python3.7/site-packages/airflow/example_dags/example_branch_day_of_week_operator.py for tasks to queue
[2022-12-07T23:49:24.407+0000] {logging_mixin.py:137} INFO - [2022-12-07T23:49:24.407+0000] {dagbag.py:537} INFO - Filling up the DagBag from /home/airflow/.local/lib/python3.7/site-packages/airflow/example_dags/example_branch_day_of_week_operator.py
[2022-12-07T23:49:24.437+0000] {processor.py:766} INFO - DAG(s) dict_keys(['example_weekday_branch_operator']) retrieved from /home/airflow/.local/lib/python3.7/site-packages/airflow/example_dags/example_branch_day_of_week_operator.py
[2022-12-07T23:49:24.509+0000] {logging_mixin.py:137} INFO - [2022-12-07T23:49:24.508+0000] {dag.py:2585} INFO - Sync 1 DAGs
[2022-12-07T23:49:24.555+0000] {logging_mixin.py:137} INFO - [2022-12-07T23:49:24.555+0000] {dag.py:3340} INFO - Setting next_dagrun for example_weekday_branch_operator to 2022-12-06T00:00:00+00:00, run_after=2022-12-07T00:00:00+00:00
[2022-12-07T23:49:24.589+0000] {processor.py:176} INFO - Processing /home/airflow/.local/lib/python3.7/site-packages/airflow/example_dags/example_branch_day_of_week_operator.py took 0.190 seconds
[2022-12-07T23:49:54.786+0000] {processor.py:154} INFO - Started process (PID=618) to work on /home/airflow/.local/lib/python3.7/site-packages/airflow/example_dags/example_branch_day_of_week_operator.py
[2022-12-07T23:49:54.788+0000] {processor.py:756} INFO - Processing file /home/airflow/.local/lib/python3.7/site-packages/airflow/example_dags/example_branch_day_of_week_operator.py for tasks to queue
[2022-12-07T23:49:54.789+0000] {logging_mixin.py:137} INFO - [2022-12-07T23:49:54.789+0000] {dagbag.py:537} INFO - Filling up the DagBag from /home/airflow/.local/lib/python3.7/site-packages/airflow/example_dags/example_branch_day_of_week_operator.py
[2022-12-07T23:49:54.819+0000] {processor.py:766} INFO - DAG(s) dict_keys(['example_weekday_branch_operator']) retrieved from /home/airflow/.local/lib/python3.7/site-packages/airflow/example_dags/example_branch_day_of_week_operator.py
[2022-12-07T23:49:54.885+0000] {logging_mixin.py:137} INFO - [2022-12-07T23:49:54.884+0000] {dag.py:2585} INFO - Sync 1 DAGs
[2022-12-07T23:49:54.936+0000] {logging_mixin.py:137} INFO - [2022-12-07T23:49:54.935+0000] {dag.py:3340} INFO - Setting next_dagrun for example_weekday_branch_operator to 2022-12-06T00:00:00+00:00, run_after=2022-12-07T00:00:00+00:00
[2022-12-07T23:49:54.965+0000] {processor.py:176} INFO - Processing /home/airflow/.local/lib/python3.7/site-packages/airflow/example_dags/example_branch_day_of_week_operator.py took 0.184 seconds
[2022-12-07T23:50:26.097+0000] {processor.py:154} INFO - Started process (PID=682) to work on /home/airflow/.local/lib/python3.7/site-packages/airflow/example_dags/example_branch_day_of_week_operator.py
[2022-12-07T23:50:26.099+0000] {processor.py:756} INFO - Processing file /home/airflow/.local/lib/python3.7/site-packages/airflow/example_dags/example_branch_day_of_week_operator.py for tasks to queue
[2022-12-07T23:50:26.101+0000] {logging_mixin.py:137} INFO - [2022-12-07T23:50:26.100+0000] {dagbag.py:537} INFO - Filling up the DagBag from /home/airflow/.local/lib/python3.7/site-packages/airflow/example_dags/example_branch_day_of_week_operator.py
[2022-12-07T23:50:26.139+0000] {processor.py:766} INFO - DAG(s) dict_keys(['example_weekday_branch_operator']) retrieved from /home/airflow/.local/lib/python3.7/site-packages/airflow/example_dags/example_branch_day_of_week_operator.py
[2022-12-07T23:50:26.203+0000] {logging_mixin.py:137} INFO - [2022-12-07T23:50:26.202+0000] {dag.py:2585} INFO - Sync 1 DAGs
[2022-12-07T23:50:26.255+0000] {logging_mixin.py:137} INFO - [2022-12-07T23:50:26.255+0000] {dag.py:3340} INFO - Setting next_dagrun for example_weekday_branch_operator to 2022-12-06T00:00:00+00:00, run_after=2022-12-07T00:00:00+00:00
[2022-12-07T23:50:26.297+0000] {processor.py:176} INFO - Processing /home/airflow/.local/lib/python3.7/site-packages/airflow/example_dags/example_branch_day_of_week_operator.py took 0.206 seconds
[2022-12-07T23:50:56.930+0000] {processor.py:154} INFO - Started process (PID=737) to work on /home/airflow/.local/lib/python3.7/site-packages/airflow/example_dags/example_branch_day_of_week_operator.py
[2022-12-07T23:50:56.931+0000] {processor.py:756} INFO - Processing file /home/airflow/.local/lib/python3.7/site-packages/airflow/example_dags/example_branch_day_of_week_operator.py for tasks to queue
[2022-12-07T23:50:56.933+0000] {logging_mixin.py:137} INFO - [2022-12-07T23:50:56.932+0000] {dagbag.py:537} INFO - Filling up the DagBag from /home/airflow/.local/lib/python3.7/site-packages/airflow/example_dags/example_branch_day_of_week_operator.py
[2022-12-07T23:50:56.951+0000] {processor.py:766} INFO - DAG(s) dict_keys(['example_weekday_branch_operator']) retrieved from /home/airflow/.local/lib/python3.7/site-packages/airflow/example_dags/example_branch_day_of_week_operator.py
[2022-12-07T23:50:57.000+0000] {logging_mixin.py:137} INFO - [2022-12-07T23:50:57.000+0000] {dag.py:2585} INFO - Sync 1 DAGs
[2022-12-07T23:50:57.038+0000] {logging_mixin.py:137} INFO - [2022-12-07T23:50:57.038+0000] {dag.py:3340} INFO - Setting next_dagrun for example_weekday_branch_operator to 2022-12-06T00:00:00+00:00, run_after=2022-12-07T00:00:00+00:00
[2022-12-07T23:50:57.063+0000] {processor.py:176} INFO - Processing /home/airflow/.local/lib/python3.7/site-packages/airflow/example_dags/example_branch_day_of_week_operator.py took 0.136 seconds
[2022-12-07T23:51:27.561+0000] {processor.py:154} INFO - Started process (PID=801) to work on /home/airflow/.local/lib/python3.7/site-packages/airflow/example_dags/example_branch_day_of_week_operator.py
[2022-12-07T23:51:27.563+0000] {processor.py:756} INFO - Processing file /home/airflow/.local/lib/python3.7/site-packages/airflow/example_dags/example_branch_day_of_week_operator.py for tasks to queue
[2022-12-07T23:51:27.564+0000] {logging_mixin.py:137} INFO - [2022-12-07T23:51:27.564+0000] {dagbag.py:537} INFO - Filling up the DagBag from /home/airflow/.local/lib/python3.7/site-packages/airflow/example_dags/example_branch_day_of_week_operator.py
[2022-12-07T23:51:27.583+0000] {processor.py:766} INFO - DAG(s) dict_keys(['example_weekday_branch_operator']) retrieved from /home/airflow/.local/lib/python3.7/site-packages/airflow/example_dags/example_branch_day_of_week_operator.py
[2022-12-07T23:51:27.632+0000] {logging_mixin.py:137} INFO - [2022-12-07T23:51:27.631+0000] {dag.py:2585} INFO - Sync 1 DAGs
[2022-12-07T23:51:27.664+0000] {logging_mixin.py:137} INFO - [2022-12-07T23:51:27.664+0000] {dag.py:3340} INFO - Setting next_dagrun for example_weekday_branch_operator to 2022-12-06T00:00:00+00:00, run_after=2022-12-07T00:00:00+00:00
[2022-12-07T23:51:27.689+0000] {processor.py:176} INFO - Processing /home/airflow/.local/lib/python3.7/site-packages/airflow/example_dags/example_branch_day_of_week_operator.py took 0.131 seconds
[2022-12-07T23:51:58.185+0000] {processor.py:154} INFO - Started process (PID=865) to work on /home/airflow/.local/lib/python3.7/site-packages/airflow/example_dags/example_branch_day_of_week_operator.py
[2022-12-07T23:51:58.187+0000] {processor.py:756} INFO - Processing file /home/airflow/.local/lib/python3.7/site-packages/airflow/example_dags/example_branch_day_of_week_operator.py for tasks to queue
[2022-12-07T23:51:58.189+0000] {logging_mixin.py:137} INFO - [2022-12-07T23:51:58.189+0000] {dagbag.py:537} INFO - Filling up the DagBag from /home/airflow/.local/lib/python3.7/site-packages/airflow/example_dags/example_branch_day_of_week_operator.py
[2022-12-07T23:51:58.223+0000] {processor.py:766} INFO - DAG(s) dict_keys(['example_weekday_branch_operator']) retrieved from /home/airflow/.local/lib/python3.7/site-packages/airflow/example_dags/example_branch_day_of_week_operator.py
[2022-12-07T23:51:58.306+0000] {logging_mixin.py:137} INFO - [2022-12-07T23:51:58.305+0000] {dag.py:2585} INFO - Sync 1 DAGs
[2022-12-07T23:51:58.361+0000] {logging_mixin.py:137} INFO - [2022-12-07T23:51:58.361+0000] {dag.py:3340} INFO - Setting next_dagrun for example_weekday_branch_operator to 2022-12-06T00:00:00+00:00, run_after=2022-12-07T00:00:00+00:00
[2022-12-07T23:51:58.413+0000] {processor.py:176} INFO - Processing /home/airflow/.local/lib/python3.7/site-packages/airflow/example_dags/example_branch_day_of_week_operator.py took 0.233 seconds
[2022-12-07T23:52:28.986+0000] {processor.py:154} INFO - Started process (PID=920) to work on /home/airflow/.local/lib/python3.7/site-packages/airflow/example_dags/example_branch_day_of_week_operator.py
[2022-12-07T23:52:28.986+0000] {processor.py:756} INFO - Processing file /home/airflow/.local/lib/python3.7/site-packages/airflow/example_dags/example_branch_day_of_week_operator.py for tasks to queue
[2022-12-07T23:52:28.987+0000] {logging_mixin.py:137} INFO - [2022-12-07T23:52:28.987+0000] {dagbag.py:537} INFO - Filling up the DagBag from /home/airflow/.local/lib/python3.7/site-packages/airflow/example_dags/example_branch_day_of_week_operator.py
[2022-12-07T23:52:29.007+0000] {processor.py:766} INFO - DAG(s) dict_keys(['example_weekday_branch_operator']) retrieved from /home/airflow/.local/lib/python3.7/site-packages/airflow/example_dags/example_branch_day_of_week_operator.py
[2022-12-07T23:52:29.056+0000] {logging_mixin.py:137} INFO - [2022-12-07T23:52:29.055+0000] {dag.py:2585} INFO - Sync 1 DAGs
[2022-12-07T23:52:29.092+0000] {logging_mixin.py:137} INFO - [2022-12-07T23:52:29.092+0000] {dag.py:3340} INFO - Setting next_dagrun for example_weekday_branch_operator to 2022-12-06T00:00:00+00:00, run_after=2022-12-07T00:00:00+00:00
[2022-12-07T23:52:29.122+0000] {processor.py:176} INFO - Processing /home/airflow/.local/lib/python3.7/site-packages/airflow/example_dags/example_branch_day_of_week_operator.py took 0.141 seconds
[2022-12-07T23:52:59.776+0000] {processor.py:154} INFO - Started process (PID=989) to work on /home/airflow/.local/lib/python3.7/site-packages/airflow/example_dags/example_branch_day_of_week_operator.py
[2022-12-07T23:52:59.778+0000] {processor.py:756} INFO - Processing file /home/airflow/.local/lib/python3.7/site-packages/airflow/example_dags/example_branch_day_of_week_operator.py for tasks to queue
[2022-12-07T23:52:59.779+0000] {logging_mixin.py:137} INFO - [2022-12-07T23:52:59.779+0000] {dagbag.py:537} INFO - Filling up the DagBag from /home/airflow/.local/lib/python3.7/site-packages/airflow/example_dags/example_branch_day_of_week_operator.py
[2022-12-07T23:52:59.811+0000] {processor.py:766} INFO - DAG(s) dict_keys(['example_weekday_branch_operator']) retrieved from /home/airflow/.local/lib/python3.7/site-packages/airflow/example_dags/example_branch_day_of_week_operator.py
[2022-12-07T23:52:59.902+0000] {logging_mixin.py:137} INFO - [2022-12-07T23:52:59.902+0000] {dag.py:2585} INFO - Sync 1 DAGs
[2022-12-07T23:52:59.958+0000] {logging_mixin.py:137} INFO - [2022-12-07T23:52:59.958+0000] {dag.py:3340} INFO - Setting next_dagrun for example_weekday_branch_operator to 2022-12-06T00:00:00+00:00, run_after=2022-12-07T00:00:00+00:00
[2022-12-07T23:52:59.985+0000] {processor.py:176} INFO - Processing /home/airflow/.local/lib/python3.7/site-packages/airflow/example_dags/example_branch_day_of_week_operator.py took 0.214 seconds
[2022-12-07T23:53:30.173+0000] {processor.py:154} INFO - Started process (PID=1044) to work on /home/airflow/.local/lib/python3.7/site-packages/airflow/example_dags/example_branch_day_of_week_operator.py
[2022-12-07T23:53:30.175+0000] {processor.py:756} INFO - Processing file /home/airflow/.local/lib/python3.7/site-packages/airflow/example_dags/example_branch_day_of_week_operator.py for tasks to queue
[2022-12-07T23:53:30.176+0000] {logging_mixin.py:137} INFO - [2022-12-07T23:53:30.176+0000] {dagbag.py:537} INFO - Filling up the DagBag from /home/airflow/.local/lib/python3.7/site-packages/airflow/example_dags/example_branch_day_of_week_operator.py
[2022-12-07T23:53:30.209+0000] {processor.py:766} INFO - DAG(s) dict_keys(['example_weekday_branch_operator']) retrieved from /home/airflow/.local/lib/python3.7/site-packages/airflow/example_dags/example_branch_day_of_week_operator.py
[2022-12-07T23:53:30.346+0000] {logging_mixin.py:137} INFO - [2022-12-07T23:53:30.345+0000] {dag.py:2585} INFO - Sync 1 DAGs
[2022-12-07T23:53:30.440+0000] {logging_mixin.py:137} INFO - [2022-12-07T23:53:30.438+0000] {dag.py:3340} INFO - Setting next_dagrun for example_weekday_branch_operator to 2022-12-06T00:00:00+00:00, run_after=2022-12-07T00:00:00+00:00
[2022-12-07T23:53:30.492+0000] {processor.py:176} INFO - Processing /home/airflow/.local/lib/python3.7/site-packages/airflow/example_dags/example_branch_day_of_week_operator.py took 0.324 seconds
[2022-12-07T23:54:02.272+0000] {processor.py:154} INFO - Started process (PID=1114) to work on /home/airflow/.local/lib/python3.7/site-packages/airflow/example_dags/example_branch_day_of_week_operator.py
[2022-12-07T23:54:02.278+0000] {processor.py:756} INFO - Processing file /home/airflow/.local/lib/python3.7/site-packages/airflow/example_dags/example_branch_day_of_week_operator.py for tasks to queue
[2022-12-07T23:54:02.280+0000] {logging_mixin.py:137} INFO - [2022-12-07T23:54:02.280+0000] {dagbag.py:537} INFO - Filling up the DagBag from /home/airflow/.local/lib/python3.7/site-packages/airflow/example_dags/example_branch_day_of_week_operator.py
[2022-12-07T23:54:02.336+0000] {processor.py:766} INFO - DAG(s) dict_keys(['example_weekday_branch_operator']) retrieved from /home/airflow/.local/lib/python3.7/site-packages/airflow/example_dags/example_branch_day_of_week_operator.py
[2022-12-07T23:54:02.481+0000] {logging_mixin.py:137} INFO - [2022-12-07T23:54:02.480+0000] {dag.py:2585} INFO - Sync 1 DAGs
[2022-12-07T23:54:02.598+0000] {logging_mixin.py:137} INFO - [2022-12-07T23:54:02.597+0000] {dag.py:3340} INFO - Setting next_dagrun for example_weekday_branch_operator to 2022-12-06T00:00:00+00:00, run_after=2022-12-07T00:00:00+00:00
[2022-12-07T23:54:02.662+0000] {processor.py:176} INFO - Processing /home/airflow/.local/lib/python3.7/site-packages/airflow/example_dags/example_branch_day_of_week_operator.py took 0.403 seconds
[2022-12-07T23:54:33.166+0000] {processor.py:154} INFO - Started process (PID=1169) to work on /home/airflow/.local/lib/python3.7/site-packages/airflow/example_dags/example_branch_day_of_week_operator.py
[2022-12-07T23:54:33.168+0000] {processor.py:756} INFO - Processing file /home/airflow/.local/lib/python3.7/site-packages/airflow/example_dags/example_branch_day_of_week_operator.py for tasks to queue
[2022-12-07T23:54:33.169+0000] {logging_mixin.py:137} INFO - [2022-12-07T23:54:33.169+0000] {dagbag.py:537} INFO - Filling up the DagBag from /home/airflow/.local/lib/python3.7/site-packages/airflow/example_dags/example_branch_day_of_week_operator.py
[2022-12-07T23:54:33.191+0000] {processor.py:766} INFO - DAG(s) dict_keys(['example_weekday_branch_operator']) retrieved from /home/airflow/.local/lib/python3.7/site-packages/airflow/example_dags/example_branch_day_of_week_operator.py
[2022-12-07T23:54:33.243+0000] {logging_mixin.py:137} INFO - [2022-12-07T23:54:33.242+0000] {dag.py:2585} INFO - Sync 1 DAGs
[2022-12-07T23:54:33.280+0000] {logging_mixin.py:137} INFO - [2022-12-07T23:54:33.280+0000] {dag.py:3340} INFO - Setting next_dagrun for example_weekday_branch_operator to 2022-12-06T00:00:00+00:00, run_after=2022-12-07T00:00:00+00:00
[2022-12-07T23:54:33.307+0000] {processor.py:176} INFO - Processing /home/airflow/.local/lib/python3.7/site-packages/airflow/example_dags/example_branch_day_of_week_operator.py took 0.145 seconds
