[2022-12-07T22:25:17.839+0000] {processor.py:154} INFO - Started process (PID=90) to work on /home/airflow/.local/lib/python3.7/site-packages/airflow/example_dags/example_external_task_marker_dag.py
[2022-12-07T22:25:17.842+0000] {processor.py:756} INFO - Processing file /home/airflow/.local/lib/python3.7/site-packages/airflow/example_dags/example_external_task_marker_dag.py for tasks to queue
[2022-12-07T22:25:17.846+0000] {logging_mixin.py:137} INFO - [2022-12-07T22:25:17.846+0000] {dagbag.py:537} INFO - Filling up the DagBag from /home/airflow/.local/lib/python3.7/site-packages/airflow/example_dags/example_external_task_marker_dag.py
[2022-12-07T22:25:17.881+0000] {processor.py:766} INFO - DAG(s) dict_keys(['example_external_task_marker_parent', 'example_external_task_marker_child']) retrieved from /home/airflow/.local/lib/python3.7/site-packages/airflow/example_dags/example_external_task_marker_dag.py
[2022-12-07T22:25:18.560+0000] {logging_mixin.py:137} INFO - [2022-12-07T22:25:18.559+0000] {dag.py:2585} INFO - Sync 2 DAGs
[2022-12-07T22:25:18.654+0000] {logging_mixin.py:137} INFO - [2022-12-07T22:25:18.654+0000] {dag.py:3340} INFO - Setting next_dagrun for example_external_task_marker_child to None, run_after=None
[2022-12-07T22:25:18.668+0000] {logging_mixin.py:137} INFO - [2022-12-07T22:25:18.668+0000] {dag.py:3340} INFO - Setting next_dagrun for example_external_task_marker_parent to None, run_after=None
[2022-12-07T22:25:18.718+0000] {processor.py:176} INFO - Processing /home/airflow/.local/lib/python3.7/site-packages/airflow/example_dags/example_external_task_marker_dag.py took 0.886 seconds
[2022-12-07T22:25:49.459+0000] {processor.py:154} INFO - Started process (PID=145) to work on /home/airflow/.local/lib/python3.7/site-packages/airflow/example_dags/example_external_task_marker_dag.py
[2022-12-07T22:25:49.461+0000] {processor.py:756} INFO - Processing file /home/airflow/.local/lib/python3.7/site-packages/airflow/example_dags/example_external_task_marker_dag.py for tasks to queue
[2022-12-07T22:25:49.462+0000] {logging_mixin.py:137} INFO - [2022-12-07T22:25:49.462+0000] {dagbag.py:537} INFO - Filling up the DagBag from /home/airflow/.local/lib/python3.7/site-packages/airflow/example_dags/example_external_task_marker_dag.py
[2022-12-07T22:25:49.478+0000] {processor.py:766} INFO - DAG(s) dict_keys(['example_external_task_marker_child', 'example_external_task_marker_parent']) retrieved from /home/airflow/.local/lib/python3.7/site-packages/airflow/example_dags/example_external_task_marker_dag.py
[2022-12-07T22:25:49.715+0000] {logging_mixin.py:137} INFO - [2022-12-07T22:25:49.714+0000] {dag.py:2585} INFO - Sync 2 DAGs
[2022-12-07T22:25:49.754+0000] {logging_mixin.py:137} INFO - [2022-12-07T22:25:49.754+0000] {dag.py:3340} INFO - Setting next_dagrun for example_external_task_marker_child to None, run_after=None
[2022-12-07T22:25:49.761+0000] {logging_mixin.py:137} INFO - [2022-12-07T22:25:49.760+0000] {dag.py:3340} INFO - Setting next_dagrun for example_external_task_marker_parent to None, run_after=None
[2022-12-07T22:25:49.795+0000] {processor.py:176} INFO - Processing /home/airflow/.local/lib/python3.7/site-packages/airflow/example_dags/example_external_task_marker_dag.py took 0.338 seconds
[2022-12-07T22:26:20.579+0000] {processor.py:154} INFO - Started process (PID=210) to work on /home/airflow/.local/lib/python3.7/site-packages/airflow/example_dags/example_external_task_marker_dag.py
[2022-12-07T22:26:20.581+0000] {processor.py:756} INFO - Processing file /home/airflow/.local/lib/python3.7/site-packages/airflow/example_dags/example_external_task_marker_dag.py for tasks to queue
[2022-12-07T22:26:20.582+0000] {logging_mixin.py:137} INFO - [2022-12-07T22:26:20.582+0000] {dagbag.py:537} INFO - Filling up the DagBag from /home/airflow/.local/lib/python3.7/site-packages/airflow/example_dags/example_external_task_marker_dag.py
[2022-12-07T22:26:20.602+0000] {processor.py:766} INFO - DAG(s) dict_keys(['example_external_task_marker_parent', 'example_external_task_marker_child']) retrieved from /home/airflow/.local/lib/python3.7/site-packages/airflow/example_dags/example_external_task_marker_dag.py
[2022-12-07T22:26:20.956+0000] {logging_mixin.py:137} INFO - [2022-12-07T22:26:20.955+0000] {dag.py:2585} INFO - Sync 2 DAGs
[2022-12-07T22:26:21.019+0000] {logging_mixin.py:137} INFO - [2022-12-07T22:26:21.019+0000] {dag.py:3340} INFO - Setting next_dagrun for example_external_task_marker_child to None, run_after=None
[2022-12-07T22:26:21.026+0000] {logging_mixin.py:137} INFO - [2022-12-07T22:26:21.025+0000] {dag.py:3340} INFO - Setting next_dagrun for example_external_task_marker_parent to None, run_after=None
[2022-12-07T22:26:21.053+0000] {processor.py:176} INFO - Processing /home/airflow/.local/lib/python3.7/site-packages/airflow/example_dags/example_external_task_marker_dag.py took 0.477 seconds
[2022-12-07T22:26:51.783+0000] {processor.py:154} INFO - Started process (PID=265) to work on /home/airflow/.local/lib/python3.7/site-packages/airflow/example_dags/example_external_task_marker_dag.py
[2022-12-07T22:26:51.784+0000] {processor.py:756} INFO - Processing file /home/airflow/.local/lib/python3.7/site-packages/airflow/example_dags/example_external_task_marker_dag.py for tasks to queue
[2022-12-07T22:26:51.785+0000] {logging_mixin.py:137} INFO - [2022-12-07T22:26:51.785+0000] {dagbag.py:537} INFO - Filling up the DagBag from /home/airflow/.local/lib/python3.7/site-packages/airflow/example_dags/example_external_task_marker_dag.py
[2022-12-07T22:26:51.800+0000] {processor.py:766} INFO - DAG(s) dict_keys(['example_external_task_marker_parent', 'example_external_task_marker_child']) retrieved from /home/airflow/.local/lib/python3.7/site-packages/airflow/example_dags/example_external_task_marker_dag.py
[2022-12-07T22:26:52.054+0000] {logging_mixin.py:137} INFO - [2022-12-07T22:26:52.054+0000] {dag.py:2585} INFO - Sync 2 DAGs
[2022-12-07T22:26:52.083+0000] {logging_mixin.py:137} INFO - [2022-12-07T22:26:52.083+0000] {dag.py:3340} INFO - Setting next_dagrun for example_external_task_marker_child to None, run_after=None
[2022-12-07T22:26:52.088+0000] {logging_mixin.py:137} INFO - [2022-12-07T22:26:52.088+0000] {dag.py:3340} INFO - Setting next_dagrun for example_external_task_marker_parent to None, run_after=None
[2022-12-07T22:26:52.122+0000] {processor.py:176} INFO - Processing /home/airflow/.local/lib/python3.7/site-packages/airflow/example_dags/example_external_task_marker_dag.py took 0.342 seconds
[2022-12-07T22:27:22.261+0000] {processor.py:154} INFO - Started process (PID=329) to work on /home/airflow/.local/lib/python3.7/site-packages/airflow/example_dags/example_external_task_marker_dag.py
[2022-12-07T22:27:22.263+0000] {processor.py:756} INFO - Processing file /home/airflow/.local/lib/python3.7/site-packages/airflow/example_dags/example_external_task_marker_dag.py for tasks to queue
[2022-12-07T22:27:22.269+0000] {logging_mixin.py:137} INFO - [2022-12-07T22:27:22.269+0000] {dagbag.py:537} INFO - Filling up the DagBag from /home/airflow/.local/lib/python3.7/site-packages/airflow/example_dags/example_external_task_marker_dag.py
[2022-12-07T22:27:22.317+0000] {processor.py:766} INFO - DAG(s) dict_keys(['example_external_task_marker_parent', 'example_external_task_marker_child']) retrieved from /home/airflow/.local/lib/python3.7/site-packages/airflow/example_dags/example_external_task_marker_dag.py
[2022-12-07T22:27:22.885+0000] {logging_mixin.py:137} INFO - [2022-12-07T22:27:22.885+0000] {dag.py:2585} INFO - Sync 2 DAGs
[2022-12-07T22:27:22.937+0000] {logging_mixin.py:137} INFO - [2022-12-07T22:27:22.936+0000] {dag.py:3340} INFO - Setting next_dagrun for example_external_task_marker_child to None, run_after=None
[2022-12-07T22:27:22.942+0000] {logging_mixin.py:137} INFO - [2022-12-07T22:27:22.942+0000] {dag.py:3340} INFO - Setting next_dagrun for example_external_task_marker_parent to None, run_after=None
[2022-12-07T22:27:22.975+0000] {processor.py:176} INFO - Processing /home/airflow/.local/lib/python3.7/site-packages/airflow/example_dags/example_external_task_marker_dag.py took 0.722 seconds
[2022-12-07T22:27:53.459+0000] {processor.py:154} INFO - Started process (PID=385) to work on /home/airflow/.local/lib/python3.7/site-packages/airflow/example_dags/example_external_task_marker_dag.py
[2022-12-07T22:27:53.460+0000] {processor.py:756} INFO - Processing file /home/airflow/.local/lib/python3.7/site-packages/airflow/example_dags/example_external_task_marker_dag.py for tasks to queue
[2022-12-07T22:27:53.461+0000] {logging_mixin.py:137} INFO - [2022-12-07T22:27:53.461+0000] {dagbag.py:537} INFO - Filling up the DagBag from /home/airflow/.local/lib/python3.7/site-packages/airflow/example_dags/example_external_task_marker_dag.py
[2022-12-07T22:27:53.484+0000] {processor.py:766} INFO - DAG(s) dict_keys(['example_external_task_marker_parent', 'example_external_task_marker_child']) retrieved from /home/airflow/.local/lib/python3.7/site-packages/airflow/example_dags/example_external_task_marker_dag.py
[2022-12-07T22:27:53.729+0000] {logging_mixin.py:137} INFO - [2022-12-07T22:27:53.729+0000] {dag.py:2585} INFO - Sync 2 DAGs
[2022-12-07T22:27:53.760+0000] {logging_mixin.py:137} INFO - [2022-12-07T22:27:53.760+0000] {dag.py:3340} INFO - Setting next_dagrun for example_external_task_marker_child to None, run_after=None
[2022-12-07T22:27:53.765+0000] {logging_mixin.py:137} INFO - [2022-12-07T22:27:53.765+0000] {dag.py:3340} INFO - Setting next_dagrun for example_external_task_marker_parent to None, run_after=None
[2022-12-07T22:27:53.799+0000] {processor.py:176} INFO - Processing /home/airflow/.local/lib/python3.7/site-packages/airflow/example_dags/example_external_task_marker_dag.py took 0.344 seconds
[2022-12-07T22:28:24.446+0000] {processor.py:154} INFO - Started process (PID=449) to work on /home/airflow/.local/lib/python3.7/site-packages/airflow/example_dags/example_external_task_marker_dag.py
[2022-12-07T22:28:24.447+0000] {processor.py:756} INFO - Processing file /home/airflow/.local/lib/python3.7/site-packages/airflow/example_dags/example_external_task_marker_dag.py for tasks to queue
[2022-12-07T22:28:24.448+0000] {logging_mixin.py:137} INFO - [2022-12-07T22:28:24.448+0000] {dagbag.py:537} INFO - Filling up the DagBag from /home/airflow/.local/lib/python3.7/site-packages/airflow/example_dags/example_external_task_marker_dag.py
[2022-12-07T22:28:24.465+0000] {processor.py:766} INFO - DAG(s) dict_keys(['example_external_task_marker_parent', 'example_external_task_marker_child']) retrieved from /home/airflow/.local/lib/python3.7/site-packages/airflow/example_dags/example_external_task_marker_dag.py
[2022-12-07T22:28:24.806+0000] {logging_mixin.py:137} INFO - [2022-12-07T22:28:24.806+0000] {dag.py:2585} INFO - Sync 2 DAGs
[2022-12-07T22:28:24.839+0000] {logging_mixin.py:137} INFO - [2022-12-07T22:28:24.839+0000] {dag.py:3340} INFO - Setting next_dagrun for example_external_task_marker_child to None, run_after=None
[2022-12-07T22:28:24.844+0000] {logging_mixin.py:137} INFO - [2022-12-07T22:28:24.844+0000] {dag.py:3340} INFO - Setting next_dagrun for example_external_task_marker_parent to None, run_after=None
[2022-12-07T22:28:24.871+0000] {processor.py:176} INFO - Processing /home/airflow/.local/lib/python3.7/site-packages/airflow/example_dags/example_external_task_marker_dag.py took 0.429 seconds
[2022-12-07T22:28:54.904+0000] {processor.py:154} INFO - Started process (PID=503) to work on /home/airflow/.local/lib/python3.7/site-packages/airflow/example_dags/example_external_task_marker_dag.py
[2022-12-07T22:28:54.905+0000] {processor.py:756} INFO - Processing file /home/airflow/.local/lib/python3.7/site-packages/airflow/example_dags/example_external_task_marker_dag.py for tasks to queue
[2022-12-07T22:28:54.906+0000] {logging_mixin.py:137} INFO - [2022-12-07T22:28:54.906+0000] {dagbag.py:537} INFO - Filling up the DagBag from /home/airflow/.local/lib/python3.7/site-packages/airflow/example_dags/example_external_task_marker_dag.py
[2022-12-07T22:28:54.922+0000] {processor.py:766} INFO - DAG(s) dict_keys(['example_external_task_marker_child', 'example_external_task_marker_parent']) retrieved from /home/airflow/.local/lib/python3.7/site-packages/airflow/example_dags/example_external_task_marker_dag.py
[2022-12-07T22:28:55.223+0000] {logging_mixin.py:137} INFO - [2022-12-07T22:28:55.222+0000] {dag.py:2585} INFO - Sync 2 DAGs
[2022-12-07T22:28:55.256+0000] {logging_mixin.py:137} INFO - [2022-12-07T22:28:55.255+0000] {dag.py:3340} INFO - Setting next_dagrun for example_external_task_marker_child to None, run_after=None
[2022-12-07T22:28:55.263+0000] {logging_mixin.py:137} INFO - [2022-12-07T22:28:55.262+0000] {dag.py:3340} INFO - Setting next_dagrun for example_external_task_marker_parent to None, run_after=None
[2022-12-07T22:28:55.287+0000] {processor.py:176} INFO - Processing /home/airflow/.local/lib/python3.7/site-packages/airflow/example_dags/example_external_task_marker_dag.py took 0.387 seconds
[2022-12-07T22:29:25.444+0000] {processor.py:154} INFO - Started process (PID=567) to work on /home/airflow/.local/lib/python3.7/site-packages/airflow/example_dags/example_external_task_marker_dag.py
[2022-12-07T22:29:25.445+0000] {processor.py:756} INFO - Processing file /home/airflow/.local/lib/python3.7/site-packages/airflow/example_dags/example_external_task_marker_dag.py for tasks to queue
[2022-12-07T22:29:25.446+0000] {logging_mixin.py:137} INFO - [2022-12-07T22:29:25.446+0000] {dagbag.py:537} INFO - Filling up the DagBag from /home/airflow/.local/lib/python3.7/site-packages/airflow/example_dags/example_external_task_marker_dag.py
[2022-12-07T22:29:25.462+0000] {processor.py:766} INFO - DAG(s) dict_keys(['example_external_task_marker_child', 'example_external_task_marker_parent']) retrieved from /home/airflow/.local/lib/python3.7/site-packages/airflow/example_dags/example_external_task_marker_dag.py
[2022-12-07T22:29:25.719+0000] {logging_mixin.py:137} INFO - [2022-12-07T22:29:25.719+0000] {dag.py:2585} INFO - Sync 2 DAGs
[2022-12-07T22:29:25.754+0000] {logging_mixin.py:137} INFO - [2022-12-07T22:29:25.753+0000] {dag.py:3340} INFO - Setting next_dagrun for example_external_task_marker_child to None, run_after=None
[2022-12-07T22:29:25.760+0000] {logging_mixin.py:137} INFO - [2022-12-07T22:29:25.759+0000] {dag.py:3340} INFO - Setting next_dagrun for example_external_task_marker_parent to None, run_after=None
[2022-12-07T22:29:25.785+0000] {processor.py:176} INFO - Processing /home/airflow/.local/lib/python3.7/site-packages/airflow/example_dags/example_external_task_marker_dag.py took 0.345 seconds
[2022-12-07T22:29:56.205+0000] {processor.py:154} INFO - Started process (PID=622) to work on /home/airflow/.local/lib/python3.7/site-packages/airflow/example_dags/example_external_task_marker_dag.py
[2022-12-07T22:29:56.207+0000] {processor.py:756} INFO - Processing file /home/airflow/.local/lib/python3.7/site-packages/airflow/example_dags/example_external_task_marker_dag.py for tasks to queue
[2022-12-07T22:29:56.208+0000] {logging_mixin.py:137} INFO - [2022-12-07T22:29:56.208+0000] {dagbag.py:537} INFO - Filling up the DagBag from /home/airflow/.local/lib/python3.7/site-packages/airflow/example_dags/example_external_task_marker_dag.py
[2022-12-07T22:29:56.223+0000] {processor.py:766} INFO - DAG(s) dict_keys(['example_external_task_marker_child', 'example_external_task_marker_parent']) retrieved from /home/airflow/.local/lib/python3.7/site-packages/airflow/example_dags/example_external_task_marker_dag.py
[2022-12-07T22:29:56.489+0000] {logging_mixin.py:137} INFO - [2022-12-07T22:29:56.489+0000] {dag.py:2585} INFO - Sync 2 DAGs
[2022-12-07T22:29:56.522+0000] {logging_mixin.py:137} INFO - [2022-12-07T22:29:56.521+0000] {dag.py:3340} INFO - Setting next_dagrun for example_external_task_marker_child to None, run_after=None
[2022-12-07T22:29:56.527+0000] {logging_mixin.py:137} INFO - [2022-12-07T22:29:56.527+0000] {dag.py:3340} INFO - Setting next_dagrun for example_external_task_marker_parent to None, run_after=None
[2022-12-07T22:29:56.553+0000] {processor.py:176} INFO - Processing /home/airflow/.local/lib/python3.7/site-packages/airflow/example_dags/example_external_task_marker_dag.py took 0.351 seconds
[2022-12-07T22:30:26.726+0000] {processor.py:154} INFO - Started process (PID=686) to work on /home/airflow/.local/lib/python3.7/site-packages/airflow/example_dags/example_external_task_marker_dag.py
[2022-12-07T22:30:26.727+0000] {processor.py:756} INFO - Processing file /home/airflow/.local/lib/python3.7/site-packages/airflow/example_dags/example_external_task_marker_dag.py for tasks to queue
[2022-12-07T22:30:26.728+0000] {logging_mixin.py:137} INFO - [2022-12-07T22:30:26.728+0000] {dagbag.py:537} INFO - Filling up the DagBag from /home/airflow/.local/lib/python3.7/site-packages/airflow/example_dags/example_external_task_marker_dag.py
[2022-12-07T22:30:26.744+0000] {processor.py:766} INFO - DAG(s) dict_keys(['example_external_task_marker_child', 'example_external_task_marker_parent']) retrieved from /home/airflow/.local/lib/python3.7/site-packages/airflow/example_dags/example_external_task_marker_dag.py
[2022-12-07T22:30:27.021+0000] {logging_mixin.py:137} INFO - [2022-12-07T22:30:27.021+0000] {dag.py:2585} INFO - Sync 2 DAGs
[2022-12-07T22:30:27.054+0000] {logging_mixin.py:137} INFO - [2022-12-07T22:30:27.053+0000] {dag.py:3340} INFO - Setting next_dagrun for example_external_task_marker_child to None, run_after=None
[2022-12-07T22:30:27.059+0000] {logging_mixin.py:137} INFO - [2022-12-07T22:30:27.059+0000] {dag.py:3340} INFO - Setting next_dagrun for example_external_task_marker_parent to None, run_after=None
[2022-12-07T22:30:27.083+0000] {processor.py:176} INFO - Processing /home/airflow/.local/lib/python3.7/site-packages/airflow/example_dags/example_external_task_marker_dag.py took 0.360 seconds
[2022-12-07T22:30:57.138+0000] {processor.py:154} INFO - Started process (PID=744) to work on /home/airflow/.local/lib/python3.7/site-packages/airflow/example_dags/example_external_task_marker_dag.py
[2022-12-07T22:30:57.139+0000] {processor.py:756} INFO - Processing file /home/airflow/.local/lib/python3.7/site-packages/airflow/example_dags/example_external_task_marker_dag.py for tasks to queue
[2022-12-07T22:30:57.140+0000] {logging_mixin.py:137} INFO - [2022-12-07T22:30:57.140+0000] {dagbag.py:537} INFO - Filling up the DagBag from /home/airflow/.local/lib/python3.7/site-packages/airflow/example_dags/example_external_task_marker_dag.py
[2022-12-07T22:30:57.155+0000] {processor.py:766} INFO - DAG(s) dict_keys(['example_external_task_marker_child', 'example_external_task_marker_parent']) retrieved from /home/airflow/.local/lib/python3.7/site-packages/airflow/example_dags/example_external_task_marker_dag.py
[2022-12-07T22:30:57.413+0000] {logging_mixin.py:137} INFO - [2022-12-07T22:30:57.413+0000] {dag.py:2585} INFO - Sync 2 DAGs
[2022-12-07T22:30:57.443+0000] {logging_mixin.py:137} INFO - [2022-12-07T22:30:57.443+0000] {dag.py:3340} INFO - Setting next_dagrun for example_external_task_marker_child to None, run_after=None
[2022-12-07T22:30:57.447+0000] {logging_mixin.py:137} INFO - [2022-12-07T22:30:57.447+0000] {dag.py:3340} INFO - Setting next_dagrun for example_external_task_marker_parent to None, run_after=None
[2022-12-07T22:30:57.469+0000] {processor.py:176} INFO - Processing /home/airflow/.local/lib/python3.7/site-packages/airflow/example_dags/example_external_task_marker_dag.py took 0.334 seconds
[2022-12-07T22:31:27.508+0000] {processor.py:154} INFO - Started process (PID=809) to work on /home/airflow/.local/lib/python3.7/site-packages/airflow/example_dags/example_external_task_marker_dag.py
[2022-12-07T22:31:27.509+0000] {processor.py:756} INFO - Processing file /home/airflow/.local/lib/python3.7/site-packages/airflow/example_dags/example_external_task_marker_dag.py for tasks to queue
[2022-12-07T22:31:27.510+0000] {logging_mixin.py:137} INFO - [2022-12-07T22:31:27.510+0000] {dagbag.py:537} INFO - Filling up the DagBag from /home/airflow/.local/lib/python3.7/site-packages/airflow/example_dags/example_external_task_marker_dag.py
[2022-12-07T22:31:27.527+0000] {processor.py:766} INFO - DAG(s) dict_keys(['example_external_task_marker_child', 'example_external_task_marker_parent']) retrieved from /home/airflow/.local/lib/python3.7/site-packages/airflow/example_dags/example_external_task_marker_dag.py
[2022-12-07T22:31:27.769+0000] {logging_mixin.py:137} INFO - [2022-12-07T22:31:27.768+0000] {dag.py:2585} INFO - Sync 2 DAGs
[2022-12-07T22:31:27.807+0000] {logging_mixin.py:137} INFO - [2022-12-07T22:31:27.807+0000] {dag.py:3340} INFO - Setting next_dagrun for example_external_task_marker_child to None, run_after=None
[2022-12-07T22:31:27.811+0000] {logging_mixin.py:137} INFO - [2022-12-07T22:31:27.811+0000] {dag.py:3340} INFO - Setting next_dagrun for example_external_task_marker_parent to None, run_after=None
[2022-12-07T22:31:27.834+0000] {processor.py:176} INFO - Processing /home/airflow/.local/lib/python3.7/site-packages/airflow/example_dags/example_external_task_marker_dag.py took 0.331 seconds
[2022-12-07T22:31:57.912+0000] {processor.py:154} INFO - Started process (PID=870) to work on /home/airflow/.local/lib/python3.7/site-packages/airflow/example_dags/example_external_task_marker_dag.py
[2022-12-07T22:31:57.914+0000] {processor.py:756} INFO - Processing file /home/airflow/.local/lib/python3.7/site-packages/airflow/example_dags/example_external_task_marker_dag.py for tasks to queue
[2022-12-07T22:31:57.916+0000] {logging_mixin.py:137} INFO - [2022-12-07T22:31:57.915+0000] {dagbag.py:537} INFO - Filling up the DagBag from /home/airflow/.local/lib/python3.7/site-packages/airflow/example_dags/example_external_task_marker_dag.py
[2022-12-07T22:31:57.939+0000] {processor.py:766} INFO - DAG(s) dict_keys(['example_external_task_marker_child', 'example_external_task_marker_parent']) retrieved from /home/airflow/.local/lib/python3.7/site-packages/airflow/example_dags/example_external_task_marker_dag.py
[2022-12-07T22:31:58.489+0000] {logging_mixin.py:137} INFO - [2022-12-07T22:31:58.489+0000] {dag.py:2585} INFO - Sync 2 DAGs
[2022-12-07T22:31:58.523+0000] {logging_mixin.py:137} INFO - [2022-12-07T22:31:58.523+0000] {dag.py:3340} INFO - Setting next_dagrun for example_external_task_marker_child to None, run_after=None
[2022-12-07T22:31:58.528+0000] {logging_mixin.py:137} INFO - [2022-12-07T22:31:58.528+0000] {dag.py:3340} INFO - Setting next_dagrun for example_external_task_marker_parent to None, run_after=None
[2022-12-07T22:31:58.556+0000] {processor.py:176} INFO - Processing /home/airflow/.local/lib/python3.7/site-packages/airflow/example_dags/example_external_task_marker_dag.py took 0.648 seconds
[2022-12-07T22:32:28.663+0000] {processor.py:154} INFO - Started process (PID=928) to work on /home/airflow/.local/lib/python3.7/site-packages/airflow/example_dags/example_external_task_marker_dag.py
[2022-12-07T22:32:28.664+0000] {processor.py:756} INFO - Processing file /home/airflow/.local/lib/python3.7/site-packages/airflow/example_dags/example_external_task_marker_dag.py for tasks to queue
[2022-12-07T22:32:28.666+0000] {logging_mixin.py:137} INFO - [2022-12-07T22:32:28.665+0000] {dagbag.py:537} INFO - Filling up the DagBag from /home/airflow/.local/lib/python3.7/site-packages/airflow/example_dags/example_external_task_marker_dag.py
[2022-12-07T22:32:28.682+0000] {processor.py:766} INFO - DAG(s) dict_keys(['example_external_task_marker_child', 'example_external_task_marker_parent']) retrieved from /home/airflow/.local/lib/python3.7/site-packages/airflow/example_dags/example_external_task_marker_dag.py
[2022-12-07T22:32:28.968+0000] {logging_mixin.py:137} INFO - [2022-12-07T22:32:28.967+0000] {dag.py:2585} INFO - Sync 2 DAGs
[2022-12-07T22:32:29.001+0000] {logging_mixin.py:137} INFO - [2022-12-07T22:32:29.001+0000] {dag.py:3340} INFO - Setting next_dagrun for example_external_task_marker_child to None, run_after=None
[2022-12-07T22:32:29.005+0000] {logging_mixin.py:137} INFO - [2022-12-07T22:32:29.005+0000] {dag.py:3340} INFO - Setting next_dagrun for example_external_task_marker_parent to None, run_after=None
[2022-12-07T22:32:29.027+0000] {processor.py:176} INFO - Processing /home/airflow/.local/lib/python3.7/site-packages/airflow/example_dags/example_external_task_marker_dag.py took 0.370 seconds
[2022-12-07T23:36:50.410+0000] {processor.py:154} INFO - Started process (PID=88) to work on /home/airflow/.local/lib/python3.7/site-packages/airflow/example_dags/example_external_task_marker_dag.py
[2022-12-07T23:36:50.412+0000] {processor.py:756} INFO - Processing file /home/airflow/.local/lib/python3.7/site-packages/airflow/example_dags/example_external_task_marker_dag.py for tasks to queue
[2022-12-07T23:36:50.415+0000] {logging_mixin.py:137} INFO - [2022-12-07T23:36:50.414+0000] {dagbag.py:537} INFO - Filling up the DagBag from /home/airflow/.local/lib/python3.7/site-packages/airflow/example_dags/example_external_task_marker_dag.py
[2022-12-07T23:36:50.449+0000] {processor.py:766} INFO - DAG(s) dict_keys(['example_external_task_marker_parent', 'example_external_task_marker_child']) retrieved from /home/airflow/.local/lib/python3.7/site-packages/airflow/example_dags/example_external_task_marker_dag.py
[2022-12-07T23:36:50.688+0000] {logging_mixin.py:137} INFO - [2022-12-07T23:36:50.688+0000] {manager.py:507} INFO - Created Permission View: can read on DAG:example_external_task_marker_parent
[2022-12-07T23:36:50.707+0000] {logging_mixin.py:137} INFO - [2022-12-07T23:36:50.707+0000] {manager.py:507} INFO - Created Permission View: can delete on DAG:example_external_task_marker_parent
[2022-12-07T23:36:50.720+0000] {logging_mixin.py:137} INFO - [2022-12-07T23:36:50.720+0000] {manager.py:507} INFO - Created Permission View: can edit on DAG:example_external_task_marker_parent
[2022-12-07T23:36:51.065+0000] {logging_mixin.py:137} INFO - [2022-12-07T23:36:51.064+0000] {manager.py:507} INFO - Created Permission View: can read on DAG:example_external_task_marker_child
[2022-12-07T23:36:51.077+0000] {logging_mixin.py:137} INFO - [2022-12-07T23:36:51.077+0000] {manager.py:507} INFO - Created Permission View: can delete on DAG:example_external_task_marker_child
[2022-12-07T23:36:51.090+0000] {logging_mixin.py:137} INFO - [2022-12-07T23:36:51.090+0000] {manager.py:507} INFO - Created Permission View: can edit on DAG:example_external_task_marker_child
[2022-12-07T23:36:51.091+0000] {logging_mixin.py:137} INFO - [2022-12-07T23:36:51.091+0000] {dag.py:2585} INFO - Sync 2 DAGs
[2022-12-07T23:36:51.118+0000] {logging_mixin.py:137} INFO - [2022-12-07T23:36:51.118+0000] {dag.py:2606} INFO - Creating ORM DAG for example_external_task_marker_child
[2022-12-07T23:36:51.119+0000] {logging_mixin.py:137} INFO - [2022-12-07T23:36:51.119+0000] {dag.py:2606} INFO - Creating ORM DAG for example_external_task_marker_parent
[2022-12-07T23:36:51.137+0000] {logging_mixin.py:137} INFO - [2022-12-07T23:36:51.137+0000] {dag.py:3340} INFO - Setting next_dagrun for example_external_task_marker_child to None, run_after=None
[2022-12-07T23:36:51.138+0000] {logging_mixin.py:137} INFO - [2022-12-07T23:36:51.138+0000] {dag.py:3340} INFO - Setting next_dagrun for example_external_task_marker_parent to None, run_after=None
[2022-12-07T23:36:51.170+0000] {processor.py:176} INFO - Processing /home/airflow/.local/lib/python3.7/site-packages/airflow/example_dags/example_external_task_marker_dag.py took 0.765 seconds
[2022-12-07T23:37:21.800+0000] {processor.py:154} INFO - Started process (PID=152) to work on /home/airflow/.local/lib/python3.7/site-packages/airflow/example_dags/example_external_task_marker_dag.py
[2022-12-07T23:37:21.802+0000] {processor.py:756} INFO - Processing file /home/airflow/.local/lib/python3.7/site-packages/airflow/example_dags/example_external_task_marker_dag.py for tasks to queue
[2022-12-07T23:37:21.803+0000] {logging_mixin.py:137} INFO - [2022-12-07T23:37:21.803+0000] {dagbag.py:537} INFO - Filling up the DagBag from /home/airflow/.local/lib/python3.7/site-packages/airflow/example_dags/example_external_task_marker_dag.py
[2022-12-07T23:37:21.828+0000] {processor.py:766} INFO - DAG(s) dict_keys(['example_external_task_marker_parent', 'example_external_task_marker_child']) retrieved from /home/airflow/.local/lib/python3.7/site-packages/airflow/example_dags/example_external_task_marker_dag.py
[2022-12-07T23:37:22.156+0000] {logging_mixin.py:137} INFO - [2022-12-07T23:37:22.156+0000] {dag.py:2585} INFO - Sync 2 DAGs
[2022-12-07T23:37:22.199+0000] {logging_mixin.py:137} INFO - [2022-12-07T23:37:22.198+0000] {dag.py:3340} INFO - Setting next_dagrun for example_external_task_marker_child to None, run_after=None
[2022-12-07T23:37:22.207+0000] {logging_mixin.py:137} INFO - [2022-12-07T23:37:22.207+0000] {dag.py:3340} INFO - Setting next_dagrun for example_external_task_marker_parent to None, run_after=None
[2022-12-07T23:37:22.245+0000] {processor.py:176} INFO - Processing /home/airflow/.local/lib/python3.7/site-packages/airflow/example_dags/example_external_task_marker_dag.py took 0.449 seconds
[2022-12-07T23:37:52.380+0000] {processor.py:154} INFO - Started process (PID=209) to work on /home/airflow/.local/lib/python3.7/site-packages/airflow/example_dags/example_external_task_marker_dag.py
[2022-12-07T23:37:52.381+0000] {processor.py:756} INFO - Processing file /home/airflow/.local/lib/python3.7/site-packages/airflow/example_dags/example_external_task_marker_dag.py for tasks to queue
[2022-12-07T23:37:52.382+0000] {logging_mixin.py:137} INFO - [2022-12-07T23:37:52.381+0000] {dagbag.py:537} INFO - Filling up the DagBag from /home/airflow/.local/lib/python3.7/site-packages/airflow/example_dags/example_external_task_marker_dag.py
[2022-12-07T23:37:52.399+0000] {processor.py:766} INFO - DAG(s) dict_keys(['example_external_task_marker_child', 'example_external_task_marker_parent']) retrieved from /home/airflow/.local/lib/python3.7/site-packages/airflow/example_dags/example_external_task_marker_dag.py
[2022-12-07T23:37:52.642+0000] {logging_mixin.py:137} INFO - [2022-12-07T23:37:52.642+0000] {dag.py:2585} INFO - Sync 2 DAGs
[2022-12-07T23:37:52.679+0000] {logging_mixin.py:137} INFO - [2022-12-07T23:37:52.679+0000] {dag.py:3340} INFO - Setting next_dagrun for example_external_task_marker_child to None, run_after=None
[2022-12-07T23:37:52.684+0000] {logging_mixin.py:137} INFO - [2022-12-07T23:37:52.684+0000] {dag.py:3340} INFO - Setting next_dagrun for example_external_task_marker_parent to None, run_after=None
[2022-12-07T23:37:52.718+0000] {processor.py:176} INFO - Processing /home/airflow/.local/lib/python3.7/site-packages/airflow/example_dags/example_external_task_marker_dag.py took 0.341 seconds
[2022-12-07T23:38:23.337+0000] {processor.py:154} INFO - Started process (PID=273) to work on /home/airflow/.local/lib/python3.7/site-packages/airflow/example_dags/example_external_task_marker_dag.py
[2022-12-07T23:38:23.339+0000] {processor.py:756} INFO - Processing file /home/airflow/.local/lib/python3.7/site-packages/airflow/example_dags/example_external_task_marker_dag.py for tasks to queue
[2022-12-07T23:38:23.340+0000] {logging_mixin.py:137} INFO - [2022-12-07T23:38:23.340+0000] {dagbag.py:537} INFO - Filling up the DagBag from /home/airflow/.local/lib/python3.7/site-packages/airflow/example_dags/example_external_task_marker_dag.py
[2022-12-07T23:38:23.359+0000] {processor.py:766} INFO - DAG(s) dict_keys(['example_external_task_marker_parent', 'example_external_task_marker_child']) retrieved from /home/airflow/.local/lib/python3.7/site-packages/airflow/example_dags/example_external_task_marker_dag.py
[2022-12-07T23:38:23.766+0000] {logging_mixin.py:137} INFO - [2022-12-07T23:38:23.766+0000] {dag.py:2585} INFO - Sync 2 DAGs
[2022-12-07T23:38:23.805+0000] {logging_mixin.py:137} INFO - [2022-12-07T23:38:23.805+0000] {dag.py:3340} INFO - Setting next_dagrun for example_external_task_marker_child to None, run_after=None
[2022-12-07T23:38:23.810+0000] {logging_mixin.py:137} INFO - [2022-12-07T23:38:23.810+0000] {dag.py:3340} INFO - Setting next_dagrun for example_external_task_marker_parent to None, run_after=None
[2022-12-07T23:38:23.837+0000] {processor.py:176} INFO - Processing /home/airflow/.local/lib/python3.7/site-packages/airflow/example_dags/example_external_task_marker_dag.py took 0.504 seconds
[2022-12-07T23:38:53.969+0000] {processor.py:154} INFO - Started process (PID=328) to work on /home/airflow/.local/lib/python3.7/site-packages/airflow/example_dags/example_external_task_marker_dag.py
[2022-12-07T23:38:53.970+0000] {processor.py:756} INFO - Processing file /home/airflow/.local/lib/python3.7/site-packages/airflow/example_dags/example_external_task_marker_dag.py for tasks to queue
[2022-12-07T23:38:53.971+0000] {logging_mixin.py:137} INFO - [2022-12-07T23:38:53.971+0000] {dagbag.py:537} INFO - Filling up the DagBag from /home/airflow/.local/lib/python3.7/site-packages/airflow/example_dags/example_external_task_marker_dag.py
[2022-12-07T23:38:53.988+0000] {processor.py:766} INFO - DAG(s) dict_keys(['example_external_task_marker_parent', 'example_external_task_marker_child']) retrieved from /home/airflow/.local/lib/python3.7/site-packages/airflow/example_dags/example_external_task_marker_dag.py
[2022-12-07T23:38:54.275+0000] {logging_mixin.py:137} INFO - [2022-12-07T23:38:54.275+0000] {dag.py:2585} INFO - Sync 2 DAGs
[2022-12-07T23:38:54.324+0000] {logging_mixin.py:137} INFO - [2022-12-07T23:38:54.324+0000] {dag.py:3340} INFO - Setting next_dagrun for example_external_task_marker_child to None, run_after=None
[2022-12-07T23:38:54.330+0000] {logging_mixin.py:137} INFO - [2022-12-07T23:38:54.330+0000] {dag.py:3340} INFO - Setting next_dagrun for example_external_task_marker_parent to None, run_after=None
[2022-12-07T23:38:54.357+0000] {processor.py:176} INFO - Processing /home/airflow/.local/lib/python3.7/site-packages/airflow/example_dags/example_external_task_marker_dag.py took 0.391 seconds
[2022-12-07T23:39:25.165+0000] {processor.py:154} INFO - Started process (PID=392) to work on /home/airflow/.local/lib/python3.7/site-packages/airflow/example_dags/example_external_task_marker_dag.py
[2022-12-07T23:39:25.166+0000] {processor.py:756} INFO - Processing file /home/airflow/.local/lib/python3.7/site-packages/airflow/example_dags/example_external_task_marker_dag.py for tasks to queue
[2022-12-07T23:39:25.168+0000] {logging_mixin.py:137} INFO - [2022-12-07T23:39:25.167+0000] {dagbag.py:537} INFO - Filling up the DagBag from /home/airflow/.local/lib/python3.7/site-packages/airflow/example_dags/example_external_task_marker_dag.py
[2022-12-07T23:39:25.195+0000] {processor.py:766} INFO - DAG(s) dict_keys(['example_external_task_marker_child', 'example_external_task_marker_parent']) retrieved from /home/airflow/.local/lib/python3.7/site-packages/airflow/example_dags/example_external_task_marker_dag.py
[2022-12-07T23:39:25.732+0000] {logging_mixin.py:137} INFO - [2022-12-07T23:39:25.731+0000] {dag.py:2585} INFO - Sync 2 DAGs
[2022-12-07T23:39:25.798+0000] {logging_mixin.py:137} INFO - [2022-12-07T23:39:25.798+0000] {dag.py:3340} INFO - Setting next_dagrun for example_external_task_marker_child to None, run_after=None
[2022-12-07T23:39:25.810+0000] {logging_mixin.py:137} INFO - [2022-12-07T23:39:25.810+0000] {dag.py:3340} INFO - Setting next_dagrun for example_external_task_marker_parent to None, run_after=None
[2022-12-07T23:39:25.870+0000] {processor.py:176} INFO - Processing /home/airflow/.local/lib/python3.7/site-packages/airflow/example_dags/example_external_task_marker_dag.py took 0.711 seconds
[2022-12-07T23:39:56.444+0000] {processor.py:154} INFO - Started process (PID=447) to work on /home/airflow/.local/lib/python3.7/site-packages/airflow/example_dags/example_external_task_marker_dag.py
[2022-12-07T23:39:56.446+0000] {processor.py:756} INFO - Processing file /home/airflow/.local/lib/python3.7/site-packages/airflow/example_dags/example_external_task_marker_dag.py for tasks to queue
[2022-12-07T23:39:56.447+0000] {logging_mixin.py:137} INFO - [2022-12-07T23:39:56.447+0000] {dagbag.py:537} INFO - Filling up the DagBag from /home/airflow/.local/lib/python3.7/site-packages/airflow/example_dags/example_external_task_marker_dag.py
[2022-12-07T23:39:56.469+0000] {processor.py:766} INFO - DAG(s) dict_keys(['example_external_task_marker_parent', 'example_external_task_marker_child']) retrieved from /home/airflow/.local/lib/python3.7/site-packages/airflow/example_dags/example_external_task_marker_dag.py
[2022-12-07T23:39:56.743+0000] {logging_mixin.py:137} INFO - [2022-12-07T23:39:56.743+0000] {dag.py:2585} INFO - Sync 2 DAGs
[2022-12-07T23:39:56.783+0000] {logging_mixin.py:137} INFO - [2022-12-07T23:39:56.783+0000] {dag.py:3340} INFO - Setting next_dagrun for example_external_task_marker_child to None, run_after=None
[2022-12-07T23:39:56.789+0000] {logging_mixin.py:137} INFO - [2022-12-07T23:39:56.789+0000] {dag.py:3340} INFO - Setting next_dagrun for example_external_task_marker_parent to None, run_after=None
[2022-12-07T23:39:56.820+0000] {processor.py:176} INFO - Processing /home/airflow/.local/lib/python3.7/site-packages/airflow/example_dags/example_external_task_marker_dag.py took 0.381 seconds
[2022-12-07T23:40:27.388+0000] {processor.py:154} INFO - Started process (PID=511) to work on /home/airflow/.local/lib/python3.7/site-packages/airflow/example_dags/example_external_task_marker_dag.py
[2022-12-07T23:40:27.389+0000] {processor.py:756} INFO - Processing file /home/airflow/.local/lib/python3.7/site-packages/airflow/example_dags/example_external_task_marker_dag.py for tasks to queue
[2022-12-07T23:40:27.390+0000] {logging_mixin.py:137} INFO - [2022-12-07T23:40:27.390+0000] {dagbag.py:537} INFO - Filling up the DagBag from /home/airflow/.local/lib/python3.7/site-packages/airflow/example_dags/example_external_task_marker_dag.py
[2022-12-07T23:40:27.409+0000] {processor.py:766} INFO - DAG(s) dict_keys(['example_external_task_marker_child', 'example_external_task_marker_parent']) retrieved from /home/airflow/.local/lib/python3.7/site-packages/airflow/example_dags/example_external_task_marker_dag.py
[2022-12-07T23:40:27.700+0000] {logging_mixin.py:137} INFO - [2022-12-07T23:40:27.700+0000] {dag.py:2585} INFO - Sync 2 DAGs
[2022-12-07T23:40:27.738+0000] {logging_mixin.py:137} INFO - [2022-12-07T23:40:27.738+0000] {dag.py:3340} INFO - Setting next_dagrun for example_external_task_marker_child to None, run_after=None
[2022-12-07T23:40:27.744+0000] {logging_mixin.py:137} INFO - [2022-12-07T23:40:27.744+0000] {dag.py:3340} INFO - Setting next_dagrun for example_external_task_marker_parent to None, run_after=None
[2022-12-07T23:40:27.790+0000] {processor.py:176} INFO - Processing /home/airflow/.local/lib/python3.7/site-packages/airflow/example_dags/example_external_task_marker_dag.py took 0.405 seconds
[2022-12-07T23:40:58.234+0000] {processor.py:154} INFO - Started process (PID=566) to work on /home/airflow/.local/lib/python3.7/site-packages/airflow/example_dags/example_external_task_marker_dag.py
[2022-12-07T23:40:58.235+0000] {processor.py:756} INFO - Processing file /home/airflow/.local/lib/python3.7/site-packages/airflow/example_dags/example_external_task_marker_dag.py for tasks to queue
[2022-12-07T23:40:58.236+0000] {logging_mixin.py:137} INFO - [2022-12-07T23:40:58.236+0000] {dagbag.py:537} INFO - Filling up the DagBag from /home/airflow/.local/lib/python3.7/site-packages/airflow/example_dags/example_external_task_marker_dag.py
[2022-12-07T23:40:58.255+0000] {processor.py:766} INFO - DAG(s) dict_keys(['example_external_task_marker_child', 'example_external_task_marker_parent']) retrieved from /home/airflow/.local/lib/python3.7/site-packages/airflow/example_dags/example_external_task_marker_dag.py
[2022-12-07T23:40:58.560+0000] {logging_mixin.py:137} INFO - [2022-12-07T23:40:58.559+0000] {dag.py:2585} INFO - Sync 2 DAGs
[2022-12-07T23:40:58.616+0000] {logging_mixin.py:137} INFO - [2022-12-07T23:40:58.615+0000] {dag.py:3340} INFO - Setting next_dagrun for example_external_task_marker_child to None, run_after=None
[2022-12-07T23:40:58.622+0000] {logging_mixin.py:137} INFO - [2022-12-07T23:40:58.622+0000] {dag.py:3340} INFO - Setting next_dagrun for example_external_task_marker_parent to None, run_after=None
[2022-12-07T23:40:58.670+0000] {processor.py:176} INFO - Processing /home/airflow/.local/lib/python3.7/site-packages/airflow/example_dags/example_external_task_marker_dag.py took 0.439 seconds
[2022-12-07T23:45:23.273+0000] {processor.py:154} INFO - Started process (PID=89) to work on /home/airflow/.local/lib/python3.7/site-packages/airflow/example_dags/example_external_task_marker_dag.py
[2022-12-07T23:45:23.276+0000] {processor.py:756} INFO - Processing file /home/airflow/.local/lib/python3.7/site-packages/airflow/example_dags/example_external_task_marker_dag.py for tasks to queue
[2022-12-07T23:45:23.281+0000] {logging_mixin.py:137} INFO - [2022-12-07T23:45:23.281+0000] {dagbag.py:537} INFO - Filling up the DagBag from /home/airflow/.local/lib/python3.7/site-packages/airflow/example_dags/example_external_task_marker_dag.py
[2022-12-07T23:45:23.324+0000] {processor.py:766} INFO - DAG(s) dict_keys(['example_external_task_marker_parent', 'example_external_task_marker_child']) retrieved from /home/airflow/.local/lib/python3.7/site-packages/airflow/example_dags/example_external_task_marker_dag.py
[2022-12-07T23:45:24.112+0000] {logging_mixin.py:137} INFO - [2022-12-07T23:45:24.110+0000] {dag.py:2585} INFO - Sync 2 DAGs
[2022-12-07T23:45:24.197+0000] {logging_mixin.py:137} INFO - [2022-12-07T23:45:24.197+0000] {dag.py:3340} INFO - Setting next_dagrun for example_external_task_marker_child to None, run_after=None
[2022-12-07T23:45:24.207+0000] {logging_mixin.py:137} INFO - [2022-12-07T23:45:24.207+0000] {dag.py:3340} INFO - Setting next_dagrun for example_external_task_marker_parent to None, run_after=None
[2022-12-07T23:45:24.251+0000] {processor.py:176} INFO - Processing /home/airflow/.local/lib/python3.7/site-packages/airflow/example_dags/example_external_task_marker_dag.py took 0.986 seconds
[2022-12-07T23:45:54.347+0000] {processor.py:154} INFO - Started process (PID=145) to work on /home/airflow/.local/lib/python3.7/site-packages/airflow/example_dags/example_external_task_marker_dag.py
[2022-12-07T23:45:54.348+0000] {processor.py:756} INFO - Processing file /home/airflow/.local/lib/python3.7/site-packages/airflow/example_dags/example_external_task_marker_dag.py for tasks to queue
[2022-12-07T23:45:54.349+0000] {logging_mixin.py:137} INFO - [2022-12-07T23:45:54.349+0000] {dagbag.py:537} INFO - Filling up the DagBag from /home/airflow/.local/lib/python3.7/site-packages/airflow/example_dags/example_external_task_marker_dag.py
[2022-12-07T23:45:54.365+0000] {processor.py:766} INFO - DAG(s) dict_keys(['example_external_task_marker_child', 'example_external_task_marker_parent']) retrieved from /home/airflow/.local/lib/python3.7/site-packages/airflow/example_dags/example_external_task_marker_dag.py
[2022-12-07T23:45:54.645+0000] {logging_mixin.py:137} INFO - [2022-12-07T23:45:54.645+0000] {dag.py:2585} INFO - Sync 2 DAGs
[2022-12-07T23:45:54.682+0000] {logging_mixin.py:137} INFO - [2022-12-07T23:45:54.682+0000] {dag.py:3340} INFO - Setting next_dagrun for example_external_task_marker_child to None, run_after=None
[2022-12-07T23:45:54.688+0000] {logging_mixin.py:137} INFO - [2022-12-07T23:45:54.688+0000] {dag.py:3340} INFO - Setting next_dagrun for example_external_task_marker_parent to None, run_after=None
[2022-12-07T23:45:54.719+0000] {processor.py:176} INFO - Processing /home/airflow/.local/lib/python3.7/site-packages/airflow/example_dags/example_external_task_marker_dag.py took 0.376 seconds
[2022-12-07T23:46:25.164+0000] {processor.py:154} INFO - Started process (PID=211) to work on /home/airflow/.local/lib/python3.7/site-packages/airflow/example_dags/example_external_task_marker_dag.py
[2022-12-07T23:46:25.165+0000] {processor.py:756} INFO - Processing file /home/airflow/.local/lib/python3.7/site-packages/airflow/example_dags/example_external_task_marker_dag.py for tasks to queue
[2022-12-07T23:46:25.167+0000] {logging_mixin.py:137} INFO - [2022-12-07T23:46:25.167+0000] {dagbag.py:537} INFO - Filling up the DagBag from /home/airflow/.local/lib/python3.7/site-packages/airflow/example_dags/example_external_task_marker_dag.py
[2022-12-07T23:46:25.197+0000] {processor.py:766} INFO - DAG(s) dict_keys(['example_external_task_marker_parent', 'example_external_task_marker_child']) retrieved from /home/airflow/.local/lib/python3.7/site-packages/airflow/example_dags/example_external_task_marker_dag.py
[2022-12-07T23:46:25.641+0000] {logging_mixin.py:137} INFO - [2022-12-07T23:46:25.641+0000] {dag.py:2585} INFO - Sync 2 DAGs
[2022-12-07T23:46:25.696+0000] {logging_mixin.py:137} INFO - [2022-12-07T23:46:25.696+0000] {dag.py:3340} INFO - Setting next_dagrun for example_external_task_marker_child to None, run_after=None
[2022-12-07T23:46:25.704+0000] {logging_mixin.py:137} INFO - [2022-12-07T23:46:25.703+0000] {dag.py:3340} INFO - Setting next_dagrun for example_external_task_marker_parent to None, run_after=None
[2022-12-07T23:46:25.736+0000] {processor.py:176} INFO - Processing /home/airflow/.local/lib/python3.7/site-packages/airflow/example_dags/example_external_task_marker_dag.py took 0.577 seconds
[2022-12-07T23:46:55.767+0000] {processor.py:154} INFO - Started process (PID=266) to work on /home/airflow/.local/lib/python3.7/site-packages/airflow/example_dags/example_external_task_marker_dag.py
[2022-12-07T23:46:55.768+0000] {processor.py:756} INFO - Processing file /home/airflow/.local/lib/python3.7/site-packages/airflow/example_dags/example_external_task_marker_dag.py for tasks to queue
[2022-12-07T23:46:55.769+0000] {logging_mixin.py:137} INFO - [2022-12-07T23:46:55.768+0000] {dagbag.py:537} INFO - Filling up the DagBag from /home/airflow/.local/lib/python3.7/site-packages/airflow/example_dags/example_external_task_marker_dag.py
[2022-12-07T23:46:55.784+0000] {processor.py:766} INFO - DAG(s) dict_keys(['example_external_task_marker_child', 'example_external_task_marker_parent']) retrieved from /home/airflow/.local/lib/python3.7/site-packages/airflow/example_dags/example_external_task_marker_dag.py
[2022-12-07T23:46:56.068+0000] {logging_mixin.py:137} INFO - [2022-12-07T23:46:56.067+0000] {dag.py:2585} INFO - Sync 2 DAGs
[2022-12-07T23:46:56.106+0000] {logging_mixin.py:137} INFO - [2022-12-07T23:46:56.106+0000] {dag.py:3340} INFO - Setting next_dagrun for example_external_task_marker_child to None, run_after=None
[2022-12-07T23:46:56.113+0000] {logging_mixin.py:137} INFO - [2022-12-07T23:46:56.112+0000] {dag.py:3340} INFO - Setting next_dagrun for example_external_task_marker_parent to None, run_after=None
[2022-12-07T23:46:56.150+0000] {processor.py:176} INFO - Processing /home/airflow/.local/lib/python3.7/site-packages/airflow/example_dags/example_external_task_marker_dag.py took 0.387 seconds
[2022-12-07T23:47:26.382+0000] {processor.py:154} INFO - Started process (PID=330) to work on /home/airflow/.local/lib/python3.7/site-packages/airflow/example_dags/example_external_task_marker_dag.py
[2022-12-07T23:47:26.384+0000] {processor.py:756} INFO - Processing file /home/airflow/.local/lib/python3.7/site-packages/airflow/example_dags/example_external_task_marker_dag.py for tasks to queue
[2022-12-07T23:47:26.385+0000] {logging_mixin.py:137} INFO - [2022-12-07T23:47:26.385+0000] {dagbag.py:537} INFO - Filling up the DagBag from /home/airflow/.local/lib/python3.7/site-packages/airflow/example_dags/example_external_task_marker_dag.py
[2022-12-07T23:47:26.408+0000] {processor.py:766} INFO - DAG(s) dict_keys(['example_external_task_marker_child', 'example_external_task_marker_parent']) retrieved from /home/airflow/.local/lib/python3.7/site-packages/airflow/example_dags/example_external_task_marker_dag.py
[2022-12-07T23:47:26.794+0000] {logging_mixin.py:137} INFO - [2022-12-07T23:47:26.794+0000] {dag.py:2585} INFO - Sync 2 DAGs
[2022-12-07T23:47:26.880+0000] {logging_mixin.py:137} INFO - [2022-12-07T23:47:26.880+0000] {dag.py:3340} INFO - Setting next_dagrun for example_external_task_marker_child to None, run_after=None
[2022-12-07T23:47:26.895+0000] {logging_mixin.py:137} INFO - [2022-12-07T23:47:26.895+0000] {dag.py:3340} INFO - Setting next_dagrun for example_external_task_marker_parent to None, run_after=None
[2022-12-07T23:47:26.968+0000] {processor.py:176} INFO - Processing /home/airflow/.local/lib/python3.7/site-packages/airflow/example_dags/example_external_task_marker_dag.py took 0.590 seconds
[2022-12-07T23:47:57.593+0000] {processor.py:154} INFO - Started process (PID=394) to work on /home/airflow/.local/lib/python3.7/site-packages/airflow/example_dags/example_external_task_marker_dag.py
[2022-12-07T23:47:57.594+0000] {processor.py:756} INFO - Processing file /home/airflow/.local/lib/python3.7/site-packages/airflow/example_dags/example_external_task_marker_dag.py for tasks to queue
[2022-12-07T23:47:57.596+0000] {logging_mixin.py:137} INFO - [2022-12-07T23:47:57.595+0000] {dagbag.py:537} INFO - Filling up the DagBag from /home/airflow/.local/lib/python3.7/site-packages/airflow/example_dags/example_external_task_marker_dag.py
[2022-12-07T23:47:57.620+0000] {processor.py:766} INFO - DAG(s) dict_keys(['example_external_task_marker_parent', 'example_external_task_marker_child']) retrieved from /home/airflow/.local/lib/python3.7/site-packages/airflow/example_dags/example_external_task_marker_dag.py
[2022-12-07T23:47:58.042+0000] {logging_mixin.py:137} INFO - [2022-12-07T23:47:58.041+0000] {dag.py:2585} INFO - Sync 2 DAGs
[2022-12-07T23:47:58.095+0000] {logging_mixin.py:137} INFO - [2022-12-07T23:47:58.095+0000] {dag.py:3340} INFO - Setting next_dagrun for example_external_task_marker_child to None, run_after=None
[2022-12-07T23:47:58.102+0000] {logging_mixin.py:137} INFO - [2022-12-07T23:47:58.102+0000] {dag.py:3340} INFO - Setting next_dagrun for example_external_task_marker_parent to None, run_after=None
[2022-12-07T23:47:58.134+0000] {processor.py:176} INFO - Processing /home/airflow/.local/lib/python3.7/site-packages/airflow/example_dags/example_external_task_marker_dag.py took 0.546 seconds
[2022-12-07T23:48:29.075+0000] {processor.py:154} INFO - Started process (PID=449) to work on /home/airflow/.local/lib/python3.7/site-packages/airflow/example_dags/example_external_task_marker_dag.py
[2022-12-07T23:48:29.077+0000] {processor.py:756} INFO - Processing file /home/airflow/.local/lib/python3.7/site-packages/airflow/example_dags/example_external_task_marker_dag.py for tasks to queue
[2022-12-07T23:48:29.079+0000] {logging_mixin.py:137} INFO - [2022-12-07T23:48:29.079+0000] {dagbag.py:537} INFO - Filling up the DagBag from /home/airflow/.local/lib/python3.7/site-packages/airflow/example_dags/example_external_task_marker_dag.py
[2022-12-07T23:48:29.124+0000] {processor.py:766} INFO - DAG(s) dict_keys(['example_external_task_marker_child', 'example_external_task_marker_parent']) retrieved from /home/airflow/.local/lib/python3.7/site-packages/airflow/example_dags/example_external_task_marker_dag.py
[2022-12-07T23:48:29.547+0000] {logging_mixin.py:137} INFO - [2022-12-07T23:48:29.547+0000] {dag.py:2585} INFO - Sync 2 DAGs
[2022-12-07T23:48:29.595+0000] {logging_mixin.py:137} INFO - [2022-12-07T23:48:29.595+0000] {dag.py:3340} INFO - Setting next_dagrun for example_external_task_marker_child to None, run_after=None
[2022-12-07T23:48:29.601+0000] {logging_mixin.py:137} INFO - [2022-12-07T23:48:29.601+0000] {dag.py:3340} INFO - Setting next_dagrun for example_external_task_marker_parent to None, run_after=None
[2022-12-07T23:48:29.630+0000] {processor.py:176} INFO - Processing /home/airflow/.local/lib/python3.7/site-packages/airflow/example_dags/example_external_task_marker_dag.py took 0.563 seconds
[2022-12-07T23:48:59.802+0000] {processor.py:154} INFO - Started process (PID=516) to work on /home/airflow/.local/lib/python3.7/site-packages/airflow/example_dags/example_external_task_marker_dag.py
[2022-12-07T23:48:59.803+0000] {processor.py:756} INFO - Processing file /home/airflow/.local/lib/python3.7/site-packages/airflow/example_dags/example_external_task_marker_dag.py for tasks to queue
[2022-12-07T23:48:59.804+0000] {logging_mixin.py:137} INFO - [2022-12-07T23:48:59.804+0000] {dagbag.py:537} INFO - Filling up the DagBag from /home/airflow/.local/lib/python3.7/site-packages/airflow/example_dags/example_external_task_marker_dag.py
[2022-12-07T23:48:59.820+0000] {processor.py:766} INFO - DAG(s) dict_keys(['example_external_task_marker_child', 'example_external_task_marker_parent']) retrieved from /home/airflow/.local/lib/python3.7/site-packages/airflow/example_dags/example_external_task_marker_dag.py
[2022-12-07T23:49:00.134+0000] {logging_mixin.py:137} INFO - [2022-12-07T23:49:00.134+0000] {dag.py:2585} INFO - Sync 2 DAGs
[2022-12-07T23:49:00.179+0000] {logging_mixin.py:137} INFO - [2022-12-07T23:49:00.179+0000] {dag.py:3340} INFO - Setting next_dagrun for example_external_task_marker_child to None, run_after=None
[2022-12-07T23:49:00.185+0000] {logging_mixin.py:137} INFO - [2022-12-07T23:49:00.184+0000] {dag.py:3340} INFO - Setting next_dagrun for example_external_task_marker_parent to None, run_after=None
[2022-12-07T23:49:00.212+0000] {processor.py:176} INFO - Processing /home/airflow/.local/lib/python3.7/site-packages/airflow/example_dags/example_external_task_marker_dag.py took 0.413 seconds
[2022-12-07T23:49:30.420+0000] {processor.py:154} INFO - Started process (PID=580) to work on /home/airflow/.local/lib/python3.7/site-packages/airflow/example_dags/example_external_task_marker_dag.py
[2022-12-07T23:49:30.421+0000] {processor.py:756} INFO - Processing file /home/airflow/.local/lib/python3.7/site-packages/airflow/example_dags/example_external_task_marker_dag.py for tasks to queue
[2022-12-07T23:49:30.422+0000] {logging_mixin.py:137} INFO - [2022-12-07T23:49:30.422+0000] {dagbag.py:537} INFO - Filling up the DagBag from /home/airflow/.local/lib/python3.7/site-packages/airflow/example_dags/example_external_task_marker_dag.py
[2022-12-07T23:49:30.442+0000] {processor.py:766} INFO - DAG(s) dict_keys(['example_external_task_marker_child', 'example_external_task_marker_parent']) retrieved from /home/airflow/.local/lib/python3.7/site-packages/airflow/example_dags/example_external_task_marker_dag.py
[2022-12-07T23:49:31.182+0000] {logging_mixin.py:137} INFO - [2022-12-07T23:49:31.182+0000] {dag.py:2585} INFO - Sync 2 DAGs
[2022-12-07T23:49:31.276+0000] {logging_mixin.py:137} INFO - [2022-12-07T23:49:31.268+0000] {dag.py:3340} INFO - Setting next_dagrun for example_external_task_marker_child to None, run_after=None
[2022-12-07T23:49:31.284+0000] {logging_mixin.py:137} INFO - [2022-12-07T23:49:31.283+0000] {dag.py:3340} INFO - Setting next_dagrun for example_external_task_marker_parent to None, run_after=None
[2022-12-07T23:49:31.326+0000] {processor.py:176} INFO - Processing /home/airflow/.local/lib/python3.7/site-packages/airflow/example_dags/example_external_task_marker_dag.py took 0.912 seconds
[2022-12-07T23:50:01.794+0000] {processor.py:154} INFO - Started process (PID=643) to work on /home/airflow/.local/lib/python3.7/site-packages/airflow/example_dags/example_external_task_marker_dag.py
[2022-12-07T23:50:01.796+0000] {processor.py:756} INFO - Processing file /home/airflow/.local/lib/python3.7/site-packages/airflow/example_dags/example_external_task_marker_dag.py for tasks to queue
[2022-12-07T23:50:01.797+0000] {logging_mixin.py:137} INFO - [2022-12-07T23:50:01.797+0000] {dagbag.py:537} INFO - Filling up the DagBag from /home/airflow/.local/lib/python3.7/site-packages/airflow/example_dags/example_external_task_marker_dag.py
[2022-12-07T23:50:01.820+0000] {processor.py:766} INFO - DAG(s) dict_keys(['example_external_task_marker_child', 'example_external_task_marker_parent']) retrieved from /home/airflow/.local/lib/python3.7/site-packages/airflow/example_dags/example_external_task_marker_dag.py
[2022-12-07T23:50:02.160+0000] {logging_mixin.py:137} INFO - [2022-12-07T23:50:02.160+0000] {dag.py:2585} INFO - Sync 2 DAGs
[2022-12-07T23:50:02.207+0000] {logging_mixin.py:137} INFO - [2022-12-07T23:50:02.207+0000] {dag.py:3340} INFO - Setting next_dagrun for example_external_task_marker_child to None, run_after=None
[2022-12-07T23:50:02.212+0000] {logging_mixin.py:137} INFO - [2022-12-07T23:50:02.212+0000] {dag.py:3340} INFO - Setting next_dagrun for example_external_task_marker_parent to None, run_after=None
[2022-12-07T23:50:02.251+0000] {processor.py:176} INFO - Processing /home/airflow/.local/lib/python3.7/site-packages/airflow/example_dags/example_external_task_marker_dag.py took 0.461 seconds
[2022-12-07T23:50:32.495+0000] {processor.py:154} INFO - Started process (PID=699) to work on /home/airflow/.local/lib/python3.7/site-packages/airflow/example_dags/example_external_task_marker_dag.py
[2022-12-07T23:50:32.496+0000] {processor.py:756} INFO - Processing file /home/airflow/.local/lib/python3.7/site-packages/airflow/example_dags/example_external_task_marker_dag.py for tasks to queue
[2022-12-07T23:50:32.497+0000] {logging_mixin.py:137} INFO - [2022-12-07T23:50:32.497+0000] {dagbag.py:537} INFO - Filling up the DagBag from /home/airflow/.local/lib/python3.7/site-packages/airflow/example_dags/example_external_task_marker_dag.py
[2022-12-07T23:50:32.514+0000] {processor.py:766} INFO - DAG(s) dict_keys(['example_external_task_marker_parent', 'example_external_task_marker_child']) retrieved from /home/airflow/.local/lib/python3.7/site-packages/airflow/example_dags/example_external_task_marker_dag.py
[2022-12-07T23:50:32.777+0000] {logging_mixin.py:137} INFO - [2022-12-07T23:50:32.777+0000] {dag.py:2585} INFO - Sync 2 DAGs
[2022-12-07T23:50:32.822+0000] {logging_mixin.py:137} INFO - [2022-12-07T23:50:32.821+0000] {dag.py:3340} INFO - Setting next_dagrun for example_external_task_marker_child to None, run_after=None
[2022-12-07T23:50:32.827+0000] {logging_mixin.py:137} INFO - [2022-12-07T23:50:32.826+0000] {dag.py:3340} INFO - Setting next_dagrun for example_external_task_marker_parent to None, run_after=None
[2022-12-07T23:50:32.861+0000] {processor.py:176} INFO - Processing /home/airflow/.local/lib/python3.7/site-packages/airflow/example_dags/example_external_task_marker_dag.py took 0.370 seconds
[2022-12-07T23:51:02.935+0000] {processor.py:154} INFO - Started process (PID=763) to work on /home/airflow/.local/lib/python3.7/site-packages/airflow/example_dags/example_external_task_marker_dag.py
[2022-12-07T23:51:02.936+0000] {processor.py:756} INFO - Processing file /home/airflow/.local/lib/python3.7/site-packages/airflow/example_dags/example_external_task_marker_dag.py for tasks to queue
[2022-12-07T23:51:02.938+0000] {logging_mixin.py:137} INFO - [2022-12-07T23:51:02.938+0000] {dagbag.py:537} INFO - Filling up the DagBag from /home/airflow/.local/lib/python3.7/site-packages/airflow/example_dags/example_external_task_marker_dag.py
[2022-12-07T23:51:02.958+0000] {processor.py:766} INFO - DAG(s) dict_keys(['example_external_task_marker_parent', 'example_external_task_marker_child']) retrieved from /home/airflow/.local/lib/python3.7/site-packages/airflow/example_dags/example_external_task_marker_dag.py
[2022-12-07T23:51:03.246+0000] {logging_mixin.py:137} INFO - [2022-12-07T23:51:03.246+0000] {dag.py:2585} INFO - Sync 2 DAGs
[2022-12-07T23:51:03.281+0000] {logging_mixin.py:137} INFO - [2022-12-07T23:51:03.281+0000] {dag.py:3340} INFO - Setting next_dagrun for example_external_task_marker_child to None, run_after=None
[2022-12-07T23:51:03.286+0000] {logging_mixin.py:137} INFO - [2022-12-07T23:51:03.286+0000] {dag.py:3340} INFO - Setting next_dagrun for example_external_task_marker_parent to None, run_after=None
[2022-12-07T23:51:03.312+0000] {processor.py:176} INFO - Processing /home/airflow/.local/lib/python3.7/site-packages/airflow/example_dags/example_external_task_marker_dag.py took 0.383 seconds
[2022-12-07T23:51:33.566+0000] {processor.py:154} INFO - Started process (PID=827) to work on /home/airflow/.local/lib/python3.7/site-packages/airflow/example_dags/example_external_task_marker_dag.py
[2022-12-07T23:51:33.570+0000] {processor.py:756} INFO - Processing file /home/airflow/.local/lib/python3.7/site-packages/airflow/example_dags/example_external_task_marker_dag.py for tasks to queue
[2022-12-07T23:51:33.572+0000] {logging_mixin.py:137} INFO - [2022-12-07T23:51:33.571+0000] {dagbag.py:537} INFO - Filling up the DagBag from /home/airflow/.local/lib/python3.7/site-packages/airflow/example_dags/example_external_task_marker_dag.py
[2022-12-07T23:51:33.598+0000] {processor.py:766} INFO - DAG(s) dict_keys(['example_external_task_marker_parent', 'example_external_task_marker_child']) retrieved from /home/airflow/.local/lib/python3.7/site-packages/airflow/example_dags/example_external_task_marker_dag.py
[2022-12-07T23:51:34.062+0000] {logging_mixin.py:137} INFO - [2022-12-07T23:51:34.061+0000] {dag.py:2585} INFO - Sync 2 DAGs
[2022-12-07T23:51:34.109+0000] {logging_mixin.py:137} INFO - [2022-12-07T23:51:34.109+0000] {dag.py:3340} INFO - Setting next_dagrun for example_external_task_marker_child to None, run_after=None
[2022-12-07T23:51:34.117+0000] {logging_mixin.py:137} INFO - [2022-12-07T23:51:34.116+0000] {dag.py:3340} INFO - Setting next_dagrun for example_external_task_marker_parent to None, run_after=None
[2022-12-07T23:51:34.152+0000] {processor.py:176} INFO - Processing /home/airflow/.local/lib/python3.7/site-packages/airflow/example_dags/example_external_task_marker_dag.py took 0.593 seconds
[2022-12-07T23:52:04.645+0000] {processor.py:154} INFO - Started process (PID=882) to work on /home/airflow/.local/lib/python3.7/site-packages/airflow/example_dags/example_external_task_marker_dag.py
[2022-12-07T23:52:04.646+0000] {processor.py:756} INFO - Processing file /home/airflow/.local/lib/python3.7/site-packages/airflow/example_dags/example_external_task_marker_dag.py for tasks to queue
[2022-12-07T23:52:04.648+0000] {logging_mixin.py:137} INFO - [2022-12-07T23:52:04.647+0000] {dagbag.py:537} INFO - Filling up the DagBag from /home/airflow/.local/lib/python3.7/site-packages/airflow/example_dags/example_external_task_marker_dag.py
[2022-12-07T23:52:04.666+0000] {processor.py:766} INFO - DAG(s) dict_keys(['example_external_task_marker_parent', 'example_external_task_marker_child']) retrieved from /home/airflow/.local/lib/python3.7/site-packages/airflow/example_dags/example_external_task_marker_dag.py
[2022-12-07T23:52:05.080+0000] {logging_mixin.py:137} INFO - [2022-12-07T23:52:05.079+0000] {dag.py:2585} INFO - Sync 2 DAGs
[2022-12-07T23:52:05.126+0000] {logging_mixin.py:137} INFO - [2022-12-07T23:52:05.126+0000] {dag.py:3340} INFO - Setting next_dagrun for example_external_task_marker_child to None, run_after=None
[2022-12-07T23:52:05.138+0000] {logging_mixin.py:137} INFO - [2022-12-07T23:52:05.138+0000] {dag.py:3340} INFO - Setting next_dagrun for example_external_task_marker_parent to None, run_after=None
[2022-12-07T23:52:05.172+0000] {processor.py:176} INFO - Processing /home/airflow/.local/lib/python3.7/site-packages/airflow/example_dags/example_external_task_marker_dag.py took 0.530 seconds
[2022-12-07T23:52:35.844+0000] {processor.py:154} INFO - Started process (PID=946) to work on /home/airflow/.local/lib/python3.7/site-packages/airflow/example_dags/example_external_task_marker_dag.py
[2022-12-07T23:52:35.846+0000] {processor.py:756} INFO - Processing file /home/airflow/.local/lib/python3.7/site-packages/airflow/example_dags/example_external_task_marker_dag.py for tasks to queue
[2022-12-07T23:52:35.848+0000] {logging_mixin.py:137} INFO - [2022-12-07T23:52:35.848+0000] {dagbag.py:537} INFO - Filling up the DagBag from /home/airflow/.local/lib/python3.7/site-packages/airflow/example_dags/example_external_task_marker_dag.py
[2022-12-07T23:52:35.880+0000] {processor.py:766} INFO - DAG(s) dict_keys(['example_external_task_marker_parent', 'example_external_task_marker_child']) retrieved from /home/airflow/.local/lib/python3.7/site-packages/airflow/example_dags/example_external_task_marker_dag.py
[2022-12-07T23:52:36.385+0000] {logging_mixin.py:137} INFO - [2022-12-07T23:52:36.385+0000] {dag.py:2585} INFO - Sync 2 DAGs
[2022-12-07T23:52:36.456+0000] {logging_mixin.py:137} INFO - [2022-12-07T23:52:36.454+0000] {dag.py:3340} INFO - Setting next_dagrun for example_external_task_marker_child to None, run_after=None
[2022-12-07T23:52:36.471+0000] {logging_mixin.py:137} INFO - [2022-12-07T23:52:36.470+0000] {dag.py:3340} INFO - Setting next_dagrun for example_external_task_marker_parent to None, run_after=None
[2022-12-07T23:52:36.515+0000] {processor.py:176} INFO - Processing /home/airflow/.local/lib/python3.7/site-packages/airflow/example_dags/example_external_task_marker_dag.py took 0.676 seconds
[2022-12-07T23:53:06.802+0000] {processor.py:154} INFO - Started process (PID=1006) to work on /home/airflow/.local/lib/python3.7/site-packages/airflow/example_dags/example_external_task_marker_dag.py
[2022-12-07T23:53:06.803+0000] {processor.py:756} INFO - Processing file /home/airflow/.local/lib/python3.7/site-packages/airflow/example_dags/example_external_task_marker_dag.py for tasks to queue
[2022-12-07T23:53:06.804+0000] {logging_mixin.py:137} INFO - [2022-12-07T23:53:06.804+0000] {dagbag.py:537} INFO - Filling up the DagBag from /home/airflow/.local/lib/python3.7/site-packages/airflow/example_dags/example_external_task_marker_dag.py
[2022-12-07T23:53:06.821+0000] {processor.py:766} INFO - DAG(s) dict_keys(['example_external_task_marker_child', 'example_external_task_marker_parent']) retrieved from /home/airflow/.local/lib/python3.7/site-packages/airflow/example_dags/example_external_task_marker_dag.py
[2022-12-07T23:53:07.086+0000] {logging_mixin.py:137} INFO - [2022-12-07T23:53:07.086+0000] {dag.py:2585} INFO - Sync 2 DAGs
[2022-12-07T23:53:07.122+0000] {logging_mixin.py:137} INFO - [2022-12-07T23:53:07.122+0000] {dag.py:3340} INFO - Setting next_dagrun for example_external_task_marker_child to None, run_after=None
[2022-12-07T23:53:07.127+0000] {logging_mixin.py:137} INFO - [2022-12-07T23:53:07.126+0000] {dag.py:3340} INFO - Setting next_dagrun for example_external_task_marker_parent to None, run_after=None
[2022-12-07T23:53:07.164+0000] {processor.py:176} INFO - Processing /home/airflow/.local/lib/python3.7/site-packages/airflow/example_dags/example_external_task_marker_dag.py took 0.366 seconds
[2022-12-07T23:53:37.414+0000] {processor.py:154} INFO - Started process (PID=1070) to work on /home/airflow/.local/lib/python3.7/site-packages/airflow/example_dags/example_external_task_marker_dag.py
[2022-12-07T23:53:37.417+0000] {processor.py:756} INFO - Processing file /home/airflow/.local/lib/python3.7/site-packages/airflow/example_dags/example_external_task_marker_dag.py for tasks to queue
[2022-12-07T23:53:37.419+0000] {logging_mixin.py:137} INFO - [2022-12-07T23:53:37.418+0000] {dagbag.py:537} INFO - Filling up the DagBag from /home/airflow/.local/lib/python3.7/site-packages/airflow/example_dags/example_external_task_marker_dag.py
[2022-12-07T23:53:37.449+0000] {processor.py:766} INFO - DAG(s) dict_keys(['example_external_task_marker_parent', 'example_external_task_marker_child']) retrieved from /home/airflow/.local/lib/python3.7/site-packages/airflow/example_dags/example_external_task_marker_dag.py
[2022-12-07T23:53:37.853+0000] {logging_mixin.py:137} INFO - [2022-12-07T23:53:37.853+0000] {dag.py:2585} INFO - Sync 2 DAGs
[2022-12-07T23:53:37.895+0000] {logging_mixin.py:137} INFO - [2022-12-07T23:53:37.895+0000] {dag.py:3340} INFO - Setting next_dagrun for example_external_task_marker_child to None, run_after=None
[2022-12-07T23:53:37.902+0000] {logging_mixin.py:137} INFO - [2022-12-07T23:53:37.901+0000] {dag.py:3340} INFO - Setting next_dagrun for example_external_task_marker_parent to None, run_after=None
[2022-12-07T23:53:37.929+0000] {processor.py:176} INFO - Processing /home/airflow/.local/lib/python3.7/site-packages/airflow/example_dags/example_external_task_marker_dag.py took 0.524 seconds
[2022-12-07T23:54:08.546+0000] {processor.py:154} INFO - Started process (PID=1131) to work on /home/airflow/.local/lib/python3.7/site-packages/airflow/example_dags/example_external_task_marker_dag.py
[2022-12-07T23:54:08.548+0000] {processor.py:756} INFO - Processing file /home/airflow/.local/lib/python3.7/site-packages/airflow/example_dags/example_external_task_marker_dag.py for tasks to queue
[2022-12-07T23:54:08.554+0000] {logging_mixin.py:137} INFO - [2022-12-07T23:54:08.550+0000] {dagbag.py:537} INFO - Filling up the DagBag from /home/airflow/.local/lib/python3.7/site-packages/airflow/example_dags/example_external_task_marker_dag.py
[2022-12-07T23:54:08.590+0000] {processor.py:766} INFO - DAG(s) dict_keys(['example_external_task_marker_child', 'example_external_task_marker_parent']) retrieved from /home/airflow/.local/lib/python3.7/site-packages/airflow/example_dags/example_external_task_marker_dag.py
[2022-12-07T23:54:09.229+0000] {logging_mixin.py:137} INFO - [2022-12-07T23:54:09.228+0000] {dag.py:2585} INFO - Sync 2 DAGs
[2022-12-07T23:54:09.292+0000] {logging_mixin.py:137} INFO - [2022-12-07T23:54:09.292+0000] {dag.py:3340} INFO - Setting next_dagrun for example_external_task_marker_child to None, run_after=None
[2022-12-07T23:54:09.300+0000] {logging_mixin.py:137} INFO - [2022-12-07T23:54:09.299+0000] {dag.py:3340} INFO - Setting next_dagrun for example_external_task_marker_parent to None, run_after=None
[2022-12-07T23:54:09.342+0000] {processor.py:176} INFO - Processing /home/airflow/.local/lib/python3.7/site-packages/airflow/example_dags/example_external_task_marker_dag.py took 0.801 seconds
[2022-12-07T23:54:39.873+0000] {processor.py:154} INFO - Started process (PID=1195) to work on /home/airflow/.local/lib/python3.7/site-packages/airflow/example_dags/example_external_task_marker_dag.py
[2022-12-07T23:54:39.874+0000] {processor.py:756} INFO - Processing file /home/airflow/.local/lib/python3.7/site-packages/airflow/example_dags/example_external_task_marker_dag.py for tasks to queue
[2022-12-07T23:54:39.875+0000] {logging_mixin.py:137} INFO - [2022-12-07T23:54:39.875+0000] {dagbag.py:537} INFO - Filling up the DagBag from /home/airflow/.local/lib/python3.7/site-packages/airflow/example_dags/example_external_task_marker_dag.py
[2022-12-07T23:54:39.891+0000] {processor.py:766} INFO - DAG(s) dict_keys(['example_external_task_marker_parent', 'example_external_task_marker_child']) retrieved from /home/airflow/.local/lib/python3.7/site-packages/airflow/example_dags/example_external_task_marker_dag.py
[2022-12-07T23:54:40.161+0000] {logging_mixin.py:137} INFO - [2022-12-07T23:54:40.161+0000] {dag.py:2585} INFO - Sync 2 DAGs
[2022-12-07T23:54:40.197+0000] {logging_mixin.py:137} INFO - [2022-12-07T23:54:40.197+0000] {dag.py:3340} INFO - Setting next_dagrun for example_external_task_marker_child to None, run_after=None
[2022-12-07T23:54:40.202+0000] {logging_mixin.py:137} INFO - [2022-12-07T23:54:40.201+0000] {dag.py:3340} INFO - Setting next_dagrun for example_external_task_marker_parent to None, run_after=None
[2022-12-07T23:54:40.225+0000] {processor.py:176} INFO - Processing /home/airflow/.local/lib/python3.7/site-packages/airflow/example_dags/example_external_task_marker_dag.py took 0.356 seconds
