[2022-12-07T22:25:13.388+0000] {processor.py:154} INFO - Started process (PID=72) to work on /home/airflow/.local/lib/python3.7/site-packages/airflow/example_dags/tutorial_taskflow_api.py
[2022-12-07T22:25:13.391+0000] {processor.py:756} INFO - Processing file /home/airflow/.local/lib/python3.7/site-packages/airflow/example_dags/tutorial_taskflow_api.py for tasks to queue
[2022-12-07T22:25:13.397+0000] {logging_mixin.py:137} INFO - [2022-12-07T22:25:13.396+0000] {dagbag.py:537} INFO - Filling up the DagBag from /home/airflow/.local/lib/python3.7/site-packages/airflow/example_dags/tutorial_taskflow_api.py
[2022-12-07T22:25:13.474+0000] {processor.py:766} INFO - DAG(s) dict_keys(['tutorial_taskflow_api']) retrieved from /home/airflow/.local/lib/python3.7/site-packages/airflow/example_dags/tutorial_taskflow_api.py
[2022-12-07T22:25:13.669+0000] {logging_mixin.py:137} INFO - [2022-12-07T22:25:13.669+0000] {dag.py:2585} INFO - Sync 1 DAGs
[2022-12-07T22:25:13.831+0000] {logging_mixin.py:137} INFO - [2022-12-07T22:25:13.831+0000] {dag.py:3340} INFO - Setting next_dagrun for tutorial_taskflow_api to None, run_after=None
[2022-12-07T22:25:13.990+0000] {processor.py:176} INFO - Processing /home/airflow/.local/lib/python3.7/site-packages/airflow/example_dags/tutorial_taskflow_api.py took 0.611 seconds
[2022-12-07T22:25:44.814+0000] {processor.py:154} INFO - Started process (PID=129) to work on /home/airflow/.local/lib/python3.7/site-packages/airflow/example_dags/tutorial_taskflow_api.py
[2022-12-07T22:25:44.816+0000] {processor.py:756} INFO - Processing file /home/airflow/.local/lib/python3.7/site-packages/airflow/example_dags/tutorial_taskflow_api.py for tasks to queue
[2022-12-07T22:25:44.817+0000] {logging_mixin.py:137} INFO - [2022-12-07T22:25:44.817+0000] {dagbag.py:537} INFO - Filling up the DagBag from /home/airflow/.local/lib/python3.7/site-packages/airflow/example_dags/tutorial_taskflow_api.py
[2022-12-07T22:25:44.858+0000] {processor.py:766} INFO - DAG(s) dict_keys(['tutorial_taskflow_api']) retrieved from /home/airflow/.local/lib/python3.7/site-packages/airflow/example_dags/tutorial_taskflow_api.py
[2022-12-07T22:25:45.026+0000] {logging_mixin.py:137} INFO - [2022-12-07T22:25:45.026+0000] {dag.py:2585} INFO - Sync 1 DAGs
[2022-12-07T22:25:45.070+0000] {logging_mixin.py:137} INFO - [2022-12-07T22:25:45.070+0000] {dag.py:3340} INFO - Setting next_dagrun for tutorial_taskflow_api to None, run_after=None
[2022-12-07T22:25:45.094+0000] {processor.py:176} INFO - Processing /home/airflow/.local/lib/python3.7/site-packages/airflow/example_dags/tutorial_taskflow_api.py took 0.286 seconds
[2022-12-07T22:26:15.456+0000] {processor.py:154} INFO - Started process (PID=185) to work on /home/airflow/.local/lib/python3.7/site-packages/airflow/example_dags/tutorial_taskflow_api.py
[2022-12-07T22:26:15.458+0000] {processor.py:756} INFO - Processing file /home/airflow/.local/lib/python3.7/site-packages/airflow/example_dags/tutorial_taskflow_api.py for tasks to queue
[2022-12-07T22:26:15.459+0000] {logging_mixin.py:137} INFO - [2022-12-07T22:26:15.459+0000] {dagbag.py:537} INFO - Filling up the DagBag from /home/airflow/.local/lib/python3.7/site-packages/airflow/example_dags/tutorial_taskflow_api.py
[2022-12-07T22:26:15.505+0000] {processor.py:766} INFO - DAG(s) dict_keys(['tutorial_taskflow_api']) retrieved from /home/airflow/.local/lib/python3.7/site-packages/airflow/example_dags/tutorial_taskflow_api.py
[2022-12-07T22:26:15.561+0000] {logging_mixin.py:137} INFO - [2022-12-07T22:26:15.561+0000] {dag.py:2585} INFO - Sync 1 DAGs
[2022-12-07T22:26:15.596+0000] {logging_mixin.py:137} INFO - [2022-12-07T22:26:15.596+0000] {dag.py:3340} INFO - Setting next_dagrun for tutorial_taskflow_api to None, run_after=None
[2022-12-07T22:26:15.623+0000] {processor.py:176} INFO - Processing /home/airflow/.local/lib/python3.7/site-packages/airflow/example_dags/tutorial_taskflow_api.py took 0.173 seconds
[2022-12-07T22:26:45.968+0000] {processor.py:154} INFO - Started process (PID=249) to work on /home/airflow/.local/lib/python3.7/site-packages/airflow/example_dags/tutorial_taskflow_api.py
[2022-12-07T22:26:45.969+0000] {processor.py:756} INFO - Processing file /home/airflow/.local/lib/python3.7/site-packages/airflow/example_dags/tutorial_taskflow_api.py for tasks to queue
[2022-12-07T22:26:45.970+0000] {logging_mixin.py:137} INFO - [2022-12-07T22:26:45.970+0000] {dagbag.py:537} INFO - Filling up the DagBag from /home/airflow/.local/lib/python3.7/site-packages/airflow/example_dags/tutorial_taskflow_api.py
[2022-12-07T22:26:46.004+0000] {processor.py:766} INFO - DAG(s) dict_keys(['tutorial_taskflow_api']) retrieved from /home/airflow/.local/lib/python3.7/site-packages/airflow/example_dags/tutorial_taskflow_api.py
[2022-12-07T22:26:46.067+0000] {logging_mixin.py:137} INFO - [2022-12-07T22:26:46.067+0000] {dag.py:2585} INFO - Sync 1 DAGs
[2022-12-07T22:26:46.103+0000] {logging_mixin.py:137} INFO - [2022-12-07T22:26:46.103+0000] {dag.py:3340} INFO - Setting next_dagrun for tutorial_taskflow_api to None, run_after=None
[2022-12-07T22:26:46.131+0000] {processor.py:176} INFO - Processing /home/airflow/.local/lib/python3.7/site-packages/airflow/example_dags/tutorial_taskflow_api.py took 0.167 seconds
[2022-12-07T22:27:16.182+0000] {processor.py:154} INFO - Started process (PID=304) to work on /home/airflow/.local/lib/python3.7/site-packages/airflow/example_dags/tutorial_taskflow_api.py
[2022-12-07T22:27:16.183+0000] {processor.py:756} INFO - Processing file /home/airflow/.local/lib/python3.7/site-packages/airflow/example_dags/tutorial_taskflow_api.py for tasks to queue
[2022-12-07T22:27:16.185+0000] {logging_mixin.py:137} INFO - [2022-12-07T22:27:16.185+0000] {dagbag.py:537} INFO - Filling up the DagBag from /home/airflow/.local/lib/python3.7/site-packages/airflow/example_dags/tutorial_taskflow_api.py
[2022-12-07T22:27:16.218+0000] {processor.py:766} INFO - DAG(s) dict_keys(['tutorial_taskflow_api']) retrieved from /home/airflow/.local/lib/python3.7/site-packages/airflow/example_dags/tutorial_taskflow_api.py
[2022-12-07T22:27:16.280+0000] {logging_mixin.py:137} INFO - [2022-12-07T22:27:16.280+0000] {dag.py:2585} INFO - Sync 1 DAGs
[2022-12-07T22:27:16.344+0000] {logging_mixin.py:137} INFO - [2022-12-07T22:27:16.344+0000] {dag.py:3340} INFO - Setting next_dagrun for tutorial_taskflow_api to None, run_after=None
[2022-12-07T22:27:16.376+0000] {processor.py:176} INFO - Processing /home/airflow/.local/lib/python3.7/site-packages/airflow/example_dags/tutorial_taskflow_api.py took 0.199 seconds
[2022-12-07T22:27:47.266+0000] {processor.py:154} INFO - Started process (PID=369) to work on /home/airflow/.local/lib/python3.7/site-packages/airflow/example_dags/tutorial_taskflow_api.py
[2022-12-07T22:27:47.274+0000] {processor.py:756} INFO - Processing file /home/airflow/.local/lib/python3.7/site-packages/airflow/example_dags/tutorial_taskflow_api.py for tasks to queue
[2022-12-07T22:27:47.278+0000] {logging_mixin.py:137} INFO - [2022-12-07T22:27:47.278+0000] {dagbag.py:537} INFO - Filling up the DagBag from /home/airflow/.local/lib/python3.7/site-packages/airflow/example_dags/tutorial_taskflow_api.py
[2022-12-07T22:27:47.370+0000] {processor.py:766} INFO - DAG(s) dict_keys(['tutorial_taskflow_api']) retrieved from /home/airflow/.local/lib/python3.7/site-packages/airflow/example_dags/tutorial_taskflow_api.py
[2022-12-07T22:27:47.525+0000] {logging_mixin.py:137} INFO - [2022-12-07T22:27:47.525+0000] {dag.py:2585} INFO - Sync 1 DAGs
[2022-12-07T22:27:47.598+0000] {logging_mixin.py:137} INFO - [2022-12-07T22:27:47.598+0000] {dag.py:3340} INFO - Setting next_dagrun for tutorial_taskflow_api to None, run_after=None
[2022-12-07T22:27:47.642+0000] {processor.py:176} INFO - Processing /home/airflow/.local/lib/python3.7/site-packages/airflow/example_dags/tutorial_taskflow_api.py took 0.382 seconds
[2022-12-07T22:28:17.705+0000] {processor.py:154} INFO - Started process (PID=424) to work on /home/airflow/.local/lib/python3.7/site-packages/airflow/example_dags/tutorial_taskflow_api.py
[2022-12-07T22:28:17.707+0000] {processor.py:756} INFO - Processing file /home/airflow/.local/lib/python3.7/site-packages/airflow/example_dags/tutorial_taskflow_api.py for tasks to queue
[2022-12-07T22:28:17.708+0000] {logging_mixin.py:137} INFO - [2022-12-07T22:28:17.708+0000] {dagbag.py:537} INFO - Filling up the DagBag from /home/airflow/.local/lib/python3.7/site-packages/airflow/example_dags/tutorial_taskflow_api.py
[2022-12-07T22:28:17.734+0000] {processor.py:766} INFO - DAG(s) dict_keys(['tutorial_taskflow_api']) retrieved from /home/airflow/.local/lib/python3.7/site-packages/airflow/example_dags/tutorial_taskflow_api.py
[2022-12-07T22:28:17.784+0000] {logging_mixin.py:137} INFO - [2022-12-07T22:28:17.784+0000] {dag.py:2585} INFO - Sync 1 DAGs
[2022-12-07T22:28:17.820+0000] {logging_mixin.py:137} INFO - [2022-12-07T22:28:17.819+0000] {dag.py:3340} INFO - Setting next_dagrun for tutorial_taskflow_api to None, run_after=None
[2022-12-07T22:28:17.846+0000] {processor.py:176} INFO - Processing /home/airflow/.local/lib/python3.7/site-packages/airflow/example_dags/tutorial_taskflow_api.py took 0.144 seconds
[2022-12-07T22:28:48.030+0000] {processor.py:154} INFO - Started process (PID=488) to work on /home/airflow/.local/lib/python3.7/site-packages/airflow/example_dags/tutorial_taskflow_api.py
[2022-12-07T22:28:48.031+0000] {processor.py:756} INFO - Processing file /home/airflow/.local/lib/python3.7/site-packages/airflow/example_dags/tutorial_taskflow_api.py for tasks to queue
[2022-12-07T22:28:48.033+0000] {logging_mixin.py:137} INFO - [2022-12-07T22:28:48.033+0000] {dagbag.py:537} INFO - Filling up the DagBag from /home/airflow/.local/lib/python3.7/site-packages/airflow/example_dags/tutorial_taskflow_api.py
[2022-12-07T22:28:48.067+0000] {processor.py:766} INFO - DAG(s) dict_keys(['tutorial_taskflow_api']) retrieved from /home/airflow/.local/lib/python3.7/site-packages/airflow/example_dags/tutorial_taskflow_api.py
[2022-12-07T22:28:48.119+0000] {logging_mixin.py:137} INFO - [2022-12-07T22:28:48.118+0000] {dag.py:2585} INFO - Sync 1 DAGs
[2022-12-07T22:28:48.156+0000] {logging_mixin.py:137} INFO - [2022-12-07T22:28:48.156+0000] {dag.py:3340} INFO - Setting next_dagrun for tutorial_taskflow_api to None, run_after=None
[2022-12-07T22:28:48.194+0000] {processor.py:176} INFO - Processing /home/airflow/.local/lib/python3.7/site-packages/airflow/example_dags/tutorial_taskflow_api.py took 0.168 seconds
[2022-12-07T22:29:18.579+0000] {processor.py:154} INFO - Started process (PID=543) to work on /home/airflow/.local/lib/python3.7/site-packages/airflow/example_dags/tutorial_taskflow_api.py
[2022-12-07T22:29:18.580+0000] {processor.py:756} INFO - Processing file /home/airflow/.local/lib/python3.7/site-packages/airflow/example_dags/tutorial_taskflow_api.py for tasks to queue
[2022-12-07T22:29:18.581+0000] {logging_mixin.py:137} INFO - [2022-12-07T22:29:18.581+0000] {dagbag.py:537} INFO - Filling up the DagBag from /home/airflow/.local/lib/python3.7/site-packages/airflow/example_dags/tutorial_taskflow_api.py
[2022-12-07T22:29:18.605+0000] {processor.py:766} INFO - DAG(s) dict_keys(['tutorial_taskflow_api']) retrieved from /home/airflow/.local/lib/python3.7/site-packages/airflow/example_dags/tutorial_taskflow_api.py
[2022-12-07T22:29:18.656+0000] {logging_mixin.py:137} INFO - [2022-12-07T22:29:18.656+0000] {dag.py:2585} INFO - Sync 1 DAGs
[2022-12-07T22:29:18.686+0000] {logging_mixin.py:137} INFO - [2022-12-07T22:29:18.685+0000] {dag.py:3340} INFO - Setting next_dagrun for tutorial_taskflow_api to None, run_after=None
[2022-12-07T22:29:18.720+0000] {processor.py:176} INFO - Processing /home/airflow/.local/lib/python3.7/site-packages/airflow/example_dags/tutorial_taskflow_api.py took 0.144 seconds
[2022-12-07T22:29:49.482+0000] {processor.py:154} INFO - Started process (PID=607) to work on /home/airflow/.local/lib/python3.7/site-packages/airflow/example_dags/tutorial_taskflow_api.py
[2022-12-07T22:29:49.483+0000] {processor.py:756} INFO - Processing file /home/airflow/.local/lib/python3.7/site-packages/airflow/example_dags/tutorial_taskflow_api.py for tasks to queue
[2022-12-07T22:29:49.485+0000] {logging_mixin.py:137} INFO - [2022-12-07T22:29:49.484+0000] {dagbag.py:537} INFO - Filling up the DagBag from /home/airflow/.local/lib/python3.7/site-packages/airflow/example_dags/tutorial_taskflow_api.py
[2022-12-07T22:29:49.510+0000] {processor.py:766} INFO - DAG(s) dict_keys(['tutorial_taskflow_api']) retrieved from /home/airflow/.local/lib/python3.7/site-packages/airflow/example_dags/tutorial_taskflow_api.py
[2022-12-07T22:29:49.559+0000] {logging_mixin.py:137} INFO - [2022-12-07T22:29:49.559+0000] {dag.py:2585} INFO - Sync 1 DAGs
[2022-12-07T22:29:49.595+0000] {logging_mixin.py:137} INFO - [2022-12-07T22:29:49.595+0000] {dag.py:3340} INFO - Setting next_dagrun for tutorial_taskflow_api to None, run_after=None
[2022-12-07T22:29:49.627+0000] {processor.py:176} INFO - Processing /home/airflow/.local/lib/python3.7/site-packages/airflow/example_dags/tutorial_taskflow_api.py took 0.148 seconds
[2022-12-07T22:30:19.686+0000] {processor.py:154} INFO - Started process (PID=662) to work on /home/airflow/.local/lib/python3.7/site-packages/airflow/example_dags/tutorial_taskflow_api.py
[2022-12-07T22:30:19.687+0000] {processor.py:756} INFO - Processing file /home/airflow/.local/lib/python3.7/site-packages/airflow/example_dags/tutorial_taskflow_api.py for tasks to queue
[2022-12-07T22:30:19.689+0000] {logging_mixin.py:137} INFO - [2022-12-07T22:30:19.688+0000] {dagbag.py:537} INFO - Filling up the DagBag from /home/airflow/.local/lib/python3.7/site-packages/airflow/example_dags/tutorial_taskflow_api.py
[2022-12-07T22:30:19.715+0000] {processor.py:766} INFO - DAG(s) dict_keys(['tutorial_taskflow_api']) retrieved from /home/airflow/.local/lib/python3.7/site-packages/airflow/example_dags/tutorial_taskflow_api.py
[2022-12-07T22:30:19.764+0000] {logging_mixin.py:137} INFO - [2022-12-07T22:30:19.764+0000] {dag.py:2585} INFO - Sync 1 DAGs
[2022-12-07T22:30:19.799+0000] {logging_mixin.py:137} INFO - [2022-12-07T22:30:19.799+0000] {dag.py:3340} INFO - Setting next_dagrun for tutorial_taskflow_api to None, run_after=None
[2022-12-07T22:30:19.826+0000] {processor.py:176} INFO - Processing /home/airflow/.local/lib/python3.7/site-packages/airflow/example_dags/tutorial_taskflow_api.py took 0.144 seconds
[2022-12-07T22:30:50.091+0000] {processor.py:154} INFO - Started process (PID=726) to work on /home/airflow/.local/lib/python3.7/site-packages/airflow/example_dags/tutorial_taskflow_api.py
[2022-12-07T22:30:50.093+0000] {processor.py:756} INFO - Processing file /home/airflow/.local/lib/python3.7/site-packages/airflow/example_dags/tutorial_taskflow_api.py for tasks to queue
[2022-12-07T22:30:50.094+0000] {logging_mixin.py:137} INFO - [2022-12-07T22:30:50.094+0000] {dagbag.py:537} INFO - Filling up the DagBag from /home/airflow/.local/lib/python3.7/site-packages/airflow/example_dags/tutorial_taskflow_api.py
[2022-12-07T22:30:50.124+0000] {processor.py:766} INFO - DAG(s) dict_keys(['tutorial_taskflow_api']) retrieved from /home/airflow/.local/lib/python3.7/site-packages/airflow/example_dags/tutorial_taskflow_api.py
[2022-12-07T22:30:50.178+0000] {logging_mixin.py:137} INFO - [2022-12-07T22:30:50.178+0000] {dag.py:2585} INFO - Sync 1 DAGs
[2022-12-07T22:30:50.220+0000] {logging_mixin.py:137} INFO - [2022-12-07T22:30:50.220+0000] {dag.py:3340} INFO - Setting next_dagrun for tutorial_taskflow_api to None, run_after=None
[2022-12-07T22:30:50.252+0000] {processor.py:176} INFO - Processing /home/airflow/.local/lib/python3.7/site-packages/airflow/example_dags/tutorial_taskflow_api.py took 0.166 seconds
[2022-12-07T22:31:20.348+0000] {processor.py:154} INFO - Started process (PID=781) to work on /home/airflow/.local/lib/python3.7/site-packages/airflow/example_dags/tutorial_taskflow_api.py
[2022-12-07T22:31:20.350+0000] {processor.py:756} INFO - Processing file /home/airflow/.local/lib/python3.7/site-packages/airflow/example_dags/tutorial_taskflow_api.py for tasks to queue
[2022-12-07T22:31:20.356+0000] {logging_mixin.py:137} INFO - [2022-12-07T22:31:20.355+0000] {dagbag.py:537} INFO - Filling up the DagBag from /home/airflow/.local/lib/python3.7/site-packages/airflow/example_dags/tutorial_taskflow_api.py
[2022-12-07T22:31:20.384+0000] {processor.py:766} INFO - DAG(s) dict_keys(['tutorial_taskflow_api']) retrieved from /home/airflow/.local/lib/python3.7/site-packages/airflow/example_dags/tutorial_taskflow_api.py
[2022-12-07T22:31:20.433+0000] {logging_mixin.py:137} INFO - [2022-12-07T22:31:20.433+0000] {dag.py:2585} INFO - Sync 1 DAGs
[2022-12-07T22:31:20.461+0000] {logging_mixin.py:137} INFO - [2022-12-07T22:31:20.461+0000] {dag.py:3340} INFO - Setting next_dagrun for tutorial_taskflow_api to None, run_after=None
[2022-12-07T22:31:20.487+0000] {processor.py:176} INFO - Processing /home/airflow/.local/lib/python3.7/site-packages/airflow/example_dags/tutorial_taskflow_api.py took 0.143 seconds
[2022-12-07T22:31:50.619+0000] {processor.py:154} INFO - Started process (PID=846) to work on /home/airflow/.local/lib/python3.7/site-packages/airflow/example_dags/tutorial_taskflow_api.py
[2022-12-07T22:31:50.620+0000] {processor.py:756} INFO - Processing file /home/airflow/.local/lib/python3.7/site-packages/airflow/example_dags/tutorial_taskflow_api.py for tasks to queue
[2022-12-07T22:31:50.621+0000] {logging_mixin.py:137} INFO - [2022-12-07T22:31:50.621+0000] {dagbag.py:537} INFO - Filling up the DagBag from /home/airflow/.local/lib/python3.7/site-packages/airflow/example_dags/tutorial_taskflow_api.py
[2022-12-07T22:31:50.644+0000] {processor.py:766} INFO - DAG(s) dict_keys(['tutorial_taskflow_api']) retrieved from /home/airflow/.local/lib/python3.7/site-packages/airflow/example_dags/tutorial_taskflow_api.py
[2022-12-07T22:31:50.695+0000] {logging_mixin.py:137} INFO - [2022-12-07T22:31:50.694+0000] {dag.py:2585} INFO - Sync 1 DAGs
[2022-12-07T22:31:50.725+0000] {logging_mixin.py:137} INFO - [2022-12-07T22:31:50.725+0000] {dag.py:3340} INFO - Setting next_dagrun for tutorial_taskflow_api to None, run_after=None
[2022-12-07T22:31:50.751+0000] {processor.py:176} INFO - Processing /home/airflow/.local/lib/python3.7/site-packages/airflow/example_dags/tutorial_taskflow_api.py took 0.136 seconds
[2022-12-07T22:32:21.738+0000] {processor.py:154} INFO - Started process (PID=910) to work on /home/airflow/.local/lib/python3.7/site-packages/airflow/example_dags/tutorial_taskflow_api.py
[2022-12-07T22:32:21.739+0000] {processor.py:756} INFO - Processing file /home/airflow/.local/lib/python3.7/site-packages/airflow/example_dags/tutorial_taskflow_api.py for tasks to queue
[2022-12-07T22:32:21.740+0000] {logging_mixin.py:137} INFO - [2022-12-07T22:32:21.740+0000] {dagbag.py:537} INFO - Filling up the DagBag from /home/airflow/.local/lib/python3.7/site-packages/airflow/example_dags/tutorial_taskflow_api.py
[2022-12-07T22:32:21.769+0000] {processor.py:766} INFO - DAG(s) dict_keys(['tutorial_taskflow_api']) retrieved from /home/airflow/.local/lib/python3.7/site-packages/airflow/example_dags/tutorial_taskflow_api.py
[2022-12-07T22:32:21.819+0000] {logging_mixin.py:137} INFO - [2022-12-07T22:32:21.819+0000] {dag.py:2585} INFO - Sync 1 DAGs
[2022-12-07T22:32:21.854+0000] {logging_mixin.py:137} INFO - [2022-12-07T22:32:21.854+0000] {dag.py:3340} INFO - Setting next_dagrun for tutorial_taskflow_api to None, run_after=None
[2022-12-07T22:32:21.880+0000] {processor.py:176} INFO - Processing /home/airflow/.local/lib/python3.7/site-packages/airflow/example_dags/tutorial_taskflow_api.py took 0.146 seconds
