[2022-12-07T21:19:30.378+0000] {processor.py:154} INFO - Started process (PID=28176) to work on /home/airflow/.local/lib/python3.7/site-packages/airflow/example_dags/tutorial_dag.py
[2022-12-07T21:19:30.380+0000] {processor.py:756} INFO - Processing file /home/airflow/.local/lib/python3.7/site-packages/airflow/example_dags/tutorial_dag.py for tasks to queue
[2022-12-07T21:19:30.381+0000] {logging_mixin.py:137} INFO - [2022-12-07T21:19:30.381+0000] {dagbag.py:537} INFO - Filling up the DagBag from /home/airflow/.local/lib/python3.7/site-packages/airflow/example_dags/tutorial_dag.py
[2022-12-07T21:19:30.410+0000] {processor.py:766} INFO - DAG(s) dict_keys(['tutorial_dag']) retrieved from /home/airflow/.local/lib/python3.7/site-packages/airflow/example_dags/tutorial_dag.py
[2022-12-07T21:19:30.488+0000] {logging_mixin.py:137} INFO - [2022-12-07T21:19:30.487+0000] {dag.py:2585} INFO - Sync 1 DAGs
[2022-12-07T21:19:30.752+0000] {logging_mixin.py:137} INFO - [2022-12-07T21:19:30.751+0000] {dag.py:3340} INFO - Setting next_dagrun for tutorial_dag to None, run_after=None
[2022-12-07T21:19:30.793+0000] {processor.py:176} INFO - Processing /home/airflow/.local/lib/python3.7/site-packages/airflow/example_dags/tutorial_dag.py took 0.423 seconds
[2022-12-07T21:20:01.029+0000] {processor.py:154} INFO - Started process (PID=28240) to work on /home/airflow/.local/lib/python3.7/site-packages/airflow/example_dags/tutorial_dag.py
[2022-12-07T21:20:01.032+0000] {processor.py:756} INFO - Processing file /home/airflow/.local/lib/python3.7/site-packages/airflow/example_dags/tutorial_dag.py for tasks to queue
[2022-12-07T21:20:01.034+0000] {logging_mixin.py:137} INFO - [2022-12-07T21:20:01.034+0000] {dagbag.py:537} INFO - Filling up the DagBag from /home/airflow/.local/lib/python3.7/site-packages/airflow/example_dags/tutorial_dag.py
[2022-12-07T21:20:01.070+0000] {processor.py:766} INFO - DAG(s) dict_keys(['tutorial_dag']) retrieved from /home/airflow/.local/lib/python3.7/site-packages/airflow/example_dags/tutorial_dag.py
[2022-12-07T21:20:01.151+0000] {logging_mixin.py:137} INFO - [2022-12-07T21:20:01.151+0000] {dag.py:2585} INFO - Sync 1 DAGs
[2022-12-07T21:20:01.248+0000] {logging_mixin.py:137} INFO - [2022-12-07T21:20:01.248+0000] {dag.py:3340} INFO - Setting next_dagrun for tutorial_dag to None, run_after=None
[2022-12-07T21:20:01.341+0000] {processor.py:176} INFO - Processing /home/airflow/.local/lib/python3.7/site-packages/airflow/example_dags/tutorial_dag.py took 0.319 seconds
[2022-12-07T21:20:32.048+0000] {processor.py:154} INFO - Started process (PID=28299) to work on /home/airflow/.local/lib/python3.7/site-packages/airflow/example_dags/tutorial_dag.py
[2022-12-07T21:20:32.051+0000] {processor.py:756} INFO - Processing file /home/airflow/.local/lib/python3.7/site-packages/airflow/example_dags/tutorial_dag.py for tasks to queue
[2022-12-07T21:20:32.055+0000] {logging_mixin.py:137} INFO - [2022-12-07T21:20:32.054+0000] {dagbag.py:537} INFO - Filling up the DagBag from /home/airflow/.local/lib/python3.7/site-packages/airflow/example_dags/tutorial_dag.py
[2022-12-07T21:20:32.100+0000] {processor.py:766} INFO - DAG(s) dict_keys(['tutorial_dag']) retrieved from /home/airflow/.local/lib/python3.7/site-packages/airflow/example_dags/tutorial_dag.py
[2022-12-07T21:20:32.238+0000] {logging_mixin.py:137} INFO - [2022-12-07T21:20:32.237+0000] {dag.py:2585} INFO - Sync 1 DAGs
[2022-12-07T21:20:32.331+0000] {logging_mixin.py:137} INFO - [2022-12-07T21:20:32.331+0000] {dag.py:3340} INFO - Setting next_dagrun for tutorial_dag to None, run_after=None
[2022-12-07T21:20:32.400+0000] {processor.py:176} INFO - Processing /home/airflow/.local/lib/python3.7/site-packages/airflow/example_dags/tutorial_dag.py took 0.363 seconds
[2022-12-07T21:21:03.233+0000] {processor.py:154} INFO - Started process (PID=28354) to work on /home/airflow/.local/lib/python3.7/site-packages/airflow/example_dags/tutorial_dag.py
[2022-12-07T21:21:03.235+0000] {processor.py:756} INFO - Processing file /home/airflow/.local/lib/python3.7/site-packages/airflow/example_dags/tutorial_dag.py for tasks to queue
[2022-12-07T21:21:03.237+0000] {logging_mixin.py:137} INFO - [2022-12-07T21:21:03.237+0000] {dagbag.py:537} INFO - Filling up the DagBag from /home/airflow/.local/lib/python3.7/site-packages/airflow/example_dags/tutorial_dag.py
[2022-12-07T21:21:03.268+0000] {processor.py:766} INFO - DAG(s) dict_keys(['tutorial_dag']) retrieved from /home/airflow/.local/lib/python3.7/site-packages/airflow/example_dags/tutorial_dag.py
[2022-12-07T21:21:03.351+0000] {logging_mixin.py:137} INFO - [2022-12-07T21:21:03.351+0000] {dag.py:2585} INFO - Sync 1 DAGs
[2022-12-07T21:21:03.400+0000] {logging_mixin.py:137} INFO - [2022-12-07T21:21:03.399+0000] {dag.py:3340} INFO - Setting next_dagrun for tutorial_dag to None, run_after=None
[2022-12-07T21:21:03.586+0000] {processor.py:176} INFO - Processing /home/airflow/.local/lib/python3.7/site-packages/airflow/example_dags/tutorial_dag.py took 0.359 seconds
[2022-12-07T21:21:34.209+0000] {processor.py:154} INFO - Started process (PID=28418) to work on /home/airflow/.local/lib/python3.7/site-packages/airflow/example_dags/tutorial_dag.py
[2022-12-07T21:21:34.210+0000] {processor.py:756} INFO - Processing file /home/airflow/.local/lib/python3.7/site-packages/airflow/example_dags/tutorial_dag.py for tasks to queue
[2022-12-07T21:21:34.211+0000] {logging_mixin.py:137} INFO - [2022-12-07T21:21:34.211+0000] {dagbag.py:537} INFO - Filling up the DagBag from /home/airflow/.local/lib/python3.7/site-packages/airflow/example_dags/tutorial_dag.py
[2022-12-07T21:21:34.229+0000] {processor.py:766} INFO - DAG(s) dict_keys(['tutorial_dag']) retrieved from /home/airflow/.local/lib/python3.7/site-packages/airflow/example_dags/tutorial_dag.py
[2022-12-07T21:21:34.279+0000] {logging_mixin.py:137} INFO - [2022-12-07T21:21:34.278+0000] {dag.py:2585} INFO - Sync 1 DAGs
[2022-12-07T21:21:34.485+0000] {logging_mixin.py:137} INFO - [2022-12-07T21:21:34.484+0000] {dag.py:3340} INFO - Setting next_dagrun for tutorial_dag to None, run_after=None
[2022-12-07T21:21:34.509+0000] {processor.py:176} INFO - Processing /home/airflow/.local/lib/python3.7/site-packages/airflow/example_dags/tutorial_dag.py took 0.305 seconds
[2022-12-07T21:22:05.080+0000] {processor.py:154} INFO - Started process (PID=28473) to work on /home/airflow/.local/lib/python3.7/site-packages/airflow/example_dags/tutorial_dag.py
[2022-12-07T21:22:05.082+0000] {processor.py:756} INFO - Processing file /home/airflow/.local/lib/python3.7/site-packages/airflow/example_dags/tutorial_dag.py for tasks to queue
[2022-12-07T21:22:05.084+0000] {logging_mixin.py:137} INFO - [2022-12-07T21:22:05.083+0000] {dagbag.py:537} INFO - Filling up the DagBag from /home/airflow/.local/lib/python3.7/site-packages/airflow/example_dags/tutorial_dag.py
[2022-12-07T21:22:05.107+0000] {processor.py:766} INFO - DAG(s) dict_keys(['tutorial_dag']) retrieved from /home/airflow/.local/lib/python3.7/site-packages/airflow/example_dags/tutorial_dag.py
[2022-12-07T21:22:05.201+0000] {logging_mixin.py:137} INFO - [2022-12-07T21:22:05.201+0000] {dag.py:2585} INFO - Sync 1 DAGs
[2022-12-07T21:22:05.477+0000] {logging_mixin.py:137} INFO - [2022-12-07T21:22:05.477+0000] {dag.py:3340} INFO - Setting next_dagrun for tutorial_dag to None, run_after=None
[2022-12-07T21:22:05.510+0000] {processor.py:176} INFO - Processing /home/airflow/.local/lib/python3.7/site-packages/airflow/example_dags/tutorial_dag.py took 0.433 seconds
[2022-12-07T21:22:35.767+0000] {processor.py:154} INFO - Started process (PID=28537) to work on /home/airflow/.local/lib/python3.7/site-packages/airflow/example_dags/tutorial_dag.py
[2022-12-07T21:22:35.769+0000] {processor.py:756} INFO - Processing file /home/airflow/.local/lib/python3.7/site-packages/airflow/example_dags/tutorial_dag.py for tasks to queue
[2022-12-07T21:22:35.771+0000] {logging_mixin.py:137} INFO - [2022-12-07T21:22:35.770+0000] {dagbag.py:537} INFO - Filling up the DagBag from /home/airflow/.local/lib/python3.7/site-packages/airflow/example_dags/tutorial_dag.py
[2022-12-07T21:22:35.795+0000] {processor.py:766} INFO - DAG(s) dict_keys(['tutorial_dag']) retrieved from /home/airflow/.local/lib/python3.7/site-packages/airflow/example_dags/tutorial_dag.py
[2022-12-07T21:22:35.859+0000] {logging_mixin.py:137} INFO - [2022-12-07T21:22:35.859+0000] {dag.py:2585} INFO - Sync 1 DAGs
[2022-12-07T21:22:35.912+0000] {logging_mixin.py:137} INFO - [2022-12-07T21:22:35.912+0000] {dag.py:3340} INFO - Setting next_dagrun for tutorial_dag to None, run_after=None
[2022-12-07T21:22:35.945+0000] {processor.py:176} INFO - Processing /home/airflow/.local/lib/python3.7/site-packages/airflow/example_dags/tutorial_dag.py took 0.182 seconds
