[2022-12-07T21:19:52.745+0000] {processor.py:154} INFO - Started process (PID=28217) to work on /home/airflow/.local/lib/python3.7/site-packages/airflow/example_dags/tutorial_taskflow_api_virtualenv.py
[2022-12-07T21:19:52.746+0000] {processor.py:756} INFO - Processing file /home/airflow/.local/lib/python3.7/site-packages/airflow/example_dags/tutorial_taskflow_api_virtualenv.py for tasks to queue
[2022-12-07T21:19:52.747+0000] {logging_mixin.py:137} INFO - [2022-12-07T21:19:52.747+0000] {dagbag.py:537} INFO - Filling up the DagBag from /home/airflow/.local/lib/python3.7/site-packages/airflow/example_dags/tutorial_taskflow_api_virtualenv.py
[2022-12-07T21:19:52.782+0000] {processor.py:766} INFO - DAG(s) dict_keys(['tutorial_taskflow_api_virtualenv']) retrieved from /home/airflow/.local/lib/python3.7/site-packages/airflow/example_dags/tutorial_taskflow_api_virtualenv.py
[2022-12-07T21:19:52.853+0000] {logging_mixin.py:137} INFO - [2022-12-07T21:19:52.853+0000] {dag.py:2585} INFO - Sync 1 DAGs
[2022-12-07T21:19:52.906+0000] {logging_mixin.py:137} INFO - [2022-12-07T21:19:52.906+0000] {dag.py:3340} INFO - Setting next_dagrun for tutorial_taskflow_api_virtualenv to None, run_after=None
[2022-12-07T21:19:52.950+0000] {processor.py:176} INFO - Processing /home/airflow/.local/lib/python3.7/site-packages/airflow/example_dags/tutorial_taskflow_api_virtualenv.py took 0.212 seconds
[2022-12-07T21:20:23.154+0000] {processor.py:154} INFO - Started process (PID=28272) to work on /home/airflow/.local/lib/python3.7/site-packages/airflow/example_dags/tutorial_taskflow_api_virtualenv.py
[2022-12-07T21:20:23.155+0000] {processor.py:756} INFO - Processing file /home/airflow/.local/lib/python3.7/site-packages/airflow/example_dags/tutorial_taskflow_api_virtualenv.py for tasks to queue
[2022-12-07T21:20:23.156+0000] {logging_mixin.py:137} INFO - [2022-12-07T21:20:23.156+0000] {dagbag.py:537} INFO - Filling up the DagBag from /home/airflow/.local/lib/python3.7/site-packages/airflow/example_dags/tutorial_taskflow_api_virtualenv.py
[2022-12-07T21:20:23.199+0000] {processor.py:766} INFO - DAG(s) dict_keys(['tutorial_taskflow_api_virtualenv']) retrieved from /home/airflow/.local/lib/python3.7/site-packages/airflow/example_dags/tutorial_taskflow_api_virtualenv.py
[2022-12-07T21:20:23.335+0000] {logging_mixin.py:137} INFO - [2022-12-07T21:20:23.334+0000] {dag.py:2585} INFO - Sync 1 DAGs
[2022-12-07T21:20:23.423+0000] {logging_mixin.py:137} INFO - [2022-12-07T21:20:23.423+0000] {dag.py:3340} INFO - Setting next_dagrun for tutorial_taskflow_api_virtualenv to None, run_after=None
[2022-12-07T21:20:23.503+0000] {processor.py:176} INFO - Processing /home/airflow/.local/lib/python3.7/site-packages/airflow/example_dags/tutorial_taskflow_api_virtualenv.py took 0.356 seconds
[2022-12-07T21:20:53.918+0000] {processor.py:154} INFO - Started process (PID=28340) to work on /home/airflow/.local/lib/python3.7/site-packages/airflow/example_dags/tutorial_taskflow_api_virtualenv.py
[2022-12-07T21:20:53.925+0000] {processor.py:756} INFO - Processing file /home/airflow/.local/lib/python3.7/site-packages/airflow/example_dags/tutorial_taskflow_api_virtualenv.py for tasks to queue
[2022-12-07T21:20:53.931+0000] {logging_mixin.py:137} INFO - [2022-12-07T21:20:53.930+0000] {dagbag.py:537} INFO - Filling up the DagBag from /home/airflow/.local/lib/python3.7/site-packages/airflow/example_dags/tutorial_taskflow_api_virtualenv.py
[2022-12-07T21:20:54.054+0000] {processor.py:766} INFO - DAG(s) dict_keys(['tutorial_taskflow_api_virtualenv']) retrieved from /home/airflow/.local/lib/python3.7/site-packages/airflow/example_dags/tutorial_taskflow_api_virtualenv.py
[2022-12-07T21:20:54.291+0000] {logging_mixin.py:137} INFO - [2022-12-07T21:20:54.291+0000] {dag.py:2585} INFO - Sync 1 DAGs
[2022-12-07T21:20:54.415+0000] {logging_mixin.py:137} INFO - [2022-12-07T21:20:54.414+0000] {dag.py:3340} INFO - Setting next_dagrun for tutorial_taskflow_api_virtualenv to None, run_after=None
[2022-12-07T21:20:54.784+0000] {processor.py:176} INFO - Processing /home/airflow/.local/lib/python3.7/site-packages/airflow/example_dags/tutorial_taskflow_api_virtualenv.py took 0.875 seconds
[2022-12-07T21:21:25.495+0000] {processor.py:154} INFO - Started process (PID=28395) to work on /home/airflow/.local/lib/python3.7/site-packages/airflow/example_dags/tutorial_taskflow_api_virtualenv.py
[2022-12-07T21:21:25.498+0000] {processor.py:756} INFO - Processing file /home/airflow/.local/lib/python3.7/site-packages/airflow/example_dags/tutorial_taskflow_api_virtualenv.py for tasks to queue
[2022-12-07T21:21:25.501+0000] {logging_mixin.py:137} INFO - [2022-12-07T21:21:25.500+0000] {dagbag.py:537} INFO - Filling up the DagBag from /home/airflow/.local/lib/python3.7/site-packages/airflow/example_dags/tutorial_taskflow_api_virtualenv.py
[2022-12-07T21:21:25.579+0000] {processor.py:766} INFO - DAG(s) dict_keys(['tutorial_taskflow_api_virtualenv']) retrieved from /home/airflow/.local/lib/python3.7/site-packages/airflow/example_dags/tutorial_taskflow_api_virtualenv.py
[2022-12-07T21:21:25.742+0000] {logging_mixin.py:137} INFO - [2022-12-07T21:21:25.741+0000] {dag.py:2585} INFO - Sync 1 DAGs
[2022-12-07T21:21:26.445+0000] {logging_mixin.py:137} INFO - [2022-12-07T21:21:26.445+0000] {dag.py:3340} INFO - Setting next_dagrun for tutorial_taskflow_api_virtualenv to None, run_after=None
[2022-12-07T21:21:26.529+0000] {processor.py:176} INFO - Processing /home/airflow/.local/lib/python3.7/site-packages/airflow/example_dags/tutorial_taskflow_api_virtualenv.py took 1.041 seconds
[2022-12-07T21:21:56.760+0000] {processor.py:154} INFO - Started process (PID=28459) to work on /home/airflow/.local/lib/python3.7/site-packages/airflow/example_dags/tutorial_taskflow_api_virtualenv.py
[2022-12-07T21:21:56.761+0000] {processor.py:756} INFO - Processing file /home/airflow/.local/lib/python3.7/site-packages/airflow/example_dags/tutorial_taskflow_api_virtualenv.py for tasks to queue
[2022-12-07T21:21:56.763+0000] {logging_mixin.py:137} INFO - [2022-12-07T21:21:56.763+0000] {dagbag.py:537} INFO - Filling up the DagBag from /home/airflow/.local/lib/python3.7/site-packages/airflow/example_dags/tutorial_taskflow_api_virtualenv.py
[2022-12-07T21:21:56.793+0000] {processor.py:766} INFO - DAG(s) dict_keys(['tutorial_taskflow_api_virtualenv']) retrieved from /home/airflow/.local/lib/python3.7/site-packages/airflow/example_dags/tutorial_taskflow_api_virtualenv.py
[2022-12-07T21:21:57.100+0000] {logging_mixin.py:137} INFO - [2022-12-07T21:21:57.099+0000] {dag.py:2585} INFO - Sync 1 DAGs
[2022-12-07T21:21:57.172+0000] {logging_mixin.py:137} INFO - [2022-12-07T21:21:57.171+0000] {dag.py:3340} INFO - Setting next_dagrun for tutorial_taskflow_api_virtualenv to None, run_after=None
[2022-12-07T21:21:57.223+0000] {processor.py:176} INFO - Processing /home/airflow/.local/lib/python3.7/site-packages/airflow/example_dags/tutorial_taskflow_api_virtualenv.py took 0.468 seconds
[2022-12-07T21:22:27.640+0000] {processor.py:154} INFO - Started process (PID=28514) to work on /home/airflow/.local/lib/python3.7/site-packages/airflow/example_dags/tutorial_taskflow_api_virtualenv.py
[2022-12-07T21:22:27.641+0000] {processor.py:756} INFO - Processing file /home/airflow/.local/lib/python3.7/site-packages/airflow/example_dags/tutorial_taskflow_api_virtualenv.py for tasks to queue
[2022-12-07T21:22:27.643+0000] {logging_mixin.py:137} INFO - [2022-12-07T21:22:27.642+0000] {dagbag.py:537} INFO - Filling up the DagBag from /home/airflow/.local/lib/python3.7/site-packages/airflow/example_dags/tutorial_taskflow_api_virtualenv.py
[2022-12-07T21:22:27.683+0000] {processor.py:766} INFO - DAG(s) dict_keys(['tutorial_taskflow_api_virtualenv']) retrieved from /home/airflow/.local/lib/python3.7/site-packages/airflow/example_dags/tutorial_taskflow_api_virtualenv.py
[2022-12-07T21:22:27.769+0000] {logging_mixin.py:137} INFO - [2022-12-07T21:22:27.768+0000] {dag.py:2585} INFO - Sync 1 DAGs
[2022-12-07T21:22:27.811+0000] {logging_mixin.py:137} INFO - [2022-12-07T21:22:27.811+0000] {dag.py:3340} INFO - Setting next_dagrun for tutorial_taskflow_api_virtualenv to None, run_after=None
[2022-12-07T21:22:27.852+0000] {processor.py:176} INFO - Processing /home/airflow/.local/lib/python3.7/site-packages/airflow/example_dags/tutorial_taskflow_api_virtualenv.py took 0.216 seconds
[2022-12-07T21:22:58.870+0000] {processor.py:154} INFO - Started process (PID=28569) to work on /home/airflow/.local/lib/python3.7/site-packages/airflow/example_dags/tutorial_taskflow_api_virtualenv.py
[2022-12-07T21:22:58.872+0000] {processor.py:756} INFO - Processing file /home/airflow/.local/lib/python3.7/site-packages/airflow/example_dags/tutorial_taskflow_api_virtualenv.py for tasks to queue
[2022-12-07T21:22:58.878+0000] {logging_mixin.py:137} INFO - [2022-12-07T21:22:58.878+0000] {dagbag.py:537} INFO - Filling up the DagBag from /home/airflow/.local/lib/python3.7/site-packages/airflow/example_dags/tutorial_taskflow_api_virtualenv.py
[2022-12-07T21:22:59.007+0000] {processor.py:766} INFO - DAG(s) dict_keys(['tutorial_taskflow_api_virtualenv']) retrieved from /home/airflow/.local/lib/python3.7/site-packages/airflow/example_dags/tutorial_taskflow_api_virtualenv.py
[2022-12-07T21:22:59.139+0000] {logging_mixin.py:137} INFO - [2022-12-07T21:22:59.139+0000] {dag.py:2585} INFO - Sync 1 DAGs
[2022-12-07T21:22:59.200+0000] {logging_mixin.py:137} INFO - [2022-12-07T21:22:59.200+0000] {dag.py:3340} INFO - Setting next_dagrun for tutorial_taskflow_api_virtualenv to None, run_after=None
[2022-12-07T21:22:59.610+0000] {processor.py:176} INFO - Processing /home/airflow/.local/lib/python3.7/site-packages/airflow/example_dags/tutorial_taskflow_api_virtualenv.py took 0.746 seconds
