[2022-12-06T22:47:54.406+0000] {taskinstance.py:1165} INFO - Dependencies all met for <TaskInstance: dag.task_0_1 manual__2022-12-06T22:47:53.231346+00:00 [queued]>
[2022-12-06T22:47:54.422+0000] {taskinstance.py:1165} INFO - Dependencies all met for <TaskInstance: dag.task_0_1 manual__2022-12-06T22:47:53.231346+00:00 [queued]>
[2022-12-06T22:47:54.422+0000] {taskinstance.py:1362} INFO - 
--------------------------------------------------------------------------------
[2022-12-06T22:47:54.422+0000] {taskinstance.py:1363} INFO - Starting attempt 1 of 1
[2022-12-06T22:47:54.423+0000] {taskinstance.py:1364} INFO - 
--------------------------------------------------------------------------------
[2022-12-06T22:47:54.445+0000] {taskinstance.py:1383} INFO - Executing <Task(PythonOperator): task_0_1> on 2022-12-06 22:47:53.231346+00:00
[2022-12-06T22:47:54.451+0000] {standard_task_runner.py:55} INFO - Started process 3912 to run task
[2022-12-06T22:47:54.457+0000] {standard_task_runner.py:82} INFO - Running: ['***', 'tasks', 'run', 'dag', 'task_0_1', 'manual__2022-12-06T22:47:53.231346+00:00', '--job-id', '1291', '--raw', '--subdir', 'DAGS_FOLDER/dag.py', '--cfg-path', '/tmp/tmp1np0oakw']
[2022-12-06T22:47:54.458+0000] {standard_task_runner.py:83} INFO - Job 1291: Subtask task_0_1
[2022-12-06T22:47:54.602+0000] {task_command.py:376} INFO - Running <TaskInstance: dag.task_0_1 manual__2022-12-06T22:47:53.231346+00:00 [running]> on host 505aa50095aa
[2022-12-06T22:47:54.726+0000] {taskinstance.py:1592} INFO - Exporting the following env vars:
AIRFLOW_CTX_DAG_OWNER=lofitravel
AIRFLOW_CTX_DAG_ID=dag
AIRFLOW_CTX_TASK_ID=task_0_1
AIRFLOW_CTX_EXECUTION_DATE=2022-12-06T22:47:53.231346+00:00
AIRFLOW_CTX_TRY_NUMBER=1
AIRFLOW_CTX_DAG_RUN_ID=manual__2022-12-06T22:47:53.231346+00:00
[2022-12-06T22:47:55.547+0000] {logging_mixin.py:137} INFO - курс одного USD к RUB: 63.38344107
[2022-12-06T22:47:55.582+0000] {python.py:177} INFO - Done. Returned value was: None
[2022-12-06T22:47:55.604+0000] {taskinstance.py:1406} INFO - Marking task as SUCCESS. dag_id=dag, task_id=task_0_1, execution_date=20221206T224753, start_date=20221206T224754, end_date=20221206T224755
[2022-12-06T22:47:55.675+0000] {local_task_job.py:159} INFO - Task exited with return code 0
[2022-12-06T22:47:55.734+0000] {taskinstance.py:2623} INFO - 0 downstream tasks scheduled from follow-on schedule check
