[2022-12-07T14:50:14.583+0000] {taskinstance.py:1165} INFO - Dependencies all met for <TaskInstance: dag.encryption manual__2022-12-07T14:50:12.709258+00:00 [queued]>
[2022-12-07T14:50:14.604+0000] {taskinstance.py:1165} INFO - Dependencies all met for <TaskInstance: dag.encryption manual__2022-12-07T14:50:12.709258+00:00 [queued]>
[2022-12-07T14:50:14.604+0000] {taskinstance.py:1362} INFO - 
--------------------------------------------------------------------------------
[2022-12-07T14:50:14.605+0000] {taskinstance.py:1363} INFO - Starting attempt 1 of 1
[2022-12-07T14:50:14.606+0000] {taskinstance.py:1364} INFO - 
--------------------------------------------------------------------------------
[2022-12-07T14:50:14.636+0000] {taskinstance.py:1383} INFO - Executing <Task(PythonOperator): encryption> on 2022-12-07 14:50:12.709258+00:00
[2022-12-07T14:50:14.644+0000] {standard_task_runner.py:55} INFO - Started process 230 to run task
[2022-12-07T14:50:14.660+0000] {standard_task_runner.py:82} INFO - Running: ['***', 'tasks', 'run', 'dag', 'encryption', 'manual__2022-12-07T14:50:12.709258+00:00', '--job-id', '1802', '--raw', '--subdir', 'DAGS_FOLDER/dag.py', '--cfg-path', '/tmp/tmp1i0t2q_f']
[2022-12-07T14:50:14.664+0000] {standard_task_runner.py:83} INFO - Job 1802: Subtask encryption
[2022-12-07T14:50:14.848+0000] {task_command.py:376} INFO - Running <TaskInstance: dag.encryption manual__2022-12-07T14:50:12.709258+00:00 [running]> on host 20d9dd97c6ff
[2022-12-07T14:50:15.133+0000] {taskinstance.py:1592} INFO - Exporting the following env vars:
AIRFLOW_CTX_DAG_OWNER=lofitravel
AIRFLOW_CTX_DAG_ID=dag
AIRFLOW_CTX_TASK_ID=encryption
AIRFLOW_CTX_EXECUTION_DATE=2022-12-07T14:50:12.709258+00:00
AIRFLOW_CTX_TRY_NUMBER=1
AIRFLOW_CTX_DAG_RUN_ID=manual__2022-12-07T14:50:12.709258+00:00
[2022-12-07T14:50:15.172+0000] {logging_mixin.py:137} INFO - var ['82adcbbbae7a13d16e0b68fa1f50c023', '***_user', '***_ps', '***_database']
[2022-12-07T14:50:15.178+0000] {python.py:177} INFO - Done. Returned value was: ['82adcbbbae7a13d16e0b68fa1f50c023', '***_user', '***_ps', '***_database']
[2022-12-07T14:50:15.248+0000] {taskinstance.py:1406} INFO - Marking task as SUCCESS. dag_id=dag, task_id=encryption, execution_date=20221207T145012, start_date=20221207T145014, end_date=20221207T145015
[2022-12-07T14:50:15.317+0000] {local_task_job.py:159} INFO - Task exited with return code 0
[2022-12-07T14:50:15.414+0000] {taskinstance.py:2623} INFO - 1 downstream tasks scheduled from follow-on schedule check
