[2022-12-06T20:16:10.913+0000] {taskinstance.py:1165} INFO - Dependencies all met for <TaskInstance: dag.task_1_0 manual__2022-12-06T20:16:09.016164+00:00 [queued]>
[2022-12-06T20:16:10.934+0000] {taskinstance.py:1165} INFO - Dependencies all met for <TaskInstance: dag.task_1_0 manual__2022-12-06T20:16:09.016164+00:00 [queued]>
[2022-12-06T20:16:10.935+0000] {taskinstance.py:1362} INFO - 
--------------------------------------------------------------------------------
[2022-12-06T20:16:10.936+0000] {taskinstance.py:1363} INFO - Starting attempt 1 of 1
[2022-12-06T20:16:10.937+0000] {taskinstance.py:1364} INFO - 
--------------------------------------------------------------------------------
[2022-12-06T20:16:10.967+0000] {taskinstance.py:1383} INFO - Executing <Task(PythonOperator): task_1_0> on 2022-12-06 20:16:09.016164+00:00
[2022-12-06T20:16:10.974+0000] {standard_task_runner.py:55} INFO - Started process 1263 to run task
[2022-12-06T20:16:10.979+0000] {standard_task_runner.py:82} INFO - Running: ['***', 'tasks', 'run', 'dag', 'task_1_0', 'manual__2022-12-06T20:16:09.016164+00:00', '--job-id', '1082', '--raw', '--subdir', 'DAGS_FOLDER/dag.py', '--cfg-path', '/tmp/tmpxzejvgu6']
[2022-12-06T20:16:10.981+0000] {standard_task_runner.py:83} INFO - Job 1082: Subtask task_1_0
[2022-12-06T20:16:11.143+0000] {task_command.py:376} INFO - Running <TaskInstance: dag.task_1_0 manual__2022-12-06T20:16:09.016164+00:00 [running]> on host 74768727baca
[2022-12-06T20:16:11.697+0000] {taskinstance.py:1592} INFO - Exporting the following env vars:
AIRFLOW_CTX_DAG_OWNER=lofitravel
AIRFLOW_CTX_DAG_ID=dag
AIRFLOW_CTX_TASK_ID=task_1_0
AIRFLOW_CTX_EXECUTION_DATE=2022-12-06T20:16:09.016164+00:00
AIRFLOW_CTX_TRY_NUMBER=1
AIRFLOW_CTX_DAG_RUN_ID=manual__2022-12-06T20:16:09.016164+00:00
[2022-12-06T20:16:13.135+0000] {logging_mixin.py:137} INFO - курс одного EUR к RUB: 66.3323057
[2022-12-06T20:16:13.342+0000] {python.py:177} INFO - Done. Returned value was: None
[2022-12-06T20:16:13.478+0000] {taskinstance.py:1406} INFO - Marking task as SUCCESS. dag_id=dag, task_id=task_1_0, execution_date=20221206T201609, start_date=20221206T201610, end_date=20221206T201613
[2022-12-06T20:16:13.610+0000] {local_task_job.py:159} INFO - Task exited with return code 0
[2022-12-06T20:16:13.759+0000] {taskinstance.py:2623} INFO - 1 downstream tasks scheduled from follow-on schedule check
