[2022-12-07T06:51:11.119+0000] {taskinstance.py:1165} INFO - Dependencies all met for <TaskInstance: dag.task_1_0 manual__2022-12-07T06:51:09.614717+00:00 [queued]>
[2022-12-07T06:51:11.135+0000] {taskinstance.py:1165} INFO - Dependencies all met for <TaskInstance: dag.task_1_0 manual__2022-12-07T06:51:09.614717+00:00 [queued]>
[2022-12-07T06:51:11.136+0000] {taskinstance.py:1362} INFO - 
--------------------------------------------------------------------------------
[2022-12-07T06:51:11.136+0000] {taskinstance.py:1363} INFO - Starting attempt 1 of 1
[2022-12-07T06:51:11.137+0000] {taskinstance.py:1364} INFO - 
--------------------------------------------------------------------------------
[2022-12-07T06:51:11.161+0000] {taskinstance.py:1383} INFO - Executing <Task(PythonOperator): task_1_0> on 2022-12-07 06:51:09.614717+00:00
[2022-12-07T06:51:11.167+0000] {standard_task_runner.py:55} INFO - Started process 26604 to run task
[2022-12-07T06:51:11.171+0000] {standard_task_runner.py:82} INFO - Running: ['***', 'tasks', 'run', 'dag', 'task_1_0', 'manual__2022-12-07T06:51:09.614717+00:00', '--job-id', '1375', '--raw', '--subdir', 'DAGS_FOLDER/dag.py', '--cfg-path', '/tmp/tmpykb7cw8f']
[2022-12-07T06:51:11.172+0000] {standard_task_runner.py:83} INFO - Job 1375: Subtask task_1_0
[2022-12-07T06:51:11.310+0000] {task_command.py:376} INFO - Running <TaskInstance: dag.task_1_0 manual__2022-12-07T06:51:09.614717+00:00 [running]> on host 505aa50095aa
[2022-12-07T06:51:11.460+0000] {taskinstance.py:1592} INFO - Exporting the following env vars:
AIRFLOW_CTX_DAG_OWNER=lofitravel
AIRFLOW_CTX_DAG_ID=dag
AIRFLOW_CTX_TASK_ID=task_1_0
AIRFLOW_CTX_EXECUTION_DATE=2022-12-07T06:51:09.614717+00:00
AIRFLOW_CTX_TRY_NUMBER=1
AIRFLOW_CTX_DAG_RUN_ID=manual__2022-12-07T06:51:09.614717+00:00
[2022-12-07T06:51:12.307+0000] {logging_mixin.py:137} INFO - курс одного EUR к RUB: 66.05396727
[2022-12-07T06:51:12.385+0000] {python.py:177} INFO - Done. Returned value was: None
[2022-12-07T06:51:12.433+0000] {taskinstance.py:1406} INFO - Marking task as SUCCESS. dag_id=dag, task_id=task_1_0, execution_date=20221207T065109, start_date=20221207T065111, end_date=20221207T065112
[2022-12-07T06:51:12.522+0000] {local_task_job.py:159} INFO - Task exited with return code 0
[2022-12-07T06:51:12.680+0000] {taskinstance.py:2623} INFO - 1 downstream tasks scheduled from follow-on schedule check
