[2022-12-05T22:26:01.301+0000] {taskinstance.py:1165} INFO - Dependencies all met for <TaskInstance: dag.task_1_0 manual__2022-12-05T22:25:58.072466+00:00 [queued]>
[2022-12-05T22:26:01.351+0000] {taskinstance.py:1165} INFO - Dependencies all met for <TaskInstance: dag.task_1_0 manual__2022-12-05T22:25:58.072466+00:00 [queued]>
[2022-12-05T22:26:01.353+0000] {taskinstance.py:1362} INFO - 
--------------------------------------------------------------------------------
[2022-12-05T22:26:01.358+0000] {taskinstance.py:1363} INFO - Starting attempt 1 of 1
[2022-12-05T22:26:01.360+0000] {taskinstance.py:1364} INFO - 
--------------------------------------------------------------------------------
[2022-12-05T22:26:01.426+0000] {taskinstance.py:1383} INFO - Executing <Task(PythonOperator): task_1_0> on 2022-12-05 22:25:58.072466+00:00
[2022-12-05T22:26:01.440+0000] {standard_task_runner.py:55} INFO - Started process 889 to run task
[2022-12-05T22:26:01.458+0000] {standard_task_runner.py:82} INFO - Running: ['***', 'tasks', 'run', 'dag', 'task_1_0', 'manual__2022-12-05T22:25:58.072466+00:00', '--job-id', '1005', '--raw', '--subdir', 'DAGS_FOLDER/dag.py', '--cfg-path', '/tmp/tmpc7j1m5ns']
[2022-12-05T22:26:01.474+0000] {standard_task_runner.py:83} INFO - Job 1005: Subtask task_1_0
[2022-12-05T22:26:02.093+0000] {task_command.py:376} INFO - Running <TaskInstance: dag.task_1_0 manual__2022-12-05T22:25:58.072466+00:00 [running]> on host ac7ba1737e5d
[2022-12-05T22:26:02.712+0000] {taskinstance.py:1592} INFO - Exporting the following env vars:
AIRFLOW_CTX_DAG_OWNER=lofitravel
AIRFLOW_CTX_DAG_ID=dag
AIRFLOW_CTX_TASK_ID=task_1_0
AIRFLOW_CTX_EXECUTION_DATE=2022-12-05T22:25:58.072466+00:00
AIRFLOW_CTX_TRY_NUMBER=1
AIRFLOW_CTX_DAG_RUN_ID=manual__2022-12-05T22:25:58.072466+00:00
[2022-12-05T22:26:03.378+0000] {logging_mixin.py:137} INFO - курс одного EUR к RUB: 65.66863151
[2022-12-05T22:26:03.379+0000] {python.py:177} INFO - Done. Returned value was: None
[2022-12-05T22:26:03.397+0000] {taskinstance.py:1406} INFO - Marking task as SUCCESS. dag_id=dag, task_id=task_1_0, execution_date=20221205T222558, start_date=20221205T222601, end_date=20221205T222603
[2022-12-05T22:26:03.452+0000] {local_task_job.py:159} INFO - Task exited with return code 0
[2022-12-05T22:26:03.524+0000] {taskinstance.py:2623} INFO - 0 downstream tasks scheduled from follow-on schedule check
