[2022-12-06T22:37:02.596+0000] {taskinstance.py:1165} INFO - Dependencies all met for <TaskInstance: dag.task_0_0 manual__2022-12-06T22:37:00.803920+00:00 [queued]>
[2022-12-06T22:37:02.619+0000] {taskinstance.py:1165} INFO - Dependencies all met for <TaskInstance: dag.task_0_0 manual__2022-12-06T22:37:00.803920+00:00 [queued]>
[2022-12-06T22:37:02.620+0000] {taskinstance.py:1362} INFO - 
--------------------------------------------------------------------------------
[2022-12-06T22:37:02.621+0000] {taskinstance.py:1363} INFO - Starting attempt 1 of 1
[2022-12-06T22:37:02.623+0000] {taskinstance.py:1364} INFO - 
--------------------------------------------------------------------------------
[2022-12-06T22:37:02.646+0000] {taskinstance.py:1383} INFO - Executing <Task(PythonOperator): task_0_0> on 2022-12-06 22:37:00.803920+00:00
[2022-12-06T22:37:02.652+0000] {standard_task_runner.py:55} INFO - Started process 3355 to run task
[2022-12-06T22:37:02.658+0000] {standard_task_runner.py:82} INFO - Running: ['***', 'tasks', 'run', 'dag', 'task_0_0', 'manual__2022-12-06T22:37:00.803920+00:00', '--job-id', '1262', '--raw', '--subdir', 'DAGS_FOLDER/dag.py', '--cfg-path', '/tmp/tmpl6s92im2']
[2022-12-06T22:37:02.659+0000] {standard_task_runner.py:83} INFO - Job 1262: Subtask task_0_0
[2022-12-06T22:37:02.744+0000] {task_command.py:376} INFO - Running <TaskInstance: dag.task_0_0 manual__2022-12-06T22:37:00.803920+00:00 [running]> on host 505aa50095aa
[2022-12-06T22:37:02.838+0000] {taskinstance.py:1592} INFO - Exporting the following env vars:
AIRFLOW_CTX_DAG_OWNER=lofitravel
AIRFLOW_CTX_DAG_ID=dag
AIRFLOW_CTX_TASK_ID=task_0_0
AIRFLOW_CTX_EXECUTION_DATE=2022-12-06T22:37:00.803920+00:00
AIRFLOW_CTX_TRY_NUMBER=1
AIRFLOW_CTX_DAG_RUN_ID=manual__2022-12-06T22:37:00.803920+00:00
[2022-12-06T22:37:03.972+0000] {logging_mixin.py:137} INFO - курс одного USD к EUR: 0.95530319
[2022-12-06T22:37:03.990+0000] {python.py:177} INFO - Done. Returned value was: None
[2022-12-06T22:37:04.001+0000] {taskinstance.py:1406} INFO - Marking task as SUCCESS. dag_id=dag, task_id=task_0_0, execution_date=20221206T223700, start_date=20221206T223702, end_date=20221206T223704
[2022-12-06T22:37:04.033+0000] {local_task_job.py:159} INFO - Task exited with return code 0
[2022-12-06T22:37:04.062+0000] {taskinstance.py:2623} INFO - 0 downstream tasks scheduled from follow-on schedule check
