[2022-12-06T22:45:36.395+0000] {taskinstance.py:1165} INFO - Dependencies all met for <TaskInstance: dag.task_0_1 manual__2022-12-06T22:45:34.433210+00:00 [queued]>
[2022-12-06T22:45:36.437+0000] {taskinstance.py:1165} INFO - Dependencies all met for <TaskInstance: dag.task_0_1 manual__2022-12-06T22:45:34.433210+00:00 [queued]>
[2022-12-06T22:45:36.448+0000] {taskinstance.py:1362} INFO - 
--------------------------------------------------------------------------------
[2022-12-06T22:45:36.450+0000] {taskinstance.py:1363} INFO - Starting attempt 1 of 1
[2022-12-06T22:45:36.451+0000] {taskinstance.py:1364} INFO - 
--------------------------------------------------------------------------------
[2022-12-06T22:45:36.528+0000] {taskinstance.py:1383} INFO - Executing <Task(PythonOperator): task_0_1> on 2022-12-06 22:45:34.433210+00:00
[2022-12-06T22:45:36.539+0000] {standard_task_runner.py:55} INFO - Started process 3785 to run task
[2022-12-06T22:45:36.548+0000] {standard_task_runner.py:82} INFO - Running: ['***', 'tasks', 'run', 'dag', 'task_0_1', 'manual__2022-12-06T22:45:34.433210+00:00', '--job-id', '1282', '--raw', '--subdir', 'DAGS_FOLDER/dag.py', '--cfg-path', '/tmp/tmp49toltth']
[2022-12-06T22:45:36.557+0000] {standard_task_runner.py:83} INFO - Job 1282: Subtask task_0_1
[2022-12-06T22:45:36.860+0000] {task_command.py:376} INFO - Running <TaskInstance: dag.task_0_1 manual__2022-12-06T22:45:34.433210+00:00 [running]> on host 505aa50095aa
[2022-12-06T22:45:37.154+0000] {taskinstance.py:1592} INFO - Exporting the following env vars:
AIRFLOW_CTX_DAG_OWNER=lofitravel
AIRFLOW_CTX_DAG_ID=dag
AIRFLOW_CTX_TASK_ID=task_0_1
AIRFLOW_CTX_EXECUTION_DATE=2022-12-06T22:45:34.433210+00:00
AIRFLOW_CTX_TRY_NUMBER=1
AIRFLOW_CTX_DAG_RUN_ID=manual__2022-12-06T22:45:34.433210+00:00
[2022-12-06T22:45:43.588+0000] {logging_mixin.py:137} INFO - курс одного USD к RUB: 63.38344107
[2022-12-06T22:45:43.617+0000] {python.py:177} INFO - Done. Returned value was: None
[2022-12-06T22:45:43.636+0000] {taskinstance.py:1406} INFO - Marking task as SUCCESS. dag_id=dag, task_id=task_0_1, execution_date=20221206T224534, start_date=20221206T224536, end_date=20221206T224543
[2022-12-06T22:45:43.665+0000] {local_task_job.py:159} INFO - Task exited with return code 0
[2022-12-06T22:45:43.729+0000] {taskinstance.py:2623} INFO - 0 downstream tasks scheduled from follow-on schedule check
