[2022-12-07T13:20:04.812+0000] {taskinstance.py:1165} INFO - Dependencies all met for <TaskInstance: dag.task_1_0 manual__2022-12-07T13:19:59.936015+00:00 [queued]>
[2022-12-07T13:20:04.827+0000] {taskinstance.py:1165} INFO - Dependencies all met for <TaskInstance: dag.task_1_0 manual__2022-12-07T13:19:59.936015+00:00 [queued]>
[2022-12-07T13:20:04.828+0000] {taskinstance.py:1362} INFO - 
--------------------------------------------------------------------------------
[2022-12-07T13:20:04.828+0000] {taskinstance.py:1363} INFO - Starting attempt 1 of 1
[2022-12-07T13:20:04.829+0000] {taskinstance.py:1364} INFO - 
--------------------------------------------------------------------------------
[2022-12-07T13:20:04.857+0000] {taskinstance.py:1383} INFO - Executing <Task(PythonOperator): task_1_0> on 2022-12-07 13:19:59.936015+00:00
[2022-12-07T13:20:04.863+0000] {standard_task_runner.py:55} INFO - Started process 1830 to run task
[2022-12-07T13:20:04.867+0000] {standard_task_runner.py:82} INFO - Running: ['***', 'tasks', 'run', 'dag', 'task_1_0', 'manual__2022-12-07T13:19:59.936015+00:00', '--job-id', '1764', '--raw', '--subdir', 'DAGS_FOLDER/dag.py', '--cfg-path', '/tmp/tmpp6114g72']
[2022-12-07T13:20:04.868+0000] {standard_task_runner.py:83} INFO - Job 1764: Subtask task_1_0
[2022-12-07T13:20:04.948+0000] {task_command.py:376} INFO - Running <TaskInstance: dag.task_1_0 manual__2022-12-07T13:19:59.936015+00:00 [running]> on host 6c11163b5e64
[2022-12-07T13:20:05.143+0000] {taskinstance.py:1592} INFO - Exporting the following env vars:
AIRFLOW_CTX_DAG_OWNER=lofitravel
AIRFLOW_CTX_DAG_ID=dag
AIRFLOW_CTX_TASK_ID=task_1_0
AIRFLOW_CTX_EXECUTION_DATE=2022-12-07T13:19:59.936015+00:00
AIRFLOW_CTX_TRY_NUMBER=1
AIRFLOW_CTX_DAG_RUN_ID=manual__2022-12-07T13:19:59.936015+00:00
[2022-12-07T13:20:05.683+0000] {logging_mixin.py:137} INFO - курс одного EUR к RUB: 66.34237426
[2022-12-07T13:20:05.717+0000] {python.py:177} INFO - Done. Returned value was: None
[2022-12-07T13:20:05.740+0000] {taskinstance.py:1406} INFO - Marking task as SUCCESS. dag_id=dag, task_id=task_1_0, execution_date=20221207T131959, start_date=20221207T132004, end_date=20221207T132005
[2022-12-07T13:20:05.802+0000] {local_task_job.py:159} INFO - Task exited with return code 0
[2022-12-07T13:20:05.877+0000] {taskinstance.py:2623} INFO - 1 downstream tasks scheduled from follow-on schedule check
