[2022-12-07T10:34:55.695+0000] {taskinstance.py:1165} INFO - Dependencies all met for <TaskInstance: dag.task_1_0 manual__2022-12-07T10:34:53.650740+00:00 [queued]>
[2022-12-07T10:34:55.716+0000] {taskinstance.py:1165} INFO - Dependencies all met for <TaskInstance: dag.task_1_0 manual__2022-12-07T10:34:53.650740+00:00 [queued]>
[2022-12-07T10:34:55.717+0000] {taskinstance.py:1362} INFO - 
--------------------------------------------------------------------------------
[2022-12-07T10:34:55.718+0000] {taskinstance.py:1363} INFO - Starting attempt 1 of 1
[2022-12-07T10:34:55.719+0000] {taskinstance.py:1364} INFO - 
--------------------------------------------------------------------------------
[2022-12-07T10:34:55.752+0000] {taskinstance.py:1383} INFO - Executing <Task(PythonOperator): task_1_0> on 2022-12-07 10:34:53.650740+00:00
[2022-12-07T10:34:55.758+0000] {standard_task_runner.py:55} INFO - Started process 779 to run task
[2022-12-07T10:34:55.765+0000] {standard_task_runner.py:82} INFO - Running: ['***', 'tasks', 'run', 'dag', 'task_1_0', 'manual__2022-12-07T10:34:53.650740+00:00', '--job-id', '1629', '--raw', '--subdir', 'DAGS_FOLDER/dag.py', '--cfg-path', '/tmp/tmpw2k1c4ms']
[2022-12-07T10:34:55.766+0000] {standard_task_runner.py:83} INFO - Job 1629: Subtask task_1_0
[2022-12-07T10:34:55.906+0000] {task_command.py:376} INFO - Running <TaskInstance: dag.task_1_0 manual__2022-12-07T10:34:53.650740+00:00 [running]> on host ede3719a0239
[2022-12-07T10:34:56.168+0000] {taskinstance.py:1592} INFO - Exporting the following env vars:
AIRFLOW_CTX_DAG_OWNER=lofitravel
AIRFLOW_CTX_DAG_ID=dag
AIRFLOW_CTX_TASK_ID=task_1_0
AIRFLOW_CTX_EXECUTION_DATE=2022-12-07T10:34:53.650740+00:00
AIRFLOW_CTX_TRY_NUMBER=1
AIRFLOW_CTX_DAG_RUN_ID=manual__2022-12-07T10:34:53.650740+00:00
[2022-12-07T10:34:56.757+0000] {logging_mixin.py:137} INFO - курс одного EUR к RUB: 66.01859637
[2022-12-07T10:34:56.784+0000] {python.py:177} INFO - Done. Returned value was: None
[2022-12-07T10:34:56.797+0000] {taskinstance.py:1406} INFO - Marking task as SUCCESS. dag_id=dag, task_id=task_1_0, execution_date=20221207T103453, start_date=20221207T103455, end_date=20221207T103456
[2022-12-07T10:34:56.835+0000] {local_task_job.py:159} INFO - Task exited with return code 0
[2022-12-07T10:34:56.912+0000] {taskinstance.py:2623} INFO - 1 downstream tasks scheduled from follow-on schedule check
