[2022-12-05T22:40:31.440+0000] {taskinstance.py:1165} INFO - Dependencies all met for <TaskInstance: dag.create_table manual__2022-12-05T22:40:29.216823+00:00 [queued]>
[2022-12-05T22:40:31.486+0000] {taskinstance.py:1165} INFO - Dependencies all met for <TaskInstance: dag.create_table manual__2022-12-05T22:40:29.216823+00:00 [queued]>
[2022-12-05T22:40:31.488+0000] {taskinstance.py:1362} INFO - 
--------------------------------------------------------------------------------
[2022-12-05T22:40:31.489+0000] {taskinstance.py:1363} INFO - Starting attempt 1 of 1
[2022-12-05T22:40:31.490+0000] {taskinstance.py:1364} INFO - 
--------------------------------------------------------------------------------
[2022-12-05T22:40:31.566+0000] {taskinstance.py:1383} INFO - Executing <Task(PostgresOperator): create_table> on 2022-12-05 22:40:29.216823+00:00
[2022-12-05T22:40:31.579+0000] {standard_task_runner.py:55} INFO - Started process 1567 to run task
[2022-12-05T22:40:31.598+0000] {standard_task_runner.py:82} INFO - Running: ['***', 'tasks', 'run', 'dag', 'create_table', 'manual__2022-12-05T22:40:29.216823+00:00', '--job-id', '1023', '--raw', '--subdir', 'DAGS_FOLDER/dag.py', '--cfg-path', '/tmp/tmpjk9b6zi4']
[2022-12-05T22:40:31.599+0000] {standard_task_runner.py:83} INFO - Job 1023: Subtask create_table
[2022-12-05T22:40:31.984+0000] {task_command.py:376} INFO - Running <TaskInstance: dag.create_table manual__2022-12-05T22:40:29.216823+00:00 [running]> on host ac7ba1737e5d
[2022-12-05T22:40:32.335+0000] {taskinstance.py:1592} INFO - Exporting the following env vars:
AIRFLOW_CTX_DAG_OWNER=lofitravel
AIRFLOW_CTX_DAG_ID=dag
AIRFLOW_CTX_TASK_ID=create_table
AIRFLOW_CTX_EXECUTION_DATE=2022-12-05T22:40:29.216823+00:00
AIRFLOW_CTX_TRY_NUMBER=1
AIRFLOW_CTX_DAG_RUN_ID=manual__2022-12-05T22:40:29.216823+00:00
[2022-12-05T22:40:32.389+0000] {base.py:71} INFO - Using connection ID 'postgres_localhost' for task execution.
[2022-12-05T22:40:32.433+0000] {sql.py:315} INFO - Running statement: 
        CREATE TABLE IF NOT EXISTS pairs(
            date TIMESTAMP NOT NULL,
            ticker_from VARCHAR(3) NOT NULL,
            ticker_to VARCHAR(3) NOT NULL,
            amount FLOAT NOT NULL);
        , parameters: None
[2022-12-05T22:40:32.489+0000] {taskinstance.py:1406} INFO - Marking task as SUCCESS. dag_id=dag, task_id=create_table, execution_date=20221205T224029, start_date=20221205T224031, end_date=20221205T224032
[2022-12-05T22:40:32.618+0000] {local_task_job.py:159} INFO - Task exited with return code 0
[2022-12-05T22:40:32.777+0000] {taskinstance.py:2623} INFO - 0 downstream tasks scheduled from follow-on schedule check
