[2022-12-07T19:44:19.141+0000] {taskinstance.py:1165} INFO - Dependencies all met for <TaskInstance: dag.materialized_view manual__2022-12-07T19:43:58.035878+00:00 [queued]>
[2022-12-07T19:44:19.159+0000] {taskinstance.py:1165} INFO - Dependencies all met for <TaskInstance: dag.materialized_view manual__2022-12-07T19:43:58.035878+00:00 [queued]>
[2022-12-07T19:44:19.160+0000] {taskinstance.py:1362} INFO - 
--------------------------------------------------------------------------------
[2022-12-07T19:44:19.161+0000] {taskinstance.py:1363} INFO - Starting attempt 1 of 1
[2022-12-07T19:44:19.162+0000] {taskinstance.py:1364} INFO - 
--------------------------------------------------------------------------------
[2022-12-07T19:44:19.184+0000] {taskinstance.py:1383} INFO - Executing <Task(PythonOperator): materialized_view> on 2022-12-07 19:43:58.035878+00:00
[2022-12-07T19:44:19.189+0000] {standard_task_runner.py:55} INFO - Started process 6763 to run task
[2022-12-07T19:44:19.194+0000] {standard_task_runner.py:82} INFO - Running: ['***', 'tasks', 'run', 'dag', 'materialized_view', 'manual__2022-12-07T19:43:58.035878+00:00', '--job-id', '1917', '--raw', '--subdir', 'DAGS_FOLDER/dag.py', '--cfg-path', '/tmp/tmp9cjm006d']
[2022-12-07T19:44:19.195+0000] {standard_task_runner.py:83} INFO - Job 1917: Subtask materialized_view
[2022-12-07T19:44:19.301+0000] {task_command.py:376} INFO - Running <TaskInstance: dag.materialized_view manual__2022-12-07T19:43:58.035878+00:00 [running]> on host a9d6893ff63e
[2022-12-07T19:44:19.424+0000] {taskinstance.py:1592} INFO - Exporting the following env vars:
AIRFLOW_CTX_DAG_OWNER=lofitravel
AIRFLOW_CTX_DAG_ID=dag
AIRFLOW_CTX_TASK_ID=materialized_view
AIRFLOW_CTX_EXECUTION_DATE=2022-12-07T19:43:58.035878+00:00
AIRFLOW_CTX_TRY_NUMBER=1
AIRFLOW_CTX_DAG_RUN_ID=manual__2022-12-07T19:43:58.035878+00:00
[2022-12-07T19:44:19.442+0000] {logging_mixin.py:137} INFO - var ['82adcbbbae7a13d16e0b68fa1f50c023', '***_user', '***_ps', '***_database']
[2022-12-07T19:44:19.462+0000] {logging_mixin.py:137} INFO - var ['82adcbbbae7a13d16e0b68fa1f50c023', '***_user', '***_ps', '***_database']
[2022-12-07T19:44:19.482+0000] {logging_mixin.py:137} INFO - var ['82adcbbbae7a13d16e0b68fa1f50c023', '***_user', '***_ps', '***_database']
[2022-12-07T19:44:19.545+0000] {logging_mixin.py:137} INFO - Postgresql connection created!
[2022-12-07T19:44:19.555+0000] {logging_mixin.py:137} INFO - Data successfully inserted!
[2022-12-07T19:44:19.561+0000] {python.py:177} INFO - Done. Returned value was: None
[2022-12-07T19:44:19.610+0000] {taskinstance.py:1406} INFO - Marking task as SUCCESS. dag_id=dag, task_id=materialized_view, execution_date=20221207T194358, start_date=20221207T194419, end_date=20221207T194419
[2022-12-07T19:44:19.689+0000] {local_task_job.py:159} INFO - Task exited with return code 0
[2022-12-07T19:44:19.791+0000] {taskinstance.py:2623} INFO - 0 downstream tasks scheduled from follow-on schedule check
