[2022-12-07T23:54:14.705+0000] {taskinstance.py:1165} INFO - Dependencies all met for <TaskInstance: dag.refresh_materialized manual__2022-12-07T23:53:59.845330+00:00 [queued]>
[2022-12-07T23:54:14.723+0000] {taskinstance.py:1165} INFO - Dependencies all met for <TaskInstance: dag.refresh_materialized manual__2022-12-07T23:53:59.845330+00:00 [queued]>
[2022-12-07T23:54:14.724+0000] {taskinstance.py:1362} INFO - 
--------------------------------------------------------------------------------
[2022-12-07T23:54:14.724+0000] {taskinstance.py:1363} INFO - Starting attempt 1 of 1
[2022-12-07T23:54:14.725+0000] {taskinstance.py:1364} INFO - 
--------------------------------------------------------------------------------
[2022-12-07T23:54:14.748+0000] {taskinstance.py:1383} INFO - Executing <Task(PostgresOperator): refresh_materialized> on 2022-12-07 23:53:59.845330+00:00
[2022-12-07T23:54:14.753+0000] {standard_task_runner.py:55} INFO - Started process 508 to run task
[2022-12-07T23:54:14.759+0000] {standard_task_runner.py:82} INFO - Running: ['***', 'tasks', 'run', 'dag', 'refresh_materialized', 'manual__2022-12-07T23:53:59.845330+00:00', '--job-id', '27', '--raw', '--subdir', 'DAGS_FOLDER/dag.py', '--cfg-path', '/tmp/tmp0sppz5q4']
[2022-12-07T23:54:14.760+0000] {standard_task_runner.py:83} INFO - Job 27: Subtask refresh_materialized
[2022-12-07T23:54:14.844+0000] {task_command.py:376} INFO - Running <TaskInstance: dag.refresh_materialized manual__2022-12-07T23:53:59.845330+00:00 [running]> on host 564356c68f54
[2022-12-07T23:54:14.970+0000] {taskinstance.py:1592} INFO - Exporting the following env vars:
AIRFLOW_CTX_DAG_OWNER=lofitravel
AIRFLOW_CTX_DAG_ID=dag
AIRFLOW_CTX_TASK_ID=refresh_materialized
AIRFLOW_CTX_EXECUTION_DATE=2022-12-07T23:53:59.845330+00:00
AIRFLOW_CTX_TRY_NUMBER=1
AIRFLOW_CTX_DAG_RUN_ID=manual__2022-12-07T23:53:59.845330+00:00
[2022-12-07T23:54:14.989+0000] {base.py:71} INFO - Using connection ID 'postgres_localhost' for task execution.
[2022-12-07T23:54:15.017+0000] {sql.py:315} INFO - Running statement: REFRESH MATERIALIZED VIEW predictions
        , parameters: None
[2022-12-07T23:54:15.051+0000] {taskinstance.py:1406} INFO - Marking task as SUCCESS. dag_id=dag, task_id=refresh_materialized, execution_date=20221207T235359, start_date=20221207T235414, end_date=20221207T235415
[2022-12-07T23:54:15.090+0000] {local_task_job.py:159} INFO - Task exited with return code 0
[2022-12-07T23:54:15.148+0000] {taskinstance.py:2623} INFO - 1 downstream tasks scheduled from follow-on schedule check
