[2022-12-07T07:18:36.063+0000] {taskinstance.py:1165} INFO - Dependencies all met for <TaskInstance: dag.task_0_0 manual__2022-12-07T07:18:34.388032+00:00 [queued]>
[2022-12-07T07:18:36.093+0000] {taskinstance.py:1165} INFO - Dependencies all met for <TaskInstance: dag.task_0_0 manual__2022-12-07T07:18:34.388032+00:00 [queued]>
[2022-12-07T07:18:36.095+0000] {taskinstance.py:1362} INFO - 
--------------------------------------------------------------------------------
[2022-12-07T07:18:36.096+0000] {taskinstance.py:1363} INFO - Starting attempt 1 of 1
[2022-12-07T07:18:36.097+0000] {taskinstance.py:1364} INFO - 
--------------------------------------------------------------------------------
[2022-12-07T07:18:36.191+0000] {taskinstance.py:1383} INFO - Executing <Task(PythonOperator): task_0_0> on 2022-12-07 07:18:34.388032+00:00
[2022-12-07T07:18:36.217+0000] {standard_task_runner.py:55} INFO - Started process 27992 to run task
[2022-12-07T07:18:36.227+0000] {standard_task_runner.py:82} INFO - Running: ['***', 'tasks', 'run', 'dag', 'task_0_0', 'manual__2022-12-07T07:18:34.388032+00:00', '--job-id', '1448', '--raw', '--subdir', 'DAGS_FOLDER/dag.py', '--cfg-path', '/tmp/tmp28aj526i']
[2022-12-07T07:18:36.233+0000] {standard_task_runner.py:83} INFO - Job 1448: Subtask task_0_0
[2022-12-07T07:18:36.392+0000] {task_command.py:376} INFO - Running <TaskInstance: dag.task_0_0 manual__2022-12-07T07:18:34.388032+00:00 [running]> on host 505aa50095aa
[2022-12-07T07:18:36.552+0000] {taskinstance.py:1592} INFO - Exporting the following env vars:
AIRFLOW_CTX_DAG_OWNER=lofitravel
AIRFLOW_CTX_DAG_ID=dag
AIRFLOW_CTX_TASK_ID=task_0_0
AIRFLOW_CTX_EXECUTION_DATE=2022-12-07T07:18:34.388032+00:00
AIRFLOW_CTX_TRY_NUMBER=1
AIRFLOW_CTX_DAG_RUN_ID=manual__2022-12-07T07:18:34.388032+00:00
[2022-12-07T07:18:37.609+0000] {logging_mixin.py:137} INFO - курс одного USD к EUR: 0.95701101
[2022-12-07T07:18:37.639+0000] {python.py:177} INFO - Done. Returned value was: None
[2022-12-07T07:18:37.681+0000] {taskinstance.py:1406} INFO - Marking task as SUCCESS. dag_id=dag, task_id=task_0_0, execution_date=20221207T071834, start_date=20221207T071836, end_date=20221207T071837
[2022-12-07T07:18:37.735+0000] {local_task_job.py:159} INFO - Task exited with return code 0
[2022-12-07T07:18:37.789+0000] {taskinstance.py:2623} INFO - 0 downstream tasks scheduled from follow-on schedule check
