[2022-12-04T15:58:00.801+0000] {taskinstance.py:1165} INFO - Dependencies all met for <TaskInstance: dag.task_1 scheduled__2022-12-04T15:57:00+00:00 [queued]>
[2022-12-04T15:58:00.815+0000] {taskinstance.py:1165} INFO - Dependencies all met for <TaskInstance: dag.task_1 scheduled__2022-12-04T15:57:00+00:00 [queued]>
[2022-12-04T15:58:00.815+0000] {taskinstance.py:1362} INFO - 
--------------------------------------------------------------------------------
[2022-12-04T15:58:00.816+0000] {taskinstance.py:1363} INFO - Starting attempt 1 of 1
[2022-12-04T15:58:00.817+0000] {taskinstance.py:1364} INFO - 
--------------------------------------------------------------------------------
[2022-12-04T15:58:00.834+0000] {taskinstance.py:1383} INFO - Executing <Task(BashOperator): task_1> on 2022-12-04 15:57:00+00:00
[2022-12-04T15:58:00.839+0000] {standard_task_runner.py:55} INFO - Started process 10173 to run task
[2022-12-04T15:58:00.845+0000] {standard_task_runner.py:82} INFO - Running: ['***', 'tasks', 'run', 'dag', 'task_1', 'scheduled__2022-12-04T15:57:00+00:00', '--job-id', '667', '--raw', '--subdir', 'DAGS_FOLDER/dag.py', '--cfg-path', '/tmp/tmpkfkf6993']
[2022-12-04T15:58:00.846+0000] {standard_task_runner.py:83} INFO - Job 667: Subtask task_1
[2022-12-04T15:58:00.940+0000] {task_command.py:376} INFO - Running <TaskInstance: dag.task_1 scheduled__2022-12-04T15:57:00+00:00 [running]> on host 37018d05bc9d
[2022-12-04T15:58:01.050+0000] {taskinstance.py:1592} INFO - Exporting the following env vars:
AIRFLOW_CTX_DAG_OWNER=lofitravel
AIRFLOW_CTX_DAG_ID=dag
AIRFLOW_CTX_TASK_ID=task_1
AIRFLOW_CTX_EXECUTION_DATE=2022-12-04T15:57:00+00:00
AIRFLOW_CTX_TRY_NUMBER=1
AIRFLOW_CTX_DAG_RUN_ID=scheduled__2022-12-04T15:57:00+00:00
[2022-12-04T15:58:01.052+0000] {subprocess.py:63} INFO - Tmp dir root location: 
 /tmp
[2022-12-04T15:58:01.053+0000] {subprocess.py:75} INFO - Running command: ['/bin/bash', '-c', 'echo "Hello World from Task 1"']
[2022-12-04T15:58:01.065+0000] {subprocess.py:86} INFO - Output:
[2022-12-04T15:58:01.067+0000] {subprocess.py:93} INFO - Hello World from Task 1
[2022-12-04T15:58:01.067+0000] {subprocess.py:97} INFO - Command exited with return code 0
[2022-12-04T15:58:01.104+0000] {taskinstance.py:1406} INFO - Marking task as SUCCESS. dag_id=dag, task_id=task_1, execution_date=20221204T155700, start_date=20221204T155800, end_date=20221204T155801
[2022-12-04T15:58:01.137+0000] {local_task_job.py:159} INFO - Task exited with return code 0
[2022-12-04T15:58:01.171+0000] {taskinstance.py:2623} INFO - 2 downstream tasks scheduled from follow-on schedule check
