[2022-12-07T08:09:31.071+0000] {taskinstance.py:1165} INFO - Dependencies all met for <TaskInstance: dag.create_table manual__2022-12-07T08:09:26.925153+00:00 [queued]>
[2022-12-07T08:09:31.097+0000] {taskinstance.py:1165} INFO - Dependencies all met for <TaskInstance: dag.create_table manual__2022-12-07T08:09:26.925153+00:00 [queued]>
[2022-12-07T08:09:31.098+0000] {taskinstance.py:1362} INFO - 
--------------------------------------------------------------------------------
[2022-12-07T08:09:31.099+0000] {taskinstance.py:1363} INFO - Starting attempt 1 of 1
[2022-12-07T08:09:31.100+0000] {taskinstance.py:1364} INFO - 
--------------------------------------------------------------------------------
[2022-12-07T08:09:31.130+0000] {taskinstance.py:1383} INFO - Executing <Task(PostgresOperator): create_table> on 2022-12-07 08:09:26.925153+00:00
[2022-12-07T08:09:31.136+0000] {standard_task_runner.py:55} INFO - Started process 30537 to run task
[2022-12-07T08:09:31.142+0000] {standard_task_runner.py:82} INFO - Running: ['***', 'tasks', 'run', 'dag', 'create_table', 'manual__2022-12-07T08:09:26.925153+00:00', '--job-id', '1568', '--raw', '--subdir', 'DAGS_FOLDER/dag.py', '--cfg-path', '/tmp/tmpxtp0wup0']
[2022-12-07T08:09:31.147+0000] {standard_task_runner.py:83} INFO - Job 1568: Subtask create_table
[2022-12-07T08:09:31.258+0000] {task_command.py:376} INFO - Running <TaskInstance: dag.create_table manual__2022-12-07T08:09:26.925153+00:00 [running]> on host 505aa50095aa
[2022-12-07T08:09:31.390+0000] {taskinstance.py:1592} INFO - Exporting the following env vars:
AIRFLOW_CTX_DAG_OWNER=lofitravel
AIRFLOW_CTX_DAG_ID=dag
AIRFLOW_CTX_TASK_ID=create_table
AIRFLOW_CTX_EXECUTION_DATE=2022-12-07T08:09:26.925153+00:00
AIRFLOW_CTX_TRY_NUMBER=1
AIRFLOW_CTX_DAG_RUN_ID=manual__2022-12-07T08:09:26.925153+00:00
[2022-12-07T08:09:31.412+0000] {base.py:71} INFO - Using connection ID 'postgres_localhost' for task execution.
[2022-12-07T08:09:31.426+0000] {sql.py:315} INFO - Running statement: 
        CREATE TABLE IF NOT EXISTS pairs(
            date TIMESTAMP NOT NULL,
            ticker_from VARCHAR(3) NOT NULL,
            ticker_to VARCHAR(3) NOT NULL,
            amount FLOAT NOT NULL);
        , parameters: None
[2022-12-07T08:09:31.429+0000] {postgres.py:96} INFO - NOTICE:  relation "pairs" already exists, skipping

[2022-12-07T08:09:31.455+0000] {taskinstance.py:1406} INFO - Marking task as SUCCESS. dag_id=dag, task_id=create_table, execution_date=20221207T080926, start_date=20221207T080931, end_date=20221207T080931
[2022-12-07T08:09:31.514+0000] {local_task_job.py:159} INFO - Task exited with return code 0
[2022-12-07T08:09:31.548+0000] {taskinstance.py:2623} INFO - 1 downstream tasks scheduled from follow-on schedule check
