[2022-12-05T19:08:28.696+0000] {taskinstance.py:1165} INFO - Dependencies all met for <TaskInstance: dag.task_0_0 manual__2022-12-05T19:08:23.978180+00:00 [queued]>
[2022-12-05T19:08:28.798+0000] {taskinstance.py:1165} INFO - Dependencies all met for <TaskInstance: dag.task_0_0 manual__2022-12-05T19:08:23.978180+00:00 [queued]>
[2022-12-05T19:08:28.823+0000] {taskinstance.py:1362} INFO - 
--------------------------------------------------------------------------------
[2022-12-05T19:08:28.840+0000] {taskinstance.py:1363} INFO - Starting attempt 1 of 1
[2022-12-05T19:08:28.849+0000] {taskinstance.py:1364} INFO - 
--------------------------------------------------------------------------------
[2022-12-05T19:08:29.031+0000] {taskinstance.py:1383} INFO - Executing <Task(PythonOperator): task_0_0> on 2022-12-05 19:08:23.978180+00:00
[2022-12-05T19:08:29.055+0000] {standard_task_runner.py:55} INFO - Started process 2542 to run task
[2022-12-05T19:08:29.080+0000] {standard_task_runner.py:82} INFO - Running: ['***', 'tasks', 'run', 'dag', 'task_0_0', 'manual__2022-12-05T19:08:23.978180+00:00', '--job-id', '910', '--raw', '--subdir', 'DAGS_FOLDER/dag.py', '--cfg-path', '/tmp/tmppmfct70l']
[2022-12-05T19:08:29.089+0000] {standard_task_runner.py:83} INFO - Job 910: Subtask task_0_0
[2022-12-05T19:08:29.454+0000] {task_command.py:376} INFO - Running <TaskInstance: dag.task_0_0 manual__2022-12-05T19:08:23.978180+00:00 [running]> on host 02acd0b59b6f
[2022-12-05T19:08:30.083+0000] {taskinstance.py:1592} INFO - Exporting the following env vars:
AIRFLOW_CTX_DAG_OWNER=lofitravel
AIRFLOW_CTX_DAG_ID=dag
AIRFLOW_CTX_TASK_ID=task_0_0
AIRFLOW_CTX_EXECUTION_DATE=2022-12-05T19:08:23.978180+00:00
AIRFLOW_CTX_TRY_NUMBER=1
AIRFLOW_CTX_DAG_RUN_ID=manual__2022-12-05T19:08:23.978180+00:00
[2022-12-05T19:08:31.150+0000] {logging_mixin.py:137} INFO - курс одного USD к EUR: 0.9527082
[2022-12-05T19:08:31.151+0000] {python.py:177} INFO - Done. Returned value was: None
[2022-12-05T19:08:31.180+0000] {taskinstance.py:1406} INFO - Marking task as SUCCESS. dag_id=dag, task_id=task_0_0, execution_date=20221205T190823, start_date=20221205T190828, end_date=20221205T190831
[2022-12-05T19:08:31.231+0000] {local_task_job.py:159} INFO - Task exited with return code 0
[2022-12-05T19:08:31.336+0000] {taskinstance.py:2623} INFO - 1 downstream tasks scheduled from follow-on schedule check
