[2022-12-04T14:12:04.451+0000] {taskinstance.py:1165} INFO - Dependencies all met for <TaskInstance: dag.task_4 scheduled__2022-12-04T14:11:00+00:00 [queued]>
[2022-12-04T14:12:04.464+0000] {taskinstance.py:1165} INFO - Dependencies all met for <TaskInstance: dag.task_4 scheduled__2022-12-04T14:11:00+00:00 [queued]>
[2022-12-04T14:12:04.465+0000] {taskinstance.py:1362} INFO - 
--------------------------------------------------------------------------------
[2022-12-04T14:12:04.466+0000] {taskinstance.py:1363} INFO - Starting attempt 1 of 1
[2022-12-04T14:12:04.466+0000] {taskinstance.py:1364} INFO - 
--------------------------------------------------------------------------------
[2022-12-04T14:12:04.482+0000] {taskinstance.py:1383} INFO - Executing <Task(BashOperator): task_4> on 2022-12-04 14:11:00+00:00
[2022-12-04T14:12:04.487+0000] {standard_task_runner.py:55} INFO - Started process 3985 to run task
[2022-12-04T14:12:04.491+0000] {standard_task_runner.py:82} INFO - Running: ['***', 'tasks', 'run', 'dag', 'task_4', 'scheduled__2022-12-04T14:11:00+00:00', '--job-id', '246', '--raw', '--subdir', 'DAGS_FOLDER/dag.py', '--cfg-path', '/tmp/tmphsx_2u9y']
[2022-12-04T14:12:04.492+0000] {standard_task_runner.py:83} INFO - Job 246: Subtask task_4
[2022-12-04T14:12:04.569+0000] {task_command.py:376} INFO - Running <TaskInstance: dag.task_4 scheduled__2022-12-04T14:11:00+00:00 [running]> on host 37018d05bc9d
[2022-12-04T14:12:04.651+0000] {taskinstance.py:1592} INFO - Exporting the following env vars:
AIRFLOW_CTX_DAG_OWNER=lofitravel
AIRFLOW_CTX_DAG_ID=dag
AIRFLOW_CTX_TASK_ID=task_4
AIRFLOW_CTX_EXECUTION_DATE=2022-12-04T14:11:00+00:00
AIRFLOW_CTX_TRY_NUMBER=1
AIRFLOW_CTX_DAG_RUN_ID=scheduled__2022-12-04T14:11:00+00:00
[2022-12-04T14:12:04.652+0000] {subprocess.py:63} INFO - Tmp dir root location: 
 /tmp
[2022-12-04T14:12:04.653+0000] {subprocess.py:75} INFO - Running command: ['/bin/bash', '-c', 'echo "Hello World from Task 4"']
[2022-12-04T14:12:04.662+0000] {subprocess.py:86} INFO - Output:
[2022-12-04T14:12:04.663+0000] {subprocess.py:93} INFO - Hello World from Task 4
[2022-12-04T14:12:04.664+0000] {subprocess.py:97} INFO - Command exited with return code 0
[2022-12-04T14:12:04.690+0000] {taskinstance.py:1406} INFO - Marking task as SUCCESS. dag_id=dag, task_id=task_4, execution_date=20221204T141100, start_date=20221204T141204, end_date=20221204T141204
[2022-12-04T14:12:04.743+0000] {local_task_job.py:159} INFO - Task exited with return code 0
[2022-12-04T14:12:04.764+0000] {taskinstance.py:2623} INFO - 0 downstream tasks scheduled from follow-on schedule check
