[2022-12-07T23:48:34.279+0000] {taskinstance.py:1165} INFO - Dependencies all met for <TaskInstance: dag.task_0_1 scheduled__2022-12-06T00:00:00+00:00 [queued]>
[2022-12-07T23:48:34.317+0000] {taskinstance.py:1165} INFO - Dependencies all met for <TaskInstance: dag.task_0_1 scheduled__2022-12-06T00:00:00+00:00 [queued]>
[2022-12-07T23:48:34.320+0000] {taskinstance.py:1362} INFO - 
--------------------------------------------------------------------------------
[2022-12-07T23:48:34.323+0000] {taskinstance.py:1363} INFO - Starting attempt 1 of 1
[2022-12-07T23:48:34.324+0000] {taskinstance.py:1364} INFO - 
--------------------------------------------------------------------------------
[2022-12-07T23:48:34.395+0000] {taskinstance.py:1383} INFO - Executing <Task(PythonOperator): task_0_1> on 2022-12-06 00:00:00+00:00
[2022-12-07T23:48:34.408+0000] {standard_task_runner.py:55} INFO - Started process 219 to run task
[2022-12-07T23:48:34.446+0000] {standard_task_runner.py:82} INFO - Running: ['***', 'tasks', 'run', 'dag', 'task_0_1', 'scheduled__2022-12-06T00:00:00+00:00', '--job-id', '9', '--raw', '--subdir', 'DAGS_FOLDER/dag.py', '--cfg-path', '/tmp/tmp05n3u_3s']
[2022-12-07T23:48:34.454+0000] {standard_task_runner.py:83} INFO - Job 9: Subtask task_0_1
[2022-12-07T23:48:34.795+0000] {task_command.py:376} INFO - Running <TaskInstance: dag.task_0_1 scheduled__2022-12-06T00:00:00+00:00 [running]> on host 564356c68f54
[2022-12-07T23:48:35.302+0000] {taskinstance.py:1592} INFO - Exporting the following env vars:
AIRFLOW_CTX_DAG_OWNER=lofitravel
AIRFLOW_CTX_DAG_ID=dag
AIRFLOW_CTX_TASK_ID=task_0_1
AIRFLOW_CTX_EXECUTION_DATE=2022-12-06T00:00:00+00:00
AIRFLOW_CTX_TRY_NUMBER=1
AIRFLOW_CTX_DAG_RUN_ID=scheduled__2022-12-06T00:00:00+00:00
[2022-12-07T23:48:35.977+0000] {logging_mixin.py:137} INFO - курс одного USD к RUB: 62.0242022
[2022-12-07T23:48:36.034+0000] {python.py:177} INFO - Done. Returned value was: None
[2022-12-07T23:48:36.076+0000] {taskinstance.py:1406} INFO - Marking task as SUCCESS. dag_id=dag, task_id=task_0_1, execution_date=20221206T000000, start_date=20221207T234834, end_date=20221207T234836
[2022-12-07T23:48:36.182+0000] {local_task_job.py:159} INFO - Task exited with return code 0
[2022-12-07T23:48:36.239+0000] {taskinstance.py:2623} INFO - 0 downstream tasks scheduled from follow-on schedule check
