[2022-12-07T13:19:41.495+0000] {taskinstance.py:1165} INFO - Dependencies all met for <TaskInstance: dag.pull_data manual__2022-12-07T13:19:32.849330+00:00 [queued]>
[2022-12-07T13:19:41.517+0000] {taskinstance.py:1165} INFO - Dependencies all met for <TaskInstance: dag.pull_data manual__2022-12-07T13:19:32.849330+00:00 [queued]>
[2022-12-07T13:19:41.519+0000] {taskinstance.py:1362} INFO - 
--------------------------------------------------------------------------------
[2022-12-07T13:19:41.520+0000] {taskinstance.py:1363} INFO - Starting attempt 1 of 1
[2022-12-07T13:19:41.520+0000] {taskinstance.py:1364} INFO - 
--------------------------------------------------------------------------------
[2022-12-07T13:19:41.544+0000] {taskinstance.py:1383} INFO - Executing <Task(PythonOperator): pull_data> on 2022-12-07 13:19:32.849330+00:00
[2022-12-07T13:19:41.550+0000] {standard_task_runner.py:55} INFO - Started process 1803 to run task
[2022-12-07T13:19:41.557+0000] {standard_task_runner.py:82} INFO - Running: ['***', 'tasks', 'run', 'dag', 'pull_data', 'manual__2022-12-07T13:19:32.849330+00:00', '--job-id', '1760', '--raw', '--subdir', 'DAGS_FOLDER/dag.py', '--cfg-path', '/tmp/tmpfl9_2lqo']
[2022-12-07T13:19:41.558+0000] {standard_task_runner.py:83} INFO - Job 1760: Subtask pull_data
[2022-12-07T13:19:41.671+0000] {task_command.py:376} INFO - Running <TaskInstance: dag.pull_data manual__2022-12-07T13:19:32.849330+00:00 [running]> on host 6c11163b5e64
[2022-12-07T13:19:41.808+0000] {taskinstance.py:1592} INFO - Exporting the following env vars:
AIRFLOW_CTX_DAG_OWNER=lofitravel
AIRFLOW_CTX_DAG_ID=dag
AIRFLOW_CTX_TASK_ID=pull_data
AIRFLOW_CTX_EXECUTION_DATE=2022-12-07T13:19:32.849330+00:00
AIRFLOW_CTX_TRY_NUMBER=1
AIRFLOW_CTX_DAG_RUN_ID=manual__2022-12-07T13:19:32.849330+00:00
[2022-12-07T13:19:41.837+0000] {logging_mixin.py:137} INFO - var ['82adcbbbae7a13d16e0b68fa1f50c023', '***_user', '***_ps', '***_database']
[2022-12-07T13:19:41.846+0000] {logging_mixin.py:137} INFO - var ['82adcbbbae7a13d16e0b68fa1f50c023', '***_user', '***_ps', '***_database']
[2022-12-07T13:19:41.856+0000] {logging_mixin.py:137} INFO - var ['82adcbbbae7a13d16e0b68fa1f50c023', '***_user', '***_ps', '***_database']
[2022-12-07T13:19:41.872+0000] {logging_mixin.py:137} INFO - Postgresql connection created!
[2022-12-07T13:19:41.875+0000] {logging_mixin.py:137} INFO - duplicate key value violates unique constraint "pairs_pkey"
DETAIL:  Key (date, ticker_from, ticker_to)=(2022-12-07 00:00:00, USD, EUR) already exists.
[2022-12-07T13:19:41.876+0000] {python.py:177} INFO - Done. Returned value was: None
[2022-12-07T13:19:41.898+0000] {taskinstance.py:1406} INFO - Marking task as SUCCESS. dag_id=dag, task_id=pull_data, execution_date=20221207T131932, start_date=20221207T131941, end_date=20221207T131941
[2022-12-07T13:19:41.928+0000] {local_task_job.py:159} INFO - Task exited with return code 0
[2022-12-07T13:19:41.956+0000] {taskinstance.py:2623} INFO - 0 downstream tasks scheduled from follow-on schedule check
