[2022-12-04T13:26:02.782+0000] {taskinstance.py:1165} INFO - Dependencies all met for <TaskInstance: dag.task_2 scheduled__2022-12-04T13:25:00+00:00 [queued]>
[2022-12-04T13:26:02.797+0000] {taskinstance.py:1165} INFO - Dependencies all met for <TaskInstance: dag.task_2 scheduled__2022-12-04T13:25:00+00:00 [queued]>
[2022-12-04T13:26:02.797+0000] {taskinstance.py:1362} INFO - 
--------------------------------------------------------------------------------
[2022-12-04T13:26:02.798+0000] {taskinstance.py:1363} INFO - Starting attempt 1 of 1
[2022-12-04T13:26:02.798+0000] {taskinstance.py:1364} INFO - 
--------------------------------------------------------------------------------
[2022-12-04T13:26:02.816+0000] {taskinstance.py:1383} INFO - Executing <Task(BashOperator): task_2> on 2022-12-04 13:25:00+00:00
[2022-12-04T13:26:02.821+0000] {standard_task_runner.py:55} INFO - Started process 1295 to run task
[2022-12-04T13:26:02.825+0000] {standard_task_runner.py:82} INFO - Running: ['***', 'tasks', 'run', 'dag', 'task_2', 'scheduled__2022-12-04T13:25:00+00:00', '--job-id', '60', '--raw', '--subdir', 'DAGS_FOLDER/dag.py', '--cfg-path', '/tmp/tmpbdwnrxfy']
[2022-12-04T13:26:02.825+0000] {standard_task_runner.py:83} INFO - Job 60: Subtask task_2
[2022-12-04T13:26:02.902+0000] {task_command.py:376} INFO - Running <TaskInstance: dag.task_2 scheduled__2022-12-04T13:25:00+00:00 [running]> on host 37018d05bc9d
[2022-12-04T13:26:02.997+0000] {taskinstance.py:1592} INFO - Exporting the following env vars:
AIRFLOW_CTX_DAG_OWNER=lofitravel
AIRFLOW_CTX_DAG_ID=dag
AIRFLOW_CTX_TASK_ID=task_2
AIRFLOW_CTX_EXECUTION_DATE=2022-12-04T13:25:00+00:00
AIRFLOW_CTX_TRY_NUMBER=1
AIRFLOW_CTX_DAG_RUN_ID=scheduled__2022-12-04T13:25:00+00:00
[2022-12-04T13:26:02.998+0000] {subprocess.py:63} INFO - Tmp dir root location: 
 /tmp
[2022-12-04T13:26:02.999+0000] {subprocess.py:75} INFO - Running command: ['/bin/bash', '-c', 'echo "Hello World from Task 2"']
[2022-12-04T13:26:03.011+0000] {subprocess.py:86} INFO - Output:
[2022-12-04T13:26:03.013+0000] {subprocess.py:93} INFO - Hello World from Task 2
[2022-12-04T13:26:03.013+0000] {subprocess.py:97} INFO - Command exited with return code 0
[2022-12-04T13:26:03.053+0000] {taskinstance.py:1406} INFO - Marking task as SUCCESS. dag_id=dag, task_id=task_2, execution_date=20221204T132500, start_date=20221204T132602, end_date=20221204T132603
[2022-12-04T13:26:03.116+0000] {local_task_job.py:159} INFO - Task exited with return code 0
[2022-12-04T13:26:03.160+0000] {taskinstance.py:2623} INFO - 1 downstream tasks scheduled from follow-on schedule check
