[2022-12-06T22:26:28.527+0000] {taskinstance.py:1165} INFO - Dependencies all met for <TaskInstance: dag.task_1_0 manual__2022-12-06T22:26:26.494006+00:00 [queued]>
[2022-12-06T22:26:28.547+0000] {taskinstance.py:1165} INFO - Dependencies all met for <TaskInstance: dag.task_1_0 manual__2022-12-06T22:26:26.494006+00:00 [queued]>
[2022-12-06T22:26:28.548+0000] {taskinstance.py:1362} INFO - 
--------------------------------------------------------------------------------
[2022-12-06T22:26:28.549+0000] {taskinstance.py:1363} INFO - Starting attempt 1 of 1
[2022-12-06T22:26:28.550+0000] {taskinstance.py:1364} INFO - 
--------------------------------------------------------------------------------
[2022-12-06T22:26:28.577+0000] {taskinstance.py:1383} INFO - Executing <Task(PythonOperator): task_1_0> on 2022-12-06 22:26:26.494006+00:00
[2022-12-06T22:26:28.585+0000] {standard_task_runner.py:55} INFO - Started process 2806 to run task
[2022-12-06T22:26:28.592+0000] {standard_task_runner.py:82} INFO - Running: ['***', 'tasks', 'run', 'dag', 'task_1_0', 'manual__2022-12-06T22:26:26.494006+00:00', '--job-id', '1227', '--raw', '--subdir', 'DAGS_FOLDER/dag.py', '--cfg-path', '/tmp/tmplj0j9bzn']
[2022-12-06T22:26:28.593+0000] {standard_task_runner.py:83} INFO - Job 1227: Subtask task_1_0
[2022-12-06T22:26:28.730+0000] {task_command.py:376} INFO - Running <TaskInstance: dag.task_1_0 manual__2022-12-06T22:26:26.494006+00:00 [running]> on host 505aa50095aa
[2022-12-06T22:26:28.877+0000] {taskinstance.py:1592} INFO - Exporting the following env vars:
AIRFLOW_CTX_DAG_OWNER=lofitravel
AIRFLOW_CTX_DAG_ID=dag
AIRFLOW_CTX_TASK_ID=task_1_0
AIRFLOW_CTX_EXECUTION_DATE=2022-12-06T22:26:26.494006+00:00
AIRFLOW_CTX_TRY_NUMBER=1
AIRFLOW_CTX_DAG_RUN_ID=manual__2022-12-06T22:26:26.494006+00:00
[2022-12-06T22:26:30.384+0000] {logging_mixin.py:137} INFO - курс одного EUR к RUB: 66.34687127
[2022-12-06T22:26:30.417+0000] {python.py:177} INFO - Done. Returned value was: None
[2022-12-06T22:26:30.446+0000] {taskinstance.py:1406} INFO - Marking task as SUCCESS. dag_id=dag, task_id=task_1_0, execution_date=20221206T222626, start_date=20221206T222628, end_date=20221206T222630
[2022-12-06T22:26:30.495+0000] {local_task_job.py:159} INFO - Task exited with return code 0
[2022-12-06T22:26:30.561+0000] {taskinstance.py:2623} INFO - 1 downstream tasks scheduled from follow-on schedule check
