[2022-12-07T14:48:58.389+0000] {taskinstance.py:1165} INFO - Dependencies all met for <TaskInstance: dag.task_0_1 manual__2022-12-07T14:48:56.860060+00:00 [queued]>
[2022-12-07T14:48:58.403+0000] {taskinstance.py:1165} INFO - Dependencies all met for <TaskInstance: dag.task_0_1 manual__2022-12-07T14:48:56.860060+00:00 [queued]>
[2022-12-07T14:48:58.404+0000] {taskinstance.py:1362} INFO - 
--------------------------------------------------------------------------------
[2022-12-07T14:48:58.404+0000] {taskinstance.py:1363} INFO - Starting attempt 1 of 1
[2022-12-07T14:48:58.405+0000] {taskinstance.py:1364} INFO - 
--------------------------------------------------------------------------------
[2022-12-07T14:48:58.423+0000] {taskinstance.py:1383} INFO - Executing <Task(PythonOperator): task_0_1> on 2022-12-07 14:48:56.860060+00:00
[2022-12-07T14:48:58.428+0000] {standard_task_runner.py:55} INFO - Started process 160 to run task
[2022-12-07T14:48:58.435+0000] {standard_task_runner.py:82} INFO - Running: ['***', 'tasks', 'run', 'dag', 'task_0_1', 'manual__2022-12-07T14:48:56.860060+00:00', '--job-id', '1794', '--raw', '--subdir', 'DAGS_FOLDER/dag.py', '--cfg-path', '/tmp/tmp49gvy9xk']
[2022-12-07T14:48:58.436+0000] {standard_task_runner.py:83} INFO - Job 1794: Subtask task_0_1
[2022-12-07T14:48:58.529+0000] {task_command.py:376} INFO - Running <TaskInstance: dag.task_0_1 manual__2022-12-07T14:48:56.860060+00:00 [running]> on host 20d9dd97c6ff
[2022-12-07T14:48:58.643+0000] {taskinstance.py:1592} INFO - Exporting the following env vars:
AIRFLOW_CTX_DAG_OWNER=lofitravel
AIRFLOW_CTX_DAG_ID=dag
AIRFLOW_CTX_TASK_ID=task_0_1
AIRFLOW_CTX_EXECUTION_DATE=2022-12-07T14:48:56.860060+00:00
AIRFLOW_CTX_TRY_NUMBER=1
AIRFLOW_CTX_DAG_RUN_ID=manual__2022-12-07T14:48:56.860060+00:00
[2022-12-07T14:48:59.288+0000] {logging_mixin.py:137} INFO - курс одного USD к RUB: 62.91401998
[2022-12-07T14:48:59.308+0000] {python.py:177} INFO - Done. Returned value was: None
[2022-12-07T14:48:59.324+0000] {taskinstance.py:1406} INFO - Marking task as SUCCESS. dag_id=dag, task_id=task_0_1, execution_date=20221207T144856, start_date=20221207T144858, end_date=20221207T144859
[2022-12-07T14:48:59.369+0000] {local_task_job.py:159} INFO - Task exited with return code 0
[2022-12-07T14:48:59.401+0000] {taskinstance.py:2623} INFO - 0 downstream tasks scheduled from follow-on schedule check
