[2022-12-07T11:20:49.061+0000] {taskinstance.py:1165} INFO - Dependencies all met for <TaskInstance: dag.task_0_1 manual__2022-12-07T11:20:46.902044+00:00 [queued]>
[2022-12-07T11:20:49.077+0000] {taskinstance.py:1165} INFO - Dependencies all met for <TaskInstance: dag.task_0_1 manual__2022-12-07T11:20:46.902044+00:00 [queued]>
[2022-12-07T11:20:49.077+0000] {taskinstance.py:1362} INFO - 
--------------------------------------------------------------------------------
[2022-12-07T11:20:49.078+0000] {taskinstance.py:1363} INFO - Starting attempt 1 of 1
[2022-12-07T11:20:49.078+0000] {taskinstance.py:1364} INFO - 
--------------------------------------------------------------------------------
[2022-12-07T11:20:49.103+0000] {taskinstance.py:1383} INFO - Executing <Task(PythonOperator): task_0_1> on 2022-12-07 11:20:46.902044+00:00
[2022-12-07T11:20:49.109+0000] {standard_task_runner.py:55} INFO - Started process 3076 to run task
[2022-12-07T11:20:49.114+0000] {standard_task_runner.py:82} INFO - Running: ['***', 'tasks', 'run', 'dag', 'task_0_1', 'manual__2022-12-07T11:20:46.902044+00:00', '--job-id', '1730', '--raw', '--subdir', 'DAGS_FOLDER/dag.py', '--cfg-path', '/tmp/tmpe6a9uu4e']
[2022-12-07T11:20:49.115+0000] {standard_task_runner.py:83} INFO - Job 1730: Subtask task_0_1
[2022-12-07T11:20:49.224+0000] {task_command.py:376} INFO - Running <TaskInstance: dag.task_0_1 manual__2022-12-07T11:20:46.902044+00:00 [running]> on host ede3719a0239
[2022-12-07T11:20:49.415+0000] {taskinstance.py:1592} INFO - Exporting the following env vars:
AIRFLOW_CTX_DAG_OWNER=lofitravel
AIRFLOW_CTX_DAG_ID=dag
AIRFLOW_CTX_TASK_ID=task_0_1
AIRFLOW_CTX_EXECUTION_DATE=2022-12-07T11:20:46.902044+00:00
AIRFLOW_CTX_TRY_NUMBER=1
AIRFLOW_CTX_DAG_RUN_ID=manual__2022-12-07T11:20:46.902044+00:00
[2022-12-07T11:20:50.070+0000] {logging_mixin.py:137} INFO - курс одного USD к RUB: 62.86018558
[2022-12-07T11:20:50.094+0000] {python.py:177} INFO - Done. Returned value was: None
[2022-12-07T11:20:50.110+0000] {taskinstance.py:1406} INFO - Marking task as SUCCESS. dag_id=dag, task_id=task_0_1, execution_date=20221207T112046, start_date=20221207T112049, end_date=20221207T112050
[2022-12-07T11:20:50.170+0000] {local_task_job.py:159} INFO - Task exited with return code 0
[2022-12-07T11:20:50.193+0000] {taskinstance.py:2623} INFO - 0 downstream tasks scheduled from follow-on schedule check
