[2022-12-04T13:50:02.384+0000] {taskinstance.py:1165} INFO - Dependencies all met for <TaskInstance: dag.task_3 scheduled__2022-12-04T13:49:00+00:00 [queued]>
[2022-12-04T13:50:02.425+0000] {taskinstance.py:1165} INFO - Dependencies all met for <TaskInstance: dag.task_3 scheduled__2022-12-04T13:49:00+00:00 [queued]>
[2022-12-04T13:50:02.428+0000] {taskinstance.py:1362} INFO - 
--------------------------------------------------------------------------------
[2022-12-04T13:50:02.429+0000] {taskinstance.py:1363} INFO - Starting attempt 1 of 1
[2022-12-04T13:50:02.430+0000] {taskinstance.py:1364} INFO - 
--------------------------------------------------------------------------------
[2022-12-04T13:50:02.460+0000] {taskinstance.py:1383} INFO - Executing <Task(BashOperator): task_3> on 2022-12-04 13:49:00+00:00
[2022-12-04T13:50:02.467+0000] {standard_task_runner.py:55} INFO - Started process 2685 to run task
[2022-12-04T13:50:02.473+0000] {standard_task_runner.py:82} INFO - Running: ['***', 'tasks', 'run', 'dag', 'task_3', 'scheduled__2022-12-04T13:49:00+00:00', '--job-id', '156', '--raw', '--subdir', 'DAGS_FOLDER/dag.py', '--cfg-path', '/tmp/tmpptcij6ry']
[2022-12-04T13:50:02.475+0000] {standard_task_runner.py:83} INFO - Job 156: Subtask task_3
[2022-12-04T13:50:02.748+0000] {task_command.py:376} INFO - Running <TaskInstance: dag.task_3 scheduled__2022-12-04T13:49:00+00:00 [running]> on host 37018d05bc9d
[2022-12-04T13:50:02.926+0000] {taskinstance.py:1592} INFO - Exporting the following env vars:
AIRFLOW_CTX_DAG_OWNER=lofitravel
AIRFLOW_CTX_DAG_ID=dag
AIRFLOW_CTX_TASK_ID=task_3
AIRFLOW_CTX_EXECUTION_DATE=2022-12-04T13:49:00+00:00
AIRFLOW_CTX_TRY_NUMBER=1
AIRFLOW_CTX_DAG_RUN_ID=scheduled__2022-12-04T13:49:00+00:00
[2022-12-04T13:50:02.928+0000] {subprocess.py:63} INFO - Tmp dir root location: 
 /tmp
[2022-12-04T13:50:02.929+0000] {subprocess.py:75} INFO - Running command: ['/bin/bash', '-c', 'echo "Hello World from Task 3"']
[2022-12-04T13:50:02.949+0000] {subprocess.py:86} INFO - Output:
[2022-12-04T13:50:02.951+0000] {subprocess.py:93} INFO - Hello World from Task 3
[2022-12-04T13:50:02.953+0000] {subprocess.py:97} INFO - Command exited with return code 0
[2022-12-04T13:50:03.008+0000] {taskinstance.py:1406} INFO - Marking task as SUCCESS. dag_id=dag, task_id=task_3, execution_date=20221204T134900, start_date=20221204T135002, end_date=20221204T135003
[2022-12-04T13:50:03.078+0000] {local_task_job.py:159} INFO - Task exited with return code 0
[2022-12-04T13:50:03.131+0000] {taskinstance.py:2623} INFO - 0 downstream tasks scheduled from follow-on schedule check
