[2022-12-07T19:23:36.189+0000] {taskinstance.py:1165} INFO - Dependencies all met for <TaskInstance: dag.materialized_view manual__2022-12-07T19:23:13.207851+00:00 [queued]>
[2022-12-07T19:23:36.222+0000] {taskinstance.py:1165} INFO - Dependencies all met for <TaskInstance: dag.materialized_view manual__2022-12-07T19:23:13.207851+00:00 [queued]>
[2022-12-07T19:23:36.225+0000] {taskinstance.py:1362} INFO - 
--------------------------------------------------------------------------------
[2022-12-07T19:23:36.228+0000] {taskinstance.py:1363} INFO - Starting attempt 1 of 1
[2022-12-07T19:23:36.232+0000] {taskinstance.py:1364} INFO - 
--------------------------------------------------------------------------------
[2022-12-07T19:23:36.283+0000] {taskinstance.py:1383} INFO - Executing <Task(PythonOperator): materialized_view> on 2022-12-07 19:23:13.207851+00:00
[2022-12-07T19:23:36.304+0000] {standard_task_runner.py:55} INFO - Started process 5865 to run task
[2022-12-07T19:23:36.318+0000] {standard_task_runner.py:82} INFO - Running: ['***', 'tasks', 'run', 'dag', 'materialized_view', 'manual__2022-12-07T19:23:13.207851+00:00', '--job-id', '1888', '--raw', '--subdir', 'DAGS_FOLDER/dag.py', '--cfg-path', '/tmp/tmplka1k_4h']
[2022-12-07T19:23:36.320+0000] {standard_task_runner.py:83} INFO - Job 1888: Subtask materialized_view
[2022-12-07T19:23:36.483+0000] {task_command.py:376} INFO - Running <TaskInstance: dag.materialized_view manual__2022-12-07T19:23:13.207851+00:00 [running]> on host a9d6893ff63e
[2022-12-07T19:23:36.725+0000] {taskinstance.py:1592} INFO - Exporting the following env vars:
AIRFLOW_CTX_DAG_OWNER=lofitravel
AIRFLOW_CTX_DAG_ID=dag
AIRFLOW_CTX_TASK_ID=materialized_view
AIRFLOW_CTX_EXECUTION_DATE=2022-12-07T19:23:13.207851+00:00
AIRFLOW_CTX_TRY_NUMBER=1
AIRFLOW_CTX_DAG_RUN_ID=manual__2022-12-07T19:23:13.207851+00:00
[2022-12-07T19:23:36.741+0000] {logging_mixin.py:137} INFO - var ['82adcbbbae7a13d16e0b68fa1f50c023', '***_user', '***_ps', '***_database']
[2022-12-07T19:23:36.755+0000] {logging_mixin.py:137} INFO - var ['82adcbbbae7a13d16e0b68fa1f50c023', '***_user', '***_ps', '***_database']
[2022-12-07T19:23:36.782+0000] {logging_mixin.py:137} INFO - var ['82adcbbbae7a13d16e0b68fa1f50c023', '***_user', '***_ps', '***_database']
[2022-12-07T19:23:36.803+0000] {logging_mixin.py:137} INFO - Postgresql connection created!
[2022-12-07T19:23:36.805+0000] {logging_mixin.py:137} INFO - Data successfully inserted!
[2022-12-07T19:23:36.807+0000] {python.py:177} INFO - Done. Returned value was: None
[2022-12-07T19:23:36.850+0000] {taskinstance.py:1406} INFO - Marking task as SUCCESS. dag_id=dag, task_id=materialized_view, execution_date=20221207T192313, start_date=20221207T192336, end_date=20221207T192336
[2022-12-07T19:23:36.932+0000] {local_task_job.py:159} INFO - Task exited with return code 0
[2022-12-07T19:23:37.021+0000] {taskinstance.py:2623} INFO - 1 downstream tasks scheduled from follow-on schedule check
