[2022-12-07T19:23:18.912+0000] {taskinstance.py:1165} INFO - Dependencies all met for <TaskInstance: dag.task_0_1 manual__2022-12-07T19:23:13.207851+00:00 [queued]>
[2022-12-07T19:23:19.005+0000] {taskinstance.py:1165} INFO - Dependencies all met for <TaskInstance: dag.task_0_1 manual__2022-12-07T19:23:13.207851+00:00 [queued]>
[2022-12-07T19:23:19.031+0000] {taskinstance.py:1362} INFO - 
--------------------------------------------------------------------------------
[2022-12-07T19:23:19.065+0000] {taskinstance.py:1363} INFO - Starting attempt 1 of 1
[2022-12-07T19:23:19.096+0000] {taskinstance.py:1364} INFO - 
--------------------------------------------------------------------------------
[2022-12-07T19:23:19.255+0000] {taskinstance.py:1383} INFO - Executing <Task(PythonOperator): task_0_1> on 2022-12-07 19:23:13.207851+00:00
[2022-12-07T19:23:19.295+0000] {standard_task_runner.py:55} INFO - Started process 5846 to run task
[2022-12-07T19:23:19.324+0000] {standard_task_runner.py:82} INFO - Running: ['***', 'tasks', 'run', 'dag', 'task_0_1', 'manual__2022-12-07T19:23:13.207851+00:00', '--job-id', '1883', '--raw', '--subdir', 'DAGS_FOLDER/dag.py', '--cfg-path', '/tmp/tmpbdmb3pgo']
[2022-12-07T19:23:19.326+0000] {standard_task_runner.py:83} INFO - Job 1883: Subtask task_0_1
[2022-12-07T19:23:19.754+0000] {task_command.py:376} INFO - Running <TaskInstance: dag.task_0_1 manual__2022-12-07T19:23:13.207851+00:00 [running]> on host a9d6893ff63e
[2022-12-07T19:23:20.656+0000] {taskinstance.py:1592} INFO - Exporting the following env vars:
AIRFLOW_CTX_DAG_OWNER=lofitravel
AIRFLOW_CTX_DAG_ID=dag
AIRFLOW_CTX_TASK_ID=task_0_1
AIRFLOW_CTX_EXECUTION_DATE=2022-12-07T19:23:13.207851+00:00
AIRFLOW_CTX_TRY_NUMBER=1
AIRFLOW_CTX_DAG_RUN_ID=manual__2022-12-07T19:23:13.207851+00:00
[2022-12-07T19:23:25.563+0000] {logging_mixin.py:137} INFO - курс одного USD к RUB: 63.48500466
[2022-12-07T19:23:25.631+0000] {python.py:177} INFO - Done. Returned value was: None
[2022-12-07T19:23:25.685+0000] {taskinstance.py:1406} INFO - Marking task as SUCCESS. dag_id=dag, task_id=task_0_1, execution_date=20221207T192313, start_date=20221207T192318, end_date=20221207T192325
[2022-12-07T19:23:25.752+0000] {local_task_job.py:159} INFO - Task exited with return code 0
[2022-12-07T19:23:25.879+0000] {taskinstance.py:2623} INFO - 0 downstream tasks scheduled from follow-on schedule check
