[2022-12-06T22:51:28.811+0000] {taskinstance.py:1165} INFO - Dependencies all met for <TaskInstance: dag.task_1_0 manual__2022-12-06T22:51:27.376733+00:00 [queued]>
[2022-12-06T22:51:28.825+0000] {taskinstance.py:1165} INFO - Dependencies all met for <TaskInstance: dag.task_1_0 manual__2022-12-06T22:51:27.376733+00:00 [queued]>
[2022-12-06T22:51:28.826+0000] {taskinstance.py:1362} INFO - 
--------------------------------------------------------------------------------
[2022-12-06T22:51:28.826+0000] {taskinstance.py:1363} INFO - Starting attempt 1 of 1
[2022-12-06T22:51:28.827+0000] {taskinstance.py:1364} INFO - 
--------------------------------------------------------------------------------
[2022-12-06T22:51:28.860+0000] {taskinstance.py:1383} INFO - Executing <Task(PythonOperator): task_1_0> on 2022-12-06 22:51:27.376733+00:00
[2022-12-06T22:51:28.865+0000] {standard_task_runner.py:55} INFO - Started process 4087 to run task
[2022-12-06T22:51:28.870+0000] {standard_task_runner.py:82} INFO - Running: ['***', 'tasks', 'run', 'dag', 'task_1_0', 'manual__2022-12-06T22:51:27.376733+00:00', '--job-id', '1297', '--raw', '--subdir', 'DAGS_FOLDER/dag.py', '--cfg-path', '/tmp/tmpq6uqpaqz']
[2022-12-06T22:51:28.870+0000] {standard_task_runner.py:83} INFO - Job 1297: Subtask task_1_0
[2022-12-06T22:51:28.953+0000] {task_command.py:376} INFO - Running <TaskInstance: dag.task_1_0 manual__2022-12-06T22:51:27.376733+00:00 [running]> on host 505aa50095aa
[2022-12-06T22:51:29.047+0000] {taskinstance.py:1592} INFO - Exporting the following env vars:
AIRFLOW_CTX_DAG_OWNER=lofitravel
AIRFLOW_CTX_DAG_ID=dag
AIRFLOW_CTX_TASK_ID=task_1_0
AIRFLOW_CTX_EXECUTION_DATE=2022-12-06T22:51:27.376733+00:00
AIRFLOW_CTX_TRY_NUMBER=1
AIRFLOW_CTX_DAG_RUN_ID=manual__2022-12-06T22:51:27.376733+00:00
[2022-12-06T22:51:29.830+0000] {logging_mixin.py:137} INFO - курс одного EUR к RUB: 66.34903103
[2022-12-06T22:51:29.875+0000] {python.py:177} INFO - Done. Returned value was: None
[2022-12-06T22:51:29.899+0000] {taskinstance.py:1406} INFO - Marking task as SUCCESS. dag_id=dag, task_id=task_1_0, execution_date=20221206T225127, start_date=20221206T225128, end_date=20221206T225129
[2022-12-06T22:51:29.970+0000] {local_task_job.py:159} INFO - Task exited with return code 0
[2022-12-06T22:51:30.139+0000] {taskinstance.py:2623} INFO - 1 downstream tasks scheduled from follow-on schedule check
