[2022-12-07T07:39:23.645+0000] {taskinstance.py:1165} INFO - Dependencies all met for <TaskInstance: dag.pull_data manual__2022-12-07T07:39:19.089532+00:00 [queued]>
[2022-12-07T07:39:23.659+0000] {taskinstance.py:1165} INFO - Dependencies all met for <TaskInstance: dag.pull_data manual__2022-12-07T07:39:19.089532+00:00 [queued]>
[2022-12-07T07:39:23.660+0000] {taskinstance.py:1362} INFO - 
--------------------------------------------------------------------------------
[2022-12-07T07:39:23.660+0000] {taskinstance.py:1363} INFO - Starting attempt 1 of 1
[2022-12-07T07:39:23.661+0000] {taskinstance.py:1364} INFO - 
--------------------------------------------------------------------------------
[2022-12-07T07:39:23.680+0000] {taskinstance.py:1383} INFO - Executing <Task(PythonOperator): pull_data> on 2022-12-07 07:39:19.089532+00:00
[2022-12-07T07:39:23.685+0000] {standard_task_runner.py:55} INFO - Started process 29081 to run task
[2022-12-07T07:39:23.690+0000] {standard_task_runner.py:82} INFO - Running: ['***', 'tasks', 'run', 'dag', 'pull_data', 'manual__2022-12-07T07:39:19.089532+00:00', '--job-id', '1516', '--raw', '--subdir', 'DAGS_FOLDER/dag.py', '--cfg-path', '/tmp/tmpokbbg7ah']
[2022-12-07T07:39:23.691+0000] {standard_task_runner.py:83} INFO - Job 1516: Subtask pull_data
[2022-12-07T07:39:23.775+0000] {task_command.py:376} INFO - Running <TaskInstance: dag.pull_data manual__2022-12-07T07:39:19.089532+00:00 [running]> on host 505aa50095aa
[2022-12-07T07:39:23.863+0000] {taskinstance.py:1592} INFO - Exporting the following env vars:
AIRFLOW_CTX_DAG_OWNER=lofitravel
AIRFLOW_CTX_DAG_ID=dag
AIRFLOW_CTX_TASK_ID=pull_data
AIRFLOW_CTX_EXECUTION_DATE=2022-12-07T07:39:19.089532+00:00
AIRFLOW_CTX_TRY_NUMBER=1
AIRFLOW_CTX_DAG_RUN_ID=manual__2022-12-07T07:39:19.089532+00:00
[2022-12-07T07:39:23.877+0000] {logging_mixin.py:137} INFO - [['2022-12-07', 'USD', 'EUR', '0.95633956'], ['2022-12-07', 'USD', 'RUB', '63.04844115'], ['2022-12-07', 'EUR', 'RUB', '65.92683611']]
[2022-12-07T07:39:23.887+0000] {logging_mixin.py:137} INFO - Postgresql connection created!
[2022-12-07T07:39:23.888+0000] {logging_mixin.py:137} INFO - Failed to insert into PostgreSQL
[2022-12-07T07:39:23.889+0000] {logging_mixin.py:137} INFO - not all arguments converted during string formatting
[2022-12-07T07:39:23.890+0000] {logging_mixin.py:137} INFO - CSSS
[2022-12-07T07:39:23.891+0000] {python.py:177} INFO - Done. Returned value was: None
[2022-12-07T07:39:23.906+0000] {taskinstance.py:1406} INFO - Marking task as SUCCESS. dag_id=dag, task_id=pull_data, execution_date=20221207T073919, start_date=20221207T073923, end_date=20221207T073923
[2022-12-07T07:39:23.941+0000] {local_task_job.py:159} INFO - Task exited with return code 0
[2022-12-07T07:39:23.961+0000] {taskinstance.py:2623} INFO - 0 downstream tasks scheduled from follow-on schedule check
