[2022-12-07T21:08:40.624+0000] {taskinstance.py:1165} INFO - Dependencies all met for <TaskInstance: dag.insert_data manual__2022-12-07T21:08:29.175373+00:00 [queued]>
[2022-12-07T21:08:40.643+0000] {taskinstance.py:1165} INFO - Dependencies all met for <TaskInstance: dag.insert_data manual__2022-12-07T21:08:29.175373+00:00 [queued]>
[2022-12-07T21:08:40.644+0000] {taskinstance.py:1362} INFO - 
--------------------------------------------------------------------------------
[2022-12-07T21:08:40.645+0000] {taskinstance.py:1363} INFO - Starting attempt 1 of 1
[2022-12-07T21:08:40.645+0000] {taskinstance.py:1364} INFO - 
--------------------------------------------------------------------------------
[2022-12-07T21:08:40.668+0000] {taskinstance.py:1383} INFO - Executing <Task(PythonOperator): insert_data> on 2022-12-07 21:08:29.175373+00:00
[2022-12-07T21:08:40.675+0000] {standard_task_runner.py:55} INFO - Started process 10530 to run task
[2022-12-07T21:08:40.680+0000] {standard_task_runner.py:82} INFO - Running: ['***', 'tasks', 'run', 'dag', 'insert_data', 'manual__2022-12-07T21:08:29.175373+00:00', '--job-id', '1973', '--raw', '--subdir', 'DAGS_FOLDER/dag.py', '--cfg-path', '/tmp/tmpet0a09fn']
[2022-12-07T21:08:40.681+0000] {standard_task_runner.py:83} INFO - Job 1973: Subtask insert_data
[2022-12-07T21:08:40.785+0000] {task_command.py:376} INFO - Running <TaskInstance: dag.insert_data manual__2022-12-07T21:08:29.175373+00:00 [running]> on host a9d6893ff63e
[2022-12-07T21:08:40.938+0000] {taskinstance.py:1592} INFO - Exporting the following env vars:
AIRFLOW_CTX_DAG_OWNER=lofitravel
AIRFLOW_CTX_DAG_ID=dag
AIRFLOW_CTX_TASK_ID=insert_data
AIRFLOW_CTX_EXECUTION_DATE=2022-12-07T21:08:29.175373+00:00
AIRFLOW_CTX_TRY_NUMBER=1
AIRFLOW_CTX_DAG_RUN_ID=manual__2022-12-07T21:08:29.175373+00:00
[2022-12-07T21:08:40.977+0000] {logging_mixin.py:137} INFO - var ['82adcbbbae7a13d16e0b68fa1f50c023', '***_user', '***_ps', '***_database']
[2022-12-07T21:08:40.989+0000] {logging_mixin.py:137} INFO - var ['82adcbbbae7a13d16e0b68fa1f50c023', '***_user', '***_ps', '***_database']
[2022-12-07T21:08:41.000+0000] {logging_mixin.py:137} INFO - var ['82adcbbbae7a13d16e0b68fa1f50c023', '***_user', '***_ps', '***_database']
[2022-12-07T21:08:41.015+0000] {logging_mixin.py:137} INFO - Postgresql connection created!
[2022-12-07T21:08:41.018+0000] {logging_mixin.py:137} INFO - duplicate key value violates unique constraint "pairs_pkey"
DETAIL:  Key (date, ticker_from, ticker_to)=(2022-12-07 00:00:00, USD, EUR) already exists.
[2022-12-07T21:08:41.019+0000] {python.py:177} INFO - Done. Returned value was: None
[2022-12-07T21:08:41.038+0000] {taskinstance.py:1406} INFO - Marking task as SUCCESS. dag_id=dag, task_id=insert_data, execution_date=20221207T210829, start_date=20221207T210840, end_date=20221207T210841
[2022-12-07T21:08:41.092+0000] {local_task_job.py:159} INFO - Task exited with return code 0
[2022-12-07T21:08:41.147+0000] {taskinstance.py:2623} INFO - 1 downstream tasks scheduled from follow-on schedule check
