[2022-12-06T19:15:11.880+0000] {taskinstance.py:1165} INFO - Dependencies all met for <TaskInstance: dag.pull_data manual__2022-12-06T19:15:09.833562+00:00 [queued]>
[2022-12-06T19:15:11.900+0000] {taskinstance.py:1165} INFO - Dependencies all met for <TaskInstance: dag.pull_data manual__2022-12-06T19:15:09.833562+00:00 [queued]>
[2022-12-06T19:15:11.901+0000] {taskinstance.py:1362} INFO - 
--------------------------------------------------------------------------------
[2022-12-06T19:15:11.902+0000] {taskinstance.py:1363} INFO - Starting attempt 1 of 1
[2022-12-06T19:15:11.902+0000] {taskinstance.py:1364} INFO - 
--------------------------------------------------------------------------------
[2022-12-06T19:15:11.931+0000] {taskinstance.py:1383} INFO - Executing <Task(PythonOperator): pull_data> on 2022-12-06 19:15:09.833562+00:00
[2022-12-06T19:15:11.939+0000] {standard_task_runner.py:55} INFO - Started process 2590 to run task
[2022-12-06T19:15:11.951+0000] {standard_task_runner.py:82} INFO - Running: ['***', 'tasks', 'run', 'dag', 'pull_data', 'manual__2022-12-06T19:15:09.833562+00:00', '--job-id', '1054', '--raw', '--subdir', 'DAGS_FOLDER/dag.py', '--cfg-path', '/tmp/tmp_doy1ceu']
[2022-12-06T19:15:11.953+0000] {standard_task_runner.py:83} INFO - Job 1054: Subtask pull_data
[2022-12-06T19:15:12.128+0000] {task_command.py:376} INFO - Running <TaskInstance: dag.pull_data manual__2022-12-06T19:15:09.833562+00:00 [running]> on host f1257ac346c8
[2022-12-06T19:15:12.419+0000] {taskinstance.py:1592} INFO - Exporting the following env vars:
AIRFLOW_CTX_DAG_OWNER=lofitravel
AIRFLOW_CTX_DAG_ID=dag
AIRFLOW_CTX_TASK_ID=pull_data
AIRFLOW_CTX_EXECUTION_DATE=2022-12-06T19:15:09.833562+00:00
AIRFLOW_CTX_TRY_NUMBER=1
AIRFLOW_CTX_DAG_RUN_ID=manual__2022-12-06T19:15:09.833562+00:00
[2022-12-06T19:15:12.466+0000] {logging_mixin.py:137} INFO - []
[2022-12-06T19:15:12.473+0000] {python.py:177} INFO - Done. Returned value was: None
[2022-12-06T19:15:12.514+0000] {taskinstance.py:1406} INFO - Marking task as SUCCESS. dag_id=dag, task_id=pull_data, execution_date=20221206T191509, start_date=20221206T191511, end_date=20221206T191512
[2022-12-06T19:15:12.569+0000] {local_task_job.py:159} INFO - Task exited with return code 0
[2022-12-06T19:15:12.614+0000] {taskinstance.py:2623} INFO - 0 downstream tasks scheduled from follow-on schedule check
