[2022-12-04T14:29:02.498+0000] {taskinstance.py:1165} INFO - Dependencies all met for <TaskInstance: dag.task_2 scheduled__2022-12-04T14:28:00+00:00 [queued]>
[2022-12-04T14:29:02.520+0000] {taskinstance.py:1165} INFO - Dependencies all met for <TaskInstance: dag.task_2 scheduled__2022-12-04T14:28:00+00:00 [queued]>
[2022-12-04T14:29:02.521+0000] {taskinstance.py:1362} INFO - 
--------------------------------------------------------------------------------
[2022-12-04T14:29:02.521+0000] {taskinstance.py:1363} INFO - Starting attempt 1 of 1
[2022-12-04T14:29:02.522+0000] {taskinstance.py:1364} INFO - 
--------------------------------------------------------------------------------
[2022-12-04T14:29:02.556+0000] {taskinstance.py:1383} INFO - Executing <Task(BashOperator): task_2> on 2022-12-04 14:28:00+00:00
[2022-12-04T14:29:02.563+0000] {standard_task_runner.py:55} INFO - Started process 4973 to run task
[2022-12-04T14:29:02.569+0000] {standard_task_runner.py:82} INFO - Running: ['***', 'tasks', 'run', 'dag', 'task_2', 'scheduled__2022-12-04T14:28:00+00:00', '--job-id', '313', '--raw', '--subdir', 'DAGS_FOLDER/dag.py', '--cfg-path', '/tmp/tmpq_vay8e2']
[2022-12-04T14:29:02.570+0000] {standard_task_runner.py:83} INFO - Job 313: Subtask task_2
[2022-12-04T14:29:02.670+0000] {task_command.py:376} INFO - Running <TaskInstance: dag.task_2 scheduled__2022-12-04T14:28:00+00:00 [running]> on host 37018d05bc9d
[2022-12-04T14:29:02.820+0000] {taskinstance.py:1592} INFO - Exporting the following env vars:
AIRFLOW_CTX_DAG_OWNER=lofitravel
AIRFLOW_CTX_DAG_ID=dag
AIRFLOW_CTX_TASK_ID=task_2
AIRFLOW_CTX_EXECUTION_DATE=2022-12-04T14:28:00+00:00
AIRFLOW_CTX_TRY_NUMBER=1
AIRFLOW_CTX_DAG_RUN_ID=scheduled__2022-12-04T14:28:00+00:00
[2022-12-04T14:29:02.822+0000] {subprocess.py:63} INFO - Tmp dir root location: 
 /tmp
[2022-12-04T14:29:02.823+0000] {subprocess.py:75} INFO - Running command: ['/bin/bash', '-c', 'echo "Hello World from Task 2"']
[2022-12-04T14:29:02.837+0000] {subprocess.py:86} INFO - Output:
[2022-12-04T14:29:02.839+0000] {subprocess.py:93} INFO - Hello World from Task 2
[2022-12-04T14:29:02.840+0000] {subprocess.py:97} INFO - Command exited with return code 0
[2022-12-04T14:29:02.873+0000] {taskinstance.py:1406} INFO - Marking task as SUCCESS. dag_id=dag, task_id=task_2, execution_date=20221204T142800, start_date=20221204T142902, end_date=20221204T142902
[2022-12-04T14:29:02.904+0000] {local_task_job.py:159} INFO - Task exited with return code 0
[2022-12-04T14:29:02.944+0000] {taskinstance.py:2623} INFO - 0 downstream tasks scheduled from follow-on schedule check
