[2022-12-07T22:25:08.392+0000] {processor.py:154} INFO - Started process (PID=47) to work on /opt/airflow/dags/dag.py
[2022-12-07T22:25:08.394+0000] {processor.py:756} INFO - Processing file /opt/airflow/dags/dag.py for tasks to queue
[2022-12-07T22:25:08.396+0000] {logging_mixin.py:137} INFO - [2022-12-07T22:25:08.396+0000] {dagbag.py:537} INFO - Filling up the DagBag from /opt/airflow/dags/dag.py
[2022-12-07T22:25:08.817+0000] {logging_mixin.py:137} INFO - var ['82adcbbbae7a13d16e0b68fa1f50c023', 'airflow_user', 'airflow_ps', 'airflow_database']
[2022-12-07T22:25:08.817+0000] {logging_mixin.py:137} INFO - 82adcbbbae7a13d16e0b68fa1f50c023
[2022-12-07T22:25:08.825+0000] {logging_mixin.py:137} INFO - USD EUR
[2022-12-07T22:25:08.826+0000] {logging_mixin.py:137} INFO - USD RUB
[2022-12-07T22:25:08.827+0000] {logging_mixin.py:137} INFO - EUR RUB
[2022-12-07T22:25:08.848+0000] {processor.py:766} INFO - DAG(s) dict_keys(['dag']) retrieved from /opt/airflow/dags/dag.py
[2022-12-07T22:25:09.033+0000] {logging_mixin.py:137} INFO - [2022-12-07T22:25:09.032+0000] {dag.py:2585} INFO - Sync 1 DAGs
[2022-12-07T22:25:09.094+0000] {logging_mixin.py:137} INFO - [2022-12-07T22:25:09.094+0000] {dag.py:3340} INFO - Setting next_dagrun for dag to 2022-12-07T00:00:00+00:00, run_after=2022-12-08T00:00:00+00:00
[2022-12-07T22:25:09.140+0000] {processor.py:176} INFO - Processing /opt/airflow/dags/dag.py took 0.760 seconds
[2022-12-07T22:25:39.221+0000] {processor.py:154} INFO - Started process (PID=103) to work on /opt/airflow/dags/dag.py
[2022-12-07T22:25:39.223+0000] {processor.py:756} INFO - Processing file /opt/airflow/dags/dag.py for tasks to queue
[2022-12-07T22:25:39.224+0000] {logging_mixin.py:137} INFO - [2022-12-07T22:25:39.224+0000] {dagbag.py:537} INFO - Filling up the DagBag from /opt/airflow/dags/dag.py
[2022-12-07T22:25:39.454+0000] {logging_mixin.py:137} INFO - var ['82adcbbbae7a13d16e0b68fa1f50c023', 'airflow_user', 'airflow_ps', 'airflow_database']
[2022-12-07T22:25:39.477+0000] {logging_mixin.py:137} INFO - 82adcbbbae7a13d16e0b68fa1f50c023
[2022-12-07T22:25:39.577+0000] {logging_mixin.py:137} INFO - USD EUR
[2022-12-07T22:25:39.602+0000] {logging_mixin.py:137} INFO - USD RUB
[2022-12-07T22:25:39.606+0000] {logging_mixin.py:137} INFO - EUR RUB
[2022-12-07T22:25:39.663+0000] {processor.py:766} INFO - DAG(s) dict_keys(['dag']) retrieved from /opt/airflow/dags/dag.py
[2022-12-07T22:25:39.811+0000] {logging_mixin.py:137} INFO - [2022-12-07T22:25:39.810+0000] {dag.py:2585} INFO - Sync 1 DAGs
[2022-12-07T22:25:39.887+0000] {logging_mixin.py:137} INFO - [2022-12-07T22:25:39.887+0000] {dag.py:3340} INFO - Setting next_dagrun for dag to 2022-12-07T00:00:00+00:00, run_after=2022-12-08T00:00:00+00:00
[2022-12-07T22:25:39.934+0000] {processor.py:176} INFO - Processing /opt/airflow/dags/dag.py took 0.717 seconds
[2022-12-07T22:26:10.172+0000] {processor.py:154} INFO - Started process (PID=168) to work on /opt/airflow/dags/dag.py
[2022-12-07T22:26:10.174+0000] {processor.py:756} INFO - Processing file /opt/airflow/dags/dag.py for tasks to queue
[2022-12-07T22:26:10.175+0000] {logging_mixin.py:137} INFO - [2022-12-07T22:26:10.175+0000] {dagbag.py:537} INFO - Filling up the DagBag from /opt/airflow/dags/dag.py
[2022-12-07T22:26:10.296+0000] {logging_mixin.py:137} INFO - var ['82adcbbbae7a13d16e0b68fa1f50c023', 'airflow_user', 'airflow_ps', 'airflow_database']
[2022-12-07T22:26:10.297+0000] {logging_mixin.py:137} INFO - 82adcbbbae7a13d16e0b68fa1f50c023
[2022-12-07T22:26:10.303+0000] {logging_mixin.py:137} INFO - USD EUR
[2022-12-07T22:26:10.304+0000] {logging_mixin.py:137} INFO - USD RUB
[2022-12-07T22:26:10.306+0000] {logging_mixin.py:137} INFO - EUR RUB
[2022-12-07T22:26:10.318+0000] {processor.py:766} INFO - DAG(s) dict_keys(['dag']) retrieved from /opt/airflow/dags/dag.py
[2022-12-07T22:26:10.367+0000] {logging_mixin.py:137} INFO - [2022-12-07T22:26:10.367+0000] {dag.py:2585} INFO - Sync 1 DAGs
[2022-12-07T22:26:10.414+0000] {logging_mixin.py:137} INFO - [2022-12-07T22:26:10.414+0000] {dag.py:3340} INFO - Setting next_dagrun for dag to 2022-12-07T00:00:00+00:00, run_after=2022-12-08T00:00:00+00:00
[2022-12-07T22:26:10.441+0000] {processor.py:176} INFO - Processing /opt/airflow/dags/dag.py took 0.272 seconds
[2022-12-07T22:26:40.641+0000] {processor.py:154} INFO - Started process (PID=224) to work on /opt/airflow/dags/dag.py
[2022-12-07T22:26:40.642+0000] {processor.py:756} INFO - Processing file /opt/airflow/dags/dag.py for tasks to queue
[2022-12-07T22:26:40.643+0000] {logging_mixin.py:137} INFO - [2022-12-07T22:26:40.643+0000] {dagbag.py:537} INFO - Filling up the DagBag from /opt/airflow/dags/dag.py
[2022-12-07T22:26:40.807+0000] {logging_mixin.py:137} INFO - var ['82adcbbbae7a13d16e0b68fa1f50c023', 'airflow_user', 'airflow_ps', 'airflow_database']
[2022-12-07T22:26:40.808+0000] {logging_mixin.py:137} INFO - 82adcbbbae7a13d16e0b68fa1f50c023
[2022-12-07T22:26:40.814+0000] {logging_mixin.py:137} INFO - USD EUR
[2022-12-07T22:26:40.815+0000] {logging_mixin.py:137} INFO - USD RUB
[2022-12-07T22:26:40.817+0000] {logging_mixin.py:137} INFO - EUR RUB
[2022-12-07T22:26:40.834+0000] {processor.py:766} INFO - DAG(s) dict_keys(['dag']) retrieved from /opt/airflow/dags/dag.py
[2022-12-07T22:26:40.900+0000] {logging_mixin.py:137} INFO - [2022-12-07T22:26:40.900+0000] {dag.py:2585} INFO - Sync 1 DAGs
[2022-12-07T22:26:40.970+0000] {logging_mixin.py:137} INFO - [2022-12-07T22:26:40.969+0000] {dag.py:3340} INFO - Setting next_dagrun for dag to 2022-12-07T00:00:00+00:00, run_after=2022-12-08T00:00:00+00:00
[2022-12-07T22:26:41.032+0000] {processor.py:176} INFO - Processing /opt/airflow/dags/dag.py took 0.397 seconds
[2022-12-07T22:27:11.449+0000] {processor.py:154} INFO - Started process (PID=287) to work on /opt/airflow/dags/dag.py
[2022-12-07T22:27:11.450+0000] {processor.py:756} INFO - Processing file /opt/airflow/dags/dag.py for tasks to queue
[2022-12-07T22:27:11.451+0000] {logging_mixin.py:137} INFO - [2022-12-07T22:27:11.451+0000] {dagbag.py:537} INFO - Filling up the DagBag from /opt/airflow/dags/dag.py
[2022-12-07T22:27:11.552+0000] {logging_mixin.py:137} INFO - var ['82adcbbbae7a13d16e0b68fa1f50c023', 'airflow_user', 'airflow_ps', 'airflow_database']
[2022-12-07T22:27:11.553+0000] {logging_mixin.py:137} INFO - 82adcbbbae7a13d16e0b68fa1f50c023
[2022-12-07T22:27:11.558+0000] {logging_mixin.py:137} INFO - USD EUR
[2022-12-07T22:27:11.559+0000] {logging_mixin.py:137} INFO - USD RUB
[2022-12-07T22:27:11.560+0000] {logging_mixin.py:137} INFO - EUR RUB
[2022-12-07T22:27:11.573+0000] {processor.py:766} INFO - DAG(s) dict_keys(['dag']) retrieved from /opt/airflow/dags/dag.py
[2022-12-07T22:27:11.609+0000] {logging_mixin.py:137} INFO - [2022-12-07T22:27:11.609+0000] {dag.py:2585} INFO - Sync 1 DAGs
[2022-12-07T22:27:11.655+0000] {logging_mixin.py:137} INFO - [2022-12-07T22:27:11.655+0000] {dag.py:3340} INFO - Setting next_dagrun for dag to 2022-12-07T00:00:00+00:00, run_after=2022-12-08T00:00:00+00:00
[2022-12-07T22:27:11.681+0000] {processor.py:176} INFO - Processing /opt/airflow/dags/dag.py took 0.237 seconds
[2022-12-07T22:27:42.363+0000] {processor.py:154} INFO - Started process (PID=343) to work on /opt/airflow/dags/dag.py
[2022-12-07T22:27:42.365+0000] {processor.py:756} INFO - Processing file /opt/airflow/dags/dag.py for tasks to queue
[2022-12-07T22:27:42.366+0000] {logging_mixin.py:137} INFO - [2022-12-07T22:27:42.366+0000] {dagbag.py:537} INFO - Filling up the DagBag from /opt/airflow/dags/dag.py
[2022-12-07T22:27:42.479+0000] {logging_mixin.py:137} INFO - var ['82adcbbbae7a13d16e0b68fa1f50c023', 'airflow_user', 'airflow_ps', 'airflow_database']
[2022-12-07T22:27:42.479+0000] {logging_mixin.py:137} INFO - 82adcbbbae7a13d16e0b68fa1f50c023
[2022-12-07T22:27:42.485+0000] {logging_mixin.py:137} INFO - USD EUR
[2022-12-07T22:27:42.486+0000] {logging_mixin.py:137} INFO - USD RUB
[2022-12-07T22:27:42.487+0000] {logging_mixin.py:137} INFO - EUR RUB
[2022-12-07T22:27:42.500+0000] {processor.py:766} INFO - DAG(s) dict_keys(['dag']) retrieved from /opt/airflow/dags/dag.py
[2022-12-07T22:27:42.539+0000] {logging_mixin.py:137} INFO - [2022-12-07T22:27:42.539+0000] {dag.py:2585} INFO - Sync 1 DAGs
[2022-12-07T22:27:42.580+0000] {logging_mixin.py:137} INFO - [2022-12-07T22:27:42.580+0000] {dag.py:3340} INFO - Setting next_dagrun for dag to 2022-12-07T00:00:00+00:00, run_after=2022-12-08T00:00:00+00:00
[2022-12-07T22:27:42.607+0000] {processor.py:176} INFO - Processing /opt/airflow/dags/dag.py took 0.252 seconds
[2022-12-07T22:28:13.156+0000] {processor.py:154} INFO - Started process (PID=407) to work on /opt/airflow/dags/dag.py
[2022-12-07T22:28:13.157+0000] {processor.py:756} INFO - Processing file /opt/airflow/dags/dag.py for tasks to queue
[2022-12-07T22:28:13.158+0000] {logging_mixin.py:137} INFO - [2022-12-07T22:28:13.158+0000] {dagbag.py:537} INFO - Filling up the DagBag from /opt/airflow/dags/dag.py
[2022-12-07T22:28:13.275+0000] {logging_mixin.py:137} INFO - var ['82adcbbbae7a13d16e0b68fa1f50c023', 'airflow_user', 'airflow_ps', 'airflow_database']
[2022-12-07T22:28:13.276+0000] {logging_mixin.py:137} INFO - 82adcbbbae7a13d16e0b68fa1f50c023
[2022-12-07T22:28:13.284+0000] {logging_mixin.py:137} INFO - USD EUR
[2022-12-07T22:28:13.285+0000] {logging_mixin.py:137} INFO - USD RUB
[2022-12-07T22:28:13.286+0000] {logging_mixin.py:137} INFO - EUR RUB
[2022-12-07T22:28:13.299+0000] {processor.py:766} INFO - DAG(s) dict_keys(['dag']) retrieved from /opt/airflow/dags/dag.py
[2022-12-07T22:28:13.350+0000] {logging_mixin.py:137} INFO - [2022-12-07T22:28:13.350+0000] {dag.py:2585} INFO - Sync 1 DAGs
[2022-12-07T22:28:13.399+0000] {logging_mixin.py:137} INFO - [2022-12-07T22:28:13.399+0000] {dag.py:3340} INFO - Setting next_dagrun for dag to 2022-12-07T00:00:00+00:00, run_after=2022-12-08T00:00:00+00:00
[2022-12-07T22:28:13.430+0000] {processor.py:176} INFO - Processing /opt/airflow/dags/dag.py took 0.279 seconds
[2022-12-07T22:28:44.207+0000] {processor.py:154} INFO - Started process (PID=462) to work on /opt/airflow/dags/dag.py
[2022-12-07T22:28:44.208+0000] {processor.py:756} INFO - Processing file /opt/airflow/dags/dag.py for tasks to queue
[2022-12-07T22:28:44.209+0000] {logging_mixin.py:137} INFO - [2022-12-07T22:28:44.209+0000] {dagbag.py:537} INFO - Filling up the DagBag from /opt/airflow/dags/dag.py
[2022-12-07T22:28:44.302+0000] {logging_mixin.py:137} INFO - var ['82adcbbbae7a13d16e0b68fa1f50c023', 'airflow_user', 'airflow_ps', 'airflow_database']
[2022-12-07T22:28:44.302+0000] {logging_mixin.py:137} INFO - 82adcbbbae7a13d16e0b68fa1f50c023
[2022-12-07T22:28:44.309+0000] {logging_mixin.py:137} INFO - USD EUR
[2022-12-07T22:28:44.309+0000] {logging_mixin.py:137} INFO - USD RUB
[2022-12-07T22:28:44.310+0000] {logging_mixin.py:137} INFO - EUR RUB
[2022-12-07T22:28:44.322+0000] {processor.py:766} INFO - DAG(s) dict_keys(['dag']) retrieved from /opt/airflow/dags/dag.py
[2022-12-07T22:28:44.366+0000] {logging_mixin.py:137} INFO - [2022-12-07T22:28:44.366+0000] {dag.py:2585} INFO - Sync 1 DAGs
[2022-12-07T22:28:44.411+0000] {logging_mixin.py:137} INFO - [2022-12-07T22:28:44.411+0000] {dag.py:3340} INFO - Setting next_dagrun for dag to 2022-12-07T00:00:00+00:00, run_after=2022-12-08T00:00:00+00:00
[2022-12-07T22:28:44.439+0000] {processor.py:176} INFO - Processing /opt/airflow/dags/dag.py took 0.236 seconds
[2022-12-07T22:29:14.825+0000] {processor.py:154} INFO - Started process (PID=526) to work on /opt/airflow/dags/dag.py
[2022-12-07T22:29:14.826+0000] {processor.py:756} INFO - Processing file /opt/airflow/dags/dag.py for tasks to queue
[2022-12-07T22:29:14.827+0000] {logging_mixin.py:137} INFO - [2022-12-07T22:29:14.827+0000] {dagbag.py:537} INFO - Filling up the DagBag from /opt/airflow/dags/dag.py
[2022-12-07T22:29:14.936+0000] {logging_mixin.py:137} INFO - var ['82adcbbbae7a13d16e0b68fa1f50c023', 'airflow_user', 'airflow_ps', 'airflow_database']
[2022-12-07T22:29:14.937+0000] {logging_mixin.py:137} INFO - 82adcbbbae7a13d16e0b68fa1f50c023
[2022-12-07T22:29:14.943+0000] {logging_mixin.py:137} INFO - USD EUR
[2022-12-07T22:29:14.944+0000] {logging_mixin.py:137} INFO - USD RUB
[2022-12-07T22:29:14.945+0000] {logging_mixin.py:137} INFO - EUR RUB
[2022-12-07T22:29:14.961+0000] {processor.py:766} INFO - DAG(s) dict_keys(['dag']) retrieved from /opt/airflow/dags/dag.py
[2022-12-07T22:29:15.017+0000] {logging_mixin.py:137} INFO - [2022-12-07T22:29:15.017+0000] {dag.py:2585} INFO - Sync 1 DAGs
[2022-12-07T22:29:15.058+0000] {logging_mixin.py:137} INFO - [2022-12-07T22:29:15.058+0000] {dag.py:3340} INFO - Setting next_dagrun for dag to 2022-12-07T00:00:00+00:00, run_after=2022-12-08T00:00:00+00:00
[2022-12-07T22:29:15.083+0000] {processor.py:176} INFO - Processing /opt/airflow/dags/dag.py took 0.262 seconds
[2022-12-07T22:29:45.541+0000] {processor.py:154} INFO - Started process (PID=587) to work on /opt/airflow/dags/dag.py
[2022-12-07T22:29:45.543+0000] {processor.py:756} INFO - Processing file /opt/airflow/dags/dag.py for tasks to queue
[2022-12-07T22:29:45.545+0000] {logging_mixin.py:137} INFO - [2022-12-07T22:29:45.545+0000] {dagbag.py:537} INFO - Filling up the DagBag from /opt/airflow/dags/dag.py
[2022-12-07T22:29:45.722+0000] {logging_mixin.py:137} INFO - var ['82adcbbbae7a13d16e0b68fa1f50c023', 'airflow_user', 'airflow_ps', 'airflow_database']
[2022-12-07T22:29:45.724+0000] {logging_mixin.py:137} INFO - 82adcbbbae7a13d16e0b68fa1f50c023
[2022-12-07T22:29:45.731+0000] {logging_mixin.py:137} INFO - USD EUR
[2022-12-07T22:29:45.733+0000] {logging_mixin.py:137} INFO - USD RUB
[2022-12-07T22:29:45.734+0000] {logging_mixin.py:137} INFO - EUR RUB
[2022-12-07T22:29:45.746+0000] {processor.py:766} INFO - DAG(s) dict_keys(['dag']) retrieved from /opt/airflow/dags/dag.py
[2022-12-07T22:29:45.797+0000] {logging_mixin.py:137} INFO - [2022-12-07T22:29:45.796+0000] {dag.py:2585} INFO - Sync 1 DAGs
[2022-12-07T22:29:45.841+0000] {logging_mixin.py:137} INFO - [2022-12-07T22:29:45.841+0000] {dag.py:3340} INFO - Setting next_dagrun for dag to 2022-12-07T00:00:00+00:00, run_after=2022-12-08T00:00:00+00:00
[2022-12-07T22:29:45.881+0000] {processor.py:176} INFO - Processing /opt/airflow/dags/dag.py took 0.348 seconds
[2022-12-07T22:30:15.979+0000] {processor.py:154} INFO - Started process (PID=646) to work on /opt/airflow/dags/dag.py
[2022-12-07T22:30:15.980+0000] {processor.py:756} INFO - Processing file /opt/airflow/dags/dag.py for tasks to queue
[2022-12-07T22:30:15.981+0000] {logging_mixin.py:137} INFO - [2022-12-07T22:30:15.981+0000] {dagbag.py:537} INFO - Filling up the DagBag from /opt/airflow/dags/dag.py
[2022-12-07T22:30:16.076+0000] {logging_mixin.py:137} INFO - var ['82adcbbbae7a13d16e0b68fa1f50c023', 'airflow_user', 'airflow_ps', 'airflow_database']
[2022-12-07T22:30:16.077+0000] {logging_mixin.py:137} INFO - 82adcbbbae7a13d16e0b68fa1f50c023
[2022-12-07T22:30:16.083+0000] {logging_mixin.py:137} INFO - USD EUR
[2022-12-07T22:30:16.084+0000] {logging_mixin.py:137} INFO - USD RUB
[2022-12-07T22:30:16.084+0000] {logging_mixin.py:137} INFO - EUR RUB
[2022-12-07T22:30:16.093+0000] {processor.py:766} INFO - DAG(s) dict_keys(['dag']) retrieved from /opt/airflow/dags/dag.py
[2022-12-07T22:30:16.127+0000] {logging_mixin.py:137} INFO - [2022-12-07T22:30:16.127+0000] {dag.py:2585} INFO - Sync 1 DAGs
[2022-12-07T22:30:16.159+0000] {logging_mixin.py:137} INFO - [2022-12-07T22:30:16.159+0000] {dag.py:3340} INFO - Setting next_dagrun for dag to 2022-12-07T00:00:00+00:00, run_after=2022-12-08T00:00:00+00:00
[2022-12-07T22:30:16.184+0000] {processor.py:176} INFO - Processing /opt/airflow/dags/dag.py took 0.209 seconds
[2022-12-07T22:30:46.283+0000] {processor.py:154} INFO - Started process (PID=709) to work on /opt/airflow/dags/dag.py
[2022-12-07T22:30:46.285+0000] {processor.py:756} INFO - Processing file /opt/airflow/dags/dag.py for tasks to queue
[2022-12-07T22:30:46.288+0000] {logging_mixin.py:137} INFO - [2022-12-07T22:30:46.287+0000] {dagbag.py:537} INFO - Filling up the DagBag from /opt/airflow/dags/dag.py
[2022-12-07T22:30:46.398+0000] {logging_mixin.py:137} INFO - var ['82adcbbbae7a13d16e0b68fa1f50c023', 'airflow_user', 'airflow_ps', 'airflow_database']
[2022-12-07T22:30:46.399+0000] {logging_mixin.py:137} INFO - 82adcbbbae7a13d16e0b68fa1f50c023
[2022-12-07T22:30:46.405+0000] {logging_mixin.py:137} INFO - USD EUR
[2022-12-07T22:30:46.406+0000] {logging_mixin.py:137} INFO - USD RUB
[2022-12-07T22:30:46.407+0000] {logging_mixin.py:137} INFO - EUR RUB
[2022-12-07T22:30:46.418+0000] {processor.py:766} INFO - DAG(s) dict_keys(['dag']) retrieved from /opt/airflow/dags/dag.py
[2022-12-07T22:30:46.471+0000] {logging_mixin.py:137} INFO - [2022-12-07T22:30:46.470+0000] {dag.py:2585} INFO - Sync 1 DAGs
[2022-12-07T22:30:46.532+0000] {logging_mixin.py:137} INFO - [2022-12-07T22:30:46.532+0000] {dag.py:3340} INFO - Setting next_dagrun for dag to 2022-12-07T00:00:00+00:00, run_after=2022-12-08T00:00:00+00:00
[2022-12-07T22:30:46.572+0000] {processor.py:176} INFO - Processing /opt/airflow/dags/dag.py took 0.294 seconds
[2022-12-07T22:31:16.706+0000] {processor.py:154} INFO - Started process (PID=764) to work on /opt/airflow/dags/dag.py
[2022-12-07T22:31:16.707+0000] {processor.py:756} INFO - Processing file /opt/airflow/dags/dag.py for tasks to queue
[2022-12-07T22:31:16.708+0000] {logging_mixin.py:137} INFO - [2022-12-07T22:31:16.707+0000] {dagbag.py:537} INFO - Filling up the DagBag from /opt/airflow/dags/dag.py
[2022-12-07T22:31:16.796+0000] {logging_mixin.py:137} INFO - var ['82adcbbbae7a13d16e0b68fa1f50c023', 'airflow_user', 'airflow_ps', 'airflow_database']
[2022-12-07T22:31:16.797+0000] {logging_mixin.py:137} INFO - 82adcbbbae7a13d16e0b68fa1f50c023
[2022-12-07T22:31:16.803+0000] {logging_mixin.py:137} INFO - USD EUR
[2022-12-07T22:31:16.803+0000] {logging_mixin.py:137} INFO - USD RUB
[2022-12-07T22:31:16.804+0000] {logging_mixin.py:137} INFO - EUR RUB
[2022-12-07T22:31:16.813+0000] {processor.py:766} INFO - DAG(s) dict_keys(['dag']) retrieved from /opt/airflow/dags/dag.py
[2022-12-07T22:31:16.851+0000] {logging_mixin.py:137} INFO - [2022-12-07T22:31:16.850+0000] {dag.py:2585} INFO - Sync 1 DAGs
[2022-12-07T22:31:16.889+0000] {logging_mixin.py:137} INFO - [2022-12-07T22:31:16.888+0000] {dag.py:3340} INFO - Setting next_dagrun for dag to 2022-12-07T00:00:00+00:00, run_after=2022-12-08T00:00:00+00:00
[2022-12-07T22:31:16.919+0000] {processor.py:176} INFO - Processing /opt/airflow/dags/dag.py took 0.217 seconds
[2022-12-07T22:31:47.042+0000] {processor.py:154} INFO - Started process (PID=829) to work on /opt/airflow/dags/dag.py
[2022-12-07T22:31:47.044+0000] {processor.py:756} INFO - Processing file /opt/airflow/dags/dag.py for tasks to queue
[2022-12-07T22:31:47.045+0000] {logging_mixin.py:137} INFO - [2022-12-07T22:31:47.045+0000] {dagbag.py:537} INFO - Filling up the DagBag from /opt/airflow/dags/dag.py
[2022-12-07T22:31:47.158+0000] {logging_mixin.py:137} INFO - var ['82adcbbbae7a13d16e0b68fa1f50c023', 'airflow_user', 'airflow_ps', 'airflow_database']
[2022-12-07T22:31:47.158+0000] {logging_mixin.py:137} INFO - 82adcbbbae7a13d16e0b68fa1f50c023
[2022-12-07T22:31:47.165+0000] {logging_mixin.py:137} INFO - USD EUR
[2022-12-07T22:31:47.166+0000] {logging_mixin.py:137} INFO - USD RUB
[2022-12-07T22:31:47.168+0000] {logging_mixin.py:137} INFO - EUR RUB
[2022-12-07T22:31:47.177+0000] {processor.py:766} INFO - DAG(s) dict_keys(['dag']) retrieved from /opt/airflow/dags/dag.py
[2022-12-07T22:31:47.216+0000] {logging_mixin.py:137} INFO - [2022-12-07T22:31:47.215+0000] {dag.py:2585} INFO - Sync 1 DAGs
[2022-12-07T22:31:47.249+0000] {logging_mixin.py:137} INFO - [2022-12-07T22:31:47.249+0000] {dag.py:3340} INFO - Setting next_dagrun for dag to 2022-12-07T00:00:00+00:00, run_after=2022-12-08T00:00:00+00:00
[2022-12-07T22:31:47.284+0000] {processor.py:176} INFO - Processing /opt/airflow/dags/dag.py took 0.248 seconds
[2022-12-07T22:32:17.781+0000] {processor.py:154} INFO - Started process (PID=884) to work on /opt/airflow/dags/dag.py
[2022-12-07T22:32:17.782+0000] {processor.py:756} INFO - Processing file /opt/airflow/dags/dag.py for tasks to queue
[2022-12-07T22:32:17.783+0000] {logging_mixin.py:137} INFO - [2022-12-07T22:32:17.783+0000] {dagbag.py:537} INFO - Filling up the DagBag from /opt/airflow/dags/dag.py
[2022-12-07T22:32:17.873+0000] {logging_mixin.py:137} INFO - var ['82adcbbbae7a13d16e0b68fa1f50c023', 'airflow_user', 'airflow_ps', 'airflow_database']
[2022-12-07T22:32:17.873+0000] {logging_mixin.py:137} INFO - 82adcbbbae7a13d16e0b68fa1f50c023
[2022-12-07T22:32:17.878+0000] {logging_mixin.py:137} INFO - USD EUR
[2022-12-07T22:32:17.879+0000] {logging_mixin.py:137} INFO - USD RUB
[2022-12-07T22:32:17.879+0000] {logging_mixin.py:137} INFO - EUR RUB
[2022-12-07T22:32:17.889+0000] {processor.py:766} INFO - DAG(s) dict_keys(['dag']) retrieved from /opt/airflow/dags/dag.py
[2022-12-07T22:32:17.927+0000] {logging_mixin.py:137} INFO - [2022-12-07T22:32:17.927+0000] {dag.py:2585} INFO - Sync 1 DAGs
[2022-12-07T22:32:17.979+0000] {logging_mixin.py:137} INFO - [2022-12-07T22:32:17.979+0000] {dag.py:3340} INFO - Setting next_dagrun for dag to 2022-12-07T00:00:00+00:00, run_after=2022-12-08T00:00:00+00:00
[2022-12-07T22:32:18.013+0000] {processor.py:176} INFO - Processing /opt/airflow/dags/dag.py took 0.236 seconds
