[2022-12-07T09:09:15.926+0000] {taskinstance.py:1165} INFO - Dependencies all met for <TaskInstance: dag.encryption manual__2022-12-07T08:05:52.830300+00:00 [queued]>
[2022-12-07T09:09:15.943+0000] {taskinstance.py:1165} INFO - Dependencies all met for <TaskInstance: dag.encryption manual__2022-12-07T08:05:52.830300+00:00 [queued]>
[2022-12-07T09:09:15.944+0000] {taskinstance.py:1362} INFO - 
--------------------------------------------------------------------------------
[2022-12-07T09:09:15.944+0000] {taskinstance.py:1363} INFO - Starting attempt 1 of 1
[2022-12-07T09:09:15.945+0000] {taskinstance.py:1364} INFO - 
--------------------------------------------------------------------------------
[2022-12-07T09:09:15.973+0000] {taskinstance.py:1383} INFO - Executing <Task(PythonOperator): encryption> on 2022-12-07 08:05:52.830300+00:00
[2022-12-07T09:09:15.980+0000] {standard_task_runner.py:55} INFO - Started process 818 to run task
[2022-12-07T09:09:15.987+0000] {standard_task_runner.py:82} INFO - Running: ['***', 'tasks', 'run', 'dag', 'encryption', 'manual__2022-12-07T08:05:52.830300+00:00', '--job-id', '1580', '--raw', '--subdir', 'DAGS_FOLDER/dag.py', '--cfg-path', '/tmp/tmpmts29mwk']
[2022-12-07T09:09:15.988+0000] {standard_task_runner.py:83} INFO - Job 1580: Subtask encryption
[2022-12-07T09:09:16.079+0000] {task_command.py:376} INFO - Running <TaskInstance: dag.encryption manual__2022-12-07T08:05:52.830300+00:00 [running]> on host 505aa50095aa
[2022-12-07T09:09:16.183+0000] {taskinstance.py:1592} INFO - Exporting the following env vars:
AIRFLOW_CTX_DAG_OWNER=lofitravel
AIRFLOW_CTX_DAG_ID=dag
AIRFLOW_CTX_TASK_ID=encryption
AIRFLOW_CTX_EXECUTION_DATE=2022-12-07T08:05:52.830300+00:00
AIRFLOW_CTX_TRY_NUMBER=1
AIRFLOW_CTX_DAG_RUN_ID=manual__2022-12-07T08:05:52.830300+00:00
[2022-12-07T09:09:16.195+0000] {logging_mixin.py:137} INFO - ***
[2022-12-07T09:09:16.196+0000] {python.py:177} INFO - Done. Returned value was: ***
[2022-12-07T09:09:16.237+0000] {taskinstance.py:1406} INFO - Marking task as SUCCESS. dag_id=dag, task_id=encryption, execution_date=20221207T080552, start_date=20221207T090915, end_date=20221207T090916
[2022-12-07T09:09:16.280+0000] {local_task_job.py:159} INFO - Task exited with return code 0
[2022-12-07T09:09:16.306+0000] {taskinstance.py:2623} INFO - 0 downstream tasks scheduled from follow-on schedule check
