[2022-12-04T15:24:01.394+0000] {taskinstance.py:1165} INFO - Dependencies all met for <TaskInstance: dag.task_1 scheduled__2022-12-04T15:23:00+00:00 [queued]>
[2022-12-04T15:24:01.406+0000] {taskinstance.py:1165} INFO - Dependencies all met for <TaskInstance: dag.task_1 scheduled__2022-12-04T15:23:00+00:00 [queued]>
[2022-12-04T15:24:01.407+0000] {taskinstance.py:1362} INFO - 
--------------------------------------------------------------------------------
[2022-12-04T15:24:01.408+0000] {taskinstance.py:1363} INFO - Starting attempt 1 of 1
[2022-12-04T15:24:01.408+0000] {taskinstance.py:1364} INFO - 
--------------------------------------------------------------------------------
[2022-12-04T15:24:01.434+0000] {taskinstance.py:1383} INFO - Executing <Task(BashOperator): task_1> on 2022-12-04 15:23:00+00:00
[2022-12-04T15:24:01.439+0000] {standard_task_runner.py:55} INFO - Started process 8192 to run task
[2022-12-04T15:24:01.445+0000] {standard_task_runner.py:82} INFO - Running: ['***', 'tasks', 'run', 'dag', 'task_1', 'scheduled__2022-12-04T15:23:00+00:00', '--job-id', '531', '--raw', '--subdir', 'DAGS_FOLDER/dag.py', '--cfg-path', '/tmp/tmpfa0xadae']
[2022-12-04T15:24:01.446+0000] {standard_task_runner.py:83} INFO - Job 531: Subtask task_1
[2022-12-04T15:24:01.522+0000] {task_command.py:376} INFO - Running <TaskInstance: dag.task_1 scheduled__2022-12-04T15:23:00+00:00 [running]> on host 37018d05bc9d
[2022-12-04T15:24:01.615+0000] {taskinstance.py:1592} INFO - Exporting the following env vars:
AIRFLOW_CTX_DAG_OWNER=lofitravel
AIRFLOW_CTX_DAG_ID=dag
AIRFLOW_CTX_TASK_ID=task_1
AIRFLOW_CTX_EXECUTION_DATE=2022-12-04T15:23:00+00:00
AIRFLOW_CTX_TRY_NUMBER=1
AIRFLOW_CTX_DAG_RUN_ID=scheduled__2022-12-04T15:23:00+00:00
[2022-12-04T15:24:01.616+0000] {subprocess.py:63} INFO - Tmp dir root location: 
 /tmp
[2022-12-04T15:24:01.617+0000] {subprocess.py:75} INFO - Running command: ['/bin/bash', '-c', 'echo "Hello World from Task 1"']
[2022-12-04T15:24:01.627+0000] {subprocess.py:86} INFO - Output:
[2022-12-04T15:24:01.629+0000] {subprocess.py:93} INFO - Hello World from Task 1
[2022-12-04T15:24:01.630+0000] {subprocess.py:97} INFO - Command exited with return code 0
[2022-12-04T15:24:01.660+0000] {taskinstance.py:1406} INFO - Marking task as SUCCESS. dag_id=dag, task_id=task_1, execution_date=20221204T152300, start_date=20221204T152401, end_date=20221204T152401
[2022-12-04T15:24:01.696+0000] {local_task_job.py:159} INFO - Task exited with return code 0
[2022-12-04T15:24:01.733+0000] {taskinstance.py:2623} INFO - 2 downstream tasks scheduled from follow-on schedule check
