[2022-12-06T22:28:27.164+0000] {taskinstance.py:1165} INFO - Dependencies all met for <TaskInstance: dag.pull_data manual__2022-12-06T22:28:20.072958+00:00 [queued]>
[2022-12-06T22:28:27.181+0000] {taskinstance.py:1165} INFO - Dependencies all met for <TaskInstance: dag.pull_data manual__2022-12-06T22:28:20.072958+00:00 [queued]>
[2022-12-06T22:28:27.181+0000] {taskinstance.py:1362} INFO - 
--------------------------------------------------------------------------------
[2022-12-06T22:28:27.182+0000] {taskinstance.py:1363} INFO - Starting attempt 1 of 1
[2022-12-06T22:28:27.182+0000] {taskinstance.py:1364} INFO - 
--------------------------------------------------------------------------------
[2022-12-06T22:28:27.205+0000] {taskinstance.py:1383} INFO - Executing <Task(PythonOperator): pull_data> on 2022-12-06 22:28:20.072958+00:00
[2022-12-06T22:28:27.211+0000] {standard_task_runner.py:55} INFO - Started process 2912 to run task
[2022-12-06T22:28:27.216+0000] {standard_task_runner.py:82} INFO - Running: ['***', 'tasks', 'run', 'dag', 'pull_data', 'manual__2022-12-06T22:28:20.072958+00:00', '--job-id', '1239', '--raw', '--subdir', 'DAGS_FOLDER/dag.py', '--cfg-path', '/tmp/tmpaca9r7s8']
[2022-12-06T22:28:27.217+0000] {standard_task_runner.py:83} INFO - Job 1239: Subtask pull_data
[2022-12-06T22:28:27.314+0000] {task_command.py:376} INFO - Running <TaskInstance: dag.pull_data manual__2022-12-06T22:28:20.072958+00:00 [running]> on host 505aa50095aa
[2022-12-06T22:28:27.463+0000] {taskinstance.py:1592} INFO - Exporting the following env vars:
AIRFLOW_CTX_DAG_OWNER=lofitravel
AIRFLOW_CTX_DAG_ID=dag
AIRFLOW_CTX_TASK_ID=pull_data
AIRFLOW_CTX_EXECUTION_DATE=2022-12-06T22:28:20.072958+00:00
AIRFLOW_CTX_TRY_NUMBER=1
AIRFLOW_CTX_DAG_RUN_ID=manual__2022-12-06T22:28:20.072958+00:00
[2022-12-06T22:28:27.494+0000] {logging_mixin.py:137} INFO - syntax error at end of input
LINE 1: INSERT INTO pairs VALUES
                                ^
[2022-12-06T22:28:27.496+0000] {python.py:177} INFO - Done. Returned value was: None
[2022-12-06T22:28:27.515+0000] {taskinstance.py:1406} INFO - Marking task as SUCCESS. dag_id=dag, task_id=pull_data, execution_date=20221206T222820, start_date=20221206T222827, end_date=20221206T222827
[2022-12-06T22:28:27.550+0000] {local_task_job.py:159} INFO - Task exited with return code 0
[2022-12-06T22:28:27.580+0000] {taskinstance.py:2623} INFO - 0 downstream tasks scheduled from follow-on schedule check
