[2022-12-07T19:44:23.698+0000] {taskinstance.py:1165} INFO - Dependencies all met for <TaskInstance: dag.create_prediction_table manual__2022-12-07T19:43:58.035878+00:00 [queued]>
[2022-12-07T19:44:23.747+0000] {taskinstance.py:1165} INFO - Dependencies all met for <TaskInstance: dag.create_prediction_table manual__2022-12-07T19:43:58.035878+00:00 [queued]>
[2022-12-07T19:44:23.752+0000] {taskinstance.py:1362} INFO - 
--------------------------------------------------------------------------------
[2022-12-07T19:44:23.753+0000] {taskinstance.py:1363} INFO - Starting attempt 1 of 1
[2022-12-07T19:44:23.758+0000] {taskinstance.py:1364} INFO - 
--------------------------------------------------------------------------------
[2022-12-07T19:44:23.851+0000] {taskinstance.py:1383} INFO - Executing <Task(PostgresOperator): create_prediction_table> on 2022-12-07 19:43:58.035878+00:00
[2022-12-07T19:44:23.860+0000] {standard_task_runner.py:55} INFO - Started process 6767 to run task
[2022-12-07T19:44:23.869+0000] {standard_task_runner.py:82} INFO - Running: ['***', 'tasks', 'run', 'dag', 'create_prediction_table', 'manual__2022-12-07T19:43:58.035878+00:00', '--job-id', '1919', '--raw', '--subdir', 'DAGS_FOLDER/dag.py', '--cfg-path', '/tmp/tmp__df8owd']
[2022-12-07T19:44:23.870+0000] {standard_task_runner.py:83} INFO - Job 1919: Subtask create_prediction_table
[2022-12-07T19:44:24.052+0000] {task_command.py:376} INFO - Running <TaskInstance: dag.create_prediction_table manual__2022-12-07T19:43:58.035878+00:00 [running]> on host a9d6893ff63e
[2022-12-07T19:44:24.232+0000] {taskinstance.py:1592} INFO - Exporting the following env vars:
AIRFLOW_CTX_DAG_OWNER=lofitravel
AIRFLOW_CTX_DAG_ID=dag
AIRFLOW_CTX_TASK_ID=create_prediction_table
AIRFLOW_CTX_EXECUTION_DATE=2022-12-07T19:43:58.035878+00:00
AIRFLOW_CTX_TRY_NUMBER=1
AIRFLOW_CTX_DAG_RUN_ID=manual__2022-12-07T19:43:58.035878+00:00
[2022-12-07T19:44:24.252+0000] {base.py:71} INFO - Using connection ID 'postgres_localhost' for task execution.
[2022-12-07T19:44:24.275+0000] {sql.py:315} INFO - Running statement: 
        CREATE TABLE IF NOT EXISTS prediction_table(
            amount FLOAT NOT NULL,
        PRIMARY KEY (date, ticker_from, ticker_to));
        , parameters: None
[2022-12-07T19:44:24.278+0000] {taskinstance.py:1851} ERROR - Task failed with exception
Traceback (most recent call last):
  File "/home/airflow/.local/lib/python3.7/site-packages/airflow/providers/postgres/operators/postgres.py", line 94, in execute
    self.hook.run(self.sql, self.autocommit, parameters=self.parameters)
  File "/home/airflow/.local/lib/python3.7/site-packages/airflow/providers/common/sql/hooks/sql.py", line 295, in run
    self._run_command(cur, sql_statement, parameters)
  File "/home/airflow/.local/lib/python3.7/site-packages/airflow/providers/common/sql/hooks/sql.py", line 320, in _run_command
    cur.execute(sql_statement)
psycopg2.errors.UndefinedColumn: column "date" named in key does not exist
LINE 4:         PRIMARY KEY (date, ticker_from, ticker_to));
                ^

[2022-12-07T19:44:24.298+0000] {taskinstance.py:1406} INFO - Marking task as FAILED. dag_id=dag, task_id=create_prediction_table, execution_date=20221207T194358, start_date=20221207T194423, end_date=20221207T194424
[2022-12-07T19:44:24.322+0000] {standard_task_runner.py:105} ERROR - Failed to execute job 1919 for task create_prediction_table (column "date" named in key does not exist
LINE 4:         PRIMARY KEY (date, ticker_from, ticker_to));
                ^
; 6767)
[2022-12-07T19:44:24.364+0000] {local_task_job.py:159} INFO - Task exited with return code 1
[2022-12-07T19:44:24.403+0000] {taskinstance.py:2623} INFO - 0 downstream tasks scheduled from follow-on schedule check
