[2022-12-07T10:46:47.891+0000] {taskinstance.py:1165} INFO - Dependencies all met for <TaskInstance: dag.task_0_1 manual__2022-12-07T10:46:46.034562+00:00 [queued]>
[2022-12-07T10:46:47.915+0000] {taskinstance.py:1165} INFO - Dependencies all met for <TaskInstance: dag.task_0_1 manual__2022-12-07T10:46:46.034562+00:00 [queued]>
[2022-12-07T10:46:47.916+0000] {taskinstance.py:1362} INFO - 
--------------------------------------------------------------------------------
[2022-12-07T10:46:47.918+0000] {taskinstance.py:1363} INFO - Starting attempt 1 of 1
[2022-12-07T10:46:47.919+0000] {taskinstance.py:1364} INFO - 
--------------------------------------------------------------------------------
[2022-12-07T10:46:47.963+0000] {taskinstance.py:1383} INFO - Executing <Task(PythonOperator): task_0_1> on 2022-12-07 10:46:46.034562+00:00
[2022-12-07T10:46:47.976+0000] {standard_task_runner.py:55} INFO - Started process 1457 to run task
[2022-12-07T10:46:47.982+0000] {standard_task_runner.py:82} INFO - Running: ['***', 'tasks', 'run', 'dag', 'task_0_1', 'manual__2022-12-07T10:46:46.034562+00:00', '--job-id', '1705', '--raw', '--subdir', 'DAGS_FOLDER/dag.py', '--cfg-path', '/tmp/tmpomrrdr7i']
[2022-12-07T10:46:47.986+0000] {standard_task_runner.py:83} INFO - Job 1705: Subtask task_0_1
[2022-12-07T10:46:48.121+0000] {task_command.py:376} INFO - Running <TaskInstance: dag.task_0_1 manual__2022-12-07T10:46:46.034562+00:00 [running]> on host ede3719a0239
[2022-12-07T10:46:48.257+0000] {taskinstance.py:1592} INFO - Exporting the following env vars:
AIRFLOW_CTX_DAG_OWNER=lofitravel
AIRFLOW_CTX_DAG_ID=dag
AIRFLOW_CTX_TASK_ID=task_0_1
AIRFLOW_CTX_EXECUTION_DATE=2022-12-07T10:46:46.034562+00:00
AIRFLOW_CTX_TRY_NUMBER=1
AIRFLOW_CTX_DAG_RUN_ID=manual__2022-12-07T10:46:46.034562+00:00
[2022-12-07T10:46:48.993+0000] {logging_mixin.py:137} INFO - курс одного USD к RUB: 62.94146178
[2022-12-07T10:46:49.113+0000] {python.py:177} INFO - Done. Returned value was: None
[2022-12-07T10:46:49.191+0000] {taskinstance.py:1406} INFO - Marking task as SUCCESS. dag_id=dag, task_id=task_0_1, execution_date=20221207T104646, start_date=20221207T104647, end_date=20221207T104649
[2022-12-07T10:46:49.247+0000] {local_task_job.py:159} INFO - Task exited with return code 0
[2022-12-07T10:46:49.290+0000] {taskinstance.py:2623} INFO - 0 downstream tasks scheduled from follow-on schedule check
