[2022-12-04T17:13:32.592+0000] {taskinstance.py:1165} INFO - Dependencies all met for <TaskInstance: dag.task_1 manual__2022-12-04T17:13:30.376457+00:00 [queued]>
[2022-12-04T17:13:32.615+0000] {taskinstance.py:1165} INFO - Dependencies all met for <TaskInstance: dag.task_1 manual__2022-12-04T17:13:30.376457+00:00 [queued]>
[2022-12-04T17:13:32.616+0000] {taskinstance.py:1362} INFO - 
--------------------------------------------------------------------------------
[2022-12-04T17:13:32.617+0000] {taskinstance.py:1363} INFO - Starting attempt 1 of 1
[2022-12-04T17:13:32.618+0000] {taskinstance.py:1364} INFO - 
--------------------------------------------------------------------------------
[2022-12-04T17:13:32.652+0000] {taskinstance.py:1383} INFO - Executing <Task(PythonOperator): task_1> on 2022-12-04 17:13:30.376457+00:00
[2022-12-04T17:13:32.658+0000] {standard_task_runner.py:55} INFO - Started process 14140 to run task
[2022-12-04T17:13:32.664+0000] {standard_task_runner.py:82} INFO - Running: ['***', 'tasks', 'run', 'dag', 'task_1', 'manual__2022-12-04T17:13:30.376457+00:00', '--job-id', '859', '--raw', '--subdir', 'DAGS_FOLDER/dag.py', '--cfg-path', '/tmp/tmpjujlgfz1']
[2022-12-04T17:13:32.665+0000] {standard_task_runner.py:83} INFO - Job 859: Subtask task_1
[2022-12-04T17:13:32.791+0000] {task_command.py:376} INFO - Running <TaskInstance: dag.task_1 manual__2022-12-04T17:13:30.376457+00:00 [running]> on host 37018d05bc9d
[2022-12-04T17:13:32.910+0000] {taskinstance.py:1592} INFO - Exporting the following env vars:
AIRFLOW_CTX_DAG_OWNER=lofitravel
AIRFLOW_CTX_DAG_ID=dag
AIRFLOW_CTX_TASK_ID=task_1
AIRFLOW_CTX_EXECUTION_DATE=2022-12-04T17:13:30.376457+00:00
AIRFLOW_CTX_TRY_NUMBER=1
AIRFLOW_CTX_DAG_RUN_ID=manual__2022-12-04T17:13:30.376457+00:00
[2022-12-04T17:13:33.776+0000] {logging_mixin.py:137} INFO - ['AED', 'AFN', 'ALL', 'AMD', 'ANG', 'AOA', 'ARS', 'AUD', 'AWG', 'AZN', 'BAM', 'BBD', 'BDT', 'BGN', 'BHD', 'BIF', 'BMD', 'BND', 'BOB', 'BOV', 'BRL', 'BSD', 'BTN', 'BWP', 'BYN', 'BZD', 'CAD', 'CDF', 'CHE', 'CHF', 'CHW', 'CLF', 'CLP', 'CNY', 'COP', 'COU', 'CRC', 'CUC', 'CUP', 'CVE', 'CZK', 'DJF', 'DKK', 'DOP', 'DZD', 'EGP', 'ERN', 'ETB', 'EUR', 'FJD', 'FKP', 'GBP', 'GEL', 'GHS', 'GIP', 'GMD', 'GNF', 'GTQ', 'GYD', 'HKD', 'HNL', 'HRK', 'HTG', 'HUF', 'IDR', 'ILS', 'INR', 'IQD', 'IRR', 'ISK', 'JMD', 'JOD', 'JPY', 'KES', 'KGS', 'KHR', 'KMF', 'KPW', 'KRW', 'KWD', 'KYD', 'KZT', 'LAK', 'LBP', 'LKR', 'LRD', 'LSL', 'LYD', 'MAD', 'MDL', 'MGA', 'MKD', 'MMK', 'MNT', 'MOP', 'MRU', 'MUR', 'MVR', 'MWK', 'MXN', 'MXV', 'MYR', 'MZN', 'NAD', 'NGN', 'NIO', 'NOK', 'NPR', 'NZD', 'OMR', 'PAB', 'PEN', 'PGK', 'PHP', 'PKR', 'PLN', 'PYG', 'QAR', 'RON', 'RSD', 'RUB', 'RWF', 'SAR', 'SBD', 'SCR', 'SDG', 'SEK', 'SGD', 'SHP', 'SLL', 'SOS', 'SRD', 'SSP', 'STN', 'SVC', 'SYP', 'SZL', 'THB', 'TJS', 'TMT', 'TND', 'TOP', 'TRY', 'TTD', 'TWD', 'TZS', 'UAH', 'UGX', 'USD', 'USN', 'UYI', 'UYU', 'UYW', 'UZS', 'VES', 'VND', 'VUV', 'WST', 'XAF', 'XAG', 'XAU', 'XBA', 'XBB', 'XBC', 'XBD', 'XCD', 'XDR', 'XOF', 'XPD', 'XPF', 'XPT', 'XSU', 'XTS', 'XUA', 'XXX', 'YER', 'ZAR', 'ZMW', 'ZWL']
[2022-12-04T17:13:33.777+0000] {python.py:177} INFO - Done. Returned value was: None
[2022-12-04T17:13:33.799+0000] {taskinstance.py:1406} INFO - Marking task as SUCCESS. dag_id=dag, task_id=task_1, execution_date=20221204T171330, start_date=20221204T171332, end_date=20221204T171333
[2022-12-04T17:13:33.881+0000] {local_task_job.py:159} INFO - Task exited with return code 0
[2022-12-04T17:13:33.962+0000] {taskinstance.py:2623} INFO - 2 downstream tasks scheduled from follow-on schedule check
