[2022-12-07T07:11:21.897+0000] {taskinstance.py:1165} INFO - Dependencies all met for <TaskInstance: dag.pull_data manual__2022-12-07T07:11:16.505314+00:00 [queued]>
[2022-12-07T07:11:21.923+0000] {taskinstance.py:1165} INFO - Dependencies all met for <TaskInstance: dag.pull_data manual__2022-12-07T07:11:16.505314+00:00 [queued]>
[2022-12-07T07:11:21.923+0000] {taskinstance.py:1362} INFO - 
--------------------------------------------------------------------------------
[2022-12-07T07:11:21.924+0000] {taskinstance.py:1363} INFO - Starting attempt 1 of 1
[2022-12-07T07:11:21.924+0000] {taskinstance.py:1364} INFO - 
--------------------------------------------------------------------------------
[2022-12-07T07:11:21.954+0000] {taskinstance.py:1383} INFO - Executing <Task(PythonOperator): pull_data> on 2022-12-07 07:11:16.505314+00:00
[2022-12-07T07:11:21.960+0000] {standard_task_runner.py:55} INFO - Started process 27611 to run task
[2022-12-07T07:11:21.965+0000] {standard_task_runner.py:82} INFO - Running: ['***', 'tasks', 'run', 'dag', 'pull_data', 'manual__2022-12-07T07:11:16.505314+00:00', '--job-id', '1421', '--raw', '--subdir', 'DAGS_FOLDER/dag.py', '--cfg-path', '/tmp/tmp3opjz84v']
[2022-12-07T07:11:21.967+0000] {standard_task_runner.py:83} INFO - Job 1421: Subtask pull_data
[2022-12-07T07:11:22.061+0000] {task_command.py:376} INFO - Running <TaskInstance: dag.pull_data manual__2022-12-07T07:11:16.505314+00:00 [running]> on host 505aa50095aa
[2022-12-07T07:11:22.230+0000] {taskinstance.py:1592} INFO - Exporting the following env vars:
AIRFLOW_CTX_DAG_OWNER=lofitravel
AIRFLOW_CTX_DAG_ID=dag
AIRFLOW_CTX_TASK_ID=pull_data
AIRFLOW_CTX_EXECUTION_DATE=2022-12-07T07:11:16.505314+00:00
AIRFLOW_CTX_TRY_NUMBER=1
AIRFLOW_CTX_DAG_RUN_ID=manual__2022-12-07T07:11:16.505314+00:00
[2022-12-07T07:11:22.251+0000] {logging_mixin.py:137} INFO - [['2022-12-07', 'USD', 'EUR', 0.95701101], ['2022-12-07', 'USD', 'RUB', 63.0055863], ['2022-12-07', 'EUR', 'RUB', 65.83580088]]
[2022-12-07T07:11:22.266+0000] {logging_mixin.py:137} INFO - Postgresql connection created!
[2022-12-07T07:11:22.267+0000] {logging_mixin.py:137} INFO - Failed to insert into PostgreSQL
[2022-12-07T07:11:22.268+0000] {logging_mixin.py:137} INFO - relation "pairs" does not exist
LINE 1: INSERT INTO pairs VALUES('2022-12-07','USD','EUR',0.95701101...
                    ^
[2022-12-07T07:11:22.268+0000] {logging_mixin.py:137} INFO - CSSS
[2022-12-07T07:11:22.269+0000] {python.py:177} INFO - Done. Returned value was: None
[2022-12-07T07:11:22.292+0000] {taskinstance.py:1406} INFO - Marking task as SUCCESS. dag_id=dag, task_id=pull_data, execution_date=20221207T071116, start_date=20221207T071121, end_date=20221207T071122
[2022-12-07T07:11:22.339+0000] {local_task_job.py:159} INFO - Task exited with return code 0
[2022-12-07T07:11:22.375+0000] {taskinstance.py:2623} INFO - 0 downstream tasks scheduled from follow-on schedule check
