[2022-12-06T22:09:17.339+0000] {taskinstance.py:1165} INFO - Dependencies all met for <TaskInstance: dag.task_0_1 manual__2022-12-06T22:09:15.803253+00:00 [queued]>
[2022-12-06T22:09:17.359+0000] {taskinstance.py:1165} INFO - Dependencies all met for <TaskInstance: dag.task_0_1 manual__2022-12-06T22:09:15.803253+00:00 [queued]>
[2022-12-06T22:09:17.368+0000] {taskinstance.py:1362} INFO - 
--------------------------------------------------------------------------------
[2022-12-06T22:09:17.369+0000] {taskinstance.py:1363} INFO - Starting attempt 1 of 1
[2022-12-06T22:09:17.370+0000] {taskinstance.py:1364} INFO - 
--------------------------------------------------------------------------------
[2022-12-06T22:09:17.393+0000] {taskinstance.py:1383} INFO - Executing <Task(PythonOperator): task_0_1> on 2022-12-06 22:09:15.803253+00:00
[2022-12-06T22:09:17.401+0000] {standard_task_runner.py:55} INFO - Started process 1961 to run task
[2022-12-06T22:09:17.408+0000] {standard_task_runner.py:82} INFO - Running: ['***', 'tasks', 'run', 'dag', 'task_0_1', 'manual__2022-12-06T22:09:15.803253+00:00', '--job-id', '1197', '--raw', '--subdir', 'DAGS_FOLDER/dag.py', '--cfg-path', '/tmp/tmpeol5xd2a']
[2022-12-06T22:09:17.409+0000] {standard_task_runner.py:83} INFO - Job 1197: Subtask task_0_1
[2022-12-06T22:09:17.575+0000] {task_command.py:376} INFO - Running <TaskInstance: dag.task_0_1 manual__2022-12-06T22:09:15.803253+00:00 [running]> on host 505aa50095aa
[2022-12-06T22:09:17.708+0000] {taskinstance.py:1592} INFO - Exporting the following env vars:
AIRFLOW_CTX_DAG_OWNER=lofitravel
AIRFLOW_CTX_DAG_ID=dag
AIRFLOW_CTX_TASK_ID=task_0_1
AIRFLOW_CTX_EXECUTION_DATE=2022-12-06T22:09:15.803253+00:00
AIRFLOW_CTX_TRY_NUMBER=1
AIRFLOW_CTX_DAG_RUN_ID=manual__2022-12-06T22:09:15.803253+00:00
[2022-12-06T22:09:18.320+0000] {logging_mixin.py:137} INFO - курс одного USD к RUB: 63.38530246
[2022-12-06T22:09:18.340+0000] {python.py:177} INFO - Done. Returned value was: None
[2022-12-06T22:09:18.357+0000] {taskinstance.py:1406} INFO - Marking task as SUCCESS. dag_id=dag, task_id=task_0_1, execution_date=20221206T220915, start_date=20221206T220917, end_date=20221206T220918
[2022-12-06T22:09:18.426+0000] {local_task_job.py:159} INFO - Task exited with return code 0
[2022-12-06T22:09:18.453+0000] {taskinstance.py:2623} INFO - 0 downstream tasks scheduled from follow-on schedule check
