[2022-12-07T19:49:34.676+0000] {taskinstance.py:1165} INFO - Dependencies all met for <TaskInstance: dag.refresh_materialized manual__2022-12-07T19:49:07.708876+00:00 [queued]>
[2022-12-07T19:49:34.721+0000] {taskinstance.py:1165} INFO - Dependencies all met for <TaskInstance: dag.refresh_materialized manual__2022-12-07T19:49:07.708876+00:00 [queued]>
[2022-12-07T19:49:34.722+0000] {taskinstance.py:1362} INFO - 
--------------------------------------------------------------------------------
[2022-12-07T19:49:34.725+0000] {taskinstance.py:1363} INFO - Starting attempt 1 of 1
[2022-12-07T19:49:34.726+0000] {taskinstance.py:1364} INFO - 
--------------------------------------------------------------------------------
[2022-12-07T19:49:34.760+0000] {taskinstance.py:1383} INFO - Executing <Task(PostgresOperator): refresh_materialized> on 2022-12-07 19:49:07.708876+00:00
[2022-12-07T19:49:34.772+0000] {standard_task_runner.py:55} INFO - Started process 6998 to run task
[2022-12-07T19:49:34.779+0000] {standard_task_runner.py:82} INFO - Running: ['***', 'tasks', 'run', 'dag', 'refresh_materialized', 'manual__2022-12-07T19:49:07.708876+00:00', '--job-id', '1936', '--raw', '--subdir', 'DAGS_FOLDER/dag.py', '--cfg-path', '/tmp/tmpe0ezwaf1']
[2022-12-07T19:49:34.780+0000] {standard_task_runner.py:83} INFO - Job 1936: Subtask refresh_materialized
[2022-12-07T19:49:34.958+0000] {task_command.py:376} INFO - Running <TaskInstance: dag.refresh_materialized manual__2022-12-07T19:49:07.708876+00:00 [running]> on host a9d6893ff63e
[2022-12-07T19:49:35.146+0000] {taskinstance.py:1592} INFO - Exporting the following env vars:
AIRFLOW_CTX_DAG_OWNER=lofitravel
AIRFLOW_CTX_DAG_ID=dag
AIRFLOW_CTX_TASK_ID=refresh_materialized
AIRFLOW_CTX_EXECUTION_DATE=2022-12-07T19:49:07.708876+00:00
AIRFLOW_CTX_TRY_NUMBER=1
AIRFLOW_CTX_DAG_RUN_ID=manual__2022-12-07T19:49:07.708876+00:00
[2022-12-07T19:49:35.176+0000] {base.py:71} INFO - Using connection ID 'postgres_localhost' for task execution.
[2022-12-07T19:49:35.199+0000] {sql.py:315} INFO - Running statement: REFRESH MATERIALIZED VIEW predictions
        , parameters: None
[2022-12-07T19:49:35.231+0000] {taskinstance.py:1406} INFO - Marking task as SUCCESS. dag_id=dag, task_id=refresh_materialized, execution_date=20221207T194907, start_date=20221207T194934, end_date=20221207T194935
[2022-12-07T19:49:35.328+0000] {local_task_job.py:159} INFO - Task exited with return code 0
[2022-12-07T19:49:35.456+0000] {taskinstance.py:2623} INFO - 1 downstream tasks scheduled from follow-on schedule check
