[2022-12-06T22:07:00.515+0000] {taskinstance.py:1165} INFO - Dependencies all met for <TaskInstance: dag.task_0_0 manual__2022-12-06T22:06:59.069470+00:00 [queued]>
[2022-12-06T22:07:00.528+0000] {taskinstance.py:1165} INFO - Dependencies all met for <TaskInstance: dag.task_0_0 manual__2022-12-06T22:06:59.069470+00:00 [queued]>
[2022-12-06T22:07:00.529+0000] {taskinstance.py:1362} INFO - 
--------------------------------------------------------------------------------
[2022-12-06T22:07:00.529+0000] {taskinstance.py:1363} INFO - Starting attempt 1 of 1
[2022-12-06T22:07:00.530+0000] {taskinstance.py:1364} INFO - 
--------------------------------------------------------------------------------
[2022-12-06T22:07:00.561+0000] {taskinstance.py:1383} INFO - Executing <Task(PythonOperator): task_0_0> on 2022-12-06 22:06:59.069470+00:00
[2022-12-06T22:07:00.566+0000] {standard_task_runner.py:55} INFO - Started process 1830 to run task
[2022-12-06T22:07:00.571+0000] {standard_task_runner.py:82} INFO - Running: ['***', 'tasks', 'run', 'dag', 'task_0_0', 'manual__2022-12-06T22:06:59.069470+00:00', '--job-id', '1181', '--raw', '--subdir', 'DAGS_FOLDER/dag.py', '--cfg-path', '/tmp/tmplm2f1bk2']
[2022-12-06T22:07:00.572+0000] {standard_task_runner.py:83} INFO - Job 1181: Subtask task_0_0
[2022-12-06T22:07:00.669+0000] {task_command.py:376} INFO - Running <TaskInstance: dag.task_0_0 manual__2022-12-06T22:06:59.069470+00:00 [running]> on host 505aa50095aa
[2022-12-06T22:07:00.768+0000] {taskinstance.py:1592} INFO - Exporting the following env vars:
AIRFLOW_CTX_DAG_OWNER=lofitravel
AIRFLOW_CTX_DAG_ID=dag
AIRFLOW_CTX_TASK_ID=task_0_0
AIRFLOW_CTX_EXECUTION_DATE=2022-12-06T22:06:59.069470+00:00
AIRFLOW_CTX_TRY_NUMBER=1
AIRFLOW_CTX_DAG_RUN_ID=manual__2022-12-06T22:06:59.069470+00:00
[2022-12-06T22:07:01.836+0000] {logging_mixin.py:137} INFO - курс одного USD к EUR: 0.95536234
[2022-12-06T22:07:01.855+0000] {python.py:177} INFO - Done. Returned value was: None
[2022-12-06T22:07:01.868+0000] {taskinstance.py:1406} INFO - Marking task as SUCCESS. dag_id=dag, task_id=task_0_0, execution_date=20221206T220659, start_date=20221206T220700, end_date=20221206T220701
[2022-12-06T22:07:01.908+0000] {local_task_job.py:159} INFO - Task exited with return code 0
[2022-12-06T22:07:01.932+0000] {taskinstance.py:2623} INFO - 0 downstream tasks scheduled from follow-on schedule check
