[2022-12-07T12:49:36.794+0000] {taskinstance.py:1165} INFO - Dependencies all met for <TaskInstance: dag.encryption manual__2022-12-07T12:49:35.384012+00:00 [queued]>
[2022-12-07T12:49:36.813+0000] {taskinstance.py:1165} INFO - Dependencies all met for <TaskInstance: dag.encryption manual__2022-12-07T12:49:35.384012+00:00 [queued]>
[2022-12-07T12:49:36.813+0000] {taskinstance.py:1362} INFO - 
--------------------------------------------------------------------------------
[2022-12-07T12:49:36.814+0000] {taskinstance.py:1363} INFO - Starting attempt 1 of 1
[2022-12-07T12:49:36.814+0000] {taskinstance.py:1364} INFO - 
--------------------------------------------------------------------------------
[2022-12-07T12:49:36.842+0000] {taskinstance.py:1383} INFO - Executing <Task(PythonOperator): encryption> on 2022-12-07 12:49:35.384012+00:00
[2022-12-07T12:49:36.849+0000] {standard_task_runner.py:55} INFO - Started process 426 to run task
[2022-12-07T12:49:36.853+0000] {standard_task_runner.py:82} INFO - Running: ['***', 'tasks', 'run', 'dag', 'encryption', 'manual__2022-12-07T12:49:35.384012+00:00', '--job-id', '1744', '--raw', '--subdir', 'DAGS_FOLDER/dag.py', '--cfg-path', '/tmp/tmprvmh8x87']
[2022-12-07T12:49:36.854+0000] {standard_task_runner.py:83} INFO - Job 1744: Subtask encryption
[2022-12-07T12:49:36.952+0000] {task_command.py:376} INFO - Running <TaskInstance: dag.encryption manual__2022-12-07T12:49:35.384012+00:00 [running]> on host 6c11163b5e64
[2022-12-07T12:49:37.273+0000] {taskinstance.py:1592} INFO - Exporting the following env vars:
AIRFLOW_CTX_DAG_OWNER=lofitravel
AIRFLOW_CTX_DAG_ID=dag
AIRFLOW_CTX_TASK_ID=encryption
AIRFLOW_CTX_EXECUTION_DATE=2022-12-07T12:49:35.384012+00:00
AIRFLOW_CTX_TRY_NUMBER=1
AIRFLOW_CTX_DAG_RUN_ID=manual__2022-12-07T12:49:35.384012+00:00
[2022-12-07T12:49:37.319+0000] {logging_mixin.py:137} INFO - var ['82adcbbbae7a13d16e0b68fa1f50c023', '***_user', '***_ps', '***_database']
[2022-12-07T12:49:37.320+0000] {python.py:177} INFO - Done. Returned value was: ['82adcbbbae7a13d16e0b68fa1f50c023', '***_user', '***_ps', '***_database']
[2022-12-07T12:49:37.427+0000] {taskinstance.py:1406} INFO - Marking task as SUCCESS. dag_id=dag, task_id=encryption, execution_date=20221207T124935, start_date=20221207T124936, end_date=20221207T124937
[2022-12-07T12:49:37.482+0000] {local_task_job.py:159} INFO - Task exited with return code 0
[2022-12-07T12:49:37.545+0000] {taskinstance.py:2623} INFO - 1 downstream tasks scheduled from follow-on schedule check
