[2022-12-04T13:33:02.654+0000] {taskinstance.py:1165} INFO - Dependencies all met for <TaskInstance: dag.task_3 scheduled__2022-12-04T13:32:00+00:00 [queued]>
[2022-12-04T13:33:02.669+0000] {taskinstance.py:1165} INFO - Dependencies all met for <TaskInstance: dag.task_3 scheduled__2022-12-04T13:32:00+00:00 [queued]>
[2022-12-04T13:33:02.670+0000] {taskinstance.py:1362} INFO - 
--------------------------------------------------------------------------------
[2022-12-04T13:33:02.670+0000] {taskinstance.py:1363} INFO - Starting attempt 1 of 1
[2022-12-04T13:33:02.671+0000] {taskinstance.py:1364} INFO - 
--------------------------------------------------------------------------------
[2022-12-04T13:33:02.690+0000] {taskinstance.py:1383} INFO - Executing <Task(BashOperator): task_3> on 2022-12-04 13:32:00+00:00
[2022-12-04T13:33:02.694+0000] {standard_task_runner.py:55} INFO - Started process 1698 to run task
[2022-12-04T13:33:02.699+0000] {standard_task_runner.py:82} INFO - Running: ['***', 'tasks', 'run', 'dag', 'task_3', 'scheduled__2022-12-04T13:32:00+00:00', '--job-id', '89', '--raw', '--subdir', 'DAGS_FOLDER/dag.py', '--cfg-path', '/tmp/tmp_5v5uro2']
[2022-12-04T13:33:02.700+0000] {standard_task_runner.py:83} INFO - Job 89: Subtask task_3
[2022-12-04T13:33:02.768+0000] {task_command.py:376} INFO - Running <TaskInstance: dag.task_3 scheduled__2022-12-04T13:32:00+00:00 [running]> on host 37018d05bc9d
[2022-12-04T13:33:02.853+0000] {taskinstance.py:1592} INFO - Exporting the following env vars:
AIRFLOW_CTX_DAG_OWNER=lofitravel
AIRFLOW_CTX_DAG_ID=dag
AIRFLOW_CTX_TASK_ID=task_3
AIRFLOW_CTX_EXECUTION_DATE=2022-12-04T13:32:00+00:00
AIRFLOW_CTX_TRY_NUMBER=1
AIRFLOW_CTX_DAG_RUN_ID=scheduled__2022-12-04T13:32:00+00:00
[2022-12-04T13:33:02.854+0000] {subprocess.py:63} INFO - Tmp dir root location: 
 /tmp
[2022-12-04T13:33:02.855+0000] {subprocess.py:75} INFO - Running command: ['/bin/bash', '-c', 'echo "Hello World from Task 3"']
[2022-12-04T13:33:02.865+0000] {subprocess.py:86} INFO - Output:
[2022-12-04T13:33:02.867+0000] {subprocess.py:93} INFO - Hello World from Task 3
[2022-12-04T13:33:02.868+0000] {subprocess.py:97} INFO - Command exited with return code 0
[2022-12-04T13:33:02.896+0000] {taskinstance.py:1406} INFO - Marking task as SUCCESS. dag_id=dag, task_id=task_3, execution_date=20221204T133200, start_date=20221204T133302, end_date=20221204T133302
[2022-12-04T13:33:02.951+0000] {local_task_job.py:159} INFO - Task exited with return code 0
[2022-12-04T13:33:03.021+0000] {taskinstance.py:2623} INFO - 0 downstream tasks scheduled from follow-on schedule check
