[2022-12-07T19:26:42.639+0000] {taskinstance.py:1165} INFO - Dependencies all met for <TaskInstance: dag.task_0_1 manual__2022-12-07T19:26:36.766866+00:00 [queued]>
[2022-12-07T19:26:42.803+0000] {taskinstance.py:1165} INFO - Dependencies all met for <TaskInstance: dag.task_0_1 manual__2022-12-07T19:26:36.766866+00:00 [queued]>
[2022-12-07T19:26:42.957+0000] {taskinstance.py:1362} INFO - 
--------------------------------------------------------------------------------
[2022-12-07T19:26:43.134+0000] {taskinstance.py:1363} INFO - Starting attempt 1 of 1
[2022-12-07T19:26:43.424+0000] {taskinstance.py:1364} INFO - 
--------------------------------------------------------------------------------
[2022-12-07T19:26:43.595+0000] {taskinstance.py:1383} INFO - Executing <Task(PythonOperator): task_0_1> on 2022-12-07 19:26:36.766866+00:00
[2022-12-07T19:26:43.701+0000] {standard_task_runner.py:82} INFO - Running: ['***', 'tasks', 'run', 'dag', 'task_0_1', 'manual__2022-12-07T19:26:36.766866+00:00', '--job-id', '1891', '--raw', '--subdir', 'DAGS_FOLDER/dag.py', '--cfg-path', '/tmp/tmpawitpd5t']
[2022-12-07T19:26:43.687+0000] {standard_task_runner.py:55} INFO - Started process 6009 to run task
[2022-12-07T19:26:43.721+0000] {standard_task_runner.py:83} INFO - Job 1891: Subtask task_0_1
[2022-12-07T19:26:44.264+0000] {task_command.py:376} INFO - Running <TaskInstance: dag.task_0_1 manual__2022-12-07T19:26:36.766866+00:00 [running]> on host a9d6893ff63e
[2022-12-07T19:26:45.044+0000] {taskinstance.py:1592} INFO - Exporting the following env vars:
AIRFLOW_CTX_DAG_OWNER=lofitravel
AIRFLOW_CTX_DAG_ID=dag
AIRFLOW_CTX_TASK_ID=task_0_1
AIRFLOW_CTX_EXECUTION_DATE=2022-12-07T19:26:36.766866+00:00
AIRFLOW_CTX_TRY_NUMBER=1
AIRFLOW_CTX_DAG_RUN_ID=manual__2022-12-07T19:26:36.766866+00:00
[2022-12-07T19:26:54.123+0000] {logging_mixin.py:137} INFO - курс одного USD к RUB: 63.48500466
[2022-12-07T19:26:54.246+0000] {python.py:177} INFO - Done. Returned value was: None
[2022-12-07T19:26:54.330+0000] {taskinstance.py:1406} INFO - Marking task as SUCCESS. dag_id=dag, task_id=task_0_1, execution_date=20221207T192636, start_date=20221207T192642, end_date=20221207T192654
[2022-12-07T19:26:54.504+0000] {local_task_job.py:159} INFO - Task exited with return code 0
[2022-12-07T19:26:54.788+0000] {taskinstance.py:2623} INFO - 0 downstream tasks scheduled from follow-on schedule check
