[2022-12-07T09:11:08.548+0000] {taskinstance.py:1165} INFO - Dependencies all met for <TaskInstance: dag.encryption manual__2022-12-07T09:11:06.960675+00:00 [queued]>
[2022-12-07T09:11:08.568+0000] {taskinstance.py:1165} INFO - Dependencies all met for <TaskInstance: dag.encryption manual__2022-12-07T09:11:06.960675+00:00 [queued]>
[2022-12-07T09:11:08.568+0000] {taskinstance.py:1362} INFO - 
--------------------------------------------------------------------------------
[2022-12-07T09:11:08.569+0000] {taskinstance.py:1363} INFO - Starting attempt 1 of 1
[2022-12-07T09:11:08.569+0000] {taskinstance.py:1364} INFO - 
--------------------------------------------------------------------------------
[2022-12-07T09:11:08.593+0000] {taskinstance.py:1383} INFO - Executing <Task(PythonOperator): encryption> on 2022-12-07 09:11:06.960675+00:00
[2022-12-07T09:11:08.600+0000] {standard_task_runner.py:55} INFO - Started process 932 to run task
[2022-12-07T09:11:08.605+0000] {standard_task_runner.py:82} INFO - Running: ['***', 'tasks', 'run', 'dag', 'encryption', 'manual__2022-12-07T09:11:06.960675+00:00', '--job-id', '1596', '--raw', '--subdir', 'DAGS_FOLDER/dag.py', '--cfg-path', '/tmp/tmp4aompasy']
[2022-12-07T09:11:08.606+0000] {standard_task_runner.py:83} INFO - Job 1596: Subtask encryption
[2022-12-07T09:11:08.706+0000] {task_command.py:376} INFO - Running <TaskInstance: dag.encryption manual__2022-12-07T09:11:06.960675+00:00 [running]> on host 505aa50095aa
[2022-12-07T09:11:08.818+0000] {taskinstance.py:1592} INFO - Exporting the following env vars:
AIRFLOW_CTX_DAG_OWNER=lofitravel
AIRFLOW_CTX_DAG_ID=dag
AIRFLOW_CTX_TASK_ID=encryption
AIRFLOW_CTX_EXECUTION_DATE=2022-12-07T09:11:06.960675+00:00
AIRFLOW_CTX_TRY_NUMBER=1
AIRFLOW_CTX_DAG_RUN_ID=manual__2022-12-07T09:11:06.960675+00:00
[2022-12-07T09:11:08.829+0000] {logging_mixin.py:137} INFO - var ***
[2022-12-07T09:11:08.829+0000] {python.py:177} INFO - Done. Returned value was: ***
[2022-12-07T09:11:08.855+0000] {taskinstance.py:1406} INFO - Marking task as SUCCESS. dag_id=dag, task_id=encryption, execution_date=20221207T091106, start_date=20221207T091108, end_date=20221207T091108
[2022-12-07T09:11:08.896+0000] {local_task_job.py:159} INFO - Task exited with return code 0
[2022-12-07T09:11:08.916+0000] {taskinstance.py:2623} INFO - 0 downstream tasks scheduled from follow-on schedule check
