[2022-12-04T17:44:20.053+0000] {taskinstance.py:1165} INFO - Dependencies all met for <TaskInstance: dag.task_2 manual__2022-12-04T17:44:13.040660+00:00 [queued]>
[2022-12-04T17:44:20.099+0000] {taskinstance.py:1165} INFO - Dependencies all met for <TaskInstance: dag.task_2 manual__2022-12-04T17:44:13.040660+00:00 [queued]>
[2022-12-04T17:44:20.100+0000] {taskinstance.py:1362} INFO - 
--------------------------------------------------------------------------------
[2022-12-04T17:44:20.101+0000] {taskinstance.py:1363} INFO - Starting attempt 1 of 1
[2022-12-04T17:44:20.138+0000] {taskinstance.py:1364} INFO - 
--------------------------------------------------------------------------------
[2022-12-04T17:44:20.220+0000] {taskinstance.py:1383} INFO - Executing <Task(BashOperator): task_2> on 2022-12-04 17:44:13.040660+00:00
[2022-12-04T17:44:20.228+0000] {standard_task_runner.py:55} INFO - Started process 15516 to run task
[2022-12-04T17:44:20.234+0000] {standard_task_runner.py:82} INFO - Running: ['***', 'tasks', 'run', 'dag', 'task_2', 'manual__2022-12-04T17:44:13.040660+00:00', '--job-id', '872', '--raw', '--subdir', 'DAGS_FOLDER/dag.py', '--cfg-path', '/tmp/tmp2v6p6brs']
[2022-12-04T17:44:20.236+0000] {standard_task_runner.py:83} INFO - Job 872: Subtask task_2
[2022-12-04T17:44:20.403+0000] {task_command.py:376} INFO - Running <TaskInstance: dag.task_2 manual__2022-12-04T17:44:13.040660+00:00 [running]> on host 37018d05bc9d
[2022-12-04T17:44:20.576+0000] {taskinstance.py:1592} INFO - Exporting the following env vars:
AIRFLOW_CTX_DAG_OWNER=lofitravel
AIRFLOW_CTX_DAG_ID=dag
AIRFLOW_CTX_TASK_ID=task_2
AIRFLOW_CTX_EXECUTION_DATE=2022-12-04T17:44:13.040660+00:00
AIRFLOW_CTX_TRY_NUMBER=1
AIRFLOW_CTX_DAG_RUN_ID=manual__2022-12-04T17:44:13.040660+00:00
[2022-12-04T17:44:20.578+0000] {subprocess.py:63} INFO - Tmp dir root location: 
 /tmp
[2022-12-04T17:44:20.580+0000] {subprocess.py:75} INFO - Running command: ['/bin/bash', '-c', 'echo "Hello World from Task 2"']
[2022-12-04T17:44:20.597+0000] {subprocess.py:86} INFO - Output:
[2022-12-04T17:44:20.601+0000] {subprocess.py:93} INFO - Hello World from Task 2
[2022-12-04T17:44:20.602+0000] {subprocess.py:97} INFO - Command exited with return code 0
[2022-12-04T17:44:20.651+0000] {taskinstance.py:1406} INFO - Marking task as SUCCESS. dag_id=dag, task_id=task_2, execution_date=20221204T174413, start_date=20221204T174420, end_date=20221204T174420
[2022-12-04T17:44:20.731+0000] {local_task_job.py:159} INFO - Task exited with return code 0
[2022-12-04T17:44:20.794+0000] {taskinstance.py:2623} INFO - 0 downstream tasks scheduled from follow-on schedule check
