[2022-12-07T07:03:02.969+0000] {taskinstance.py:1165} INFO - Dependencies all met for <TaskInstance: dag.pull_data manual__2022-12-07T07:02:57.893054+00:00 [queued]>
[2022-12-07T07:03:02.989+0000] {taskinstance.py:1165} INFO - Dependencies all met for <TaskInstance: dag.pull_data manual__2022-12-07T07:02:57.893054+00:00 [queued]>
[2022-12-07T07:03:02.989+0000] {taskinstance.py:1362} INFO - 
--------------------------------------------------------------------------------
[2022-12-07T07:03:02.990+0000] {taskinstance.py:1363} INFO - Starting attempt 1 of 1
[2022-12-07T07:03:02.990+0000] {taskinstance.py:1364} INFO - 
--------------------------------------------------------------------------------
[2022-12-07T07:03:03.016+0000] {taskinstance.py:1383} INFO - Executing <Task(PythonOperator): pull_data> on 2022-12-07 07:02:57.893054+00:00
[2022-12-07T07:03:03.023+0000] {standard_task_runner.py:55} INFO - Started process 27182 to run task
[2022-12-07T07:03:03.028+0000] {standard_task_runner.py:82} INFO - Running: ['***', 'tasks', 'run', 'dag', 'pull_data', 'manual__2022-12-07T07:02:57.893054+00:00', '--job-id', '1397', '--raw', '--subdir', 'DAGS_FOLDER/dag.py', '--cfg-path', '/tmp/tmpcjhuzneh']
[2022-12-07T07:03:03.028+0000] {standard_task_runner.py:83} INFO - Job 1397: Subtask pull_data
[2022-12-07T07:03:03.122+0000] {task_command.py:376} INFO - Running <TaskInstance: dag.pull_data manual__2022-12-07T07:02:57.893054+00:00 [running]> on host 505aa50095aa
[2022-12-07T07:03:03.250+0000] {taskinstance.py:1592} INFO - Exporting the following env vars:
AIRFLOW_CTX_DAG_OWNER=lofitravel
AIRFLOW_CTX_DAG_ID=dag
AIRFLOW_CTX_TASK_ID=pull_data
AIRFLOW_CTX_EXECUTION_DATE=2022-12-07T07:02:57.893054+00:00
AIRFLOW_CTX_TRY_NUMBER=1
AIRFLOW_CTX_DAG_RUN_ID=manual__2022-12-07T07:02:57.893054+00:00
[2022-12-07T07:03:03.271+0000] {logging_mixin.py:137} INFO - [['2022-12-07', 'USD', 'EUR', 0.95701101], ['2022-12-07', 'USD', 'RUB', 63.0055863], ['2022-12-07', 'EUR', 'RUB', 65.83580088]]
[2022-12-07T07:03:03.295+0000] {logging_mixin.py:137} INFO - Postgresql connection created!
[2022-12-07T07:03:03.298+0000] {logging_mixin.py:137} INFO - Failed to insert into PostgreSQL
[2022-12-07T07:03:03.303+0000] {logging_mixin.py:137} INFO - relation "pairs" does not exist
LINE 1: INSERT INTO pairs VALUES('2022-12-07','USD','EUR',0.95701101...
                    ^
[2022-12-07T07:03:03.310+0000] {logging_mixin.py:137} INFO - CSSS
[2022-12-07T07:03:03.311+0000] {python.py:177} INFO - Done. Returned value was: None
[2022-12-07T07:03:03.343+0000] {taskinstance.py:1406} INFO - Marking task as SUCCESS. dag_id=dag, task_id=pull_data, execution_date=20221207T070257, start_date=20221207T070302, end_date=20221207T070303
[2022-12-07T07:03:03.440+0000] {local_task_job.py:159} INFO - Task exited with return code 0
[2022-12-07T07:03:03.472+0000] {taskinstance.py:2623} INFO - 0 downstream tasks scheduled from follow-on schedule check
