[2022-12-07T07:34:38.890+0000] {taskinstance.py:1165} INFO - Dependencies all met for <TaskInstance: dag.task_1_0 manual__2022-12-07T07:34:37.465679+00:00 [queued]>
[2022-12-07T07:34:38.905+0000] {taskinstance.py:1165} INFO - Dependencies all met for <TaskInstance: dag.task_1_0 manual__2022-12-07T07:34:37.465679+00:00 [queued]>
[2022-12-07T07:34:38.906+0000] {taskinstance.py:1362} INFO - 
--------------------------------------------------------------------------------
[2022-12-07T07:34:38.906+0000] {taskinstance.py:1363} INFO - Starting attempt 1 of 1
[2022-12-07T07:34:38.907+0000] {taskinstance.py:1364} INFO - 
--------------------------------------------------------------------------------
[2022-12-07T07:34:38.931+0000] {taskinstance.py:1383} INFO - Executing <Task(PythonOperator): task_1_0> on 2022-12-07 07:34:37.465679+00:00
[2022-12-07T07:34:38.937+0000] {standard_task_runner.py:55} INFO - Started process 28797 to run task
[2022-12-07T07:34:38.943+0000] {standard_task_runner.py:82} INFO - Running: ['***', 'tasks', 'run', 'dag', 'task_1_0', 'manual__2022-12-07T07:34:37.465679+00:00', '--job-id', '1482', '--raw', '--subdir', 'DAGS_FOLDER/dag.py', '--cfg-path', '/tmp/tmpjtibnp2r']
[2022-12-07T07:34:38.944+0000] {standard_task_runner.py:83} INFO - Job 1482: Subtask task_1_0
[2022-12-07T07:34:39.034+0000] {task_command.py:376} INFO - Running <TaskInstance: dag.task_1_0 manual__2022-12-07T07:34:37.465679+00:00 [running]> on host 505aa50095aa
[2022-12-07T07:34:39.136+0000] {taskinstance.py:1592} INFO - Exporting the following env vars:
AIRFLOW_CTX_DAG_OWNER=lofitravel
AIRFLOW_CTX_DAG_ID=dag
AIRFLOW_CTX_TASK_ID=task_1_0
AIRFLOW_CTX_EXECUTION_DATE=2022-12-07T07:34:37.465679+00:00
AIRFLOW_CTX_TRY_NUMBER=1
AIRFLOW_CTX_DAG_RUN_ID=manual__2022-12-07T07:34:37.465679+00:00
[2022-12-07T07:34:40.010+0000] {logging_mixin.py:137} INFO - курс одного EUR к RUB: 65.92683611
[2022-12-07T07:34:40.039+0000] {python.py:177} INFO - Done. Returned value was: None
[2022-12-07T07:34:40.062+0000] {taskinstance.py:1406} INFO - Marking task as SUCCESS. dag_id=dag, task_id=task_1_0, execution_date=20221207T073437, start_date=20221207T073438, end_date=20221207T073440
[2022-12-07T07:34:40.119+0000] {local_task_job.py:159} INFO - Task exited with return code 0
[2022-12-07T07:34:40.165+0000] {taskinstance.py:2623} INFO - 1 downstream tasks scheduled from follow-on schedule check
