[2022-12-05T20:10:55.955+0000] {taskinstance.py:1165} INFO - Dependencies all met for <TaskInstance: dag.task_0_0 manual__2022-12-05T20:10:54.816503+00:00 [queued]>
[2022-12-05T20:10:55.975+0000] {taskinstance.py:1165} INFO - Dependencies all met for <TaskInstance: dag.task_0_0 manual__2022-12-05T20:10:54.816503+00:00 [queued]>
[2022-12-05T20:10:55.976+0000] {taskinstance.py:1362} INFO - 
--------------------------------------------------------------------------------
[2022-12-05T20:10:55.977+0000] {taskinstance.py:1363} INFO - Starting attempt 1 of 1
[2022-12-05T20:10:55.978+0000] {taskinstance.py:1364} INFO - 
--------------------------------------------------------------------------------
[2022-12-05T20:10:56.006+0000] {taskinstance.py:1383} INFO - Executing <Task(PythonOperator): task_0_0> on 2022-12-05 20:10:54.816503+00:00
[2022-12-05T20:10:56.013+0000] {standard_task_runner.py:55} INFO - Started process 5115 to run task
[2022-12-05T20:10:56.019+0000] {standard_task_runner.py:82} INFO - Running: ['***', 'tasks', 'run', 'dag', 'task_0_0', 'manual__2022-12-05T20:10:54.816503+00:00', '--job-id', '918', '--raw', '--subdir', 'DAGS_FOLDER/dag.py', '--cfg-path', '/tmp/tmpk5ki_zpa']
[2022-12-05T20:10:56.020+0000] {standard_task_runner.py:83} INFO - Job 918: Subtask task_0_0
[2022-12-05T20:10:56.168+0000] {task_command.py:376} INFO - Running <TaskInstance: dag.task_0_0 manual__2022-12-05T20:10:54.816503+00:00 [running]> on host 02acd0b59b6f
[2022-12-05T20:10:56.323+0000] {taskinstance.py:1592} INFO - Exporting the following env vars:
AIRFLOW_CTX_DAG_OWNER=lofitravel
AIRFLOW_CTX_DAG_ID=dag
AIRFLOW_CTX_TASK_ID=task_0_0
AIRFLOW_CTX_EXECUTION_DATE=2022-12-05T20:10:54.816503+00:00
AIRFLOW_CTX_TRY_NUMBER=1
AIRFLOW_CTX_DAG_RUN_ID=manual__2022-12-05T20:10:54.816503+00:00
[2022-12-05T20:10:56.327+0000] {taskinstance.py:1851} ERROR - Task failed with exception
Traceback (most recent call last):
  File "/home/airflow/.local/lib/python3.7/site-packages/airflow/operators/python.py", line 173, in execute
    self.op_kwargs = self.determine_kwargs(context)
  File "/home/airflow/.local/lib/python3.7/site-packages/airflow/operators/python.py", line 184, in determine_kwargs
    return KeywordParameters.determine(self.python_callable, self.op_args, context).unpacking()
  File "/home/airflow/.local/lib/python3.7/site-packages/airflow/utils/operator_helpers.py", line 161, in determine
    raise ValueError(f"The key {name!r} in args is a part of kwargs and therefore reserved.")
ValueError: The key 'ti' in args is a part of kwargs and therefore reserved.
[2022-12-05T20:10:56.345+0000] {taskinstance.py:1406} INFO - Marking task as FAILED. dag_id=dag, task_id=task_0_0, execution_date=20221205T201054, start_date=20221205T201055, end_date=20221205T201056
[2022-12-05T20:10:56.374+0000] {standard_task_runner.py:105} ERROR - Failed to execute job 918 for task task_0_0 (The key 'ti' in args is a part of kwargs and therefore reserved.; 5115)
[2022-12-05T20:10:56.393+0000] {local_task_job.py:159} INFO - Task exited with return code 1
[2022-12-05T20:10:56.419+0000] {taskinstance.py:2623} INFO - 0 downstream tasks scheduled from follow-on schedule check
