[2022-12-04T15:17:03.741+0000] {taskinstance.py:1165} INFO - Dependencies all met for <TaskInstance: dag.task_4 scheduled__2022-12-04T15:16:00+00:00 [queued]>
[2022-12-04T15:17:03.753+0000] {taskinstance.py:1165} INFO - Dependencies all met for <TaskInstance: dag.task_4 scheduled__2022-12-04T15:16:00+00:00 [queued]>
[2022-12-04T15:17:03.753+0000] {taskinstance.py:1362} INFO - 
--------------------------------------------------------------------------------
[2022-12-04T15:17:03.753+0000] {taskinstance.py:1363} INFO - Starting attempt 1 of 1
[2022-12-04T15:17:03.754+0000] {taskinstance.py:1364} INFO - 
--------------------------------------------------------------------------------
[2022-12-04T15:17:03.770+0000] {taskinstance.py:1383} INFO - Executing <Task(BashOperator): task_4> on 2022-12-04 15:16:00+00:00
[2022-12-04T15:17:03.774+0000] {standard_task_runner.py:55} INFO - Started process 7791 to run task
[2022-12-04T15:17:03.777+0000] {standard_task_runner.py:82} INFO - Running: ['***', 'tasks', 'run', 'dag', 'task_4', 'scheduled__2022-12-04T15:16:00+00:00', '--job-id', '506', '--raw', '--subdir', 'DAGS_FOLDER/dag.py', '--cfg-path', '/tmp/tmpnffqbdgs']
[2022-12-04T15:17:03.778+0000] {standard_task_runner.py:83} INFO - Job 506: Subtask task_4
[2022-12-04T15:17:03.847+0000] {task_command.py:376} INFO - Running <TaskInstance: dag.task_4 scheduled__2022-12-04T15:16:00+00:00 [running]> on host 37018d05bc9d
[2022-12-04T15:17:03.936+0000] {taskinstance.py:1592} INFO - Exporting the following env vars:
AIRFLOW_CTX_DAG_OWNER=lofitravel
AIRFLOW_CTX_DAG_ID=dag
AIRFLOW_CTX_TASK_ID=task_4
AIRFLOW_CTX_EXECUTION_DATE=2022-12-04T15:16:00+00:00
AIRFLOW_CTX_TRY_NUMBER=1
AIRFLOW_CTX_DAG_RUN_ID=scheduled__2022-12-04T15:16:00+00:00
[2022-12-04T15:17:03.939+0000] {subprocess.py:63} INFO - Tmp dir root location: 
 /tmp
[2022-12-04T15:17:03.940+0000] {subprocess.py:75} INFO - Running command: ['/bin/bash', '-c', 'echo "Hello World from Task 4"']
[2022-12-04T15:17:03.954+0000] {subprocess.py:86} INFO - Output:
[2022-12-04T15:17:03.955+0000] {subprocess.py:93} INFO - Hello World from Task 4
[2022-12-04T15:17:03.956+0000] {subprocess.py:97} INFO - Command exited with return code 0
[2022-12-04T15:17:03.986+0000] {taskinstance.py:1406} INFO - Marking task as SUCCESS. dag_id=dag, task_id=task_4, execution_date=20221204T151600, start_date=20221204T151703, end_date=20221204T151703
[2022-12-04T15:17:04.029+0000] {local_task_job.py:159} INFO - Task exited with return code 0
[2022-12-04T15:17:04.048+0000] {taskinstance.py:2623} INFO - 0 downstream tasks scheduled from follow-on schedule check
