[2022-12-06T22:56:08.025+0000] {taskinstance.py:1165} INFO - Dependencies all met for <TaskInstance: dag.task_1_0 manual__2022-12-06T22:56:06.478386+00:00 [queued]>
[2022-12-06T22:56:08.040+0000] {taskinstance.py:1165} INFO - Dependencies all met for <TaskInstance: dag.task_1_0 manual__2022-12-06T22:56:06.478386+00:00 [queued]>
[2022-12-06T22:56:08.041+0000] {taskinstance.py:1362} INFO - 
--------------------------------------------------------------------------------
[2022-12-06T22:56:08.041+0000] {taskinstance.py:1363} INFO - Starting attempt 1 of 1
[2022-12-06T22:56:08.042+0000] {taskinstance.py:1364} INFO - 
--------------------------------------------------------------------------------
[2022-12-06T22:56:08.071+0000] {taskinstance.py:1383} INFO - Executing <Task(PythonOperator): task_1_0> on 2022-12-06 22:56:06.478386+00:00
[2022-12-06T22:56:08.102+0000] {standard_task_runner.py:55} INFO - Started process 4337 to run task
[2022-12-06T22:56:08.108+0000] {standard_task_runner.py:82} INFO - Running: ['***', 'tasks', 'run', 'dag', 'task_1_0', 'manual__2022-12-06T22:56:06.478386+00:00', '--job-id', '1317', '--raw', '--subdir', 'DAGS_FOLDER/dag.py', '--cfg-path', '/tmp/tmp23yjueqz']
[2022-12-06T22:56:08.109+0000] {standard_task_runner.py:83} INFO - Job 1317: Subtask task_1_0
[2022-12-06T22:56:08.217+0000] {task_command.py:376} INFO - Running <TaskInstance: dag.task_1_0 manual__2022-12-06T22:56:06.478386+00:00 [running]> on host 505aa50095aa
[2022-12-06T22:56:08.367+0000] {taskinstance.py:1592} INFO - Exporting the following env vars:
AIRFLOW_CTX_DAG_OWNER=lofitravel
AIRFLOW_CTX_DAG_ID=dag
AIRFLOW_CTX_TASK_ID=task_1_0
AIRFLOW_CTX_EXECUTION_DATE=2022-12-06T22:56:06.478386+00:00
AIRFLOW_CTX_TRY_NUMBER=1
AIRFLOW_CTX_DAG_RUN_ID=manual__2022-12-06T22:56:06.478386+00:00
[2022-12-06T22:56:08.938+0000] {logging_mixin.py:137} INFO - курс одного EUR к RUB: 66.34903103
[2022-12-06T22:56:08.991+0000] {python.py:177} INFO - Done. Returned value was: None
[2022-12-06T22:56:09.009+0000] {taskinstance.py:1406} INFO - Marking task as SUCCESS. dag_id=dag, task_id=task_1_0, execution_date=20221206T225606, start_date=20221206T225608, end_date=20221206T225609
[2022-12-06T22:56:09.052+0000] {local_task_job.py:159} INFO - Task exited with return code 0
[2022-12-06T22:56:09.106+0000] {taskinstance.py:2623} INFO - 1 downstream tasks scheduled from follow-on schedule check
