[2022-12-06T19:11:10.450+0000] {taskinstance.py:1165} INFO - Dependencies all met for <TaskInstance: dag.create_table manual__2022-12-06T19:11:07.554969+00:00 [queued]>
[2022-12-06T19:11:10.488+0000] {taskinstance.py:1165} INFO - Dependencies all met for <TaskInstance: dag.create_table manual__2022-12-06T19:11:07.554969+00:00 [queued]>
[2022-12-06T19:11:10.489+0000] {taskinstance.py:1362} INFO - 
--------------------------------------------------------------------------------
[2022-12-06T19:11:10.490+0000] {taskinstance.py:1363} INFO - Starting attempt 1 of 1
[2022-12-06T19:11:10.494+0000] {taskinstance.py:1364} INFO - 
--------------------------------------------------------------------------------
[2022-12-06T19:11:10.542+0000] {taskinstance.py:1383} INFO - Executing <Task(PostgresOperator): create_table> on 2022-12-06 19:11:07.554969+00:00
[2022-12-06T19:11:10.552+0000] {standard_task_runner.py:55} INFO - Started process 2399 to run task
[2022-12-06T19:11:10.574+0000] {standard_task_runner.py:82} INFO - Running: ['***', 'tasks', 'run', 'dag', 'create_table', 'manual__2022-12-06T19:11:07.554969+00:00', '--job-id', '1050', '--raw', '--subdir', 'DAGS_FOLDER/dag.py', '--cfg-path', '/tmp/tmpeeomhwyo']
[2022-12-06T19:11:10.575+0000] {standard_task_runner.py:83} INFO - Job 1050: Subtask create_table
[2022-12-06T19:11:10.753+0000] {task_command.py:376} INFO - Running <TaskInstance: dag.create_table manual__2022-12-06T19:11:07.554969+00:00 [running]> on host f1257ac346c8
[2022-12-06T19:11:10.941+0000] {taskinstance.py:1592} INFO - Exporting the following env vars:
AIRFLOW_CTX_DAG_OWNER=lofitravel
AIRFLOW_CTX_DAG_ID=dag
AIRFLOW_CTX_TASK_ID=create_table
AIRFLOW_CTX_EXECUTION_DATE=2022-12-06T19:11:07.554969+00:00
AIRFLOW_CTX_TRY_NUMBER=1
AIRFLOW_CTX_DAG_RUN_ID=manual__2022-12-06T19:11:07.554969+00:00
[2022-12-06T19:11:10.981+0000] {base.py:71} INFO - Using connection ID 'postgres_localhost' for task execution.
[2022-12-06T19:11:11.028+0000] {sql.py:315} INFO - Running statement: 
        CREATE TABLE IF NOT EXISTS pairs(
            date TIMESTAMP NOT NULL,
            ticker_from VARCHAR(3) NOT NULL,
            ticker_to VARCHAR(3) NOT NULL,
            amount FLOAT NOT NULL);
        , parameters: None
[2022-12-06T19:11:11.047+0000] {postgres.py:96} INFO - NOTICE:  relation "pairs" already exists, skipping

[2022-12-06T19:11:11.071+0000] {taskinstance.py:1406} INFO - Marking task as SUCCESS. dag_id=dag, task_id=create_table, execution_date=20221206T191107, start_date=20221206T191110, end_date=20221206T191111
[2022-12-06T19:11:11.165+0000] {local_task_job.py:159} INFO - Task exited with return code 0
[2022-12-06T19:11:11.317+0000] {taskinstance.py:2623} INFO - 0 downstream tasks scheduled from follow-on schedule check
