[2022-12-06T21:03:53.782+0000] {taskinstance.py:1165} INFO - Dependencies all met for <TaskInstance: dag.pull_data manual__2022-12-06T21:03:43.430505+00:00 [queued]>
[2022-12-06T21:03:53.821+0000] {taskinstance.py:1165} INFO - Dependencies all met for <TaskInstance: dag.pull_data manual__2022-12-06T21:03:43.430505+00:00 [queued]>
[2022-12-06T21:03:53.834+0000] {taskinstance.py:1362} INFO - 
--------------------------------------------------------------------------------
[2022-12-06T21:03:53.835+0000] {taskinstance.py:1363} INFO - Starting attempt 1 of 1
[2022-12-06T21:03:53.837+0000] {taskinstance.py:1364} INFO - 
--------------------------------------------------------------------------------
[2022-12-06T21:03:53.894+0000] {taskinstance.py:1383} INFO - Executing <Task(PythonOperator): pull_data> on 2022-12-06 21:03:43.430505+00:00
[2022-12-06T21:03:53.904+0000] {standard_task_runner.py:55} INFO - Started process 3468 to run task
[2022-12-06T21:03:53.920+0000] {standard_task_runner.py:82} INFO - Running: ['***', 'tasks', 'run', 'dag', 'pull_data', 'manual__2022-12-06T21:03:43.430505+00:00', '--job-id', '1131', '--raw', '--subdir', 'DAGS_FOLDER/dag.py', '--cfg-path', '/tmp/tmpkss9h0e7']
[2022-12-06T21:03:53.931+0000] {standard_task_runner.py:83} INFO - Job 1131: Subtask pull_data
[2022-12-06T21:03:54.285+0000] {task_command.py:376} INFO - Running <TaskInstance: dag.pull_data manual__2022-12-06T21:03:43.430505+00:00 [running]> on host 74768727baca
[2022-12-06T21:03:54.683+0000] {taskinstance.py:1592} INFO - Exporting the following env vars:
AIRFLOW_CTX_DAG_OWNER=lofitravel
AIRFLOW_CTX_DAG_ID=dag
AIRFLOW_CTX_TASK_ID=pull_data
AIRFLOW_CTX_EXECUTION_DATE=2022-12-06T21:03:43.430505+00:00
AIRFLOW_CTX_TRY_NUMBER=1
AIRFLOW_CTX_DAG_RUN_ID=manual__2022-12-06T21:03:43.430505+00:00
[2022-12-06T21:03:54.758+0000] {logging_mixin.py:137} INFO - ["('2022-12-06', 'USD', 'EUR', 0.95501652)", "('2022-12-06', 'USD', 'RUB', 63.38948931)", "('2022-12-06', 'EUR', 'RUB', 66.37528064)"]
[2022-12-06T21:03:54.768+0000] {python.py:177} INFO - Done. Returned value was: None
[2022-12-06T21:03:54.818+0000] {taskinstance.py:1406} INFO - Marking task as SUCCESS. dag_id=dag, task_id=pull_data, execution_date=20221206T210343, start_date=20221206T210353, end_date=20221206T210354
[2022-12-06T21:03:54.912+0000] {local_task_job.py:159} INFO - Task exited with return code 0
[2022-12-06T21:03:54.994+0000] {taskinstance.py:2623} INFO - 0 downstream tasks scheduled from follow-on schedule check
