[2022-12-07T23:48:34.255+0000] {taskinstance.py:1165} INFO - Dependencies all met for <TaskInstance: dag.encryption manual__2022-12-07T23:48:30.824248+00:00 [queued]>
[2022-12-07T23:48:34.287+0000] {taskinstance.py:1165} INFO - Dependencies all met for <TaskInstance: dag.encryption manual__2022-12-07T23:48:30.824248+00:00 [queued]>
[2022-12-07T23:48:34.288+0000] {taskinstance.py:1362} INFO - 
--------------------------------------------------------------------------------
[2022-12-07T23:48:34.289+0000] {taskinstance.py:1363} INFO - Starting attempt 1 of 1
[2022-12-07T23:48:34.290+0000] {taskinstance.py:1364} INFO - 
--------------------------------------------------------------------------------
[2022-12-07T23:48:34.362+0000] {taskinstance.py:1383} INFO - Executing <Task(PythonOperator): encryption> on 2022-12-07 23:48:30.824248+00:00
[2022-12-07T23:48:34.381+0000] {standard_task_runner.py:55} INFO - Started process 218 to run task
[2022-12-07T23:48:34.394+0000] {standard_task_runner.py:82} INFO - Running: ['***', 'tasks', 'run', 'dag', 'encryption', 'manual__2022-12-07T23:48:30.824248+00:00', '--job-id', '8', '--raw', '--subdir', 'DAGS_FOLDER/dag.py', '--cfg-path', '/tmp/tmpjdxlaeja']
[2022-12-07T23:48:34.396+0000] {standard_task_runner.py:83} INFO - Job 8: Subtask encryption
[2022-12-07T23:48:34.765+0000] {task_command.py:376} INFO - Running <TaskInstance: dag.encryption manual__2022-12-07T23:48:30.824248+00:00 [running]> on host 564356c68f54
[2022-12-07T23:48:35.212+0000] {taskinstance.py:1592} INFO - Exporting the following env vars:
AIRFLOW_CTX_DAG_OWNER=lofitravel
AIRFLOW_CTX_DAG_ID=dag
AIRFLOW_CTX_TASK_ID=encryption
AIRFLOW_CTX_EXECUTION_DATE=2022-12-07T23:48:30.824248+00:00
AIRFLOW_CTX_TRY_NUMBER=1
AIRFLOW_CTX_DAG_RUN_ID=manual__2022-12-07T23:48:30.824248+00:00
[2022-12-07T23:48:35.250+0000] {logging_mixin.py:137} INFO - var ['82adcbbbae7a13d16e0b68fa1f50c023', '***_user', '***_ps', '***_database']
[2022-12-07T23:48:35.251+0000] {python.py:177} INFO - Done. Returned value was: ['82adcbbbae7a13d16e0b68fa1f50c023', '***_user', '***_ps', '***_database']
[2022-12-07T23:48:35.363+0000] {taskinstance.py:1406} INFO - Marking task as SUCCESS. dag_id=dag, task_id=encryption, execution_date=20221207T234830, start_date=20221207T234834, end_date=20221207T234835
[2022-12-07T23:48:35.473+0000] {local_task_job.py:159} INFO - Task exited with return code 0
[2022-12-07T23:48:35.663+0000] {taskinstance.py:2623} INFO - 1 downstream tasks scheduled from follow-on schedule check
