[2022-12-07T12:43:23.794+0000] {taskinstance.py:1165} INFO - Dependencies all met for <TaskInstance: dag.pull_data manual__2022-12-07T12:43:15.623447+00:00 [queued]>
[2022-12-07T12:43:23.811+0000] {taskinstance.py:1165} INFO - Dependencies all met for <TaskInstance: dag.pull_data manual__2022-12-07T12:43:15.623447+00:00 [queued]>
[2022-12-07T12:43:23.811+0000] {taskinstance.py:1362} INFO - 
--------------------------------------------------------------------------------
[2022-12-07T12:43:23.812+0000] {taskinstance.py:1363} INFO - Starting attempt 1 of 1
[2022-12-07T12:43:23.813+0000] {taskinstance.py:1364} INFO - 
--------------------------------------------------------------------------------
[2022-12-07T12:43:23.835+0000] {taskinstance.py:1383} INFO - Executing <Task(PythonOperator): pull_data> on 2022-12-07 12:43:15.623447+00:00
[2022-12-07T12:43:23.840+0000] {standard_task_runner.py:55} INFO - Started process 139 to run task
[2022-12-07T12:43:23.845+0000] {standard_task_runner.py:82} INFO - Running: ['***', 'tasks', 'run', 'dag', 'pull_data', 'manual__2022-12-07T12:43:15.623447+00:00', '--job-id', '1741', '--raw', '--subdir', 'DAGS_FOLDER/dag.py', '--cfg-path', '/tmp/tmpncp7ecdg']
[2022-12-07T12:43:23.846+0000] {standard_task_runner.py:83} INFO - Job 1741: Subtask pull_data
[2022-12-07T12:43:23.932+0000] {task_command.py:376} INFO - Running <TaskInstance: dag.pull_data manual__2022-12-07T12:43:15.623447+00:00 [running]> on host 6c11163b5e64
[2022-12-07T12:43:24.036+0000] {taskinstance.py:1592} INFO - Exporting the following env vars:
AIRFLOW_CTX_DAG_OWNER=lofitravel
AIRFLOW_CTX_DAG_ID=dag
AIRFLOW_CTX_TASK_ID=pull_data
AIRFLOW_CTX_EXECUTION_DATE=2022-12-07T12:43:15.623447+00:00
AIRFLOW_CTX_TRY_NUMBER=1
AIRFLOW_CTX_DAG_RUN_ID=manual__2022-12-07T12:43:15.623447+00:00
[2022-12-07T12:43:24.068+0000] {logging_mixin.py:137} INFO - var ['82adcbbbae7a13d16e0b68fa1f50c023', '***_user', '***_ps', '***_database']
[2022-12-07T12:43:24.078+0000] {logging_mixin.py:137} INFO - var ['82adcbbbae7a13d16e0b68fa1f50c023', '***_user', '***_ps', '***_database']
[2022-12-07T12:43:24.088+0000] {logging_mixin.py:137} INFO - var ['82adcbbbae7a13d16e0b68fa1f50c023', '***_user', '***_ps', '***_database']
[2022-12-07T12:43:24.103+0000] {logging_mixin.py:137} INFO - Postgresql connection created!
[2022-12-07T12:43:24.108+0000] {logging_mixin.py:137} INFO - Data successfully inserted!
[2022-12-07T12:43:24.109+0000] {python.py:177} INFO - Done. Returned value was: None
[2022-12-07T12:43:24.128+0000] {taskinstance.py:1406} INFO - Marking task as SUCCESS. dag_id=dag, task_id=pull_data, execution_date=20221207T124315, start_date=20221207T124323, end_date=20221207T124324
[2022-12-07T12:43:24.177+0000] {local_task_job.py:159} INFO - Task exited with return code 0
[2022-12-07T12:43:24.208+0000] {taskinstance.py:2623} INFO - 0 downstream tasks scheduled from follow-on schedule check
