[2022-12-04T15:02:00.949+0000] {taskinstance.py:1165} INFO - Dependencies all met for <TaskInstance: dag.task_1 scheduled__2022-12-04T15:01:00+00:00 [queued]>
[2022-12-04T15:02:00.962+0000] {taskinstance.py:1165} INFO - Dependencies all met for <TaskInstance: dag.task_1 scheduled__2022-12-04T15:01:00+00:00 [queued]>
[2022-12-04T15:02:00.963+0000] {taskinstance.py:1362} INFO - 
--------------------------------------------------------------------------------
[2022-12-04T15:02:00.963+0000] {taskinstance.py:1363} INFO - Starting attempt 1 of 1
[2022-12-04T15:02:00.964+0000] {taskinstance.py:1364} INFO - 
--------------------------------------------------------------------------------
[2022-12-04T15:02:00.982+0000] {taskinstance.py:1383} INFO - Executing <Task(BashOperator): task_1> on 2022-12-04 15:01:00+00:00
[2022-12-04T15:02:00.987+0000] {standard_task_runner.py:55} INFO - Started process 6905 to run task
[2022-12-04T15:02:00.991+0000] {standard_task_runner.py:82} INFO - Running: ['***', 'tasks', 'run', 'dag', 'task_1', 'scheduled__2022-12-04T15:01:00+00:00', '--job-id', '443', '--raw', '--subdir', 'DAGS_FOLDER/dag.py', '--cfg-path', '/tmp/tmpgo0gsto2']
[2022-12-04T15:02:00.992+0000] {standard_task_runner.py:83} INFO - Job 443: Subtask task_1
[2022-12-04T15:02:01.079+0000] {task_command.py:376} INFO - Running <TaskInstance: dag.task_1 scheduled__2022-12-04T15:01:00+00:00 [running]> on host 37018d05bc9d
[2022-12-04T15:02:01.168+0000] {taskinstance.py:1592} INFO - Exporting the following env vars:
AIRFLOW_CTX_DAG_OWNER=lofitravel
AIRFLOW_CTX_DAG_ID=dag
AIRFLOW_CTX_TASK_ID=task_1
AIRFLOW_CTX_EXECUTION_DATE=2022-12-04T15:01:00+00:00
AIRFLOW_CTX_TRY_NUMBER=1
AIRFLOW_CTX_DAG_RUN_ID=scheduled__2022-12-04T15:01:00+00:00
[2022-12-04T15:02:01.170+0000] {subprocess.py:63} INFO - Tmp dir root location: 
 /tmp
[2022-12-04T15:02:01.171+0000] {subprocess.py:75} INFO - Running command: ['/bin/bash', '-c', 'echo "Hello World from Task 1"']
[2022-12-04T15:02:01.183+0000] {subprocess.py:86} INFO - Output:
[2022-12-04T15:02:01.185+0000] {subprocess.py:93} INFO - Hello World from Task 1
[2022-12-04T15:02:01.186+0000] {subprocess.py:97} INFO - Command exited with return code 0
[2022-12-04T15:02:01.215+0000] {taskinstance.py:1406} INFO - Marking task as SUCCESS. dag_id=dag, task_id=task_1, execution_date=20221204T150100, start_date=20221204T150200, end_date=20221204T150201
[2022-12-04T15:02:01.243+0000] {local_task_job.py:159} INFO - Task exited with return code 0
[2022-12-04T15:02:01.274+0000] {taskinstance.py:2623} INFO - 2 downstream tasks scheduled from follow-on schedule check
