[2022-12-07T13:29:25.098+0000] {taskinstance.py:1165} INFO - Dependencies all met for <TaskInstance: dag.insert_data manual__2022-12-07T13:29:18.182798+00:00 [queued]>
[2022-12-07T13:29:25.113+0000] {taskinstance.py:1165} INFO - Dependencies all met for <TaskInstance: dag.insert_data manual__2022-12-07T13:29:18.182798+00:00 [queued]>
[2022-12-07T13:29:25.113+0000] {taskinstance.py:1362} INFO - 
--------------------------------------------------------------------------------
[2022-12-07T13:29:25.114+0000] {taskinstance.py:1363} INFO - Starting attempt 1 of 1
[2022-12-07T13:29:25.115+0000] {taskinstance.py:1364} INFO - 
--------------------------------------------------------------------------------
[2022-12-07T13:29:25.133+0000] {taskinstance.py:1383} INFO - Executing <Task(PythonOperator): insert_data> on 2022-12-07 13:29:18.182798+00:00
[2022-12-07T13:29:25.138+0000] {standard_task_runner.py:55} INFO - Started process 2287 to run task
[2022-12-07T13:29:25.142+0000] {standard_task_runner.py:82} INFO - Running: ['***', 'tasks', 'run', 'dag', 'insert_data', 'manual__2022-12-07T13:29:18.182798+00:00', '--job-id', '1780', '--raw', '--subdir', 'DAGS_FOLDER/dag.py', '--cfg-path', '/tmp/tmpb49mwuxt']
[2022-12-07T13:29:25.143+0000] {standard_task_runner.py:83} INFO - Job 1780: Subtask insert_data
[2022-12-07T13:29:25.222+0000] {task_command.py:376} INFO - Running <TaskInstance: dag.insert_data manual__2022-12-07T13:29:18.182798+00:00 [running]> on host 6c11163b5e64
[2022-12-07T13:29:25.306+0000] {taskinstance.py:1592} INFO - Exporting the following env vars:
AIRFLOW_CTX_DAG_OWNER=lofitravel
AIRFLOW_CTX_DAG_ID=dag
AIRFLOW_CTX_TASK_ID=insert_data
AIRFLOW_CTX_EXECUTION_DATE=2022-12-07T13:29:18.182798+00:00
AIRFLOW_CTX_TRY_NUMBER=1
AIRFLOW_CTX_DAG_RUN_ID=manual__2022-12-07T13:29:18.182798+00:00
[2022-12-07T13:29:25.325+0000] {logging_mixin.py:137} INFO - var ['82adcbbbae7a13d16e0b68fa1f50c023', '***_user', '***_ps', '***_database']
[2022-12-07T13:29:25.332+0000] {logging_mixin.py:137} INFO - var ['82adcbbbae7a13d16e0b68fa1f50c023', '***_user', '***_ps', '***_database']
[2022-12-07T13:29:25.339+0000] {logging_mixin.py:137} INFO - var ['82adcbbbae7a13d16e0b68fa1f50c023', '***_user', '***_ps', '***_database']
[2022-12-07T13:29:25.348+0000] {logging_mixin.py:137} INFO - Postgresql connection created!
[2022-12-07T13:29:25.352+0000] {logging_mixin.py:137} INFO - Data successfully inserted!
[2022-12-07T13:29:25.353+0000] {python.py:177} INFO - Done. Returned value was: None
[2022-12-07T13:29:25.365+0000] {taskinstance.py:1406} INFO - Marking task as SUCCESS. dag_id=dag, task_id=insert_data, execution_date=20221207T132918, start_date=20221207T132925, end_date=20221207T132925
[2022-12-07T13:29:25.394+0000] {local_task_job.py:159} INFO - Task exited with return code 0
[2022-12-07T13:29:25.421+0000] {taskinstance.py:2623} INFO - 1 downstream tasks scheduled from follow-on schedule check
