[2022-12-07T19:23:18.970+0000] {taskinstance.py:1165} INFO - Dependencies all met for <TaskInstance: dag.encryption manual__2022-12-07T19:23:13.207851+00:00 [queued]>
[2022-12-07T19:23:19.083+0000] {taskinstance.py:1165} INFO - Dependencies all met for <TaskInstance: dag.encryption manual__2022-12-07T19:23:13.207851+00:00 [queued]>
[2022-12-07T19:23:19.114+0000] {taskinstance.py:1362} INFO - 
--------------------------------------------------------------------------------
[2022-12-07T19:23:19.146+0000] {taskinstance.py:1363} INFO - Starting attempt 1 of 1
[2022-12-07T19:23:19.154+0000] {taskinstance.py:1364} INFO - 
--------------------------------------------------------------------------------
[2022-12-07T19:23:19.357+0000] {taskinstance.py:1383} INFO - Executing <Task(PythonOperator): encryption> on 2022-12-07 19:23:13.207851+00:00
[2022-12-07T19:23:19.400+0000] {standard_task_runner.py:55} INFO - Started process 5848 to run task
[2022-12-07T19:23:19.423+0000] {standard_task_runner.py:82} INFO - Running: ['***', 'tasks', 'run', 'dag', 'encryption', 'manual__2022-12-07T19:23:13.207851+00:00', '--job-id', '1882', '--raw', '--subdir', 'DAGS_FOLDER/dag.py', '--cfg-path', '/tmp/tmp6wirzb8h']
[2022-12-07T19:23:19.455+0000] {standard_task_runner.py:83} INFO - Job 1882: Subtask encryption
[2022-12-07T19:23:20.272+0000] {task_command.py:376} INFO - Running <TaskInstance: dag.encryption manual__2022-12-07T19:23:13.207851+00:00 [running]> on host a9d6893ff63e
[2022-12-07T19:23:20.822+0000] {taskinstance.py:1592} INFO - Exporting the following env vars:
AIRFLOW_CTX_DAG_OWNER=lofitravel
AIRFLOW_CTX_DAG_ID=dag
AIRFLOW_CTX_TASK_ID=encryption
AIRFLOW_CTX_EXECUTION_DATE=2022-12-07T19:23:13.207851+00:00
AIRFLOW_CTX_TRY_NUMBER=1
AIRFLOW_CTX_DAG_RUN_ID=manual__2022-12-07T19:23:13.207851+00:00
[2022-12-07T19:23:20.856+0000] {logging_mixin.py:137} INFO - var ['82adcbbbae7a13d16e0b68fa1f50c023', '***_user', '***_ps', '***_database']
[2022-12-07T19:23:20.865+0000] {python.py:177} INFO - Done. Returned value was: ['82adcbbbae7a13d16e0b68fa1f50c023', '***_user', '***_ps', '***_database']
[2022-12-07T19:23:20.944+0000] {taskinstance.py:1406} INFO - Marking task as SUCCESS. dag_id=dag, task_id=encryption, execution_date=20221207T192313, start_date=20221207T192318, end_date=20221207T192320
[2022-12-07T19:23:21.068+0000] {local_task_job.py:159} INFO - Task exited with return code 0
[2022-12-07T19:23:21.202+0000] {taskinstance.py:2623} INFO - 1 downstream tasks scheduled from follow-on schedule check
