[2022-12-07T19:15:20.840+0000] {taskinstance.py:1165} INFO - Dependencies all met for <TaskInstance: dag.task_0_1 manual__2022-12-07T19:15:19.388146+00:00 [queued]>
[2022-12-07T19:15:20.859+0000] {taskinstance.py:1165} INFO - Dependencies all met for <TaskInstance: dag.task_0_1 manual__2022-12-07T19:15:19.388146+00:00 [queued]>
[2022-12-07T19:15:20.860+0000] {taskinstance.py:1362} INFO - 
--------------------------------------------------------------------------------
[2022-12-07T19:15:20.861+0000] {taskinstance.py:1363} INFO - Starting attempt 1 of 1
[2022-12-07T19:15:20.863+0000] {taskinstance.py:1364} INFO - 
--------------------------------------------------------------------------------
[2022-12-07T19:15:20.888+0000] {taskinstance.py:1383} INFO - Executing <Task(PythonOperator): task_0_1> on 2022-12-07 19:15:19.388146+00:00
[2022-12-07T19:15:20.894+0000] {standard_task_runner.py:55} INFO - Started process 5453 to run task
[2022-12-07T19:15:20.900+0000] {standard_task_runner.py:82} INFO - Running: ['***', 'tasks', 'run', 'dag', 'task_0_1', 'manual__2022-12-07T19:15:19.388146+00:00', '--job-id', '1860', '--raw', '--subdir', 'DAGS_FOLDER/dag.py', '--cfg-path', '/tmp/tmp23zjeh6l']
[2022-12-07T19:15:20.901+0000] {standard_task_runner.py:83} INFO - Job 1860: Subtask task_0_1
[2022-12-07T19:15:21.011+0000] {task_command.py:376} INFO - Running <TaskInstance: dag.task_0_1 manual__2022-12-07T19:15:19.388146+00:00 [running]> on host a9d6893ff63e
[2022-12-07T19:15:21.179+0000] {taskinstance.py:1592} INFO - Exporting the following env vars:
AIRFLOW_CTX_DAG_OWNER=lofitravel
AIRFLOW_CTX_DAG_ID=dag
AIRFLOW_CTX_TASK_ID=task_0_1
AIRFLOW_CTX_EXECUTION_DATE=2022-12-07T19:15:19.388146+00:00
AIRFLOW_CTX_TRY_NUMBER=1
AIRFLOW_CTX_DAG_RUN_ID=manual__2022-12-07T19:15:19.388146+00:00
[2022-12-07T19:15:25.147+0000] {logging_mixin.py:137} INFO - курс одного USD к RUB: 63.48500466
[2022-12-07T19:15:25.197+0000] {python.py:177} INFO - Done. Returned value was: None
[2022-12-07T19:15:25.234+0000] {taskinstance.py:1406} INFO - Marking task as SUCCESS. dag_id=dag, task_id=task_0_1, execution_date=20221207T191519, start_date=20221207T191520, end_date=20221207T191525
[2022-12-07T19:15:25.291+0000] {local_task_job.py:159} INFO - Task exited with return code 0
[2022-12-07T19:15:25.416+0000] {taskinstance.py:2623} INFO - 0 downstream tasks scheduled from follow-on schedule check
