[2022-12-06T19:18:44.308+0000] {taskinstance.py:1165} INFO - Dependencies all met for <TaskInstance: dag.task_0_0 manual__2022-12-06T19:18:41.224457+00:00 [queued]>
[2022-12-06T19:18:44.402+0000] {taskinstance.py:1165} INFO - Dependencies all met for <TaskInstance: dag.task_0_0 manual__2022-12-06T19:18:41.224457+00:00 [queued]>
[2022-12-06T19:18:44.403+0000] {taskinstance.py:1362} INFO - 
--------------------------------------------------------------------------------
[2022-12-06T19:18:44.407+0000] {taskinstance.py:1363} INFO - Starting attempt 1 of 1
[2022-12-06T19:18:44.411+0000] {taskinstance.py:1364} INFO - 
--------------------------------------------------------------------------------
[2022-12-06T19:18:44.472+0000] {taskinstance.py:1383} INFO - Executing <Task(PythonOperator): task_0_0> on 2022-12-06 19:18:41.224457+00:00
[2022-12-06T19:18:44.488+0000] {standard_task_runner.py:55} INFO - Started process 2753 to run task
[2022-12-06T19:18:44.501+0000] {standard_task_runner.py:82} INFO - Running: ['***', 'tasks', 'run', 'dag', 'task_0_0', 'manual__2022-12-06T19:18:41.224457+00:00', '--job-id', '1059', '--raw', '--subdir', 'DAGS_FOLDER/dag.py', '--cfg-path', '/tmp/tmpwu6gahvd']
[2022-12-06T19:18:44.504+0000] {standard_task_runner.py:83} INFO - Job 1059: Subtask task_0_0
[2022-12-06T19:18:44.941+0000] {task_command.py:376} INFO - Running <TaskInstance: dag.task_0_0 manual__2022-12-06T19:18:41.224457+00:00 [running]> on host f1257ac346c8
[2022-12-06T19:18:45.452+0000] {taskinstance.py:1592} INFO - Exporting the following env vars:
AIRFLOW_CTX_DAG_OWNER=lofitravel
AIRFLOW_CTX_DAG_ID=dag
AIRFLOW_CTX_TASK_ID=task_0_0
AIRFLOW_CTX_EXECUTION_DATE=2022-12-06T19:18:41.224457+00:00
AIRFLOW_CTX_TRY_NUMBER=1
AIRFLOW_CTX_DAG_RUN_ID=manual__2022-12-06T19:18:41.224457+00:00
[2022-12-06T19:18:47.932+0000] {logging_mixin.py:137} INFO - курс одного USD к EUR: 0.95566488
[2022-12-06T19:18:47.968+0000] {python.py:177} INFO - Done. Returned value was: None
[2022-12-06T19:18:47.995+0000] {taskinstance.py:1406} INFO - Marking task as SUCCESS. dag_id=dag, task_id=task_0_0, execution_date=20221206T191841, start_date=20221206T191844, end_date=20221206T191847
[2022-12-06T19:18:48.056+0000] {local_task_job.py:159} INFO - Task exited with return code 0
[2022-12-06T19:18:48.095+0000] {taskinstance.py:2623} INFO - 0 downstream tasks scheduled from follow-on schedule check
