[2022-12-06T22:00:56.490+0000] {taskinstance.py:1165} INFO - Dependencies all met for <TaskInstance: dag.task_0_1 manual__2022-12-06T22:00:55.271773+00:00 [queued]>
[2022-12-06T22:00:56.513+0000] {taskinstance.py:1165} INFO - Dependencies all met for <TaskInstance: dag.task_0_1 manual__2022-12-06T22:00:55.271773+00:00 [queued]>
[2022-12-06T22:00:56.513+0000] {taskinstance.py:1362} INFO - 
--------------------------------------------------------------------------------
[2022-12-06T22:00:56.514+0000] {taskinstance.py:1363} INFO - Starting attempt 1 of 1
[2022-12-06T22:00:56.514+0000] {taskinstance.py:1364} INFO - 
--------------------------------------------------------------------------------
[2022-12-06T22:00:56.539+0000] {taskinstance.py:1383} INFO - Executing <Task(PythonOperator): task_0_1> on 2022-12-06 22:00:55.271773+00:00
[2022-12-06T22:00:56.545+0000] {standard_task_runner.py:55} INFO - Started process 1511 to run task
[2022-12-06T22:00:56.550+0000] {standard_task_runner.py:82} INFO - Running: ['***', 'tasks', 'run', 'dag', 'task_0_1', 'manual__2022-12-06T22:00:55.271773+00:00', '--job-id', '1162', '--raw', '--subdir', 'DAGS_FOLDER/dag.py', '--cfg-path', '/tmp/tmprgzu2qnn']
[2022-12-06T22:00:56.551+0000] {standard_task_runner.py:83} INFO - Job 1162: Subtask task_0_1
[2022-12-06T22:00:56.638+0000] {task_command.py:376} INFO - Running <TaskInstance: dag.task_0_1 manual__2022-12-06T22:00:55.271773+00:00 [running]> on host 505aa50095aa
[2022-12-06T22:00:56.743+0000] {taskinstance.py:1592} INFO - Exporting the following env vars:
AIRFLOW_CTX_DAG_OWNER=lofitravel
AIRFLOW_CTX_DAG_ID=dag
AIRFLOW_CTX_TASK_ID=task_0_1
AIRFLOW_CTX_EXECUTION_DATE=2022-12-06T22:00:55.271773+00:00
AIRFLOW_CTX_TRY_NUMBER=1
AIRFLOW_CTX_DAG_RUN_ID=manual__2022-12-06T22:00:55.271773+00:00
[2022-12-06T22:00:57.362+0000] {logging_mixin.py:137} INFO - курс одного USD к RUB: 63.38530246
[2022-12-06T22:00:57.386+0000] {python.py:177} INFO - Done. Returned value was: None
[2022-12-06T22:00:57.404+0000] {taskinstance.py:1406} INFO - Marking task as SUCCESS. dag_id=dag, task_id=task_0_1, execution_date=20221206T220055, start_date=20221206T220056, end_date=20221206T220057
[2022-12-06T22:00:57.445+0000] {local_task_job.py:159} INFO - Task exited with return code 0
[2022-12-06T22:00:57.475+0000] {taskinstance.py:2623} INFO - 0 downstream tasks scheduled from follow-on schedule check
