[2022-12-06T20:09:43.772+0000] {taskinstance.py:1165} INFO - Dependencies all met for <TaskInstance: dag.pull_data manual__2022-12-06T20:09:35.860113+00:00 [queued]>
[2022-12-06T20:09:43.796+0000] {taskinstance.py:1165} INFO - Dependencies all met for <TaskInstance: dag.pull_data manual__2022-12-06T20:09:35.860113+00:00 [queued]>
[2022-12-06T20:09:43.797+0000] {taskinstance.py:1362} INFO - 
--------------------------------------------------------------------------------
[2022-12-06T20:09:43.798+0000] {taskinstance.py:1363} INFO - Starting attempt 1 of 1
[2022-12-06T20:09:43.799+0000] {taskinstance.py:1364} INFO - 
--------------------------------------------------------------------------------
[2022-12-06T20:09:43.833+0000] {taskinstance.py:1383} INFO - Executing <Task(PythonOperator): pull_data> on 2022-12-06 20:09:35.860113+00:00
[2022-12-06T20:09:43.841+0000] {standard_task_runner.py:55} INFO - Started process 960 to run task
[2022-12-06T20:09:43.847+0000] {standard_task_runner.py:82} INFO - Running: ['***', 'tasks', 'run', 'dag', 'pull_data', 'manual__2022-12-06T20:09:35.860113+00:00', '--job-id', '1076', '--raw', '--subdir', 'DAGS_FOLDER/dag.py', '--cfg-path', '/tmp/tmposxp_zyu']
[2022-12-06T20:09:43.848+0000] {standard_task_runner.py:83} INFO - Job 1076: Subtask pull_data
[2022-12-06T20:09:43.968+0000] {task_command.py:376} INFO - Running <TaskInstance: dag.pull_data manual__2022-12-06T20:09:35.860113+00:00 [running]> on host 74768727baca
[2022-12-06T20:09:44.124+0000] {taskinstance.py:1592} INFO - Exporting the following env vars:
AIRFLOW_CTX_DAG_OWNER=lofitravel
AIRFLOW_CTX_DAG_ID=dag
AIRFLOW_CTX_TASK_ID=pull_data
AIRFLOW_CTX_EXECUTION_DATE=2022-12-06T20:09:35.860113+00:00
AIRFLOW_CTX_TRY_NUMBER=1
AIRFLOW_CTX_DAG_RUN_ID=manual__2022-12-06T20:09:35.860113+00:00
[2022-12-06T20:09:44.148+0000] {logging_mixin.py:137} INFO - [0.95555388, 63.38409225, 66.3323057]
[2022-12-06T20:09:44.149+0000] {python.py:177} INFO - Done. Returned value was: None
[2022-12-06T20:09:44.172+0000] {taskinstance.py:1406} INFO - Marking task as SUCCESS. dag_id=dag, task_id=pull_data, execution_date=20221206T200935, start_date=20221206T200943, end_date=20221206T200944
[2022-12-06T20:09:44.220+0000] {local_task_job.py:159} INFO - Task exited with return code 0
[2022-12-06T20:09:44.257+0000] {taskinstance.py:2623} INFO - 0 downstream tasks scheduled from follow-on schedule check
