[2022-12-06T20:09:38.065+0000] {taskinstance.py:1165} INFO - Dependencies all met for <TaskInstance: dag.task_0_0 manual__2022-12-06T20:09:35.860113+00:00 [queued]>
[2022-12-06T20:09:38.087+0000] {taskinstance.py:1165} INFO - Dependencies all met for <TaskInstance: dag.task_0_0 manual__2022-12-06T20:09:35.860113+00:00 [queued]>
[2022-12-06T20:09:38.088+0000] {taskinstance.py:1362} INFO - 
--------------------------------------------------------------------------------
[2022-12-06T20:09:38.089+0000] {taskinstance.py:1363} INFO - Starting attempt 1 of 1
[2022-12-06T20:09:38.090+0000] {taskinstance.py:1364} INFO - 
--------------------------------------------------------------------------------
[2022-12-06T20:09:38.115+0000] {taskinstance.py:1383} INFO - Executing <Task(PythonOperator): task_0_0> on 2022-12-06 20:09:35.860113+00:00
[2022-12-06T20:09:38.122+0000] {standard_task_runner.py:55} INFO - Started process 955 to run task
[2022-12-06T20:09:38.134+0000] {standard_task_runner.py:82} INFO - Running: ['***', 'tasks', 'run', 'dag', 'task_0_0', 'manual__2022-12-06T20:09:35.860113+00:00', '--job-id', '1073', '--raw', '--subdir', 'DAGS_FOLDER/dag.py', '--cfg-path', '/tmp/tmp0_hegk32']
[2022-12-06T20:09:38.135+0000] {standard_task_runner.py:83} INFO - Job 1073: Subtask task_0_0
[2022-12-06T20:09:38.392+0000] {task_command.py:376} INFO - Running <TaskInstance: dag.task_0_0 manual__2022-12-06T20:09:35.860113+00:00 [running]> on host 74768727baca
[2022-12-06T20:09:38.745+0000] {taskinstance.py:1592} INFO - Exporting the following env vars:
AIRFLOW_CTX_DAG_OWNER=lofitravel
AIRFLOW_CTX_DAG_ID=dag
AIRFLOW_CTX_TASK_ID=task_0_0
AIRFLOW_CTX_EXECUTION_DATE=2022-12-06T20:09:35.860113+00:00
AIRFLOW_CTX_TRY_NUMBER=1
AIRFLOW_CTX_DAG_RUN_ID=manual__2022-12-06T20:09:35.860113+00:00
[2022-12-06T20:09:40.176+0000] {logging_mixin.py:137} INFO - курс одного USD к EUR: 0.95555388
[2022-12-06T20:09:40.199+0000] {python.py:177} INFO - Done. Returned value was: None
[2022-12-06T20:09:40.214+0000] {taskinstance.py:1406} INFO - Marking task as SUCCESS. dag_id=dag, task_id=task_0_0, execution_date=20221206T200935, start_date=20221206T200938, end_date=20221206T200940
[2022-12-06T20:09:40.279+0000] {local_task_job.py:159} INFO - Task exited with return code 0
[2022-12-06T20:09:40.317+0000] {taskinstance.py:2623} INFO - 0 downstream tasks scheduled from follow-on schedule check
