[2022-12-04T15:27:02.085+0000] {taskinstance.py:1165} INFO - Dependencies all met for <TaskInstance: dag.task_2 scheduled__2022-12-04T15:26:00+00:00 [queued]>
[2022-12-04T15:27:02.106+0000] {taskinstance.py:1165} INFO - Dependencies all met for <TaskInstance: dag.task_2 scheduled__2022-12-04T15:26:00+00:00 [queued]>
[2022-12-04T15:27:02.107+0000] {taskinstance.py:1362} INFO - 
--------------------------------------------------------------------------------
[2022-12-04T15:27:02.108+0000] {taskinstance.py:1363} INFO - Starting attempt 1 of 1
[2022-12-04T15:27:02.109+0000] {taskinstance.py:1364} INFO - 
--------------------------------------------------------------------------------
[2022-12-04T15:27:02.138+0000] {taskinstance.py:1383} INFO - Executing <Task(BashOperator): task_2> on 2022-12-04 15:26:00+00:00
[2022-12-04T15:27:02.146+0000] {standard_task_runner.py:55} INFO - Started process 8375 to run task
[2022-12-04T15:27:02.158+0000] {standard_task_runner.py:82} INFO - Running: ['***', 'tasks', 'run', 'dag', 'task_2', 'scheduled__2022-12-04T15:26:00+00:00', '--job-id', '545', '--raw', '--subdir', 'DAGS_FOLDER/dag.py', '--cfg-path', '/tmp/tmpfjgp4t9p']
[2022-12-04T15:27:02.159+0000] {standard_task_runner.py:83} INFO - Job 545: Subtask task_2
[2022-12-04T15:27:02.294+0000] {task_command.py:376} INFO - Running <TaskInstance: dag.task_2 scheduled__2022-12-04T15:26:00+00:00 [running]> on host 37018d05bc9d
[2022-12-04T15:27:02.564+0000] {taskinstance.py:1592} INFO - Exporting the following env vars:
AIRFLOW_CTX_DAG_OWNER=lofitravel
AIRFLOW_CTX_DAG_ID=dag
AIRFLOW_CTX_TASK_ID=task_2
AIRFLOW_CTX_EXECUTION_DATE=2022-12-04T15:26:00+00:00
AIRFLOW_CTX_TRY_NUMBER=1
AIRFLOW_CTX_DAG_RUN_ID=scheduled__2022-12-04T15:26:00+00:00
[2022-12-04T15:27:02.571+0000] {subprocess.py:63} INFO - Tmp dir root location: 
 /tmp
[2022-12-04T15:27:02.572+0000] {subprocess.py:75} INFO - Running command: ['/bin/bash', '-c', 'echo "Hello World from Task 2"']
[2022-12-04T15:27:02.594+0000] {subprocess.py:86} INFO - Output:
[2022-12-04T15:27:02.607+0000] {subprocess.py:93} INFO - Hello World from Task 2
[2022-12-04T15:27:02.608+0000] {subprocess.py:97} INFO - Command exited with return code 0
[2022-12-04T15:27:02.663+0000] {taskinstance.py:1406} INFO - Marking task as SUCCESS. dag_id=dag, task_id=task_2, execution_date=20221204T152600, start_date=20221204T152702, end_date=20221204T152702
[2022-12-04T15:27:02.734+0000] {local_task_job.py:159} INFO - Task exited with return code 0
[2022-12-04T15:27:02.782+0000] {taskinstance.py:2623} INFO - 0 downstream tasks scheduled from follow-on schedule check
