[2022-12-07T06:32:58.880+0000] {taskinstance.py:1165} INFO - Dependencies all met for <TaskInstance: dag.task_1_0 manual__2022-12-07T06:32:56.936724+00:00 [queued]>
[2022-12-07T06:32:58.897+0000] {taskinstance.py:1165} INFO - Dependencies all met for <TaskInstance: dag.task_1_0 manual__2022-12-07T06:32:56.936724+00:00 [queued]>
[2022-12-07T06:32:58.897+0000] {taskinstance.py:1362} INFO - 
--------------------------------------------------------------------------------
[2022-12-07T06:32:58.898+0000] {taskinstance.py:1363} INFO - Starting attempt 1 of 1
[2022-12-07T06:32:58.899+0000] {taskinstance.py:1364} INFO - 
--------------------------------------------------------------------------------
[2022-12-07T06:32:58.927+0000] {taskinstance.py:1383} INFO - Executing <Task(PythonOperator): task_1_0> on 2022-12-07 06:32:56.936724+00:00
[2022-12-07T06:32:58.936+0000] {standard_task_runner.py:55} INFO - Started process 25706 to run task
[2022-12-07T06:32:58.944+0000] {standard_task_runner.py:82} INFO - Running: ['***', 'tasks', 'run', 'dag', 'task_1_0', 'manual__2022-12-07T06:32:56.936724+00:00', '--job-id', '1340', '--raw', '--subdir', 'DAGS_FOLDER/dag.py', '--cfg-path', '/tmp/tmp75974djy']
[2022-12-07T06:32:58.944+0000] {standard_task_runner.py:83} INFO - Job 1340: Subtask task_1_0
[2022-12-07T06:32:59.076+0000] {task_command.py:376} INFO - Running <TaskInstance: dag.task_1_0 manual__2022-12-07T06:32:56.936724+00:00 [running]> on host 505aa50095aa
[2022-12-07T06:32:59.221+0000] {taskinstance.py:1592} INFO - Exporting the following env vars:
AIRFLOW_CTX_DAG_OWNER=lofitravel
AIRFLOW_CTX_DAG_ID=dag
AIRFLOW_CTX_TASK_ID=task_1_0
AIRFLOW_CTX_EXECUTION_DATE=2022-12-07T06:32:56.936724+00:00
AIRFLOW_CTX_TRY_NUMBER=1
AIRFLOW_CTX_DAG_RUN_ID=manual__2022-12-07T06:32:56.936724+00:00
[2022-12-07T06:33:00.150+0000] {logging_mixin.py:137} INFO - курс одного EUR к RUB: 66.05396727
[2022-12-07T06:33:00.169+0000] {python.py:177} INFO - Done. Returned value was: None
[2022-12-07T06:33:00.185+0000] {taskinstance.py:1406} INFO - Marking task as SUCCESS. dag_id=dag, task_id=task_1_0, execution_date=20221207T063256, start_date=20221207T063258, end_date=20221207T063300
[2022-12-07T06:33:00.241+0000] {local_task_job.py:159} INFO - Task exited with return code 0
[2022-12-07T06:33:00.275+0000] {taskinstance.py:2623} INFO - 1 downstream tasks scheduled from follow-on schedule check
