[2022-12-04T13:42:00.897+0000] {taskinstance.py:1165} INFO - Dependencies all met for <TaskInstance: dag.task_1 scheduled__2022-12-04T13:41:00+00:00 [queued]>
[2022-12-04T13:42:00.911+0000] {taskinstance.py:1165} INFO - Dependencies all met for <TaskInstance: dag.task_1 scheduled__2022-12-04T13:41:00+00:00 [queued]>
[2022-12-04T13:42:00.911+0000] {taskinstance.py:1362} INFO - 
--------------------------------------------------------------------------------
[2022-12-04T13:42:00.912+0000] {taskinstance.py:1363} INFO - Starting attempt 1 of 1
[2022-12-04T13:42:00.912+0000] {taskinstance.py:1364} INFO - 
--------------------------------------------------------------------------------
[2022-12-04T13:42:00.931+0000] {taskinstance.py:1383} INFO - Executing <Task(BashOperator): task_1> on 2022-12-04 13:41:00+00:00
[2022-12-04T13:42:00.935+0000] {standard_task_runner.py:55} INFO - Started process 2216 to run task
[2022-12-04T13:42:00.939+0000] {standard_task_runner.py:82} INFO - Running: ['***', 'tasks', 'run', 'dag', 'task_1', 'scheduled__2022-12-04T13:41:00+00:00', '--job-id', '123', '--raw', '--subdir', 'DAGS_FOLDER/dag.py', '--cfg-path', '/tmp/tmp4ss_kyac']
[2022-12-04T13:42:00.939+0000] {standard_task_runner.py:83} INFO - Job 123: Subtask task_1
[2022-12-04T13:42:01.012+0000] {task_command.py:376} INFO - Running <TaskInstance: dag.task_1 scheduled__2022-12-04T13:41:00+00:00 [running]> on host 37018d05bc9d
[2022-12-04T13:42:01.090+0000] {taskinstance.py:1592} INFO - Exporting the following env vars:
AIRFLOW_CTX_DAG_OWNER=lofitravel
AIRFLOW_CTX_DAG_ID=dag
AIRFLOW_CTX_TASK_ID=task_1
AIRFLOW_CTX_EXECUTION_DATE=2022-12-04T13:41:00+00:00
AIRFLOW_CTX_TRY_NUMBER=1
AIRFLOW_CTX_DAG_RUN_ID=scheduled__2022-12-04T13:41:00+00:00
[2022-12-04T13:42:01.091+0000] {subprocess.py:63} INFO - Tmp dir root location: 
 /tmp
[2022-12-04T13:42:01.093+0000] {subprocess.py:75} INFO - Running command: ['/bin/bash', '-c', 'echo "Hello World from Task 1"']
[2022-12-04T13:42:01.102+0000] {subprocess.py:86} INFO - Output:
[2022-12-04T13:42:01.103+0000] {subprocess.py:93} INFO - Hello World from Task 1
[2022-12-04T13:42:01.104+0000] {subprocess.py:97} INFO - Command exited with return code 0
[2022-12-04T13:42:01.130+0000] {taskinstance.py:1406} INFO - Marking task as SUCCESS. dag_id=dag, task_id=task_1, execution_date=20221204T134100, start_date=20221204T134200, end_date=20221204T134201
[2022-12-04T13:42:01.151+0000] {local_task_job.py:159} INFO - Task exited with return code 0
[2022-12-04T13:42:01.182+0000] {taskinstance.py:2623} INFO - 2 downstream tasks scheduled from follow-on schedule check
