[2022-12-07T10:34:55.699+0000] {taskinstance.py:1165} INFO - Dependencies all met for <TaskInstance: dag.task_0_0 manual__2022-12-07T10:34:53.650740+00:00 [queued]>
[2022-12-07T10:34:55.722+0000] {taskinstance.py:1165} INFO - Dependencies all met for <TaskInstance: dag.task_0_0 manual__2022-12-07T10:34:53.650740+00:00 [queued]>
[2022-12-07T10:34:55.722+0000] {taskinstance.py:1362} INFO - 
--------------------------------------------------------------------------------
[2022-12-07T10:34:55.723+0000] {taskinstance.py:1363} INFO - Starting attempt 1 of 1
[2022-12-07T10:34:55.724+0000] {taskinstance.py:1364} INFO - 
--------------------------------------------------------------------------------
[2022-12-07T10:34:55.763+0000] {taskinstance.py:1383} INFO - Executing <Task(PythonOperator): task_0_0> on 2022-12-07 10:34:53.650740+00:00
[2022-12-07T10:34:55.770+0000] {standard_task_runner.py:55} INFO - Started process 780 to run task
[2022-12-07T10:34:55.776+0000] {standard_task_runner.py:82} INFO - Running: ['***', 'tasks', 'run', 'dag', 'task_0_0', 'manual__2022-12-07T10:34:53.650740+00:00', '--job-id', '1630', '--raw', '--subdir', 'DAGS_FOLDER/dag.py', '--cfg-path', '/tmp/tmp7g7md_o0']
[2022-12-07T10:34:55.777+0000] {standard_task_runner.py:83} INFO - Job 1630: Subtask task_0_0
[2022-12-07T10:34:55.905+0000] {task_command.py:376} INFO - Running <TaskInstance: dag.task_0_0 manual__2022-12-07T10:34:53.650740+00:00 [running]> on host ede3719a0239
[2022-12-07T10:34:56.162+0000] {taskinstance.py:1592} INFO - Exporting the following env vars:
AIRFLOW_CTX_DAG_OWNER=lofitravel
AIRFLOW_CTX_DAG_ID=dag
AIRFLOW_CTX_TASK_ID=task_0_0
AIRFLOW_CTX_EXECUTION_DATE=2022-12-07T10:34:53.650740+00:00
AIRFLOW_CTX_TRY_NUMBER=1
AIRFLOW_CTX_DAG_RUN_ID=manual__2022-12-07T10:34:53.650740+00:00
[2022-12-07T10:34:57.123+0000] {logging_mixin.py:137} INFO - курс одного USD к EUR: 0.95338988
[2022-12-07T10:34:57.175+0000] {python.py:177} INFO - Done. Returned value was: None
[2022-12-07T10:34:57.211+0000] {taskinstance.py:1406} INFO - Marking task as SUCCESS. dag_id=dag, task_id=task_0_0, execution_date=20221207T103453, start_date=20221207T103455, end_date=20221207T103457
[2022-12-07T10:34:57.286+0000] {local_task_job.py:159} INFO - Task exited with return code 0
[2022-12-07T10:34:57.336+0000] {taskinstance.py:2623} INFO - 0 downstream tasks scheduled from follow-on schedule check
