[2022-12-04T14:44:02.210+0000] {taskinstance.py:1165} INFO - Dependencies all met for <TaskInstance: dag.task_2 scheduled__2022-12-04T14:43:00+00:00 [queued]>
[2022-12-04T14:44:02.229+0000] {taskinstance.py:1165} INFO - Dependencies all met for <TaskInstance: dag.task_2 scheduled__2022-12-04T14:43:00+00:00 [queued]>
[2022-12-04T14:44:02.230+0000] {taskinstance.py:1362} INFO - 
--------------------------------------------------------------------------------
[2022-12-04T14:44:02.230+0000] {taskinstance.py:1363} INFO - Starting attempt 1 of 1
[2022-12-04T14:44:02.231+0000] {taskinstance.py:1364} INFO - 
--------------------------------------------------------------------------------
[2022-12-04T14:44:02.261+0000] {taskinstance.py:1383} INFO - Executing <Task(BashOperator): task_2> on 2022-12-04 14:43:00+00:00
[2022-12-04T14:44:02.268+0000] {standard_task_runner.py:55} INFO - Started process 5852 to run task
[2022-12-04T14:44:02.274+0000] {standard_task_runner.py:82} INFO - Running: ['***', 'tasks', 'run', 'dag', 'task_2', 'scheduled__2022-12-04T14:43:00+00:00', '--job-id', '373', '--raw', '--subdir', 'DAGS_FOLDER/dag.py', '--cfg-path', '/tmp/tmpdki7cbnu']
[2022-12-04T14:44:02.275+0000] {standard_task_runner.py:83} INFO - Job 373: Subtask task_2
[2022-12-04T14:44:02.380+0000] {task_command.py:376} INFO - Running <TaskInstance: dag.task_2 scheduled__2022-12-04T14:43:00+00:00 [running]> on host 37018d05bc9d
[2022-12-04T14:44:02.477+0000] {taskinstance.py:1592} INFO - Exporting the following env vars:
AIRFLOW_CTX_DAG_OWNER=lofitravel
AIRFLOW_CTX_DAG_ID=dag
AIRFLOW_CTX_TASK_ID=task_2
AIRFLOW_CTX_EXECUTION_DATE=2022-12-04T14:43:00+00:00
AIRFLOW_CTX_TRY_NUMBER=1
AIRFLOW_CTX_DAG_RUN_ID=scheduled__2022-12-04T14:43:00+00:00
[2022-12-04T14:44:02.478+0000] {subprocess.py:63} INFO - Tmp dir root location: 
 /tmp
[2022-12-04T14:44:02.479+0000] {subprocess.py:75} INFO - Running command: ['/bin/bash', '-c', 'echo "Hello World from Task 2"']
[2022-12-04T14:44:02.492+0000] {subprocess.py:86} INFO - Output:
[2022-12-04T14:44:02.494+0000] {subprocess.py:93} INFO - Hello World from Task 2
[2022-12-04T14:44:02.495+0000] {subprocess.py:97} INFO - Command exited with return code 0
[2022-12-04T14:44:02.539+0000] {taskinstance.py:1406} INFO - Marking task as SUCCESS. dag_id=dag, task_id=task_2, execution_date=20221204T144300, start_date=20221204T144402, end_date=20221204T144402
[2022-12-04T14:44:02.568+0000] {local_task_job.py:159} INFO - Task exited with return code 0
[2022-12-04T14:44:02.595+0000] {taskinstance.py:2623} INFO - 1 downstream tasks scheduled from follow-on schedule check
