[2022-12-07T23:54:12.151+0000] {taskinstance.py:1165} INFO - Dependencies all met for <TaskInstance: dag.materialized_view manual__2022-12-07T23:53:59.845330+00:00 [queued]>
[2022-12-07T23:54:12.174+0000] {taskinstance.py:1165} INFO - Dependencies all met for <TaskInstance: dag.materialized_view manual__2022-12-07T23:53:59.845330+00:00 [queued]>
[2022-12-07T23:54:12.175+0000] {taskinstance.py:1362} INFO - 
--------------------------------------------------------------------------------
[2022-12-07T23:54:12.176+0000] {taskinstance.py:1363} INFO - Starting attempt 1 of 1
[2022-12-07T23:54:12.176+0000] {taskinstance.py:1364} INFO - 
--------------------------------------------------------------------------------
[2022-12-07T23:54:12.204+0000] {taskinstance.py:1383} INFO - Executing <Task(PythonOperator): materialized_view> on 2022-12-07 23:53:59.845330+00:00
[2022-12-07T23:54:12.241+0000] {standard_task_runner.py:55} INFO - Started process 506 to run task
[2022-12-07T23:54:12.246+0000] {standard_task_runner.py:82} INFO - Running: ['***', 'tasks', 'run', 'dag', 'materialized_view', 'manual__2022-12-07T23:53:59.845330+00:00', '--job-id', '26', '--raw', '--subdir', 'DAGS_FOLDER/dag.py', '--cfg-path', '/tmp/tmph4c9pa1_']
[2022-12-07T23:54:12.247+0000] {standard_task_runner.py:83} INFO - Job 26: Subtask materialized_view
[2022-12-07T23:54:12.365+0000] {task_command.py:376} INFO - Running <TaskInstance: dag.materialized_view manual__2022-12-07T23:53:59.845330+00:00 [running]> on host 564356c68f54
[2022-12-07T23:54:12.520+0000] {taskinstance.py:1592} INFO - Exporting the following env vars:
AIRFLOW_CTX_DAG_OWNER=lofitravel
AIRFLOW_CTX_DAG_ID=dag
AIRFLOW_CTX_TASK_ID=materialized_view
AIRFLOW_CTX_EXECUTION_DATE=2022-12-07T23:53:59.845330+00:00
AIRFLOW_CTX_TRY_NUMBER=1
AIRFLOW_CTX_DAG_RUN_ID=manual__2022-12-07T23:53:59.845330+00:00
[2022-12-07T23:54:12.533+0000] {logging_mixin.py:137} INFO - var ['82adcbbbae7a13d16e0b68fa1f50c023', '***_user', '***_ps', '***_database']
[2022-12-07T23:54:12.545+0000] {logging_mixin.py:137} INFO - var ['82adcbbbae7a13d16e0b68fa1f50c023', '***_user', '***_ps', '***_database']
[2022-12-07T23:54:12.556+0000] {logging_mixin.py:137} INFO - var ['82adcbbbae7a13d16e0b68fa1f50c023', '***_user', '***_ps', '***_database']
[2022-12-07T23:54:12.570+0000] {logging_mixin.py:137} INFO - Postgresql connection created!
[2022-12-07T23:54:12.575+0000] {logging_mixin.py:137} INFO - Data successfully inserted!
[2022-12-07T23:54:12.576+0000] {python.py:177} INFO - Done. Returned value was: None
[2022-12-07T23:54:12.596+0000] {taskinstance.py:1406} INFO - Marking task as SUCCESS. dag_id=dag, task_id=materialized_view, execution_date=20221207T235359, start_date=20221207T235412, end_date=20221207T235412
[2022-12-07T23:54:12.659+0000] {local_task_job.py:159} INFO - Task exited with return code 0
[2022-12-07T23:54:12.723+0000] {taskinstance.py:2623} INFO - 1 downstream tasks scheduled from follow-on schedule check
